[2025-01-28T04:20:13.977+0000] {local_task_job_runner.py:123} INFO - ::group::Pre task execution logs
[2025-01-28T04:20:14.053+0000] {taskinstance.py:2613} INFO - Dependencies all met for dep_context=non-requeueable deps ti=<TaskInstance: demo.hello scheduled__2022-01-10T00:00:00+00:00 [queued]>
[2025-01-28T04:20:14.074+0000] {taskinstance.py:2613} INFO - Dependencies all met for dep_context=requeueable deps ti=<TaskInstance: demo.hello scheduled__2022-01-10T00:00:00+00:00 [queued]>
[2025-01-28T04:20:14.076+0000] {taskinstance.py:2866} INFO - Starting attempt 1 of 1
[2025-01-28T04:20:14.156+0000] {taskinstance.py:2889} INFO - Executing <Task(BashOperator): hello> on 2022-01-10 00:00:00+00:00
[2025-01-28T04:20:14.199+0000] {warnings.py:112} WARNING - /home/***/.local/lib/python3.12/site-packages/***/task/task_runner/standard_task_runner.py:70: DeprecationWarning: This process (pid=341) is multi-threaded, use of fork() may lead to deadlocks in the child.
  pid = os.fork()

[2025-01-28T04:20:14.203+0000] {standard_task_runner.py:72} INFO - Started process 364 to run task
[2025-01-28T04:20:14.208+0000] {standard_task_runner.py:104} INFO - Running: ['***', 'tasks', 'run', 'demo', 'hello', 'scheduled__2022-01-10T00:00:00+00:00', '--job-id', '8', '--raw', '--subdir', 'DAGS_FOLDER/documentation_dag.py', '--cfg-path', '/tmp/tmpelbkcy4j']
[2025-01-28T04:20:14.210+0000] {standard_task_runner.py:105} INFO - Job 8: Subtask hello
[2025-01-28T04:20:15.467+0000] {task_command.py:467} INFO - Running <TaskInstance: demo.hello scheduled__2022-01-10T00:00:00+00:00 [running]> on host a845ebe66097
[2025-01-28T04:20:15.778+0000] {taskinstance.py:3132} INFO - Exporting env vars: AIRFLOW_CTX_DAG_OWNER='***' AIRFLOW_CTX_DAG_ID='demo' AIRFLOW_CTX_TASK_ID='hello' AIRFLOW_CTX_EXECUTION_DATE='2022-01-10T00:00:00+00:00' AIRFLOW_CTX_TRY_NUMBER='1' AIRFLOW_CTX_DAG_RUN_ID='scheduled__2022-01-10T00:00:00+00:00'
[2025-01-28T04:20:15.780+0000] {logging_mixin.py:190} INFO - Task instance is in running state
[2025-01-28T04:20:15.780+0000] {logging_mixin.py:190} INFO -  Previous state of the Task instance: queued
[2025-01-28T04:20:15.781+0000] {logging_mixin.py:190} INFO - Current task name:hello state:running start_date:2025-01-28 04:20:14.053644+00:00
[2025-01-28T04:20:15.781+0000] {logging_mixin.py:190} INFO - Dag name:demo and current dag run status:running
[2025-01-28T04:20:15.783+0000] {taskinstance.py:731} INFO - ::endgroup::
[2025-01-28T04:20:15.788+0000] {subprocess.py:78} INFO - Tmp dir root location: /tmp
[2025-01-28T04:20:15.790+0000] {subprocess.py:88} INFO - Running command: ['/usr/bin/bash', '-c', 'echo hello']
[2025-01-28T04:20:15.907+0000] {subprocess.py:99} INFO - Output:
[2025-01-28T04:20:15.979+0000] {subprocess.py:106} INFO - hello
[2025-01-28T04:20:15.983+0000] {subprocess.py:110} INFO - Command exited with return code 0
[2025-01-28T04:20:16.224+0000] {taskinstance.py:340} INFO - ::group::Post task execution logs
[2025-01-28T04:20:16.225+0000] {taskinstance.py:352} INFO - Marking task as SUCCESS. dag_id=demo, task_id=hello, run_id=scheduled__2022-01-10T00:00:00+00:00, execution_date=20220110T000000, start_date=20250128T042014, end_date=20250128T042016
[2025-01-28T04:20:16.304+0000] {logging_mixin.py:190} INFO - Task instance in success state
[2025-01-28T04:20:16.305+0000] {logging_mixin.py:190} INFO -  Previous state of the Task instance: running
[2025-01-28T04:20:16.305+0000] {logging_mixin.py:190} INFO - Dag name:demo queued_at:2025-01-28 04:20:06.943704+00:00
[2025-01-28T04:20:16.305+0000] {logging_mixin.py:190} INFO - Task hostname:a845ebe66097 operator:BashOperator
[2025-01-28T04:20:16.444+0000] {local_task_job_runner.py:266} INFO - Task exited with return code 0
[2025-01-28T04:20:16.553+0000] {local_task_job_runner.py:245} INFO - ::endgroup::
