[2025-02-12T05:05:36.694+0000] {local_task_job_runner.py:123} INFO - ::group::Pre task execution logs
[2025-02-12T05:05:36.735+0000] {taskinstance.py:2613} INFO - Dependencies all met for dep_context=non-requeueable deps ti=<TaskInstance: example_dag.python_greet scheduled__2025-01-28T12:00:00+00:00 [queued]>
[2025-02-12T05:05:36.758+0000] {taskinstance.py:2613} INFO - Dependencies all met for dep_context=requeueable deps ti=<TaskInstance: example_dag.python_greet scheduled__2025-01-28T12:00:00+00:00 [queued]>
[2025-02-12T05:05:36.759+0000] {taskinstance.py:2866} INFO - Starting attempt 1 of 3
[2025-02-12T05:05:36.784+0000] {taskinstance.py:2889} INFO - Executing <Task(PythonOperator): python_greet> on 2025-01-28 12:00:00+00:00
[2025-02-12T05:05:36.805+0000] {warnings.py:112} WARNING - /home/***/.local/lib/python3.12/site-packages/***/task/task_runner/standard_task_runner.py:70: DeprecationWarning: This process (pid=82) is multi-threaded, use of fork() may lead to deadlocks in the child.
  pid = os.fork()

[2025-02-12T05:05:36.807+0000] {standard_task_runner.py:72} INFO - Started process 85 to run task
[2025-02-12T05:05:36.808+0000] {standard_task_runner.py:104} INFO - Running: ['***', 'tasks', 'run', 'example_dag', 'python_greet', 'scheduled__2025-01-28T12:00:00+00:00', '--job-id', '110', '--raw', '--subdir', 'DAGS_FOLDER/sample2_dag.py', '--cfg-path', '/tmp/tmphimtm361']
[2025-02-12T05:05:36.809+0000] {standard_task_runner.py:105} INFO - Job 110: Subtask python_greet
[2025-02-12T05:05:37.313+0000] {task_command.py:467} INFO - Running <TaskInstance: example_dag.python_greet scheduled__2025-01-28T12:00:00+00:00 [running]> on host 3b1fc8480f51
[2025-02-12T05:05:37.444+0000] {taskinstance.py:3132} INFO - Exporting env vars: AIRFLOW_CTX_DAG_OWNER='***' AIRFLOW_CTX_DAG_ID='example_dag' AIRFLOW_CTX_TASK_ID='python_greet' AIRFLOW_CTX_EXECUTION_DATE='2025-01-28T12:00:00+00:00' AIRFLOW_CTX_TRY_NUMBER='1' AIRFLOW_CTX_DAG_RUN_ID='scheduled__2025-01-28T12:00:00+00:00'
[2025-02-12T05:05:37.445+0000] {logging_mixin.py:190} INFO - Task instance is in running state
[2025-02-12T05:05:37.446+0000] {logging_mixin.py:190} INFO -  Previous state of the Task instance: queued
[2025-02-12T05:05:37.446+0000] {logging_mixin.py:190} INFO - Current task name:python_greet state:running start_date:2025-02-12 05:05:36.737079+00:00
[2025-02-12T05:05:37.446+0000] {logging_mixin.py:190} INFO - Dag name:example_dag and current dag run status:running
[2025-02-12T05:05:37.447+0000] {taskinstance.py:731} INFO - ::endgroup::
[2025-02-12T05:05:37.447+0000] {logging_mixin.py:190} INFO - Welcome to Apache Airflow!
[2025-02-12T05:05:37.448+0000] {python.py:240} INFO - Done. Returned value was: None
[2025-02-12T05:05:37.465+0000] {taskinstance.py:340} INFO - ::group::Post task execution logs
[2025-02-12T05:05:37.466+0000] {taskinstance.py:352} INFO - Marking task as SUCCESS. dag_id=example_dag, task_id=python_greet, run_id=scheduled__2025-01-28T12:00:00+00:00, execution_date=20250128T120000, start_date=20250212T050536, end_date=20250212T050537
[2025-02-12T05:05:37.481+0000] {logging_mixin.py:190} INFO - Task instance in success state
[2025-02-12T05:05:37.482+0000] {logging_mixin.py:190} INFO -  Previous state of the Task instance: running
[2025-02-12T05:05:37.482+0000] {logging_mixin.py:190} INFO - Dag name:example_dag queued_at:2025-02-12 05:05:22.315043+00:00
[2025-02-12T05:05:37.482+0000] {logging_mixin.py:190} INFO - Task hostname:3b1fc8480f51 operator:PythonOperator
[2025-02-12T05:05:37.545+0000] {local_task_job_runner.py:266} INFO - Task exited with return code 0
[2025-02-12T05:05:38.021+0000] {taskinstance.py:3895} INFO - 0 downstream tasks scheduled from follow-on schedule check
[2025-02-12T05:05:38.024+0000] {local_task_job_runner.py:245} INFO - ::endgroup::
