[2025-01-28T04:23:44.683+0000] {local_task_job_runner.py:123} INFO - ::group::Pre task execution logs
[2025-01-28T04:23:44.895+0000] {taskinstance.py:2613} INFO - Dependencies all met for dep_context=non-requeueable deps ti=<TaskInstance: demo.airflow scheduled__2022-01-23T00:00:00+00:00 [queued]>
[2025-01-28T04:23:45.076+0000] {taskinstance.py:2613} INFO - Dependencies all met for dep_context=requeueable deps ti=<TaskInstance: demo.airflow scheduled__2022-01-23T00:00:00+00:00 [queued]>
[2025-01-28T04:23:45.077+0000] {taskinstance.py:2866} INFO - Starting attempt 1 of 1
[2025-01-28T04:23:45.197+0000] {taskinstance.py:2889} INFO - Executing <Task(_PythonDecoratedOperator): airflow> on 2022-01-23 00:00:00+00:00
[2025-01-28T04:23:45.336+0000] {standard_task_runner.py:104} INFO - Running: ['***', 'tasks', 'run', 'demo', '***', 'scheduled__2022-01-23T00:00:00+00:00', '--job-id', '61', '--raw', '--subdir', 'DAGS_FOLDER/documentation_dag.py', '--cfg-path', '/tmp/tmpivzje1j5']
[2025-01-28T04:23:45.332+0000] {warnings.py:112} WARNING - /home/***/.local/lib/python3.12/site-packages/***/task/task_runner/standard_task_runner.py:70: DeprecationWarning: This process (pid=146) is multi-threaded, use of fork() may lead to deadlocks in the child.
  pid = os.fork()

[2025-01-28T04:23:45.338+0000] {standard_task_runner.py:105} INFO - Job 61: Subtask ***
[2025-01-28T04:23:45.338+0000] {standard_task_runner.py:72} INFO - Started process 175 to run task
[2025-01-28T04:23:47.582+0000] {task_command.py:467} INFO - Running <TaskInstance: demo.airflow scheduled__2022-01-23T00:00:00+00:00 [running]> on host a845ebe66097
[2025-01-28T04:23:48.239+0000] {taskinstance.py:3132} INFO - Exporting env vars: AIRFLOW_CTX_DAG_OWNER='***' AIRFLOW_CTX_DAG_ID='demo' AIRFLOW_CTX_TASK_ID='***' AIRFLOW_CTX_EXECUTION_DATE='2022-01-23T00:00:00+00:00' AIRFLOW_CTX_TRY_NUMBER='1' AIRFLOW_CTX_DAG_RUN_ID='scheduled__2022-01-23T00:00:00+00:00'
[2025-01-28T04:23:48.253+0000] {logging_mixin.py:190} INFO - Task instance is in running state
[2025-01-28T04:23:48.254+0000] {logging_mixin.py:190} INFO -  Previous state of the Task instance: queued
[2025-01-28T04:23:48.254+0000] {logging_mixin.py:190} INFO - Current task name:*** state:running start_date:2025-01-28 04:23:44.902978+00:00
[2025-01-28T04:23:48.255+0000] {logging_mixin.py:190} INFO - Dag name:demo and current dag run status:running
[2025-01-28T04:23:48.255+0000] {taskinstance.py:731} INFO - ::endgroup::
[2025-01-28T04:23:48.256+0000] {logging_mixin.py:190} INFO - ***
[2025-01-28T04:23:48.269+0000] {python.py:240} INFO - Done. Returned value was: None
[2025-01-28T04:23:48.323+0000] {taskinstance.py:340} INFO - ::group::Post task execution logs
[2025-01-28T04:23:48.324+0000] {taskinstance.py:352} INFO - Marking task as SUCCESS. dag_id=demo, task_id=***, run_id=scheduled__2022-01-23T00:00:00+00:00, execution_date=20220123T000000, start_date=20250128T042344, end_date=20250128T042348
[2025-01-28T04:23:48.372+0000] {logging_mixin.py:190} INFO - Task instance in success state
[2025-01-28T04:23:48.389+0000] {logging_mixin.py:190} INFO -  Previous state of the Task instance: running
[2025-01-28T04:23:48.390+0000] {logging_mixin.py:190} INFO - Dag name:demo queued_at:2025-01-28 04:23:12.439067+00:00
[2025-01-28T04:23:48.390+0000] {logging_mixin.py:190} INFO - Task hostname:a845ebe66097 operator:_PythonDecoratedOperator
[2025-01-28T04:23:48.491+0000] {local_task_job_runner.py:266} INFO - Task exited with return code 0
[2025-01-28T04:23:49.167+0000] {taskinstance.py:3895} INFO - 0 downstream tasks scheduled from follow-on schedule check
[2025-01-28T04:23:49.171+0000] {local_task_job_runner.py:245} INFO - ::endgroup::
