[2025-01-28T04:24:01.229+0000] {local_task_job_runner.py:123} INFO - ::group::Pre task execution logs
[2025-01-28T04:24:01.273+0000] {taskinstance.py:2613} INFO - Dependencies all met for dep_context=non-requeueable deps ti=<TaskInstance: demo.hello scheduled__2022-02-06T00:00:00+00:00 [queued]>
[2025-01-28T04:24:01.299+0000] {taskinstance.py:2613} INFO - Dependencies all met for dep_context=requeueable deps ti=<TaskInstance: demo.hello scheduled__2022-02-06T00:00:00+00:00 [queued]>
[2025-01-28T04:24:01.300+0000] {taskinstance.py:2866} INFO - Starting attempt 1 of 1
[2025-01-28T04:24:01.342+0000] {taskinstance.py:2889} INFO - Executing <Task(BashOperator): hello> on 2022-02-06 00:00:00+00:00
[2025-01-28T04:24:01.430+0000] {warnings.py:112} WARNING - /home/***/.local/lib/python3.12/site-packages/***/task/task_runner/standard_task_runner.py:70: DeprecationWarning: This process (pid=211) is multi-threaded, use of fork() may lead to deadlocks in the child.
  pid = os.fork()

[2025-01-28T04:24:01.433+0000] {standard_task_runner.py:72} INFO - Started process 242 to run task
[2025-01-28T04:24:01.444+0000] {standard_task_runner.py:104} INFO - Running: ['***', 'tasks', 'run', 'demo', 'hello', 'scheduled__2022-02-06T00:00:00+00:00', '--job-id', '75', '--raw', '--subdir', 'DAGS_FOLDER/documentation_dag.py', '--cfg-path', '/tmp/tmp3clnnnbt']
[2025-01-28T04:24:01.448+0000] {standard_task_runner.py:105} INFO - Job 75: Subtask hello
[2025-01-28T04:24:02.404+0000] {task_command.py:467} INFO - Running <TaskInstance: demo.hello scheduled__2022-02-06T00:00:00+00:00 [running]> on host a845ebe66097
[2025-01-28T04:24:02.621+0000] {taskinstance.py:3132} INFO - Exporting env vars: AIRFLOW_CTX_DAG_OWNER='***' AIRFLOW_CTX_DAG_ID='demo' AIRFLOW_CTX_TASK_ID='hello' AIRFLOW_CTX_EXECUTION_DATE='2022-02-06T00:00:00+00:00' AIRFLOW_CTX_TRY_NUMBER='1' AIRFLOW_CTX_DAG_RUN_ID='scheduled__2022-02-06T00:00:00+00:00'
[2025-01-28T04:24:02.622+0000] {logging_mixin.py:190} INFO - Task instance is in running state
[2025-01-28T04:24:02.623+0000] {logging_mixin.py:190} INFO -  Previous state of the Task instance: queued
[2025-01-28T04:24:02.623+0000] {logging_mixin.py:190} INFO - Current task name:hello state:running start_date:2025-01-28 04:24:01.273685+00:00
[2025-01-28T04:24:02.623+0000] {logging_mixin.py:190} INFO - Dag name:demo and current dag run status:running
[2025-01-28T04:24:02.623+0000] {taskinstance.py:731} INFO - ::endgroup::
[2025-01-28T04:24:02.629+0000] {subprocess.py:78} INFO - Tmp dir root location: /tmp
[2025-01-28T04:24:02.631+0000] {subprocess.py:88} INFO - Running command: ['/usr/bin/bash', '-c', 'echo hello']
[2025-01-28T04:24:02.715+0000] {subprocess.py:99} INFO - Output:
[2025-01-28T04:24:02.726+0000] {subprocess.py:106} INFO - hello
[2025-01-28T04:24:02.727+0000] {subprocess.py:110} INFO - Command exited with return code 0
[2025-01-28T04:24:02.814+0000] {taskinstance.py:340} INFO - ::group::Post task execution logs
[2025-01-28T04:24:02.816+0000] {taskinstance.py:352} INFO - Marking task as SUCCESS. dag_id=demo, task_id=hello, run_id=scheduled__2022-02-06T00:00:00+00:00, execution_date=20220206T000000, start_date=20250128T042401, end_date=20250128T042402
[2025-01-28T04:24:02.840+0000] {logging_mixin.py:190} INFO - Task instance in success state
[2025-01-28T04:24:02.841+0000] {logging_mixin.py:190} INFO -  Previous state of the Task instance: running
[2025-01-28T04:24:02.841+0000] {logging_mixin.py:190} INFO - Dag name:demo queued_at:2025-01-28 04:23:54.761697+00:00
[2025-01-28T04:24:02.841+0000] {logging_mixin.py:190} INFO - Task hostname:a845ebe66097 operator:BashOperator
[2025-01-28T04:24:02.934+0000] {local_task_job_runner.py:266} INFO - Task exited with return code 0
[2025-01-28T04:24:03.535+0000] {local_task_job_runner.py:245} INFO - ::endgroup::
