[2025-02-13T04:15:27.924+0000] {processor.py:186} INFO - Started process (PID=79) to work on /opt/airflow/dags/sample2_dag.py
[2025-02-13T04:15:27.925+0000] {processor.py:914} INFO - Processing file /opt/airflow/dags/sample2_dag.py for tasks to queue
[2025-02-13T04:15:27.928+0000] {logging_mixin.py:190} INFO - [2025-02-13T04:15:27.928+0000] {dagbag.py:588} INFO - Filling up the DagBag from /opt/airflow/dags/sample2_dag.py
[2025-02-13T04:15:27.942+0000] {processor.py:925} INFO - DAG(s) 'example_dag' retrieved from /opt/airflow/dags/sample2_dag.py
[2025-02-13T04:15:27.977+0000] {logging_mixin.py:190} INFO - [2025-02-13T04:15:27.977+0000] {dag.py:3239} INFO - Sync 1 DAGs
[2025-02-13T04:15:28.022+0000] {logging_mixin.py:190} INFO - [2025-02-13T04:15:28.022+0000] {dag.py:4180} INFO - Setting next_dagrun for example_dag to 2025-02-12 12:00:00+00:00, run_after=2025-02-13 12:00:00+00:00
[2025-02-13T04:15:28.054+0000] {processor.py:208} INFO - Processing /opt/airflow/dags/sample2_dag.py took 0.138 seconds
[2025-02-13T04:15:58.513+0000] {processor.py:186} INFO - Started process (PID=145) to work on /opt/airflow/dags/sample2_dag.py
[2025-02-13T04:15:58.514+0000] {processor.py:914} INFO - Processing file /opt/airflow/dags/sample2_dag.py for tasks to queue
[2025-02-13T04:15:58.516+0000] {logging_mixin.py:190} INFO - [2025-02-13T04:15:58.516+0000] {dagbag.py:588} INFO - Filling up the DagBag from /opt/airflow/dags/sample2_dag.py
[2025-02-13T04:15:58.525+0000] {processor.py:925} INFO - DAG(s) 'example_dag' retrieved from /opt/airflow/dags/sample2_dag.py
[2025-02-13T04:15:58.543+0000] {logging_mixin.py:190} INFO - [2025-02-13T04:15:58.543+0000] {dag.py:3239} INFO - Sync 1 DAGs
[2025-02-13T04:15:58.565+0000] {logging_mixin.py:190} INFO - [2025-02-13T04:15:58.565+0000] {dag.py:4180} INFO - Setting next_dagrun for example_dag to 2025-02-12 12:00:00+00:00, run_after=2025-02-13 12:00:00+00:00
[2025-02-13T04:15:58.580+0000] {processor.py:208} INFO - Processing /opt/airflow/dags/sample2_dag.py took 0.073 seconds
[2025-02-13T04:16:29.301+0000] {processor.py:186} INFO - Started process (PID=211) to work on /opt/airflow/dags/sample2_dag.py
[2025-02-13T04:16:29.302+0000] {processor.py:914} INFO - Processing file /opt/airflow/dags/sample2_dag.py for tasks to queue
[2025-02-13T04:16:29.304+0000] {logging_mixin.py:190} INFO - [2025-02-13T04:16:29.303+0000] {dagbag.py:588} INFO - Filling up the DagBag from /opt/airflow/dags/sample2_dag.py
[2025-02-13T04:16:29.312+0000] {processor.py:925} INFO - DAG(s) 'example_dag' retrieved from /opt/airflow/dags/sample2_dag.py
[2025-02-13T04:16:29.331+0000] {logging_mixin.py:190} INFO - [2025-02-13T04:16:29.331+0000] {dag.py:3239} INFO - Sync 1 DAGs
[2025-02-13T04:16:29.353+0000] {logging_mixin.py:190} INFO - [2025-02-13T04:16:29.353+0000] {dag.py:4180} INFO - Setting next_dagrun for example_dag to 2025-02-12 12:00:00+00:00, run_after=2025-02-13 12:00:00+00:00
[2025-02-13T04:16:29.369+0000] {processor.py:208} INFO - Processing /opt/airflow/dags/sample2_dag.py took 0.074 seconds
[2025-02-13T04:16:59.655+0000] {processor.py:186} INFO - Started process (PID=277) to work on /opt/airflow/dags/sample2_dag.py
[2025-02-13T04:16:59.657+0000] {processor.py:914} INFO - Processing file /opt/airflow/dags/sample2_dag.py for tasks to queue
[2025-02-13T04:16:59.659+0000] {logging_mixin.py:190} INFO - [2025-02-13T04:16:59.659+0000] {dagbag.py:588} INFO - Filling up the DagBag from /opt/airflow/dags/sample2_dag.py
[2025-02-13T04:16:59.670+0000] {processor.py:925} INFO - DAG(s) 'example_dag' retrieved from /opt/airflow/dags/sample2_dag.py
[2025-02-13T04:16:59.688+0000] {logging_mixin.py:190} INFO - [2025-02-13T04:16:59.688+0000] {dag.py:3239} INFO - Sync 1 DAGs
[2025-02-13T04:16:59.714+0000] {logging_mixin.py:190} INFO - [2025-02-13T04:16:59.714+0000] {dag.py:4180} INFO - Setting next_dagrun for example_dag to 2025-02-12 12:00:00+00:00, run_after=2025-02-13 12:00:00+00:00
[2025-02-13T04:16:59.734+0000] {processor.py:208} INFO - Processing /opt/airflow/dags/sample2_dag.py took 0.084 seconds
[2025-02-13T04:17:29.860+0000] {processor.py:186} INFO - Started process (PID=343) to work on /opt/airflow/dags/sample2_dag.py
[2025-02-13T04:17:29.861+0000] {processor.py:914} INFO - Processing file /opt/airflow/dags/sample2_dag.py for tasks to queue
[2025-02-13T04:17:29.864+0000] {logging_mixin.py:190} INFO - [2025-02-13T04:17:29.864+0000] {dagbag.py:588} INFO - Filling up the DagBag from /opt/airflow/dags/sample2_dag.py
[2025-02-13T04:17:29.873+0000] {processor.py:925} INFO - DAG(s) 'example_dag' retrieved from /opt/airflow/dags/sample2_dag.py
[2025-02-13T04:17:29.892+0000] {logging_mixin.py:190} INFO - [2025-02-13T04:17:29.892+0000] {dag.py:3239} INFO - Sync 1 DAGs
[2025-02-13T04:17:29.912+0000] {logging_mixin.py:190} INFO - [2025-02-13T04:17:29.912+0000] {dag.py:4180} INFO - Setting next_dagrun for example_dag to 2025-02-12 12:00:00+00:00, run_after=2025-02-13 12:00:00+00:00
[2025-02-13T04:17:29.928+0000] {processor.py:208} INFO - Processing /opt/airflow/dags/sample2_dag.py took 0.072 seconds
[2025-02-13T04:18:00.465+0000] {processor.py:186} INFO - Started process (PID=409) to work on /opt/airflow/dags/sample2_dag.py
[2025-02-13T04:18:00.466+0000] {processor.py:914} INFO - Processing file /opt/airflow/dags/sample2_dag.py for tasks to queue
[2025-02-13T04:18:00.469+0000] {logging_mixin.py:190} INFO - [2025-02-13T04:18:00.468+0000] {dagbag.py:588} INFO - Filling up the DagBag from /opt/airflow/dags/sample2_dag.py
[2025-02-13T04:18:00.478+0000] {processor.py:925} INFO - DAG(s) 'example_dag' retrieved from /opt/airflow/dags/sample2_dag.py
[2025-02-13T04:18:00.496+0000] {logging_mixin.py:190} INFO - [2025-02-13T04:18:00.496+0000] {dag.py:3239} INFO - Sync 1 DAGs
[2025-02-13T04:18:00.522+0000] {logging_mixin.py:190} INFO - [2025-02-13T04:18:00.521+0000] {dag.py:4180} INFO - Setting next_dagrun for example_dag to 2025-02-12 12:00:00+00:00, run_after=2025-02-13 12:00:00+00:00
[2025-02-13T04:18:00.538+0000] {processor.py:208} INFO - Processing /opt/airflow/dags/sample2_dag.py took 0.079 seconds
[2025-02-13T04:18:31.037+0000] {processor.py:186} INFO - Started process (PID=475) to work on /opt/airflow/dags/sample2_dag.py
[2025-02-13T04:18:31.038+0000] {processor.py:914} INFO - Processing file /opt/airflow/dags/sample2_dag.py for tasks to queue
[2025-02-13T04:18:31.042+0000] {logging_mixin.py:190} INFO - [2025-02-13T04:18:31.041+0000] {dagbag.py:588} INFO - Filling up the DagBag from /opt/airflow/dags/sample2_dag.py
[2025-02-13T04:18:31.056+0000] {processor.py:925} INFO - DAG(s) 'example_dag' retrieved from /opt/airflow/dags/sample2_dag.py
[2025-02-13T04:18:31.086+0000] {logging_mixin.py:190} INFO - [2025-02-13T04:18:31.085+0000] {dag.py:3239} INFO - Sync 1 DAGs
[2025-02-13T04:18:31.116+0000] {logging_mixin.py:190} INFO - [2025-02-13T04:18:31.116+0000] {dag.py:4180} INFO - Setting next_dagrun for example_dag to 2025-02-12 12:00:00+00:00, run_after=2025-02-13 12:00:00+00:00
[2025-02-13T04:18:31.140+0000] {processor.py:208} INFO - Processing /opt/airflow/dags/sample2_dag.py took 0.109 seconds
[2025-02-13T04:19:01.609+0000] {processor.py:186} INFO - Started process (PID=541) to work on /opt/airflow/dags/sample2_dag.py
[2025-02-13T04:19:01.610+0000] {processor.py:914} INFO - Processing file /opt/airflow/dags/sample2_dag.py for tasks to queue
[2025-02-13T04:19:01.613+0000] {logging_mixin.py:190} INFO - [2025-02-13T04:19:01.612+0000] {dagbag.py:588} INFO - Filling up the DagBag from /opt/airflow/dags/sample2_dag.py
[2025-02-13T04:19:01.622+0000] {processor.py:925} INFO - DAG(s) 'example_dag' retrieved from /opt/airflow/dags/sample2_dag.py
[2025-02-13T04:19:01.640+0000] {logging_mixin.py:190} INFO - [2025-02-13T04:19:01.640+0000] {dag.py:3239} INFO - Sync 1 DAGs
[2025-02-13T04:19:01.662+0000] {logging_mixin.py:190} INFO - [2025-02-13T04:19:01.662+0000] {dag.py:4180} INFO - Setting next_dagrun for example_dag to 2025-02-12 12:00:00+00:00, run_after=2025-02-13 12:00:00+00:00
[2025-02-13T04:19:01.678+0000] {processor.py:208} INFO - Processing /opt/airflow/dags/sample2_dag.py took 0.075 seconds
[2025-02-13T04:19:32.058+0000] {processor.py:186} INFO - Started process (PID=607) to work on /opt/airflow/dags/sample2_dag.py
[2025-02-13T04:19:32.059+0000] {processor.py:914} INFO - Processing file /opt/airflow/dags/sample2_dag.py for tasks to queue
[2025-02-13T04:19:32.062+0000] {logging_mixin.py:190} INFO - [2025-02-13T04:19:32.061+0000] {dagbag.py:588} INFO - Filling up the DagBag from /opt/airflow/dags/sample2_dag.py
[2025-02-13T04:19:32.071+0000] {processor.py:925} INFO - DAG(s) 'example_dag' retrieved from /opt/airflow/dags/sample2_dag.py
[2025-02-13T04:19:32.091+0000] {logging_mixin.py:190} INFO - [2025-02-13T04:19:32.090+0000] {dag.py:3239} INFO - Sync 1 DAGs
[2025-02-13T04:19:32.115+0000] {logging_mixin.py:190} INFO - [2025-02-13T04:19:32.114+0000] {dag.py:4180} INFO - Setting next_dagrun for example_dag to 2025-02-12 12:00:00+00:00, run_after=2025-02-13 12:00:00+00:00
[2025-02-13T04:19:32.131+0000] {processor.py:208} INFO - Processing /opt/airflow/dags/sample2_dag.py took 0.078 seconds
[2025-02-13T04:20:02.461+0000] {processor.py:186} INFO - Started process (PID=673) to work on /opt/airflow/dags/sample2_dag.py
[2025-02-13T04:20:02.462+0000] {processor.py:914} INFO - Processing file /opt/airflow/dags/sample2_dag.py for tasks to queue
[2025-02-13T04:20:02.464+0000] {logging_mixin.py:190} INFO - [2025-02-13T04:20:02.464+0000] {dagbag.py:588} INFO - Filling up the DagBag from /opt/airflow/dags/sample2_dag.py
[2025-02-13T04:20:02.475+0000] {processor.py:925} INFO - DAG(s) 'example_dag' retrieved from /opt/airflow/dags/sample2_dag.py
[2025-02-13T04:20:02.493+0000] {logging_mixin.py:190} INFO - [2025-02-13T04:20:02.493+0000] {dag.py:3239} INFO - Sync 1 DAGs
[2025-02-13T04:20:02.514+0000] {logging_mixin.py:190} INFO - [2025-02-13T04:20:02.514+0000] {dag.py:4180} INFO - Setting next_dagrun for example_dag to 2025-02-12 12:00:00+00:00, run_after=2025-02-13 12:00:00+00:00
[2025-02-13T04:20:02.530+0000] {processor.py:208} INFO - Processing /opt/airflow/dags/sample2_dag.py took 0.075 seconds
[2025-02-13T04:20:33.271+0000] {processor.py:186} INFO - Started process (PID=739) to work on /opt/airflow/dags/sample2_dag.py
[2025-02-13T04:20:33.275+0000] {processor.py:914} INFO - Processing file /opt/airflow/dags/sample2_dag.py for tasks to queue
[2025-02-13T04:20:33.278+0000] {logging_mixin.py:190} INFO - [2025-02-13T04:20:33.277+0000] {dagbag.py:588} INFO - Filling up the DagBag from /opt/airflow/dags/sample2_dag.py
[2025-02-13T04:20:33.288+0000] {processor.py:925} INFO - DAG(s) 'example_dag' retrieved from /opt/airflow/dags/sample2_dag.py
[2025-02-13T04:20:33.307+0000] {logging_mixin.py:190} INFO - [2025-02-13T04:20:33.306+0000] {dag.py:3239} INFO - Sync 1 DAGs
[2025-02-13T04:20:33.329+0000] {logging_mixin.py:190} INFO - [2025-02-13T04:20:33.329+0000] {dag.py:4180} INFO - Setting next_dagrun for example_dag to 2025-02-12 12:00:00+00:00, run_after=2025-02-13 12:00:00+00:00
[2025-02-13T04:20:33.347+0000] {processor.py:208} INFO - Processing /opt/airflow/dags/sample2_dag.py took 0.082 seconds
[2025-02-13T04:21:04.039+0000] {processor.py:186} INFO - Started process (PID=805) to work on /opt/airflow/dags/sample2_dag.py
[2025-02-13T04:21:04.040+0000] {processor.py:914} INFO - Processing file /opt/airflow/dags/sample2_dag.py for tasks to queue
[2025-02-13T04:21:04.043+0000] {logging_mixin.py:190} INFO - [2025-02-13T04:21:04.042+0000] {dagbag.py:588} INFO - Filling up the DagBag from /opt/airflow/dags/sample2_dag.py
[2025-02-13T04:21:04.053+0000] {processor.py:925} INFO - DAG(s) 'example_dag' retrieved from /opt/airflow/dags/sample2_dag.py
[2025-02-13T04:21:04.072+0000] {logging_mixin.py:190} INFO - [2025-02-13T04:21:04.072+0000] {dag.py:3239} INFO - Sync 1 DAGs
[2025-02-13T04:21:04.095+0000] {logging_mixin.py:190} INFO - [2025-02-13T04:21:04.095+0000] {dag.py:4180} INFO - Setting next_dagrun for example_dag to 2025-02-12 12:00:00+00:00, run_after=2025-02-13 12:00:00+00:00
[2025-02-13T04:21:04.111+0000] {processor.py:208} INFO - Processing /opt/airflow/dags/sample2_dag.py took 0.077 seconds
[2025-02-13T04:21:34.409+0000] {processor.py:186} INFO - Started process (PID=871) to work on /opt/airflow/dags/sample2_dag.py
[2025-02-13T04:21:34.410+0000] {processor.py:914} INFO - Processing file /opt/airflow/dags/sample2_dag.py for tasks to queue
[2025-02-13T04:21:34.413+0000] {logging_mixin.py:190} INFO - [2025-02-13T04:21:34.412+0000] {dagbag.py:588} INFO - Filling up the DagBag from /opt/airflow/dags/sample2_dag.py
[2025-02-13T04:21:34.425+0000] {processor.py:925} INFO - DAG(s) 'example_dag' retrieved from /opt/airflow/dags/sample2_dag.py
[2025-02-13T04:21:34.443+0000] {logging_mixin.py:190} INFO - [2025-02-13T04:21:34.443+0000] {dag.py:3239} INFO - Sync 1 DAGs
[2025-02-13T04:21:34.465+0000] {logging_mixin.py:190} INFO - [2025-02-13T04:21:34.465+0000] {dag.py:4180} INFO - Setting next_dagrun for example_dag to 2025-02-12 12:00:00+00:00, run_after=2025-02-13 12:00:00+00:00
[2025-02-13T04:21:34.481+0000] {processor.py:208} INFO - Processing /opt/airflow/dags/sample2_dag.py took 0.079 seconds
[2025-02-13T04:22:05.046+0000] {processor.py:186} INFO - Started process (PID=937) to work on /opt/airflow/dags/sample2_dag.py
[2025-02-13T04:22:05.047+0000] {processor.py:914} INFO - Processing file /opt/airflow/dags/sample2_dag.py for tasks to queue
[2025-02-13T04:22:05.049+0000] {logging_mixin.py:190} INFO - [2025-02-13T04:22:05.049+0000] {dagbag.py:588} INFO - Filling up the DagBag from /opt/airflow/dags/sample2_dag.py
[2025-02-13T04:22:05.059+0000] {processor.py:925} INFO - DAG(s) 'example_dag' retrieved from /opt/airflow/dags/sample2_dag.py
[2025-02-13T04:22:05.079+0000] {logging_mixin.py:190} INFO - [2025-02-13T04:22:05.078+0000] {dag.py:3239} INFO - Sync 1 DAGs
[2025-02-13T04:22:05.099+0000] {logging_mixin.py:190} INFO - [2025-02-13T04:22:05.099+0000] {dag.py:4180} INFO - Setting next_dagrun for example_dag to 2025-02-12 12:00:00+00:00, run_after=2025-02-13 12:00:00+00:00
[2025-02-13T04:22:05.115+0000] {processor.py:208} INFO - Processing /opt/airflow/dags/sample2_dag.py took 0.075 seconds
[2025-02-13T04:22:35.737+0000] {processor.py:186} INFO - Started process (PID=1003) to work on /opt/airflow/dags/sample2_dag.py
[2025-02-13T04:22:35.738+0000] {processor.py:914} INFO - Processing file /opt/airflow/dags/sample2_dag.py for tasks to queue
[2025-02-13T04:22:35.740+0000] {logging_mixin.py:190} INFO - [2025-02-13T04:22:35.740+0000] {dagbag.py:588} INFO - Filling up the DagBag from /opt/airflow/dags/sample2_dag.py
[2025-02-13T04:22:35.750+0000] {processor.py:925} INFO - DAG(s) 'example_dag' retrieved from /opt/airflow/dags/sample2_dag.py
[2025-02-13T04:22:35.771+0000] {logging_mixin.py:190} INFO - [2025-02-13T04:22:35.771+0000] {dag.py:3239} INFO - Sync 1 DAGs
[2025-02-13T04:22:35.795+0000] {logging_mixin.py:190} INFO - [2025-02-13T04:22:35.795+0000] {dag.py:4180} INFO - Setting next_dagrun for example_dag to 2025-02-12 12:00:00+00:00, run_after=2025-02-13 12:00:00+00:00
[2025-02-13T04:22:35.813+0000] {processor.py:208} INFO - Processing /opt/airflow/dags/sample2_dag.py took 0.083 seconds
[2025-02-13T04:23:05.875+0000] {processor.py:186} INFO - Started process (PID=1069) to work on /opt/airflow/dags/sample2_dag.py
[2025-02-13T04:23:05.876+0000] {processor.py:914} INFO - Processing file /opt/airflow/dags/sample2_dag.py for tasks to queue
[2025-02-13T04:23:05.878+0000] {logging_mixin.py:190} INFO - [2025-02-13T04:23:05.878+0000] {dagbag.py:588} INFO - Filling up the DagBag from /opt/airflow/dags/sample2_dag.py
[2025-02-13T04:23:05.888+0000] {processor.py:925} INFO - DAG(s) 'example_dag' retrieved from /opt/airflow/dags/sample2_dag.py
[2025-02-13T04:23:05.909+0000] {logging_mixin.py:190} INFO - [2025-02-13T04:23:05.909+0000] {dag.py:3239} INFO - Sync 1 DAGs
[2025-02-13T04:23:05.932+0000] {logging_mixin.py:190} INFO - [2025-02-13T04:23:05.932+0000] {dag.py:4180} INFO - Setting next_dagrun for example_dag to 2025-02-12 12:00:00+00:00, run_after=2025-02-13 12:00:00+00:00
[2025-02-13T04:23:05.953+0000] {processor.py:208} INFO - Processing /opt/airflow/dags/sample2_dag.py took 0.084 seconds
[2025-02-13T04:23:36.066+0000] {processor.py:186} INFO - Started process (PID=1135) to work on /opt/airflow/dags/sample2_dag.py
[2025-02-13T04:23:36.067+0000] {processor.py:914} INFO - Processing file /opt/airflow/dags/sample2_dag.py for tasks to queue
[2025-02-13T04:23:36.069+0000] {logging_mixin.py:190} INFO - [2025-02-13T04:23:36.069+0000] {dagbag.py:588} INFO - Filling up the DagBag from /opt/airflow/dags/sample2_dag.py
[2025-02-13T04:23:36.080+0000] {processor.py:925} INFO - DAG(s) 'example_dag' retrieved from /opt/airflow/dags/sample2_dag.py
[2025-02-13T04:23:36.100+0000] {logging_mixin.py:190} INFO - [2025-02-13T04:23:36.099+0000] {dag.py:3239} INFO - Sync 1 DAGs
[2025-02-13T04:23:36.122+0000] {logging_mixin.py:190} INFO - [2025-02-13T04:23:36.122+0000] {dag.py:4180} INFO - Setting next_dagrun for example_dag to 2025-02-12 12:00:00+00:00, run_after=2025-02-13 12:00:00+00:00
[2025-02-13T04:23:36.141+0000] {processor.py:208} INFO - Processing /opt/airflow/dags/sample2_dag.py took 0.081 seconds
[2025-02-13T04:24:06.511+0000] {processor.py:186} INFO - Started process (PID=1201) to work on /opt/airflow/dags/sample2_dag.py
[2025-02-13T04:24:06.511+0000] {processor.py:914} INFO - Processing file /opt/airflow/dags/sample2_dag.py for tasks to queue
[2025-02-13T04:24:06.514+0000] {logging_mixin.py:190} INFO - [2025-02-13T04:24:06.513+0000] {dagbag.py:588} INFO - Filling up the DagBag from /opt/airflow/dags/sample2_dag.py
[2025-02-13T04:24:06.526+0000] {processor.py:925} INFO - DAG(s) 'example_dag' retrieved from /opt/airflow/dags/sample2_dag.py
[2025-02-13T04:24:06.547+0000] {logging_mixin.py:190} INFO - [2025-02-13T04:24:06.546+0000] {dag.py:3239} INFO - Sync 1 DAGs
[2025-02-13T04:24:06.570+0000] {logging_mixin.py:190} INFO - [2025-02-13T04:24:06.570+0000] {dag.py:4180} INFO - Setting next_dagrun for example_dag to 2025-02-12 12:00:00+00:00, run_after=2025-02-13 12:00:00+00:00
[2025-02-13T04:24:06.592+0000] {processor.py:208} INFO - Processing /opt/airflow/dags/sample2_dag.py took 0.089 seconds
[2025-02-13T04:24:36.826+0000] {processor.py:186} INFO - Started process (PID=1267) to work on /opt/airflow/dags/sample2_dag.py
[2025-02-13T04:24:36.827+0000] {processor.py:914} INFO - Processing file /opt/airflow/dags/sample2_dag.py for tasks to queue
[2025-02-13T04:24:36.829+0000] {logging_mixin.py:190} INFO - [2025-02-13T04:24:36.829+0000] {dagbag.py:588} INFO - Filling up the DagBag from /opt/airflow/dags/sample2_dag.py
[2025-02-13T04:24:36.840+0000] {processor.py:925} INFO - DAG(s) 'example_dag' retrieved from /opt/airflow/dags/sample2_dag.py
[2025-02-13T04:24:36.859+0000] {logging_mixin.py:190} INFO - [2025-02-13T04:24:36.859+0000] {dag.py:3239} INFO - Sync 1 DAGs
[2025-02-13T04:24:36.881+0000] {logging_mixin.py:190} INFO - [2025-02-13T04:24:36.880+0000] {dag.py:4180} INFO - Setting next_dagrun for example_dag to 2025-02-12 12:00:00+00:00, run_after=2025-02-13 12:00:00+00:00
[2025-02-13T04:24:36.901+0000] {processor.py:208} INFO - Processing /opt/airflow/dags/sample2_dag.py took 0.082 seconds
[2025-02-13T04:25:07.098+0000] {processor.py:186} INFO - Started process (PID=1333) to work on /opt/airflow/dags/sample2_dag.py
[2025-02-13T04:25:07.099+0000] {processor.py:914} INFO - Processing file /opt/airflow/dags/sample2_dag.py for tasks to queue
[2025-02-13T04:25:07.102+0000] {logging_mixin.py:190} INFO - [2025-02-13T04:25:07.101+0000] {dagbag.py:588} INFO - Filling up the DagBag from /opt/airflow/dags/sample2_dag.py
[2025-02-13T04:25:07.114+0000] {processor.py:925} INFO - DAG(s) 'example_dag' retrieved from /opt/airflow/dags/sample2_dag.py
[2025-02-13T04:25:07.135+0000] {logging_mixin.py:190} INFO - [2025-02-13T04:25:07.135+0000] {dag.py:3239} INFO - Sync 1 DAGs
[2025-02-13T04:25:07.164+0000] {logging_mixin.py:190} INFO - [2025-02-13T04:25:07.164+0000] {dag.py:4180} INFO - Setting next_dagrun for example_dag to 2025-02-12 12:00:00+00:00, run_after=2025-02-13 12:00:00+00:00
[2025-02-13T04:25:07.188+0000] {processor.py:208} INFO - Processing /opt/airflow/dags/sample2_dag.py took 0.097 seconds
[2025-02-13T04:25:37.632+0000] {processor.py:186} INFO - Started process (PID=1399) to work on /opt/airflow/dags/sample2_dag.py
[2025-02-13T04:25:37.633+0000] {processor.py:914} INFO - Processing file /opt/airflow/dags/sample2_dag.py for tasks to queue
[2025-02-13T04:25:37.636+0000] {logging_mixin.py:190} INFO - [2025-02-13T04:25:37.636+0000] {dagbag.py:588} INFO - Filling up the DagBag from /opt/airflow/dags/sample2_dag.py
[2025-02-13T04:25:37.645+0000] {processor.py:925} INFO - DAG(s) 'example_dag' retrieved from /opt/airflow/dags/sample2_dag.py
[2025-02-13T04:25:37.664+0000] {logging_mixin.py:190} INFO - [2025-02-13T04:25:37.663+0000] {dag.py:3239} INFO - Sync 1 DAGs
[2025-02-13T04:25:37.685+0000] {logging_mixin.py:190} INFO - [2025-02-13T04:25:37.684+0000] {dag.py:4180} INFO - Setting next_dagrun for example_dag to 2025-02-12 12:00:00+00:00, run_after=2025-02-13 12:00:00+00:00
[2025-02-13T04:25:37.701+0000] {processor.py:208} INFO - Processing /opt/airflow/dags/sample2_dag.py took 0.075 seconds
[2025-02-13T04:26:08.610+0000] {processor.py:186} INFO - Started process (PID=1464) to work on /opt/airflow/dags/sample2_dag.py
[2025-02-13T04:26:08.611+0000] {processor.py:914} INFO - Processing file /opt/airflow/dags/sample2_dag.py for tasks to queue
[2025-02-13T04:26:08.613+0000] {logging_mixin.py:190} INFO - [2025-02-13T04:26:08.613+0000] {dagbag.py:588} INFO - Filling up the DagBag from /opt/airflow/dags/sample2_dag.py
[2025-02-13T04:26:08.623+0000] {processor.py:925} INFO - DAG(s) 'example_dag' retrieved from /opt/airflow/dags/sample2_dag.py
[2025-02-13T04:26:08.640+0000] {logging_mixin.py:190} INFO - [2025-02-13T04:26:08.640+0000] {dag.py:3239} INFO - Sync 1 DAGs
[2025-02-13T04:26:08.662+0000] {logging_mixin.py:190} INFO - [2025-02-13T04:26:08.662+0000] {dag.py:4180} INFO - Setting next_dagrun for example_dag to 2025-02-12 12:00:00+00:00, run_after=2025-02-13 12:00:00+00:00
[2025-02-13T04:26:08.678+0000] {processor.py:208} INFO - Processing /opt/airflow/dags/sample2_dag.py took 0.074 seconds
[2025-02-13T04:26:39.330+0000] {processor.py:186} INFO - Started process (PID=1530) to work on /opt/airflow/dags/sample2_dag.py
[2025-02-13T04:26:39.331+0000] {processor.py:914} INFO - Processing file /opt/airflow/dags/sample2_dag.py for tasks to queue
[2025-02-13T04:26:39.334+0000] {logging_mixin.py:190} INFO - [2025-02-13T04:26:39.334+0000] {dagbag.py:588} INFO - Filling up the DagBag from /opt/airflow/dags/sample2_dag.py
[2025-02-13T04:26:39.343+0000] {processor.py:925} INFO - DAG(s) 'example_dag' retrieved from /opt/airflow/dags/sample2_dag.py
[2025-02-13T04:26:39.361+0000] {logging_mixin.py:190} INFO - [2025-02-13T04:26:39.361+0000] {dag.py:3239} INFO - Sync 1 DAGs
[2025-02-13T04:26:39.383+0000] {logging_mixin.py:190} INFO - [2025-02-13T04:26:39.383+0000] {dag.py:4180} INFO - Setting next_dagrun for example_dag to 2025-02-12 12:00:00+00:00, run_after=2025-02-13 12:00:00+00:00
[2025-02-13T04:26:39.400+0000] {processor.py:208} INFO - Processing /opt/airflow/dags/sample2_dag.py took 0.075 seconds
[2025-02-13T04:27:10.092+0000] {processor.py:186} INFO - Started process (PID=1596) to work on /opt/airflow/dags/sample2_dag.py
[2025-02-13T04:27:10.093+0000] {processor.py:914} INFO - Processing file /opt/airflow/dags/sample2_dag.py for tasks to queue
[2025-02-13T04:27:10.095+0000] {logging_mixin.py:190} INFO - [2025-02-13T04:27:10.095+0000] {dagbag.py:588} INFO - Filling up the DagBag from /opt/airflow/dags/sample2_dag.py
[2025-02-13T04:27:10.104+0000] {processor.py:925} INFO - DAG(s) 'example_dag' retrieved from /opt/airflow/dags/sample2_dag.py
[2025-02-13T04:27:10.121+0000] {logging_mixin.py:190} INFO - [2025-02-13T04:27:10.121+0000] {dag.py:3239} INFO - Sync 1 DAGs
[2025-02-13T04:27:10.143+0000] {logging_mixin.py:190} INFO - [2025-02-13T04:27:10.143+0000] {dag.py:4180} INFO - Setting next_dagrun for example_dag to 2025-02-12 12:00:00+00:00, run_after=2025-02-13 12:00:00+00:00
[2025-02-13T04:27:10.159+0000] {processor.py:208} INFO - Processing /opt/airflow/dags/sample2_dag.py took 0.073 seconds
[2025-02-13T04:27:40.894+0000] {processor.py:186} INFO - Started process (PID=1662) to work on /opt/airflow/dags/sample2_dag.py
[2025-02-13T04:27:40.895+0000] {processor.py:914} INFO - Processing file /opt/airflow/dags/sample2_dag.py for tasks to queue
[2025-02-13T04:27:40.897+0000] {logging_mixin.py:190} INFO - [2025-02-13T04:27:40.897+0000] {dagbag.py:588} INFO - Filling up the DagBag from /opt/airflow/dags/sample2_dag.py
[2025-02-13T04:27:40.906+0000] {processor.py:925} INFO - DAG(s) 'example_dag' retrieved from /opt/airflow/dags/sample2_dag.py
[2025-02-13T04:27:40.924+0000] {logging_mixin.py:190} INFO - [2025-02-13T04:27:40.924+0000] {dag.py:3239} INFO - Sync 1 DAGs
[2025-02-13T04:27:40.944+0000] {logging_mixin.py:190} INFO - [2025-02-13T04:27:40.944+0000] {dag.py:4180} INFO - Setting next_dagrun for example_dag to 2025-02-12 12:00:00+00:00, run_after=2025-02-13 12:00:00+00:00
[2025-02-13T04:27:40.959+0000] {processor.py:208} INFO - Processing /opt/airflow/dags/sample2_dag.py took 0.071 seconds
[2025-02-13T04:28:11.893+0000] {processor.py:186} INFO - Started process (PID=1728) to work on /opt/airflow/dags/sample2_dag.py
[2025-02-13T04:28:11.894+0000] {processor.py:914} INFO - Processing file /opt/airflow/dags/sample2_dag.py for tasks to queue
[2025-02-13T04:28:11.895+0000] {logging_mixin.py:190} INFO - [2025-02-13T04:28:11.895+0000] {dagbag.py:588} INFO - Filling up the DagBag from /opt/airflow/dags/sample2_dag.py
[2025-02-13T04:28:11.905+0000] {processor.py:925} INFO - DAG(s) 'example_dag' retrieved from /opt/airflow/dags/sample2_dag.py
[2025-02-13T04:28:11.922+0000] {logging_mixin.py:190} INFO - [2025-02-13T04:28:11.922+0000] {dag.py:3239} INFO - Sync 1 DAGs
[2025-02-13T04:28:11.944+0000] {logging_mixin.py:190} INFO - [2025-02-13T04:28:11.943+0000] {dag.py:4180} INFO - Setting next_dagrun for example_dag to 2025-02-12 12:00:00+00:00, run_after=2025-02-13 12:00:00+00:00
[2025-02-13T04:28:11.959+0000] {processor.py:208} INFO - Processing /opt/airflow/dags/sample2_dag.py took 0.072 seconds
[2025-02-13T04:28:42.836+0000] {processor.py:186} INFO - Started process (PID=1794) to work on /opt/airflow/dags/sample2_dag.py
[2025-02-13T04:28:42.837+0000] {processor.py:914} INFO - Processing file /opt/airflow/dags/sample2_dag.py for tasks to queue
[2025-02-13T04:28:42.839+0000] {logging_mixin.py:190} INFO - [2025-02-13T04:28:42.839+0000] {dagbag.py:588} INFO - Filling up the DagBag from /opt/airflow/dags/sample2_dag.py
[2025-02-13T04:28:42.848+0000] {processor.py:925} INFO - DAG(s) 'example_dag' retrieved from /opt/airflow/dags/sample2_dag.py
[2025-02-13T04:28:42.867+0000] {logging_mixin.py:190} INFO - [2025-02-13T04:28:42.866+0000] {dag.py:3239} INFO - Sync 1 DAGs
[2025-02-13T04:28:42.888+0000] {logging_mixin.py:190} INFO - [2025-02-13T04:28:42.888+0000] {dag.py:4180} INFO - Setting next_dagrun for example_dag to 2025-02-12 12:00:00+00:00, run_after=2025-02-13 12:00:00+00:00
[2025-02-13T04:28:42.905+0000] {processor.py:208} INFO - Processing /opt/airflow/dags/sample2_dag.py took 0.075 seconds
[2025-02-13T04:29:13.321+0000] {processor.py:186} INFO - Started process (PID=1860) to work on /opt/airflow/dags/sample2_dag.py
[2025-02-13T04:29:13.330+0000] {processor.py:914} INFO - Processing file /opt/airflow/dags/sample2_dag.py for tasks to queue
[2025-02-13T04:29:13.333+0000] {logging_mixin.py:190} INFO - [2025-02-13T04:29:13.333+0000] {dagbag.py:588} INFO - Filling up the DagBag from /opt/airflow/dags/sample2_dag.py
[2025-02-13T04:29:13.342+0000] {processor.py:925} INFO - DAG(s) 'example_dag' retrieved from /opt/airflow/dags/sample2_dag.py
[2025-02-13T04:29:13.362+0000] {logging_mixin.py:190} INFO - [2025-02-13T04:29:13.362+0000] {dag.py:3239} INFO - Sync 1 DAGs
[2025-02-13T04:29:13.384+0000] {logging_mixin.py:190} INFO - [2025-02-13T04:29:13.383+0000] {dag.py:4180} INFO - Setting next_dagrun for example_dag to 2025-02-12 12:00:00+00:00, run_after=2025-02-13 12:00:00+00:00
[2025-02-13T04:29:13.398+0000] {processor.py:208} INFO - Processing /opt/airflow/dags/sample2_dag.py took 0.083 seconds
[2025-02-13T04:29:43.500+0000] {processor.py:186} INFO - Started process (PID=1926) to work on /opt/airflow/dags/sample2_dag.py
[2025-02-13T04:29:43.501+0000] {processor.py:914} INFO - Processing file /opt/airflow/dags/sample2_dag.py for tasks to queue
[2025-02-13T04:29:43.504+0000] {logging_mixin.py:190} INFO - [2025-02-13T04:29:43.504+0000] {dagbag.py:588} INFO - Filling up the DagBag from /opt/airflow/dags/sample2_dag.py
[2025-02-13T04:29:43.514+0000] {processor.py:925} INFO - DAG(s) 'example_dag' retrieved from /opt/airflow/dags/sample2_dag.py
[2025-02-13T04:29:43.534+0000] {logging_mixin.py:190} INFO - [2025-02-13T04:29:43.533+0000] {dag.py:3239} INFO - Sync 1 DAGs
[2025-02-13T04:29:43.554+0000] {logging_mixin.py:190} INFO - [2025-02-13T04:29:43.554+0000] {dag.py:4180} INFO - Setting next_dagrun for example_dag to 2025-02-12 12:00:00+00:00, run_after=2025-02-13 12:00:00+00:00
[2025-02-13T04:29:43.766+0000] {processor.py:208} INFO - Processing /opt/airflow/dags/sample2_dag.py took 0.271 seconds
[2025-02-13T04:30:14.169+0000] {processor.py:186} INFO - Started process (PID=1992) to work on /opt/airflow/dags/sample2_dag.py
[2025-02-13T04:30:14.171+0000] {processor.py:914} INFO - Processing file /opt/airflow/dags/sample2_dag.py for tasks to queue
[2025-02-13T04:30:14.175+0000] {logging_mixin.py:190} INFO - [2025-02-13T04:30:14.174+0000] {dagbag.py:588} INFO - Filling up the DagBag from /opt/airflow/dags/sample2_dag.py
[2025-02-13T04:30:14.184+0000] {processor.py:925} INFO - DAG(s) 'example_dag' retrieved from /opt/airflow/dags/sample2_dag.py
[2025-02-13T04:30:14.204+0000] {logging_mixin.py:190} INFO - [2025-02-13T04:30:14.204+0000] {dag.py:3239} INFO - Sync 1 DAGs
[2025-02-13T04:30:14.227+0000] {logging_mixin.py:190} INFO - [2025-02-13T04:30:14.227+0000] {dag.py:4180} INFO - Setting next_dagrun for example_dag to 2025-02-12 12:00:00+00:00, run_after=2025-02-13 12:00:00+00:00
[2025-02-13T04:30:14.246+0000] {processor.py:208} INFO - Processing /opt/airflow/dags/sample2_dag.py took 0.081 seconds
[2025-02-13T04:30:44.861+0000] {processor.py:186} INFO - Started process (PID=2058) to work on /opt/airflow/dags/sample2_dag.py
[2025-02-13T04:30:44.862+0000] {processor.py:914} INFO - Processing file /opt/airflow/dags/sample2_dag.py for tasks to queue
[2025-02-13T04:30:44.866+0000] {logging_mixin.py:190} INFO - [2025-02-13T04:30:44.865+0000] {dagbag.py:588} INFO - Filling up the DagBag from /opt/airflow/dags/sample2_dag.py
[2025-02-13T04:30:44.875+0000] {processor.py:925} INFO - DAG(s) 'example_dag' retrieved from /opt/airflow/dags/sample2_dag.py
[2025-02-13T04:30:44.894+0000] {logging_mixin.py:190} INFO - [2025-02-13T04:30:44.894+0000] {dag.py:3239} INFO - Sync 1 DAGs
[2025-02-13T04:30:44.917+0000] {logging_mixin.py:190} INFO - [2025-02-13T04:30:44.917+0000] {dag.py:4180} INFO - Setting next_dagrun for example_dag to 2025-02-12 12:00:00+00:00, run_after=2025-02-13 12:00:00+00:00
[2025-02-13T04:30:44.935+0000] {processor.py:208} INFO - Processing /opt/airflow/dags/sample2_dag.py took 0.080 seconds
[2025-02-13T04:31:15.734+0000] {processor.py:186} INFO - Started process (PID=2124) to work on /opt/airflow/dags/sample2_dag.py
[2025-02-13T04:31:15.743+0000] {processor.py:914} INFO - Processing file /opt/airflow/dags/sample2_dag.py for tasks to queue
[2025-02-13T04:31:15.746+0000] {logging_mixin.py:190} INFO - [2025-02-13T04:31:15.745+0000] {dagbag.py:588} INFO - Filling up the DagBag from /opt/airflow/dags/sample2_dag.py
[2025-02-13T04:31:15.755+0000] {processor.py:925} INFO - DAG(s) 'example_dag' retrieved from /opt/airflow/dags/sample2_dag.py
[2025-02-13T04:31:15.774+0000] {logging_mixin.py:190} INFO - [2025-02-13T04:31:15.773+0000] {dag.py:3239} INFO - Sync 1 DAGs
[2025-02-13T04:31:15.796+0000] {logging_mixin.py:190} INFO - [2025-02-13T04:31:15.796+0000] {dag.py:4180} INFO - Setting next_dagrun for example_dag to 2025-02-12 12:00:00+00:00, run_after=2025-02-13 12:00:00+00:00
[2025-02-13T04:31:15.813+0000] {processor.py:208} INFO - Processing /opt/airflow/dags/sample2_dag.py took 0.085 seconds
[2025-02-13T04:31:46.063+0000] {processor.py:186} INFO - Started process (PID=2190) to work on /opt/airflow/dags/sample2_dag.py
[2025-02-13T04:31:46.071+0000] {processor.py:914} INFO - Processing file /opt/airflow/dags/sample2_dag.py for tasks to queue
[2025-02-13T04:31:46.074+0000] {logging_mixin.py:190} INFO - [2025-02-13T04:31:46.074+0000] {dagbag.py:588} INFO - Filling up the DagBag from /opt/airflow/dags/sample2_dag.py
[2025-02-13T04:31:46.084+0000] {processor.py:925} INFO - DAG(s) 'example_dag' retrieved from /opt/airflow/dags/sample2_dag.py
[2025-02-13T04:31:46.105+0000] {logging_mixin.py:190} INFO - [2025-02-13T04:31:46.104+0000] {dag.py:3239} INFO - Sync 1 DAGs
[2025-02-13T04:31:46.132+0000] {logging_mixin.py:190} INFO - [2025-02-13T04:31:46.132+0000] {dag.py:4180} INFO - Setting next_dagrun for example_dag to 2025-02-12 12:00:00+00:00, run_after=2025-02-13 12:00:00+00:00
[2025-02-13T04:31:46.151+0000] {processor.py:208} INFO - Processing /opt/airflow/dags/sample2_dag.py took 0.095 seconds
[2025-02-13T04:32:16.902+0000] {processor.py:186} INFO - Started process (PID=2256) to work on /opt/airflow/dags/sample2_dag.py
[2025-02-13T04:32:16.903+0000] {processor.py:914} INFO - Processing file /opt/airflow/dags/sample2_dag.py for tasks to queue
[2025-02-13T04:32:16.906+0000] {logging_mixin.py:190} INFO - [2025-02-13T04:32:16.905+0000] {dagbag.py:588} INFO - Filling up the DagBag from /opt/airflow/dags/sample2_dag.py
[2025-02-13T04:32:16.917+0000] {processor.py:925} INFO - DAG(s) 'example_dag' retrieved from /opt/airflow/dags/sample2_dag.py
[2025-02-13T04:32:16.937+0000] {logging_mixin.py:190} INFO - [2025-02-13T04:32:16.937+0000] {dag.py:3239} INFO - Sync 1 DAGs
[2025-02-13T04:32:16.961+0000] {logging_mixin.py:190} INFO - [2025-02-13T04:32:16.960+0000] {dag.py:4180} INFO - Setting next_dagrun for example_dag to 2025-02-12 12:00:00+00:00, run_after=2025-02-13 12:00:00+00:00
[2025-02-13T04:32:16.981+0000] {processor.py:208} INFO - Processing /opt/airflow/dags/sample2_dag.py took 0.084 seconds
[2025-02-13T04:32:47.445+0000] {processor.py:186} INFO - Started process (PID=2322) to work on /opt/airflow/dags/sample2_dag.py
[2025-02-13T04:32:47.454+0000] {processor.py:914} INFO - Processing file /opt/airflow/dags/sample2_dag.py for tasks to queue
[2025-02-13T04:32:47.456+0000] {logging_mixin.py:190} INFO - [2025-02-13T04:32:47.455+0000] {dagbag.py:588} INFO - Filling up the DagBag from /opt/airflow/dags/sample2_dag.py
[2025-02-13T04:32:47.466+0000] {processor.py:925} INFO - DAG(s) 'example_dag' retrieved from /opt/airflow/dags/sample2_dag.py
[2025-02-13T04:32:47.661+0000] {logging_mixin.py:190} INFO - [2025-02-13T04:32:47.661+0000] {dag.py:3239} INFO - Sync 1 DAGs
[2025-02-13T04:32:47.681+0000] {logging_mixin.py:190} INFO - [2025-02-13T04:32:47.681+0000] {dag.py:4180} INFO - Setting next_dagrun for example_dag to 2025-02-12 12:00:00+00:00, run_after=2025-02-13 12:00:00+00:00
[2025-02-13T04:32:47.698+0000] {processor.py:208} INFO - Processing /opt/airflow/dags/sample2_dag.py took 0.259 seconds
[2025-02-13T04:33:18.252+0000] {processor.py:186} INFO - Started process (PID=2388) to work on /opt/airflow/dags/sample2_dag.py
[2025-02-13T04:33:18.252+0000] {processor.py:914} INFO - Processing file /opt/airflow/dags/sample2_dag.py for tasks to queue
[2025-02-13T04:33:18.255+0000] {logging_mixin.py:190} INFO - [2025-02-13T04:33:18.255+0000] {dagbag.py:588} INFO - Filling up the DagBag from /opt/airflow/dags/sample2_dag.py
[2025-02-13T04:33:18.268+0000] {processor.py:925} INFO - DAG(s) 'example_dag' retrieved from /opt/airflow/dags/sample2_dag.py
[2025-02-13T04:33:18.289+0000] {logging_mixin.py:190} INFO - [2025-02-13T04:33:18.289+0000] {dag.py:3239} INFO - Sync 1 DAGs
[2025-02-13T04:33:18.315+0000] {logging_mixin.py:190} INFO - [2025-02-13T04:33:18.315+0000] {dag.py:4180} INFO - Setting next_dagrun for example_dag to 2025-02-12 12:00:00+00:00, run_after=2025-02-13 12:00:00+00:00
[2025-02-13T04:33:18.336+0000] {processor.py:208} INFO - Processing /opt/airflow/dags/sample2_dag.py took 0.091 seconds
[2025-02-13T04:33:48.903+0000] {processor.py:186} INFO - Started process (PID=2454) to work on /opt/airflow/dags/sample2_dag.py
[2025-02-13T04:33:48.904+0000] {processor.py:914} INFO - Processing file /opt/airflow/dags/sample2_dag.py for tasks to queue
[2025-02-13T04:33:48.906+0000] {logging_mixin.py:190} INFO - [2025-02-13T04:33:48.906+0000] {dagbag.py:588} INFO - Filling up the DagBag from /opt/airflow/dags/sample2_dag.py
[2025-02-13T04:33:48.918+0000] {processor.py:925} INFO - DAG(s) 'example_dag' retrieved from /opt/airflow/dags/sample2_dag.py
[2025-02-13T04:33:48.936+0000] {logging_mixin.py:190} INFO - [2025-02-13T04:33:48.936+0000] {dag.py:3239} INFO - Sync 1 DAGs
[2025-02-13T04:33:48.959+0000] {logging_mixin.py:190} INFO - [2025-02-13T04:33:48.959+0000] {dag.py:4180} INFO - Setting next_dagrun for example_dag to 2025-02-12 12:00:00+00:00, run_after=2025-02-13 12:00:00+00:00
[2025-02-13T04:33:48.978+0000] {processor.py:208} INFO - Processing /opt/airflow/dags/sample2_dag.py took 0.082 seconds
[2025-02-13T04:34:19.031+0000] {processor.py:186} INFO - Started process (PID=2520) to work on /opt/airflow/dags/sample2_dag.py
[2025-02-13T04:34:19.032+0000] {processor.py:914} INFO - Processing file /opt/airflow/dags/sample2_dag.py for tasks to queue
[2025-02-13T04:34:19.034+0000] {logging_mixin.py:190} INFO - [2025-02-13T04:34:19.034+0000] {dagbag.py:588} INFO - Filling up the DagBag from /opt/airflow/dags/sample2_dag.py
[2025-02-13T04:34:19.046+0000] {processor.py:925} INFO - DAG(s) 'example_dag' retrieved from /opt/airflow/dags/sample2_dag.py
[2025-02-13T04:34:19.067+0000] {logging_mixin.py:190} INFO - [2025-02-13T04:34:19.066+0000] {dag.py:3239} INFO - Sync 1 DAGs
[2025-02-13T04:34:19.091+0000] {logging_mixin.py:190} INFO - [2025-02-13T04:34:19.091+0000] {dag.py:4180} INFO - Setting next_dagrun for example_dag to 2025-02-12 12:00:00+00:00, run_after=2025-02-13 12:00:00+00:00
[2025-02-13T04:34:19.108+0000] {processor.py:208} INFO - Processing /opt/airflow/dags/sample2_dag.py took 0.082 seconds
[2025-02-13T04:34:49.240+0000] {processor.py:186} INFO - Started process (PID=2586) to work on /opt/airflow/dags/sample2_dag.py
[2025-02-13T04:34:49.241+0000] {processor.py:914} INFO - Processing file /opt/airflow/dags/sample2_dag.py for tasks to queue
[2025-02-13T04:34:49.243+0000] {logging_mixin.py:190} INFO - [2025-02-13T04:34:49.243+0000] {dagbag.py:588} INFO - Filling up the DagBag from /opt/airflow/dags/sample2_dag.py
[2025-02-13T04:34:49.253+0000] {processor.py:925} INFO - DAG(s) 'example_dag' retrieved from /opt/airflow/dags/sample2_dag.py
[2025-02-13T04:34:49.272+0000] {logging_mixin.py:190} INFO - [2025-02-13T04:34:49.272+0000] {dag.py:3239} INFO - Sync 1 DAGs
[2025-02-13T04:34:49.296+0000] {logging_mixin.py:190} INFO - [2025-02-13T04:34:49.296+0000] {dag.py:4180} INFO - Setting next_dagrun for example_dag to 2025-02-12 12:00:00+00:00, run_after=2025-02-13 12:00:00+00:00
[2025-02-13T04:34:49.313+0000] {processor.py:208} INFO - Processing /opt/airflow/dags/sample2_dag.py took 0.079 seconds
[2025-02-13T04:35:19.754+0000] {processor.py:186} INFO - Started process (PID=2648) to work on /opt/airflow/dags/sample2_dag.py
[2025-02-13T04:35:19.755+0000] {processor.py:914} INFO - Processing file /opt/airflow/dags/sample2_dag.py for tasks to queue
[2025-02-13T04:35:19.757+0000] {logging_mixin.py:190} INFO - [2025-02-13T04:35:19.756+0000] {dagbag.py:588} INFO - Filling up the DagBag from /opt/airflow/dags/sample2_dag.py
[2025-02-13T04:35:19.767+0000] {processor.py:925} INFO - DAG(s) 'example_dag' retrieved from /opt/airflow/dags/sample2_dag.py
[2025-02-13T04:35:19.786+0000] {logging_mixin.py:190} INFO - [2025-02-13T04:35:19.785+0000] {dag.py:3239} INFO - Sync 1 DAGs
[2025-02-13T04:35:19.811+0000] {logging_mixin.py:190} INFO - [2025-02-13T04:35:19.810+0000] {dag.py:4180} INFO - Setting next_dagrun for example_dag to 2025-02-12 12:00:00+00:00, run_after=2025-02-13 12:00:00+00:00
[2025-02-13T04:35:19.827+0000] {processor.py:208} INFO - Processing /opt/airflow/dags/sample2_dag.py took 0.079 seconds
[2025-02-13T04:35:50.081+0000] {processor.py:186} INFO - Started process (PID=2711) to work on /opt/airflow/dags/sample2_dag.py
[2025-02-13T04:35:50.082+0000] {processor.py:914} INFO - Processing file /opt/airflow/dags/sample2_dag.py for tasks to queue
[2025-02-13T04:35:50.084+0000] {logging_mixin.py:190} INFO - [2025-02-13T04:35:50.083+0000] {dagbag.py:588} INFO - Filling up the DagBag from /opt/airflow/dags/sample2_dag.py
[2025-02-13T04:35:50.092+0000] {processor.py:925} INFO - DAG(s) 'example_dag' retrieved from /opt/airflow/dags/sample2_dag.py
[2025-02-13T04:35:50.112+0000] {logging_mixin.py:190} INFO - [2025-02-13T04:35:50.112+0000] {dag.py:3239} INFO - Sync 1 DAGs
[2025-02-13T04:35:50.133+0000] {logging_mixin.py:190} INFO - [2025-02-13T04:35:50.133+0000] {dag.py:4180} INFO - Setting next_dagrun for example_dag to 2025-02-12 12:00:00+00:00, run_after=2025-02-13 12:00:00+00:00
[2025-02-13T04:35:50.149+0000] {processor.py:208} INFO - Processing /opt/airflow/dags/sample2_dag.py took 0.074 seconds
[2025-02-13T04:36:20.235+0000] {processor.py:186} INFO - Started process (PID=2775) to work on /opt/airflow/dags/sample2_dag.py
[2025-02-13T04:36:20.237+0000] {processor.py:914} INFO - Processing file /opt/airflow/dags/sample2_dag.py for tasks to queue
[2025-02-13T04:36:20.240+0000] {logging_mixin.py:190} INFO - [2025-02-13T04:36:20.239+0000] {dagbag.py:588} INFO - Filling up the DagBag from /opt/airflow/dags/sample2_dag.py
[2025-02-13T04:36:20.248+0000] {processor.py:925} INFO - DAG(s) 'example_dag' retrieved from /opt/airflow/dags/sample2_dag.py
[2025-02-13T04:36:20.268+0000] {logging_mixin.py:190} INFO - [2025-02-13T04:36:20.267+0000] {dag.py:3239} INFO - Sync 1 DAGs
[2025-02-13T04:36:20.288+0000] {logging_mixin.py:190} INFO - [2025-02-13T04:36:20.288+0000] {dag.py:4180} INFO - Setting next_dagrun for example_dag to 2025-02-12 12:00:00+00:00, run_after=2025-02-13 12:00:00+00:00
[2025-02-13T04:36:20.304+0000] {processor.py:208} INFO - Processing /opt/airflow/dags/sample2_dag.py took 0.074 seconds
[2025-02-13T04:36:50.653+0000] {processor.py:186} INFO - Started process (PID=2841) to work on /opt/airflow/dags/sample2_dag.py
[2025-02-13T04:36:50.655+0000] {processor.py:914} INFO - Processing file /opt/airflow/dags/sample2_dag.py for tasks to queue
[2025-02-13T04:36:50.662+0000] {logging_mixin.py:190} INFO - [2025-02-13T04:36:50.660+0000] {dagbag.py:588} INFO - Filling up the DagBag from /opt/airflow/dags/sample2_dag.py
[2025-02-13T04:36:50.674+0000] {processor.py:925} INFO - DAG(s) 'example_dag' retrieved from /opt/airflow/dags/sample2_dag.py
[2025-02-13T04:36:50.694+0000] {logging_mixin.py:190} INFO - [2025-02-13T04:36:50.694+0000] {dag.py:3239} INFO - Sync 1 DAGs
[2025-02-13T04:36:50.720+0000] {logging_mixin.py:190} INFO - [2025-02-13T04:36:50.720+0000] {dag.py:4180} INFO - Setting next_dagrun for example_dag to 2025-02-12 12:00:00+00:00, run_after=2025-02-13 12:00:00+00:00
[2025-02-13T04:36:50.740+0000] {processor.py:208} INFO - Processing /opt/airflow/dags/sample2_dag.py took 0.097 seconds
