[2025-02-12T05:05:23.523+0000] {processor.py:186} INFO - Started process (PID=76) to work on /opt/airflow/dags/sample_dag.py
[2025-02-12T05:05:23.524+0000] {processor.py:914} INFO - Processing file /opt/airflow/dags/sample_dag.py for tasks to queue
[2025-02-12T05:05:23.528+0000] {logging_mixin.py:190} INFO - [2025-02-12T05:05:23.527+0000] {dagbag.py:588} INFO - Filling up the DagBag from /opt/airflow/dags/sample_dag.py
[2025-02-12T05:05:23.542+0000] {processor.py:925} INFO - DAG(s) 'simple_dag' retrieved from /opt/airflow/dags/sample_dag.py
[2025-02-12T05:05:23.589+0000] {logging_mixin.py:190} INFO - [2025-02-12T05:05:23.589+0000] {dag.py:3239} INFO - Sync 1 DAGs
[2025-02-12T05:05:23.621+0000] {logging_mixin.py:190} INFO - [2025-02-12T05:05:23.621+0000] {dag.py:4180} INFO - Setting next_dagrun for simple_dag to None, run_after=None
[2025-02-12T05:05:23.657+0000] {processor.py:208} INFO - Processing /opt/airflow/dags/sample_dag.py took 0.144 seconds
[2025-02-12T05:05:53.762+0000] {processor.py:186} INFO - Started process (PID=145) to work on /opt/airflow/dags/sample_dag.py
[2025-02-12T05:05:53.764+0000] {processor.py:914} INFO - Processing file /opt/airflow/dags/sample_dag.py for tasks to queue
[2025-02-12T05:05:53.768+0000] {logging_mixin.py:190} INFO - [2025-02-12T05:05:53.767+0000] {dagbag.py:588} INFO - Filling up the DagBag from /opt/airflow/dags/sample_dag.py
[2025-02-12T05:05:53.776+0000] {processor.py:925} INFO - DAG(s) 'simple_dag' retrieved from /opt/airflow/dags/sample_dag.py
[2025-02-12T05:05:53.801+0000] {logging_mixin.py:190} INFO - [2025-02-12T05:05:53.801+0000] {dag.py:3239} INFO - Sync 1 DAGs
[2025-02-12T05:05:53.818+0000] {logging_mixin.py:190} INFO - [2025-02-12T05:05:53.818+0000] {dag.py:4180} INFO - Setting next_dagrun for simple_dag to None, run_after=None
[2025-02-12T05:05:53.844+0000] {processor.py:208} INFO - Processing /opt/airflow/dags/sample_dag.py took 0.088 seconds
[2025-02-12T05:06:24.343+0000] {processor.py:186} INFO - Started process (PID=211) to work on /opt/airflow/dags/sample_dag.py
[2025-02-12T05:06:24.344+0000] {processor.py:914} INFO - Processing file /opt/airflow/dags/sample_dag.py for tasks to queue
[2025-02-12T05:06:24.347+0000] {logging_mixin.py:190} INFO - [2025-02-12T05:06:24.347+0000] {dagbag.py:588} INFO - Filling up the DagBag from /opt/airflow/dags/sample_dag.py
[2025-02-12T05:06:24.356+0000] {processor.py:925} INFO - DAG(s) 'simple_dag' retrieved from /opt/airflow/dags/sample_dag.py
[2025-02-12T05:06:24.379+0000] {logging_mixin.py:190} INFO - [2025-02-12T05:06:24.379+0000] {dag.py:3239} INFO - Sync 1 DAGs
[2025-02-12T05:06:24.394+0000] {logging_mixin.py:190} INFO - [2025-02-12T05:06:24.393+0000] {dag.py:4180} INFO - Setting next_dagrun for simple_dag to None, run_after=None
[2025-02-12T05:06:24.411+0000] {processor.py:208} INFO - Processing /opt/airflow/dags/sample_dag.py took 0.075 seconds
[2025-02-12T05:06:54.821+0000] {processor.py:186} INFO - Started process (PID=277) to work on /opt/airflow/dags/sample_dag.py
[2025-02-12T05:06:54.822+0000] {processor.py:914} INFO - Processing file /opt/airflow/dags/sample_dag.py for tasks to queue
[2025-02-12T05:06:54.825+0000] {logging_mixin.py:190} INFO - [2025-02-12T05:06:54.824+0000] {dagbag.py:588} INFO - Filling up the DagBag from /opt/airflow/dags/sample_dag.py
[2025-02-12T05:06:54.834+0000] {processor.py:925} INFO - DAG(s) 'simple_dag' retrieved from /opt/airflow/dags/sample_dag.py
[2025-02-12T05:06:54.861+0000] {logging_mixin.py:190} INFO - [2025-02-12T05:06:54.861+0000] {dag.py:3239} INFO - Sync 1 DAGs
[2025-02-12T05:06:54.876+0000] {logging_mixin.py:190} INFO - [2025-02-12T05:06:54.876+0000] {dag.py:4180} INFO - Setting next_dagrun for simple_dag to None, run_after=None
[2025-02-12T05:06:54.902+0000] {processor.py:208} INFO - Processing /opt/airflow/dags/sample_dag.py took 0.090 seconds
[2025-02-12T05:07:25.552+0000] {processor.py:186} INFO - Started process (PID=343) to work on /opt/airflow/dags/sample_dag.py
[2025-02-12T05:07:25.553+0000] {processor.py:914} INFO - Processing file /opt/airflow/dags/sample_dag.py for tasks to queue
[2025-02-12T05:07:25.557+0000] {logging_mixin.py:190} INFO - [2025-02-12T05:07:25.556+0000] {dagbag.py:588} INFO - Filling up the DagBag from /opt/airflow/dags/sample_dag.py
[2025-02-12T05:07:25.569+0000] {processor.py:925} INFO - DAG(s) 'simple_dag' retrieved from /opt/airflow/dags/sample_dag.py
[2025-02-12T05:07:25.596+0000] {logging_mixin.py:190} INFO - [2025-02-12T05:07:25.596+0000] {dag.py:3239} INFO - Sync 1 DAGs
[2025-02-12T05:07:25.618+0000] {logging_mixin.py:190} INFO - [2025-02-12T05:07:25.617+0000] {dag.py:4180} INFO - Setting next_dagrun for simple_dag to None, run_after=None
[2025-02-12T05:07:25.646+0000] {processor.py:208} INFO - Processing /opt/airflow/dags/sample_dag.py took 0.102 seconds
[2025-02-12T05:07:56.450+0000] {processor.py:186} INFO - Started process (PID=409) to work on /opt/airflow/dags/sample_dag.py
[2025-02-12T05:07:56.452+0000] {processor.py:914} INFO - Processing file /opt/airflow/dags/sample_dag.py for tasks to queue
[2025-02-12T05:07:56.455+0000] {logging_mixin.py:190} INFO - [2025-02-12T05:07:56.455+0000] {dagbag.py:588} INFO - Filling up the DagBag from /opt/airflow/dags/sample_dag.py
[2025-02-12T05:07:56.463+0000] {processor.py:925} INFO - DAG(s) 'simple_dag' retrieved from /opt/airflow/dags/sample_dag.py
[2025-02-12T05:07:56.488+0000] {logging_mixin.py:190} INFO - [2025-02-12T05:07:56.488+0000] {dag.py:3239} INFO - Sync 1 DAGs
[2025-02-12T05:07:56.504+0000] {logging_mixin.py:190} INFO - [2025-02-12T05:07:56.503+0000] {dag.py:4180} INFO - Setting next_dagrun for simple_dag to None, run_after=None
[2025-02-12T05:07:56.527+0000] {processor.py:208} INFO - Processing /opt/airflow/dags/sample_dag.py took 0.085 seconds
[2025-02-12T05:08:26.959+0000] {processor.py:186} INFO - Started process (PID=478) to work on /opt/airflow/dags/sample_dag.py
[2025-02-12T05:08:26.960+0000] {processor.py:914} INFO - Processing file /opt/airflow/dags/sample_dag.py for tasks to queue
[2025-02-12T05:08:26.964+0000] {logging_mixin.py:190} INFO - [2025-02-12T05:08:26.963+0000] {dagbag.py:588} INFO - Filling up the DagBag from /opt/airflow/dags/sample_dag.py
[2025-02-12T05:08:26.973+0000] {processor.py:925} INFO - DAG(s) 'simple_dag' retrieved from /opt/airflow/dags/sample_dag.py
[2025-02-12T05:08:27.008+0000] {logging_mixin.py:190} INFO - [2025-02-12T05:08:27.007+0000] {dag.py:3239} INFO - Sync 1 DAGs
[2025-02-12T05:08:27.027+0000] {logging_mixin.py:190} INFO - [2025-02-12T05:08:27.027+0000] {dag.py:4180} INFO - Setting next_dagrun for simple_dag to None, run_after=None
[2025-02-12T05:08:27.058+0000] {processor.py:208} INFO - Processing /opt/airflow/dags/sample_dag.py took 0.106 seconds
[2025-02-12T05:08:57.957+0000] {processor.py:186} INFO - Started process (PID=543) to work on /opt/airflow/dags/sample_dag.py
[2025-02-12T05:08:57.957+0000] {processor.py:914} INFO - Processing file /opt/airflow/dags/sample_dag.py for tasks to queue
[2025-02-12T05:08:57.961+0000] {logging_mixin.py:190} INFO - [2025-02-12T05:08:57.960+0000] {dagbag.py:588} INFO - Filling up the DagBag from /opt/airflow/dags/sample_dag.py
[2025-02-12T05:08:57.972+0000] {processor.py:925} INFO - DAG(s) 'simple_dag' retrieved from /opt/airflow/dags/sample_dag.py
[2025-02-12T05:08:57.994+0000] {logging_mixin.py:190} INFO - [2025-02-12T05:08:57.994+0000] {dag.py:3239} INFO - Sync 1 DAGs
[2025-02-12T05:08:58.009+0000] {logging_mixin.py:190} INFO - [2025-02-12T05:08:58.009+0000] {dag.py:4180} INFO - Setting next_dagrun for simple_dag to None, run_after=None
[2025-02-12T05:08:58.034+0000] {processor.py:208} INFO - Processing /opt/airflow/dags/sample_dag.py took 0.085 seconds
[2025-02-12T05:09:28.263+0000] {processor.py:186} INFO - Started process (PID=609) to work on /opt/airflow/dags/sample_dag.py
[2025-02-12T05:09:28.263+0000] {processor.py:914} INFO - Processing file /opt/airflow/dags/sample_dag.py for tasks to queue
[2025-02-12T05:09:28.265+0000] {logging_mixin.py:190} INFO - [2025-02-12T05:09:28.265+0000] {dagbag.py:588} INFO - Filling up the DagBag from /opt/airflow/dags/sample_dag.py
[2025-02-12T05:09:28.274+0000] {processor.py:925} INFO - DAG(s) 'simple_dag' retrieved from /opt/airflow/dags/sample_dag.py
[2025-02-12T05:09:28.294+0000] {logging_mixin.py:190} INFO - [2025-02-12T05:09:28.294+0000] {dag.py:3239} INFO - Sync 1 DAGs
[2025-02-12T05:09:28.309+0000] {logging_mixin.py:190} INFO - [2025-02-12T05:09:28.309+0000] {dag.py:4180} INFO - Setting next_dagrun for simple_dag to None, run_after=None
[2025-02-12T05:09:28.343+0000] {processor.py:208} INFO - Processing /opt/airflow/dags/sample_dag.py took 0.087 seconds
[2025-02-12T05:09:59.163+0000] {processor.py:186} INFO - Started process (PID=675) to work on /opt/airflow/dags/sample_dag.py
[2025-02-12T05:09:59.164+0000] {processor.py:914} INFO - Processing file /opt/airflow/dags/sample_dag.py for tasks to queue
[2025-02-12T05:09:59.168+0000] {logging_mixin.py:190} INFO - [2025-02-12T05:09:59.167+0000] {dagbag.py:588} INFO - Filling up the DagBag from /opt/airflow/dags/sample_dag.py
[2025-02-12T05:09:59.176+0000] {processor.py:925} INFO - DAG(s) 'simple_dag' retrieved from /opt/airflow/dags/sample_dag.py
[2025-02-12T05:09:59.199+0000] {logging_mixin.py:190} INFO - [2025-02-12T05:09:59.199+0000] {dag.py:3239} INFO - Sync 1 DAGs
[2025-02-12T05:09:59.212+0000] {logging_mixin.py:190} INFO - [2025-02-12T05:09:59.212+0000] {dag.py:4180} INFO - Setting next_dagrun for simple_dag to None, run_after=None
[2025-02-12T05:09:59.233+0000] {processor.py:208} INFO - Processing /opt/airflow/dags/sample_dag.py took 0.078 seconds
[2025-02-12T05:10:29.467+0000] {processor.py:186} INFO - Started process (PID=740) to work on /opt/airflow/dags/sample_dag.py
[2025-02-12T05:10:29.469+0000] {processor.py:914} INFO - Processing file /opt/airflow/dags/sample_dag.py for tasks to queue
[2025-02-12T05:10:29.472+0000] {logging_mixin.py:190} INFO - [2025-02-12T05:10:29.472+0000] {dagbag.py:588} INFO - Filling up the DagBag from /opt/airflow/dags/sample_dag.py
[2025-02-12T05:10:29.481+0000] {processor.py:925} INFO - DAG(s) 'simple_dag' retrieved from /opt/airflow/dags/sample_dag.py
[2025-02-12T05:10:29.506+0000] {logging_mixin.py:190} INFO - [2025-02-12T05:10:29.506+0000] {dag.py:3239} INFO - Sync 1 DAGs
[2025-02-12T05:10:29.527+0000] {logging_mixin.py:190} INFO - [2025-02-12T05:10:29.527+0000] {dag.py:4180} INFO - Setting next_dagrun for simple_dag to None, run_after=None
[2025-02-12T05:10:29.552+0000] {processor.py:208} INFO - Processing /opt/airflow/dags/sample_dag.py took 0.092 seconds
[2025-02-12T05:11:00.139+0000] {processor.py:186} INFO - Started process (PID=806) to work on /opt/airflow/dags/sample_dag.py
[2025-02-12T05:11:00.140+0000] {processor.py:914} INFO - Processing file /opt/airflow/dags/sample_dag.py for tasks to queue
[2025-02-12T05:11:00.144+0000] {logging_mixin.py:190} INFO - [2025-02-12T05:11:00.143+0000] {dagbag.py:588} INFO - Filling up the DagBag from /opt/airflow/dags/sample_dag.py
[2025-02-12T05:11:00.156+0000] {processor.py:925} INFO - DAG(s) 'simple_dag' retrieved from /opt/airflow/dags/sample_dag.py
[2025-02-12T05:11:00.190+0000] {logging_mixin.py:190} INFO - [2025-02-12T05:11:00.190+0000] {dag.py:3239} INFO - Sync 1 DAGs
[2025-02-12T05:11:00.210+0000] {logging_mixin.py:190} INFO - [2025-02-12T05:11:00.210+0000] {dag.py:4180} INFO - Setting next_dagrun for simple_dag to None, run_after=None
[2025-02-12T05:11:00.244+0000] {processor.py:208} INFO - Processing /opt/airflow/dags/sample_dag.py took 0.114 seconds
[2025-02-12T05:11:31.057+0000] {processor.py:186} INFO - Started process (PID=872) to work on /opt/airflow/dags/sample_dag.py
[2025-02-12T05:11:31.058+0000] {processor.py:914} INFO - Processing file /opt/airflow/dags/sample_dag.py for tasks to queue
[2025-02-12T05:11:31.062+0000] {logging_mixin.py:190} INFO - [2025-02-12T05:11:31.061+0000] {dagbag.py:588} INFO - Filling up the DagBag from /opt/airflow/dags/sample_dag.py
[2025-02-12T05:11:31.074+0000] {processor.py:925} INFO - DAG(s) 'simple_dag' retrieved from /opt/airflow/dags/sample_dag.py
[2025-02-12T05:11:31.105+0000] {logging_mixin.py:190} INFO - [2025-02-12T05:11:31.105+0000] {dag.py:3239} INFO - Sync 1 DAGs
[2025-02-12T05:11:31.128+0000] {logging_mixin.py:190} INFO - [2025-02-12T05:11:31.128+0000] {dag.py:4180} INFO - Setting next_dagrun for simple_dag to None, run_after=None
[2025-02-12T05:11:31.163+0000] {processor.py:208} INFO - Processing /opt/airflow/dags/sample_dag.py took 0.113 seconds
[2025-02-12T05:12:01.932+0000] {processor.py:186} INFO - Started process (PID=937) to work on /opt/airflow/dags/sample_dag.py
[2025-02-12T05:12:01.934+0000] {processor.py:914} INFO - Processing file /opt/airflow/dags/sample_dag.py for tasks to queue
[2025-02-12T05:12:01.939+0000] {logging_mixin.py:190} INFO - [2025-02-12T05:12:01.938+0000] {dagbag.py:588} INFO - Filling up the DagBag from /opt/airflow/dags/sample_dag.py
[2025-02-12T05:12:01.951+0000] {processor.py:925} INFO - DAG(s) 'simple_dag' retrieved from /opt/airflow/dags/sample_dag.py
[2025-02-12T05:12:01.989+0000] {logging_mixin.py:190} INFO - [2025-02-12T05:12:01.988+0000] {dag.py:3239} INFO - Sync 1 DAGs
[2025-02-12T05:12:02.014+0000] {logging_mixin.py:190} INFO - [2025-02-12T05:12:02.013+0000] {dag.py:4180} INFO - Setting next_dagrun for simple_dag to None, run_after=None
[2025-02-12T05:12:02.047+0000] {processor.py:208} INFO - Processing /opt/airflow/dags/sample_dag.py took 0.126 seconds
[2025-02-12T05:12:32.246+0000] {processor.py:186} INFO - Started process (PID=1002) to work on /opt/airflow/dags/sample_dag.py
[2025-02-12T05:12:32.247+0000] {processor.py:914} INFO - Processing file /opt/airflow/dags/sample_dag.py for tasks to queue
[2025-02-12T05:12:32.249+0000] {logging_mixin.py:190} INFO - [2025-02-12T05:12:32.249+0000] {dagbag.py:588} INFO - Filling up the DagBag from /opt/airflow/dags/sample_dag.py
[2025-02-12T05:12:32.258+0000] {processor.py:925} INFO - DAG(s) 'simple_dag' retrieved from /opt/airflow/dags/sample_dag.py
[2025-02-12T05:12:32.283+0000] {logging_mixin.py:190} INFO - [2025-02-12T05:12:32.283+0000] {dag.py:3239} INFO - Sync 1 DAGs
[2025-02-12T05:12:32.302+0000] {logging_mixin.py:190} INFO - [2025-02-12T05:12:32.301+0000] {dag.py:4180} INFO - Setting next_dagrun for simple_dag to None, run_after=None
[2025-02-12T05:12:32.324+0000] {processor.py:208} INFO - Processing /opt/airflow/dags/sample_dag.py took 0.085 seconds
[2025-02-12T05:13:02.695+0000] {processor.py:186} INFO - Started process (PID=1068) to work on /opt/airflow/dags/sample_dag.py
[2025-02-12T05:13:02.696+0000] {processor.py:914} INFO - Processing file /opt/airflow/dags/sample_dag.py for tasks to queue
[2025-02-12T05:13:02.700+0000] {logging_mixin.py:190} INFO - [2025-02-12T05:13:02.700+0000] {dagbag.py:588} INFO - Filling up the DagBag from /opt/airflow/dags/sample_dag.py
[2025-02-12T05:13:02.709+0000] {processor.py:925} INFO - DAG(s) 'simple_dag' retrieved from /opt/airflow/dags/sample_dag.py
[2025-02-12T05:13:02.738+0000] {logging_mixin.py:190} INFO - [2025-02-12T05:13:02.738+0000] {dag.py:3239} INFO - Sync 1 DAGs
[2025-02-12T05:13:02.758+0000] {logging_mixin.py:190} INFO - [2025-02-12T05:13:02.758+0000] {dag.py:4180} INFO - Setting next_dagrun for simple_dag to None, run_after=None
[2025-02-12T05:13:02.786+0000] {processor.py:208} INFO - Processing /opt/airflow/dags/sample_dag.py took 0.096 seconds
[2025-02-12T05:13:33.693+0000] {processor.py:186} INFO - Started process (PID=1134) to work on /opt/airflow/dags/sample_dag.py
[2025-02-12T05:13:33.694+0000] {processor.py:914} INFO - Processing file /opt/airflow/dags/sample_dag.py for tasks to queue
[2025-02-12T05:13:33.697+0000] {logging_mixin.py:190} INFO - [2025-02-12T05:13:33.696+0000] {dagbag.py:588} INFO - Filling up the DagBag from /opt/airflow/dags/sample_dag.py
[2025-02-12T05:13:33.705+0000] {processor.py:925} INFO - DAG(s) 'simple_dag' retrieved from /opt/airflow/dags/sample_dag.py
[2025-02-12T05:13:33.725+0000] {logging_mixin.py:190} INFO - [2025-02-12T05:13:33.725+0000] {dag.py:3239} INFO - Sync 1 DAGs
[2025-02-12T05:13:33.738+0000] {logging_mixin.py:190} INFO - [2025-02-12T05:13:33.737+0000] {dag.py:4180} INFO - Setting next_dagrun for simple_dag to None, run_after=None
[2025-02-12T05:13:33.756+0000] {processor.py:208} INFO - Processing /opt/airflow/dags/sample_dag.py took 0.069 seconds
[2025-02-12T05:14:03.904+0000] {processor.py:186} INFO - Started process (PID=1200) to work on /opt/airflow/dags/sample_dag.py
[2025-02-12T05:14:03.905+0000] {processor.py:914} INFO - Processing file /opt/airflow/dags/sample_dag.py for tasks to queue
[2025-02-12T05:14:03.908+0000] {logging_mixin.py:190} INFO - [2025-02-12T05:14:03.908+0000] {dagbag.py:588} INFO - Filling up the DagBag from /opt/airflow/dags/sample_dag.py
[2025-02-12T05:14:03.916+0000] {processor.py:925} INFO - DAG(s) 'simple_dag' retrieved from /opt/airflow/dags/sample_dag.py
[2025-02-12T05:14:03.938+0000] {logging_mixin.py:190} INFO - [2025-02-12T05:14:03.937+0000] {dag.py:3239} INFO - Sync 1 DAGs
[2025-02-12T05:14:03.950+0000] {logging_mixin.py:190} INFO - [2025-02-12T05:14:03.950+0000] {dag.py:4180} INFO - Setting next_dagrun for simple_dag to None, run_after=None
[2025-02-12T05:14:03.968+0000] {processor.py:208} INFO - Processing /opt/airflow/dags/sample_dag.py took 0.072 seconds
[2025-02-12T05:14:34.286+0000] {processor.py:186} INFO - Started process (PID=1266) to work on /opt/airflow/dags/sample_dag.py
[2025-02-12T05:14:34.288+0000] {processor.py:914} INFO - Processing file /opt/airflow/dags/sample_dag.py for tasks to queue
[2025-02-12T05:14:34.290+0000] {logging_mixin.py:190} INFO - [2025-02-12T05:14:34.290+0000] {dagbag.py:588} INFO - Filling up the DagBag from /opt/airflow/dags/sample_dag.py
[2025-02-12T05:14:34.297+0000] {processor.py:925} INFO - DAG(s) 'simple_dag' retrieved from /opt/airflow/dags/sample_dag.py
[2025-02-12T05:14:34.321+0000] {logging_mixin.py:190} INFO - [2025-02-12T05:14:34.321+0000] {dag.py:3239} INFO - Sync 1 DAGs
[2025-02-12T05:14:34.335+0000] {logging_mixin.py:190} INFO - [2025-02-12T05:14:34.335+0000] {dag.py:4180} INFO - Setting next_dagrun for simple_dag to None, run_after=None
[2025-02-12T05:14:34.360+0000] {processor.py:208} INFO - Processing /opt/airflow/dags/sample_dag.py took 0.081 seconds
[2025-02-12T05:15:04.463+0000] {processor.py:186} INFO - Started process (PID=1332) to work on /opt/airflow/dags/sample_dag.py
[2025-02-12T05:15:04.464+0000] {processor.py:914} INFO - Processing file /opt/airflow/dags/sample_dag.py for tasks to queue
[2025-02-12T05:15:04.467+0000] {logging_mixin.py:190} INFO - [2025-02-12T05:15:04.466+0000] {dagbag.py:588} INFO - Filling up the DagBag from /opt/airflow/dags/sample_dag.py
[2025-02-12T05:15:04.475+0000] {processor.py:925} INFO - DAG(s) 'simple_dag' retrieved from /opt/airflow/dags/sample_dag.py
[2025-02-12T05:15:04.493+0000] {logging_mixin.py:190} INFO - [2025-02-12T05:15:04.493+0000] {dag.py:3239} INFO - Sync 1 DAGs
[2025-02-12T05:15:04.508+0000] {logging_mixin.py:190} INFO - [2025-02-12T05:15:04.508+0000] {dag.py:4180} INFO - Setting next_dagrun for simple_dag to None, run_after=None
[2025-02-12T05:15:04.526+0000] {processor.py:208} INFO - Processing /opt/airflow/dags/sample_dag.py took 0.069 seconds
[2025-02-12T05:15:35.516+0000] {processor.py:186} INFO - Started process (PID=1398) to work on /opt/airflow/dags/sample_dag.py
[2025-02-12T05:15:35.518+0000] {processor.py:914} INFO - Processing file /opt/airflow/dags/sample_dag.py for tasks to queue
[2025-02-12T05:15:35.520+0000] {logging_mixin.py:190} INFO - [2025-02-12T05:15:35.520+0000] {dagbag.py:588} INFO - Filling up the DagBag from /opt/airflow/dags/sample_dag.py
[2025-02-12T05:15:35.528+0000] {processor.py:925} INFO - DAG(s) 'simple_dag' retrieved from /opt/airflow/dags/sample_dag.py
[2025-02-12T05:15:35.551+0000] {logging_mixin.py:190} INFO - [2025-02-12T05:15:35.550+0000] {dag.py:3239} INFO - Sync 1 DAGs
[2025-02-12T05:15:35.567+0000] {logging_mixin.py:190} INFO - [2025-02-12T05:15:35.567+0000] {dag.py:4180} INFO - Setting next_dagrun for simple_dag to None, run_after=None
[2025-02-12T05:15:35.586+0000] {processor.py:208} INFO - Processing /opt/airflow/dags/sample_dag.py took 0.076 seconds
[2025-02-12T05:16:06.290+0000] {processor.py:186} INFO - Started process (PID=1464) to work on /opt/airflow/dags/sample_dag.py
[2025-02-12T05:16:06.291+0000] {processor.py:914} INFO - Processing file /opt/airflow/dags/sample_dag.py for tasks to queue
[2025-02-12T05:16:06.294+0000] {logging_mixin.py:190} INFO - [2025-02-12T05:16:06.294+0000] {dagbag.py:588} INFO - Filling up the DagBag from /opt/airflow/dags/sample_dag.py
[2025-02-12T05:16:06.303+0000] {processor.py:925} INFO - DAG(s) 'simple_dag' retrieved from /opt/airflow/dags/sample_dag.py
[2025-02-12T05:16:06.327+0000] {logging_mixin.py:190} INFO - [2025-02-12T05:16:06.327+0000] {dag.py:3239} INFO - Sync 1 DAGs
[2025-02-12T05:16:06.345+0000] {logging_mixin.py:190} INFO - [2025-02-12T05:16:06.344+0000] {dag.py:4180} INFO - Setting next_dagrun for simple_dag to None, run_after=None
[2025-02-12T05:16:06.367+0000] {processor.py:208} INFO - Processing /opt/airflow/dags/sample_dag.py took 0.084 seconds
[2025-02-12T05:16:36.694+0000] {processor.py:186} INFO - Started process (PID=1530) to work on /opt/airflow/dags/sample_dag.py
[2025-02-12T05:16:36.695+0000] {processor.py:914} INFO - Processing file /opt/airflow/dags/sample_dag.py for tasks to queue
[2025-02-12T05:16:36.698+0000] {logging_mixin.py:190} INFO - [2025-02-12T05:16:36.697+0000] {dagbag.py:588} INFO - Filling up the DagBag from /opt/airflow/dags/sample_dag.py
[2025-02-12T05:16:36.706+0000] {processor.py:925} INFO - DAG(s) 'simple_dag' retrieved from /opt/airflow/dags/sample_dag.py
[2025-02-12T05:16:36.731+0000] {logging_mixin.py:190} INFO - [2025-02-12T05:16:36.730+0000] {dag.py:3239} INFO - Sync 1 DAGs
[2025-02-12T05:16:36.749+0000] {logging_mixin.py:190} INFO - [2025-02-12T05:16:36.749+0000] {dag.py:4180} INFO - Setting next_dagrun for simple_dag to None, run_after=None
[2025-02-12T05:16:36.776+0000] {processor.py:208} INFO - Processing /opt/airflow/dags/sample_dag.py took 0.090 seconds
[2025-02-12T05:17:07.626+0000] {processor.py:186} INFO - Started process (PID=1597) to work on /opt/airflow/dags/sample_dag.py
[2025-02-12T05:17:07.627+0000] {processor.py:914} INFO - Processing file /opt/airflow/dags/sample_dag.py for tasks to queue
[2025-02-12T05:17:07.629+0000] {logging_mixin.py:190} INFO - [2025-02-12T05:17:07.629+0000] {dagbag.py:588} INFO - Filling up the DagBag from /opt/airflow/dags/sample_dag.py
[2025-02-12T05:17:07.641+0000] {processor.py:925} INFO - DAG(s) 'simple_dag' retrieved from /opt/airflow/dags/sample_dag.py
[2025-02-12T05:17:07.667+0000] {logging_mixin.py:190} INFO - [2025-02-12T05:17:07.667+0000] {dag.py:3239} INFO - Sync 1 DAGs
[2025-02-12T05:17:07.687+0000] {logging_mixin.py:190} INFO - [2025-02-12T05:17:07.687+0000] {dag.py:4180} INFO - Setting next_dagrun for simple_dag to None, run_after=None
[2025-02-12T05:17:07.711+0000] {processor.py:208} INFO - Processing /opt/airflow/dags/sample_dag.py took 0.094 seconds
[2025-02-12T05:17:38.602+0000] {processor.py:186} INFO - Started process (PID=1663) to work on /opt/airflow/dags/sample_dag.py
[2025-02-12T05:17:38.603+0000] {processor.py:914} INFO - Processing file /opt/airflow/dags/sample_dag.py for tasks to queue
[2025-02-12T05:17:38.606+0000] {logging_mixin.py:190} INFO - [2025-02-12T05:17:38.606+0000] {dagbag.py:588} INFO - Filling up the DagBag from /opt/airflow/dags/sample_dag.py
[2025-02-12T05:17:38.613+0000] {processor.py:925} INFO - DAG(s) 'simple_dag' retrieved from /opt/airflow/dags/sample_dag.py
[2025-02-12T05:17:38.634+0000] {logging_mixin.py:190} INFO - [2025-02-12T05:17:38.634+0000] {dag.py:3239} INFO - Sync 1 DAGs
[2025-02-12T05:17:38.648+0000] {logging_mixin.py:190} INFO - [2025-02-12T05:17:38.647+0000] {dag.py:4180} INFO - Setting next_dagrun for simple_dag to None, run_after=None
[2025-02-12T05:17:38.672+0000] {processor.py:208} INFO - Processing /opt/airflow/dags/sample_dag.py took 0.076 seconds
[2025-02-12T05:18:09.538+0000] {processor.py:186} INFO - Started process (PID=1729) to work on /opt/airflow/dags/sample_dag.py
[2025-02-12T05:18:09.539+0000] {processor.py:914} INFO - Processing file /opt/airflow/dags/sample_dag.py for tasks to queue
[2025-02-12T05:18:09.542+0000] {logging_mixin.py:190} INFO - [2025-02-12T05:18:09.541+0000] {dagbag.py:588} INFO - Filling up the DagBag from /opt/airflow/dags/sample_dag.py
[2025-02-12T05:18:09.553+0000] {processor.py:925} INFO - DAG(s) 'simple_dag' retrieved from /opt/airflow/dags/sample_dag.py
[2025-02-12T05:18:09.575+0000] {logging_mixin.py:190} INFO - [2025-02-12T05:18:09.575+0000] {dag.py:3239} INFO - Sync 1 DAGs
[2025-02-12T05:18:09.592+0000] {logging_mixin.py:190} INFO - [2025-02-12T05:18:09.592+0000] {dag.py:4180} INFO - Setting next_dagrun for simple_dag to None, run_after=None
[2025-02-12T05:18:09.610+0000] {processor.py:208} INFO - Processing /opt/airflow/dags/sample_dag.py took 0.081 seconds
[2025-02-12T05:18:39.963+0000] {processor.py:186} INFO - Started process (PID=1795) to work on /opt/airflow/dags/sample_dag.py
[2025-02-12T05:18:39.964+0000] {processor.py:914} INFO - Processing file /opt/airflow/dags/sample_dag.py for tasks to queue
[2025-02-12T05:18:39.967+0000] {logging_mixin.py:190} INFO - [2025-02-12T05:18:39.966+0000] {dagbag.py:588} INFO - Filling up the DagBag from /opt/airflow/dags/sample_dag.py
[2025-02-12T05:18:39.975+0000] {processor.py:925} INFO - DAG(s) 'simple_dag' retrieved from /opt/airflow/dags/sample_dag.py
[2025-02-12T05:18:39.996+0000] {logging_mixin.py:190} INFO - [2025-02-12T05:18:39.996+0000] {dag.py:3239} INFO - Sync 1 DAGs
[2025-02-12T05:18:40.011+0000] {logging_mixin.py:190} INFO - [2025-02-12T05:18:40.011+0000] {dag.py:4180} INFO - Setting next_dagrun for simple_dag to None, run_after=None
[2025-02-12T05:18:40.030+0000] {processor.py:208} INFO - Processing /opt/airflow/dags/sample_dag.py took 0.074 seconds
[2025-02-12T05:19:10.131+0000] {processor.py:186} INFO - Started process (PID=1861) to work on /opt/airflow/dags/sample_dag.py
[2025-02-12T05:19:10.132+0000] {processor.py:914} INFO - Processing file /opt/airflow/dags/sample_dag.py for tasks to queue
[2025-02-12T05:19:10.134+0000] {logging_mixin.py:190} INFO - [2025-02-12T05:19:10.134+0000] {dagbag.py:588} INFO - Filling up the DagBag from /opt/airflow/dags/sample_dag.py
[2025-02-12T05:19:10.142+0000] {processor.py:925} INFO - DAG(s) 'simple_dag' retrieved from /opt/airflow/dags/sample_dag.py
[2025-02-12T05:19:10.166+0000] {logging_mixin.py:190} INFO - [2025-02-12T05:19:10.166+0000] {dag.py:3239} INFO - Sync 1 DAGs
[2025-02-12T05:19:10.180+0000] {logging_mixin.py:190} INFO - [2025-02-12T05:19:10.179+0000] {dag.py:4180} INFO - Setting next_dagrun for simple_dag to None, run_after=None
[2025-02-12T05:19:10.199+0000] {processor.py:208} INFO - Processing /opt/airflow/dags/sample_dag.py took 0.077 seconds
[2025-02-12T05:19:41.163+0000] {processor.py:186} INFO - Started process (PID=1927) to work on /opt/airflow/dags/sample_dag.py
[2025-02-12T05:19:41.164+0000] {processor.py:914} INFO - Processing file /opt/airflow/dags/sample_dag.py for tasks to queue
[2025-02-12T05:19:41.166+0000] {logging_mixin.py:190} INFO - [2025-02-12T05:19:41.166+0000] {dagbag.py:588} INFO - Filling up the DagBag from /opt/airflow/dags/sample_dag.py
[2025-02-12T05:19:41.172+0000] {processor.py:925} INFO - DAG(s) 'simple_dag' retrieved from /opt/airflow/dags/sample_dag.py
[2025-02-12T05:19:41.190+0000] {logging_mixin.py:190} INFO - [2025-02-12T05:19:41.189+0000] {dag.py:3239} INFO - Sync 1 DAGs
[2025-02-12T05:19:41.202+0000] {logging_mixin.py:190} INFO - [2025-02-12T05:19:41.202+0000] {dag.py:4180} INFO - Setting next_dagrun for simple_dag to None, run_after=None
[2025-02-12T05:19:41.218+0000] {processor.py:208} INFO - Processing /opt/airflow/dags/sample_dag.py took 0.061 seconds
[2025-02-12T05:20:11.344+0000] {processor.py:186} INFO - Started process (PID=1994) to work on /opt/airflow/dags/sample_dag.py
[2025-02-12T05:20:11.344+0000] {processor.py:914} INFO - Processing file /opt/airflow/dags/sample_dag.py for tasks to queue
[2025-02-12T05:20:11.347+0000] {logging_mixin.py:190} INFO - [2025-02-12T05:20:11.347+0000] {dagbag.py:588} INFO - Filling up the DagBag from /opt/airflow/dags/sample_dag.py
[2025-02-12T05:20:11.353+0000] {processor.py:925} INFO - DAG(s) 'simple_dag' retrieved from /opt/airflow/dags/sample_dag.py
[2025-02-12T05:20:11.371+0000] {logging_mixin.py:190} INFO - [2025-02-12T05:20:11.371+0000] {dag.py:3239} INFO - Sync 1 DAGs
[2025-02-12T05:20:11.383+0000] {logging_mixin.py:190} INFO - [2025-02-12T05:20:11.383+0000] {dag.py:4180} INFO - Setting next_dagrun for simple_dag to None, run_after=None
[2025-02-12T05:20:11.399+0000] {processor.py:208} INFO - Processing /opt/airflow/dags/sample_dag.py took 0.061 seconds
[2025-02-12T05:20:41.552+0000] {processor.py:186} INFO - Started process (PID=2060) to work on /opt/airflow/dags/sample_dag.py
[2025-02-12T05:20:41.554+0000] {processor.py:914} INFO - Processing file /opt/airflow/dags/sample_dag.py for tasks to queue
[2025-02-12T05:20:41.557+0000] {logging_mixin.py:190} INFO - [2025-02-12T05:20:41.557+0000] {dagbag.py:588} INFO - Filling up the DagBag from /opt/airflow/dags/sample_dag.py
[2025-02-12T05:20:41.565+0000] {processor.py:925} INFO - DAG(s) 'simple_dag' retrieved from /opt/airflow/dags/sample_dag.py
[2025-02-12T05:20:41.583+0000] {logging_mixin.py:190} INFO - [2025-02-12T05:20:41.583+0000] {dag.py:3239} INFO - Sync 1 DAGs
[2025-02-12T05:20:41.599+0000] {logging_mixin.py:190} INFO - [2025-02-12T05:20:41.599+0000] {dag.py:4180} INFO - Setting next_dagrun for simple_dag to None, run_after=None
[2025-02-12T05:20:41.618+0000] {processor.py:208} INFO - Processing /opt/airflow/dags/sample_dag.py took 0.072 seconds
[2025-02-12T05:21:12.330+0000] {processor.py:186} INFO - Started process (PID=2126) to work on /opt/airflow/dags/sample_dag.py
[2025-02-12T05:21:12.331+0000] {processor.py:914} INFO - Processing file /opt/airflow/dags/sample_dag.py for tasks to queue
[2025-02-12T05:21:12.333+0000] {logging_mixin.py:190} INFO - [2025-02-12T05:21:12.333+0000] {dagbag.py:588} INFO - Filling up the DagBag from /opt/airflow/dags/sample_dag.py
[2025-02-12T05:21:12.340+0000] {processor.py:925} INFO - DAG(s) 'simple_dag' retrieved from /opt/airflow/dags/sample_dag.py
[2025-02-12T05:21:12.360+0000] {logging_mixin.py:190} INFO - [2025-02-12T05:21:12.360+0000] {dag.py:3239} INFO - Sync 1 DAGs
[2025-02-12T05:21:12.570+0000] {logging_mixin.py:190} INFO - [2025-02-12T05:21:12.570+0000] {dag.py:4180} INFO - Setting next_dagrun for simple_dag to None, run_after=None
[2025-02-12T05:21:12.593+0000] {processor.py:208} INFO - Processing /opt/airflow/dags/sample_dag.py took 0.269 seconds
[2025-02-12T05:21:42.759+0000] {processor.py:186} INFO - Started process (PID=2192) to work on /opt/airflow/dags/sample_dag.py
[2025-02-12T05:21:42.760+0000] {processor.py:914} INFO - Processing file /opt/airflow/dags/sample_dag.py for tasks to queue
[2025-02-12T05:21:42.762+0000] {logging_mixin.py:190} INFO - [2025-02-12T05:21:42.762+0000] {dagbag.py:588} INFO - Filling up the DagBag from /opt/airflow/dags/sample_dag.py
[2025-02-12T05:21:42.769+0000] {processor.py:925} INFO - DAG(s) 'simple_dag' retrieved from /opt/airflow/dags/sample_dag.py
[2025-02-12T05:21:42.789+0000] {logging_mixin.py:190} INFO - [2025-02-12T05:21:42.789+0000] {dag.py:3239} INFO - Sync 1 DAGs
[2025-02-12T05:21:42.804+0000] {logging_mixin.py:190} INFO - [2025-02-12T05:21:42.803+0000] {dag.py:4180} INFO - Setting next_dagrun for simple_dag to None, run_after=None
[2025-02-12T05:21:42.820+0000] {processor.py:208} INFO - Processing /opt/airflow/dags/sample_dag.py took 0.067 seconds
[2025-02-12T05:22:13.164+0000] {processor.py:186} INFO - Started process (PID=2258) to work on /opt/airflow/dags/sample_dag.py
[2025-02-12T05:22:13.165+0000] {processor.py:914} INFO - Processing file /opt/airflow/dags/sample_dag.py for tasks to queue
[2025-02-12T05:22:13.168+0000] {logging_mixin.py:190} INFO - [2025-02-12T05:22:13.168+0000] {dagbag.py:588} INFO - Filling up the DagBag from /opt/airflow/dags/sample_dag.py
[2025-02-12T05:22:13.175+0000] {processor.py:925} INFO - DAG(s) 'simple_dag' retrieved from /opt/airflow/dags/sample_dag.py
[2025-02-12T05:22:13.196+0000] {logging_mixin.py:190} INFO - [2025-02-12T05:22:13.196+0000] {dag.py:3239} INFO - Sync 1 DAGs
[2025-02-12T05:22:13.214+0000] {logging_mixin.py:190} INFO - [2025-02-12T05:22:13.214+0000] {dag.py:4180} INFO - Setting next_dagrun for simple_dag to None, run_after=None
[2025-02-12T05:22:13.230+0000] {processor.py:208} INFO - Processing /opt/airflow/dags/sample_dag.py took 0.072 seconds
[2025-02-12T05:22:43.462+0000] {processor.py:186} INFO - Started process (PID=2324) to work on /opt/airflow/dags/sample_dag.py
[2025-02-12T05:22:43.463+0000] {processor.py:914} INFO - Processing file /opt/airflow/dags/sample_dag.py for tasks to queue
[2025-02-12T05:22:43.466+0000] {logging_mixin.py:190} INFO - [2025-02-12T05:22:43.466+0000] {dagbag.py:588} INFO - Filling up the DagBag from /opt/airflow/dags/sample_dag.py
[2025-02-12T05:22:43.473+0000] {processor.py:925} INFO - DAG(s) 'simple_dag' retrieved from /opt/airflow/dags/sample_dag.py
[2025-02-12T05:22:43.492+0000] {logging_mixin.py:190} INFO - [2025-02-12T05:22:43.492+0000] {dag.py:3239} INFO - Sync 1 DAGs
[2025-02-12T05:22:43.509+0000] {logging_mixin.py:190} INFO - [2025-02-12T05:22:43.508+0000] {dag.py:4180} INFO - Setting next_dagrun for simple_dag to None, run_after=None
[2025-02-12T05:22:43.529+0000] {processor.py:208} INFO - Processing /opt/airflow/dags/sample_dag.py took 0.073 seconds
[2025-02-12T05:23:13.771+0000] {processor.py:186} INFO - Started process (PID=2390) to work on /opt/airflow/dags/sample_dag.py
[2025-02-12T05:23:13.772+0000] {processor.py:914} INFO - Processing file /opt/airflow/dags/sample_dag.py for tasks to queue
[2025-02-12T05:23:13.775+0000] {logging_mixin.py:190} INFO - [2025-02-12T05:23:13.774+0000] {dagbag.py:588} INFO - Filling up the DagBag from /opt/airflow/dags/sample_dag.py
[2025-02-12T05:23:13.782+0000] {processor.py:925} INFO - DAG(s) 'simple_dag' retrieved from /opt/airflow/dags/sample_dag.py
[2025-02-12T05:23:13.803+0000] {logging_mixin.py:190} INFO - [2025-02-12T05:23:13.803+0000] {dag.py:3239} INFO - Sync 1 DAGs
[2025-02-12T05:23:13.820+0000] {logging_mixin.py:190} INFO - [2025-02-12T05:23:13.819+0000] {dag.py:4180} INFO - Setting next_dagrun for simple_dag to None, run_after=None
[2025-02-12T05:23:13.839+0000] {processor.py:208} INFO - Processing /opt/airflow/dags/sample_dag.py took 0.074 seconds
[2025-02-12T05:23:44.216+0000] {processor.py:186} INFO - Started process (PID=2456) to work on /opt/airflow/dags/sample_dag.py
[2025-02-12T05:23:44.217+0000] {processor.py:914} INFO - Processing file /opt/airflow/dags/sample_dag.py for tasks to queue
[2025-02-12T05:23:44.220+0000] {logging_mixin.py:190} INFO - [2025-02-12T05:23:44.220+0000] {dagbag.py:588} INFO - Filling up the DagBag from /opt/airflow/dags/sample_dag.py
[2025-02-12T05:23:44.228+0000] {processor.py:925} INFO - DAG(s) 'simple_dag' retrieved from /opt/airflow/dags/sample_dag.py
[2025-02-12T05:23:44.252+0000] {logging_mixin.py:190} INFO - [2025-02-12T05:23:44.252+0000] {dag.py:3239} INFO - Sync 1 DAGs
[2025-02-12T05:23:44.272+0000] {logging_mixin.py:190} INFO - [2025-02-12T05:23:44.272+0000] {dag.py:4180} INFO - Setting next_dagrun for simple_dag to None, run_after=None
[2025-02-12T05:23:44.293+0000] {processor.py:208} INFO - Processing /opt/airflow/dags/sample_dag.py took 0.082 seconds
[2025-02-12T05:24:14.716+0000] {processor.py:186} INFO - Started process (PID=2522) to work on /opt/airflow/dags/sample_dag.py
[2025-02-12T05:24:14.717+0000] {processor.py:914} INFO - Processing file /opt/airflow/dags/sample_dag.py for tasks to queue
[2025-02-12T05:24:14.719+0000] {logging_mixin.py:190} INFO - [2025-02-12T05:24:14.718+0000] {dagbag.py:588} INFO - Filling up the DagBag from /opt/airflow/dags/sample_dag.py
[2025-02-12T05:24:14.726+0000] {processor.py:925} INFO - DAG(s) 'simple_dag' retrieved from /opt/airflow/dags/sample_dag.py
[2025-02-12T05:24:14.744+0000] {logging_mixin.py:190} INFO - [2025-02-12T05:24:14.744+0000] {dag.py:3239} INFO - Sync 1 DAGs
[2025-02-12T05:24:14.756+0000] {logging_mixin.py:190} INFO - [2025-02-12T05:24:14.756+0000] {dag.py:4180} INFO - Setting next_dagrun for simple_dag to None, run_after=None
[2025-02-12T05:24:14.773+0000] {processor.py:208} INFO - Processing /opt/airflow/dags/sample_dag.py took 0.062 seconds
[2025-02-12T05:24:45.295+0000] {processor.py:186} INFO - Started process (PID=2588) to work on /opt/airflow/dags/sample_dag.py
[2025-02-12T05:24:45.296+0000] {processor.py:914} INFO - Processing file /opt/airflow/dags/sample_dag.py for tasks to queue
[2025-02-12T05:24:45.299+0000] {logging_mixin.py:190} INFO - [2025-02-12T05:24:45.298+0000] {dagbag.py:588} INFO - Filling up the DagBag from /opt/airflow/dags/sample_dag.py
[2025-02-12T05:24:45.305+0000] {processor.py:925} INFO - DAG(s) 'simple_dag' retrieved from /opt/airflow/dags/sample_dag.py
[2025-02-12T05:24:45.325+0000] {logging_mixin.py:190} INFO - [2025-02-12T05:24:45.324+0000] {dag.py:3239} INFO - Sync 1 DAGs
[2025-02-12T05:24:45.338+0000] {logging_mixin.py:190} INFO - [2025-02-12T05:24:45.337+0000] {dag.py:4180} INFO - Setting next_dagrun for simple_dag to None, run_after=None
[2025-02-12T05:24:45.357+0000] {processor.py:208} INFO - Processing /opt/airflow/dags/sample_dag.py took 0.068 seconds
[2025-02-12T05:25:15.911+0000] {processor.py:186} INFO - Started process (PID=2654) to work on /opt/airflow/dags/sample_dag.py
[2025-02-12T05:25:15.912+0000] {processor.py:914} INFO - Processing file /opt/airflow/dags/sample_dag.py for tasks to queue
[2025-02-12T05:25:15.915+0000] {logging_mixin.py:190} INFO - [2025-02-12T05:25:15.914+0000] {dagbag.py:588} INFO - Filling up the DagBag from /opt/airflow/dags/sample_dag.py
[2025-02-12T05:25:15.921+0000] {processor.py:925} INFO - DAG(s) 'simple_dag' retrieved from /opt/airflow/dags/sample_dag.py
[2025-02-12T05:25:15.939+0000] {logging_mixin.py:190} INFO - [2025-02-12T05:25:15.939+0000] {dag.py:3239} INFO - Sync 1 DAGs
[2025-02-12T05:25:15.950+0000] {logging_mixin.py:190} INFO - [2025-02-12T05:25:15.950+0000] {dag.py:4180} INFO - Setting next_dagrun for simple_dag to None, run_after=None
[2025-02-12T05:25:15.967+0000] {processor.py:208} INFO - Processing /opt/airflow/dags/sample_dag.py took 0.061 seconds
[2025-02-12T05:25:46.142+0000] {processor.py:186} INFO - Started process (PID=2720) to work on /opt/airflow/dags/sample_dag.py
[2025-02-12T05:25:46.143+0000] {processor.py:914} INFO - Processing file /opt/airflow/dags/sample_dag.py for tasks to queue
[2025-02-12T05:25:46.145+0000] {logging_mixin.py:190} INFO - [2025-02-12T05:25:46.145+0000] {dagbag.py:588} INFO - Filling up the DagBag from /opt/airflow/dags/sample_dag.py
[2025-02-12T05:25:46.152+0000] {processor.py:925} INFO - DAG(s) 'simple_dag' retrieved from /opt/airflow/dags/sample_dag.py
[2025-02-12T05:25:46.170+0000] {logging_mixin.py:190} INFO - [2025-02-12T05:25:46.170+0000] {dag.py:3239} INFO - Sync 1 DAGs
[2025-02-12T05:25:46.183+0000] {logging_mixin.py:190} INFO - [2025-02-12T05:25:46.183+0000] {dag.py:4180} INFO - Setting next_dagrun for simple_dag to None, run_after=None
[2025-02-12T05:25:46.201+0000] {processor.py:208} INFO - Processing /opt/airflow/dags/sample_dag.py took 0.065 seconds
[2025-02-12T05:26:16.264+0000] {processor.py:186} INFO - Started process (PID=2786) to work on /opt/airflow/dags/sample_dag.py
[2025-02-12T05:26:16.265+0000] {processor.py:914} INFO - Processing file /opt/airflow/dags/sample_dag.py for tasks to queue
[2025-02-12T05:26:16.267+0000] {logging_mixin.py:190} INFO - [2025-02-12T05:26:16.266+0000] {dagbag.py:588} INFO - Filling up the DagBag from /opt/airflow/dags/sample_dag.py
[2025-02-12T05:26:16.273+0000] {processor.py:925} INFO - DAG(s) 'simple_dag' retrieved from /opt/airflow/dags/sample_dag.py
[2025-02-12T05:26:16.294+0000] {logging_mixin.py:190} INFO - [2025-02-12T05:26:16.293+0000] {dag.py:3239} INFO - Sync 1 DAGs
[2025-02-12T05:26:16.309+0000] {logging_mixin.py:190} INFO - [2025-02-12T05:26:16.309+0000] {dag.py:4180} INFO - Setting next_dagrun for simple_dag to None, run_after=None
[2025-02-12T05:26:16.326+0000] {processor.py:208} INFO - Processing /opt/airflow/dags/sample_dag.py took 0.068 seconds
[2025-02-12T05:26:46.512+0000] {processor.py:186} INFO - Started process (PID=2852) to work on /opt/airflow/dags/sample_dag.py
[2025-02-12T05:26:46.513+0000] {processor.py:914} INFO - Processing file /opt/airflow/dags/sample_dag.py for tasks to queue
[2025-02-12T05:26:46.515+0000] {logging_mixin.py:190} INFO - [2025-02-12T05:26:46.514+0000] {dagbag.py:588} INFO - Filling up the DagBag from /opt/airflow/dags/sample_dag.py
[2025-02-12T05:26:46.521+0000] {processor.py:925} INFO - DAG(s) 'simple_dag' retrieved from /opt/airflow/dags/sample_dag.py
[2025-02-12T05:26:46.541+0000] {logging_mixin.py:190} INFO - [2025-02-12T05:26:46.540+0000] {dag.py:3239} INFO - Sync 1 DAGs
[2025-02-12T05:26:46.556+0000] {logging_mixin.py:190} INFO - [2025-02-12T05:26:46.556+0000] {dag.py:4180} INFO - Setting next_dagrun for simple_dag to None, run_after=None
[2025-02-12T05:26:46.573+0000] {processor.py:208} INFO - Processing /opt/airflow/dags/sample_dag.py took 0.067 seconds
[2025-02-12T05:27:16.626+0000] {processor.py:186} INFO - Started process (PID=2917) to work on /opt/airflow/dags/sample_dag.py
[2025-02-12T05:27:16.627+0000] {processor.py:914} INFO - Processing file /opt/airflow/dags/sample_dag.py for tasks to queue
[2025-02-12T05:27:16.629+0000] {logging_mixin.py:190} INFO - [2025-02-12T05:27:16.629+0000] {dagbag.py:588} INFO - Filling up the DagBag from /opt/airflow/dags/sample_dag.py
[2025-02-12T05:27:16.637+0000] {processor.py:925} INFO - DAG(s) 'simple_dag' retrieved from /opt/airflow/dags/sample_dag.py
[2025-02-12T05:27:16.656+0000] {logging_mixin.py:190} INFO - [2025-02-12T05:27:16.656+0000] {dag.py:3239} INFO - Sync 1 DAGs
[2025-02-12T05:27:16.670+0000] {logging_mixin.py:190} INFO - [2025-02-12T05:27:16.670+0000] {dag.py:4180} INFO - Setting next_dagrun for simple_dag to None, run_after=None
[2025-02-12T05:27:16.688+0000] {processor.py:208} INFO - Processing /opt/airflow/dags/sample_dag.py took 0.067 seconds
[2025-02-12T05:27:47.634+0000] {processor.py:186} INFO - Started process (PID=2983) to work on /opt/airflow/dags/sample_dag.py
[2025-02-12T05:27:47.635+0000] {processor.py:914} INFO - Processing file /opt/airflow/dags/sample_dag.py for tasks to queue
[2025-02-12T05:27:47.637+0000] {logging_mixin.py:190} INFO - [2025-02-12T05:27:47.637+0000] {dagbag.py:588} INFO - Filling up the DagBag from /opt/airflow/dags/sample_dag.py
[2025-02-12T05:27:47.644+0000] {processor.py:925} INFO - DAG(s) 'simple_dag' retrieved from /opt/airflow/dags/sample_dag.py
[2025-02-12T05:27:47.665+0000] {logging_mixin.py:190} INFO - [2025-02-12T05:27:47.665+0000] {dag.py:3239} INFO - Sync 1 DAGs
[2025-02-12T05:27:47.677+0000] {logging_mixin.py:190} INFO - [2025-02-12T05:27:47.677+0000] {dag.py:4180} INFO - Setting next_dagrun for simple_dag to None, run_after=None
[2025-02-12T05:27:47.695+0000] {processor.py:208} INFO - Processing /opt/airflow/dags/sample_dag.py took 0.067 seconds
[2025-02-12T05:28:17.925+0000] {processor.py:186} INFO - Started process (PID=3049) to work on /opt/airflow/dags/sample_dag.py
[2025-02-12T05:28:17.926+0000] {processor.py:914} INFO - Processing file /opt/airflow/dags/sample_dag.py for tasks to queue
[2025-02-12T05:28:17.928+0000] {logging_mixin.py:190} INFO - [2025-02-12T05:28:17.928+0000] {dagbag.py:588} INFO - Filling up the DagBag from /opt/airflow/dags/sample_dag.py
[2025-02-12T05:28:17.935+0000] {processor.py:925} INFO - DAG(s) 'simple_dag' retrieved from /opt/airflow/dags/sample_dag.py
[2025-02-12T05:28:17.956+0000] {logging_mixin.py:190} INFO - [2025-02-12T05:28:17.955+0000] {dag.py:3239} INFO - Sync 1 DAGs
[2025-02-12T05:28:17.970+0000] {logging_mixin.py:190} INFO - [2025-02-12T05:28:17.970+0000] {dag.py:4180} INFO - Setting next_dagrun for simple_dag to None, run_after=None
[2025-02-12T05:28:17.988+0000] {processor.py:208} INFO - Processing /opt/airflow/dags/sample_dag.py took 0.069 seconds
[2025-02-12T05:28:48.422+0000] {processor.py:186} INFO - Started process (PID=3117) to work on /opt/airflow/dags/sample_dag.py
[2025-02-12T05:28:48.423+0000] {processor.py:914} INFO - Processing file /opt/airflow/dags/sample_dag.py for tasks to queue
[2025-02-12T05:28:48.426+0000] {logging_mixin.py:190} INFO - [2025-02-12T05:28:48.426+0000] {dagbag.py:588} INFO - Filling up the DagBag from /opt/airflow/dags/sample_dag.py
[2025-02-12T05:28:48.433+0000] {processor.py:925} INFO - DAG(s) 'simple_dag' retrieved from /opt/airflow/dags/sample_dag.py
[2025-02-12T05:28:48.452+0000] {logging_mixin.py:190} INFO - [2025-02-12T05:28:48.451+0000] {dag.py:3239} INFO - Sync 1 DAGs
[2025-02-12T05:28:48.464+0000] {logging_mixin.py:190} INFO - [2025-02-12T05:28:48.464+0000] {dag.py:4180} INFO - Setting next_dagrun for simple_dag to None, run_after=None
[2025-02-12T05:28:48.489+0000] {processor.py:208} INFO - Processing /opt/airflow/dags/sample_dag.py took 0.072 seconds
[2025-02-12T05:29:18.803+0000] {processor.py:186} INFO - Started process (PID=3183) to work on /opt/airflow/dags/sample_dag.py
[2025-02-12T05:29:18.804+0000] {processor.py:914} INFO - Processing file /opt/airflow/dags/sample_dag.py for tasks to queue
[2025-02-12T05:29:18.806+0000] {logging_mixin.py:190} INFO - [2025-02-12T05:29:18.806+0000] {dagbag.py:588} INFO - Filling up the DagBag from /opt/airflow/dags/sample_dag.py
[2025-02-12T05:29:18.814+0000] {processor.py:925} INFO - DAG(s) 'simple_dag' retrieved from /opt/airflow/dags/sample_dag.py
[2025-02-12T05:29:18.834+0000] {logging_mixin.py:190} INFO - [2025-02-12T05:29:18.834+0000] {dag.py:3239} INFO - Sync 1 DAGs
[2025-02-12T05:29:18.849+0000] {logging_mixin.py:190} INFO - [2025-02-12T05:29:18.849+0000] {dag.py:4180} INFO - Setting next_dagrun for simple_dag to None, run_after=None
[2025-02-12T05:29:18.865+0000] {processor.py:208} INFO - Processing /opt/airflow/dags/sample_dag.py took 0.068 seconds
[2025-02-12T05:29:49.264+0000] {processor.py:186} INFO - Started process (PID=3249) to work on /opt/airflow/dags/sample_dag.py
[2025-02-12T05:29:49.265+0000] {processor.py:914} INFO - Processing file /opt/airflow/dags/sample_dag.py for tasks to queue
[2025-02-12T05:29:49.268+0000] {logging_mixin.py:190} INFO - [2025-02-12T05:29:49.267+0000] {dagbag.py:588} INFO - Filling up the DagBag from /opt/airflow/dags/sample_dag.py
[2025-02-12T05:29:49.275+0000] {processor.py:925} INFO - DAG(s) 'simple_dag' retrieved from /opt/airflow/dags/sample_dag.py
[2025-02-12T05:29:49.294+0000] {logging_mixin.py:190} INFO - [2025-02-12T05:29:49.294+0000] {dag.py:3239} INFO - Sync 1 DAGs
[2025-02-12T05:29:49.308+0000] {logging_mixin.py:190} INFO - [2025-02-12T05:29:49.308+0000] {dag.py:4180} INFO - Setting next_dagrun for simple_dag to None, run_after=None
[2025-02-12T05:29:49.325+0000] {processor.py:208} INFO - Processing /opt/airflow/dags/sample_dag.py took 0.066 seconds
[2025-02-12T05:30:19.855+0000] {processor.py:186} INFO - Started process (PID=3315) to work on /opt/airflow/dags/sample_dag.py
[2025-02-12T05:30:19.856+0000] {processor.py:914} INFO - Processing file /opt/airflow/dags/sample_dag.py for tasks to queue
[2025-02-12T05:30:19.858+0000] {logging_mixin.py:190} INFO - [2025-02-12T05:30:19.858+0000] {dagbag.py:588} INFO - Filling up the DagBag from /opt/airflow/dags/sample_dag.py
[2025-02-12T05:30:19.865+0000] {processor.py:925} INFO - DAG(s) 'simple_dag' retrieved from /opt/airflow/dags/sample_dag.py
[2025-02-12T05:30:19.883+0000] {logging_mixin.py:190} INFO - [2025-02-12T05:30:19.883+0000] {dag.py:3239} INFO - Sync 1 DAGs
[2025-02-12T05:30:19.895+0000] {logging_mixin.py:190} INFO - [2025-02-12T05:30:19.895+0000] {dag.py:4180} INFO - Setting next_dagrun for simple_dag to None, run_after=None
[2025-02-12T05:30:19.912+0000] {processor.py:208} INFO - Processing /opt/airflow/dags/sample_dag.py took 0.062 seconds
[2025-02-12T05:30:50.523+0000] {processor.py:186} INFO - Started process (PID=3381) to work on /opt/airflow/dags/sample_dag.py
[2025-02-12T05:30:50.524+0000] {processor.py:914} INFO - Processing file /opt/airflow/dags/sample_dag.py for tasks to queue
[2025-02-12T05:30:50.526+0000] {logging_mixin.py:190} INFO - [2025-02-12T05:30:50.526+0000] {dagbag.py:588} INFO - Filling up the DagBag from /opt/airflow/dags/sample_dag.py
[2025-02-12T05:30:50.533+0000] {processor.py:925} INFO - DAG(s) 'simple_dag' retrieved from /opt/airflow/dags/sample_dag.py
[2025-02-12T05:30:50.552+0000] {logging_mixin.py:190} INFO - [2025-02-12T05:30:50.551+0000] {dag.py:3239} INFO - Sync 1 DAGs
[2025-02-12T05:30:50.564+0000] {logging_mixin.py:190} INFO - [2025-02-12T05:30:50.564+0000] {dag.py:4180} INFO - Setting next_dagrun for simple_dag to None, run_after=None
[2025-02-12T05:30:50.579+0000] {processor.py:208} INFO - Processing /opt/airflow/dags/sample_dag.py took 0.062 seconds
[2025-02-12T05:31:21.121+0000] {processor.py:186} INFO - Started process (PID=3447) to work on /opt/airflow/dags/sample_dag.py
[2025-02-12T05:31:21.121+0000] {processor.py:914} INFO - Processing file /opt/airflow/dags/sample_dag.py for tasks to queue
[2025-02-12T05:31:21.124+0000] {logging_mixin.py:190} INFO - [2025-02-12T05:31:21.123+0000] {dagbag.py:588} INFO - Filling up the DagBag from /opt/airflow/dags/sample_dag.py
[2025-02-12T05:31:21.130+0000] {processor.py:925} INFO - DAG(s) 'simple_dag' retrieved from /opt/airflow/dags/sample_dag.py
[2025-02-12T05:31:21.150+0000] {logging_mixin.py:190} INFO - [2025-02-12T05:31:21.149+0000] {dag.py:3239} INFO - Sync 1 DAGs
[2025-02-12T05:31:21.163+0000] {logging_mixin.py:190} INFO - [2025-02-12T05:31:21.162+0000] {dag.py:4180} INFO - Setting next_dagrun for simple_dag to None, run_after=None
[2025-02-12T05:31:21.181+0000] {processor.py:208} INFO - Processing /opt/airflow/dags/sample_dag.py took 0.066 seconds
[2025-02-12T05:31:51.561+0000] {processor.py:186} INFO - Started process (PID=3513) to work on /opt/airflow/dags/sample_dag.py
[2025-02-12T05:31:51.562+0000] {processor.py:914} INFO - Processing file /opt/airflow/dags/sample_dag.py for tasks to queue
[2025-02-12T05:31:51.564+0000] {logging_mixin.py:190} INFO - [2025-02-12T05:31:51.564+0000] {dagbag.py:588} INFO - Filling up the DagBag from /opt/airflow/dags/sample_dag.py
[2025-02-12T05:31:51.571+0000] {processor.py:925} INFO - DAG(s) 'simple_dag' retrieved from /opt/airflow/dags/sample_dag.py
[2025-02-12T05:31:51.589+0000] {logging_mixin.py:190} INFO - [2025-02-12T05:31:51.588+0000] {dag.py:3239} INFO - Sync 1 DAGs
[2025-02-12T05:31:51.600+0000] {logging_mixin.py:190} INFO - [2025-02-12T05:31:51.600+0000] {dag.py:4180} INFO - Setting next_dagrun for simple_dag to None, run_after=None
[2025-02-12T05:31:51.616+0000] {processor.py:208} INFO - Processing /opt/airflow/dags/sample_dag.py took 0.061 seconds
[2025-02-12T05:32:22.116+0000] {processor.py:186} INFO - Started process (PID=3579) to work on /opt/airflow/dags/sample_dag.py
[2025-02-12T05:32:22.117+0000] {processor.py:914} INFO - Processing file /opt/airflow/dags/sample_dag.py for tasks to queue
[2025-02-12T05:32:22.119+0000] {logging_mixin.py:190} INFO - [2025-02-12T05:32:22.119+0000] {dagbag.py:588} INFO - Filling up the DagBag from /opt/airflow/dags/sample_dag.py
[2025-02-12T05:32:22.126+0000] {processor.py:925} INFO - DAG(s) 'simple_dag' retrieved from /opt/airflow/dags/sample_dag.py
[2025-02-12T05:32:22.144+0000] {logging_mixin.py:190} INFO - [2025-02-12T05:32:22.144+0000] {dag.py:3239} INFO - Sync 1 DAGs
[2025-02-12T05:32:22.158+0000] {logging_mixin.py:190} INFO - [2025-02-12T05:32:22.157+0000] {dag.py:4180} INFO - Setting next_dagrun for simple_dag to None, run_after=None
[2025-02-12T05:32:22.173+0000] {processor.py:208} INFO - Processing /opt/airflow/dags/sample_dag.py took 0.063 seconds
[2025-02-12T05:32:52.530+0000] {processor.py:186} INFO - Started process (PID=3645) to work on /opt/airflow/dags/sample_dag.py
[2025-02-12T05:32:52.531+0000] {processor.py:914} INFO - Processing file /opt/airflow/dags/sample_dag.py for tasks to queue
[2025-02-12T05:32:52.533+0000] {logging_mixin.py:190} INFO - [2025-02-12T05:32:52.533+0000] {dagbag.py:588} INFO - Filling up the DagBag from /opt/airflow/dags/sample_dag.py
[2025-02-12T05:32:52.540+0000] {processor.py:925} INFO - DAG(s) 'simple_dag' retrieved from /opt/airflow/dags/sample_dag.py
[2025-02-12T05:32:52.559+0000] {logging_mixin.py:190} INFO - [2025-02-12T05:32:52.558+0000] {dag.py:3239} INFO - Sync 1 DAGs
[2025-02-12T05:32:52.571+0000] {logging_mixin.py:190} INFO - [2025-02-12T05:32:52.570+0000] {dag.py:4180} INFO - Setting next_dagrun for simple_dag to None, run_after=None
[2025-02-12T05:32:52.587+0000] {processor.py:208} INFO - Processing /opt/airflow/dags/sample_dag.py took 0.062 seconds
[2025-02-12T05:33:22.859+0000] {processor.py:186} INFO - Started process (PID=3711) to work on /opt/airflow/dags/sample_dag.py
[2025-02-12T05:33:22.860+0000] {processor.py:914} INFO - Processing file /opt/airflow/dags/sample_dag.py for tasks to queue
[2025-02-12T05:33:22.862+0000] {logging_mixin.py:190} INFO - [2025-02-12T05:33:22.862+0000] {dagbag.py:588} INFO - Filling up the DagBag from /opt/airflow/dags/sample_dag.py
[2025-02-12T05:33:22.869+0000] {processor.py:925} INFO - DAG(s) 'simple_dag' retrieved from /opt/airflow/dags/sample_dag.py
[2025-02-12T05:33:22.889+0000] {logging_mixin.py:190} INFO - [2025-02-12T05:33:22.889+0000] {dag.py:3239} INFO - Sync 1 DAGs
[2025-02-12T05:33:22.905+0000] {logging_mixin.py:190} INFO - [2025-02-12T05:33:22.905+0000] {dag.py:4180} INFO - Setting next_dagrun for simple_dag to None, run_after=None
[2025-02-12T05:33:22.922+0000] {processor.py:208} INFO - Processing /opt/airflow/dags/sample_dag.py took 0.069 seconds
[2025-02-12T05:33:53.120+0000] {processor.py:186} INFO - Started process (PID=3777) to work on /opt/airflow/dags/sample_dag.py
[2025-02-12T05:33:53.120+0000] {processor.py:914} INFO - Processing file /opt/airflow/dags/sample_dag.py for tasks to queue
[2025-02-12T05:33:53.123+0000] {logging_mixin.py:190} INFO - [2025-02-12T05:33:53.122+0000] {dagbag.py:588} INFO - Filling up the DagBag from /opt/airflow/dags/sample_dag.py
[2025-02-12T05:33:53.129+0000] {processor.py:925} INFO - DAG(s) 'simple_dag' retrieved from /opt/airflow/dags/sample_dag.py
[2025-02-12T05:33:53.148+0000] {logging_mixin.py:190} INFO - [2025-02-12T05:33:53.148+0000] {dag.py:3239} INFO - Sync 1 DAGs
[2025-02-12T05:33:53.160+0000] {logging_mixin.py:190} INFO - [2025-02-12T05:33:53.160+0000] {dag.py:4180} INFO - Setting next_dagrun for simple_dag to None, run_after=None
[2025-02-12T05:33:53.179+0000] {processor.py:208} INFO - Processing /opt/airflow/dags/sample_dag.py took 0.065 seconds
[2025-02-12T05:34:23.409+0000] {processor.py:186} INFO - Started process (PID=3843) to work on /opt/airflow/dags/sample_dag.py
[2025-02-12T05:34:23.410+0000] {processor.py:914} INFO - Processing file /opt/airflow/dags/sample_dag.py for tasks to queue
[2025-02-12T05:34:23.412+0000] {logging_mixin.py:190} INFO - [2025-02-12T05:34:23.412+0000] {dagbag.py:588} INFO - Filling up the DagBag from /opt/airflow/dags/sample_dag.py
[2025-02-12T05:34:23.419+0000] {processor.py:925} INFO - DAG(s) 'simple_dag' retrieved from /opt/airflow/dags/sample_dag.py
[2025-02-12T05:34:23.437+0000] {logging_mixin.py:190} INFO - [2025-02-12T05:34:23.437+0000] {dag.py:3239} INFO - Sync 1 DAGs
[2025-02-12T05:34:23.450+0000] {logging_mixin.py:190} INFO - [2025-02-12T05:34:23.450+0000] {dag.py:4180} INFO - Setting next_dagrun for simple_dag to None, run_after=None
[2025-02-12T05:34:23.472+0000] {processor.py:208} INFO - Processing /opt/airflow/dags/sample_dag.py took 0.069 seconds
[2025-02-12T05:34:53.528+0000] {processor.py:186} INFO - Started process (PID=3909) to work on /opt/airflow/dags/sample_dag.py
[2025-02-12T05:34:53.528+0000] {processor.py:914} INFO - Processing file /opt/airflow/dags/sample_dag.py for tasks to queue
[2025-02-12T05:34:53.531+0000] {logging_mixin.py:190} INFO - [2025-02-12T05:34:53.530+0000] {dagbag.py:588} INFO - Filling up the DagBag from /opt/airflow/dags/sample_dag.py
[2025-02-12T05:34:53.537+0000] {processor.py:925} INFO - DAG(s) 'simple_dag' retrieved from /opt/airflow/dags/sample_dag.py
[2025-02-12T05:34:53.555+0000] {logging_mixin.py:190} INFO - [2025-02-12T05:34:53.555+0000] {dag.py:3239} INFO - Sync 1 DAGs
[2025-02-12T05:34:53.568+0000] {logging_mixin.py:190} INFO - [2025-02-12T05:34:53.568+0000] {dag.py:4180} INFO - Setting next_dagrun for simple_dag to None, run_after=None
[2025-02-12T05:34:53.585+0000] {processor.py:208} INFO - Processing /opt/airflow/dags/sample_dag.py took 0.062 seconds
[2025-02-12T05:35:23.905+0000] {processor.py:186} INFO - Started process (PID=3975) to work on /opt/airflow/dags/sample_dag.py
[2025-02-12T05:35:23.906+0000] {processor.py:914} INFO - Processing file /opt/airflow/dags/sample_dag.py for tasks to queue
[2025-02-12T05:35:23.908+0000] {logging_mixin.py:190} INFO - [2025-02-12T05:35:23.907+0000] {dagbag.py:588} INFO - Filling up the DagBag from /opt/airflow/dags/sample_dag.py
[2025-02-12T05:35:23.915+0000] {processor.py:925} INFO - DAG(s) 'simple_dag' retrieved from /opt/airflow/dags/sample_dag.py
[2025-02-12T05:35:23.934+0000] {logging_mixin.py:190} INFO - [2025-02-12T05:35:23.934+0000] {dag.py:3239} INFO - Sync 1 DAGs
[2025-02-12T05:35:23.948+0000] {logging_mixin.py:190} INFO - [2025-02-12T05:35:23.947+0000] {dag.py:4180} INFO - Setting next_dagrun for simple_dag to None, run_after=None
[2025-02-12T05:35:23.966+0000] {processor.py:208} INFO - Processing /opt/airflow/dags/sample_dag.py took 0.067 seconds
[2025-02-12T05:35:54.481+0000] {processor.py:186} INFO - Started process (PID=4041) to work on /opt/airflow/dags/sample_dag.py
[2025-02-12T05:35:54.482+0000] {processor.py:914} INFO - Processing file /opt/airflow/dags/sample_dag.py for tasks to queue
[2025-02-12T05:35:54.484+0000] {logging_mixin.py:190} INFO - [2025-02-12T05:35:54.484+0000] {dagbag.py:588} INFO - Filling up the DagBag from /opt/airflow/dags/sample_dag.py
[2025-02-12T05:35:54.491+0000] {processor.py:925} INFO - DAG(s) 'simple_dag' retrieved from /opt/airflow/dags/sample_dag.py
[2025-02-12T05:35:54.509+0000] {logging_mixin.py:190} INFO - [2025-02-12T05:35:54.509+0000] {dag.py:3239} INFO - Sync 1 DAGs
[2025-02-12T05:35:54.522+0000] {logging_mixin.py:190} INFO - [2025-02-12T05:35:54.521+0000] {dag.py:4180} INFO - Setting next_dagrun for simple_dag to None, run_after=None
[2025-02-12T05:35:54.537+0000] {processor.py:208} INFO - Processing /opt/airflow/dags/sample_dag.py took 0.062 seconds
