[2025-02-12T05:05:32.972+0000] {processor.py:186} INFO - Started process (PID=121) to work on /home/airflow/.local/lib/python3.12/site-packages/airflow/example_dags/example_nested_branch_dag.py
[2025-02-12T05:05:32.973+0000] {processor.py:914} INFO - Processing file /home/airflow/.local/lib/python3.12/site-packages/airflow/example_dags/example_nested_branch_dag.py for tasks to queue
[2025-02-12T05:05:32.979+0000] {logging_mixin.py:190} INFO - [2025-02-12T05:05:32.978+0000] {dagbag.py:588} INFO - Filling up the DagBag from /home/airflow/.local/lib/python3.12/site-packages/airflow/example_dags/example_nested_branch_dag.py
[2025-02-12T05:05:33.002+0000] {processor.py:925} INFO - DAG(s) 'example_nested_branch_dag' retrieved from /home/airflow/.local/lib/python3.12/site-packages/airflow/example_dags/example_nested_branch_dag.py
[2025-02-12T05:05:33.045+0000] {logging_mixin.py:190} INFO - [2025-02-12T05:05:33.044+0000] {dag.py:3239} INFO - Sync 1 DAGs
[2025-02-12T05:05:33.094+0000] {logging_mixin.py:190} INFO - [2025-02-12T05:05:33.093+0000] {dag.py:4180} INFO - Setting next_dagrun for example_nested_branch_dag to 2025-02-11 00:00:00+00:00, run_after=2025-02-12 00:00:00+00:00
[2025-02-12T05:05:33.140+0000] {processor.py:208} INFO - Processing /home/airflow/.local/lib/python3.12/site-packages/airflow/example_dags/example_nested_branch_dag.py took 0.180 seconds
[2025-02-12T05:06:03.301+0000] {processor.py:186} INFO - Started process (PID=191) to work on /home/airflow/.local/lib/python3.12/site-packages/airflow/example_dags/example_nested_branch_dag.py
[2025-02-12T05:06:03.303+0000] {processor.py:914} INFO - Processing file /home/airflow/.local/lib/python3.12/site-packages/airflow/example_dags/example_nested_branch_dag.py for tasks to queue
[2025-02-12T05:06:03.307+0000] {logging_mixin.py:190} INFO - [2025-02-12T05:06:03.306+0000] {dagbag.py:588} INFO - Filling up the DagBag from /home/airflow/.local/lib/python3.12/site-packages/airflow/example_dags/example_nested_branch_dag.py
[2025-02-12T05:06:03.328+0000] {processor.py:925} INFO - DAG(s) 'example_nested_branch_dag' retrieved from /home/airflow/.local/lib/python3.12/site-packages/airflow/example_dags/example_nested_branch_dag.py
[2025-02-12T05:06:03.363+0000] {logging_mixin.py:190} INFO - [2025-02-12T05:06:03.363+0000] {dag.py:3239} INFO - Sync 1 DAGs
[2025-02-12T05:06:03.399+0000] {logging_mixin.py:190} INFO - [2025-02-12T05:06:03.399+0000] {dag.py:4180} INFO - Setting next_dagrun for example_nested_branch_dag to 2025-02-11 00:00:00+00:00, run_after=2025-02-12 00:00:00+00:00
[2025-02-12T05:06:03.423+0000] {processor.py:208} INFO - Processing /home/airflow/.local/lib/python3.12/site-packages/airflow/example_dags/example_nested_branch_dag.py took 0.131 seconds
[2025-02-12T05:06:34.025+0000] {processor.py:186} INFO - Started process (PID=257) to work on /home/airflow/.local/lib/python3.12/site-packages/airflow/example_dags/example_nested_branch_dag.py
[2025-02-12T05:06:34.026+0000] {processor.py:914} INFO - Processing file /home/airflow/.local/lib/python3.12/site-packages/airflow/example_dags/example_nested_branch_dag.py for tasks to queue
[2025-02-12T05:06:34.029+0000] {logging_mixin.py:190} INFO - [2025-02-12T05:06:34.029+0000] {dagbag.py:588} INFO - Filling up the DagBag from /home/airflow/.local/lib/python3.12/site-packages/airflow/example_dags/example_nested_branch_dag.py
[2025-02-12T05:06:34.046+0000] {processor.py:925} INFO - DAG(s) 'example_nested_branch_dag' retrieved from /home/airflow/.local/lib/python3.12/site-packages/airflow/example_dags/example_nested_branch_dag.py
[2025-02-12T05:06:34.078+0000] {logging_mixin.py:190} INFO - [2025-02-12T05:06:34.078+0000] {dag.py:3239} INFO - Sync 1 DAGs
[2025-02-12T05:06:34.115+0000] {logging_mixin.py:190} INFO - [2025-02-12T05:06:34.115+0000] {dag.py:4180} INFO - Setting next_dagrun for example_nested_branch_dag to 2025-02-11 00:00:00+00:00, run_after=2025-02-12 00:00:00+00:00
[2025-02-12T05:06:34.144+0000] {processor.py:208} INFO - Processing /home/airflow/.local/lib/python3.12/site-packages/airflow/example_dags/example_nested_branch_dag.py took 0.127 seconds
[2025-02-12T05:07:04.412+0000] {processor.py:186} INFO - Started process (PID=322) to work on /home/airflow/.local/lib/python3.12/site-packages/airflow/example_dags/example_nested_branch_dag.py
[2025-02-12T05:07:04.413+0000] {processor.py:914} INFO - Processing file /home/airflow/.local/lib/python3.12/site-packages/airflow/example_dags/example_nested_branch_dag.py for tasks to queue
[2025-02-12T05:07:04.416+0000] {logging_mixin.py:190} INFO - [2025-02-12T05:07:04.416+0000] {dagbag.py:588} INFO - Filling up the DagBag from /home/airflow/.local/lib/python3.12/site-packages/airflow/example_dags/example_nested_branch_dag.py
[2025-02-12T05:07:04.434+0000] {processor.py:925} INFO - DAG(s) 'example_nested_branch_dag' retrieved from /home/airflow/.local/lib/python3.12/site-packages/airflow/example_dags/example_nested_branch_dag.py
[2025-02-12T05:07:04.469+0000] {logging_mixin.py:190} INFO - [2025-02-12T05:07:04.468+0000] {dag.py:3239} INFO - Sync 1 DAGs
[2025-02-12T05:07:04.507+0000] {logging_mixin.py:190} INFO - [2025-02-12T05:07:04.507+0000] {dag.py:4180} INFO - Setting next_dagrun for example_nested_branch_dag to 2025-02-11 00:00:00+00:00, run_after=2025-02-12 00:00:00+00:00
[2025-02-12T05:07:04.534+0000] {processor.py:208} INFO - Processing /home/airflow/.local/lib/python3.12/site-packages/airflow/example_dags/example_nested_branch_dag.py took 0.133 seconds
[2025-02-12T05:07:35.420+0000] {processor.py:186} INFO - Started process (PID=388) to work on /home/airflow/.local/lib/python3.12/site-packages/airflow/example_dags/example_nested_branch_dag.py
[2025-02-12T05:07:35.421+0000] {processor.py:914} INFO - Processing file /home/airflow/.local/lib/python3.12/site-packages/airflow/example_dags/example_nested_branch_dag.py for tasks to queue
[2025-02-12T05:07:35.424+0000] {logging_mixin.py:190} INFO - [2025-02-12T05:07:35.424+0000] {dagbag.py:588} INFO - Filling up the DagBag from /home/airflow/.local/lib/python3.12/site-packages/airflow/example_dags/example_nested_branch_dag.py
[2025-02-12T05:07:35.441+0000] {processor.py:925} INFO - DAG(s) 'example_nested_branch_dag' retrieved from /home/airflow/.local/lib/python3.12/site-packages/airflow/example_dags/example_nested_branch_dag.py
[2025-02-12T05:07:35.473+0000] {logging_mixin.py:190} INFO - [2025-02-12T05:07:35.472+0000] {dag.py:3239} INFO - Sync 1 DAGs
[2025-02-12T05:07:35.505+0000] {logging_mixin.py:190} INFO - [2025-02-12T05:07:35.505+0000] {dag.py:4180} INFO - Setting next_dagrun for example_nested_branch_dag to 2025-02-11 00:00:00+00:00, run_after=2025-02-12 00:00:00+00:00
[2025-02-12T05:07:35.533+0000] {processor.py:208} INFO - Processing /home/airflow/.local/lib/python3.12/site-packages/airflow/example_dags/example_nested_branch_dag.py took 0.122 seconds
[2025-02-12T05:08:07.066+0000] {processor.py:186} INFO - Started process (PID=454) to work on /home/airflow/.local/lib/python3.12/site-packages/airflow/example_dags/example_nested_branch_dag.py
[2025-02-12T05:08:07.067+0000] {processor.py:914} INFO - Processing file /home/airflow/.local/lib/python3.12/site-packages/airflow/example_dags/example_nested_branch_dag.py for tasks to queue
[2025-02-12T05:08:07.070+0000] {logging_mixin.py:190} INFO - [2025-02-12T05:08:07.069+0000] {dagbag.py:588} INFO - Filling up the DagBag from /home/airflow/.local/lib/python3.12/site-packages/airflow/example_dags/example_nested_branch_dag.py
[2025-02-12T05:08:07.085+0000] {processor.py:925} INFO - DAG(s) 'example_nested_branch_dag' retrieved from /home/airflow/.local/lib/python3.12/site-packages/airflow/example_dags/example_nested_branch_dag.py
[2025-02-12T05:08:07.119+0000] {logging_mixin.py:190} INFO - [2025-02-12T05:08:07.119+0000] {dag.py:3239} INFO - Sync 1 DAGs
[2025-02-12T05:08:07.155+0000] {logging_mixin.py:190} INFO - [2025-02-12T05:08:07.155+0000] {dag.py:4180} INFO - Setting next_dagrun for example_nested_branch_dag to 2025-02-11 00:00:00+00:00, run_after=2025-02-12 00:00:00+00:00
[2025-02-12T05:08:07.181+0000] {processor.py:208} INFO - Processing /home/airflow/.local/lib/python3.12/site-packages/airflow/example_dags/example_nested_branch_dag.py took 0.122 seconds
[2025-02-12T05:08:38.253+0000] {processor.py:186} INFO - Started process (PID=523) to work on /home/airflow/.local/lib/python3.12/site-packages/airflow/example_dags/example_nested_branch_dag.py
[2025-02-12T05:08:38.254+0000] {processor.py:914} INFO - Processing file /home/airflow/.local/lib/python3.12/site-packages/airflow/example_dags/example_nested_branch_dag.py for tasks to queue
[2025-02-12T05:08:38.258+0000] {logging_mixin.py:190} INFO - [2025-02-12T05:08:38.257+0000] {dagbag.py:588} INFO - Filling up the DagBag from /home/airflow/.local/lib/python3.12/site-packages/airflow/example_dags/example_nested_branch_dag.py
[2025-02-12T05:08:38.276+0000] {processor.py:925} INFO - DAG(s) 'example_nested_branch_dag' retrieved from /home/airflow/.local/lib/python3.12/site-packages/airflow/example_dags/example_nested_branch_dag.py
[2025-02-12T05:08:38.312+0000] {logging_mixin.py:190} INFO - [2025-02-12T05:08:38.312+0000] {dag.py:3239} INFO - Sync 1 DAGs
[2025-02-12T05:08:38.355+0000] {logging_mixin.py:190} INFO - [2025-02-12T05:08:38.355+0000] {dag.py:4180} INFO - Setting next_dagrun for example_nested_branch_dag to 2025-02-11 00:00:00+00:00, run_after=2025-02-12 00:00:00+00:00
[2025-02-12T05:08:38.387+0000] {processor.py:208} INFO - Processing /home/airflow/.local/lib/python3.12/site-packages/airflow/example_dags/example_nested_branch_dag.py took 0.145 seconds
[2025-02-12T05:09:09.321+0000] {processor.py:186} INFO - Started process (PID=588) to work on /home/airflow/.local/lib/python3.12/site-packages/airflow/example_dags/example_nested_branch_dag.py
[2025-02-12T05:09:09.323+0000] {processor.py:914} INFO - Processing file /home/airflow/.local/lib/python3.12/site-packages/airflow/example_dags/example_nested_branch_dag.py for tasks to queue
[2025-02-12T05:09:09.327+0000] {logging_mixin.py:190} INFO - [2025-02-12T05:09:09.326+0000] {dagbag.py:588} INFO - Filling up the DagBag from /home/airflow/.local/lib/python3.12/site-packages/airflow/example_dags/example_nested_branch_dag.py
[2025-02-12T05:09:09.348+0000] {processor.py:925} INFO - DAG(s) 'example_nested_branch_dag' retrieved from /home/airflow/.local/lib/python3.12/site-packages/airflow/example_dags/example_nested_branch_dag.py
[2025-02-12T05:09:09.394+0000] {logging_mixin.py:190} INFO - [2025-02-12T05:09:09.393+0000] {dag.py:3239} INFO - Sync 1 DAGs
[2025-02-12T05:09:09.437+0000] {logging_mixin.py:190} INFO - [2025-02-12T05:09:09.436+0000] {dag.py:4180} INFO - Setting next_dagrun for example_nested_branch_dag to 2025-02-11 00:00:00+00:00, run_after=2025-02-12 00:00:00+00:00
[2025-02-12T05:09:09.466+0000] {processor.py:208} INFO - Processing /home/airflow/.local/lib/python3.12/site-packages/airflow/example_dags/example_nested_branch_dag.py took 0.154 seconds
[2025-02-12T05:09:39.813+0000] {processor.py:186} INFO - Started process (PID=654) to work on /home/airflow/.local/lib/python3.12/site-packages/airflow/example_dags/example_nested_branch_dag.py
[2025-02-12T05:09:39.815+0000] {processor.py:914} INFO - Processing file /home/airflow/.local/lib/python3.12/site-packages/airflow/example_dags/example_nested_branch_dag.py for tasks to queue
[2025-02-12T05:09:39.818+0000] {logging_mixin.py:190} INFO - [2025-02-12T05:09:39.818+0000] {dagbag.py:588} INFO - Filling up the DagBag from /home/airflow/.local/lib/python3.12/site-packages/airflow/example_dags/example_nested_branch_dag.py
[2025-02-12T05:09:39.837+0000] {processor.py:925} INFO - DAG(s) 'example_nested_branch_dag' retrieved from /home/airflow/.local/lib/python3.12/site-packages/airflow/example_dags/example_nested_branch_dag.py
[2025-02-12T05:09:39.869+0000] {logging_mixin.py:190} INFO - [2025-02-12T05:09:39.869+0000] {dag.py:3239} INFO - Sync 1 DAGs
[2025-02-12T05:09:39.907+0000] {logging_mixin.py:190} INFO - [2025-02-12T05:09:39.906+0000] {dag.py:4180} INFO - Setting next_dagrun for example_nested_branch_dag to 2025-02-11 00:00:00+00:00, run_after=2025-02-12 00:00:00+00:00
[2025-02-12T05:09:39.931+0000] {processor.py:208} INFO - Processing /home/airflow/.local/lib/python3.12/site-packages/airflow/example_dags/example_nested_branch_dag.py took 0.128 seconds
[2025-02-12T05:10:11.025+0000] {processor.py:186} INFO - Started process (PID=720) to work on /home/airflow/.local/lib/python3.12/site-packages/airflow/example_dags/example_nested_branch_dag.py
[2025-02-12T05:10:11.026+0000] {processor.py:914} INFO - Processing file /home/airflow/.local/lib/python3.12/site-packages/airflow/example_dags/example_nested_branch_dag.py for tasks to queue
[2025-02-12T05:10:11.031+0000] {logging_mixin.py:190} INFO - [2025-02-12T05:10:11.030+0000] {dagbag.py:588} INFO - Filling up the DagBag from /home/airflow/.local/lib/python3.12/site-packages/airflow/example_dags/example_nested_branch_dag.py
[2025-02-12T05:10:11.048+0000] {processor.py:925} INFO - DAG(s) 'example_nested_branch_dag' retrieved from /home/airflow/.local/lib/python3.12/site-packages/airflow/example_dags/example_nested_branch_dag.py
[2025-02-12T05:10:11.077+0000] {logging_mixin.py:190} INFO - [2025-02-12T05:10:11.077+0000] {dag.py:3239} INFO - Sync 1 DAGs
[2025-02-12T05:10:11.111+0000] {logging_mixin.py:190} INFO - [2025-02-12T05:10:11.110+0000] {dag.py:4180} INFO - Setting next_dagrun for example_nested_branch_dag to 2025-02-11 00:00:00+00:00, run_after=2025-02-12 00:00:00+00:00
[2025-02-12T05:10:11.140+0000] {processor.py:208} INFO - Processing /home/airflow/.local/lib/python3.12/site-packages/airflow/example_dags/example_nested_branch_dag.py took 0.123 seconds
[2025-02-12T05:10:42.338+0000] {processor.py:186} INFO - Started process (PID=785) to work on /home/airflow/.local/lib/python3.12/site-packages/airflow/example_dags/example_nested_branch_dag.py
[2025-02-12T05:10:42.339+0000] {processor.py:914} INFO - Processing file /home/airflow/.local/lib/python3.12/site-packages/airflow/example_dags/example_nested_branch_dag.py for tasks to queue
[2025-02-12T05:10:42.343+0000] {logging_mixin.py:190} INFO - [2025-02-12T05:10:42.342+0000] {dagbag.py:588} INFO - Filling up the DagBag from /home/airflow/.local/lib/python3.12/site-packages/airflow/example_dags/example_nested_branch_dag.py
[2025-02-12T05:10:42.360+0000] {processor.py:925} INFO - DAG(s) 'example_nested_branch_dag' retrieved from /home/airflow/.local/lib/python3.12/site-packages/airflow/example_dags/example_nested_branch_dag.py
[2025-02-12T05:10:42.389+0000] {logging_mixin.py:190} INFO - [2025-02-12T05:10:42.389+0000] {dag.py:3239} INFO - Sync 1 DAGs
[2025-02-12T05:10:42.433+0000] {logging_mixin.py:190} INFO - [2025-02-12T05:10:42.432+0000] {dag.py:4180} INFO - Setting next_dagrun for example_nested_branch_dag to 2025-02-11 00:00:00+00:00, run_after=2025-02-12 00:00:00+00:00
[2025-02-12T05:10:42.465+0000] {processor.py:208} INFO - Processing /home/airflow/.local/lib/python3.12/site-packages/airflow/example_dags/example_nested_branch_dag.py took 0.137 seconds
[2025-02-12T05:11:13.141+0000] {processor.py:186} INFO - Started process (PID=851) to work on /home/airflow/.local/lib/python3.12/site-packages/airflow/example_dags/example_nested_branch_dag.py
[2025-02-12T05:11:13.142+0000] {processor.py:914} INFO - Processing file /home/airflow/.local/lib/python3.12/site-packages/airflow/example_dags/example_nested_branch_dag.py for tasks to queue
[2025-02-12T05:11:13.145+0000] {logging_mixin.py:190} INFO - [2025-02-12T05:11:13.145+0000] {dagbag.py:588} INFO - Filling up the DagBag from /home/airflow/.local/lib/python3.12/site-packages/airflow/example_dags/example_nested_branch_dag.py
[2025-02-12T05:11:13.162+0000] {processor.py:925} INFO - DAG(s) 'example_nested_branch_dag' retrieved from /home/airflow/.local/lib/python3.12/site-packages/airflow/example_dags/example_nested_branch_dag.py
[2025-02-12T05:11:13.192+0000] {logging_mixin.py:190} INFO - [2025-02-12T05:11:13.191+0000] {dag.py:3239} INFO - Sync 1 DAGs
[2025-02-12T05:11:13.223+0000] {logging_mixin.py:190} INFO - [2025-02-12T05:11:13.223+0000] {dag.py:4180} INFO - Setting next_dagrun for example_nested_branch_dag to 2025-02-11 00:00:00+00:00, run_after=2025-02-12 00:00:00+00:00
[2025-02-12T05:11:13.251+0000] {processor.py:208} INFO - Processing /home/airflow/.local/lib/python3.12/site-packages/airflow/example_dags/example_nested_branch_dag.py took 0.119 seconds
[2025-02-12T05:11:43.719+0000] {processor.py:186} INFO - Started process (PID=916) to work on /home/airflow/.local/lib/python3.12/site-packages/airflow/example_dags/example_nested_branch_dag.py
[2025-02-12T05:11:43.720+0000] {processor.py:914} INFO - Processing file /home/airflow/.local/lib/python3.12/site-packages/airflow/example_dags/example_nested_branch_dag.py for tasks to queue
[2025-02-12T05:11:43.725+0000] {logging_mixin.py:190} INFO - [2025-02-12T05:11:43.724+0000] {dagbag.py:588} INFO - Filling up the DagBag from /home/airflow/.local/lib/python3.12/site-packages/airflow/example_dags/example_nested_branch_dag.py
[2025-02-12T05:11:43.748+0000] {processor.py:925} INFO - DAG(s) 'example_nested_branch_dag' retrieved from /home/airflow/.local/lib/python3.12/site-packages/airflow/example_dags/example_nested_branch_dag.py
[2025-02-12T05:11:43.788+0000] {logging_mixin.py:190} INFO - [2025-02-12T05:11:43.788+0000] {dag.py:3239} INFO - Sync 1 DAGs
[2025-02-12T05:11:43.823+0000] {logging_mixin.py:190} INFO - [2025-02-12T05:11:43.823+0000] {dag.py:4180} INFO - Setting next_dagrun for example_nested_branch_dag to 2025-02-11 00:00:00+00:00, run_after=2025-02-12 00:00:00+00:00
[2025-02-12T05:11:43.850+0000] {processor.py:208} INFO - Processing /home/airflow/.local/lib/python3.12/site-packages/airflow/example_dags/example_nested_branch_dag.py took 0.142 seconds
[2025-02-12T05:12:13.993+0000] {processor.py:186} INFO - Started process (PID=981) to work on /home/airflow/.local/lib/python3.12/site-packages/airflow/example_dags/example_nested_branch_dag.py
[2025-02-12T05:12:13.994+0000] {processor.py:914} INFO - Processing file /home/airflow/.local/lib/python3.12/site-packages/airflow/example_dags/example_nested_branch_dag.py for tasks to queue
[2025-02-12T05:12:13.997+0000] {logging_mixin.py:190} INFO - [2025-02-12T05:12:13.997+0000] {dagbag.py:588} INFO - Filling up the DagBag from /home/airflow/.local/lib/python3.12/site-packages/airflow/example_dags/example_nested_branch_dag.py
[2025-02-12T05:12:14.013+0000] {processor.py:925} INFO - DAG(s) 'example_nested_branch_dag' retrieved from /home/airflow/.local/lib/python3.12/site-packages/airflow/example_dags/example_nested_branch_dag.py
[2025-02-12T05:12:14.039+0000] {logging_mixin.py:190} INFO - [2025-02-12T05:12:14.038+0000] {dag.py:3239} INFO - Sync 1 DAGs
[2025-02-12T05:12:14.070+0000] {logging_mixin.py:190} INFO - [2025-02-12T05:12:14.070+0000] {dag.py:4180} INFO - Setting next_dagrun for example_nested_branch_dag to 2025-02-11 00:00:00+00:00, run_after=2025-02-12 00:00:00+00:00
[2025-02-12T05:12:14.097+0000] {processor.py:208} INFO - Processing /home/airflow/.local/lib/python3.12/site-packages/airflow/example_dags/example_nested_branch_dag.py took 0.112 seconds
[2025-02-12T05:12:44.788+0000] {processor.py:186} INFO - Started process (PID=1046) to work on /home/airflow/.local/lib/python3.12/site-packages/airflow/example_dags/example_nested_branch_dag.py
[2025-02-12T05:12:44.789+0000] {processor.py:914} INFO - Processing file /home/airflow/.local/lib/python3.12/site-packages/airflow/example_dags/example_nested_branch_dag.py for tasks to queue
[2025-02-12T05:12:44.791+0000] {logging_mixin.py:190} INFO - [2025-02-12T05:12:44.791+0000] {dagbag.py:588} INFO - Filling up the DagBag from /home/airflow/.local/lib/python3.12/site-packages/airflow/example_dags/example_nested_branch_dag.py
[2025-02-12T05:12:44.809+0000] {processor.py:925} INFO - DAG(s) 'example_nested_branch_dag' retrieved from /home/airflow/.local/lib/python3.12/site-packages/airflow/example_dags/example_nested_branch_dag.py
[2025-02-12T05:12:44.841+0000] {logging_mixin.py:190} INFO - [2025-02-12T05:12:44.841+0000] {dag.py:3239} INFO - Sync 1 DAGs
[2025-02-12T05:12:44.878+0000] {logging_mixin.py:190} INFO - [2025-02-12T05:12:44.878+0000] {dag.py:4180} INFO - Setting next_dagrun for example_nested_branch_dag to 2025-02-11 00:00:00+00:00, run_after=2025-02-12 00:00:00+00:00
[2025-02-12T05:12:44.906+0000] {processor.py:208} INFO - Processing /home/airflow/.local/lib/python3.12/site-packages/airflow/example_dags/example_nested_branch_dag.py took 0.127 seconds
[2025-02-12T05:13:15.976+0000] {processor.py:186} INFO - Started process (PID=1118) to work on /home/airflow/.local/lib/python3.12/site-packages/airflow/example_dags/example_nested_branch_dag.py
[2025-02-12T05:13:15.977+0000] {processor.py:914} INFO - Processing file /home/airflow/.local/lib/python3.12/site-packages/airflow/example_dags/example_nested_branch_dag.py for tasks to queue
[2025-02-12T05:13:15.981+0000] {logging_mixin.py:190} INFO - [2025-02-12T05:13:15.981+0000] {dagbag.py:588} INFO - Filling up the DagBag from /home/airflow/.local/lib/python3.12/site-packages/airflow/example_dags/example_nested_branch_dag.py
[2025-02-12T05:13:15.999+0000] {processor.py:925} INFO - DAG(s) 'example_nested_branch_dag' retrieved from /home/airflow/.local/lib/python3.12/site-packages/airflow/example_dags/example_nested_branch_dag.py
[2025-02-12T05:13:16.030+0000] {logging_mixin.py:190} INFO - [2025-02-12T05:13:16.029+0000] {dag.py:3239} INFO - Sync 1 DAGs
[2025-02-12T05:13:16.067+0000] {logging_mixin.py:190} INFO - [2025-02-12T05:13:16.066+0000] {dag.py:4180} INFO - Setting next_dagrun for example_nested_branch_dag to 2025-02-11 00:00:00+00:00, run_after=2025-02-12 00:00:00+00:00
[2025-02-12T05:13:16.091+0000] {processor.py:208} INFO - Processing /home/airflow/.local/lib/python3.12/site-packages/airflow/example_dags/example_nested_branch_dag.py took 0.123 seconds
[2025-02-12T05:13:46.606+0000] {processor.py:186} INFO - Started process (PID=1184) to work on /home/airflow/.local/lib/python3.12/site-packages/airflow/example_dags/example_nested_branch_dag.py
[2025-02-12T05:13:46.607+0000] {processor.py:914} INFO - Processing file /home/airflow/.local/lib/python3.12/site-packages/airflow/example_dags/example_nested_branch_dag.py for tasks to queue
[2025-02-12T05:13:46.611+0000] {logging_mixin.py:190} INFO - [2025-02-12T05:13:46.610+0000] {dagbag.py:588} INFO - Filling up the DagBag from /home/airflow/.local/lib/python3.12/site-packages/airflow/example_dags/example_nested_branch_dag.py
[2025-02-12T05:13:46.631+0000] {processor.py:925} INFO - DAG(s) 'example_nested_branch_dag' retrieved from /home/airflow/.local/lib/python3.12/site-packages/airflow/example_dags/example_nested_branch_dag.py
[2025-02-12T05:13:46.672+0000] {logging_mixin.py:190} INFO - [2025-02-12T05:13:46.672+0000] {dag.py:3239} INFO - Sync 1 DAGs
[2025-02-12T05:13:46.714+0000] {logging_mixin.py:190} INFO - [2025-02-12T05:13:46.714+0000] {dag.py:4180} INFO - Setting next_dagrun for example_nested_branch_dag to 2025-02-11 00:00:00+00:00, run_after=2025-02-12 00:00:00+00:00
[2025-02-12T05:13:46.743+0000] {processor.py:208} INFO - Processing /home/airflow/.local/lib/python3.12/site-packages/airflow/example_dags/example_nested_branch_dag.py took 0.146 seconds
[2025-02-12T05:14:16.813+0000] {processor.py:186} INFO - Started process (PID=1249) to work on /home/airflow/.local/lib/python3.12/site-packages/airflow/example_dags/example_nested_branch_dag.py
[2025-02-12T05:14:16.815+0000] {processor.py:914} INFO - Processing file /home/airflow/.local/lib/python3.12/site-packages/airflow/example_dags/example_nested_branch_dag.py for tasks to queue
[2025-02-12T05:14:16.819+0000] {logging_mixin.py:190} INFO - [2025-02-12T05:14:16.819+0000] {dagbag.py:588} INFO - Filling up the DagBag from /home/airflow/.local/lib/python3.12/site-packages/airflow/example_dags/example_nested_branch_dag.py
[2025-02-12T05:14:16.837+0000] {processor.py:925} INFO - DAG(s) 'example_nested_branch_dag' retrieved from /home/airflow/.local/lib/python3.12/site-packages/airflow/example_dags/example_nested_branch_dag.py
[2025-02-12T05:14:16.881+0000] {logging_mixin.py:190} INFO - [2025-02-12T05:14:16.880+0000] {dag.py:3239} INFO - Sync 1 DAGs
[2025-02-12T05:14:16.921+0000] {logging_mixin.py:190} INFO - [2025-02-12T05:14:16.921+0000] {dag.py:4180} INFO - Setting next_dagrun for example_nested_branch_dag to 2025-02-11 00:00:00+00:00, run_after=2025-02-12 00:00:00+00:00
[2025-02-12T05:14:16.948+0000] {processor.py:208} INFO - Processing /home/airflow/.local/lib/python3.12/site-packages/airflow/example_dags/example_nested_branch_dag.py took 0.144 seconds
[2025-02-12T05:14:47.080+0000] {processor.py:186} INFO - Started process (PID=1315) to work on /home/airflow/.local/lib/python3.12/site-packages/airflow/example_dags/example_nested_branch_dag.py
[2025-02-12T05:14:47.081+0000] {processor.py:914} INFO - Processing file /home/airflow/.local/lib/python3.12/site-packages/airflow/example_dags/example_nested_branch_dag.py for tasks to queue
[2025-02-12T05:14:47.085+0000] {logging_mixin.py:190} INFO - [2025-02-12T05:14:47.084+0000] {dagbag.py:588} INFO - Filling up the DagBag from /home/airflow/.local/lib/python3.12/site-packages/airflow/example_dags/example_nested_branch_dag.py
[2025-02-12T05:14:47.104+0000] {processor.py:925} INFO - DAG(s) 'example_nested_branch_dag' retrieved from /home/airflow/.local/lib/python3.12/site-packages/airflow/example_dags/example_nested_branch_dag.py
[2025-02-12T05:14:47.139+0000] {logging_mixin.py:190} INFO - [2025-02-12T05:14:47.138+0000] {dag.py:3239} INFO - Sync 1 DAGs
[2025-02-12T05:14:47.177+0000] {logging_mixin.py:190} INFO - [2025-02-12T05:14:47.177+0000] {dag.py:4180} INFO - Setting next_dagrun for example_nested_branch_dag to 2025-02-11 00:00:00+00:00, run_after=2025-02-12 00:00:00+00:00
[2025-02-12T05:14:47.209+0000] {processor.py:208} INFO - Processing /home/airflow/.local/lib/python3.12/site-packages/airflow/example_dags/example_nested_branch_dag.py took 0.137 seconds
[2025-02-12T05:15:17.985+0000] {processor.py:186} INFO - Started process (PID=1381) to work on /home/airflow/.local/lib/python3.12/site-packages/airflow/example_dags/example_nested_branch_dag.py
[2025-02-12T05:15:17.987+0000] {processor.py:914} INFO - Processing file /home/airflow/.local/lib/python3.12/site-packages/airflow/example_dags/example_nested_branch_dag.py for tasks to queue
[2025-02-12T05:15:17.992+0000] {logging_mixin.py:190} INFO - [2025-02-12T05:15:17.991+0000] {dagbag.py:588} INFO - Filling up the DagBag from /home/airflow/.local/lib/python3.12/site-packages/airflow/example_dags/example_nested_branch_dag.py
[2025-02-12T05:15:18.010+0000] {processor.py:925} INFO - DAG(s) 'example_nested_branch_dag' retrieved from /home/airflow/.local/lib/python3.12/site-packages/airflow/example_dags/example_nested_branch_dag.py
[2025-02-12T05:15:18.042+0000] {logging_mixin.py:190} INFO - [2025-02-12T05:15:18.042+0000] {dag.py:3239} INFO - Sync 1 DAGs
[2025-02-12T05:15:18.075+0000] {logging_mixin.py:190} INFO - [2025-02-12T05:15:18.074+0000] {dag.py:4180} INFO - Setting next_dagrun for example_nested_branch_dag to 2025-02-11 00:00:00+00:00, run_after=2025-02-12 00:00:00+00:00
[2025-02-12T05:15:18.104+0000] {processor.py:208} INFO - Processing /home/airflow/.local/lib/python3.12/site-packages/airflow/example_dags/example_nested_branch_dag.py took 0.127 seconds
[2025-02-12T05:15:48.267+0000] {processor.py:186} INFO - Started process (PID=1447) to work on /home/airflow/.local/lib/python3.12/site-packages/airflow/example_dags/example_nested_branch_dag.py
[2025-02-12T05:15:48.268+0000] {processor.py:914} INFO - Processing file /home/airflow/.local/lib/python3.12/site-packages/airflow/example_dags/example_nested_branch_dag.py for tasks to queue
[2025-02-12T05:15:48.272+0000] {logging_mixin.py:190} INFO - [2025-02-12T05:15:48.272+0000] {dagbag.py:588} INFO - Filling up the DagBag from /home/airflow/.local/lib/python3.12/site-packages/airflow/example_dags/example_nested_branch_dag.py
[2025-02-12T05:15:48.290+0000] {processor.py:925} INFO - DAG(s) 'example_nested_branch_dag' retrieved from /home/airflow/.local/lib/python3.12/site-packages/airflow/example_dags/example_nested_branch_dag.py
[2025-02-12T05:15:48.327+0000] {logging_mixin.py:190} INFO - [2025-02-12T05:15:48.327+0000] {dag.py:3239} INFO - Sync 1 DAGs
[2025-02-12T05:15:48.362+0000] {logging_mixin.py:190} INFO - [2025-02-12T05:15:48.362+0000] {dag.py:4180} INFO - Setting next_dagrun for example_nested_branch_dag to 2025-02-11 00:00:00+00:00, run_after=2025-02-12 00:00:00+00:00
[2025-02-12T05:15:48.386+0000] {processor.py:208} INFO - Processing /home/airflow/.local/lib/python3.12/site-packages/airflow/example_dags/example_nested_branch_dag.py took 0.129 seconds
[2025-02-12T05:16:19.070+0000] {processor.py:186} INFO - Started process (PID=1513) to work on /home/airflow/.local/lib/python3.12/site-packages/airflow/example_dags/example_nested_branch_dag.py
[2025-02-12T05:16:19.072+0000] {processor.py:914} INFO - Processing file /home/airflow/.local/lib/python3.12/site-packages/airflow/example_dags/example_nested_branch_dag.py for tasks to queue
[2025-02-12T05:16:19.076+0000] {logging_mixin.py:190} INFO - [2025-02-12T05:16:19.075+0000] {dagbag.py:588} INFO - Filling up the DagBag from /home/airflow/.local/lib/python3.12/site-packages/airflow/example_dags/example_nested_branch_dag.py
[2025-02-12T05:16:19.095+0000] {processor.py:925} INFO - DAG(s) 'example_nested_branch_dag' retrieved from /home/airflow/.local/lib/python3.12/site-packages/airflow/example_dags/example_nested_branch_dag.py
[2025-02-12T05:16:19.125+0000] {logging_mixin.py:190} INFO - [2025-02-12T05:16:19.125+0000] {dag.py:3239} INFO - Sync 1 DAGs
[2025-02-12T05:16:19.158+0000] {logging_mixin.py:190} INFO - [2025-02-12T05:16:19.157+0000] {dag.py:4180} INFO - Setting next_dagrun for example_nested_branch_dag to 2025-02-11 00:00:00+00:00, run_after=2025-02-12 00:00:00+00:00
[2025-02-12T05:16:19.185+0000] {processor.py:208} INFO - Processing /home/airflow/.local/lib/python3.12/site-packages/airflow/example_dags/example_nested_branch_dag.py took 0.123 seconds
[2025-02-12T05:16:49.610+0000] {processor.py:186} INFO - Started process (PID=1580) to work on /home/airflow/.local/lib/python3.12/site-packages/airflow/example_dags/example_nested_branch_dag.py
[2025-02-12T05:16:49.611+0000] {processor.py:914} INFO - Processing file /home/airflow/.local/lib/python3.12/site-packages/airflow/example_dags/example_nested_branch_dag.py for tasks to queue
[2025-02-12T05:16:49.615+0000] {logging_mixin.py:190} INFO - [2025-02-12T05:16:49.614+0000] {dagbag.py:588} INFO - Filling up the DagBag from /home/airflow/.local/lib/python3.12/site-packages/airflow/example_dags/example_nested_branch_dag.py
[2025-02-12T05:16:49.634+0000] {processor.py:925} INFO - DAG(s) 'example_nested_branch_dag' retrieved from /home/airflow/.local/lib/python3.12/site-packages/airflow/example_dags/example_nested_branch_dag.py
[2025-02-12T05:16:49.669+0000] {logging_mixin.py:190} INFO - [2025-02-12T05:16:49.668+0000] {dag.py:3239} INFO - Sync 1 DAGs
[2025-02-12T05:16:49.706+0000] {logging_mixin.py:190} INFO - [2025-02-12T05:16:49.706+0000] {dag.py:4180} INFO - Setting next_dagrun for example_nested_branch_dag to 2025-02-11 00:00:00+00:00, run_after=2025-02-12 00:00:00+00:00
[2025-02-12T05:16:49.733+0000] {processor.py:208} INFO - Processing /home/airflow/.local/lib/python3.12/site-packages/airflow/example_dags/example_nested_branch_dag.py took 0.133 seconds
[2025-02-12T05:17:19.932+0000] {processor.py:186} INFO - Started process (PID=1646) to work on /home/airflow/.local/lib/python3.12/site-packages/airflow/example_dags/example_nested_branch_dag.py
[2025-02-12T05:17:19.934+0000] {processor.py:914} INFO - Processing file /home/airflow/.local/lib/python3.12/site-packages/airflow/example_dags/example_nested_branch_dag.py for tasks to queue
[2025-02-12T05:17:19.937+0000] {logging_mixin.py:190} INFO - [2025-02-12T05:17:19.936+0000] {dagbag.py:588} INFO - Filling up the DagBag from /home/airflow/.local/lib/python3.12/site-packages/airflow/example_dags/example_nested_branch_dag.py
[2025-02-12T05:17:19.953+0000] {processor.py:925} INFO - DAG(s) 'example_nested_branch_dag' retrieved from /home/airflow/.local/lib/python3.12/site-packages/airflow/example_dags/example_nested_branch_dag.py
[2025-02-12T05:17:19.988+0000] {logging_mixin.py:190} INFO - [2025-02-12T05:17:19.987+0000] {dag.py:3239} INFO - Sync 1 DAGs
[2025-02-12T05:17:20.024+0000] {logging_mixin.py:190} INFO - [2025-02-12T05:17:20.024+0000] {dag.py:4180} INFO - Setting next_dagrun for example_nested_branch_dag to 2025-02-11 00:00:00+00:00, run_after=2025-02-12 00:00:00+00:00
[2025-02-12T05:17:20.049+0000] {processor.py:208} INFO - Processing /home/airflow/.local/lib/python3.12/site-packages/airflow/example_dags/example_nested_branch_dag.py took 0.126 seconds
[2025-02-12T05:17:50.994+0000] {processor.py:186} INFO - Started process (PID=1712) to work on /home/airflow/.local/lib/python3.12/site-packages/airflow/example_dags/example_nested_branch_dag.py
[2025-02-12T05:17:50.995+0000] {processor.py:914} INFO - Processing file /home/airflow/.local/lib/python3.12/site-packages/airflow/example_dags/example_nested_branch_dag.py for tasks to queue
[2025-02-12T05:17:50.999+0000] {logging_mixin.py:190} INFO - [2025-02-12T05:17:50.999+0000] {dagbag.py:588} INFO - Filling up the DagBag from /home/airflow/.local/lib/python3.12/site-packages/airflow/example_dags/example_nested_branch_dag.py
[2025-02-12T05:17:51.022+0000] {processor.py:925} INFO - DAG(s) 'example_nested_branch_dag' retrieved from /home/airflow/.local/lib/python3.12/site-packages/airflow/example_dags/example_nested_branch_dag.py
[2025-02-12T05:17:51.070+0000] {logging_mixin.py:190} INFO - [2025-02-12T05:17:51.069+0000] {dag.py:3239} INFO - Sync 1 DAGs
[2025-02-12T05:17:51.108+0000] {logging_mixin.py:190} INFO - [2025-02-12T05:17:51.108+0000] {dag.py:4180} INFO - Setting next_dagrun for example_nested_branch_dag to 2025-02-11 00:00:00+00:00, run_after=2025-02-12 00:00:00+00:00
[2025-02-12T05:17:51.141+0000] {processor.py:208} INFO - Processing /home/airflow/.local/lib/python3.12/site-packages/airflow/example_dags/example_nested_branch_dag.py took 0.158 seconds
[2025-02-12T05:18:21.213+0000] {processor.py:186} INFO - Started process (PID=1778) to work on /home/airflow/.local/lib/python3.12/site-packages/airflow/example_dags/example_nested_branch_dag.py
[2025-02-12T05:18:21.214+0000] {processor.py:914} INFO - Processing file /home/airflow/.local/lib/python3.12/site-packages/airflow/example_dags/example_nested_branch_dag.py for tasks to queue
[2025-02-12T05:18:21.217+0000] {logging_mixin.py:190} INFO - [2025-02-12T05:18:21.216+0000] {dagbag.py:588} INFO - Filling up the DagBag from /home/airflow/.local/lib/python3.12/site-packages/airflow/example_dags/example_nested_branch_dag.py
[2025-02-12T05:18:21.231+0000] {processor.py:925} INFO - DAG(s) 'example_nested_branch_dag' retrieved from /home/airflow/.local/lib/python3.12/site-packages/airflow/example_dags/example_nested_branch_dag.py
[2025-02-12T05:18:21.261+0000] {logging_mixin.py:190} INFO - [2025-02-12T05:18:21.260+0000] {dag.py:3239} INFO - Sync 1 DAGs
[2025-02-12T05:18:21.297+0000] {logging_mixin.py:190} INFO - [2025-02-12T05:18:21.297+0000] {dag.py:4180} INFO - Setting next_dagrun for example_nested_branch_dag to 2025-02-11 00:00:00+00:00, run_after=2025-02-12 00:00:00+00:00
[2025-02-12T05:18:21.324+0000] {processor.py:208} INFO - Processing /home/airflow/.local/lib/python3.12/site-packages/airflow/example_dags/example_nested_branch_dag.py took 0.119 seconds
[2025-02-12T05:18:51.533+0000] {processor.py:186} INFO - Started process (PID=1844) to work on /home/airflow/.local/lib/python3.12/site-packages/airflow/example_dags/example_nested_branch_dag.py
[2025-02-12T05:18:51.535+0000] {processor.py:914} INFO - Processing file /home/airflow/.local/lib/python3.12/site-packages/airflow/example_dags/example_nested_branch_dag.py for tasks to queue
[2025-02-12T05:18:51.538+0000] {logging_mixin.py:190} INFO - [2025-02-12T05:18:51.537+0000] {dagbag.py:588} INFO - Filling up the DagBag from /home/airflow/.local/lib/python3.12/site-packages/airflow/example_dags/example_nested_branch_dag.py
[2025-02-12T05:18:51.550+0000] {processor.py:925} INFO - DAG(s) 'example_nested_branch_dag' retrieved from /home/airflow/.local/lib/python3.12/site-packages/airflow/example_dags/example_nested_branch_dag.py
[2025-02-12T05:18:51.582+0000] {logging_mixin.py:190} INFO - [2025-02-12T05:18:51.582+0000] {dag.py:3239} INFO - Sync 1 DAGs
[2025-02-12T05:18:51.618+0000] {logging_mixin.py:190} INFO - [2025-02-12T05:18:51.617+0000] {dag.py:4180} INFO - Setting next_dagrun for example_nested_branch_dag to 2025-02-11 00:00:00+00:00, run_after=2025-02-12 00:00:00+00:00
[2025-02-12T05:18:51.645+0000] {processor.py:208} INFO - Processing /home/airflow/.local/lib/python3.12/site-packages/airflow/example_dags/example_nested_branch_dag.py took 0.119 seconds
[2025-02-12T05:19:21.967+0000] {processor.py:186} INFO - Started process (PID=1910) to work on /home/airflow/.local/lib/python3.12/site-packages/airflow/example_dags/example_nested_branch_dag.py
[2025-02-12T05:19:21.968+0000] {processor.py:914} INFO - Processing file /home/airflow/.local/lib/python3.12/site-packages/airflow/example_dags/example_nested_branch_dag.py for tasks to queue
[2025-02-12T05:19:21.971+0000] {logging_mixin.py:190} INFO - [2025-02-12T05:19:21.971+0000] {dagbag.py:588} INFO - Filling up the DagBag from /home/airflow/.local/lib/python3.12/site-packages/airflow/example_dags/example_nested_branch_dag.py
[2025-02-12T05:19:21.986+0000] {processor.py:925} INFO - DAG(s) 'example_nested_branch_dag' retrieved from /home/airflow/.local/lib/python3.12/site-packages/airflow/example_dags/example_nested_branch_dag.py
[2025-02-12T05:19:22.012+0000] {logging_mixin.py:190} INFO - [2025-02-12T05:19:22.012+0000] {dag.py:3239} INFO - Sync 1 DAGs
[2025-02-12T05:19:22.038+0000] {logging_mixin.py:190} INFO - [2025-02-12T05:19:22.038+0000] {dag.py:4180} INFO - Setting next_dagrun for example_nested_branch_dag to 2025-02-11 00:00:00+00:00, run_after=2025-02-12 00:00:00+00:00
[2025-02-12T05:19:22.059+0000] {processor.py:208} INFO - Processing /home/airflow/.local/lib/python3.12/site-packages/airflow/example_dags/example_nested_branch_dag.py took 0.099 seconds
[2025-02-12T05:19:53.507+0000] {processor.py:186} INFO - Started process (PID=1976) to work on /home/airflow/.local/lib/python3.12/site-packages/airflow/example_dags/example_nested_branch_dag.py
[2025-02-12T05:19:53.508+0000] {processor.py:914} INFO - Processing file /home/airflow/.local/lib/python3.12/site-packages/airflow/example_dags/example_nested_branch_dag.py for tasks to queue
[2025-02-12T05:19:53.512+0000] {logging_mixin.py:190} INFO - [2025-02-12T05:19:53.511+0000] {dagbag.py:588} INFO - Filling up the DagBag from /home/airflow/.local/lib/python3.12/site-packages/airflow/example_dags/example_nested_branch_dag.py
[2025-02-12T05:19:53.527+0000] {processor.py:925} INFO - DAG(s) 'example_nested_branch_dag' retrieved from /home/airflow/.local/lib/python3.12/site-packages/airflow/example_dags/example_nested_branch_dag.py
[2025-02-12T05:19:53.553+0000] {logging_mixin.py:190} INFO - [2025-02-12T05:19:53.552+0000] {dag.py:3239} INFO - Sync 1 DAGs
[2025-02-12T05:19:53.576+0000] {logging_mixin.py:190} INFO - [2025-02-12T05:19:53.576+0000] {dag.py:4180} INFO - Setting next_dagrun for example_nested_branch_dag to 2025-02-11 00:00:00+00:00, run_after=2025-02-12 00:00:00+00:00
[2025-02-12T05:19:53.596+0000] {processor.py:208} INFO - Processing /home/airflow/.local/lib/python3.12/site-packages/airflow/example_dags/example_nested_branch_dag.py took 0.096 seconds
[2025-02-12T05:20:24.467+0000] {processor.py:186} INFO - Started process (PID=2042) to work on /home/airflow/.local/lib/python3.12/site-packages/airflow/example_dags/example_nested_branch_dag.py
[2025-02-12T05:20:24.468+0000] {processor.py:914} INFO - Processing file /home/airflow/.local/lib/python3.12/site-packages/airflow/example_dags/example_nested_branch_dag.py for tasks to queue
[2025-02-12T05:20:24.470+0000] {logging_mixin.py:190} INFO - [2025-02-12T05:20:24.470+0000] {dagbag.py:588} INFO - Filling up the DagBag from /home/airflow/.local/lib/python3.12/site-packages/airflow/example_dags/example_nested_branch_dag.py
[2025-02-12T05:20:24.481+0000] {processor.py:925} INFO - DAG(s) 'example_nested_branch_dag' retrieved from /home/airflow/.local/lib/python3.12/site-packages/airflow/example_dags/example_nested_branch_dag.py
[2025-02-12T05:20:24.501+0000] {logging_mixin.py:190} INFO - [2025-02-12T05:20:24.501+0000] {dag.py:3239} INFO - Sync 1 DAGs
[2025-02-12T05:20:24.718+0000] {logging_mixin.py:190} INFO - [2025-02-12T05:20:24.718+0000] {dag.py:4180} INFO - Setting next_dagrun for example_nested_branch_dag to 2025-02-11 00:00:00+00:00, run_after=2025-02-12 00:00:00+00:00
[2025-02-12T05:20:24.743+0000] {processor.py:208} INFO - Processing /home/airflow/.local/lib/python3.12/site-packages/airflow/example_dags/example_nested_branch_dag.py took 0.281 seconds
[2025-02-12T05:20:55.062+0000] {processor.py:186} INFO - Started process (PID=2109) to work on /home/airflow/.local/lib/python3.12/site-packages/airflow/example_dags/example_nested_branch_dag.py
[2025-02-12T05:20:55.063+0000] {processor.py:914} INFO - Processing file /home/airflow/.local/lib/python3.12/site-packages/airflow/example_dags/example_nested_branch_dag.py for tasks to queue
[2025-02-12T05:20:55.066+0000] {logging_mixin.py:190} INFO - [2025-02-12T05:20:55.066+0000] {dagbag.py:588} INFO - Filling up the DagBag from /home/airflow/.local/lib/python3.12/site-packages/airflow/example_dags/example_nested_branch_dag.py
[2025-02-12T05:20:55.078+0000] {processor.py:925} INFO - DAG(s) 'example_nested_branch_dag' retrieved from /home/airflow/.local/lib/python3.12/site-packages/airflow/example_dags/example_nested_branch_dag.py
[2025-02-12T05:20:55.101+0000] {logging_mixin.py:190} INFO - [2025-02-12T05:20:55.101+0000] {dag.py:3239} INFO - Sync 1 DAGs
[2025-02-12T05:20:55.324+0000] {logging_mixin.py:190} INFO - [2025-02-12T05:20:55.324+0000] {dag.py:4180} INFO - Setting next_dagrun for example_nested_branch_dag to 2025-02-11 00:00:00+00:00, run_after=2025-02-12 00:00:00+00:00
[2025-02-12T05:20:55.348+0000] {processor.py:208} INFO - Processing /home/airflow/.local/lib/python3.12/site-packages/airflow/example_dags/example_nested_branch_dag.py took 0.291 seconds
[2025-02-12T05:21:25.813+0000] {processor.py:186} INFO - Started process (PID=2174) to work on /home/airflow/.local/lib/python3.12/site-packages/airflow/example_dags/example_nested_branch_dag.py
[2025-02-12T05:21:25.822+0000] {processor.py:914} INFO - Processing file /home/airflow/.local/lib/python3.12/site-packages/airflow/example_dags/example_nested_branch_dag.py for tasks to queue
[2025-02-12T05:21:25.825+0000] {logging_mixin.py:190} INFO - [2025-02-12T05:21:25.825+0000] {dagbag.py:588} INFO - Filling up the DagBag from /home/airflow/.local/lib/python3.12/site-packages/airflow/example_dags/example_nested_branch_dag.py
[2025-02-12T05:21:25.836+0000] {processor.py:925} INFO - DAG(s) 'example_nested_branch_dag' retrieved from /home/airflow/.local/lib/python3.12/site-packages/airflow/example_dags/example_nested_branch_dag.py
[2025-02-12T05:21:25.857+0000] {logging_mixin.py:190} INFO - [2025-02-12T05:21:25.857+0000] {dag.py:3239} INFO - Sync 1 DAGs
[2025-02-12T05:21:25.879+0000] {logging_mixin.py:190} INFO - [2025-02-12T05:21:25.878+0000] {dag.py:4180} INFO - Setting next_dagrun for example_nested_branch_dag to 2025-02-11 00:00:00+00:00, run_after=2025-02-12 00:00:00+00:00
[2025-02-12T05:21:25.896+0000] {processor.py:208} INFO - Processing /home/airflow/.local/lib/python3.12/site-packages/airflow/example_dags/example_nested_branch_dag.py took 0.089 seconds
[2025-02-12T05:21:56.151+0000] {processor.py:186} INFO - Started process (PID=2240) to work on /home/airflow/.local/lib/python3.12/site-packages/airflow/example_dags/example_nested_branch_dag.py
[2025-02-12T05:21:56.160+0000] {processor.py:914} INFO - Processing file /home/airflow/.local/lib/python3.12/site-packages/airflow/example_dags/example_nested_branch_dag.py for tasks to queue
[2025-02-12T05:21:56.162+0000] {logging_mixin.py:190} INFO - [2025-02-12T05:21:56.162+0000] {dagbag.py:588} INFO - Filling up the DagBag from /home/airflow/.local/lib/python3.12/site-packages/airflow/example_dags/example_nested_branch_dag.py
[2025-02-12T05:21:56.174+0000] {processor.py:925} INFO - DAG(s) 'example_nested_branch_dag' retrieved from /home/airflow/.local/lib/python3.12/site-packages/airflow/example_dags/example_nested_branch_dag.py
[2025-02-12T05:21:56.193+0000] {logging_mixin.py:190} INFO - [2025-02-12T05:21:56.192+0000] {dag.py:3239} INFO - Sync 1 DAGs
[2025-02-12T05:21:56.214+0000] {logging_mixin.py:190} INFO - [2025-02-12T05:21:56.214+0000] {dag.py:4180} INFO - Setting next_dagrun for example_nested_branch_dag to 2025-02-11 00:00:00+00:00, run_after=2025-02-12 00:00:00+00:00
[2025-02-12T05:21:56.230+0000] {processor.py:208} INFO - Processing /home/airflow/.local/lib/python3.12/site-packages/airflow/example_dags/example_nested_branch_dag.py took 0.084 seconds
[2025-02-12T05:22:26.756+0000] {processor.py:186} INFO - Started process (PID=2306) to work on /home/airflow/.local/lib/python3.12/site-packages/airflow/example_dags/example_nested_branch_dag.py
[2025-02-12T05:22:26.765+0000] {processor.py:914} INFO - Processing file /home/airflow/.local/lib/python3.12/site-packages/airflow/example_dags/example_nested_branch_dag.py for tasks to queue
[2025-02-12T05:22:26.768+0000] {logging_mixin.py:190} INFO - [2025-02-12T05:22:26.767+0000] {dagbag.py:588} INFO - Filling up the DagBag from /home/airflow/.local/lib/python3.12/site-packages/airflow/example_dags/example_nested_branch_dag.py
[2025-02-12T05:22:26.779+0000] {processor.py:925} INFO - DAG(s) 'example_nested_branch_dag' retrieved from /home/airflow/.local/lib/python3.12/site-packages/airflow/example_dags/example_nested_branch_dag.py
[2025-02-12T05:22:26.800+0000] {logging_mixin.py:190} INFO - [2025-02-12T05:22:26.800+0000] {dag.py:3239} INFO - Sync 1 DAGs
[2025-02-12T05:22:26.822+0000] {logging_mixin.py:190} INFO - [2025-02-12T05:22:26.822+0000] {dag.py:4180} INFO - Setting next_dagrun for example_nested_branch_dag to 2025-02-11 00:00:00+00:00, run_after=2025-02-12 00:00:00+00:00
[2025-02-12T05:22:26.840+0000] {processor.py:208} INFO - Processing /home/airflow/.local/lib/python3.12/site-packages/airflow/example_dags/example_nested_branch_dag.py took 0.090 seconds
[2025-02-12T05:22:57.165+0000] {processor.py:186} INFO - Started process (PID=2372) to work on /home/airflow/.local/lib/python3.12/site-packages/airflow/example_dags/example_nested_branch_dag.py
[2025-02-12T05:22:57.166+0000] {processor.py:914} INFO - Processing file /home/airflow/.local/lib/python3.12/site-packages/airflow/example_dags/example_nested_branch_dag.py for tasks to queue
[2025-02-12T05:22:57.168+0000] {logging_mixin.py:190} INFO - [2025-02-12T05:22:57.168+0000] {dagbag.py:588} INFO - Filling up the DagBag from /home/airflow/.local/lib/python3.12/site-packages/airflow/example_dags/example_nested_branch_dag.py
[2025-02-12T05:22:57.180+0000] {processor.py:925} INFO - DAG(s) 'example_nested_branch_dag' retrieved from /home/airflow/.local/lib/python3.12/site-packages/airflow/example_dags/example_nested_branch_dag.py
[2025-02-12T05:22:57.201+0000] {logging_mixin.py:190} INFO - [2025-02-12T05:22:57.201+0000] {dag.py:3239} INFO - Sync 1 DAGs
[2025-02-12T05:22:57.221+0000] {logging_mixin.py:190} INFO - [2025-02-12T05:22:57.220+0000] {dag.py:4180} INFO - Setting next_dagrun for example_nested_branch_dag to 2025-02-11 00:00:00+00:00, run_after=2025-02-12 00:00:00+00:00
[2025-02-12T05:22:57.237+0000] {processor.py:208} INFO - Processing /home/airflow/.local/lib/python3.12/site-packages/airflow/example_dags/example_nested_branch_dag.py took 0.078 seconds
[2025-02-12T05:23:27.284+0000] {processor.py:186} INFO - Started process (PID=2438) to work on /home/airflow/.local/lib/python3.12/site-packages/airflow/example_dags/example_nested_branch_dag.py
[2025-02-12T05:23:27.285+0000] {processor.py:914} INFO - Processing file /home/airflow/.local/lib/python3.12/site-packages/airflow/example_dags/example_nested_branch_dag.py for tasks to queue
[2025-02-12T05:23:27.287+0000] {logging_mixin.py:190} INFO - [2025-02-12T05:23:27.287+0000] {dagbag.py:588} INFO - Filling up the DagBag from /home/airflow/.local/lib/python3.12/site-packages/airflow/example_dags/example_nested_branch_dag.py
[2025-02-12T05:23:27.298+0000] {processor.py:925} INFO - DAG(s) 'example_nested_branch_dag' retrieved from /home/airflow/.local/lib/python3.12/site-packages/airflow/example_dags/example_nested_branch_dag.py
[2025-02-12T05:23:27.319+0000] {logging_mixin.py:190} INFO - [2025-02-12T05:23:27.319+0000] {dag.py:3239} INFO - Sync 1 DAGs
[2025-02-12T05:23:27.341+0000] {logging_mixin.py:190} INFO - [2025-02-12T05:23:27.341+0000] {dag.py:4180} INFO - Setting next_dagrun for example_nested_branch_dag to 2025-02-11 00:00:00+00:00, run_after=2025-02-12 00:00:00+00:00
[2025-02-12T05:23:27.360+0000] {processor.py:208} INFO - Processing /home/airflow/.local/lib/python3.12/site-packages/airflow/example_dags/example_nested_branch_dag.py took 0.081 seconds
[2025-02-12T05:23:57.761+0000] {processor.py:186} INFO - Started process (PID=2504) to work on /home/airflow/.local/lib/python3.12/site-packages/airflow/example_dags/example_nested_branch_dag.py
[2025-02-12T05:23:57.762+0000] {processor.py:914} INFO - Processing file /home/airflow/.local/lib/python3.12/site-packages/airflow/example_dags/example_nested_branch_dag.py for tasks to queue
[2025-02-12T05:23:57.764+0000] {logging_mixin.py:190} INFO - [2025-02-12T05:23:57.764+0000] {dagbag.py:588} INFO - Filling up the DagBag from /home/airflow/.local/lib/python3.12/site-packages/airflow/example_dags/example_nested_branch_dag.py
[2025-02-12T05:23:57.777+0000] {processor.py:925} INFO - DAG(s) 'example_nested_branch_dag' retrieved from /home/airflow/.local/lib/python3.12/site-packages/airflow/example_dags/example_nested_branch_dag.py
[2025-02-12T05:23:57.799+0000] {logging_mixin.py:190} INFO - [2025-02-12T05:23:57.798+0000] {dag.py:3239} INFO - Sync 1 DAGs
[2025-02-12T05:23:57.819+0000] {logging_mixin.py:190} INFO - [2025-02-12T05:23:57.819+0000] {dag.py:4180} INFO - Setting next_dagrun for example_nested_branch_dag to 2025-02-11 00:00:00+00:00, run_after=2025-02-12 00:00:00+00:00
[2025-02-12T05:23:57.836+0000] {processor.py:208} INFO - Processing /home/airflow/.local/lib/python3.12/site-packages/airflow/example_dags/example_nested_branch_dag.py took 0.081 seconds
[2025-02-12T05:24:28.299+0000] {processor.py:186} INFO - Started process (PID=2570) to work on /home/airflow/.local/lib/python3.12/site-packages/airflow/example_dags/example_nested_branch_dag.py
[2025-02-12T05:24:28.300+0000] {processor.py:914} INFO - Processing file /home/airflow/.local/lib/python3.12/site-packages/airflow/example_dags/example_nested_branch_dag.py for tasks to queue
[2025-02-12T05:24:28.302+0000] {logging_mixin.py:190} INFO - [2025-02-12T05:24:28.302+0000] {dagbag.py:588} INFO - Filling up the DagBag from /home/airflow/.local/lib/python3.12/site-packages/airflow/example_dags/example_nested_branch_dag.py
[2025-02-12T05:24:28.315+0000] {processor.py:925} INFO - DAG(s) 'example_nested_branch_dag' retrieved from /home/airflow/.local/lib/python3.12/site-packages/airflow/example_dags/example_nested_branch_dag.py
[2025-02-12T05:24:28.338+0000] {logging_mixin.py:190} INFO - [2025-02-12T05:24:28.337+0000] {dag.py:3239} INFO - Sync 1 DAGs
[2025-02-12T05:24:28.359+0000] {logging_mixin.py:190} INFO - [2025-02-12T05:24:28.359+0000] {dag.py:4180} INFO - Setting next_dagrun for example_nested_branch_dag to 2025-02-11 00:00:00+00:00, run_after=2025-02-12 00:00:00+00:00
[2025-02-12T05:24:28.376+0000] {processor.py:208} INFO - Processing /home/airflow/.local/lib/python3.12/site-packages/airflow/example_dags/example_nested_branch_dag.py took 0.083 seconds
[2025-02-12T05:24:58.901+0000] {processor.py:186} INFO - Started process (PID=2636) to work on /home/airflow/.local/lib/python3.12/site-packages/airflow/example_dags/example_nested_branch_dag.py
[2025-02-12T05:24:58.910+0000] {processor.py:914} INFO - Processing file /home/airflow/.local/lib/python3.12/site-packages/airflow/example_dags/example_nested_branch_dag.py for tasks to queue
[2025-02-12T05:24:58.912+0000] {logging_mixin.py:190} INFO - [2025-02-12T05:24:58.912+0000] {dagbag.py:588} INFO - Filling up the DagBag from /home/airflow/.local/lib/python3.12/site-packages/airflow/example_dags/example_nested_branch_dag.py
[2025-02-12T05:24:58.925+0000] {processor.py:925} INFO - DAG(s) 'example_nested_branch_dag' retrieved from /home/airflow/.local/lib/python3.12/site-packages/airflow/example_dags/example_nested_branch_dag.py
[2025-02-12T05:24:58.944+0000] {logging_mixin.py:190} INFO - [2025-02-12T05:24:58.944+0000] {dag.py:3239} INFO - Sync 1 DAGs
[2025-02-12T05:24:58.966+0000] {logging_mixin.py:190} INFO - [2025-02-12T05:24:58.966+0000] {dag.py:4180} INFO - Setting next_dagrun for example_nested_branch_dag to 2025-02-11 00:00:00+00:00, run_after=2025-02-12 00:00:00+00:00
[2025-02-12T05:24:58.983+0000] {processor.py:208} INFO - Processing /home/airflow/.local/lib/python3.12/site-packages/airflow/example_dags/example_nested_branch_dag.py took 0.089 seconds
[2025-02-12T05:25:29.183+0000] {processor.py:186} INFO - Started process (PID=2702) to work on /home/airflow/.local/lib/python3.12/site-packages/airflow/example_dags/example_nested_branch_dag.py
[2025-02-12T05:25:29.184+0000] {processor.py:914} INFO - Processing file /home/airflow/.local/lib/python3.12/site-packages/airflow/example_dags/example_nested_branch_dag.py for tasks to queue
[2025-02-12T05:25:29.187+0000] {logging_mixin.py:190} INFO - [2025-02-12T05:25:29.186+0000] {dagbag.py:588} INFO - Filling up the DagBag from /home/airflow/.local/lib/python3.12/site-packages/airflow/example_dags/example_nested_branch_dag.py
[2025-02-12T05:25:29.199+0000] {processor.py:925} INFO - DAG(s) 'example_nested_branch_dag' retrieved from /home/airflow/.local/lib/python3.12/site-packages/airflow/example_dags/example_nested_branch_dag.py
[2025-02-12T05:25:29.221+0000] {logging_mixin.py:190} INFO - [2025-02-12T05:25:29.220+0000] {dag.py:3239} INFO - Sync 1 DAGs
[2025-02-12T05:25:29.242+0000] {logging_mixin.py:190} INFO - [2025-02-12T05:25:29.242+0000] {dag.py:4180} INFO - Setting next_dagrun for example_nested_branch_dag to 2025-02-11 00:00:00+00:00, run_after=2025-02-12 00:00:00+00:00
[2025-02-12T05:25:29.262+0000] {processor.py:208} INFO - Processing /home/airflow/.local/lib/python3.12/site-packages/airflow/example_dags/example_nested_branch_dag.py took 0.085 seconds
[2025-02-12T05:25:59.574+0000] {processor.py:186} INFO - Started process (PID=2768) to work on /home/airflow/.local/lib/python3.12/site-packages/airflow/example_dags/example_nested_branch_dag.py
[2025-02-12T05:25:59.583+0000] {processor.py:914} INFO - Processing file /home/airflow/.local/lib/python3.12/site-packages/airflow/example_dags/example_nested_branch_dag.py for tasks to queue
[2025-02-12T05:25:59.586+0000] {logging_mixin.py:190} INFO - [2025-02-12T05:25:59.585+0000] {dagbag.py:588} INFO - Filling up the DagBag from /home/airflow/.local/lib/python3.12/site-packages/airflow/example_dags/example_nested_branch_dag.py
[2025-02-12T05:25:59.597+0000] {processor.py:925} INFO - DAG(s) 'example_nested_branch_dag' retrieved from /home/airflow/.local/lib/python3.12/site-packages/airflow/example_dags/example_nested_branch_dag.py
[2025-02-12T05:25:59.617+0000] {logging_mixin.py:190} INFO - [2025-02-12T05:25:59.616+0000] {dag.py:3239} INFO - Sync 1 DAGs
[2025-02-12T05:25:59.637+0000] {logging_mixin.py:190} INFO - [2025-02-12T05:25:59.637+0000] {dag.py:4180} INFO - Setting next_dagrun for example_nested_branch_dag to 2025-02-11 00:00:00+00:00, run_after=2025-02-12 00:00:00+00:00
[2025-02-12T05:25:59.652+0000] {processor.py:208} INFO - Processing /home/airflow/.local/lib/python3.12/site-packages/airflow/example_dags/example_nested_branch_dag.py took 0.083 seconds
[2025-02-12T05:26:30.575+0000] {processor.py:186} INFO - Started process (PID=2834) to work on /home/airflow/.local/lib/python3.12/site-packages/airflow/example_dags/example_nested_branch_dag.py
[2025-02-12T05:26:30.576+0000] {processor.py:914} INFO - Processing file /home/airflow/.local/lib/python3.12/site-packages/airflow/example_dags/example_nested_branch_dag.py for tasks to queue
[2025-02-12T05:26:30.578+0000] {logging_mixin.py:190} INFO - [2025-02-12T05:26:30.577+0000] {dagbag.py:588} INFO - Filling up the DagBag from /home/airflow/.local/lib/python3.12/site-packages/airflow/example_dags/example_nested_branch_dag.py
[2025-02-12T05:26:30.588+0000] {processor.py:925} INFO - DAG(s) 'example_nested_branch_dag' retrieved from /home/airflow/.local/lib/python3.12/site-packages/airflow/example_dags/example_nested_branch_dag.py
[2025-02-12T05:26:30.609+0000] {logging_mixin.py:190} INFO - [2025-02-12T05:26:30.608+0000] {dag.py:3239} INFO - Sync 1 DAGs
[2025-02-12T05:26:30.630+0000] {logging_mixin.py:190} INFO - [2025-02-12T05:26:30.629+0000] {dag.py:4180} INFO - Setting next_dagrun for example_nested_branch_dag to 2025-02-11 00:00:00+00:00, run_after=2025-02-12 00:00:00+00:00
[2025-02-12T05:26:30.646+0000] {processor.py:208} INFO - Processing /home/airflow/.local/lib/python3.12/site-packages/airflow/example_dags/example_nested_branch_dag.py took 0.077 seconds
[2025-02-12T05:27:00.857+0000] {processor.py:186} INFO - Started process (PID=2900) to work on /home/airflow/.local/lib/python3.12/site-packages/airflow/example_dags/example_nested_branch_dag.py
[2025-02-12T05:27:00.866+0000] {processor.py:914} INFO - Processing file /home/airflow/.local/lib/python3.12/site-packages/airflow/example_dags/example_nested_branch_dag.py for tasks to queue
[2025-02-12T05:27:00.868+0000] {logging_mixin.py:190} INFO - [2025-02-12T05:27:00.867+0000] {dagbag.py:588} INFO - Filling up the DagBag from /home/airflow/.local/lib/python3.12/site-packages/airflow/example_dags/example_nested_branch_dag.py
[2025-02-12T05:27:00.879+0000] {processor.py:925} INFO - DAG(s) 'example_nested_branch_dag' retrieved from /home/airflow/.local/lib/python3.12/site-packages/airflow/example_dags/example_nested_branch_dag.py
[2025-02-12T05:27:00.901+0000] {logging_mixin.py:190} INFO - [2025-02-12T05:27:00.900+0000] {dag.py:3239} INFO - Sync 1 DAGs
[2025-02-12T05:27:00.921+0000] {logging_mixin.py:190} INFO - [2025-02-12T05:27:00.921+0000] {dag.py:4180} INFO - Setting next_dagrun for example_nested_branch_dag to 2025-02-11 00:00:00+00:00, run_after=2025-02-12 00:00:00+00:00
[2025-02-12T05:27:00.940+0000] {processor.py:208} INFO - Processing /home/airflow/.local/lib/python3.12/site-packages/airflow/example_dags/example_nested_branch_dag.py took 0.088 seconds
[2025-02-12T05:27:31.130+0000] {processor.py:186} INFO - Started process (PID=2966) to work on /home/airflow/.local/lib/python3.12/site-packages/airflow/example_dags/example_nested_branch_dag.py
[2025-02-12T05:27:31.131+0000] {processor.py:914} INFO - Processing file /home/airflow/.local/lib/python3.12/site-packages/airflow/example_dags/example_nested_branch_dag.py for tasks to queue
[2025-02-12T05:27:31.133+0000] {logging_mixin.py:190} INFO - [2025-02-12T05:27:31.133+0000] {dagbag.py:588} INFO - Filling up the DagBag from /home/airflow/.local/lib/python3.12/site-packages/airflow/example_dags/example_nested_branch_dag.py
[2025-02-12T05:27:31.145+0000] {processor.py:925} INFO - DAG(s) 'example_nested_branch_dag' retrieved from /home/airflow/.local/lib/python3.12/site-packages/airflow/example_dags/example_nested_branch_dag.py
[2025-02-12T05:27:31.169+0000] {logging_mixin.py:190} INFO - [2025-02-12T05:27:31.169+0000] {dag.py:3239} INFO - Sync 1 DAGs
[2025-02-12T05:27:31.197+0000] {logging_mixin.py:190} INFO - [2025-02-12T05:27:31.196+0000] {dag.py:4180} INFO - Setting next_dagrun for example_nested_branch_dag to 2025-02-11 00:00:00+00:00, run_after=2025-02-12 00:00:00+00:00
[2025-02-12T05:27:31.216+0000] {processor.py:208} INFO - Processing /home/airflow/.local/lib/python3.12/site-packages/airflow/example_dags/example_nested_branch_dag.py took 0.091 seconds
[2025-02-12T05:28:01.345+0000] {processor.py:186} INFO - Started process (PID=3032) to work on /home/airflow/.local/lib/python3.12/site-packages/airflow/example_dags/example_nested_branch_dag.py
[2025-02-12T05:28:01.346+0000] {processor.py:914} INFO - Processing file /home/airflow/.local/lib/python3.12/site-packages/airflow/example_dags/example_nested_branch_dag.py for tasks to queue
[2025-02-12T05:28:01.349+0000] {logging_mixin.py:190} INFO - [2025-02-12T05:28:01.348+0000] {dagbag.py:588} INFO - Filling up the DagBag from /home/airflow/.local/lib/python3.12/site-packages/airflow/example_dags/example_nested_branch_dag.py
[2025-02-12T05:28:01.360+0000] {processor.py:925} INFO - DAG(s) 'example_nested_branch_dag' retrieved from /home/airflow/.local/lib/python3.12/site-packages/airflow/example_dags/example_nested_branch_dag.py
[2025-02-12T05:28:01.381+0000] {logging_mixin.py:190} INFO - [2025-02-12T05:28:01.381+0000] {dag.py:3239} INFO - Sync 1 DAGs
[2025-02-12T05:28:01.403+0000] {logging_mixin.py:190} INFO - [2025-02-12T05:28:01.402+0000] {dag.py:4180} INFO - Setting next_dagrun for example_nested_branch_dag to 2025-02-11 00:00:00+00:00, run_after=2025-02-12 00:00:00+00:00
[2025-02-12T05:28:01.418+0000] {processor.py:208} INFO - Processing /home/airflow/.local/lib/python3.12/site-packages/airflow/example_dags/example_nested_branch_dag.py took 0.078 seconds
[2025-02-12T05:28:31.749+0000] {processor.py:186} INFO - Started process (PID=3098) to work on /home/airflow/.local/lib/python3.12/site-packages/airflow/example_dags/example_nested_branch_dag.py
[2025-02-12T05:28:31.750+0000] {processor.py:914} INFO - Processing file /home/airflow/.local/lib/python3.12/site-packages/airflow/example_dags/example_nested_branch_dag.py for tasks to queue
[2025-02-12T05:28:31.753+0000] {logging_mixin.py:190} INFO - [2025-02-12T05:28:31.752+0000] {dagbag.py:588} INFO - Filling up the DagBag from /home/airflow/.local/lib/python3.12/site-packages/airflow/example_dags/example_nested_branch_dag.py
[2025-02-12T05:28:31.765+0000] {processor.py:925} INFO - DAG(s) 'example_nested_branch_dag' retrieved from /home/airflow/.local/lib/python3.12/site-packages/airflow/example_dags/example_nested_branch_dag.py
[2025-02-12T05:28:31.786+0000] {logging_mixin.py:190} INFO - [2025-02-12T05:28:31.785+0000] {dag.py:3239} INFO - Sync 1 DAGs
[2025-02-12T05:28:31.805+0000] {logging_mixin.py:190} INFO - [2025-02-12T05:28:31.805+0000] {dag.py:4180} INFO - Setting next_dagrun for example_nested_branch_dag to 2025-02-11 00:00:00+00:00, run_after=2025-02-12 00:00:00+00:00
[2025-02-12T05:28:31.820+0000] {processor.py:208} INFO - Processing /home/airflow/.local/lib/python3.12/site-packages/airflow/example_dags/example_nested_branch_dag.py took 0.077 seconds
[2025-02-12T05:29:02.135+0000] {processor.py:186} INFO - Started process (PID=3164) to work on /home/airflow/.local/lib/python3.12/site-packages/airflow/example_dags/example_nested_branch_dag.py
[2025-02-12T05:29:02.143+0000] {processor.py:914} INFO - Processing file /home/airflow/.local/lib/python3.12/site-packages/airflow/example_dags/example_nested_branch_dag.py for tasks to queue
[2025-02-12T05:29:02.146+0000] {logging_mixin.py:190} INFO - [2025-02-12T05:29:02.146+0000] {dagbag.py:588} INFO - Filling up the DagBag from /home/airflow/.local/lib/python3.12/site-packages/airflow/example_dags/example_nested_branch_dag.py
[2025-02-12T05:29:02.158+0000] {processor.py:925} INFO - DAG(s) 'example_nested_branch_dag' retrieved from /home/airflow/.local/lib/python3.12/site-packages/airflow/example_dags/example_nested_branch_dag.py
[2025-02-12T05:29:02.179+0000] {logging_mixin.py:190} INFO - [2025-02-12T05:29:02.179+0000] {dag.py:3239} INFO - Sync 1 DAGs
[2025-02-12T05:29:02.200+0000] {logging_mixin.py:190} INFO - [2025-02-12T05:29:02.200+0000] {dag.py:4180} INFO - Setting next_dagrun for example_nested_branch_dag to 2025-02-11 00:00:00+00:00, run_after=2025-02-12 00:00:00+00:00
[2025-02-12T05:29:02.217+0000] {processor.py:208} INFO - Processing /home/airflow/.local/lib/python3.12/site-packages/airflow/example_dags/example_nested_branch_dag.py took 0.088 seconds
[2025-02-12T05:29:32.593+0000] {processor.py:186} INFO - Started process (PID=3230) to work on /home/airflow/.local/lib/python3.12/site-packages/airflow/example_dags/example_nested_branch_dag.py
[2025-02-12T05:29:32.602+0000] {processor.py:914} INFO - Processing file /home/airflow/.local/lib/python3.12/site-packages/airflow/example_dags/example_nested_branch_dag.py for tasks to queue
[2025-02-12T05:29:32.604+0000] {logging_mixin.py:190} INFO - [2025-02-12T05:29:32.603+0000] {dagbag.py:588} INFO - Filling up the DagBag from /home/airflow/.local/lib/python3.12/site-packages/airflow/example_dags/example_nested_branch_dag.py
[2025-02-12T05:29:32.614+0000] {processor.py:925} INFO - DAG(s) 'example_nested_branch_dag' retrieved from /home/airflow/.local/lib/python3.12/site-packages/airflow/example_dags/example_nested_branch_dag.py
[2025-02-12T05:29:32.637+0000] {logging_mixin.py:190} INFO - [2025-02-12T05:29:32.637+0000] {dag.py:3239} INFO - Sync 1 DAGs
[2025-02-12T05:29:32.660+0000] {logging_mixin.py:190} INFO - [2025-02-12T05:29:32.660+0000] {dag.py:4180} INFO - Setting next_dagrun for example_nested_branch_dag to 2025-02-11 00:00:00+00:00, run_after=2025-02-12 00:00:00+00:00
[2025-02-12T05:29:32.677+0000] {processor.py:208} INFO - Processing /home/airflow/.local/lib/python3.12/site-packages/airflow/example_dags/example_nested_branch_dag.py took 0.089 seconds
[2025-02-12T05:30:03.237+0000] {processor.py:186} INFO - Started process (PID=3296) to work on /home/airflow/.local/lib/python3.12/site-packages/airflow/example_dags/example_nested_branch_dag.py
[2025-02-12T05:30:03.246+0000] {processor.py:914} INFO - Processing file /home/airflow/.local/lib/python3.12/site-packages/airflow/example_dags/example_nested_branch_dag.py for tasks to queue
[2025-02-12T05:30:03.248+0000] {logging_mixin.py:190} INFO - [2025-02-12T05:30:03.248+0000] {dagbag.py:588} INFO - Filling up the DagBag from /home/airflow/.local/lib/python3.12/site-packages/airflow/example_dags/example_nested_branch_dag.py
[2025-02-12T05:30:03.259+0000] {processor.py:925} INFO - DAG(s) 'example_nested_branch_dag' retrieved from /home/airflow/.local/lib/python3.12/site-packages/airflow/example_dags/example_nested_branch_dag.py
[2025-02-12T05:30:03.280+0000] {logging_mixin.py:190} INFO - [2025-02-12T05:30:03.279+0000] {dag.py:3239} INFO - Sync 1 DAGs
[2025-02-12T05:30:03.300+0000] {logging_mixin.py:190} INFO - [2025-02-12T05:30:03.300+0000] {dag.py:4180} INFO - Setting next_dagrun for example_nested_branch_dag to 2025-02-11 00:00:00+00:00, run_after=2025-02-12 00:00:00+00:00
[2025-02-12T05:30:03.316+0000] {processor.py:208} INFO - Processing /home/airflow/.local/lib/python3.12/site-packages/airflow/example_dags/example_nested_branch_dag.py took 0.085 seconds
[2025-02-12T05:30:33.771+0000] {processor.py:186} INFO - Started process (PID=3362) to work on /home/airflow/.local/lib/python3.12/site-packages/airflow/example_dags/example_nested_branch_dag.py
[2025-02-12T05:30:33.772+0000] {processor.py:914} INFO - Processing file /home/airflow/.local/lib/python3.12/site-packages/airflow/example_dags/example_nested_branch_dag.py for tasks to queue
[2025-02-12T05:30:33.775+0000] {logging_mixin.py:190} INFO - [2025-02-12T05:30:33.774+0000] {dagbag.py:588} INFO - Filling up the DagBag from /home/airflow/.local/lib/python3.12/site-packages/airflow/example_dags/example_nested_branch_dag.py
[2025-02-12T05:30:33.786+0000] {processor.py:925} INFO - DAG(s) 'example_nested_branch_dag' retrieved from /home/airflow/.local/lib/python3.12/site-packages/airflow/example_dags/example_nested_branch_dag.py
[2025-02-12T05:30:33.807+0000] {logging_mixin.py:190} INFO - [2025-02-12T05:30:33.807+0000] {dag.py:3239} INFO - Sync 1 DAGs
[2025-02-12T05:30:33.828+0000] {logging_mixin.py:190} INFO - [2025-02-12T05:30:33.828+0000] {dag.py:4180} INFO - Setting next_dagrun for example_nested_branch_dag to 2025-02-11 00:00:00+00:00, run_after=2025-02-12 00:00:00+00:00
[2025-02-12T05:30:33.846+0000] {processor.py:208} INFO - Processing /home/airflow/.local/lib/python3.12/site-packages/airflow/example_dags/example_nested_branch_dag.py took 0.080 seconds
[2025-02-12T05:31:04.385+0000] {processor.py:186} INFO - Started process (PID=3428) to work on /home/airflow/.local/lib/python3.12/site-packages/airflow/example_dags/example_nested_branch_dag.py
[2025-02-12T05:31:04.386+0000] {processor.py:914} INFO - Processing file /home/airflow/.local/lib/python3.12/site-packages/airflow/example_dags/example_nested_branch_dag.py for tasks to queue
[2025-02-12T05:31:04.388+0000] {logging_mixin.py:190} INFO - [2025-02-12T05:31:04.388+0000] {dagbag.py:588} INFO - Filling up the DagBag from /home/airflow/.local/lib/python3.12/site-packages/airflow/example_dags/example_nested_branch_dag.py
[2025-02-12T05:31:04.400+0000] {processor.py:925} INFO - DAG(s) 'example_nested_branch_dag' retrieved from /home/airflow/.local/lib/python3.12/site-packages/airflow/example_dags/example_nested_branch_dag.py
[2025-02-12T05:31:04.424+0000] {logging_mixin.py:190} INFO - [2025-02-12T05:31:04.424+0000] {dag.py:3239} INFO - Sync 1 DAGs
[2025-02-12T05:31:04.453+0000] {logging_mixin.py:190} INFO - [2025-02-12T05:31:04.453+0000] {dag.py:4180} INFO - Setting next_dagrun for example_nested_branch_dag to 2025-02-11 00:00:00+00:00, run_after=2025-02-12 00:00:00+00:00
[2025-02-12T05:31:04.473+0000] {processor.py:208} INFO - Processing /home/airflow/.local/lib/python3.12/site-packages/airflow/example_dags/example_nested_branch_dag.py took 0.093 seconds
[2025-02-12T05:31:34.855+0000] {processor.py:186} INFO - Started process (PID=3494) to work on /home/airflow/.local/lib/python3.12/site-packages/airflow/example_dags/example_nested_branch_dag.py
[2025-02-12T05:31:34.856+0000] {processor.py:914} INFO - Processing file /home/airflow/.local/lib/python3.12/site-packages/airflow/example_dags/example_nested_branch_dag.py for tasks to queue
[2025-02-12T05:31:34.858+0000] {logging_mixin.py:190} INFO - [2025-02-12T05:31:34.858+0000] {dagbag.py:588} INFO - Filling up the DagBag from /home/airflow/.local/lib/python3.12/site-packages/airflow/example_dags/example_nested_branch_dag.py
[2025-02-12T05:31:34.870+0000] {processor.py:925} INFO - DAG(s) 'example_nested_branch_dag' retrieved from /home/airflow/.local/lib/python3.12/site-packages/airflow/example_dags/example_nested_branch_dag.py
[2025-02-12T05:31:34.892+0000] {logging_mixin.py:190} INFO - [2025-02-12T05:31:34.892+0000] {dag.py:3239} INFO - Sync 1 DAGs
[2025-02-12T05:31:34.913+0000] {logging_mixin.py:190} INFO - [2025-02-12T05:31:34.913+0000] {dag.py:4180} INFO - Setting next_dagrun for example_nested_branch_dag to 2025-02-11 00:00:00+00:00, run_after=2025-02-12 00:00:00+00:00
[2025-02-12T05:31:34.931+0000] {processor.py:208} INFO - Processing /home/airflow/.local/lib/python3.12/site-packages/airflow/example_dags/example_nested_branch_dag.py took 0.081 seconds
[2025-02-12T05:32:05.415+0000] {processor.py:186} INFO - Started process (PID=3560) to work on /home/airflow/.local/lib/python3.12/site-packages/airflow/example_dags/example_nested_branch_dag.py
[2025-02-12T05:32:05.416+0000] {processor.py:914} INFO - Processing file /home/airflow/.local/lib/python3.12/site-packages/airflow/example_dags/example_nested_branch_dag.py for tasks to queue
[2025-02-12T05:32:05.420+0000] {logging_mixin.py:190} INFO - [2025-02-12T05:32:05.419+0000] {dagbag.py:588} INFO - Filling up the DagBag from /home/airflow/.local/lib/python3.12/site-packages/airflow/example_dags/example_nested_branch_dag.py
[2025-02-12T05:32:05.431+0000] {processor.py:925} INFO - DAG(s) 'example_nested_branch_dag' retrieved from /home/airflow/.local/lib/python3.12/site-packages/airflow/example_dags/example_nested_branch_dag.py
[2025-02-12T05:32:05.451+0000] {logging_mixin.py:190} INFO - [2025-02-12T05:32:05.451+0000] {dag.py:3239} INFO - Sync 1 DAGs
[2025-02-12T05:32:05.472+0000] {logging_mixin.py:190} INFO - [2025-02-12T05:32:05.472+0000] {dag.py:4180} INFO - Setting next_dagrun for example_nested_branch_dag to 2025-02-11 00:00:00+00:00, run_after=2025-02-12 00:00:00+00:00
[2025-02-12T05:32:05.487+0000] {processor.py:208} INFO - Processing /home/airflow/.local/lib/python3.12/site-packages/airflow/example_dags/example_nested_branch_dag.py took 0.077 seconds
[2025-02-12T05:32:35.805+0000] {processor.py:186} INFO - Started process (PID=3626) to work on /home/airflow/.local/lib/python3.12/site-packages/airflow/example_dags/example_nested_branch_dag.py
[2025-02-12T05:32:35.806+0000] {processor.py:914} INFO - Processing file /home/airflow/.local/lib/python3.12/site-packages/airflow/example_dags/example_nested_branch_dag.py for tasks to queue
[2025-02-12T05:32:35.809+0000] {logging_mixin.py:190} INFO - [2025-02-12T05:32:35.808+0000] {dagbag.py:588} INFO - Filling up the DagBag from /home/airflow/.local/lib/python3.12/site-packages/airflow/example_dags/example_nested_branch_dag.py
[2025-02-12T05:32:35.820+0000] {processor.py:925} INFO - DAG(s) 'example_nested_branch_dag' retrieved from /home/airflow/.local/lib/python3.12/site-packages/airflow/example_dags/example_nested_branch_dag.py
[2025-02-12T05:32:35.841+0000] {logging_mixin.py:190} INFO - [2025-02-12T05:32:35.841+0000] {dag.py:3239} INFO - Sync 1 DAGs
[2025-02-12T05:32:35.863+0000] {logging_mixin.py:190} INFO - [2025-02-12T05:32:35.863+0000] {dag.py:4180} INFO - Setting next_dagrun for example_nested_branch_dag to 2025-02-11 00:00:00+00:00, run_after=2025-02-12 00:00:00+00:00
[2025-02-12T05:32:35.879+0000] {processor.py:208} INFO - Processing /home/airflow/.local/lib/python3.12/site-packages/airflow/example_dags/example_nested_branch_dag.py took 0.080 seconds
[2025-02-12T05:33:06.145+0000] {processor.py:186} INFO - Started process (PID=3692) to work on /home/airflow/.local/lib/python3.12/site-packages/airflow/example_dags/example_nested_branch_dag.py
[2025-02-12T05:33:06.147+0000] {processor.py:914} INFO - Processing file /home/airflow/.local/lib/python3.12/site-packages/airflow/example_dags/example_nested_branch_dag.py for tasks to queue
[2025-02-12T05:33:06.150+0000] {logging_mixin.py:190} INFO - [2025-02-12T05:33:06.149+0000] {dagbag.py:588} INFO - Filling up the DagBag from /home/airflow/.local/lib/python3.12/site-packages/airflow/example_dags/example_nested_branch_dag.py
[2025-02-12T05:33:06.162+0000] {processor.py:925} INFO - DAG(s) 'example_nested_branch_dag' retrieved from /home/airflow/.local/lib/python3.12/site-packages/airflow/example_dags/example_nested_branch_dag.py
[2025-02-12T05:33:06.182+0000] {logging_mixin.py:190} INFO - [2025-02-12T05:33:06.182+0000] {dag.py:3239} INFO - Sync 1 DAGs
[2025-02-12T05:33:06.204+0000] {logging_mixin.py:190} INFO - [2025-02-12T05:33:06.203+0000] {dag.py:4180} INFO - Setting next_dagrun for example_nested_branch_dag to 2025-02-11 00:00:00+00:00, run_after=2025-02-12 00:00:00+00:00
[2025-02-12T05:33:06.220+0000] {processor.py:208} INFO - Processing /home/airflow/.local/lib/python3.12/site-packages/airflow/example_dags/example_nested_branch_dag.py took 0.080 seconds
[2025-02-12T05:33:36.399+0000] {processor.py:186} INFO - Started process (PID=3758) to work on /home/airflow/.local/lib/python3.12/site-packages/airflow/example_dags/example_nested_branch_dag.py
[2025-02-12T05:33:36.400+0000] {processor.py:914} INFO - Processing file /home/airflow/.local/lib/python3.12/site-packages/airflow/example_dags/example_nested_branch_dag.py for tasks to queue
[2025-02-12T05:33:36.403+0000] {logging_mixin.py:190} INFO - [2025-02-12T05:33:36.403+0000] {dagbag.py:588} INFO - Filling up the DagBag from /home/airflow/.local/lib/python3.12/site-packages/airflow/example_dags/example_nested_branch_dag.py
[2025-02-12T05:33:36.413+0000] {processor.py:925} INFO - DAG(s) 'example_nested_branch_dag' retrieved from /home/airflow/.local/lib/python3.12/site-packages/airflow/example_dags/example_nested_branch_dag.py
[2025-02-12T05:33:36.433+0000] {logging_mixin.py:190} INFO - [2025-02-12T05:33:36.433+0000] {dag.py:3239} INFO - Sync 1 DAGs
[2025-02-12T05:33:36.453+0000] {logging_mixin.py:190} INFO - [2025-02-12T05:33:36.452+0000] {dag.py:4180} INFO - Setting next_dagrun for example_nested_branch_dag to 2025-02-11 00:00:00+00:00, run_after=2025-02-12 00:00:00+00:00
[2025-02-12T05:33:36.467+0000] {processor.py:208} INFO - Processing /home/airflow/.local/lib/python3.12/site-packages/airflow/example_dags/example_nested_branch_dag.py took 0.074 seconds
[2025-02-12T05:34:06.688+0000] {processor.py:186} INFO - Started process (PID=3824) to work on /home/airflow/.local/lib/python3.12/site-packages/airflow/example_dags/example_nested_branch_dag.py
[2025-02-12T05:34:06.697+0000] {processor.py:914} INFO - Processing file /home/airflow/.local/lib/python3.12/site-packages/airflow/example_dags/example_nested_branch_dag.py for tasks to queue
[2025-02-12T05:34:06.700+0000] {logging_mixin.py:190} INFO - [2025-02-12T05:34:06.700+0000] {dagbag.py:588} INFO - Filling up the DagBag from /home/airflow/.local/lib/python3.12/site-packages/airflow/example_dags/example_nested_branch_dag.py
[2025-02-12T05:34:06.710+0000] {processor.py:925} INFO - DAG(s) 'example_nested_branch_dag' retrieved from /home/airflow/.local/lib/python3.12/site-packages/airflow/example_dags/example_nested_branch_dag.py
[2025-02-12T05:34:06.730+0000] {logging_mixin.py:190} INFO - [2025-02-12T05:34:06.729+0000] {dag.py:3239} INFO - Sync 1 DAGs
[2025-02-12T05:34:06.751+0000] {logging_mixin.py:190} INFO - [2025-02-12T05:34:06.750+0000] {dag.py:4180} INFO - Setting next_dagrun for example_nested_branch_dag to 2025-02-11 00:00:00+00:00, run_after=2025-02-12 00:00:00+00:00
[2025-02-12T05:34:06.766+0000] {processor.py:208} INFO - Processing /home/airflow/.local/lib/python3.12/site-packages/airflow/example_dags/example_nested_branch_dag.py took 0.083 seconds
[2025-02-12T05:34:36.934+0000] {processor.py:186} INFO - Started process (PID=3890) to work on /home/airflow/.local/lib/python3.12/site-packages/airflow/example_dags/example_nested_branch_dag.py
[2025-02-12T05:34:36.935+0000] {processor.py:914} INFO - Processing file /home/airflow/.local/lib/python3.12/site-packages/airflow/example_dags/example_nested_branch_dag.py for tasks to queue
[2025-02-12T05:34:36.937+0000] {logging_mixin.py:190} INFO - [2025-02-12T05:34:36.937+0000] {dagbag.py:588} INFO - Filling up the DagBag from /home/airflow/.local/lib/python3.12/site-packages/airflow/example_dags/example_nested_branch_dag.py
[2025-02-12T05:34:36.948+0000] {processor.py:925} INFO - DAG(s) 'example_nested_branch_dag' retrieved from /home/airflow/.local/lib/python3.12/site-packages/airflow/example_dags/example_nested_branch_dag.py
[2025-02-12T05:34:36.969+0000] {logging_mixin.py:190} INFO - [2025-02-12T05:34:36.968+0000] {dag.py:3239} INFO - Sync 1 DAGs
[2025-02-12T05:34:36.991+0000] {logging_mixin.py:190} INFO - [2025-02-12T05:34:36.991+0000] {dag.py:4180} INFO - Setting next_dagrun for example_nested_branch_dag to 2025-02-11 00:00:00+00:00, run_after=2025-02-12 00:00:00+00:00
[2025-02-12T05:34:37.008+0000] {processor.py:208} INFO - Processing /home/airflow/.local/lib/python3.12/site-packages/airflow/example_dags/example_nested_branch_dag.py took 0.080 seconds
[2025-02-12T05:35:07.302+0000] {processor.py:186} INFO - Started process (PID=3956) to work on /home/airflow/.local/lib/python3.12/site-packages/airflow/example_dags/example_nested_branch_dag.py
[2025-02-12T05:35:07.310+0000] {processor.py:914} INFO - Processing file /home/airflow/.local/lib/python3.12/site-packages/airflow/example_dags/example_nested_branch_dag.py for tasks to queue
[2025-02-12T05:35:07.313+0000] {logging_mixin.py:190} INFO - [2025-02-12T05:35:07.313+0000] {dagbag.py:588} INFO - Filling up the DagBag from /home/airflow/.local/lib/python3.12/site-packages/airflow/example_dags/example_nested_branch_dag.py
[2025-02-12T05:35:07.325+0000] {processor.py:925} INFO - DAG(s) 'example_nested_branch_dag' retrieved from /home/airflow/.local/lib/python3.12/site-packages/airflow/example_dags/example_nested_branch_dag.py
[2025-02-12T05:35:07.349+0000] {logging_mixin.py:190} INFO - [2025-02-12T05:35:07.348+0000] {dag.py:3239} INFO - Sync 1 DAGs
[2025-02-12T05:35:07.375+0000] {logging_mixin.py:190} INFO - [2025-02-12T05:35:07.374+0000] {dag.py:4180} INFO - Setting next_dagrun for example_nested_branch_dag to 2025-02-11 00:00:00+00:00, run_after=2025-02-12 00:00:00+00:00
[2025-02-12T05:35:07.393+0000] {processor.py:208} INFO - Processing /home/airflow/.local/lib/python3.12/site-packages/airflow/example_dags/example_nested_branch_dag.py took 0.097 seconds
[2025-02-12T05:35:37.710+0000] {processor.py:186} INFO - Started process (PID=4022) to work on /home/airflow/.local/lib/python3.12/site-packages/airflow/example_dags/example_nested_branch_dag.py
[2025-02-12T05:35:37.718+0000] {processor.py:914} INFO - Processing file /home/airflow/.local/lib/python3.12/site-packages/airflow/example_dags/example_nested_branch_dag.py for tasks to queue
[2025-02-12T05:35:37.721+0000] {logging_mixin.py:190} INFO - [2025-02-12T05:35:37.721+0000] {dagbag.py:588} INFO - Filling up the DagBag from /home/airflow/.local/lib/python3.12/site-packages/airflow/example_dags/example_nested_branch_dag.py
[2025-02-12T05:35:37.736+0000] {processor.py:925} INFO - DAG(s) 'example_nested_branch_dag' retrieved from /home/airflow/.local/lib/python3.12/site-packages/airflow/example_dags/example_nested_branch_dag.py
[2025-02-12T05:35:37.759+0000] {logging_mixin.py:190} INFO - [2025-02-12T05:35:37.759+0000] {dag.py:3239} INFO - Sync 1 DAGs
[2025-02-12T05:35:37.782+0000] {logging_mixin.py:190} INFO - [2025-02-12T05:35:37.781+0000] {dag.py:4180} INFO - Setting next_dagrun for example_nested_branch_dag to 2025-02-11 00:00:00+00:00, run_after=2025-02-12 00:00:00+00:00
[2025-02-12T05:35:37.800+0000] {processor.py:208} INFO - Processing /home/airflow/.local/lib/python3.12/site-packages/airflow/example_dags/example_nested_branch_dag.py took 0.096 seconds
[2025-02-12T05:36:07.938+0000] {processor.py:186} INFO - Started process (PID=4088) to work on /home/airflow/.local/lib/python3.12/site-packages/airflow/example_dags/example_nested_branch_dag.py
[2025-02-12T05:36:07.939+0000] {processor.py:914} INFO - Processing file /home/airflow/.local/lib/python3.12/site-packages/airflow/example_dags/example_nested_branch_dag.py for tasks to queue
[2025-02-12T05:36:07.941+0000] {logging_mixin.py:190} INFO - [2025-02-12T05:36:07.940+0000] {dagbag.py:588} INFO - Filling up the DagBag from /home/airflow/.local/lib/python3.12/site-packages/airflow/example_dags/example_nested_branch_dag.py
[2025-02-12T05:36:07.952+0000] {processor.py:925} INFO - DAG(s) 'example_nested_branch_dag' retrieved from /home/airflow/.local/lib/python3.12/site-packages/airflow/example_dags/example_nested_branch_dag.py
[2025-02-12T05:36:07.975+0000] {logging_mixin.py:190} INFO - [2025-02-12T05:36:07.974+0000] {dag.py:3239} INFO - Sync 1 DAGs
[2025-02-12T05:36:07.997+0000] {logging_mixin.py:190} INFO - [2025-02-12T05:36:07.997+0000] {dag.py:4180} INFO - Setting next_dagrun for example_nested_branch_dag to 2025-02-11 00:00:00+00:00, run_after=2025-02-12 00:00:00+00:00
[2025-02-12T05:36:08.012+0000] {processor.py:208} INFO - Processing /home/airflow/.local/lib/python3.12/site-packages/airflow/example_dags/example_nested_branch_dag.py took 0.080 seconds
