[2025-02-12T05:05:25.835+0000] {processor.py:186} INFO - Started process (PID=89) to work on /home/airflow/.local/lib/python3.12/site-packages/airflow/example_dags/example_branch_operator.py
[2025-02-12T05:05:25.837+0000] {processor.py:914} INFO - Processing file /home/airflow/.local/lib/python3.12/site-packages/airflow/example_dags/example_branch_operator.py for tasks to queue
[2025-02-12T05:05:25.842+0000] {logging_mixin.py:190} INFO - [2025-02-12T05:05:25.840+0000] {dagbag.py:588} INFO - Filling up the DagBag from /home/airflow/.local/lib/python3.12/site-packages/airflow/example_dags/example_branch_operator.py
[2025-02-12T05:05:25.884+0000] {processor.py:925} INFO - DAG(s) 'example_branch_operator' retrieved from /home/airflow/.local/lib/python3.12/site-packages/airflow/example_dags/example_branch_operator.py
[2025-02-12T05:05:26.142+0000] {logging_mixin.py:190} INFO - [2025-02-12T05:05:26.141+0000] {dag.py:3239} INFO - Sync 1 DAGs
[2025-02-12T05:05:26.215+0000] {logging_mixin.py:190} INFO - [2025-02-12T05:05:26.214+0000] {dag.py:4180} INFO - Setting next_dagrun for example_branch_operator to 2025-02-11 00:00:00+00:00, run_after=2025-02-12 00:00:00+00:00
[2025-02-12T05:05:26.253+0000] {processor.py:208} INFO - Processing /home/airflow/.local/lib/python3.12/site-packages/airflow/example_dags/example_branch_operator.py took 0.431 seconds
[2025-02-12T05:05:56.708+0000] {processor.py:186} INFO - Started process (PID=158) to work on /home/airflow/.local/lib/python3.12/site-packages/airflow/example_dags/example_branch_operator.py
[2025-02-12T05:05:56.710+0000] {processor.py:914} INFO - Processing file /home/airflow/.local/lib/python3.12/site-packages/airflow/example_dags/example_branch_operator.py for tasks to queue
[2025-02-12T05:05:56.712+0000] {logging_mixin.py:190} INFO - [2025-02-12T05:05:56.712+0000] {dagbag.py:588} INFO - Filling up the DagBag from /home/airflow/.local/lib/python3.12/site-packages/airflow/example_dags/example_branch_operator.py
[2025-02-12T05:05:56.736+0000] {processor.py:925} INFO - DAG(s) 'example_branch_operator' retrieved from /home/airflow/.local/lib/python3.12/site-packages/airflow/example_dags/example_branch_operator.py
[2025-02-12T05:05:56.773+0000] {logging_mixin.py:190} INFO - [2025-02-12T05:05:56.773+0000] {dag.py:3239} INFO - Sync 1 DAGs
[2025-02-12T05:05:56.807+0000] {logging_mixin.py:190} INFO - [2025-02-12T05:05:56.806+0000] {dag.py:4180} INFO - Setting next_dagrun for example_branch_operator to 2025-02-11 00:00:00+00:00, run_after=2025-02-12 00:00:00+00:00
[2025-02-12T05:05:56.838+0000] {processor.py:208} INFO - Processing /home/airflow/.local/lib/python3.12/site-packages/airflow/example_dags/example_branch_operator.py took 0.138 seconds
[2025-02-12T05:06:27.365+0000] {processor.py:186} INFO - Started process (PID=224) to work on /home/airflow/.local/lib/python3.12/site-packages/airflow/example_dags/example_branch_operator.py
[2025-02-12T05:06:27.366+0000] {processor.py:914} INFO - Processing file /home/airflow/.local/lib/python3.12/site-packages/airflow/example_dags/example_branch_operator.py for tasks to queue
[2025-02-12T05:06:27.369+0000] {logging_mixin.py:190} INFO - [2025-02-12T05:06:27.368+0000] {dagbag.py:588} INFO - Filling up the DagBag from /home/airflow/.local/lib/python3.12/site-packages/airflow/example_dags/example_branch_operator.py
[2025-02-12T05:06:27.390+0000] {processor.py:925} INFO - DAG(s) 'example_branch_operator' retrieved from /home/airflow/.local/lib/python3.12/site-packages/airflow/example_dags/example_branch_operator.py
[2025-02-12T05:06:27.421+0000] {logging_mixin.py:190} INFO - [2025-02-12T05:06:27.421+0000] {dag.py:3239} INFO - Sync 1 DAGs
[2025-02-12T05:06:27.452+0000] {logging_mixin.py:190} INFO - [2025-02-12T05:06:27.452+0000] {dag.py:4180} INFO - Setting next_dagrun for example_branch_operator to 2025-02-11 00:00:00+00:00, run_after=2025-02-12 00:00:00+00:00
[2025-02-12T05:06:27.479+0000] {processor.py:208} INFO - Processing /home/airflow/.local/lib/python3.12/site-packages/airflow/example_dags/example_branch_operator.py took 0.120 seconds
[2025-02-12T05:06:57.853+0000] {processor.py:186} INFO - Started process (PID=290) to work on /home/airflow/.local/lib/python3.12/site-packages/airflow/example_dags/example_branch_operator.py
[2025-02-12T05:06:57.854+0000] {processor.py:914} INFO - Processing file /home/airflow/.local/lib/python3.12/site-packages/airflow/example_dags/example_branch_operator.py for tasks to queue
[2025-02-12T05:06:57.858+0000] {logging_mixin.py:190} INFO - [2025-02-12T05:06:57.857+0000] {dagbag.py:588} INFO - Filling up the DagBag from /home/airflow/.local/lib/python3.12/site-packages/airflow/example_dags/example_branch_operator.py
[2025-02-12T05:06:57.882+0000] {processor.py:925} INFO - DAG(s) 'example_branch_operator' retrieved from /home/airflow/.local/lib/python3.12/site-packages/airflow/example_dags/example_branch_operator.py
[2025-02-12T05:06:57.919+0000] {logging_mixin.py:190} INFO - [2025-02-12T05:06:57.918+0000] {dag.py:3239} INFO - Sync 1 DAGs
[2025-02-12T05:06:57.946+0000] {logging_mixin.py:190} INFO - [2025-02-12T05:06:57.946+0000] {dag.py:4180} INFO - Setting next_dagrun for example_branch_operator to 2025-02-11 00:00:00+00:00, run_after=2025-02-12 00:00:00+00:00
[2025-02-12T05:06:57.970+0000] {processor.py:208} INFO - Processing /home/airflow/.local/lib/python3.12/site-packages/airflow/example_dags/example_branch_operator.py took 0.125 seconds
[2025-02-12T05:07:28.047+0000] {processor.py:186} INFO - Started process (PID=356) to work on /home/airflow/.local/lib/python3.12/site-packages/airflow/example_dags/example_branch_operator.py
[2025-02-12T05:07:28.048+0000] {processor.py:914} INFO - Processing file /home/airflow/.local/lib/python3.12/site-packages/airflow/example_dags/example_branch_operator.py for tasks to queue
[2025-02-12T05:07:28.052+0000] {logging_mixin.py:190} INFO - [2025-02-12T05:07:28.052+0000] {dagbag.py:588} INFO - Filling up the DagBag from /home/airflow/.local/lib/python3.12/site-packages/airflow/example_dags/example_branch_operator.py
[2025-02-12T05:07:28.084+0000] {processor.py:925} INFO - DAG(s) 'example_branch_operator' retrieved from /home/airflow/.local/lib/python3.12/site-packages/airflow/example_dags/example_branch_operator.py
[2025-02-12T05:07:28.133+0000] {logging_mixin.py:190} INFO - [2025-02-12T05:07:28.133+0000] {dag.py:3239} INFO - Sync 1 DAGs
[2025-02-12T05:07:28.175+0000] {logging_mixin.py:190} INFO - [2025-02-12T05:07:28.175+0000] {dag.py:4180} INFO - Setting next_dagrun for example_branch_operator to 2025-02-11 00:00:00+00:00, run_after=2025-02-12 00:00:00+00:00
[2025-02-12T05:07:28.208+0000] {processor.py:208} INFO - Processing /home/airflow/.local/lib/python3.12/site-packages/airflow/example_dags/example_branch_operator.py took 0.171 seconds
[2025-02-12T05:07:58.665+0000] {processor.py:186} INFO - Started process (PID=422) to work on /home/airflow/.local/lib/python3.12/site-packages/airflow/example_dags/example_branch_operator.py
[2025-02-12T05:07:58.666+0000] {processor.py:914} INFO - Processing file /home/airflow/.local/lib/python3.12/site-packages/airflow/example_dags/example_branch_operator.py for tasks to queue
[2025-02-12T05:07:58.669+0000] {logging_mixin.py:190} INFO - [2025-02-12T05:07:58.669+0000] {dagbag.py:588} INFO - Filling up the DagBag from /home/airflow/.local/lib/python3.12/site-packages/airflow/example_dags/example_branch_operator.py
[2025-02-12T05:07:58.696+0000] {processor.py:925} INFO - DAG(s) 'example_branch_operator' retrieved from /home/airflow/.local/lib/python3.12/site-packages/airflow/example_dags/example_branch_operator.py
[2025-02-12T05:07:58.741+0000] {logging_mixin.py:190} INFO - [2025-02-12T05:07:58.741+0000] {dag.py:3239} INFO - Sync 1 DAGs
[2025-02-12T05:07:58.771+0000] {logging_mixin.py:190} INFO - [2025-02-12T05:07:58.771+0000] {dag.py:4180} INFO - Setting next_dagrun for example_branch_operator to 2025-02-11 00:00:00+00:00, run_after=2025-02-12 00:00:00+00:00
[2025-02-12T05:07:58.799+0000] {processor.py:208} INFO - Processing /home/airflow/.local/lib/python3.12/site-packages/airflow/example_dags/example_branch_operator.py took 0.143 seconds
[2025-02-12T05:08:28.929+0000] {processor.py:186} INFO - Started process (PID=491) to work on /home/airflow/.local/lib/python3.12/site-packages/airflow/example_dags/example_branch_operator.py
[2025-02-12T05:08:28.930+0000] {processor.py:914} INFO - Processing file /home/airflow/.local/lib/python3.12/site-packages/airflow/example_dags/example_branch_operator.py for tasks to queue
[2025-02-12T05:08:28.933+0000] {logging_mixin.py:190} INFO - [2025-02-12T05:08:28.932+0000] {dagbag.py:588} INFO - Filling up the DagBag from /home/airflow/.local/lib/python3.12/site-packages/airflow/example_dags/example_branch_operator.py
[2025-02-12T05:08:28.959+0000] {processor.py:925} INFO - DAG(s) 'example_branch_operator' retrieved from /home/airflow/.local/lib/python3.12/site-packages/airflow/example_dags/example_branch_operator.py
[2025-02-12T05:08:28.996+0000] {logging_mixin.py:190} INFO - [2025-02-12T05:08:28.995+0000] {dag.py:3239} INFO - Sync 1 DAGs
[2025-02-12T05:08:29.027+0000] {logging_mixin.py:190} INFO - [2025-02-12T05:08:29.026+0000] {dag.py:4180} INFO - Setting next_dagrun for example_branch_operator to 2025-02-11 00:00:00+00:00, run_after=2025-02-12 00:00:00+00:00
[2025-02-12T05:08:29.051+0000] {processor.py:208} INFO - Processing /home/airflow/.local/lib/python3.12/site-packages/airflow/example_dags/example_branch_operator.py took 0.130 seconds
[2025-02-12T05:09:00.107+0000] {processor.py:186} INFO - Started process (PID=556) to work on /home/airflow/.local/lib/python3.12/site-packages/airflow/example_dags/example_branch_operator.py
[2025-02-12T05:09:00.109+0000] {processor.py:914} INFO - Processing file /home/airflow/.local/lib/python3.12/site-packages/airflow/example_dags/example_branch_operator.py for tasks to queue
[2025-02-12T05:09:00.113+0000] {logging_mixin.py:190} INFO - [2025-02-12T05:09:00.112+0000] {dagbag.py:588} INFO - Filling up the DagBag from /home/airflow/.local/lib/python3.12/site-packages/airflow/example_dags/example_branch_operator.py
[2025-02-12T05:09:00.148+0000] {processor.py:925} INFO - DAG(s) 'example_branch_operator' retrieved from /home/airflow/.local/lib/python3.12/site-packages/airflow/example_dags/example_branch_operator.py
[2025-02-12T05:09:00.196+0000] {logging_mixin.py:190} INFO - [2025-02-12T05:09:00.195+0000] {dag.py:3239} INFO - Sync 1 DAGs
[2025-02-12T05:09:00.233+0000] {logging_mixin.py:190} INFO - [2025-02-12T05:09:00.232+0000] {dag.py:4180} INFO - Setting next_dagrun for example_branch_operator to 2025-02-11 00:00:00+00:00, run_after=2025-02-12 00:00:00+00:00
[2025-02-12T05:09:00.260+0000] {processor.py:208} INFO - Processing /home/airflow/.local/lib/python3.12/site-packages/airflow/example_dags/example_branch_operator.py took 0.162 seconds
[2025-02-12T05:09:30.451+0000] {processor.py:186} INFO - Started process (PID=622) to work on /home/airflow/.local/lib/python3.12/site-packages/airflow/example_dags/example_branch_operator.py
[2025-02-12T05:09:30.452+0000] {processor.py:914} INFO - Processing file /home/airflow/.local/lib/python3.12/site-packages/airflow/example_dags/example_branch_operator.py for tasks to queue
[2025-02-12T05:09:30.455+0000] {logging_mixin.py:190} INFO - [2025-02-12T05:09:30.454+0000] {dagbag.py:588} INFO - Filling up the DagBag from /home/airflow/.local/lib/python3.12/site-packages/airflow/example_dags/example_branch_operator.py
[2025-02-12T05:09:30.481+0000] {processor.py:925} INFO - DAG(s) 'example_branch_operator' retrieved from /home/airflow/.local/lib/python3.12/site-packages/airflow/example_dags/example_branch_operator.py
[2025-02-12T05:09:30.524+0000] {logging_mixin.py:190} INFO - [2025-02-12T05:09:30.523+0000] {dag.py:3239} INFO - Sync 1 DAGs
[2025-02-12T05:09:30.554+0000] {logging_mixin.py:190} INFO - [2025-02-12T05:09:30.553+0000] {dag.py:4180} INFO - Setting next_dagrun for example_branch_operator to 2025-02-11 00:00:00+00:00, run_after=2025-02-12 00:00:00+00:00
[2025-02-12T05:09:30.581+0000] {processor.py:208} INFO - Processing /home/airflow/.local/lib/python3.12/site-packages/airflow/example_dags/example_branch_operator.py took 0.140 seconds
[2025-02-12T05:10:01.332+0000] {processor.py:186} INFO - Started process (PID=688) to work on /home/airflow/.local/lib/python3.12/site-packages/airflow/example_dags/example_branch_operator.py
[2025-02-12T05:10:01.333+0000] {processor.py:914} INFO - Processing file /home/airflow/.local/lib/python3.12/site-packages/airflow/example_dags/example_branch_operator.py for tasks to queue
[2025-02-12T05:10:01.337+0000] {logging_mixin.py:190} INFO - [2025-02-12T05:10:01.336+0000] {dagbag.py:588} INFO - Filling up the DagBag from /home/airflow/.local/lib/python3.12/site-packages/airflow/example_dags/example_branch_operator.py
[2025-02-12T05:10:01.366+0000] {processor.py:925} INFO - DAG(s) 'example_branch_operator' retrieved from /home/airflow/.local/lib/python3.12/site-packages/airflow/example_dags/example_branch_operator.py
[2025-02-12T05:10:01.414+0000] {logging_mixin.py:190} INFO - [2025-02-12T05:10:01.414+0000] {dag.py:3239} INFO - Sync 1 DAGs
[2025-02-12T05:10:01.453+0000] {logging_mixin.py:190} INFO - [2025-02-12T05:10:01.452+0000] {dag.py:4180} INFO - Setting next_dagrun for example_branch_operator to 2025-02-11 00:00:00+00:00, run_after=2025-02-12 00:00:00+00:00
[2025-02-12T05:10:01.481+0000] {processor.py:208} INFO - Processing /home/airflow/.local/lib/python3.12/site-packages/airflow/example_dags/example_branch_operator.py took 0.159 seconds
[2025-02-12T05:10:31.615+0000] {processor.py:186} INFO - Started process (PID=753) to work on /home/airflow/.local/lib/python3.12/site-packages/airflow/example_dags/example_branch_operator.py
[2025-02-12T05:10:31.616+0000] {processor.py:914} INFO - Processing file /home/airflow/.local/lib/python3.12/site-packages/airflow/example_dags/example_branch_operator.py for tasks to queue
[2025-02-12T05:10:31.619+0000] {logging_mixin.py:190} INFO - [2025-02-12T05:10:31.619+0000] {dagbag.py:588} INFO - Filling up the DagBag from /home/airflow/.local/lib/python3.12/site-packages/airflow/example_dags/example_branch_operator.py
[2025-02-12T05:10:31.649+0000] {processor.py:925} INFO - DAG(s) 'example_branch_operator' retrieved from /home/airflow/.local/lib/python3.12/site-packages/airflow/example_dags/example_branch_operator.py
[2025-02-12T05:10:31.694+0000] {logging_mixin.py:190} INFO - [2025-02-12T05:10:31.693+0000] {dag.py:3239} INFO - Sync 1 DAGs
[2025-02-12T05:10:31.730+0000] {logging_mixin.py:190} INFO - [2025-02-12T05:10:31.729+0000] {dag.py:4180} INFO - Setting next_dagrun for example_branch_operator to 2025-02-11 00:00:00+00:00, run_after=2025-02-12 00:00:00+00:00
[2025-02-12T05:10:31.758+0000] {processor.py:208} INFO - Processing /home/airflow/.local/lib/python3.12/site-packages/airflow/example_dags/example_branch_operator.py took 0.152 seconds
[2025-02-12T05:11:02.620+0000] {processor.py:186} INFO - Started process (PID=819) to work on /home/airflow/.local/lib/python3.12/site-packages/airflow/example_dags/example_branch_operator.py
[2025-02-12T05:11:02.621+0000] {processor.py:914} INFO - Processing file /home/airflow/.local/lib/python3.12/site-packages/airflow/example_dags/example_branch_operator.py for tasks to queue
[2025-02-12T05:11:02.626+0000] {logging_mixin.py:190} INFO - [2025-02-12T05:11:02.625+0000] {dagbag.py:588} INFO - Filling up the DagBag from /home/airflow/.local/lib/python3.12/site-packages/airflow/example_dags/example_branch_operator.py
[2025-02-12T05:11:02.656+0000] {processor.py:925} INFO - DAG(s) 'example_branch_operator' retrieved from /home/airflow/.local/lib/python3.12/site-packages/airflow/example_dags/example_branch_operator.py
[2025-02-12T05:11:02.699+0000] {logging_mixin.py:190} INFO - [2025-02-12T05:11:02.699+0000] {dag.py:3239} INFO - Sync 1 DAGs
[2025-02-12T05:11:02.746+0000] {logging_mixin.py:190} INFO - [2025-02-12T05:11:02.745+0000] {dag.py:4180} INFO - Setting next_dagrun for example_branch_operator to 2025-02-11 00:00:00+00:00, run_after=2025-02-12 00:00:00+00:00
[2025-02-12T05:11:02.773+0000] {processor.py:208} INFO - Processing /home/airflow/.local/lib/python3.12/site-packages/airflow/example_dags/example_branch_operator.py took 0.163 seconds
[2025-02-12T05:11:33.415+0000] {processor.py:186} INFO - Started process (PID=885) to work on /home/airflow/.local/lib/python3.12/site-packages/airflow/example_dags/example_branch_operator.py
[2025-02-12T05:11:33.416+0000] {processor.py:914} INFO - Processing file /home/airflow/.local/lib/python3.12/site-packages/airflow/example_dags/example_branch_operator.py for tasks to queue
[2025-02-12T05:11:33.420+0000] {logging_mixin.py:190} INFO - [2025-02-12T05:11:33.420+0000] {dagbag.py:588} INFO - Filling up the DagBag from /home/airflow/.local/lib/python3.12/site-packages/airflow/example_dags/example_branch_operator.py
[2025-02-12T05:11:33.455+0000] {processor.py:925} INFO - DAG(s) 'example_branch_operator' retrieved from /home/airflow/.local/lib/python3.12/site-packages/airflow/example_dags/example_branch_operator.py
[2025-02-12T05:11:33.503+0000] {logging_mixin.py:190} INFO - [2025-02-12T05:11:33.503+0000] {dag.py:3239} INFO - Sync 1 DAGs
[2025-02-12T05:11:33.550+0000] {logging_mixin.py:190} INFO - [2025-02-12T05:11:33.549+0000] {dag.py:4180} INFO - Setting next_dagrun for example_branch_operator to 2025-02-11 00:00:00+00:00, run_after=2025-02-12 00:00:00+00:00
[2025-02-12T05:11:33.582+0000] {processor.py:208} INFO - Processing /home/airflow/.local/lib/python3.12/site-packages/airflow/example_dags/example_branch_operator.py took 0.179 seconds
[2025-02-12T05:12:04.080+0000] {processor.py:186} INFO - Started process (PID=950) to work on /home/airflow/.local/lib/python3.12/site-packages/airflow/example_dags/example_branch_operator.py
[2025-02-12T05:12:04.081+0000] {processor.py:914} INFO - Processing file /home/airflow/.local/lib/python3.12/site-packages/airflow/example_dags/example_branch_operator.py for tasks to queue
[2025-02-12T05:12:04.085+0000] {logging_mixin.py:190} INFO - [2025-02-12T05:12:04.084+0000] {dagbag.py:588} INFO - Filling up the DagBag from /home/airflow/.local/lib/python3.12/site-packages/airflow/example_dags/example_branch_operator.py
[2025-02-12T05:12:04.115+0000] {processor.py:925} INFO - DAG(s) 'example_branch_operator' retrieved from /home/airflow/.local/lib/python3.12/site-packages/airflow/example_dags/example_branch_operator.py
[2025-02-12T05:12:04.169+0000] {logging_mixin.py:190} INFO - [2025-02-12T05:12:04.168+0000] {dag.py:3239} INFO - Sync 1 DAGs
[2025-02-12T05:12:04.207+0000] {logging_mixin.py:190} INFO - [2025-02-12T05:12:04.207+0000] {dag.py:4180} INFO - Setting next_dagrun for example_branch_operator to 2025-02-11 00:00:00+00:00, run_after=2025-02-12 00:00:00+00:00
[2025-02-12T05:12:04.234+0000] {processor.py:208} INFO - Processing /home/airflow/.local/lib/python3.12/site-packages/airflow/example_dags/example_branch_operator.py took 0.165 seconds
[2025-02-12T05:12:34.754+0000] {processor.py:186} INFO - Started process (PID=1015) to work on /home/airflow/.local/lib/python3.12/site-packages/airflow/example_dags/example_branch_operator.py
[2025-02-12T05:12:34.755+0000] {processor.py:914} INFO - Processing file /home/airflow/.local/lib/python3.12/site-packages/airflow/example_dags/example_branch_operator.py for tasks to queue
[2025-02-12T05:12:34.758+0000] {logging_mixin.py:190} INFO - [2025-02-12T05:12:34.758+0000] {dagbag.py:588} INFO - Filling up the DagBag from /home/airflow/.local/lib/python3.12/site-packages/airflow/example_dags/example_branch_operator.py
[2025-02-12T05:12:34.781+0000] {processor.py:925} INFO - DAG(s) 'example_branch_operator' retrieved from /home/airflow/.local/lib/python3.12/site-packages/airflow/example_dags/example_branch_operator.py
[2025-02-12T05:12:34.823+0000] {logging_mixin.py:190} INFO - [2025-02-12T05:12:34.822+0000] {dag.py:3239} INFO - Sync 1 DAGs
[2025-02-12T05:12:34.862+0000] {logging_mixin.py:190} INFO - [2025-02-12T05:12:34.862+0000] {dag.py:4180} INFO - Setting next_dagrun for example_branch_operator to 2025-02-11 00:00:00+00:00, run_after=2025-02-12 00:00:00+00:00
[2025-02-12T05:12:34.890+0000] {processor.py:208} INFO - Processing /home/airflow/.local/lib/python3.12/site-packages/airflow/example_dags/example_branch_operator.py took 0.143 seconds
[2025-02-12T05:13:05.789+0000] {processor.py:186} INFO - Started process (PID=1081) to work on /home/airflow/.local/lib/python3.12/site-packages/airflow/example_dags/example_branch_operator.py
[2025-02-12T05:13:05.798+0000] {processor.py:914} INFO - Processing file /home/airflow/.local/lib/python3.12/site-packages/airflow/example_dags/example_branch_operator.py for tasks to queue
[2025-02-12T05:13:05.801+0000] {logging_mixin.py:190} INFO - [2025-02-12T05:13:05.800+0000] {dagbag.py:588} INFO - Filling up the DagBag from /home/airflow/.local/lib/python3.12/site-packages/airflow/example_dags/example_branch_operator.py
[2025-02-12T05:13:05.824+0000] {processor.py:925} INFO - DAG(s) 'example_branch_operator' retrieved from /home/airflow/.local/lib/python3.12/site-packages/airflow/example_dags/example_branch_operator.py
[2025-02-12T05:13:05.855+0000] {logging_mixin.py:190} INFO - [2025-02-12T05:13:05.854+0000] {dag.py:3239} INFO - Sync 1 DAGs
[2025-02-12T05:13:05.884+0000] {logging_mixin.py:190} INFO - [2025-02-12T05:13:05.884+0000] {dag.py:4180} INFO - Setting next_dagrun for example_branch_operator to 2025-02-11 00:00:00+00:00, run_after=2025-02-12 00:00:00+00:00
[2025-02-12T05:13:05.908+0000] {processor.py:208} INFO - Processing /home/airflow/.local/lib/python3.12/site-packages/airflow/example_dags/example_branch_operator.py took 0.125 seconds
[2025-02-12T05:13:36.828+0000] {processor.py:186} INFO - Started process (PID=1147) to work on /home/airflow/.local/lib/python3.12/site-packages/airflow/example_dags/example_branch_operator.py
[2025-02-12T05:13:36.829+0000] {processor.py:914} INFO - Processing file /home/airflow/.local/lib/python3.12/site-packages/airflow/example_dags/example_branch_operator.py for tasks to queue
[2025-02-12T05:13:36.831+0000] {logging_mixin.py:190} INFO - [2025-02-12T05:13:36.831+0000] {dagbag.py:588} INFO - Filling up the DagBag from /home/airflow/.local/lib/python3.12/site-packages/airflow/example_dags/example_branch_operator.py
[2025-02-12T05:13:36.850+0000] {processor.py:925} INFO - DAG(s) 'example_branch_operator' retrieved from /home/airflow/.local/lib/python3.12/site-packages/airflow/example_dags/example_branch_operator.py
[2025-02-12T05:13:36.879+0000] {logging_mixin.py:190} INFO - [2025-02-12T05:13:36.879+0000] {dag.py:3239} INFO - Sync 1 DAGs
[2025-02-12T05:13:36.902+0000] {logging_mixin.py:190} INFO - [2025-02-12T05:13:36.902+0000] {dag.py:4180} INFO - Setting next_dagrun for example_branch_operator to 2025-02-11 00:00:00+00:00, run_after=2025-02-12 00:00:00+00:00
[2025-02-12T05:13:36.920+0000] {processor.py:208} INFO - Processing /home/airflow/.local/lib/python3.12/site-packages/airflow/example_dags/example_branch_operator.py took 0.097 seconds
[2025-02-12T05:14:07.234+0000] {processor.py:186} INFO - Started process (PID=1213) to work on /home/airflow/.local/lib/python3.12/site-packages/airflow/example_dags/example_branch_operator.py
[2025-02-12T05:14:07.235+0000] {processor.py:914} INFO - Processing file /home/airflow/.local/lib/python3.12/site-packages/airflow/example_dags/example_branch_operator.py for tasks to queue
[2025-02-12T05:14:07.238+0000] {logging_mixin.py:190} INFO - [2025-02-12T05:14:07.237+0000] {dagbag.py:588} INFO - Filling up the DagBag from /home/airflow/.local/lib/python3.12/site-packages/airflow/example_dags/example_branch_operator.py
[2025-02-12T05:14:07.259+0000] {processor.py:925} INFO - DAG(s) 'example_branch_operator' retrieved from /home/airflow/.local/lib/python3.12/site-packages/airflow/example_dags/example_branch_operator.py
[2025-02-12T05:14:07.289+0000] {logging_mixin.py:190} INFO - [2025-02-12T05:14:07.288+0000] {dag.py:3239} INFO - Sync 1 DAGs
[2025-02-12T05:14:07.314+0000] {logging_mixin.py:190} INFO - [2025-02-12T05:14:07.314+0000] {dag.py:4180} INFO - Setting next_dagrun for example_branch_operator to 2025-02-11 00:00:00+00:00, run_after=2025-02-12 00:00:00+00:00
[2025-02-12T05:14:07.335+0000] {processor.py:208} INFO - Processing /home/airflow/.local/lib/python3.12/site-packages/airflow/example_dags/example_branch_operator.py took 0.108 seconds
[2025-02-12T05:14:37.421+0000] {processor.py:186} INFO - Started process (PID=1279) to work on /home/airflow/.local/lib/python3.12/site-packages/airflow/example_dags/example_branch_operator.py
[2025-02-12T05:14:37.422+0000] {processor.py:914} INFO - Processing file /home/airflow/.local/lib/python3.12/site-packages/airflow/example_dags/example_branch_operator.py for tasks to queue
[2025-02-12T05:14:37.424+0000] {logging_mixin.py:190} INFO - [2025-02-12T05:14:37.424+0000] {dagbag.py:588} INFO - Filling up the DagBag from /home/airflow/.local/lib/python3.12/site-packages/airflow/example_dags/example_branch_operator.py
[2025-02-12T05:14:37.445+0000] {processor.py:925} INFO - DAG(s) 'example_branch_operator' retrieved from /home/airflow/.local/lib/python3.12/site-packages/airflow/example_dags/example_branch_operator.py
[2025-02-12T05:14:37.477+0000] {logging_mixin.py:190} INFO - [2025-02-12T05:14:37.477+0000] {dag.py:3239} INFO - Sync 1 DAGs
[2025-02-12T05:14:37.504+0000] {logging_mixin.py:190} INFO - [2025-02-12T05:14:37.504+0000] {dag.py:4180} INFO - Setting next_dagrun for example_branch_operator to 2025-02-11 00:00:00+00:00, run_after=2025-02-12 00:00:00+00:00
[2025-02-12T05:14:37.525+0000] {processor.py:208} INFO - Processing /home/airflow/.local/lib/python3.12/site-packages/airflow/example_dags/example_branch_operator.py took 0.111 seconds
[2025-02-12T05:15:08.444+0000] {processor.py:186} INFO - Started process (PID=1345) to work on /home/airflow/.local/lib/python3.12/site-packages/airflow/example_dags/example_branch_operator.py
[2025-02-12T05:15:08.454+0000] {processor.py:914} INFO - Processing file /home/airflow/.local/lib/python3.12/site-packages/airflow/example_dags/example_branch_operator.py for tasks to queue
[2025-02-12T05:15:08.457+0000] {logging_mixin.py:190} INFO - [2025-02-12T05:15:08.457+0000] {dagbag.py:588} INFO - Filling up the DagBag from /home/airflow/.local/lib/python3.12/site-packages/airflow/example_dags/example_branch_operator.py
[2025-02-12T05:15:08.479+0000] {processor.py:925} INFO - DAG(s) 'example_branch_operator' retrieved from /home/airflow/.local/lib/python3.12/site-packages/airflow/example_dags/example_branch_operator.py
[2025-02-12T05:15:08.508+0000] {logging_mixin.py:190} INFO - [2025-02-12T05:15:08.508+0000] {dag.py:3239} INFO - Sync 1 DAGs
[2025-02-12T05:15:08.534+0000] {logging_mixin.py:190} INFO - [2025-02-12T05:15:08.533+0000] {dag.py:4180} INFO - Setting next_dagrun for example_branch_operator to 2025-02-11 00:00:00+00:00, run_after=2025-02-12 00:00:00+00:00
[2025-02-12T05:15:08.557+0000] {processor.py:208} INFO - Processing /home/airflow/.local/lib/python3.12/site-packages/airflow/example_dags/example_branch_operator.py took 0.120 seconds
[2025-02-12T05:15:38.675+0000] {processor.py:186} INFO - Started process (PID=1411) to work on /home/airflow/.local/lib/python3.12/site-packages/airflow/example_dags/example_branch_operator.py
[2025-02-12T05:15:38.676+0000] {processor.py:914} INFO - Processing file /home/airflow/.local/lib/python3.12/site-packages/airflow/example_dags/example_branch_operator.py for tasks to queue
[2025-02-12T05:15:38.678+0000] {logging_mixin.py:190} INFO - [2025-02-12T05:15:38.678+0000] {dagbag.py:588} INFO - Filling up the DagBag from /home/airflow/.local/lib/python3.12/site-packages/airflow/example_dags/example_branch_operator.py
[2025-02-12T05:15:38.696+0000] {processor.py:925} INFO - DAG(s) 'example_branch_operator' retrieved from /home/airflow/.local/lib/python3.12/site-packages/airflow/example_dags/example_branch_operator.py
[2025-02-12T05:15:38.728+0000] {logging_mixin.py:190} INFO - [2025-02-12T05:15:38.728+0000] {dag.py:3239} INFO - Sync 1 DAGs
[2025-02-12T05:15:38.756+0000] {logging_mixin.py:190} INFO - [2025-02-12T05:15:38.756+0000] {dag.py:4180} INFO - Setting next_dagrun for example_branch_operator to 2025-02-11 00:00:00+00:00, run_after=2025-02-12 00:00:00+00:00
[2025-02-12T05:15:38.777+0000] {processor.py:208} INFO - Processing /home/airflow/.local/lib/python3.12/site-packages/airflow/example_dags/example_branch_operator.py took 0.108 seconds
[2025-02-12T05:16:09.637+0000] {processor.py:186} INFO - Started process (PID=1477) to work on /home/airflow/.local/lib/python3.12/site-packages/airflow/example_dags/example_branch_operator.py
[2025-02-12T05:16:09.646+0000] {processor.py:914} INFO - Processing file /home/airflow/.local/lib/python3.12/site-packages/airflow/example_dags/example_branch_operator.py for tasks to queue
[2025-02-12T05:16:09.649+0000] {logging_mixin.py:190} INFO - [2025-02-12T05:16:09.648+0000] {dagbag.py:588} INFO - Filling up the DagBag from /home/airflow/.local/lib/python3.12/site-packages/airflow/example_dags/example_branch_operator.py
[2025-02-12T05:16:09.670+0000] {processor.py:925} INFO - DAG(s) 'example_branch_operator' retrieved from /home/airflow/.local/lib/python3.12/site-packages/airflow/example_dags/example_branch_operator.py
[2025-02-12T05:16:09.701+0000] {logging_mixin.py:190} INFO - [2025-02-12T05:16:09.701+0000] {dag.py:3239} INFO - Sync 1 DAGs
[2025-02-12T05:16:09.732+0000] {logging_mixin.py:190} INFO - [2025-02-12T05:16:09.731+0000] {dag.py:4180} INFO - Setting next_dagrun for example_branch_operator to 2025-02-11 00:00:00+00:00, run_after=2025-02-12 00:00:00+00:00
[2025-02-12T05:16:09.757+0000] {processor.py:208} INFO - Processing /home/airflow/.local/lib/python3.12/site-packages/airflow/example_dags/example_branch_operator.py took 0.126 seconds
[2025-02-12T05:16:40.094+0000] {processor.py:186} INFO - Started process (PID=1543) to work on /home/airflow/.local/lib/python3.12/site-packages/airflow/example_dags/example_branch_operator.py
[2025-02-12T05:16:40.094+0000] {processor.py:914} INFO - Processing file /home/airflow/.local/lib/python3.12/site-packages/airflow/example_dags/example_branch_operator.py for tasks to queue
[2025-02-12T05:16:40.097+0000] {logging_mixin.py:190} INFO - [2025-02-12T05:16:40.097+0000] {dagbag.py:588} INFO - Filling up the DagBag from /home/airflow/.local/lib/python3.12/site-packages/airflow/example_dags/example_branch_operator.py
[2025-02-12T05:16:40.122+0000] {processor.py:925} INFO - DAG(s) 'example_branch_operator' retrieved from /home/airflow/.local/lib/python3.12/site-packages/airflow/example_dags/example_branch_operator.py
[2025-02-12T05:16:40.165+0000] {logging_mixin.py:190} INFO - [2025-02-12T05:16:40.165+0000] {dag.py:3239} INFO - Sync 1 DAGs
[2025-02-12T05:16:40.197+0000] {logging_mixin.py:190} INFO - [2025-02-12T05:16:40.197+0000] {dag.py:4180} INFO - Setting next_dagrun for example_branch_operator to 2025-02-11 00:00:00+00:00, run_after=2025-02-12 00:00:00+00:00
[2025-02-12T05:16:40.222+0000] {processor.py:208} INFO - Processing /home/airflow/.local/lib/python3.12/site-packages/airflow/example_dags/example_branch_operator.py took 0.136 seconds
[2025-02-12T05:17:10.999+0000] {processor.py:186} INFO - Started process (PID=1609) to work on /home/airflow/.local/lib/python3.12/site-packages/airflow/example_dags/example_branch_operator.py
[2025-02-12T05:17:11.008+0000] {processor.py:914} INFO - Processing file /home/airflow/.local/lib/python3.12/site-packages/airflow/example_dags/example_branch_operator.py for tasks to queue
[2025-02-12T05:17:11.011+0000] {logging_mixin.py:190} INFO - [2025-02-12T05:17:11.011+0000] {dagbag.py:588} INFO - Filling up the DagBag from /home/airflow/.local/lib/python3.12/site-packages/airflow/example_dags/example_branch_operator.py
[2025-02-12T05:17:11.032+0000] {processor.py:925} INFO - DAG(s) 'example_branch_operator' retrieved from /home/airflow/.local/lib/python3.12/site-packages/airflow/example_dags/example_branch_operator.py
[2025-02-12T05:17:11.068+0000] {logging_mixin.py:190} INFO - [2025-02-12T05:17:11.068+0000] {dag.py:3239} INFO - Sync 1 DAGs
[2025-02-12T05:17:11.099+0000] {logging_mixin.py:190} INFO - [2025-02-12T05:17:11.099+0000] {dag.py:4180} INFO - Setting next_dagrun for example_branch_operator to 2025-02-11 00:00:00+00:00, run_after=2025-02-12 00:00:00+00:00
[2025-02-12T05:17:11.124+0000] {processor.py:208} INFO - Processing /home/airflow/.local/lib/python3.12/site-packages/airflow/example_dags/example_branch_operator.py took 0.133 seconds
[2025-02-12T05:17:41.764+0000] {processor.py:186} INFO - Started process (PID=1675) to work on /home/airflow/.local/lib/python3.12/site-packages/airflow/example_dags/example_branch_operator.py
[2025-02-12T05:17:41.765+0000] {processor.py:914} INFO - Processing file /home/airflow/.local/lib/python3.12/site-packages/airflow/example_dags/example_branch_operator.py for tasks to queue
[2025-02-12T05:17:41.768+0000] {logging_mixin.py:190} INFO - [2025-02-12T05:17:41.768+0000] {dagbag.py:588} INFO - Filling up the DagBag from /home/airflow/.local/lib/python3.12/site-packages/airflow/example_dags/example_branch_operator.py
[2025-02-12T05:17:41.787+0000] {processor.py:925} INFO - DAG(s) 'example_branch_operator' retrieved from /home/airflow/.local/lib/python3.12/site-packages/airflow/example_dags/example_branch_operator.py
[2025-02-12T05:17:41.820+0000] {logging_mixin.py:190} INFO - [2025-02-12T05:17:41.819+0000] {dag.py:3239} INFO - Sync 1 DAGs
[2025-02-12T05:17:41.852+0000] {logging_mixin.py:190} INFO - [2025-02-12T05:17:41.852+0000] {dag.py:4180} INFO - Setting next_dagrun for example_branch_operator to 2025-02-11 00:00:00+00:00, run_after=2025-02-12 00:00:00+00:00
[2025-02-12T05:17:41.881+0000] {processor.py:208} INFO - Processing /home/airflow/.local/lib/python3.12/site-packages/airflow/example_dags/example_branch_operator.py took 0.123 seconds
[2025-02-12T05:18:12.580+0000] {processor.py:186} INFO - Started process (PID=1741) to work on /home/airflow/.local/lib/python3.12/site-packages/airflow/example_dags/example_branch_operator.py
[2025-02-12T05:18:12.589+0000] {processor.py:914} INFO - Processing file /home/airflow/.local/lib/python3.12/site-packages/airflow/example_dags/example_branch_operator.py for tasks to queue
[2025-02-12T05:18:12.591+0000] {logging_mixin.py:190} INFO - [2025-02-12T05:18:12.591+0000] {dagbag.py:588} INFO - Filling up the DagBag from /home/airflow/.local/lib/python3.12/site-packages/airflow/example_dags/example_branch_operator.py
[2025-02-12T05:18:12.613+0000] {processor.py:925} INFO - DAG(s) 'example_branch_operator' retrieved from /home/airflow/.local/lib/python3.12/site-packages/airflow/example_dags/example_branch_operator.py
[2025-02-12T05:18:12.642+0000] {logging_mixin.py:190} INFO - [2025-02-12T05:18:12.642+0000] {dag.py:3239} INFO - Sync 1 DAGs
[2025-02-12T05:18:12.669+0000] {logging_mixin.py:190} INFO - [2025-02-12T05:18:12.668+0000] {dag.py:4180} INFO - Setting next_dagrun for example_branch_operator to 2025-02-11 00:00:00+00:00, run_after=2025-02-12 00:00:00+00:00
[2025-02-12T05:18:12.690+0000] {processor.py:208} INFO - Processing /home/airflow/.local/lib/python3.12/site-packages/airflow/example_dags/example_branch_operator.py took 0.116 seconds
[2025-02-12T05:18:43.005+0000] {processor.py:186} INFO - Started process (PID=1807) to work on /home/airflow/.local/lib/python3.12/site-packages/airflow/example_dags/example_branch_operator.py
[2025-02-12T05:18:43.014+0000] {processor.py:914} INFO - Processing file /home/airflow/.local/lib/python3.12/site-packages/airflow/example_dags/example_branch_operator.py for tasks to queue
[2025-02-12T05:18:43.018+0000] {logging_mixin.py:190} INFO - [2025-02-12T05:18:43.017+0000] {dagbag.py:588} INFO - Filling up the DagBag from /home/airflow/.local/lib/python3.12/site-packages/airflow/example_dags/example_branch_operator.py
[2025-02-12T05:18:43.037+0000] {processor.py:925} INFO - DAG(s) 'example_branch_operator' retrieved from /home/airflow/.local/lib/python3.12/site-packages/airflow/example_dags/example_branch_operator.py
[2025-02-12T05:18:43.071+0000] {logging_mixin.py:190} INFO - [2025-02-12T05:18:43.070+0000] {dag.py:3239} INFO - Sync 1 DAGs
[2025-02-12T05:18:43.096+0000] {logging_mixin.py:190} INFO - [2025-02-12T05:18:43.096+0000] {dag.py:4180} INFO - Setting next_dagrun for example_branch_operator to 2025-02-11 00:00:00+00:00, run_after=2025-02-12 00:00:00+00:00
[2025-02-12T05:18:43.115+0000] {processor.py:208} INFO - Processing /home/airflow/.local/lib/python3.12/site-packages/airflow/example_dags/example_branch_operator.py took 0.117 seconds
[2025-02-12T05:19:13.933+0000] {processor.py:186} INFO - Started process (PID=1873) to work on /home/airflow/.local/lib/python3.12/site-packages/airflow/example_dags/example_branch_operator.py
[2025-02-12T05:19:13.942+0000] {processor.py:914} INFO - Processing file /home/airflow/.local/lib/python3.12/site-packages/airflow/example_dags/example_branch_operator.py for tasks to queue
[2025-02-12T05:19:13.946+0000] {logging_mixin.py:190} INFO - [2025-02-12T05:19:13.946+0000] {dagbag.py:588} INFO - Filling up the DagBag from /home/airflow/.local/lib/python3.12/site-packages/airflow/example_dags/example_branch_operator.py
[2025-02-12T05:19:13.967+0000] {processor.py:925} INFO - DAG(s) 'example_branch_operator' retrieved from /home/airflow/.local/lib/python3.12/site-packages/airflow/example_dags/example_branch_operator.py
[2025-02-12T05:19:13.997+0000] {logging_mixin.py:190} INFO - [2025-02-12T05:19:13.997+0000] {dag.py:3239} INFO - Sync 1 DAGs
[2025-02-12T05:19:14.024+0000] {logging_mixin.py:190} INFO - [2025-02-12T05:19:14.023+0000] {dag.py:4180} INFO - Setting next_dagrun for example_branch_operator to 2025-02-11 00:00:00+00:00, run_after=2025-02-12 00:00:00+00:00
[2025-02-12T05:19:14.047+0000] {processor.py:208} INFO - Processing /home/airflow/.local/lib/python3.12/site-packages/airflow/example_dags/example_branch_operator.py took 0.119 seconds
[2025-02-12T05:19:44.930+0000] {processor.py:186} INFO - Started process (PID=1939) to work on /home/airflow/.local/lib/python3.12/site-packages/airflow/example_dags/example_branch_operator.py
[2025-02-12T05:19:44.933+0000] {processor.py:914} INFO - Processing file /home/airflow/.local/lib/python3.12/site-packages/airflow/example_dags/example_branch_operator.py for tasks to queue
[2025-02-12T05:19:44.936+0000] {logging_mixin.py:190} INFO - [2025-02-12T05:19:44.936+0000] {dagbag.py:588} INFO - Filling up the DagBag from /home/airflow/.local/lib/python3.12/site-packages/airflow/example_dags/example_branch_operator.py
[2025-02-12T05:19:44.960+0000] {processor.py:925} INFO - DAG(s) 'example_branch_operator' retrieved from /home/airflow/.local/lib/python3.12/site-packages/airflow/example_dags/example_branch_operator.py
[2025-02-12T05:19:44.988+0000] {logging_mixin.py:190} INFO - [2025-02-12T05:19:44.987+0000] {dag.py:3239} INFO - Sync 1 DAGs
[2025-02-12T05:19:45.189+0000] {logging_mixin.py:190} INFO - [2025-02-12T05:19:45.189+0000] {dag.py:4180} INFO - Setting next_dagrun for example_branch_operator to 2025-02-11 00:00:00+00:00, run_after=2025-02-12 00:00:00+00:00
[2025-02-12T05:19:45.214+0000] {processor.py:208} INFO - Processing /home/airflow/.local/lib/python3.12/site-packages/airflow/example_dags/example_branch_operator.py took 0.290 seconds
[2025-02-12T05:20:16.124+0000] {processor.py:186} INFO - Started process (PID=2006) to work on /home/airflow/.local/lib/python3.12/site-packages/airflow/example_dags/example_branch_operator.py
[2025-02-12T05:20:16.133+0000] {processor.py:914} INFO - Processing file /home/airflow/.local/lib/python3.12/site-packages/airflow/example_dags/example_branch_operator.py for tasks to queue
[2025-02-12T05:20:16.135+0000] {logging_mixin.py:190} INFO - [2025-02-12T05:20:16.135+0000] {dagbag.py:588} INFO - Filling up the DagBag from /home/airflow/.local/lib/python3.12/site-packages/airflow/example_dags/example_branch_operator.py
[2025-02-12T05:20:16.152+0000] {processor.py:925} INFO - DAG(s) 'example_branch_operator' retrieved from /home/airflow/.local/lib/python3.12/site-packages/airflow/example_dags/example_branch_operator.py
[2025-02-12T05:20:16.179+0000] {logging_mixin.py:190} INFO - [2025-02-12T05:20:16.178+0000] {dag.py:3239} INFO - Sync 1 DAGs
[2025-02-12T05:20:16.201+0000] {logging_mixin.py:190} INFO - [2025-02-12T05:20:16.200+0000] {dag.py:4180} INFO - Setting next_dagrun for example_branch_operator to 2025-02-11 00:00:00+00:00, run_after=2025-02-12 00:00:00+00:00
[2025-02-12T05:20:16.218+0000] {processor.py:208} INFO - Processing /home/airflow/.local/lib/python3.12/site-packages/airflow/example_dags/example_branch_operator.py took 0.099 seconds
[2025-02-12T05:20:46.432+0000] {processor.py:186} INFO - Started process (PID=2072) to work on /home/airflow/.local/lib/python3.12/site-packages/airflow/example_dags/example_branch_operator.py
[2025-02-12T05:20:46.441+0000] {processor.py:914} INFO - Processing file /home/airflow/.local/lib/python3.12/site-packages/airflow/example_dags/example_branch_operator.py for tasks to queue
[2025-02-12T05:20:46.444+0000] {logging_mixin.py:190} INFO - [2025-02-12T05:20:46.443+0000] {dagbag.py:588} INFO - Filling up the DagBag from /home/airflow/.local/lib/python3.12/site-packages/airflow/example_dags/example_branch_operator.py
[2025-02-12T05:20:46.462+0000] {processor.py:925} INFO - DAG(s) 'example_branch_operator' retrieved from /home/airflow/.local/lib/python3.12/site-packages/airflow/example_dags/example_branch_operator.py
[2025-02-12T05:20:46.494+0000] {logging_mixin.py:190} INFO - [2025-02-12T05:20:46.494+0000] {dag.py:3239} INFO - Sync 1 DAGs
[2025-02-12T05:20:46.517+0000] {logging_mixin.py:190} INFO - [2025-02-12T05:20:46.517+0000] {dag.py:4180} INFO - Setting next_dagrun for example_branch_operator to 2025-02-11 00:00:00+00:00, run_after=2025-02-12 00:00:00+00:00
[2025-02-12T05:20:46.534+0000] {processor.py:208} INFO - Processing /home/airflow/.local/lib/python3.12/site-packages/airflow/example_dags/example_branch_operator.py took 0.107 seconds
[2025-02-12T05:21:16.777+0000] {processor.py:186} INFO - Started process (PID=2138) to work on /home/airflow/.local/lib/python3.12/site-packages/airflow/example_dags/example_branch_operator.py
[2025-02-12T05:21:16.786+0000] {processor.py:914} INFO - Processing file /home/airflow/.local/lib/python3.12/site-packages/airflow/example_dags/example_branch_operator.py for tasks to queue
[2025-02-12T05:21:16.789+0000] {logging_mixin.py:190} INFO - [2025-02-12T05:21:16.789+0000] {dagbag.py:588} INFO - Filling up the DagBag from /home/airflow/.local/lib/python3.12/site-packages/airflow/example_dags/example_branch_operator.py
[2025-02-12T05:21:16.973+0000] {processor.py:925} INFO - DAG(s) 'example_branch_operator' retrieved from /home/airflow/.local/lib/python3.12/site-packages/airflow/example_dags/example_branch_operator.py
[2025-02-12T05:21:16.995+0000] {logging_mixin.py:190} INFO - [2025-02-12T05:21:16.995+0000] {dag.py:3239} INFO - Sync 1 DAGs
[2025-02-12T05:21:17.015+0000] {logging_mixin.py:190} INFO - [2025-02-12T05:21:17.015+0000] {dag.py:4180} INFO - Setting next_dagrun for example_branch_operator to 2025-02-11 00:00:00+00:00, run_after=2025-02-12 00:00:00+00:00
[2025-02-12T05:21:17.031+0000] {processor.py:208} INFO - Processing /home/airflow/.local/lib/python3.12/site-packages/airflow/example_dags/example_branch_operator.py took 0.261 seconds
[2025-02-12T05:21:47.437+0000] {processor.py:186} INFO - Started process (PID=2210) to work on /home/airflow/.local/lib/python3.12/site-packages/airflow/example_dags/example_branch_operator.py
[2025-02-12T05:21:47.438+0000] {processor.py:914} INFO - Processing file /home/airflow/.local/lib/python3.12/site-packages/airflow/example_dags/example_branch_operator.py for tasks to queue
[2025-02-12T05:21:47.440+0000] {logging_mixin.py:190} INFO - [2025-02-12T05:21:47.440+0000] {dagbag.py:588} INFO - Filling up the DagBag from /home/airflow/.local/lib/python3.12/site-packages/airflow/example_dags/example_branch_operator.py
[2025-02-12T05:21:47.457+0000] {processor.py:925} INFO - DAG(s) 'example_branch_operator' retrieved from /home/airflow/.local/lib/python3.12/site-packages/airflow/example_dags/example_branch_operator.py
[2025-02-12T05:21:47.483+0000] {logging_mixin.py:190} INFO - [2025-02-12T05:21:47.483+0000] {dag.py:3239} INFO - Sync 1 DAGs
[2025-02-12T05:21:47.503+0000] {logging_mixin.py:190} INFO - [2025-02-12T05:21:47.503+0000] {dag.py:4180} INFO - Setting next_dagrun for example_branch_operator to 2025-02-11 00:00:00+00:00, run_after=2025-02-12 00:00:00+00:00
[2025-02-12T05:21:47.520+0000] {processor.py:208} INFO - Processing /home/airflow/.local/lib/python3.12/site-packages/airflow/example_dags/example_branch_operator.py took 0.089 seconds
[2025-02-12T05:22:17.861+0000] {processor.py:186} INFO - Started process (PID=2276) to work on /home/airflow/.local/lib/python3.12/site-packages/airflow/example_dags/example_branch_operator.py
[2025-02-12T05:22:17.862+0000] {processor.py:914} INFO - Processing file /home/airflow/.local/lib/python3.12/site-packages/airflow/example_dags/example_branch_operator.py for tasks to queue
[2025-02-12T05:22:17.864+0000] {logging_mixin.py:190} INFO - [2025-02-12T05:22:17.864+0000] {dagbag.py:588} INFO - Filling up the DagBag from /home/airflow/.local/lib/python3.12/site-packages/airflow/example_dags/example_branch_operator.py
[2025-02-12T05:22:17.883+0000] {processor.py:925} INFO - DAG(s) 'example_branch_operator' retrieved from /home/airflow/.local/lib/python3.12/site-packages/airflow/example_dags/example_branch_operator.py
[2025-02-12T05:22:17.918+0000] {logging_mixin.py:190} INFO - [2025-02-12T05:22:17.918+0000] {dag.py:3239} INFO - Sync 1 DAGs
[2025-02-12T05:22:17.946+0000] {logging_mixin.py:190} INFO - [2025-02-12T05:22:17.946+0000] {dag.py:4180} INFO - Setting next_dagrun for example_branch_operator to 2025-02-11 00:00:00+00:00, run_after=2025-02-12 00:00:00+00:00
[2025-02-12T05:22:17.969+0000] {processor.py:208} INFO - Processing /home/airflow/.local/lib/python3.12/site-packages/airflow/example_dags/example_branch_operator.py took 0.113 seconds
[2025-02-12T05:22:48.167+0000] {processor.py:186} INFO - Started process (PID=2342) to work on /home/airflow/.local/lib/python3.12/site-packages/airflow/example_dags/example_branch_operator.py
[2025-02-12T05:22:48.168+0000] {processor.py:914} INFO - Processing file /home/airflow/.local/lib/python3.12/site-packages/airflow/example_dags/example_branch_operator.py for tasks to queue
[2025-02-12T05:22:48.170+0000] {logging_mixin.py:190} INFO - [2025-02-12T05:22:48.170+0000] {dagbag.py:588} INFO - Filling up the DagBag from /home/airflow/.local/lib/python3.12/site-packages/airflow/example_dags/example_branch_operator.py
[2025-02-12T05:22:48.188+0000] {processor.py:925} INFO - DAG(s) 'example_branch_operator' retrieved from /home/airflow/.local/lib/python3.12/site-packages/airflow/example_dags/example_branch_operator.py
[2025-02-12T05:22:48.214+0000] {logging_mixin.py:190} INFO - [2025-02-12T05:22:48.214+0000] {dag.py:3239} INFO - Sync 1 DAGs
[2025-02-12T05:22:48.237+0000] {logging_mixin.py:190} INFO - [2025-02-12T05:22:48.237+0000] {dag.py:4180} INFO - Setting next_dagrun for example_branch_operator to 2025-02-11 00:00:00+00:00, run_after=2025-02-12 00:00:00+00:00
[2025-02-12T05:22:48.254+0000] {processor.py:208} INFO - Processing /home/airflow/.local/lib/python3.12/site-packages/airflow/example_dags/example_branch_operator.py took 0.093 seconds
[2025-02-12T05:23:18.381+0000] {processor.py:186} INFO - Started process (PID=2408) to work on /home/airflow/.local/lib/python3.12/site-packages/airflow/example_dags/example_branch_operator.py
[2025-02-12T05:23:18.382+0000] {processor.py:914} INFO - Processing file /home/airflow/.local/lib/python3.12/site-packages/airflow/example_dags/example_branch_operator.py for tasks to queue
[2025-02-12T05:23:18.384+0000] {logging_mixin.py:190} INFO - [2025-02-12T05:23:18.384+0000] {dagbag.py:588} INFO - Filling up the DagBag from /home/airflow/.local/lib/python3.12/site-packages/airflow/example_dags/example_branch_operator.py
[2025-02-12T05:23:18.403+0000] {processor.py:925} INFO - DAG(s) 'example_branch_operator' retrieved from /home/airflow/.local/lib/python3.12/site-packages/airflow/example_dags/example_branch_operator.py
[2025-02-12T05:23:18.431+0000] {logging_mixin.py:190} INFO - [2025-02-12T05:23:18.431+0000] {dag.py:3239} INFO - Sync 1 DAGs
[2025-02-12T05:23:18.454+0000] {logging_mixin.py:190} INFO - [2025-02-12T05:23:18.453+0000] {dag.py:4180} INFO - Setting next_dagrun for example_branch_operator to 2025-02-11 00:00:00+00:00, run_after=2025-02-12 00:00:00+00:00
[2025-02-12T05:23:18.472+0000] {processor.py:208} INFO - Processing /home/airflow/.local/lib/python3.12/site-packages/airflow/example_dags/example_branch_operator.py took 0.096 seconds
[2025-02-12T05:23:48.997+0000] {processor.py:186} INFO - Started process (PID=2474) to work on /home/airflow/.local/lib/python3.12/site-packages/airflow/example_dags/example_branch_operator.py
[2025-02-12T05:23:49.006+0000] {processor.py:914} INFO - Processing file /home/airflow/.local/lib/python3.12/site-packages/airflow/example_dags/example_branch_operator.py for tasks to queue
[2025-02-12T05:23:49.009+0000] {logging_mixin.py:190} INFO - [2025-02-12T05:23:49.009+0000] {dagbag.py:588} INFO - Filling up the DagBag from /home/airflow/.local/lib/python3.12/site-packages/airflow/example_dags/example_branch_operator.py
[2025-02-12T05:23:49.030+0000] {processor.py:925} INFO - DAG(s) 'example_branch_operator' retrieved from /home/airflow/.local/lib/python3.12/site-packages/airflow/example_dags/example_branch_operator.py
[2025-02-12T05:23:49.055+0000] {logging_mixin.py:190} INFO - [2025-02-12T05:23:49.055+0000] {dag.py:3239} INFO - Sync 1 DAGs
[2025-02-12T05:23:49.077+0000] {logging_mixin.py:190} INFO - [2025-02-12T05:23:49.077+0000] {dag.py:4180} INFO - Setting next_dagrun for example_branch_operator to 2025-02-11 00:00:00+00:00, run_after=2025-02-12 00:00:00+00:00
[2025-02-12T05:23:49.094+0000] {processor.py:208} INFO - Processing /home/airflow/.local/lib/python3.12/site-packages/airflow/example_dags/example_branch_operator.py took 0.102 seconds
[2025-02-12T05:24:19.425+0000] {processor.py:186} INFO - Started process (PID=2540) to work on /home/airflow/.local/lib/python3.12/site-packages/airflow/example_dags/example_branch_operator.py
[2025-02-12T05:24:19.426+0000] {processor.py:914} INFO - Processing file /home/airflow/.local/lib/python3.12/site-packages/airflow/example_dags/example_branch_operator.py for tasks to queue
[2025-02-12T05:24:19.428+0000] {logging_mixin.py:190} INFO - [2025-02-12T05:24:19.428+0000] {dagbag.py:588} INFO - Filling up the DagBag from /home/airflow/.local/lib/python3.12/site-packages/airflow/example_dags/example_branch_operator.py
[2025-02-12T05:24:19.444+0000] {processor.py:925} INFO - DAG(s) 'example_branch_operator' retrieved from /home/airflow/.local/lib/python3.12/site-packages/airflow/example_dags/example_branch_operator.py
[2025-02-12T05:24:19.470+0000] {logging_mixin.py:190} INFO - [2025-02-12T05:24:19.470+0000] {dag.py:3239} INFO - Sync 1 DAGs
[2025-02-12T05:24:19.491+0000] {logging_mixin.py:190} INFO - [2025-02-12T05:24:19.491+0000] {dag.py:4180} INFO - Setting next_dagrun for example_branch_operator to 2025-02-11 00:00:00+00:00, run_after=2025-02-12 00:00:00+00:00
[2025-02-12T05:24:19.507+0000] {processor.py:208} INFO - Processing /home/airflow/.local/lib/python3.12/site-packages/airflow/example_dags/example_branch_operator.py took 0.087 seconds
[2025-02-12T05:24:50.022+0000] {processor.py:186} INFO - Started process (PID=2606) to work on /home/airflow/.local/lib/python3.12/site-packages/airflow/example_dags/example_branch_operator.py
[2025-02-12T05:24:50.023+0000] {processor.py:914} INFO - Processing file /home/airflow/.local/lib/python3.12/site-packages/airflow/example_dags/example_branch_operator.py for tasks to queue
[2025-02-12T05:24:50.026+0000] {logging_mixin.py:190} INFO - [2025-02-12T05:24:50.025+0000] {dagbag.py:588} INFO - Filling up the DagBag from /home/airflow/.local/lib/python3.12/site-packages/airflow/example_dags/example_branch_operator.py
[2025-02-12T05:24:50.043+0000] {processor.py:925} INFO - DAG(s) 'example_branch_operator' retrieved from /home/airflow/.local/lib/python3.12/site-packages/airflow/example_dags/example_branch_operator.py
[2025-02-12T05:24:50.070+0000] {logging_mixin.py:190} INFO - [2025-02-12T05:24:50.070+0000] {dag.py:3239} INFO - Sync 1 DAGs
[2025-02-12T05:24:50.091+0000] {logging_mixin.py:190} INFO - [2025-02-12T05:24:50.091+0000] {dag.py:4180} INFO - Setting next_dagrun for example_branch_operator to 2025-02-11 00:00:00+00:00, run_after=2025-02-12 00:00:00+00:00
[2025-02-12T05:24:50.107+0000] {processor.py:208} INFO - Processing /home/airflow/.local/lib/python3.12/site-packages/airflow/example_dags/example_branch_operator.py took 0.092 seconds
[2025-02-12T05:25:20.448+0000] {processor.py:186} INFO - Started process (PID=2672) to work on /home/airflow/.local/lib/python3.12/site-packages/airflow/example_dags/example_branch_operator.py
[2025-02-12T05:25:20.449+0000] {processor.py:914} INFO - Processing file /home/airflow/.local/lib/python3.12/site-packages/airflow/example_dags/example_branch_operator.py for tasks to queue
[2025-02-12T05:25:20.452+0000] {logging_mixin.py:190} INFO - [2025-02-12T05:25:20.451+0000] {dagbag.py:588} INFO - Filling up the DagBag from /home/airflow/.local/lib/python3.12/site-packages/airflow/example_dags/example_branch_operator.py
[2025-02-12T05:25:20.467+0000] {processor.py:925} INFO - DAG(s) 'example_branch_operator' retrieved from /home/airflow/.local/lib/python3.12/site-packages/airflow/example_dags/example_branch_operator.py
[2025-02-12T05:25:20.494+0000] {logging_mixin.py:190} INFO - [2025-02-12T05:25:20.493+0000] {dag.py:3239} INFO - Sync 1 DAGs
[2025-02-12T05:25:20.516+0000] {logging_mixin.py:190} INFO - [2025-02-12T05:25:20.515+0000] {dag.py:4180} INFO - Setting next_dagrun for example_branch_operator to 2025-02-11 00:00:00+00:00, run_after=2025-02-12 00:00:00+00:00
[2025-02-12T05:25:20.538+0000] {processor.py:208} INFO - Processing /home/airflow/.local/lib/python3.12/site-packages/airflow/example_dags/example_branch_operator.py took 0.095 seconds
[2025-02-12T05:25:50.857+0000] {processor.py:186} INFO - Started process (PID=2738) to work on /home/airflow/.local/lib/python3.12/site-packages/airflow/example_dags/example_branch_operator.py
[2025-02-12T05:25:50.858+0000] {processor.py:914} INFO - Processing file /home/airflow/.local/lib/python3.12/site-packages/airflow/example_dags/example_branch_operator.py for tasks to queue
[2025-02-12T05:25:50.861+0000] {logging_mixin.py:190} INFO - [2025-02-12T05:25:50.860+0000] {dagbag.py:588} INFO - Filling up the DagBag from /home/airflow/.local/lib/python3.12/site-packages/airflow/example_dags/example_branch_operator.py
[2025-02-12T05:25:50.877+0000] {processor.py:925} INFO - DAG(s) 'example_branch_operator' retrieved from /home/airflow/.local/lib/python3.12/site-packages/airflow/example_dags/example_branch_operator.py
[2025-02-12T05:25:50.904+0000] {logging_mixin.py:190} INFO - [2025-02-12T05:25:50.904+0000] {dag.py:3239} INFO - Sync 1 DAGs
[2025-02-12T05:25:50.926+0000] {logging_mixin.py:190} INFO - [2025-02-12T05:25:50.926+0000] {dag.py:4180} INFO - Setting next_dagrun for example_branch_operator to 2025-02-11 00:00:00+00:00, run_after=2025-02-12 00:00:00+00:00
[2025-02-12T05:25:50.941+0000] {processor.py:208} INFO - Processing /home/airflow/.local/lib/python3.12/site-packages/airflow/example_dags/example_branch_operator.py took 0.090 seconds
[2025-02-12T05:26:21.846+0000] {processor.py:186} INFO - Started process (PID=2804) to work on /home/airflow/.local/lib/python3.12/site-packages/airflow/example_dags/example_branch_operator.py
[2025-02-12T05:26:21.847+0000] {processor.py:914} INFO - Processing file /home/airflow/.local/lib/python3.12/site-packages/airflow/example_dags/example_branch_operator.py for tasks to queue
[2025-02-12T05:26:21.849+0000] {logging_mixin.py:190} INFO - [2025-02-12T05:26:21.849+0000] {dagbag.py:588} INFO - Filling up the DagBag from /home/airflow/.local/lib/python3.12/site-packages/airflow/example_dags/example_branch_operator.py
[2025-02-12T05:26:21.867+0000] {processor.py:925} INFO - DAG(s) 'example_branch_operator' retrieved from /home/airflow/.local/lib/python3.12/site-packages/airflow/example_dags/example_branch_operator.py
[2025-02-12T05:26:21.895+0000] {logging_mixin.py:190} INFO - [2025-02-12T05:26:21.895+0000] {dag.py:3239} INFO - Sync 1 DAGs
[2025-02-12T05:26:21.919+0000] {logging_mixin.py:190} INFO - [2025-02-12T05:26:21.919+0000] {dag.py:4180} INFO - Setting next_dagrun for example_branch_operator to 2025-02-11 00:00:00+00:00, run_after=2025-02-12 00:00:00+00:00
[2025-02-12T05:26:21.936+0000] {processor.py:208} INFO - Processing /home/airflow/.local/lib/python3.12/site-packages/airflow/example_dags/example_branch_operator.py took 0.096 seconds
[2025-02-12T05:26:52.046+0000] {processor.py:186} INFO - Started process (PID=2870) to work on /home/airflow/.local/lib/python3.12/site-packages/airflow/example_dags/example_branch_operator.py
[2025-02-12T05:26:52.046+0000] {processor.py:914} INFO - Processing file /home/airflow/.local/lib/python3.12/site-packages/airflow/example_dags/example_branch_operator.py for tasks to queue
[2025-02-12T05:26:52.049+0000] {logging_mixin.py:190} INFO - [2025-02-12T05:26:52.048+0000] {dagbag.py:588} INFO - Filling up the DagBag from /home/airflow/.local/lib/python3.12/site-packages/airflow/example_dags/example_branch_operator.py
[2025-02-12T05:26:52.074+0000] {processor.py:925} INFO - DAG(s) 'example_branch_operator' retrieved from /home/airflow/.local/lib/python3.12/site-packages/airflow/example_dags/example_branch_operator.py
[2025-02-12T05:26:52.106+0000] {logging_mixin.py:190} INFO - [2025-02-12T05:26:52.106+0000] {dag.py:3239} INFO - Sync 1 DAGs
[2025-02-12T05:26:52.127+0000] {logging_mixin.py:190} INFO - [2025-02-12T05:26:52.127+0000] {dag.py:4180} INFO - Setting next_dagrun for example_branch_operator to 2025-02-11 00:00:00+00:00, run_after=2025-02-12 00:00:00+00:00
[2025-02-12T05:26:52.144+0000] {processor.py:208} INFO - Processing /home/airflow/.local/lib/python3.12/site-packages/airflow/example_dags/example_branch_operator.py took 0.103 seconds
[2025-02-12T05:27:22.342+0000] {processor.py:186} INFO - Started process (PID=2936) to work on /home/airflow/.local/lib/python3.12/site-packages/airflow/example_dags/example_branch_operator.py
[2025-02-12T05:27:22.343+0000] {processor.py:914} INFO - Processing file /home/airflow/.local/lib/python3.12/site-packages/airflow/example_dags/example_branch_operator.py for tasks to queue
[2025-02-12T05:27:22.345+0000] {logging_mixin.py:190} INFO - [2025-02-12T05:27:22.344+0000] {dagbag.py:588} INFO - Filling up the DagBag from /home/airflow/.local/lib/python3.12/site-packages/airflow/example_dags/example_branch_operator.py
[2025-02-12T05:27:22.369+0000] {processor.py:925} INFO - DAG(s) 'example_branch_operator' retrieved from /home/airflow/.local/lib/python3.12/site-packages/airflow/example_dags/example_branch_operator.py
[2025-02-12T05:27:22.399+0000] {logging_mixin.py:190} INFO - [2025-02-12T05:27:22.399+0000] {dag.py:3239} INFO - Sync 1 DAGs
[2025-02-12T05:27:22.419+0000] {logging_mixin.py:190} INFO - [2025-02-12T05:27:22.419+0000] {dag.py:4180} INFO - Setting next_dagrun for example_branch_operator to 2025-02-11 00:00:00+00:00, run_after=2025-02-12 00:00:00+00:00
[2025-02-12T05:27:22.435+0000] {processor.py:208} INFO - Processing /home/airflow/.local/lib/python3.12/site-packages/airflow/example_dags/example_branch_operator.py took 0.098 seconds
[2025-02-12T05:27:52.737+0000] {processor.py:186} INFO - Started process (PID=3002) to work on /home/airflow/.local/lib/python3.12/site-packages/airflow/example_dags/example_branch_operator.py
[2025-02-12T05:27:52.746+0000] {processor.py:914} INFO - Processing file /home/airflow/.local/lib/python3.12/site-packages/airflow/example_dags/example_branch_operator.py for tasks to queue
[2025-02-12T05:27:52.748+0000] {logging_mixin.py:190} INFO - [2025-02-12T05:27:52.748+0000] {dagbag.py:588} INFO - Filling up the DagBag from /home/airflow/.local/lib/python3.12/site-packages/airflow/example_dags/example_branch_operator.py
[2025-02-12T05:27:52.764+0000] {processor.py:925} INFO - DAG(s) 'example_branch_operator' retrieved from /home/airflow/.local/lib/python3.12/site-packages/airflow/example_dags/example_branch_operator.py
[2025-02-12T05:27:52.790+0000] {logging_mixin.py:190} INFO - [2025-02-12T05:27:52.789+0000] {dag.py:3239} INFO - Sync 1 DAGs
[2025-02-12T05:27:52.811+0000] {logging_mixin.py:190} INFO - [2025-02-12T05:27:52.811+0000] {dag.py:4180} INFO - Setting next_dagrun for example_branch_operator to 2025-02-11 00:00:00+00:00, run_after=2025-02-12 00:00:00+00:00
[2025-02-12T05:27:52.830+0000] {processor.py:208} INFO - Processing /home/airflow/.local/lib/python3.12/site-packages/airflow/example_dags/example_branch_operator.py took 0.099 seconds
[2025-02-12T05:28:23.052+0000] {processor.py:186} INFO - Started process (PID=3068) to work on /home/airflow/.local/lib/python3.12/site-packages/airflow/example_dags/example_branch_operator.py
[2025-02-12T05:28:23.052+0000] {processor.py:914} INFO - Processing file /home/airflow/.local/lib/python3.12/site-packages/airflow/example_dags/example_branch_operator.py for tasks to queue
[2025-02-12T05:28:23.055+0000] {logging_mixin.py:190} INFO - [2025-02-12T05:28:23.055+0000] {dagbag.py:588} INFO - Filling up the DagBag from /home/airflow/.local/lib/python3.12/site-packages/airflow/example_dags/example_branch_operator.py
[2025-02-12T05:28:23.072+0000] {processor.py:925} INFO - DAG(s) 'example_branch_operator' retrieved from /home/airflow/.local/lib/python3.12/site-packages/airflow/example_dags/example_branch_operator.py
[2025-02-12T05:28:23.099+0000] {logging_mixin.py:190} INFO - [2025-02-12T05:28:23.099+0000] {dag.py:3239} INFO - Sync 1 DAGs
[2025-02-12T05:28:23.121+0000] {logging_mixin.py:190} INFO - [2025-02-12T05:28:23.121+0000] {dag.py:4180} INFO - Setting next_dagrun for example_branch_operator to 2025-02-11 00:00:00+00:00, run_after=2025-02-12 00:00:00+00:00
[2025-02-12T05:28:23.138+0000] {processor.py:208} INFO - Processing /home/airflow/.local/lib/python3.12/site-packages/airflow/example_dags/example_branch_operator.py took 0.091 seconds
[2025-02-12T05:28:53.410+0000] {processor.py:186} INFO - Started process (PID=3134) to work on /home/airflow/.local/lib/python3.12/site-packages/airflow/example_dags/example_branch_operator.py
[2025-02-12T05:28:53.411+0000] {processor.py:914} INFO - Processing file /home/airflow/.local/lib/python3.12/site-packages/airflow/example_dags/example_branch_operator.py for tasks to queue
[2025-02-12T05:28:53.413+0000] {logging_mixin.py:190} INFO - [2025-02-12T05:28:53.413+0000] {dagbag.py:588} INFO - Filling up the DagBag from /home/airflow/.local/lib/python3.12/site-packages/airflow/example_dags/example_branch_operator.py
[2025-02-12T05:28:53.429+0000] {processor.py:925} INFO - DAG(s) 'example_branch_operator' retrieved from /home/airflow/.local/lib/python3.12/site-packages/airflow/example_dags/example_branch_operator.py
[2025-02-12T05:28:53.456+0000] {logging_mixin.py:190} INFO - [2025-02-12T05:28:53.455+0000] {dag.py:3239} INFO - Sync 1 DAGs
[2025-02-12T05:28:53.478+0000] {logging_mixin.py:190} INFO - [2025-02-12T05:28:53.477+0000] {dag.py:4180} INFO - Setting next_dagrun for example_branch_operator to 2025-02-11 00:00:00+00:00, run_after=2025-02-12 00:00:00+00:00
[2025-02-12T05:28:53.497+0000] {processor.py:208} INFO - Processing /home/airflow/.local/lib/python3.12/site-packages/airflow/example_dags/example_branch_operator.py took 0.092 seconds
[2025-02-12T05:29:23.843+0000] {processor.py:186} INFO - Started process (PID=3200) to work on /home/airflow/.local/lib/python3.12/site-packages/airflow/example_dags/example_branch_operator.py
[2025-02-12T05:29:23.852+0000] {processor.py:914} INFO - Processing file /home/airflow/.local/lib/python3.12/site-packages/airflow/example_dags/example_branch_operator.py for tasks to queue
[2025-02-12T05:29:23.855+0000] {logging_mixin.py:190} INFO - [2025-02-12T05:29:23.854+0000] {dagbag.py:588} INFO - Filling up the DagBag from /home/airflow/.local/lib/python3.12/site-packages/airflow/example_dags/example_branch_operator.py
[2025-02-12T05:29:23.871+0000] {processor.py:925} INFO - DAG(s) 'example_branch_operator' retrieved from /home/airflow/.local/lib/python3.12/site-packages/airflow/example_dags/example_branch_operator.py
[2025-02-12T05:29:23.895+0000] {logging_mixin.py:190} INFO - [2025-02-12T05:29:23.895+0000] {dag.py:3239} INFO - Sync 1 DAGs
[2025-02-12T05:29:23.916+0000] {logging_mixin.py:190} INFO - [2025-02-12T05:29:23.916+0000] {dag.py:4180} INFO - Setting next_dagrun for example_branch_operator to 2025-02-11 00:00:00+00:00, run_after=2025-02-12 00:00:00+00:00
[2025-02-12T05:29:23.933+0000] {processor.py:208} INFO - Processing /home/airflow/.local/lib/python3.12/site-packages/airflow/example_dags/example_branch_operator.py took 0.096 seconds
[2025-02-12T05:29:54.446+0000] {processor.py:186} INFO - Started process (PID=3266) to work on /home/airflow/.local/lib/python3.12/site-packages/airflow/example_dags/example_branch_operator.py
[2025-02-12T05:29:54.448+0000] {processor.py:914} INFO - Processing file /home/airflow/.local/lib/python3.12/site-packages/airflow/example_dags/example_branch_operator.py for tasks to queue
[2025-02-12T05:29:54.451+0000] {logging_mixin.py:190} INFO - [2025-02-12T05:29:54.451+0000] {dagbag.py:588} INFO - Filling up the DagBag from /home/airflow/.local/lib/python3.12/site-packages/airflow/example_dags/example_branch_operator.py
[2025-02-12T05:29:54.468+0000] {processor.py:925} INFO - DAG(s) 'example_branch_operator' retrieved from /home/airflow/.local/lib/python3.12/site-packages/airflow/example_dags/example_branch_operator.py
[2025-02-12T05:29:54.494+0000] {logging_mixin.py:190} INFO - [2025-02-12T05:29:54.494+0000] {dag.py:3239} INFO - Sync 1 DAGs
[2025-02-12T05:29:54.517+0000] {logging_mixin.py:190} INFO - [2025-02-12T05:29:54.516+0000] {dag.py:4180} INFO - Setting next_dagrun for example_branch_operator to 2025-02-11 00:00:00+00:00, run_after=2025-02-12 00:00:00+00:00
[2025-02-12T05:29:54.534+0000] {processor.py:208} INFO - Processing /home/airflow/.local/lib/python3.12/site-packages/airflow/example_dags/example_branch_operator.py took 0.093 seconds
[2025-02-12T05:30:25.002+0000] {processor.py:186} INFO - Started process (PID=3332) to work on /home/airflow/.local/lib/python3.12/site-packages/airflow/example_dags/example_branch_operator.py
[2025-02-12T05:30:25.011+0000] {processor.py:914} INFO - Processing file /home/airflow/.local/lib/python3.12/site-packages/airflow/example_dags/example_branch_operator.py for tasks to queue
[2025-02-12T05:30:25.014+0000] {logging_mixin.py:190} INFO - [2025-02-12T05:30:25.013+0000] {dagbag.py:588} INFO - Filling up the DagBag from /home/airflow/.local/lib/python3.12/site-packages/airflow/example_dags/example_branch_operator.py
[2025-02-12T05:30:25.030+0000] {processor.py:925} INFO - DAG(s) 'example_branch_operator' retrieved from /home/airflow/.local/lib/python3.12/site-packages/airflow/example_dags/example_branch_operator.py
[2025-02-12T05:30:25.057+0000] {logging_mixin.py:190} INFO - [2025-02-12T05:30:25.057+0000] {dag.py:3239} INFO - Sync 1 DAGs
[2025-02-12T05:30:25.079+0000] {logging_mixin.py:190} INFO - [2025-02-12T05:30:25.079+0000] {dag.py:4180} INFO - Setting next_dagrun for example_branch_operator to 2025-02-11 00:00:00+00:00, run_after=2025-02-12 00:00:00+00:00
[2025-02-12T05:30:25.098+0000] {processor.py:208} INFO - Processing /home/airflow/.local/lib/python3.12/site-packages/airflow/example_dags/example_branch_operator.py took 0.101 seconds
[2025-02-12T05:30:55.284+0000] {processor.py:186} INFO - Started process (PID=3397) to work on /home/airflow/.local/lib/python3.12/site-packages/airflow/example_dags/example_branch_operator.py
[2025-02-12T05:30:55.284+0000] {processor.py:914} INFO - Processing file /home/airflow/.local/lib/python3.12/site-packages/airflow/example_dags/example_branch_operator.py for tasks to queue
[2025-02-12T05:30:55.287+0000] {logging_mixin.py:190} INFO - [2025-02-12T05:30:55.286+0000] {dagbag.py:588} INFO - Filling up the DagBag from /home/airflow/.local/lib/python3.12/site-packages/airflow/example_dags/example_branch_operator.py
[2025-02-12T05:30:55.303+0000] {processor.py:925} INFO - DAG(s) 'example_branch_operator' retrieved from /home/airflow/.local/lib/python3.12/site-packages/airflow/example_dags/example_branch_operator.py
[2025-02-12T05:30:55.329+0000] {logging_mixin.py:190} INFO - [2025-02-12T05:30:55.328+0000] {dag.py:3239} INFO - Sync 1 DAGs
[2025-02-12T05:30:55.350+0000] {logging_mixin.py:190} INFO - [2025-02-12T05:30:55.349+0000] {dag.py:4180} INFO - Setting next_dagrun for example_branch_operator to 2025-02-11 00:00:00+00:00, run_after=2025-02-12 00:00:00+00:00
[2025-02-12T05:30:55.368+0000] {processor.py:208} INFO - Processing /home/airflow/.local/lib/python3.12/site-packages/airflow/example_dags/example_branch_operator.py took 0.090 seconds
[2025-02-12T05:31:25.720+0000] {processor.py:186} INFO - Started process (PID=3463) to work on /home/airflow/.local/lib/python3.12/site-packages/airflow/example_dags/example_branch_operator.py
[2025-02-12T05:31:25.729+0000] {processor.py:914} INFO - Processing file /home/airflow/.local/lib/python3.12/site-packages/airflow/example_dags/example_branch_operator.py for tasks to queue
[2025-02-12T05:31:25.732+0000] {logging_mixin.py:190} INFO - [2025-02-12T05:31:25.731+0000] {dagbag.py:588} INFO - Filling up the DagBag from /home/airflow/.local/lib/python3.12/site-packages/airflow/example_dags/example_branch_operator.py
[2025-02-12T05:31:25.748+0000] {processor.py:925} INFO - DAG(s) 'example_branch_operator' retrieved from /home/airflow/.local/lib/python3.12/site-packages/airflow/example_dags/example_branch_operator.py
[2025-02-12T05:31:25.776+0000] {logging_mixin.py:190} INFO - [2025-02-12T05:31:25.776+0000] {dag.py:3239} INFO - Sync 1 DAGs
[2025-02-12T05:31:25.798+0000] {logging_mixin.py:190} INFO - [2025-02-12T05:31:25.798+0000] {dag.py:4180} INFO - Setting next_dagrun for example_branch_operator to 2025-02-11 00:00:00+00:00, run_after=2025-02-12 00:00:00+00:00
[2025-02-12T05:31:25.815+0000] {processor.py:208} INFO - Processing /home/airflow/.local/lib/python3.12/site-packages/airflow/example_dags/example_branch_operator.py took 0.100 seconds
[2025-02-12T05:31:56.189+0000] {processor.py:186} INFO - Started process (PID=3529) to work on /home/airflow/.local/lib/python3.12/site-packages/airflow/example_dags/example_branch_operator.py
[2025-02-12T05:31:56.190+0000] {processor.py:914} INFO - Processing file /home/airflow/.local/lib/python3.12/site-packages/airflow/example_dags/example_branch_operator.py for tasks to queue
[2025-02-12T05:31:56.192+0000] {logging_mixin.py:190} INFO - [2025-02-12T05:31:56.192+0000] {dagbag.py:588} INFO - Filling up the DagBag from /home/airflow/.local/lib/python3.12/site-packages/airflow/example_dags/example_branch_operator.py
[2025-02-12T05:31:56.208+0000] {processor.py:925} INFO - DAG(s) 'example_branch_operator' retrieved from /home/airflow/.local/lib/python3.12/site-packages/airflow/example_dags/example_branch_operator.py
[2025-02-12T05:31:56.237+0000] {logging_mixin.py:190} INFO - [2025-02-12T05:31:56.237+0000] {dag.py:3239} INFO - Sync 1 DAGs
[2025-02-12T05:31:56.261+0000] {logging_mixin.py:190} INFO - [2025-02-12T05:31:56.261+0000] {dag.py:4180} INFO - Setting next_dagrun for example_branch_operator to 2025-02-11 00:00:00+00:00, run_after=2025-02-12 00:00:00+00:00
[2025-02-12T05:31:56.279+0000] {processor.py:208} INFO - Processing /home/airflow/.local/lib/python3.12/site-packages/airflow/example_dags/example_branch_operator.py took 0.095 seconds
[2025-02-12T05:32:26.742+0000] {processor.py:186} INFO - Started process (PID=3595) to work on /home/airflow/.local/lib/python3.12/site-packages/airflow/example_dags/example_branch_operator.py
[2025-02-12T05:32:26.751+0000] {processor.py:914} INFO - Processing file /home/airflow/.local/lib/python3.12/site-packages/airflow/example_dags/example_branch_operator.py for tasks to queue
[2025-02-12T05:32:26.754+0000] {logging_mixin.py:190} INFO - [2025-02-12T05:32:26.754+0000] {dagbag.py:588} INFO - Filling up the DagBag from /home/airflow/.local/lib/python3.12/site-packages/airflow/example_dags/example_branch_operator.py
[2025-02-12T05:32:26.772+0000] {processor.py:925} INFO - DAG(s) 'example_branch_operator' retrieved from /home/airflow/.local/lib/python3.12/site-packages/airflow/example_dags/example_branch_operator.py
[2025-02-12T05:32:26.796+0000] {logging_mixin.py:190} INFO - [2025-02-12T05:32:26.796+0000] {dag.py:3239} INFO - Sync 1 DAGs
[2025-02-12T05:32:26.817+0000] {logging_mixin.py:190} INFO - [2025-02-12T05:32:26.817+0000] {dag.py:4180} INFO - Setting next_dagrun for example_branch_operator to 2025-02-11 00:00:00+00:00, run_after=2025-02-12 00:00:00+00:00
[2025-02-12T05:32:26.833+0000] {processor.py:208} INFO - Processing /home/airflow/.local/lib/python3.12/site-packages/airflow/example_dags/example_branch_operator.py took 0.096 seconds
[2025-02-12T05:32:57.000+0000] {processor.py:186} INFO - Started process (PID=3661) to work on /home/airflow/.local/lib/python3.12/site-packages/airflow/example_dags/example_branch_operator.py
[2025-02-12T05:32:57.001+0000] {processor.py:914} INFO - Processing file /home/airflow/.local/lib/python3.12/site-packages/airflow/example_dags/example_branch_operator.py for tasks to queue
[2025-02-12T05:32:57.004+0000] {logging_mixin.py:190} INFO - [2025-02-12T05:32:57.003+0000] {dagbag.py:588} INFO - Filling up the DagBag from /home/airflow/.local/lib/python3.12/site-packages/airflow/example_dags/example_branch_operator.py
[2025-02-12T05:32:57.021+0000] {processor.py:925} INFO - DAG(s) 'example_branch_operator' retrieved from /home/airflow/.local/lib/python3.12/site-packages/airflow/example_dags/example_branch_operator.py
[2025-02-12T05:32:57.047+0000] {logging_mixin.py:190} INFO - [2025-02-12T05:32:57.047+0000] {dag.py:3239} INFO - Sync 1 DAGs
[2025-02-12T05:32:57.071+0000] {logging_mixin.py:190} INFO - [2025-02-12T05:32:57.071+0000] {dag.py:4180} INFO - Setting next_dagrun for example_branch_operator to 2025-02-11 00:00:00+00:00, run_after=2025-02-12 00:00:00+00:00
[2025-02-12T05:32:57.089+0000] {processor.py:208} INFO - Processing /home/airflow/.local/lib/python3.12/site-packages/airflow/example_dags/example_branch_operator.py took 0.095 seconds
[2025-02-12T05:33:27.546+0000] {processor.py:186} INFO - Started process (PID=3724) to work on /home/airflow/.local/lib/python3.12/site-packages/airflow/example_dags/example_branch_operator.py
[2025-02-12T05:33:27.547+0000] {processor.py:914} INFO - Processing file /home/airflow/.local/lib/python3.12/site-packages/airflow/example_dags/example_branch_operator.py for tasks to queue
[2025-02-12T05:33:27.550+0000] {logging_mixin.py:190} INFO - [2025-02-12T05:33:27.549+0000] {dagbag.py:588} INFO - Filling up the DagBag from /home/airflow/.local/lib/python3.12/site-packages/airflow/example_dags/example_branch_operator.py
[2025-02-12T05:33:27.566+0000] {processor.py:925} INFO - DAG(s) 'example_branch_operator' retrieved from /home/airflow/.local/lib/python3.12/site-packages/airflow/example_dags/example_branch_operator.py
[2025-02-12T05:33:27.591+0000] {logging_mixin.py:190} INFO - [2025-02-12T05:33:27.591+0000] {dag.py:3239} INFO - Sync 1 DAGs
[2025-02-12T05:33:27.613+0000] {logging_mixin.py:190} INFO - [2025-02-12T05:33:27.613+0000] {dag.py:4180} INFO - Setting next_dagrun for example_branch_operator to 2025-02-11 00:00:00+00:00, run_after=2025-02-12 00:00:00+00:00
[2025-02-12T05:33:27.632+0000] {processor.py:208} INFO - Processing /home/airflow/.local/lib/python3.12/site-packages/airflow/example_dags/example_branch_operator.py took 0.093 seconds
[2025-02-12T05:33:57.748+0000] {processor.py:186} INFO - Started process (PID=3789) to work on /home/airflow/.local/lib/python3.12/site-packages/airflow/example_dags/example_branch_operator.py
[2025-02-12T05:33:57.757+0000] {processor.py:914} INFO - Processing file /home/airflow/.local/lib/python3.12/site-packages/airflow/example_dags/example_branch_operator.py for tasks to queue
[2025-02-12T05:33:57.759+0000] {logging_mixin.py:190} INFO - [2025-02-12T05:33:57.759+0000] {dagbag.py:588} INFO - Filling up the DagBag from /home/airflow/.local/lib/python3.12/site-packages/airflow/example_dags/example_branch_operator.py
[2025-02-12T05:33:57.775+0000] {processor.py:925} INFO - DAG(s) 'example_branch_operator' retrieved from /home/airflow/.local/lib/python3.12/site-packages/airflow/example_dags/example_branch_operator.py
[2025-02-12T05:33:57.799+0000] {logging_mixin.py:190} INFO - [2025-02-12T05:33:57.799+0000] {dag.py:3239} INFO - Sync 1 DAGs
[2025-02-12T05:33:57.822+0000] {logging_mixin.py:190} INFO - [2025-02-12T05:33:57.822+0000] {dag.py:4180} INFO - Setting next_dagrun for example_branch_operator to 2025-02-11 00:00:00+00:00, run_after=2025-02-12 00:00:00+00:00
[2025-02-12T05:33:57.839+0000] {processor.py:208} INFO - Processing /home/airflow/.local/lib/python3.12/site-packages/airflow/example_dags/example_branch_operator.py took 0.096 seconds
[2025-02-12T05:34:28.130+0000] {processor.py:186} INFO - Started process (PID=3855) to work on /home/airflow/.local/lib/python3.12/site-packages/airflow/example_dags/example_branch_operator.py
[2025-02-12T05:34:28.131+0000] {processor.py:914} INFO - Processing file /home/airflow/.local/lib/python3.12/site-packages/airflow/example_dags/example_branch_operator.py for tasks to queue
[2025-02-12T05:34:28.134+0000] {logging_mixin.py:190} INFO - [2025-02-12T05:34:28.133+0000] {dagbag.py:588} INFO - Filling up the DagBag from /home/airflow/.local/lib/python3.12/site-packages/airflow/example_dags/example_branch_operator.py
[2025-02-12T05:34:28.149+0000] {processor.py:925} INFO - DAG(s) 'example_branch_operator' retrieved from /home/airflow/.local/lib/python3.12/site-packages/airflow/example_dags/example_branch_operator.py
[2025-02-12T05:34:28.176+0000] {logging_mixin.py:190} INFO - [2025-02-12T05:34:28.176+0000] {dag.py:3239} INFO - Sync 1 DAGs
[2025-02-12T05:34:28.197+0000] {logging_mixin.py:190} INFO - [2025-02-12T05:34:28.197+0000] {dag.py:4180} INFO - Setting next_dagrun for example_branch_operator to 2025-02-11 00:00:00+00:00, run_after=2025-02-12 00:00:00+00:00
[2025-02-12T05:34:28.214+0000] {processor.py:208} INFO - Processing /home/airflow/.local/lib/python3.12/site-packages/airflow/example_dags/example_branch_operator.py took 0.089 seconds
[2025-02-12T05:34:58.372+0000] {processor.py:186} INFO - Started process (PID=3921) to work on /home/airflow/.local/lib/python3.12/site-packages/airflow/example_dags/example_branch_operator.py
[2025-02-12T05:34:58.381+0000] {processor.py:914} INFO - Processing file /home/airflow/.local/lib/python3.12/site-packages/airflow/example_dags/example_branch_operator.py for tasks to queue
[2025-02-12T05:34:58.384+0000] {logging_mixin.py:190} INFO - [2025-02-12T05:34:58.384+0000] {dagbag.py:588} INFO - Filling up the DagBag from /home/airflow/.local/lib/python3.12/site-packages/airflow/example_dags/example_branch_operator.py
[2025-02-12T05:34:58.404+0000] {processor.py:925} INFO - DAG(s) 'example_branch_operator' retrieved from /home/airflow/.local/lib/python3.12/site-packages/airflow/example_dags/example_branch_operator.py
[2025-02-12T05:34:58.430+0000] {logging_mixin.py:190} INFO - [2025-02-12T05:34:58.429+0000] {dag.py:3239} INFO - Sync 1 DAGs
[2025-02-12T05:34:58.450+0000] {logging_mixin.py:190} INFO - [2025-02-12T05:34:58.450+0000] {dag.py:4180} INFO - Setting next_dagrun for example_branch_operator to 2025-02-11 00:00:00+00:00, run_after=2025-02-12 00:00:00+00:00
[2025-02-12T05:34:58.466+0000] {processor.py:208} INFO - Processing /home/airflow/.local/lib/python3.12/site-packages/airflow/example_dags/example_branch_operator.py took 0.099 seconds
[2025-02-12T05:35:28.658+0000] {processor.py:186} INFO - Started process (PID=3987) to work on /home/airflow/.local/lib/python3.12/site-packages/airflow/example_dags/example_branch_operator.py
[2025-02-12T05:35:28.667+0000] {processor.py:914} INFO - Processing file /home/airflow/.local/lib/python3.12/site-packages/airflow/example_dags/example_branch_operator.py for tasks to queue
[2025-02-12T05:35:28.670+0000] {logging_mixin.py:190} INFO - [2025-02-12T05:35:28.670+0000] {dagbag.py:588} INFO - Filling up the DagBag from /home/airflow/.local/lib/python3.12/site-packages/airflow/example_dags/example_branch_operator.py
[2025-02-12T05:35:28.687+0000] {processor.py:925} INFO - DAG(s) 'example_branch_operator' retrieved from /home/airflow/.local/lib/python3.12/site-packages/airflow/example_dags/example_branch_operator.py
[2025-02-12T05:35:28.714+0000] {logging_mixin.py:190} INFO - [2025-02-12T05:35:28.714+0000] {dag.py:3239} INFO - Sync 1 DAGs
[2025-02-12T05:35:28.737+0000] {logging_mixin.py:190} INFO - [2025-02-12T05:35:28.736+0000] {dag.py:4180} INFO - Setting next_dagrun for example_branch_operator to 2025-02-11 00:00:00+00:00, run_after=2025-02-12 00:00:00+00:00
[2025-02-12T05:35:28.754+0000] {processor.py:208} INFO - Processing /home/airflow/.local/lib/python3.12/site-packages/airflow/example_dags/example_branch_operator.py took 0.101 seconds
[2025-02-12T05:35:59.211+0000] {processor.py:186} INFO - Started process (PID=4053) to work on /home/airflow/.local/lib/python3.12/site-packages/airflow/example_dags/example_branch_operator.py
[2025-02-12T05:35:59.220+0000] {processor.py:914} INFO - Processing file /home/airflow/.local/lib/python3.12/site-packages/airflow/example_dags/example_branch_operator.py for tasks to queue
[2025-02-12T05:35:59.223+0000] {logging_mixin.py:190} INFO - [2025-02-12T05:35:59.222+0000] {dagbag.py:588} INFO - Filling up the DagBag from /home/airflow/.local/lib/python3.12/site-packages/airflow/example_dags/example_branch_operator.py
[2025-02-12T05:35:59.238+0000] {processor.py:925} INFO - DAG(s) 'example_branch_operator' retrieved from /home/airflow/.local/lib/python3.12/site-packages/airflow/example_dags/example_branch_operator.py
[2025-02-12T05:35:59.265+0000] {logging_mixin.py:190} INFO - [2025-02-12T05:35:59.265+0000] {dag.py:3239} INFO - Sync 1 DAGs
[2025-02-12T05:35:59.287+0000] {logging_mixin.py:190} INFO - [2025-02-12T05:35:59.287+0000] {dag.py:4180} INFO - Setting next_dagrun for example_branch_operator to 2025-02-11 00:00:00+00:00, run_after=2025-02-12 00:00:00+00:00
[2025-02-12T05:35:59.306+0000] {processor.py:208} INFO - Processing /home/airflow/.local/lib/python3.12/site-packages/airflow/example_dags/example_branch_operator.py took 0.100 seconds
