[2025-02-12T05:05:24.090+0000] {processor.py:186} INFO - Started process (PID=79) to work on /home/airflow/.local/lib/python3.12/site-packages/airflow/example_dags/example_task_group.py
[2025-02-12T05:05:24.091+0000] {processor.py:914} INFO - Processing file /home/airflow/.local/lib/python3.12/site-packages/airflow/example_dags/example_task_group.py for tasks to queue
[2025-02-12T05:05:24.095+0000] {logging_mixin.py:190} INFO - [2025-02-12T05:05:24.094+0000] {dagbag.py:588} INFO - Filling up the DagBag from /home/airflow/.local/lib/python3.12/site-packages/airflow/example_dags/example_task_group.py
[2025-02-12T05:05:24.111+0000] {processor.py:925} INFO - DAG(s) 'example_task_group' retrieved from /home/airflow/.local/lib/python3.12/site-packages/airflow/example_dags/example_task_group.py
[2025-02-12T05:05:24.165+0000] {logging_mixin.py:190} INFO - [2025-02-12T05:05:24.164+0000] {dag.py:3239} INFO - Sync 1 DAGs
[2025-02-12T05:05:24.191+0000] {logging_mixin.py:190} INFO - [2025-02-12T05:05:24.191+0000] {dag.py:4180} INFO - Setting next_dagrun for example_task_group to None, run_after=None
[2025-02-12T05:05:24.225+0000] {processor.py:208} INFO - Processing /home/airflow/.local/lib/python3.12/site-packages/airflow/example_dags/example_task_group.py took 0.143 seconds
[2025-02-12T05:05:55.056+0000] {processor.py:186} INFO - Started process (PID=149) to work on /home/airflow/.local/lib/python3.12/site-packages/airflow/example_dags/example_task_group.py
[2025-02-12T05:05:55.057+0000] {processor.py:914} INFO - Processing file /home/airflow/.local/lib/python3.12/site-packages/airflow/example_dags/example_task_group.py for tasks to queue
[2025-02-12T05:05:55.060+0000] {logging_mixin.py:190} INFO - [2025-02-12T05:05:55.060+0000] {dagbag.py:588} INFO - Filling up the DagBag from /home/airflow/.local/lib/python3.12/site-packages/airflow/example_dags/example_task_group.py
[2025-02-12T05:05:55.072+0000] {processor.py:925} INFO - DAG(s) 'example_task_group' retrieved from /home/airflow/.local/lib/python3.12/site-packages/airflow/example_dags/example_task_group.py
[2025-02-12T05:05:55.111+0000] {logging_mixin.py:190} INFO - [2025-02-12T05:05:55.111+0000] {dag.py:3239} INFO - Sync 1 DAGs
[2025-02-12T05:05:55.130+0000] {logging_mixin.py:190} INFO - [2025-02-12T05:05:55.130+0000] {dag.py:4180} INFO - Setting next_dagrun for example_task_group to None, run_after=None
[2025-02-12T05:05:55.156+0000] {processor.py:208} INFO - Processing /home/airflow/.local/lib/python3.12/site-packages/airflow/example_dags/example_task_group.py took 0.108 seconds
[2025-02-12T05:06:25.724+0000] {processor.py:186} INFO - Started process (PID=215) to work on /home/airflow/.local/lib/python3.12/site-packages/airflow/example_dags/example_task_group.py
[2025-02-12T05:06:25.726+0000] {processor.py:914} INFO - Processing file /home/airflow/.local/lib/python3.12/site-packages/airflow/example_dags/example_task_group.py for tasks to queue
[2025-02-12T05:06:25.730+0000] {logging_mixin.py:190} INFO - [2025-02-12T05:06:25.729+0000] {dagbag.py:588} INFO - Filling up the DagBag from /home/airflow/.local/lib/python3.12/site-packages/airflow/example_dags/example_task_group.py
[2025-02-12T05:06:25.744+0000] {processor.py:925} INFO - DAG(s) 'example_task_group' retrieved from /home/airflow/.local/lib/python3.12/site-packages/airflow/example_dags/example_task_group.py
[2025-02-12T05:06:25.776+0000] {logging_mixin.py:190} INFO - [2025-02-12T05:06:25.776+0000] {dag.py:3239} INFO - Sync 1 DAGs
[2025-02-12T05:06:25.796+0000] {logging_mixin.py:190} INFO - [2025-02-12T05:06:25.796+0000] {dag.py:4180} INFO - Setting next_dagrun for example_task_group to None, run_after=None
[2025-02-12T05:06:25.819+0000] {processor.py:208} INFO - Processing /home/airflow/.local/lib/python3.12/site-packages/airflow/example_dags/example_task_group.py took 0.104 seconds
[2025-02-12T05:06:56.106+0000] {processor.py:186} INFO - Started process (PID=281) to work on /home/airflow/.local/lib/python3.12/site-packages/airflow/example_dags/example_task_group.py
[2025-02-12T05:06:56.107+0000] {processor.py:914} INFO - Processing file /home/airflow/.local/lib/python3.12/site-packages/airflow/example_dags/example_task_group.py for tasks to queue
[2025-02-12T05:06:56.110+0000] {logging_mixin.py:190} INFO - [2025-02-12T05:06:56.110+0000] {dagbag.py:588} INFO - Filling up the DagBag from /home/airflow/.local/lib/python3.12/site-packages/airflow/example_dags/example_task_group.py
[2025-02-12T05:06:56.123+0000] {processor.py:925} INFO - DAG(s) 'example_task_group' retrieved from /home/airflow/.local/lib/python3.12/site-packages/airflow/example_dags/example_task_group.py
[2025-02-12T05:06:56.153+0000] {logging_mixin.py:190} INFO - [2025-02-12T05:06:56.152+0000] {dag.py:3239} INFO - Sync 1 DAGs
[2025-02-12T05:06:56.172+0000] {logging_mixin.py:190} INFO - [2025-02-12T05:06:56.171+0000] {dag.py:4180} INFO - Setting next_dagrun for example_task_group to None, run_after=None
[2025-02-12T05:06:56.199+0000] {processor.py:208} INFO - Processing /home/airflow/.local/lib/python3.12/site-packages/airflow/example_dags/example_task_group.py took 0.102 seconds
[2025-02-12T05:07:27.065+0000] {processor.py:186} INFO - Started process (PID=347) to work on /home/airflow/.local/lib/python3.12/site-packages/airflow/example_dags/example_task_group.py
[2025-02-12T05:07:27.067+0000] {processor.py:914} INFO - Processing file /home/airflow/.local/lib/python3.12/site-packages/airflow/example_dags/example_task_group.py for tasks to queue
[2025-02-12T05:07:27.071+0000] {logging_mixin.py:190} INFO - [2025-02-12T05:07:27.070+0000] {dagbag.py:588} INFO - Filling up the DagBag from /home/airflow/.local/lib/python3.12/site-packages/airflow/example_dags/example_task_group.py
[2025-02-12T05:07:27.089+0000] {processor.py:925} INFO - DAG(s) 'example_task_group' retrieved from /home/airflow/.local/lib/python3.12/site-packages/airflow/example_dags/example_task_group.py
[2025-02-12T05:07:27.130+0000] {logging_mixin.py:190} INFO - [2025-02-12T05:07:27.129+0000] {dag.py:3239} INFO - Sync 1 DAGs
[2025-02-12T05:07:27.154+0000] {logging_mixin.py:190} INFO - [2025-02-12T05:07:27.154+0000] {dag.py:4180} INFO - Setting next_dagrun for example_task_group to None, run_after=None
[2025-02-12T05:07:27.189+0000] {processor.py:208} INFO - Processing /home/airflow/.local/lib/python3.12/site-packages/airflow/example_dags/example_task_group.py took 0.132 seconds
[2025-02-12T05:07:57.845+0000] {processor.py:186} INFO - Started process (PID=413) to work on /home/airflow/.local/lib/python3.12/site-packages/airflow/example_dags/example_task_group.py
[2025-02-12T05:07:57.847+0000] {processor.py:914} INFO - Processing file /home/airflow/.local/lib/python3.12/site-packages/airflow/example_dags/example_task_group.py for tasks to queue
[2025-02-12T05:07:57.850+0000] {logging_mixin.py:190} INFO - [2025-02-12T05:07:57.849+0000] {dagbag.py:588} INFO - Filling up the DagBag from /home/airflow/.local/lib/python3.12/site-packages/airflow/example_dags/example_task_group.py
[2025-02-12T05:07:57.865+0000] {processor.py:925} INFO - DAG(s) 'example_task_group' retrieved from /home/airflow/.local/lib/python3.12/site-packages/airflow/example_dags/example_task_group.py
[2025-02-12T05:07:57.901+0000] {logging_mixin.py:190} INFO - [2025-02-12T05:07:57.900+0000] {dag.py:3239} INFO - Sync 1 DAGs
[2025-02-12T05:07:57.922+0000] {logging_mixin.py:190} INFO - [2025-02-12T05:07:57.922+0000] {dag.py:4180} INFO - Setting next_dagrun for example_task_group to None, run_after=None
[2025-02-12T05:07:57.948+0000] {processor.py:208} INFO - Processing /home/airflow/.local/lib/python3.12/site-packages/airflow/example_dags/example_task_group.py took 0.112 seconds
[2025-02-12T05:08:28.228+0000] {processor.py:186} INFO - Started process (PID=482) to work on /home/airflow/.local/lib/python3.12/site-packages/airflow/example_dags/example_task_group.py
[2025-02-12T05:08:28.230+0000] {processor.py:914} INFO - Processing file /home/airflow/.local/lib/python3.12/site-packages/airflow/example_dags/example_task_group.py for tasks to queue
[2025-02-12T05:08:28.234+0000] {logging_mixin.py:190} INFO - [2025-02-12T05:08:28.233+0000] {dagbag.py:588} INFO - Filling up the DagBag from /home/airflow/.local/lib/python3.12/site-packages/airflow/example_dags/example_task_group.py
[2025-02-12T05:08:28.246+0000] {processor.py:925} INFO - DAG(s) 'example_task_group' retrieved from /home/airflow/.local/lib/python3.12/site-packages/airflow/example_dags/example_task_group.py
[2025-02-12T05:08:28.279+0000] {logging_mixin.py:190} INFO - [2025-02-12T05:08:28.279+0000] {dag.py:3239} INFO - Sync 1 DAGs
[2025-02-12T05:08:28.300+0000] {logging_mixin.py:190} INFO - [2025-02-12T05:08:28.300+0000] {dag.py:4180} INFO - Setting next_dagrun for example_task_group to None, run_after=None
[2025-02-12T05:08:28.325+0000] {processor.py:208} INFO - Processing /home/airflow/.local/lib/python3.12/site-packages/airflow/example_dags/example_task_group.py took 0.105 seconds
[2025-02-12T05:08:59.348+0000] {processor.py:186} INFO - Started process (PID=547) to work on /home/airflow/.local/lib/python3.12/site-packages/airflow/example_dags/example_task_group.py
[2025-02-12T05:08:59.350+0000] {processor.py:914} INFO - Processing file /home/airflow/.local/lib/python3.12/site-packages/airflow/example_dags/example_task_group.py for tasks to queue
[2025-02-12T05:08:59.353+0000] {logging_mixin.py:190} INFO - [2025-02-12T05:08:59.352+0000] {dagbag.py:588} INFO - Filling up the DagBag from /home/airflow/.local/lib/python3.12/site-packages/airflow/example_dags/example_task_group.py
[2025-02-12T05:08:59.370+0000] {processor.py:925} INFO - DAG(s) 'example_task_group' retrieved from /home/airflow/.local/lib/python3.12/site-packages/airflow/example_dags/example_task_group.py
[2025-02-12T05:08:59.401+0000] {logging_mixin.py:190} INFO - [2025-02-12T05:08:59.400+0000] {dag.py:3239} INFO - Sync 1 DAGs
[2025-02-12T05:08:59.419+0000] {logging_mixin.py:190} INFO - [2025-02-12T05:08:59.419+0000] {dag.py:4180} INFO - Setting next_dagrun for example_task_group to None, run_after=None
[2025-02-12T05:08:59.443+0000] {processor.py:208} INFO - Processing /home/airflow/.local/lib/python3.12/site-packages/airflow/example_dags/example_task_group.py took 0.103 seconds
[2025-02-12T05:09:29.695+0000] {processor.py:186} INFO - Started process (PID=613) to work on /home/airflow/.local/lib/python3.12/site-packages/airflow/example_dags/example_task_group.py
[2025-02-12T05:09:29.696+0000] {processor.py:914} INFO - Processing file /home/airflow/.local/lib/python3.12/site-packages/airflow/example_dags/example_task_group.py for tasks to queue
[2025-02-12T05:09:29.700+0000] {logging_mixin.py:190} INFO - [2025-02-12T05:09:29.699+0000] {dagbag.py:588} INFO - Filling up the DagBag from /home/airflow/.local/lib/python3.12/site-packages/airflow/example_dags/example_task_group.py
[2025-02-12T05:09:29.713+0000] {processor.py:925} INFO - DAG(s) 'example_task_group' retrieved from /home/airflow/.local/lib/python3.12/site-packages/airflow/example_dags/example_task_group.py
[2025-02-12T05:09:29.744+0000] {logging_mixin.py:190} INFO - [2025-02-12T05:09:29.744+0000] {dag.py:3239} INFO - Sync 1 DAGs
[2025-02-12T05:09:29.761+0000] {logging_mixin.py:190} INFO - [2025-02-12T05:09:29.760+0000] {dag.py:4180} INFO - Setting next_dagrun for example_task_group to None, run_after=None
[2025-02-12T05:09:29.786+0000] {processor.py:208} INFO - Processing /home/airflow/.local/lib/python3.12/site-packages/airflow/example_dags/example_task_group.py took 0.100 seconds
[2025-02-12T05:10:00.445+0000] {processor.py:186} INFO - Started process (PID=679) to work on /home/airflow/.local/lib/python3.12/site-packages/airflow/example_dags/example_task_group.py
[2025-02-12T05:10:00.446+0000] {processor.py:914} INFO - Processing file /home/airflow/.local/lib/python3.12/site-packages/airflow/example_dags/example_task_group.py for tasks to queue
[2025-02-12T05:10:00.450+0000] {logging_mixin.py:190} INFO - [2025-02-12T05:10:00.450+0000] {dagbag.py:588} INFO - Filling up the DagBag from /home/airflow/.local/lib/python3.12/site-packages/airflow/example_dags/example_task_group.py
[2025-02-12T05:10:00.464+0000] {processor.py:925} INFO - DAG(s) 'example_task_group' retrieved from /home/airflow/.local/lib/python3.12/site-packages/airflow/example_dags/example_task_group.py
[2025-02-12T05:10:00.496+0000] {logging_mixin.py:190} INFO - [2025-02-12T05:10:00.495+0000] {dag.py:3239} INFO - Sync 1 DAGs
[2025-02-12T05:10:00.517+0000] {logging_mixin.py:190} INFO - [2025-02-12T05:10:00.516+0000] {dag.py:4180} INFO - Setting next_dagrun for example_task_group to None, run_after=None
[2025-02-12T05:10:00.539+0000] {processor.py:208} INFO - Processing /home/airflow/.local/lib/python3.12/site-packages/airflow/example_dags/example_task_group.py took 0.104 seconds
[2025-02-12T05:10:30.756+0000] {processor.py:186} INFO - Started process (PID=744) to work on /home/airflow/.local/lib/python3.12/site-packages/airflow/example_dags/example_task_group.py
[2025-02-12T05:10:30.757+0000] {processor.py:914} INFO - Processing file /home/airflow/.local/lib/python3.12/site-packages/airflow/example_dags/example_task_group.py for tasks to queue
[2025-02-12T05:10:30.761+0000] {logging_mixin.py:190} INFO - [2025-02-12T05:10:30.760+0000] {dagbag.py:588} INFO - Filling up the DagBag from /home/airflow/.local/lib/python3.12/site-packages/airflow/example_dags/example_task_group.py
[2025-02-12T05:10:30.775+0000] {processor.py:925} INFO - DAG(s) 'example_task_group' retrieved from /home/airflow/.local/lib/python3.12/site-packages/airflow/example_dags/example_task_group.py
[2025-02-12T05:10:30.805+0000] {logging_mixin.py:190} INFO - [2025-02-12T05:10:30.805+0000] {dag.py:3239} INFO - Sync 1 DAGs
[2025-02-12T05:10:30.820+0000] {logging_mixin.py:190} INFO - [2025-02-12T05:10:30.820+0000] {dag.py:4180} INFO - Setting next_dagrun for example_task_group to None, run_after=None
[2025-02-12T05:10:30.843+0000] {processor.py:208} INFO - Processing /home/airflow/.local/lib/python3.12/site-packages/airflow/example_dags/example_task_group.py took 0.095 seconds
[2025-02-12T05:11:01.680+0000] {processor.py:186} INFO - Started process (PID=810) to work on /home/airflow/.local/lib/python3.12/site-packages/airflow/example_dags/example_task_group.py
[2025-02-12T05:11:01.681+0000] {processor.py:914} INFO - Processing file /home/airflow/.local/lib/python3.12/site-packages/airflow/example_dags/example_task_group.py for tasks to queue
[2025-02-12T05:11:01.685+0000] {logging_mixin.py:190} INFO - [2025-02-12T05:11:01.684+0000] {dagbag.py:588} INFO - Filling up the DagBag from /home/airflow/.local/lib/python3.12/site-packages/airflow/example_dags/example_task_group.py
[2025-02-12T05:11:01.698+0000] {processor.py:925} INFO - DAG(s) 'example_task_group' retrieved from /home/airflow/.local/lib/python3.12/site-packages/airflow/example_dags/example_task_group.py
[2025-02-12T05:11:01.737+0000] {logging_mixin.py:190} INFO - [2025-02-12T05:11:01.735+0000] {dag.py:3239} INFO - Sync 1 DAGs
[2025-02-12T05:11:01.765+0000] {logging_mixin.py:190} INFO - [2025-02-12T05:11:01.765+0000] {dag.py:4180} INFO - Setting next_dagrun for example_task_group to None, run_after=None
[2025-02-12T05:11:01.799+0000] {processor.py:208} INFO - Processing /home/airflow/.local/lib/python3.12/site-packages/airflow/example_dags/example_task_group.py took 0.131 seconds
[2025-02-12T05:11:32.542+0000] {processor.py:186} INFO - Started process (PID=876) to work on /home/airflow/.local/lib/python3.12/site-packages/airflow/example_dags/example_task_group.py
[2025-02-12T05:11:32.544+0000] {processor.py:914} INFO - Processing file /home/airflow/.local/lib/python3.12/site-packages/airflow/example_dags/example_task_group.py for tasks to queue
[2025-02-12T05:11:32.549+0000] {logging_mixin.py:190} INFO - [2025-02-12T05:11:32.548+0000] {dagbag.py:588} INFO - Filling up the DagBag from /home/airflow/.local/lib/python3.12/site-packages/airflow/example_dags/example_task_group.py
[2025-02-12T05:11:32.565+0000] {processor.py:925} INFO - DAG(s) 'example_task_group' retrieved from /home/airflow/.local/lib/python3.12/site-packages/airflow/example_dags/example_task_group.py
[2025-02-12T05:11:32.612+0000] {logging_mixin.py:190} INFO - [2025-02-12T05:11:32.612+0000] {dag.py:3239} INFO - Sync 1 DAGs
[2025-02-12T05:11:32.640+0000] {logging_mixin.py:190} INFO - [2025-02-12T05:11:32.640+0000] {dag.py:4180} INFO - Setting next_dagrun for example_task_group to None, run_after=None
[2025-02-12T05:11:32.673+0000] {processor.py:208} INFO - Processing /home/airflow/.local/lib/python3.12/site-packages/airflow/example_dags/example_task_group.py took 0.141 seconds
[2025-02-12T05:12:03.147+0000] {processor.py:186} INFO - Started process (PID=941) to work on /home/airflow/.local/lib/python3.12/site-packages/airflow/example_dags/example_task_group.py
[2025-02-12T05:12:03.148+0000] {processor.py:914} INFO - Processing file /home/airflow/.local/lib/python3.12/site-packages/airflow/example_dags/example_task_group.py for tasks to queue
[2025-02-12T05:12:03.152+0000] {logging_mixin.py:190} INFO - [2025-02-12T05:12:03.151+0000] {dagbag.py:588} INFO - Filling up the DagBag from /home/airflow/.local/lib/python3.12/site-packages/airflow/example_dags/example_task_group.py
[2025-02-12T05:12:03.163+0000] {processor.py:925} INFO - DAG(s) 'example_task_group' retrieved from /home/airflow/.local/lib/python3.12/site-packages/airflow/example_dags/example_task_group.py
[2025-02-12T05:12:03.194+0000] {logging_mixin.py:190} INFO - [2025-02-12T05:12:03.194+0000] {dag.py:3239} INFO - Sync 1 DAGs
[2025-02-12T05:12:03.216+0000] {logging_mixin.py:190} INFO - [2025-02-12T05:12:03.215+0000] {dag.py:4180} INFO - Setting next_dagrun for example_task_group to None, run_after=None
[2025-02-12T05:12:03.245+0000] {processor.py:208} INFO - Processing /home/airflow/.local/lib/python3.12/site-packages/airflow/example_dags/example_task_group.py took 0.107 seconds
[2025-02-12T05:12:33.650+0000] {processor.py:186} INFO - Started process (PID=1006) to work on /home/airflow/.local/lib/python3.12/site-packages/airflow/example_dags/example_task_group.py
[2025-02-12T05:12:33.651+0000] {processor.py:914} INFO - Processing file /home/airflow/.local/lib/python3.12/site-packages/airflow/example_dags/example_task_group.py for tasks to queue
[2025-02-12T05:12:33.655+0000] {logging_mixin.py:190} INFO - [2025-02-12T05:12:33.654+0000] {dagbag.py:588} INFO - Filling up the DagBag from /home/airflow/.local/lib/python3.12/site-packages/airflow/example_dags/example_task_group.py
[2025-02-12T05:12:33.665+0000] {processor.py:925} INFO - DAG(s) 'example_task_group' retrieved from /home/airflow/.local/lib/python3.12/site-packages/airflow/example_dags/example_task_group.py
[2025-02-12T05:12:33.695+0000] {logging_mixin.py:190} INFO - [2025-02-12T05:12:33.695+0000] {dag.py:3239} INFO - Sync 1 DAGs
[2025-02-12T05:12:33.714+0000] {logging_mixin.py:190} INFO - [2025-02-12T05:12:33.713+0000] {dag.py:4180} INFO - Setting next_dagrun for example_task_group to None, run_after=None
[2025-02-12T05:12:33.735+0000] {processor.py:208} INFO - Processing /home/airflow/.local/lib/python3.12/site-packages/airflow/example_dags/example_task_group.py took 0.092 seconds
[2025-02-12T05:13:03.953+0000] {processor.py:186} INFO - Started process (PID=1072) to work on /home/airflow/.local/lib/python3.12/site-packages/airflow/example_dags/example_task_group.py
[2025-02-12T05:13:03.954+0000] {processor.py:914} INFO - Processing file /home/airflow/.local/lib/python3.12/site-packages/airflow/example_dags/example_task_group.py for tasks to queue
[2025-02-12T05:13:03.958+0000] {logging_mixin.py:190} INFO - [2025-02-12T05:13:03.957+0000] {dagbag.py:588} INFO - Filling up the DagBag from /home/airflow/.local/lib/python3.12/site-packages/airflow/example_dags/example_task_group.py
[2025-02-12T05:13:03.972+0000] {processor.py:925} INFO - DAG(s) 'example_task_group' retrieved from /home/airflow/.local/lib/python3.12/site-packages/airflow/example_dags/example_task_group.py
[2025-02-12T05:13:04.004+0000] {logging_mixin.py:190} INFO - [2025-02-12T05:13:04.004+0000] {dag.py:3239} INFO - Sync 1 DAGs
[2025-02-12T05:13:04.020+0000] {logging_mixin.py:190} INFO - [2025-02-12T05:13:04.020+0000] {dag.py:4180} INFO - Setting next_dagrun for example_task_group to None, run_after=None
[2025-02-12T05:13:04.045+0000] {processor.py:208} INFO - Processing /home/airflow/.local/lib/python3.12/site-packages/airflow/example_dags/example_task_group.py took 0.100 seconds
[2025-02-12T05:13:34.948+0000] {processor.py:186} INFO - Started process (PID=1138) to work on /home/airflow/.local/lib/python3.12/site-packages/airflow/example_dags/example_task_group.py
[2025-02-12T05:13:34.950+0000] {processor.py:914} INFO - Processing file /home/airflow/.local/lib/python3.12/site-packages/airflow/example_dags/example_task_group.py for tasks to queue
[2025-02-12T05:13:34.954+0000] {logging_mixin.py:190} INFO - [2025-02-12T05:13:34.954+0000] {dagbag.py:588} INFO - Filling up the DagBag from /home/airflow/.local/lib/python3.12/site-packages/airflow/example_dags/example_task_group.py
[2025-02-12T05:13:34.966+0000] {processor.py:925} INFO - DAG(s) 'example_task_group' retrieved from /home/airflow/.local/lib/python3.12/site-packages/airflow/example_dags/example_task_group.py
[2025-02-12T05:13:34.998+0000] {logging_mixin.py:190} INFO - [2025-02-12T05:13:34.997+0000] {dag.py:3239} INFO - Sync 1 DAGs
[2025-02-12T05:13:35.023+0000] {logging_mixin.py:190} INFO - [2025-02-12T05:13:35.022+0000] {dag.py:4180} INFO - Setting next_dagrun for example_task_group to None, run_after=None
[2025-02-12T05:13:35.069+0000] {processor.py:208} INFO - Processing /home/airflow/.local/lib/python3.12/site-packages/airflow/example_dags/example_task_group.py took 0.128 seconds
[2025-02-12T05:14:05.295+0000] {processor.py:186} INFO - Started process (PID=1204) to work on /home/airflow/.local/lib/python3.12/site-packages/airflow/example_dags/example_task_group.py
[2025-02-12T05:14:05.296+0000] {processor.py:914} INFO - Processing file /home/airflow/.local/lib/python3.12/site-packages/airflow/example_dags/example_task_group.py for tasks to queue
[2025-02-12T05:14:05.299+0000] {logging_mixin.py:190} INFO - [2025-02-12T05:14:05.299+0000] {dagbag.py:588} INFO - Filling up the DagBag from /home/airflow/.local/lib/python3.12/site-packages/airflow/example_dags/example_task_group.py
[2025-02-12T05:14:05.313+0000] {processor.py:925} INFO - DAG(s) 'example_task_group' retrieved from /home/airflow/.local/lib/python3.12/site-packages/airflow/example_dags/example_task_group.py
[2025-02-12T05:14:05.342+0000] {logging_mixin.py:190} INFO - [2025-02-12T05:14:05.341+0000] {dag.py:3239} INFO - Sync 1 DAGs
[2025-02-12T05:14:05.359+0000] {logging_mixin.py:190} INFO - [2025-02-12T05:14:05.358+0000] {dag.py:4180} INFO - Setting next_dagrun for example_task_group to None, run_after=None
[2025-02-12T05:14:05.386+0000] {processor.py:208} INFO - Processing /home/airflow/.local/lib/python3.12/site-packages/airflow/example_dags/example_task_group.py took 0.098 seconds
[2025-02-12T05:14:35.674+0000] {processor.py:186} INFO - Started process (PID=1270) to work on /home/airflow/.local/lib/python3.12/site-packages/airflow/example_dags/example_task_group.py
[2025-02-12T05:14:35.675+0000] {processor.py:914} INFO - Processing file /home/airflow/.local/lib/python3.12/site-packages/airflow/example_dags/example_task_group.py for tasks to queue
[2025-02-12T05:14:35.678+0000] {logging_mixin.py:190} INFO - [2025-02-12T05:14:35.677+0000] {dagbag.py:588} INFO - Filling up the DagBag from /home/airflow/.local/lib/python3.12/site-packages/airflow/example_dags/example_task_group.py
[2025-02-12T05:14:35.692+0000] {processor.py:925} INFO - DAG(s) 'example_task_group' retrieved from /home/airflow/.local/lib/python3.12/site-packages/airflow/example_dags/example_task_group.py
[2025-02-12T05:14:35.723+0000] {logging_mixin.py:190} INFO - [2025-02-12T05:14:35.723+0000] {dag.py:3239} INFO - Sync 1 DAGs
[2025-02-12T05:14:35.743+0000] {logging_mixin.py:190} INFO - [2025-02-12T05:14:35.742+0000] {dag.py:4180} INFO - Setting next_dagrun for example_task_group to None, run_after=None
[2025-02-12T05:14:35.768+0000] {processor.py:208} INFO - Processing /home/airflow/.local/lib/python3.12/site-packages/airflow/example_dags/example_task_group.py took 0.100 seconds
[2025-02-12T05:15:06.704+0000] {processor.py:186} INFO - Started process (PID=1336) to work on /home/airflow/.local/lib/python3.12/site-packages/airflow/example_dags/example_task_group.py
[2025-02-12T05:15:06.705+0000] {processor.py:914} INFO - Processing file /home/airflow/.local/lib/python3.12/site-packages/airflow/example_dags/example_task_group.py for tasks to queue
[2025-02-12T05:15:06.708+0000] {logging_mixin.py:190} INFO - [2025-02-12T05:15:06.707+0000] {dagbag.py:588} INFO - Filling up the DagBag from /home/airflow/.local/lib/python3.12/site-packages/airflow/example_dags/example_task_group.py
[2025-02-12T05:15:06.719+0000] {processor.py:925} INFO - DAG(s) 'example_task_group' retrieved from /home/airflow/.local/lib/python3.12/site-packages/airflow/example_dags/example_task_group.py
[2025-02-12T05:15:06.741+0000] {logging_mixin.py:190} INFO - [2025-02-12T05:15:06.741+0000] {dag.py:3239} INFO - Sync 1 DAGs
[2025-02-12T05:15:06.755+0000] {logging_mixin.py:190} INFO - [2025-02-12T05:15:06.755+0000] {dag.py:4180} INFO - Setting next_dagrun for example_task_group to None, run_after=None
[2025-02-12T05:15:06.773+0000] {processor.py:208} INFO - Processing /home/airflow/.local/lib/python3.12/site-packages/airflow/example_dags/example_task_group.py took 0.076 seconds
[2025-02-12T05:15:36.883+0000] {processor.py:186} INFO - Started process (PID=1402) to work on /home/airflow/.local/lib/python3.12/site-packages/airflow/example_dags/example_task_group.py
[2025-02-12T05:15:36.884+0000] {processor.py:914} INFO - Processing file /home/airflow/.local/lib/python3.12/site-packages/airflow/example_dags/example_task_group.py for tasks to queue
[2025-02-12T05:15:36.887+0000] {logging_mixin.py:190} INFO - [2025-02-12T05:15:36.886+0000] {dagbag.py:588} INFO - Filling up the DagBag from /home/airflow/.local/lib/python3.12/site-packages/airflow/example_dags/example_task_group.py
[2025-02-12T05:15:36.900+0000] {processor.py:925} INFO - DAG(s) 'example_task_group' retrieved from /home/airflow/.local/lib/python3.12/site-packages/airflow/example_dags/example_task_group.py
[2025-02-12T05:15:36.930+0000] {logging_mixin.py:190} INFO - [2025-02-12T05:15:36.930+0000] {dag.py:3239} INFO - Sync 1 DAGs
[2025-02-12T05:15:36.951+0000] {logging_mixin.py:190} INFO - [2025-02-12T05:15:36.951+0000] {dag.py:4180} INFO - Setting next_dagrun for example_task_group to None, run_after=None
[2025-02-12T05:15:36.973+0000] {processor.py:208} INFO - Processing /home/airflow/.local/lib/python3.12/site-packages/airflow/example_dags/example_task_group.py took 0.098 seconds
[2025-02-12T05:16:07.760+0000] {processor.py:186} INFO - Started process (PID=1468) to work on /home/airflow/.local/lib/python3.12/site-packages/airflow/example_dags/example_task_group.py
[2025-02-12T05:16:07.761+0000] {processor.py:914} INFO - Processing file /home/airflow/.local/lib/python3.12/site-packages/airflow/example_dags/example_task_group.py for tasks to queue
[2025-02-12T05:16:07.764+0000] {logging_mixin.py:190} INFO - [2025-02-12T05:16:07.764+0000] {dagbag.py:588} INFO - Filling up the DagBag from /home/airflow/.local/lib/python3.12/site-packages/airflow/example_dags/example_task_group.py
[2025-02-12T05:16:07.778+0000] {processor.py:925} INFO - DAG(s) 'example_task_group' retrieved from /home/airflow/.local/lib/python3.12/site-packages/airflow/example_dags/example_task_group.py
[2025-02-12T05:16:07.818+0000] {logging_mixin.py:190} INFO - [2025-02-12T05:16:07.818+0000] {dag.py:3239} INFO - Sync 1 DAGs
[2025-02-12T05:16:07.844+0000] {logging_mixin.py:190} INFO - [2025-02-12T05:16:07.843+0000] {dag.py:4180} INFO - Setting next_dagrun for example_task_group to None, run_after=None
[2025-02-12T05:16:07.881+0000] {processor.py:208} INFO - Processing /home/airflow/.local/lib/python3.12/site-packages/airflow/example_dags/example_task_group.py took 0.131 seconds
[2025-02-12T05:16:38.033+0000] {processor.py:186} INFO - Started process (PID=1534) to work on /home/airflow/.local/lib/python3.12/site-packages/airflow/example_dags/example_task_group.py
[2025-02-12T05:16:38.034+0000] {processor.py:914} INFO - Processing file /home/airflow/.local/lib/python3.12/site-packages/airflow/example_dags/example_task_group.py for tasks to queue
[2025-02-12T05:16:38.038+0000] {logging_mixin.py:190} INFO - [2025-02-12T05:16:38.037+0000] {dagbag.py:588} INFO - Filling up the DagBag from /home/airflow/.local/lib/python3.12/site-packages/airflow/example_dags/example_task_group.py
[2025-02-12T05:16:38.056+0000] {processor.py:925} INFO - DAG(s) 'example_task_group' retrieved from /home/airflow/.local/lib/python3.12/site-packages/airflow/example_dags/example_task_group.py
[2025-02-12T05:16:38.095+0000] {logging_mixin.py:190} INFO - [2025-02-12T05:16:38.094+0000] {dag.py:3239} INFO - Sync 1 DAGs
[2025-02-12T05:16:38.120+0000] {logging_mixin.py:190} INFO - [2025-02-12T05:16:38.119+0000] {dag.py:4180} INFO - Setting next_dagrun for example_task_group to None, run_after=None
[2025-02-12T05:16:38.161+0000] {processor.py:208} INFO - Processing /home/airflow/.local/lib/python3.12/site-packages/airflow/example_dags/example_task_group.py took 0.139 seconds
[2025-02-12T05:17:08.905+0000] {processor.py:186} INFO - Started process (PID=1600) to work on /home/airflow/.local/lib/python3.12/site-packages/airflow/example_dags/example_task_group.py
[2025-02-12T05:17:08.906+0000] {processor.py:914} INFO - Processing file /home/airflow/.local/lib/python3.12/site-packages/airflow/example_dags/example_task_group.py for tasks to queue
[2025-02-12T05:17:08.909+0000] {logging_mixin.py:190} INFO - [2025-02-12T05:17:08.908+0000] {dagbag.py:588} INFO - Filling up the DagBag from /home/airflow/.local/lib/python3.12/site-packages/airflow/example_dags/example_task_group.py
[2025-02-12T05:17:08.920+0000] {processor.py:925} INFO - DAG(s) 'example_task_group' retrieved from /home/airflow/.local/lib/python3.12/site-packages/airflow/example_dags/example_task_group.py
[2025-02-12T05:17:08.949+0000] {logging_mixin.py:190} INFO - [2025-02-12T05:17:08.949+0000] {dag.py:3239} INFO - Sync 1 DAGs
[2025-02-12T05:17:08.965+0000] {logging_mixin.py:190} INFO - [2025-02-12T05:17:08.965+0000] {dag.py:4180} INFO - Setting next_dagrun for example_task_group to None, run_after=None
[2025-02-12T05:17:08.992+0000] {processor.py:208} INFO - Processing /home/airflow/.local/lib/python3.12/site-packages/airflow/example_dags/example_task_group.py took 0.097 seconds
[2025-02-12T05:17:39.835+0000] {processor.py:186} INFO - Started process (PID=1666) to work on /home/airflow/.local/lib/python3.12/site-packages/airflow/example_dags/example_task_group.py
[2025-02-12T05:17:39.837+0000] {processor.py:914} INFO - Processing file /home/airflow/.local/lib/python3.12/site-packages/airflow/example_dags/example_task_group.py for tasks to queue
[2025-02-12T05:17:39.839+0000] {logging_mixin.py:190} INFO - [2025-02-12T05:17:39.839+0000] {dagbag.py:588} INFO - Filling up the DagBag from /home/airflow/.local/lib/python3.12/site-packages/airflow/example_dags/example_task_group.py
[2025-02-12T05:17:39.850+0000] {processor.py:925} INFO - DAG(s) 'example_task_group' retrieved from /home/airflow/.local/lib/python3.12/site-packages/airflow/example_dags/example_task_group.py
[2025-02-12T05:17:39.874+0000] {logging_mixin.py:190} INFO - [2025-02-12T05:17:39.874+0000] {dag.py:3239} INFO - Sync 1 DAGs
[2025-02-12T05:17:39.889+0000] {logging_mixin.py:190} INFO - [2025-02-12T05:17:39.889+0000] {dag.py:4180} INFO - Setting next_dagrun for example_task_group to None, run_after=None
[2025-02-12T05:17:39.912+0000] {processor.py:208} INFO - Processing /home/airflow/.local/lib/python3.12/site-packages/airflow/example_dags/example_task_group.py took 0.084 seconds
[2025-02-12T05:18:10.797+0000] {processor.py:186} INFO - Started process (PID=1732) to work on /home/airflow/.local/lib/python3.12/site-packages/airflow/example_dags/example_task_group.py
[2025-02-12T05:18:10.799+0000] {processor.py:914} INFO - Processing file /home/airflow/.local/lib/python3.12/site-packages/airflow/example_dags/example_task_group.py for tasks to queue
[2025-02-12T05:18:10.803+0000] {logging_mixin.py:190} INFO - [2025-02-12T05:18:10.802+0000] {dagbag.py:588} INFO - Filling up the DagBag from /home/airflow/.local/lib/python3.12/site-packages/airflow/example_dags/example_task_group.py
[2025-02-12T05:18:10.817+0000] {processor.py:925} INFO - DAG(s) 'example_task_group' retrieved from /home/airflow/.local/lib/python3.12/site-packages/airflow/example_dags/example_task_group.py
[2025-02-12T05:18:10.848+0000] {logging_mixin.py:190} INFO - [2025-02-12T05:18:10.847+0000] {dag.py:3239} INFO - Sync 1 DAGs
[2025-02-12T05:18:10.871+0000] {logging_mixin.py:190} INFO - [2025-02-12T05:18:10.871+0000] {dag.py:4180} INFO - Setting next_dagrun for example_task_group to None, run_after=None
[2025-02-12T05:18:10.903+0000] {processor.py:208} INFO - Processing /home/airflow/.local/lib/python3.12/site-packages/airflow/example_dags/example_task_group.py took 0.114 seconds
[2025-02-12T05:18:41.197+0000] {processor.py:186} INFO - Started process (PID=1798) to work on /home/airflow/.local/lib/python3.12/site-packages/airflow/example_dags/example_task_group.py
[2025-02-12T05:18:41.197+0000] {processor.py:914} INFO - Processing file /home/airflow/.local/lib/python3.12/site-packages/airflow/example_dags/example_task_group.py for tasks to queue
[2025-02-12T05:18:41.201+0000] {logging_mixin.py:190} INFO - [2025-02-12T05:18:41.200+0000] {dagbag.py:588} INFO - Filling up the DagBag from /home/airflow/.local/lib/python3.12/site-packages/airflow/example_dags/example_task_group.py
[2025-02-12T05:18:41.213+0000] {processor.py:925} INFO - DAG(s) 'example_task_group' retrieved from /home/airflow/.local/lib/python3.12/site-packages/airflow/example_dags/example_task_group.py
[2025-02-12T05:18:41.239+0000] {logging_mixin.py:190} INFO - [2025-02-12T05:18:41.239+0000] {dag.py:3239} INFO - Sync 1 DAGs
[2025-02-12T05:18:41.259+0000] {logging_mixin.py:190} INFO - [2025-02-12T05:18:41.259+0000] {dag.py:4180} INFO - Setting next_dagrun for example_task_group to None, run_after=None
[2025-02-12T05:18:41.282+0000] {processor.py:208} INFO - Processing /home/airflow/.local/lib/python3.12/site-packages/airflow/example_dags/example_task_group.py took 0.092 seconds
[2025-02-12T05:19:11.404+0000] {processor.py:186} INFO - Started process (PID=1864) to work on /home/airflow/.local/lib/python3.12/site-packages/airflow/example_dags/example_task_group.py
[2025-02-12T05:19:11.405+0000] {processor.py:914} INFO - Processing file /home/airflow/.local/lib/python3.12/site-packages/airflow/example_dags/example_task_group.py for tasks to queue
[2025-02-12T05:19:11.408+0000] {logging_mixin.py:190} INFO - [2025-02-12T05:19:11.408+0000] {dagbag.py:588} INFO - Filling up the DagBag from /home/airflow/.local/lib/python3.12/site-packages/airflow/example_dags/example_task_group.py
[2025-02-12T05:19:11.417+0000] {processor.py:925} INFO - DAG(s) 'example_task_group' retrieved from /home/airflow/.local/lib/python3.12/site-packages/airflow/example_dags/example_task_group.py
[2025-02-12T05:19:11.442+0000] {logging_mixin.py:190} INFO - [2025-02-12T05:19:11.442+0000] {dag.py:3239} INFO - Sync 1 DAGs
[2025-02-12T05:19:11.462+0000] {logging_mixin.py:190} INFO - [2025-02-12T05:19:11.461+0000] {dag.py:4180} INFO - Setting next_dagrun for example_task_group to None, run_after=None
[2025-02-12T05:19:11.487+0000] {processor.py:208} INFO - Processing /home/airflow/.local/lib/python3.12/site-packages/airflow/example_dags/example_task_group.py took 0.090 seconds
[2025-02-12T05:19:42.367+0000] {processor.py:186} INFO - Started process (PID=1930) to work on /home/airflow/.local/lib/python3.12/site-packages/airflow/example_dags/example_task_group.py
[2025-02-12T05:19:42.368+0000] {processor.py:914} INFO - Processing file /home/airflow/.local/lib/python3.12/site-packages/airflow/example_dags/example_task_group.py for tasks to queue
[2025-02-12T05:19:42.370+0000] {logging_mixin.py:190} INFO - [2025-02-12T05:19:42.370+0000] {dagbag.py:588} INFO - Filling up the DagBag from /home/airflow/.local/lib/python3.12/site-packages/airflow/example_dags/example_task_group.py
[2025-02-12T05:19:42.379+0000] {processor.py:925} INFO - DAG(s) 'example_task_group' retrieved from /home/airflow/.local/lib/python3.12/site-packages/airflow/example_dags/example_task_group.py
[2025-02-12T05:19:42.398+0000] {logging_mixin.py:190} INFO - [2025-02-12T05:19:42.398+0000] {dag.py:3239} INFO - Sync 1 DAGs
[2025-02-12T05:19:42.410+0000] {logging_mixin.py:190} INFO - [2025-02-12T05:19:42.410+0000] {dag.py:4180} INFO - Setting next_dagrun for example_task_group to None, run_after=None
[2025-02-12T05:19:42.426+0000] {processor.py:208} INFO - Processing /home/airflow/.local/lib/python3.12/site-packages/airflow/example_dags/example_task_group.py took 0.065 seconds
[2025-02-12T05:20:12.541+0000] {processor.py:186} INFO - Started process (PID=1997) to work on /home/airflow/.local/lib/python3.12/site-packages/airflow/example_dags/example_task_group.py
[2025-02-12T05:20:12.542+0000] {processor.py:914} INFO - Processing file /home/airflow/.local/lib/python3.12/site-packages/airflow/example_dags/example_task_group.py for tasks to queue
[2025-02-12T05:20:12.544+0000] {logging_mixin.py:190} INFO - [2025-02-12T05:20:12.544+0000] {dagbag.py:588} INFO - Filling up the DagBag from /home/airflow/.local/lib/python3.12/site-packages/airflow/example_dags/example_task_group.py
[2025-02-12T05:20:12.552+0000] {processor.py:925} INFO - DAG(s) 'example_task_group' retrieved from /home/airflow/.local/lib/python3.12/site-packages/airflow/example_dags/example_task_group.py
[2025-02-12T05:20:12.573+0000] {logging_mixin.py:190} INFO - [2025-02-12T05:20:12.573+0000] {dag.py:3239} INFO - Sync 1 DAGs
[2025-02-12T05:20:12.587+0000] {logging_mixin.py:190} INFO - [2025-02-12T05:20:12.586+0000] {dag.py:4180} INFO - Setting next_dagrun for example_task_group to None, run_after=None
[2025-02-12T05:20:12.603+0000] {processor.py:208} INFO - Processing /home/airflow/.local/lib/python3.12/site-packages/airflow/example_dags/example_task_group.py took 0.068 seconds
[2025-02-12T05:20:42.820+0000] {processor.py:186} INFO - Started process (PID=2063) to work on /home/airflow/.local/lib/python3.12/site-packages/airflow/example_dags/example_task_group.py
[2025-02-12T05:20:42.821+0000] {processor.py:914} INFO - Processing file /home/airflow/.local/lib/python3.12/site-packages/airflow/example_dags/example_task_group.py for tasks to queue
[2025-02-12T05:20:42.824+0000] {logging_mixin.py:190} INFO - [2025-02-12T05:20:42.824+0000] {dagbag.py:588} INFO - Filling up the DagBag from /home/airflow/.local/lib/python3.12/site-packages/airflow/example_dags/example_task_group.py
[2025-02-12T05:20:42.834+0000] {processor.py:925} INFO - DAG(s) 'example_task_group' retrieved from /home/airflow/.local/lib/python3.12/site-packages/airflow/example_dags/example_task_group.py
[2025-02-12T05:20:42.863+0000] {logging_mixin.py:190} INFO - [2025-02-12T05:20:42.863+0000] {dag.py:3239} INFO - Sync 1 DAGs
[2025-02-12T05:20:42.886+0000] {logging_mixin.py:190} INFO - [2025-02-12T05:20:42.886+0000] {dag.py:4180} INFO - Setting next_dagrun for example_task_group to None, run_after=None
[2025-02-12T05:20:42.918+0000] {processor.py:208} INFO - Processing /home/airflow/.local/lib/python3.12/site-packages/airflow/example_dags/example_task_group.py took 0.105 seconds
[2025-02-12T05:21:13.651+0000] {processor.py:186} INFO - Started process (PID=2129) to work on /home/airflow/.local/lib/python3.12/site-packages/airflow/example_dags/example_task_group.py
[2025-02-12T05:21:13.652+0000] {processor.py:914} INFO - Processing file /home/airflow/.local/lib/python3.12/site-packages/airflow/example_dags/example_task_group.py for tasks to queue
[2025-02-12T05:21:13.655+0000] {logging_mixin.py:190} INFO - [2025-02-12T05:21:13.654+0000] {dagbag.py:588} INFO - Filling up the DagBag from /home/airflow/.local/lib/python3.12/site-packages/airflow/example_dags/example_task_group.py
[2025-02-12T05:21:13.663+0000] {processor.py:925} INFO - DAG(s) 'example_task_group' retrieved from /home/airflow/.local/lib/python3.12/site-packages/airflow/example_dags/example_task_group.py
[2025-02-12T05:21:13.859+0000] {logging_mixin.py:190} INFO - [2025-02-12T05:21:13.859+0000] {dag.py:3239} INFO - Sync 1 DAGs
[2025-02-12T05:21:13.874+0000] {logging_mixin.py:190} INFO - [2025-02-12T05:21:13.873+0000] {dag.py:4180} INFO - Setting next_dagrun for example_task_group to None, run_after=None
[2025-02-12T05:21:13.899+0000] {processor.py:208} INFO - Processing /home/airflow/.local/lib/python3.12/site-packages/airflow/example_dags/example_task_group.py took 0.253 seconds
[2025-02-12T05:21:44.869+0000] {processor.py:186} INFO - Started process (PID=2195) to work on /home/airflow/.local/lib/python3.12/site-packages/airflow/example_dags/example_task_group.py
[2025-02-12T05:21:44.870+0000] {processor.py:914} INFO - Processing file /home/airflow/.local/lib/python3.12/site-packages/airflow/example_dags/example_task_group.py for tasks to queue
[2025-02-12T05:21:44.874+0000] {logging_mixin.py:190} INFO - [2025-02-12T05:21:44.873+0000] {dagbag.py:588} INFO - Filling up the DagBag from /home/airflow/.local/lib/python3.12/site-packages/airflow/example_dags/example_task_group.py
[2025-02-12T05:21:44.882+0000] {processor.py:925} INFO - DAG(s) 'example_task_group' retrieved from /home/airflow/.local/lib/python3.12/site-packages/airflow/example_dags/example_task_group.py
[2025-02-12T05:21:44.905+0000] {logging_mixin.py:190} INFO - [2025-02-12T05:21:44.904+0000] {dag.py:3239} INFO - Sync 1 DAGs
[2025-02-12T05:21:44.918+0000] {logging_mixin.py:190} INFO - [2025-02-12T05:21:44.917+0000] {dag.py:4180} INFO - Setting next_dagrun for example_task_group to None, run_after=None
[2025-02-12T05:21:44.936+0000] {processor.py:208} INFO - Processing /home/airflow/.local/lib/python3.12/site-packages/airflow/example_dags/example_task_group.py took 0.073 seconds
[2025-02-12T05:22:15.289+0000] {processor.py:186} INFO - Started process (PID=2261) to work on /home/airflow/.local/lib/python3.12/site-packages/airflow/example_dags/example_task_group.py
[2025-02-12T05:22:15.290+0000] {processor.py:914} INFO - Processing file /home/airflow/.local/lib/python3.12/site-packages/airflow/example_dags/example_task_group.py for tasks to queue
[2025-02-12T05:22:15.292+0000] {logging_mixin.py:190} INFO - [2025-02-12T05:22:15.292+0000] {dagbag.py:588} INFO - Filling up the DagBag from /home/airflow/.local/lib/python3.12/site-packages/airflow/example_dags/example_task_group.py
[2025-02-12T05:22:15.301+0000] {processor.py:925} INFO - DAG(s) 'example_task_group' retrieved from /home/airflow/.local/lib/python3.12/site-packages/airflow/example_dags/example_task_group.py
[2025-02-12T05:22:15.324+0000] {logging_mixin.py:190} INFO - [2025-02-12T05:22:15.323+0000] {dag.py:3239} INFO - Sync 1 DAGs
[2025-02-12T05:22:15.340+0000] {logging_mixin.py:190} INFO - [2025-02-12T05:22:15.340+0000] {dag.py:4180} INFO - Setting next_dagrun for example_task_group to None, run_after=None
[2025-02-12T05:22:15.362+0000] {processor.py:208} INFO - Processing /home/airflow/.local/lib/python3.12/site-packages/airflow/example_dags/example_task_group.py took 0.078 seconds
[2025-02-12T05:22:45.686+0000] {processor.py:186} INFO - Started process (PID=2327) to work on /home/airflow/.local/lib/python3.12/site-packages/airflow/example_dags/example_task_group.py
[2025-02-12T05:22:45.687+0000] {processor.py:914} INFO - Processing file /home/airflow/.local/lib/python3.12/site-packages/airflow/example_dags/example_task_group.py for tasks to queue
[2025-02-12T05:22:45.690+0000] {logging_mixin.py:190} INFO - [2025-02-12T05:22:45.690+0000] {dagbag.py:588} INFO - Filling up the DagBag from /home/airflow/.local/lib/python3.12/site-packages/airflow/example_dags/example_task_group.py
[2025-02-12T05:22:45.698+0000] {processor.py:925} INFO - DAG(s) 'example_task_group' retrieved from /home/airflow/.local/lib/python3.12/site-packages/airflow/example_dags/example_task_group.py
[2025-02-12T05:22:45.720+0000] {logging_mixin.py:190} INFO - [2025-02-12T05:22:45.720+0000] {dag.py:3239} INFO - Sync 1 DAGs
[2025-02-12T05:22:45.733+0000] {logging_mixin.py:190} INFO - [2025-02-12T05:22:45.733+0000] {dag.py:4180} INFO - Setting next_dagrun for example_task_group to None, run_after=None
[2025-02-12T05:22:45.751+0000] {processor.py:208} INFO - Processing /home/airflow/.local/lib/python3.12/site-packages/airflow/example_dags/example_task_group.py took 0.071 seconds
[2025-02-12T05:23:15.891+0000] {processor.py:186} INFO - Started process (PID=2393) to work on /home/airflow/.local/lib/python3.12/site-packages/airflow/example_dags/example_task_group.py
[2025-02-12T05:23:15.892+0000] {processor.py:914} INFO - Processing file /home/airflow/.local/lib/python3.12/site-packages/airflow/example_dags/example_task_group.py for tasks to queue
[2025-02-12T05:23:15.894+0000] {logging_mixin.py:190} INFO - [2025-02-12T05:23:15.894+0000] {dagbag.py:588} INFO - Filling up the DagBag from /home/airflow/.local/lib/python3.12/site-packages/airflow/example_dags/example_task_group.py
[2025-02-12T05:23:15.902+0000] {processor.py:925} INFO - DAG(s) 'example_task_group' retrieved from /home/airflow/.local/lib/python3.12/site-packages/airflow/example_dags/example_task_group.py
[2025-02-12T05:23:15.922+0000] {logging_mixin.py:190} INFO - [2025-02-12T05:23:15.922+0000] {dag.py:3239} INFO - Sync 1 DAGs
[2025-02-12T05:23:15.935+0000] {logging_mixin.py:190} INFO - [2025-02-12T05:23:15.935+0000] {dag.py:4180} INFO - Setting next_dagrun for example_task_group to None, run_after=None
[2025-02-12T05:23:15.952+0000] {processor.py:208} INFO - Processing /home/airflow/.local/lib/python3.12/site-packages/airflow/example_dags/example_task_group.py took 0.067 seconds
[2025-02-12T05:23:46.450+0000] {processor.py:186} INFO - Started process (PID=2459) to work on /home/airflow/.local/lib/python3.12/site-packages/airflow/example_dags/example_task_group.py
[2025-02-12T05:23:46.451+0000] {processor.py:914} INFO - Processing file /home/airflow/.local/lib/python3.12/site-packages/airflow/example_dags/example_task_group.py for tasks to queue
[2025-02-12T05:23:46.454+0000] {logging_mixin.py:190} INFO - [2025-02-12T05:23:46.453+0000] {dagbag.py:588} INFO - Filling up the DagBag from /home/airflow/.local/lib/python3.12/site-packages/airflow/example_dags/example_task_group.py
[2025-02-12T05:23:46.463+0000] {processor.py:925} INFO - DAG(s) 'example_task_group' retrieved from /home/airflow/.local/lib/python3.12/site-packages/airflow/example_dags/example_task_group.py
[2025-02-12T05:23:46.485+0000] {logging_mixin.py:190} INFO - [2025-02-12T05:23:46.485+0000] {dag.py:3239} INFO - Sync 1 DAGs
[2025-02-12T05:23:46.498+0000] {logging_mixin.py:190} INFO - [2025-02-12T05:23:46.498+0000] {dag.py:4180} INFO - Setting next_dagrun for example_task_group to None, run_after=None
[2025-02-12T05:23:46.517+0000] {processor.py:208} INFO - Processing /home/airflow/.local/lib/python3.12/site-packages/airflow/example_dags/example_task_group.py took 0.072 seconds
[2025-02-12T05:24:16.833+0000] {processor.py:186} INFO - Started process (PID=2525) to work on /home/airflow/.local/lib/python3.12/site-packages/airflow/example_dags/example_task_group.py
[2025-02-12T05:24:16.834+0000] {processor.py:914} INFO - Processing file /home/airflow/.local/lib/python3.12/site-packages/airflow/example_dags/example_task_group.py for tasks to queue
[2025-02-12T05:24:16.837+0000] {logging_mixin.py:190} INFO - [2025-02-12T05:24:16.837+0000] {dagbag.py:588} INFO - Filling up the DagBag from /home/airflow/.local/lib/python3.12/site-packages/airflow/example_dags/example_task_group.py
[2025-02-12T05:24:16.846+0000] {processor.py:925} INFO - DAG(s) 'example_task_group' retrieved from /home/airflow/.local/lib/python3.12/site-packages/airflow/example_dags/example_task_group.py
[2025-02-12T05:24:16.868+0000] {logging_mixin.py:190} INFO - [2025-02-12T05:24:16.867+0000] {dag.py:3239} INFO - Sync 1 DAGs
[2025-02-12T05:24:16.881+0000] {logging_mixin.py:190} INFO - [2025-02-12T05:24:16.881+0000] {dag.py:4180} INFO - Setting next_dagrun for example_task_group to None, run_after=None
[2025-02-12T05:24:16.898+0000] {processor.py:208} INFO - Processing /home/airflow/.local/lib/python3.12/site-packages/airflow/example_dags/example_task_group.py took 0.070 seconds
[2025-02-12T05:24:47.426+0000] {processor.py:186} INFO - Started process (PID=2591) to work on /home/airflow/.local/lib/python3.12/site-packages/airflow/example_dags/example_task_group.py
[2025-02-12T05:24:47.435+0000] {processor.py:914} INFO - Processing file /home/airflow/.local/lib/python3.12/site-packages/airflow/example_dags/example_task_group.py for tasks to queue
[2025-02-12T05:24:47.438+0000] {logging_mixin.py:190} INFO - [2025-02-12T05:24:47.437+0000] {dagbag.py:588} INFO - Filling up the DagBag from /home/airflow/.local/lib/python3.12/site-packages/airflow/example_dags/example_task_group.py
[2025-02-12T05:24:47.446+0000] {processor.py:925} INFO - DAG(s) 'example_task_group' retrieved from /home/airflow/.local/lib/python3.12/site-packages/airflow/example_dags/example_task_group.py
[2025-02-12T05:24:47.467+0000] {logging_mixin.py:190} INFO - [2025-02-12T05:24:47.467+0000] {dag.py:3239} INFO - Sync 1 DAGs
[2025-02-12T05:24:47.480+0000] {logging_mixin.py:190} INFO - [2025-02-12T05:24:47.480+0000] {dag.py:4180} INFO - Setting next_dagrun for example_task_group to None, run_after=None
[2025-02-12T05:24:47.498+0000] {processor.py:208} INFO - Processing /home/airflow/.local/lib/python3.12/site-packages/airflow/example_dags/example_task_group.py took 0.078 seconds
[2025-02-12T05:25:18.036+0000] {processor.py:186} INFO - Started process (PID=2663) to work on /home/airflow/.local/lib/python3.12/site-packages/airflow/example_dags/example_task_group.py
[2025-02-12T05:25:18.037+0000] {processor.py:914} INFO - Processing file /home/airflow/.local/lib/python3.12/site-packages/airflow/example_dags/example_task_group.py for tasks to queue
[2025-02-12T05:25:18.040+0000] {logging_mixin.py:190} INFO - [2025-02-12T05:25:18.039+0000] {dagbag.py:588} INFO - Filling up the DagBag from /home/airflow/.local/lib/python3.12/site-packages/airflow/example_dags/example_task_group.py
[2025-02-12T05:25:18.048+0000] {processor.py:925} INFO - DAG(s) 'example_task_group' retrieved from /home/airflow/.local/lib/python3.12/site-packages/airflow/example_dags/example_task_group.py
[2025-02-12T05:25:18.069+0000] {logging_mixin.py:190} INFO - [2025-02-12T05:25:18.068+0000] {dag.py:3239} INFO - Sync 1 DAGs
[2025-02-12T05:25:18.082+0000] {logging_mixin.py:190} INFO - [2025-02-12T05:25:18.082+0000] {dag.py:4180} INFO - Setting next_dagrun for example_task_group to None, run_after=None
[2025-02-12T05:25:18.098+0000] {processor.py:208} INFO - Processing /home/airflow/.local/lib/python3.12/site-packages/airflow/example_dags/example_task_group.py took 0.067 seconds
[2025-02-12T05:25:48.264+0000] {processor.py:186} INFO - Started process (PID=2729) to work on /home/airflow/.local/lib/python3.12/site-packages/airflow/example_dags/example_task_group.py
[2025-02-12T05:25:48.273+0000] {processor.py:914} INFO - Processing file /home/airflow/.local/lib/python3.12/site-packages/airflow/example_dags/example_task_group.py for tasks to queue
[2025-02-12T05:25:48.275+0000] {logging_mixin.py:190} INFO - [2025-02-12T05:25:48.275+0000] {dagbag.py:588} INFO - Filling up the DagBag from /home/airflow/.local/lib/python3.12/site-packages/airflow/example_dags/example_task_group.py
[2025-02-12T05:25:48.284+0000] {processor.py:925} INFO - DAG(s) 'example_task_group' retrieved from /home/airflow/.local/lib/python3.12/site-packages/airflow/example_dags/example_task_group.py
[2025-02-12T05:25:48.309+0000] {logging_mixin.py:190} INFO - [2025-02-12T05:25:48.309+0000] {dag.py:3239} INFO - Sync 1 DAGs
[2025-02-12T05:25:48.324+0000] {logging_mixin.py:190} INFO - [2025-02-12T05:25:48.324+0000] {dag.py:4180} INFO - Setting next_dagrun for example_task_group to None, run_after=None
[2025-02-12T05:25:48.341+0000] {processor.py:208} INFO - Processing /home/airflow/.local/lib/python3.12/site-packages/airflow/example_dags/example_task_group.py took 0.082 seconds
[2025-02-12T05:26:18.387+0000] {processor.py:186} INFO - Started process (PID=2795) to work on /home/airflow/.local/lib/python3.12/site-packages/airflow/example_dags/example_task_group.py
[2025-02-12T05:26:18.388+0000] {processor.py:914} INFO - Processing file /home/airflow/.local/lib/python3.12/site-packages/airflow/example_dags/example_task_group.py for tasks to queue
[2025-02-12T05:26:18.391+0000] {logging_mixin.py:190} INFO - [2025-02-12T05:26:18.390+0000] {dagbag.py:588} INFO - Filling up the DagBag from /home/airflow/.local/lib/python3.12/site-packages/airflow/example_dags/example_task_group.py
[2025-02-12T05:26:18.399+0000] {processor.py:925} INFO - DAG(s) 'example_task_group' retrieved from /home/airflow/.local/lib/python3.12/site-packages/airflow/example_dags/example_task_group.py
[2025-02-12T05:26:18.419+0000] {logging_mixin.py:190} INFO - [2025-02-12T05:26:18.419+0000] {dag.py:3239} INFO - Sync 1 DAGs
[2025-02-12T05:26:18.431+0000] {logging_mixin.py:190} INFO - [2025-02-12T05:26:18.431+0000] {dag.py:4180} INFO - Setting next_dagrun for example_task_group to None, run_after=None
[2025-02-12T05:26:18.447+0000] {processor.py:208} INFO - Processing /home/airflow/.local/lib/python3.12/site-packages/airflow/example_dags/example_task_group.py took 0.065 seconds
[2025-02-12T05:26:48.620+0000] {processor.py:186} INFO - Started process (PID=2861) to work on /home/airflow/.local/lib/python3.12/site-packages/airflow/example_dags/example_task_group.py
[2025-02-12T05:26:48.629+0000] {processor.py:914} INFO - Processing file /home/airflow/.local/lib/python3.12/site-packages/airflow/example_dags/example_task_group.py for tasks to queue
[2025-02-12T05:26:48.633+0000] {logging_mixin.py:190} INFO - [2025-02-12T05:26:48.632+0000] {dagbag.py:588} INFO - Filling up the DagBag from /home/airflow/.local/lib/python3.12/site-packages/airflow/example_dags/example_task_group.py
[2025-02-12T05:26:48.644+0000] {processor.py:925} INFO - DAG(s) 'example_task_group' retrieved from /home/airflow/.local/lib/python3.12/site-packages/airflow/example_dags/example_task_group.py
[2025-02-12T05:26:48.666+0000] {logging_mixin.py:190} INFO - [2025-02-12T05:26:48.666+0000] {dag.py:3239} INFO - Sync 1 DAGs
[2025-02-12T05:26:48.679+0000] {logging_mixin.py:190} INFO - [2025-02-12T05:26:48.679+0000] {dag.py:4180} INFO - Setting next_dagrun for example_task_group to None, run_after=None
[2025-02-12T05:26:48.696+0000] {processor.py:208} INFO - Processing /home/airflow/.local/lib/python3.12/site-packages/airflow/example_dags/example_task_group.py took 0.081 seconds
[2025-02-12T05:27:18.856+0000] {processor.py:186} INFO - Started process (PID=2927) to work on /home/airflow/.local/lib/python3.12/site-packages/airflow/example_dags/example_task_group.py
[2025-02-12T05:27:18.857+0000] {processor.py:914} INFO - Processing file /home/airflow/.local/lib/python3.12/site-packages/airflow/example_dags/example_task_group.py for tasks to queue
[2025-02-12T05:27:18.859+0000] {logging_mixin.py:190} INFO - [2025-02-12T05:27:18.859+0000] {dagbag.py:588} INFO - Filling up the DagBag from /home/airflow/.local/lib/python3.12/site-packages/airflow/example_dags/example_task_group.py
[2025-02-12T05:27:18.868+0000] {processor.py:925} INFO - DAG(s) 'example_task_group' retrieved from /home/airflow/.local/lib/python3.12/site-packages/airflow/example_dags/example_task_group.py
[2025-02-12T05:27:18.889+0000] {logging_mixin.py:190} INFO - [2025-02-12T05:27:18.889+0000] {dag.py:3239} INFO - Sync 1 DAGs
[2025-02-12T05:27:18.902+0000] {logging_mixin.py:190} INFO - [2025-02-12T05:27:18.902+0000] {dag.py:4180} INFO - Setting next_dagrun for example_task_group to None, run_after=None
[2025-02-12T05:27:18.925+0000] {processor.py:208} INFO - Processing /home/airflow/.local/lib/python3.12/site-packages/airflow/example_dags/example_task_group.py took 0.076 seconds
[2025-02-12T05:27:49.252+0000] {processor.py:186} INFO - Started process (PID=2993) to work on /home/airflow/.local/lib/python3.12/site-packages/airflow/example_dags/example_task_group.py
[2025-02-12T05:27:49.261+0000] {processor.py:914} INFO - Processing file /home/airflow/.local/lib/python3.12/site-packages/airflow/example_dags/example_task_group.py for tasks to queue
[2025-02-12T05:27:49.265+0000] {logging_mixin.py:190} INFO - [2025-02-12T05:27:49.264+0000] {dagbag.py:588} INFO - Filling up the DagBag from /home/airflow/.local/lib/python3.12/site-packages/airflow/example_dags/example_task_group.py
[2025-02-12T05:27:49.274+0000] {processor.py:925} INFO - DAG(s) 'example_task_group' retrieved from /home/airflow/.local/lib/python3.12/site-packages/airflow/example_dags/example_task_group.py
[2025-02-12T05:27:49.299+0000] {logging_mixin.py:190} INFO - [2025-02-12T05:27:49.299+0000] {dag.py:3239} INFO - Sync 1 DAGs
[2025-02-12T05:27:49.312+0000] {logging_mixin.py:190} INFO - [2025-02-12T05:27:49.312+0000] {dag.py:4180} INFO - Setting next_dagrun for example_task_group to None, run_after=None
[2025-02-12T05:27:49.328+0000] {processor.py:208} INFO - Processing /home/airflow/.local/lib/python3.12/site-packages/airflow/example_dags/example_task_group.py took 0.081 seconds
[2025-02-12T05:28:19.536+0000] {processor.py:186} INFO - Started process (PID=3059) to work on /home/airflow/.local/lib/python3.12/site-packages/airflow/example_dags/example_task_group.py
[2025-02-12T05:28:19.537+0000] {processor.py:914} INFO - Processing file /home/airflow/.local/lib/python3.12/site-packages/airflow/example_dags/example_task_group.py for tasks to queue
[2025-02-12T05:28:19.540+0000] {logging_mixin.py:190} INFO - [2025-02-12T05:28:19.539+0000] {dagbag.py:588} INFO - Filling up the DagBag from /home/airflow/.local/lib/python3.12/site-packages/airflow/example_dags/example_task_group.py
[2025-02-12T05:28:19.550+0000] {processor.py:925} INFO - DAG(s) 'example_task_group' retrieved from /home/airflow/.local/lib/python3.12/site-packages/airflow/example_dags/example_task_group.py
[2025-02-12T05:28:19.576+0000] {logging_mixin.py:190} INFO - [2025-02-12T05:28:19.576+0000] {dag.py:3239} INFO - Sync 1 DAGs
[2025-02-12T05:28:19.589+0000] {logging_mixin.py:190} INFO - [2025-02-12T05:28:19.588+0000] {dag.py:4180} INFO - Setting next_dagrun for example_task_group to None, run_after=None
[2025-02-12T05:28:19.607+0000] {processor.py:208} INFO - Processing /home/airflow/.local/lib/python3.12/site-packages/airflow/example_dags/example_task_group.py took 0.077 seconds
[2025-02-12T05:28:49.818+0000] {processor.py:186} INFO - Started process (PID=3125) to work on /home/airflow/.local/lib/python3.12/site-packages/airflow/example_dags/example_task_group.py
[2025-02-12T05:28:49.819+0000] {processor.py:914} INFO - Processing file /home/airflow/.local/lib/python3.12/site-packages/airflow/example_dags/example_task_group.py for tasks to queue
[2025-02-12T05:28:49.821+0000] {logging_mixin.py:190} INFO - [2025-02-12T05:28:49.820+0000] {dagbag.py:588} INFO - Filling up the DagBag from /home/airflow/.local/lib/python3.12/site-packages/airflow/example_dags/example_task_group.py
[2025-02-12T05:28:49.829+0000] {processor.py:925} INFO - DAG(s) 'example_task_group' retrieved from /home/airflow/.local/lib/python3.12/site-packages/airflow/example_dags/example_task_group.py
[2025-02-12T05:28:49.850+0000] {logging_mixin.py:190} INFO - [2025-02-12T05:28:49.850+0000] {dag.py:3239} INFO - Sync 1 DAGs
[2025-02-12T05:28:49.864+0000] {logging_mixin.py:190} INFO - [2025-02-12T05:28:49.864+0000] {dag.py:4180} INFO - Setting next_dagrun for example_task_group to None, run_after=None
[2025-02-12T05:28:49.882+0000] {processor.py:208} INFO - Processing /home/airflow/.local/lib/python3.12/site-packages/airflow/example_dags/example_task_group.py took 0.070 seconds
[2025-02-12T05:29:21.280+0000] {processor.py:186} INFO - Started process (PID=3190) to work on /home/airflow/.local/lib/python3.12/site-packages/airflow/example_dags/example_task_group.py
[2025-02-12T05:29:21.281+0000] {processor.py:914} INFO - Processing file /home/airflow/.local/lib/python3.12/site-packages/airflow/example_dags/example_task_group.py for tasks to queue
[2025-02-12T05:29:21.284+0000] {logging_mixin.py:190} INFO - [2025-02-12T05:29:21.283+0000] {dagbag.py:588} INFO - Filling up the DagBag from /home/airflow/.local/lib/python3.12/site-packages/airflow/example_dags/example_task_group.py
[2025-02-12T05:29:21.293+0000] {processor.py:925} INFO - DAG(s) 'example_task_group' retrieved from /home/airflow/.local/lib/python3.12/site-packages/airflow/example_dags/example_task_group.py
[2025-02-12T05:29:21.314+0000] {logging_mixin.py:190} INFO - [2025-02-12T05:29:21.314+0000] {dag.py:3239} INFO - Sync 1 DAGs
[2025-02-12T05:29:21.326+0000] {logging_mixin.py:190} INFO - [2025-02-12T05:29:21.326+0000] {dag.py:4180} INFO - Setting next_dagrun for example_task_group to None, run_after=None
[2025-02-12T05:29:21.342+0000] {processor.py:208} INFO - Processing /home/airflow/.local/lib/python3.12/site-packages/airflow/example_dags/example_task_group.py took 0.067 seconds
[2025-02-12T05:29:51.398+0000] {processor.py:186} INFO - Started process (PID=3252) to work on /home/airflow/.local/lib/python3.12/site-packages/airflow/example_dags/example_task_group.py
[2025-02-12T05:29:51.399+0000] {processor.py:914} INFO - Processing file /home/airflow/.local/lib/python3.12/site-packages/airflow/example_dags/example_task_group.py for tasks to queue
[2025-02-12T05:29:51.402+0000] {logging_mixin.py:190} INFO - [2025-02-12T05:29:51.401+0000] {dagbag.py:588} INFO - Filling up the DagBag from /home/airflow/.local/lib/python3.12/site-packages/airflow/example_dags/example_task_group.py
[2025-02-12T05:29:51.410+0000] {processor.py:925} INFO - DAG(s) 'example_task_group' retrieved from /home/airflow/.local/lib/python3.12/site-packages/airflow/example_dags/example_task_group.py
[2025-02-12T05:29:51.435+0000] {logging_mixin.py:190} INFO - [2025-02-12T05:29:51.435+0000] {dag.py:3239} INFO - Sync 1 DAGs
[2025-02-12T05:29:51.450+0000] {logging_mixin.py:190} INFO - [2025-02-12T05:29:51.450+0000] {dag.py:4180} INFO - Setting next_dagrun for example_task_group to None, run_after=None
[2025-02-12T05:29:51.469+0000] {processor.py:208} INFO - Processing /home/airflow/.local/lib/python3.12/site-packages/airflow/example_dags/example_task_group.py took 0.076 seconds
[2025-02-12T05:30:21.981+0000] {processor.py:186} INFO - Started process (PID=3318) to work on /home/airflow/.local/lib/python3.12/site-packages/airflow/example_dags/example_task_group.py
[2025-02-12T05:30:21.990+0000] {processor.py:914} INFO - Processing file /home/airflow/.local/lib/python3.12/site-packages/airflow/example_dags/example_task_group.py for tasks to queue
[2025-02-12T05:30:21.993+0000] {logging_mixin.py:190} INFO - [2025-02-12T05:30:21.993+0000] {dagbag.py:588} INFO - Filling up the DagBag from /home/airflow/.local/lib/python3.12/site-packages/airflow/example_dags/example_task_group.py
[2025-02-12T05:30:22.001+0000] {processor.py:925} INFO - DAG(s) 'example_task_group' retrieved from /home/airflow/.local/lib/python3.12/site-packages/airflow/example_dags/example_task_group.py
[2025-02-12T05:30:22.025+0000] {logging_mixin.py:190} INFO - [2025-02-12T05:30:22.025+0000] {dag.py:3239} INFO - Sync 1 DAGs
[2025-02-12T05:30:22.038+0000] {logging_mixin.py:190} INFO - [2025-02-12T05:30:22.038+0000] {dag.py:4180} INFO - Setting next_dagrun for example_task_group to None, run_after=None
[2025-02-12T05:30:22.055+0000] {processor.py:208} INFO - Processing /home/airflow/.local/lib/python3.12/site-packages/airflow/example_dags/example_task_group.py took 0.080 seconds
[2025-02-12T05:30:52.717+0000] {processor.py:186} INFO - Started process (PID=3384) to work on /home/airflow/.local/lib/python3.12/site-packages/airflow/example_dags/example_task_group.py
[2025-02-12T05:30:52.726+0000] {processor.py:914} INFO - Processing file /home/airflow/.local/lib/python3.12/site-packages/airflow/example_dags/example_task_group.py for tasks to queue
[2025-02-12T05:30:52.729+0000] {logging_mixin.py:190} INFO - [2025-02-12T05:30:52.729+0000] {dagbag.py:588} INFO - Filling up the DagBag from /home/airflow/.local/lib/python3.12/site-packages/airflow/example_dags/example_task_group.py
[2025-02-12T05:30:52.737+0000] {processor.py:925} INFO - DAG(s) 'example_task_group' retrieved from /home/airflow/.local/lib/python3.12/site-packages/airflow/example_dags/example_task_group.py
[2025-02-12T05:30:52.758+0000] {logging_mixin.py:190} INFO - [2025-02-12T05:30:52.758+0000] {dag.py:3239} INFO - Sync 1 DAGs
[2025-02-12T05:30:52.770+0000] {logging_mixin.py:190} INFO - [2025-02-12T05:30:52.770+0000] {dag.py:4180} INFO - Setting next_dagrun for example_task_group to None, run_after=None
[2025-02-12T05:30:52.786+0000] {processor.py:208} INFO - Processing /home/airflow/.local/lib/python3.12/site-packages/airflow/example_dags/example_task_group.py took 0.074 seconds
[2025-02-12T05:31:23.312+0000] {processor.py:186} INFO - Started process (PID=3450) to work on /home/airflow/.local/lib/python3.12/site-packages/airflow/example_dags/example_task_group.py
[2025-02-12T05:31:23.320+0000] {processor.py:914} INFO - Processing file /home/airflow/.local/lib/python3.12/site-packages/airflow/example_dags/example_task_group.py for tasks to queue
[2025-02-12T05:31:23.324+0000] {logging_mixin.py:190} INFO - [2025-02-12T05:31:23.323+0000] {dagbag.py:588} INFO - Filling up the DagBag from /home/airflow/.local/lib/python3.12/site-packages/airflow/example_dags/example_task_group.py
[2025-02-12T05:31:23.332+0000] {processor.py:925} INFO - DAG(s) 'example_task_group' retrieved from /home/airflow/.local/lib/python3.12/site-packages/airflow/example_dags/example_task_group.py
[2025-02-12T05:31:23.354+0000] {logging_mixin.py:190} INFO - [2025-02-12T05:31:23.354+0000] {dag.py:3239} INFO - Sync 1 DAGs
[2025-02-12T05:31:23.367+0000] {logging_mixin.py:190} INFO - [2025-02-12T05:31:23.367+0000] {dag.py:4180} INFO - Setting next_dagrun for example_task_group to None, run_after=None
[2025-02-12T05:31:23.383+0000] {processor.py:208} INFO - Processing /home/airflow/.local/lib/python3.12/site-packages/airflow/example_dags/example_task_group.py took 0.077 seconds
[2025-02-12T05:31:53.758+0000] {processor.py:186} INFO - Started process (PID=3516) to work on /home/airflow/.local/lib/python3.12/site-packages/airflow/example_dags/example_task_group.py
[2025-02-12T05:31:53.758+0000] {processor.py:914} INFO - Processing file /home/airflow/.local/lib/python3.12/site-packages/airflow/example_dags/example_task_group.py for tasks to queue
[2025-02-12T05:31:53.761+0000] {logging_mixin.py:190} INFO - [2025-02-12T05:31:53.761+0000] {dagbag.py:588} INFO - Filling up the DagBag from /home/airflow/.local/lib/python3.12/site-packages/airflow/example_dags/example_task_group.py
[2025-02-12T05:31:53.770+0000] {processor.py:925} INFO - DAG(s) 'example_task_group' retrieved from /home/airflow/.local/lib/python3.12/site-packages/airflow/example_dags/example_task_group.py
[2025-02-12T05:31:53.790+0000] {logging_mixin.py:190} INFO - [2025-02-12T05:31:53.790+0000] {dag.py:3239} INFO - Sync 1 DAGs
[2025-02-12T05:31:53.803+0000] {logging_mixin.py:190} INFO - [2025-02-12T05:31:53.803+0000] {dag.py:4180} INFO - Setting next_dagrun for example_task_group to None, run_after=None
[2025-02-12T05:31:53.819+0000] {processor.py:208} INFO - Processing /home/airflow/.local/lib/python3.12/site-packages/airflow/example_dags/example_task_group.py took 0.066 seconds
[2025-02-12T05:32:24.315+0000] {processor.py:186} INFO - Started process (PID=3582) to work on /home/airflow/.local/lib/python3.12/site-packages/airflow/example_dags/example_task_group.py
[2025-02-12T05:32:24.324+0000] {processor.py:914} INFO - Processing file /home/airflow/.local/lib/python3.12/site-packages/airflow/example_dags/example_task_group.py for tasks to queue
[2025-02-12T05:32:24.327+0000] {logging_mixin.py:190} INFO - [2025-02-12T05:32:24.326+0000] {dagbag.py:588} INFO - Filling up the DagBag from /home/airflow/.local/lib/python3.12/site-packages/airflow/example_dags/example_task_group.py
[2025-02-12T05:32:24.334+0000] {processor.py:925} INFO - DAG(s) 'example_task_group' retrieved from /home/airflow/.local/lib/python3.12/site-packages/airflow/example_dags/example_task_group.py
[2025-02-12T05:32:24.357+0000] {logging_mixin.py:190} INFO - [2025-02-12T05:32:24.357+0000] {dag.py:3239} INFO - Sync 1 DAGs
[2025-02-12T05:32:24.370+0000] {logging_mixin.py:190} INFO - [2025-02-12T05:32:24.370+0000] {dag.py:4180} INFO - Setting next_dagrun for example_task_group to None, run_after=None
[2025-02-12T05:32:24.387+0000] {processor.py:208} INFO - Processing /home/airflow/.local/lib/python3.12/site-packages/airflow/example_dags/example_task_group.py took 0.077 seconds
[2025-02-12T05:32:54.730+0000] {processor.py:186} INFO - Started process (PID=3648) to work on /home/airflow/.local/lib/python3.12/site-packages/airflow/example_dags/example_task_group.py
[2025-02-12T05:32:54.738+0000] {processor.py:914} INFO - Processing file /home/airflow/.local/lib/python3.12/site-packages/airflow/example_dags/example_task_group.py for tasks to queue
[2025-02-12T05:32:54.742+0000] {logging_mixin.py:190} INFO - [2025-02-12T05:32:54.741+0000] {dagbag.py:588} INFO - Filling up the DagBag from /home/airflow/.local/lib/python3.12/site-packages/airflow/example_dags/example_task_group.py
[2025-02-12T05:32:54.750+0000] {processor.py:925} INFO - DAG(s) 'example_task_group' retrieved from /home/airflow/.local/lib/python3.12/site-packages/airflow/example_dags/example_task_group.py
[2025-02-12T05:32:54.769+0000] {logging_mixin.py:190} INFO - [2025-02-12T05:32:54.769+0000] {dag.py:3239} INFO - Sync 1 DAGs
[2025-02-12T05:32:54.781+0000] {logging_mixin.py:190} INFO - [2025-02-12T05:32:54.781+0000] {dag.py:4180} INFO - Setting next_dagrun for example_task_group to None, run_after=None
[2025-02-12T05:32:54.798+0000] {processor.py:208} INFO - Processing /home/airflow/.local/lib/python3.12/site-packages/airflow/example_dags/example_task_group.py took 0.073 seconds
[2025-02-12T05:33:25.048+0000] {processor.py:186} INFO - Started process (PID=3714) to work on /home/airflow/.local/lib/python3.12/site-packages/airflow/example_dags/example_task_group.py
[2025-02-12T05:33:25.057+0000] {processor.py:914} INFO - Processing file /home/airflow/.local/lib/python3.12/site-packages/airflow/example_dags/example_task_group.py for tasks to queue
[2025-02-12T05:33:25.060+0000] {logging_mixin.py:190} INFO - [2025-02-12T05:33:25.059+0000] {dagbag.py:588} INFO - Filling up the DagBag from /home/airflow/.local/lib/python3.12/site-packages/airflow/example_dags/example_task_group.py
[2025-02-12T05:33:25.068+0000] {processor.py:925} INFO - DAG(s) 'example_task_group' retrieved from /home/airflow/.local/lib/python3.12/site-packages/airflow/example_dags/example_task_group.py
[2025-02-12T05:33:25.090+0000] {logging_mixin.py:190} INFO - [2025-02-12T05:33:25.089+0000] {dag.py:3239} INFO - Sync 1 DAGs
[2025-02-12T05:33:25.102+0000] {logging_mixin.py:190} INFO - [2025-02-12T05:33:25.102+0000] {dag.py:4180} INFO - Setting next_dagrun for example_task_group to None, run_after=None
[2025-02-12T05:33:25.118+0000] {processor.py:208} INFO - Processing /home/airflow/.local/lib/python3.12/site-packages/airflow/example_dags/example_task_group.py took 0.075 seconds
[2025-02-12T05:33:55.325+0000] {processor.py:186} INFO - Started process (PID=3780) to work on /home/airflow/.local/lib/python3.12/site-packages/airflow/example_dags/example_task_group.py
[2025-02-12T05:33:55.334+0000] {processor.py:914} INFO - Processing file /home/airflow/.local/lib/python3.12/site-packages/airflow/example_dags/example_task_group.py for tasks to queue
[2025-02-12T05:33:55.337+0000] {logging_mixin.py:190} INFO - [2025-02-12T05:33:55.337+0000] {dagbag.py:588} INFO - Filling up the DagBag from /home/airflow/.local/lib/python3.12/site-packages/airflow/example_dags/example_task_group.py
[2025-02-12T05:33:55.348+0000] {processor.py:925} INFO - DAG(s) 'example_task_group' retrieved from /home/airflow/.local/lib/python3.12/site-packages/airflow/example_dags/example_task_group.py
[2025-02-12T05:33:55.371+0000] {logging_mixin.py:190} INFO - [2025-02-12T05:33:55.371+0000] {dag.py:3239} INFO - Sync 1 DAGs
[2025-02-12T05:33:55.384+0000] {logging_mixin.py:190} INFO - [2025-02-12T05:33:55.384+0000] {dag.py:4180} INFO - Setting next_dagrun for example_task_group to None, run_after=None
[2025-02-12T05:33:55.407+0000] {processor.py:208} INFO - Processing /home/airflow/.local/lib/python3.12/site-packages/airflow/example_dags/example_task_group.py took 0.088 seconds
[2025-02-12T05:34:25.635+0000] {processor.py:186} INFO - Started process (PID=3846) to work on /home/airflow/.local/lib/python3.12/site-packages/airflow/example_dags/example_task_group.py
[2025-02-12T05:34:25.635+0000] {processor.py:914} INFO - Processing file /home/airflow/.local/lib/python3.12/site-packages/airflow/example_dags/example_task_group.py for tasks to queue
[2025-02-12T05:34:25.638+0000] {logging_mixin.py:190} INFO - [2025-02-12T05:34:25.638+0000] {dagbag.py:588} INFO - Filling up the DagBag from /home/airflow/.local/lib/python3.12/site-packages/airflow/example_dags/example_task_group.py
[2025-02-12T05:34:25.646+0000] {processor.py:925} INFO - DAG(s) 'example_task_group' retrieved from /home/airflow/.local/lib/python3.12/site-packages/airflow/example_dags/example_task_group.py
[2025-02-12T05:34:25.668+0000] {logging_mixin.py:190} INFO - [2025-02-12T05:34:25.668+0000] {dag.py:3239} INFO - Sync 1 DAGs
[2025-02-12T05:34:25.681+0000] {logging_mixin.py:190} INFO - [2025-02-12T05:34:25.681+0000] {dag.py:4180} INFO - Setting next_dagrun for example_task_group to None, run_after=None
[2025-02-12T05:34:25.698+0000] {processor.py:208} INFO - Processing /home/airflow/.local/lib/python3.12/site-packages/airflow/example_dags/example_task_group.py took 0.069 seconds
[2025-02-12T05:34:55.733+0000] {processor.py:186} INFO - Started process (PID=3912) to work on /home/airflow/.local/lib/python3.12/site-packages/airflow/example_dags/example_task_group.py
[2025-02-12T05:34:55.734+0000] {processor.py:914} INFO - Processing file /home/airflow/.local/lib/python3.12/site-packages/airflow/example_dags/example_task_group.py for tasks to queue
[2025-02-12T05:34:55.736+0000] {logging_mixin.py:190} INFO - [2025-02-12T05:34:55.736+0000] {dagbag.py:588} INFO - Filling up the DagBag from /home/airflow/.local/lib/python3.12/site-packages/airflow/example_dags/example_task_group.py
[2025-02-12T05:34:55.744+0000] {processor.py:925} INFO - DAG(s) 'example_task_group' retrieved from /home/airflow/.local/lib/python3.12/site-packages/airflow/example_dags/example_task_group.py
[2025-02-12T05:34:55.766+0000] {logging_mixin.py:190} INFO - [2025-02-12T05:34:55.765+0000] {dag.py:3239} INFO - Sync 1 DAGs
[2025-02-12T05:34:55.779+0000] {logging_mixin.py:190} INFO - [2025-02-12T05:34:55.779+0000] {dag.py:4180} INFO - Setting next_dagrun for example_task_group to None, run_after=None
[2025-02-12T05:34:55.796+0000] {processor.py:208} INFO - Processing /home/airflow/.local/lib/python3.12/site-packages/airflow/example_dags/example_task_group.py took 0.068 seconds
[2025-02-12T05:35:26.121+0000] {processor.py:186} INFO - Started process (PID=3978) to work on /home/airflow/.local/lib/python3.12/site-packages/airflow/example_dags/example_task_group.py
[2025-02-12T05:35:26.122+0000] {processor.py:914} INFO - Processing file /home/airflow/.local/lib/python3.12/site-packages/airflow/example_dags/example_task_group.py for tasks to queue
[2025-02-12T05:35:26.125+0000] {logging_mixin.py:190} INFO - [2025-02-12T05:35:26.124+0000] {dagbag.py:588} INFO - Filling up the DagBag from /home/airflow/.local/lib/python3.12/site-packages/airflow/example_dags/example_task_group.py
[2025-02-12T05:35:26.132+0000] {processor.py:925} INFO - DAG(s) 'example_task_group' retrieved from /home/airflow/.local/lib/python3.12/site-packages/airflow/example_dags/example_task_group.py
[2025-02-12T05:35:26.156+0000] {logging_mixin.py:190} INFO - [2025-02-12T05:35:26.155+0000] {dag.py:3239} INFO - Sync 1 DAGs
[2025-02-12T05:35:26.172+0000] {logging_mixin.py:190} INFO - [2025-02-12T05:35:26.172+0000] {dag.py:4180} INFO - Setting next_dagrun for example_task_group to None, run_after=None
[2025-02-12T05:35:26.190+0000] {processor.py:208} INFO - Processing /home/airflow/.local/lib/python3.12/site-packages/airflow/example_dags/example_task_group.py took 0.075 seconds
[2025-02-12T05:35:56.683+0000] {processor.py:186} INFO - Started process (PID=4044) to work on /home/airflow/.local/lib/python3.12/site-packages/airflow/example_dags/example_task_group.py
[2025-02-12T05:35:56.684+0000] {processor.py:914} INFO - Processing file /home/airflow/.local/lib/python3.12/site-packages/airflow/example_dags/example_task_group.py for tasks to queue
[2025-02-12T05:35:56.687+0000] {logging_mixin.py:190} INFO - [2025-02-12T05:35:56.687+0000] {dagbag.py:588} INFO - Filling up the DagBag from /home/airflow/.local/lib/python3.12/site-packages/airflow/example_dags/example_task_group.py
[2025-02-12T05:35:56.695+0000] {processor.py:925} INFO - DAG(s) 'example_task_group' retrieved from /home/airflow/.local/lib/python3.12/site-packages/airflow/example_dags/example_task_group.py
[2025-02-12T05:35:56.716+0000] {logging_mixin.py:190} INFO - [2025-02-12T05:35:56.715+0000] {dag.py:3239} INFO - Sync 1 DAGs
[2025-02-12T05:35:56.728+0000] {logging_mixin.py:190} INFO - [2025-02-12T05:35:56.728+0000] {dag.py:4180} INFO - Setting next_dagrun for example_task_group to None, run_after=None
[2025-02-12T05:35:56.744+0000] {processor.py:208} INFO - Processing /home/airflow/.local/lib/python3.12/site-packages/airflow/example_dags/example_task_group.py took 0.066 seconds
