[2025-02-12T05:05:29.271+0000] {processor.py:186} INFO - Started process (PID=100) to work on /home/airflow/.local/lib/python3.12/site-packages/airflow/example_dags/example_sensor_decorator.py
[2025-02-12T05:05:29.272+0000] {processor.py:914} INFO - Processing file /home/airflow/.local/lib/python3.12/site-packages/airflow/example_dags/example_sensor_decorator.py for tasks to queue
[2025-02-12T05:05:29.277+0000] {logging_mixin.py:190} INFO - [2025-02-12T05:05:29.276+0000] {dagbag.py:588} INFO - Filling up the DagBag from /home/airflow/.local/lib/python3.12/site-packages/airflow/example_dags/example_sensor_decorator.py
[2025-02-12T05:05:29.298+0000] {processor.py:925} INFO - DAG(s) 'example_sensor_decorator' retrieved from /home/airflow/.local/lib/python3.12/site-packages/airflow/example_dags/example_sensor_decorator.py
[2025-02-12T05:05:29.348+0000] {logging_mixin.py:190} INFO - [2025-02-12T05:05:29.347+0000] {dag.py:3239} INFO - Sync 1 DAGs
[2025-02-12T05:05:29.380+0000] {logging_mixin.py:190} INFO - [2025-02-12T05:05:29.380+0000] {dag.py:4180} INFO - Setting next_dagrun for example_sensor_decorator to None, run_after=None
[2025-02-12T05:05:29.413+0000] {processor.py:208} INFO - Processing /home/airflow/.local/lib/python3.12/site-packages/airflow/example_dags/example_sensor_decorator.py took 0.153 seconds
[2025-02-12T05:06:00.097+0000] {processor.py:186} INFO - Started process (PID=170) to work on /home/airflow/.local/lib/python3.12/site-packages/airflow/example_dags/example_sensor_decorator.py
[2025-02-12T05:06:00.099+0000] {processor.py:914} INFO - Processing file /home/airflow/.local/lib/python3.12/site-packages/airflow/example_dags/example_sensor_decorator.py for tasks to queue
[2025-02-12T05:06:00.102+0000] {logging_mixin.py:190} INFO - [2025-02-12T05:06:00.102+0000] {dagbag.py:588} INFO - Filling up the DagBag from /home/airflow/.local/lib/python3.12/site-packages/airflow/example_dags/example_sensor_decorator.py
[2025-02-12T05:06:00.118+0000] {processor.py:925} INFO - DAG(s) 'example_sensor_decorator' retrieved from /home/airflow/.local/lib/python3.12/site-packages/airflow/example_dags/example_sensor_decorator.py
[2025-02-12T05:06:00.146+0000] {logging_mixin.py:190} INFO - [2025-02-12T05:06:00.146+0000] {dag.py:3239} INFO - Sync 1 DAGs
[2025-02-12T05:06:00.165+0000] {logging_mixin.py:190} INFO - [2025-02-12T05:06:00.164+0000] {dag.py:4180} INFO - Setting next_dagrun for example_sensor_decorator to None, run_after=None
[2025-02-12T05:06:00.192+0000] {processor.py:208} INFO - Processing /home/airflow/.local/lib/python3.12/site-packages/airflow/example_dags/example_sensor_decorator.py took 0.104 seconds
[2025-02-12T05:06:31.165+0000] {processor.py:186} INFO - Started process (PID=236) to work on /home/airflow/.local/lib/python3.12/site-packages/airflow/example_dags/example_sensor_decorator.py
[2025-02-12T05:06:31.166+0000] {processor.py:914} INFO - Processing file /home/airflow/.local/lib/python3.12/site-packages/airflow/example_dags/example_sensor_decorator.py for tasks to queue
[2025-02-12T05:06:31.171+0000] {logging_mixin.py:190} INFO - [2025-02-12T05:06:31.170+0000] {dagbag.py:588} INFO - Filling up the DagBag from /home/airflow/.local/lib/python3.12/site-packages/airflow/example_dags/example_sensor_decorator.py
[2025-02-12T05:06:31.185+0000] {processor.py:925} INFO - DAG(s) 'example_sensor_decorator' retrieved from /home/airflow/.local/lib/python3.12/site-packages/airflow/example_dags/example_sensor_decorator.py
[2025-02-12T05:06:31.222+0000] {logging_mixin.py:190} INFO - [2025-02-12T05:06:31.221+0000] {dag.py:3239} INFO - Sync 1 DAGs
[2025-02-12T05:06:31.248+0000] {logging_mixin.py:190} INFO - [2025-02-12T05:06:31.247+0000] {dag.py:4180} INFO - Setting next_dagrun for example_sensor_decorator to None, run_after=None
[2025-02-12T05:06:31.276+0000] {processor.py:208} INFO - Processing /home/airflow/.local/lib/python3.12/site-packages/airflow/example_dags/example_sensor_decorator.py took 0.120 seconds
[2025-02-12T05:07:02.651+0000] {processor.py:186} INFO - Started process (PID=302) to work on /home/airflow/.local/lib/python3.12/site-packages/airflow/example_dags/example_sensor_decorator.py
[2025-02-12T05:07:02.652+0000] {processor.py:914} INFO - Processing file /home/airflow/.local/lib/python3.12/site-packages/airflow/example_dags/example_sensor_decorator.py for tasks to queue
[2025-02-12T05:07:02.656+0000] {logging_mixin.py:190} INFO - [2025-02-12T05:07:02.656+0000] {dagbag.py:588} INFO - Filling up the DagBag from /home/airflow/.local/lib/python3.12/site-packages/airflow/example_dags/example_sensor_decorator.py
[2025-02-12T05:07:02.672+0000] {processor.py:925} INFO - DAG(s) 'example_sensor_decorator' retrieved from /home/airflow/.local/lib/python3.12/site-packages/airflow/example_dags/example_sensor_decorator.py
[2025-02-12T05:07:02.702+0000] {logging_mixin.py:190} INFO - [2025-02-12T05:07:02.702+0000] {dag.py:3239} INFO - Sync 1 DAGs
[2025-02-12T05:07:02.726+0000] {logging_mixin.py:190} INFO - [2025-02-12T05:07:02.725+0000] {dag.py:4180} INFO - Setting next_dagrun for example_sensor_decorator to None, run_after=None
[2025-02-12T05:07:02.752+0000] {processor.py:208} INFO - Processing /home/airflow/.local/lib/python3.12/site-packages/airflow/example_dags/example_sensor_decorator.py took 0.110 seconds
[2025-02-12T05:07:33.789+0000] {processor.py:186} INFO - Started process (PID=368) to work on /home/airflow/.local/lib/python3.12/site-packages/airflow/example_dags/example_sensor_decorator.py
[2025-02-12T05:07:33.790+0000] {processor.py:914} INFO - Processing file /home/airflow/.local/lib/python3.12/site-packages/airflow/example_dags/example_sensor_decorator.py for tasks to queue
[2025-02-12T05:07:33.793+0000] {logging_mixin.py:190} INFO - [2025-02-12T05:07:33.792+0000] {dagbag.py:588} INFO - Filling up the DagBag from /home/airflow/.local/lib/python3.12/site-packages/airflow/example_dags/example_sensor_decorator.py
[2025-02-12T05:07:33.806+0000] {processor.py:925} INFO - DAG(s) 'example_sensor_decorator' retrieved from /home/airflow/.local/lib/python3.12/site-packages/airflow/example_dags/example_sensor_decorator.py
[2025-02-12T05:07:33.834+0000] {logging_mixin.py:190} INFO - [2025-02-12T05:07:33.833+0000] {dag.py:3239} INFO - Sync 1 DAGs
[2025-02-12T05:07:33.850+0000] {logging_mixin.py:190} INFO - [2025-02-12T05:07:33.849+0000] {dag.py:4180} INFO - Setting next_dagrun for example_sensor_decorator to None, run_after=None
[2025-02-12T05:07:33.873+0000] {processor.py:208} INFO - Processing /home/airflow/.local/lib/python3.12/site-packages/airflow/example_dags/example_sensor_decorator.py took 0.092 seconds
[2025-02-12T05:08:05.015+0000] {processor.py:186} INFO - Started process (PID=434) to work on /home/airflow/.local/lib/python3.12/site-packages/airflow/example_dags/example_sensor_decorator.py
[2025-02-12T05:08:05.017+0000] {processor.py:914} INFO - Processing file /home/airflow/.local/lib/python3.12/site-packages/airflow/example_dags/example_sensor_decorator.py for tasks to queue
[2025-02-12T05:08:05.020+0000] {logging_mixin.py:190} INFO - [2025-02-12T05:08:05.020+0000] {dagbag.py:588} INFO - Filling up the DagBag from /home/airflow/.local/lib/python3.12/site-packages/airflow/example_dags/example_sensor_decorator.py
[2025-02-12T05:08:05.034+0000] {processor.py:925} INFO - DAG(s) 'example_sensor_decorator' retrieved from /home/airflow/.local/lib/python3.12/site-packages/airflow/example_dags/example_sensor_decorator.py
[2025-02-12T05:08:05.070+0000] {logging_mixin.py:190} INFO - [2025-02-12T05:08:05.070+0000] {dag.py:3239} INFO - Sync 1 DAGs
[2025-02-12T05:08:05.093+0000] {logging_mixin.py:190} INFO - [2025-02-12T05:08:05.093+0000] {dag.py:4180} INFO - Setting next_dagrun for example_sensor_decorator to None, run_after=None
[2025-02-12T05:08:05.124+0000] {processor.py:208} INFO - Processing /home/airflow/.local/lib/python3.12/site-packages/airflow/example_dags/example_sensor_decorator.py took 0.117 seconds
[2025-02-12T05:08:35.594+0000] {processor.py:186} INFO - Started process (PID=502) to work on /home/airflow/.local/lib/python3.12/site-packages/airflow/example_dags/example_sensor_decorator.py
[2025-02-12T05:08:35.595+0000] {processor.py:914} INFO - Processing file /home/airflow/.local/lib/python3.12/site-packages/airflow/example_dags/example_sensor_decorator.py for tasks to queue
[2025-02-12T05:08:35.600+0000] {logging_mixin.py:190} INFO - [2025-02-12T05:08:35.599+0000] {dagbag.py:588} INFO - Filling up the DagBag from /home/airflow/.local/lib/python3.12/site-packages/airflow/example_dags/example_sensor_decorator.py
[2025-02-12T05:08:35.616+0000] {processor.py:925} INFO - DAG(s) 'example_sensor_decorator' retrieved from /home/airflow/.local/lib/python3.12/site-packages/airflow/example_dags/example_sensor_decorator.py
[2025-02-12T05:08:35.654+0000] {logging_mixin.py:190} INFO - [2025-02-12T05:08:35.653+0000] {dag.py:3239} INFO - Sync 1 DAGs
[2025-02-12T05:08:35.680+0000] {logging_mixin.py:190} INFO - [2025-02-12T05:08:35.680+0000] {dag.py:4180} INFO - Setting next_dagrun for example_sensor_decorator to None, run_after=None
[2025-02-12T05:08:35.713+0000] {processor.py:208} INFO - Processing /home/airflow/.local/lib/python3.12/site-packages/airflow/example_dags/example_sensor_decorator.py took 0.130 seconds
[2025-02-12T05:09:06.053+0000] {processor.py:186} INFO - Started process (PID=567) to work on /home/airflow/.local/lib/python3.12/site-packages/airflow/example_dags/example_sensor_decorator.py
[2025-02-12T05:09:06.055+0000] {processor.py:914} INFO - Processing file /home/airflow/.local/lib/python3.12/site-packages/airflow/example_dags/example_sensor_decorator.py for tasks to queue
[2025-02-12T05:09:06.058+0000] {logging_mixin.py:190} INFO - [2025-02-12T05:09:06.058+0000] {dagbag.py:588} INFO - Filling up the DagBag from /home/airflow/.local/lib/python3.12/site-packages/airflow/example_dags/example_sensor_decorator.py
[2025-02-12T05:09:06.070+0000] {processor.py:925} INFO - DAG(s) 'example_sensor_decorator' retrieved from /home/airflow/.local/lib/python3.12/site-packages/airflow/example_dags/example_sensor_decorator.py
[2025-02-12T05:09:06.099+0000] {logging_mixin.py:190} INFO - [2025-02-12T05:09:06.099+0000] {dag.py:3239} INFO - Sync 1 DAGs
[2025-02-12T05:09:06.120+0000] {logging_mixin.py:190} INFO - [2025-02-12T05:09:06.120+0000] {dag.py:4180} INFO - Setting next_dagrun for example_sensor_decorator to None, run_after=None
[2025-02-12T05:09:06.146+0000] {processor.py:208} INFO - Processing /home/airflow/.local/lib/python3.12/site-packages/airflow/example_dags/example_sensor_decorator.py took 0.100 seconds
[2025-02-12T05:09:36.231+0000] {processor.py:186} INFO - Started process (PID=632) to work on /home/airflow/.local/lib/python3.12/site-packages/airflow/example_dags/example_sensor_decorator.py
[2025-02-12T05:09:36.232+0000] {processor.py:914} INFO - Processing file /home/airflow/.local/lib/python3.12/site-packages/airflow/example_dags/example_sensor_decorator.py for tasks to queue
[2025-02-12T05:09:36.235+0000] {logging_mixin.py:190} INFO - [2025-02-12T05:09:36.235+0000] {dagbag.py:588} INFO - Filling up the DagBag from /home/airflow/.local/lib/python3.12/site-packages/airflow/example_dags/example_sensor_decorator.py
[2025-02-12T05:09:36.249+0000] {processor.py:925} INFO - DAG(s) 'example_sensor_decorator' retrieved from /home/airflow/.local/lib/python3.12/site-packages/airflow/example_dags/example_sensor_decorator.py
[2025-02-12T05:09:36.278+0000] {logging_mixin.py:190} INFO - [2025-02-12T05:09:36.278+0000] {dag.py:3239} INFO - Sync 1 DAGs
[2025-02-12T05:09:36.295+0000] {logging_mixin.py:190} INFO - [2025-02-12T05:09:36.295+0000] {dag.py:4180} INFO - Setting next_dagrun for example_sensor_decorator to None, run_after=None
[2025-02-12T05:09:36.320+0000] {processor.py:208} INFO - Processing /home/airflow/.local/lib/python3.12/site-packages/airflow/example_dags/example_sensor_decorator.py took 0.097 seconds
[2025-02-12T05:10:07.066+0000] {processor.py:186} INFO - Started process (PID=698) to work on /home/airflow/.local/lib/python3.12/site-packages/airflow/example_dags/example_sensor_decorator.py
[2025-02-12T05:10:07.067+0000] {processor.py:914} INFO - Processing file /home/airflow/.local/lib/python3.12/site-packages/airflow/example_dags/example_sensor_decorator.py for tasks to queue
[2025-02-12T05:10:07.070+0000] {logging_mixin.py:190} INFO - [2025-02-12T05:10:07.069+0000] {dagbag.py:588} INFO - Filling up the DagBag from /home/airflow/.local/lib/python3.12/site-packages/airflow/example_dags/example_sensor_decorator.py
[2025-02-12T05:10:07.083+0000] {processor.py:925} INFO - DAG(s) 'example_sensor_decorator' retrieved from /home/airflow/.local/lib/python3.12/site-packages/airflow/example_dags/example_sensor_decorator.py
[2025-02-12T05:10:07.112+0000] {logging_mixin.py:190} INFO - [2025-02-12T05:10:07.112+0000] {dag.py:3239} INFO - Sync 1 DAGs
[2025-02-12T05:10:07.134+0000] {logging_mixin.py:190} INFO - [2025-02-12T05:10:07.133+0000] {dag.py:4180} INFO - Setting next_dagrun for example_sensor_decorator to None, run_after=None
[2025-02-12T05:10:07.167+0000] {processor.py:208} INFO - Processing /home/airflow/.local/lib/python3.12/site-packages/airflow/example_dags/example_sensor_decorator.py took 0.110 seconds
[2025-02-12T05:10:37.338+0000] {processor.py:186} INFO - Started process (PID=763) to work on /home/airflow/.local/lib/python3.12/site-packages/airflow/example_dags/example_sensor_decorator.py
[2025-02-12T05:10:37.339+0000] {processor.py:914} INFO - Processing file /home/airflow/.local/lib/python3.12/site-packages/airflow/example_dags/example_sensor_decorator.py for tasks to queue
[2025-02-12T05:10:37.341+0000] {logging_mixin.py:190} INFO - [2025-02-12T05:10:37.341+0000] {dagbag.py:588} INFO - Filling up the DagBag from /home/airflow/.local/lib/python3.12/site-packages/airflow/example_dags/example_sensor_decorator.py
[2025-02-12T05:10:37.353+0000] {processor.py:925} INFO - DAG(s) 'example_sensor_decorator' retrieved from /home/airflow/.local/lib/python3.12/site-packages/airflow/example_dags/example_sensor_decorator.py
[2025-02-12T05:10:37.379+0000] {logging_mixin.py:190} INFO - [2025-02-12T05:10:37.379+0000] {dag.py:3239} INFO - Sync 1 DAGs
[2025-02-12T05:10:37.401+0000] {logging_mixin.py:190} INFO - [2025-02-12T05:10:37.400+0000] {dag.py:4180} INFO - Setting next_dagrun for example_sensor_decorator to None, run_after=None
[2025-02-12T05:10:37.430+0000] {processor.py:208} INFO - Processing /home/airflow/.local/lib/python3.12/site-packages/airflow/example_dags/example_sensor_decorator.py took 0.099 seconds
[2025-02-12T05:11:07.626+0000] {processor.py:186} INFO - Started process (PID=829) to work on /home/airflow/.local/lib/python3.12/site-packages/airflow/example_dags/example_sensor_decorator.py
[2025-02-12T05:11:07.628+0000] {processor.py:914} INFO - Processing file /home/airflow/.local/lib/python3.12/site-packages/airflow/example_dags/example_sensor_decorator.py for tasks to queue
[2025-02-12T05:11:07.631+0000] {logging_mixin.py:190} INFO - [2025-02-12T05:11:07.631+0000] {dagbag.py:588} INFO - Filling up the DagBag from /home/airflow/.local/lib/python3.12/site-packages/airflow/example_dags/example_sensor_decorator.py
[2025-02-12T05:11:07.645+0000] {processor.py:925} INFO - DAG(s) 'example_sensor_decorator' retrieved from /home/airflow/.local/lib/python3.12/site-packages/airflow/example_dags/example_sensor_decorator.py
[2025-02-12T05:11:07.675+0000] {logging_mixin.py:190} INFO - [2025-02-12T05:11:07.675+0000] {dag.py:3239} INFO - Sync 1 DAGs
[2025-02-12T05:11:07.697+0000] {logging_mixin.py:190} INFO - [2025-02-12T05:11:07.696+0000] {dag.py:4180} INFO - Setting next_dagrun for example_sensor_decorator to None, run_after=None
[2025-02-12T05:11:07.725+0000] {processor.py:208} INFO - Processing /home/airflow/.local/lib/python3.12/site-packages/airflow/example_dags/example_sensor_decorator.py took 0.110 seconds
[2025-02-12T05:11:38.328+0000] {processor.py:186} INFO - Started process (PID=895) to work on /home/airflow/.local/lib/python3.12/site-packages/airflow/example_dags/example_sensor_decorator.py
[2025-02-12T05:11:38.329+0000] {processor.py:914} INFO - Processing file /home/airflow/.local/lib/python3.12/site-packages/airflow/example_dags/example_sensor_decorator.py for tasks to queue
[2025-02-12T05:11:38.332+0000] {logging_mixin.py:190} INFO - [2025-02-12T05:11:38.332+0000] {dagbag.py:588} INFO - Filling up the DagBag from /home/airflow/.local/lib/python3.12/site-packages/airflow/example_dags/example_sensor_decorator.py
[2025-02-12T05:11:38.345+0000] {processor.py:925} INFO - DAG(s) 'example_sensor_decorator' retrieved from /home/airflow/.local/lib/python3.12/site-packages/airflow/example_dags/example_sensor_decorator.py
[2025-02-12T05:11:38.374+0000] {logging_mixin.py:190} INFO - [2025-02-12T05:11:38.374+0000] {dag.py:3239} INFO - Sync 1 DAGs
[2025-02-12T05:11:38.396+0000] {logging_mixin.py:190} INFO - [2025-02-12T05:11:38.396+0000] {dag.py:4180} INFO - Setting next_dagrun for example_sensor_decorator to None, run_after=None
[2025-02-12T05:11:38.423+0000] {processor.py:208} INFO - Processing /home/airflow/.local/lib/python3.12/site-packages/airflow/example_dags/example_sensor_decorator.py took 0.103 seconds
[2025-02-12T05:12:08.869+0000] {processor.py:186} INFO - Started process (PID=960) to work on /home/airflow/.local/lib/python3.12/site-packages/airflow/example_dags/example_sensor_decorator.py
[2025-02-12T05:12:08.871+0000] {processor.py:914} INFO - Processing file /home/airflow/.local/lib/python3.12/site-packages/airflow/example_dags/example_sensor_decorator.py for tasks to queue
[2025-02-12T05:12:08.873+0000] {logging_mixin.py:190} INFO - [2025-02-12T05:12:08.873+0000] {dagbag.py:588} INFO - Filling up the DagBag from /home/airflow/.local/lib/python3.12/site-packages/airflow/example_dags/example_sensor_decorator.py
[2025-02-12T05:12:08.884+0000] {processor.py:925} INFO - DAG(s) 'example_sensor_decorator' retrieved from /home/airflow/.local/lib/python3.12/site-packages/airflow/example_dags/example_sensor_decorator.py
[2025-02-12T05:12:08.906+0000] {logging_mixin.py:190} INFO - [2025-02-12T05:12:08.906+0000] {dag.py:3239} INFO - Sync 1 DAGs
[2025-02-12T05:12:08.925+0000] {logging_mixin.py:190} INFO - [2025-02-12T05:12:08.924+0000] {dag.py:4180} INFO - Setting next_dagrun for example_sensor_decorator to None, run_after=None
[2025-02-12T05:12:08.950+0000] {processor.py:208} INFO - Processing /home/airflow/.local/lib/python3.12/site-packages/airflow/example_dags/example_sensor_decorator.py took 0.088 seconds
[2025-02-12T05:12:39.748+0000] {processor.py:186} INFO - Started process (PID=1025) to work on /home/airflow/.local/lib/python3.12/site-packages/airflow/example_dags/example_sensor_decorator.py
[2025-02-12T05:12:39.749+0000] {processor.py:914} INFO - Processing file /home/airflow/.local/lib/python3.12/site-packages/airflow/example_dags/example_sensor_decorator.py for tasks to queue
[2025-02-12T05:12:39.754+0000] {logging_mixin.py:190} INFO - [2025-02-12T05:12:39.754+0000] {dagbag.py:588} INFO - Filling up the DagBag from /home/airflow/.local/lib/python3.12/site-packages/airflow/example_dags/example_sensor_decorator.py
[2025-02-12T05:12:39.769+0000] {processor.py:925} INFO - DAG(s) 'example_sensor_decorator' retrieved from /home/airflow/.local/lib/python3.12/site-packages/airflow/example_dags/example_sensor_decorator.py
[2025-02-12T05:12:39.808+0000] {logging_mixin.py:190} INFO - [2025-02-12T05:12:39.808+0000] {dag.py:3239} INFO - Sync 1 DAGs
[2025-02-12T05:12:39.837+0000] {logging_mixin.py:190} INFO - [2025-02-12T05:12:39.836+0000] {dag.py:4180} INFO - Setting next_dagrun for example_sensor_decorator to None, run_after=None
[2025-02-12T05:12:39.878+0000] {processor.py:208} INFO - Processing /home/airflow/.local/lib/python3.12/site-packages/airflow/example_dags/example_sensor_decorator.py took 0.141 seconds
[2025-02-12T05:13:10.613+0000] {processor.py:186} INFO - Started process (PID=1091) to work on /home/airflow/.local/lib/python3.12/site-packages/airflow/example_dags/example_sensor_decorator.py
[2025-02-12T05:13:10.615+0000] {processor.py:914} INFO - Processing file /home/airflow/.local/lib/python3.12/site-packages/airflow/example_dags/example_sensor_decorator.py for tasks to queue
[2025-02-12T05:13:10.618+0000] {logging_mixin.py:190} INFO - [2025-02-12T05:13:10.618+0000] {dagbag.py:588} INFO - Filling up the DagBag from /home/airflow/.local/lib/python3.12/site-packages/airflow/example_dags/example_sensor_decorator.py
[2025-02-12T05:13:10.637+0000] {processor.py:925} INFO - DAG(s) 'example_sensor_decorator' retrieved from /home/airflow/.local/lib/python3.12/site-packages/airflow/example_dags/example_sensor_decorator.py
[2025-02-12T05:13:10.673+0000] {logging_mixin.py:190} INFO - [2025-02-12T05:13:10.673+0000] {dag.py:3239} INFO - Sync 1 DAGs
[2025-02-12T05:13:10.698+0000] {logging_mixin.py:190} INFO - [2025-02-12T05:13:10.697+0000] {dag.py:4180} INFO - Setting next_dagrun for example_sensor_decorator to None, run_after=None
[2025-02-12T05:13:10.727+0000] {processor.py:208} INFO - Processing /home/airflow/.local/lib/python3.12/site-packages/airflow/example_dags/example_sensor_decorator.py took 0.126 seconds
[2025-02-12T05:13:41.452+0000] {processor.py:186} INFO - Started process (PID=1157) to work on /home/airflow/.local/lib/python3.12/site-packages/airflow/example_dags/example_sensor_decorator.py
[2025-02-12T05:13:41.453+0000] {processor.py:914} INFO - Processing file /home/airflow/.local/lib/python3.12/site-packages/airflow/example_dags/example_sensor_decorator.py for tasks to queue
[2025-02-12T05:13:41.456+0000] {logging_mixin.py:190} INFO - [2025-02-12T05:13:41.455+0000] {dagbag.py:588} INFO - Filling up the DagBag from /home/airflow/.local/lib/python3.12/site-packages/airflow/example_dags/example_sensor_decorator.py
[2025-02-12T05:13:41.464+0000] {processor.py:925} INFO - DAG(s) 'example_sensor_decorator' retrieved from /home/airflow/.local/lib/python3.12/site-packages/airflow/example_dags/example_sensor_decorator.py
[2025-02-12T05:13:41.495+0000] {logging_mixin.py:190} INFO - [2025-02-12T05:13:41.494+0000] {dag.py:3239} INFO - Sync 1 DAGs
[2025-02-12T05:13:41.519+0000] {logging_mixin.py:190} INFO - [2025-02-12T05:13:41.519+0000] {dag.py:4180} INFO - Setting next_dagrun for example_sensor_decorator to None, run_after=None
[2025-02-12T05:13:41.549+0000] {processor.py:208} INFO - Processing /home/airflow/.local/lib/python3.12/site-packages/airflow/example_dags/example_sensor_decorator.py took 0.105 seconds
[2025-02-12T05:14:12.077+0000] {processor.py:186} INFO - Started process (PID=1223) to work on /home/airflow/.local/lib/python3.12/site-packages/airflow/example_dags/example_sensor_decorator.py
[2025-02-12T05:14:12.078+0000] {processor.py:914} INFO - Processing file /home/airflow/.local/lib/python3.12/site-packages/airflow/example_dags/example_sensor_decorator.py for tasks to queue
[2025-02-12T05:14:12.082+0000] {logging_mixin.py:190} INFO - [2025-02-12T05:14:12.081+0000] {dagbag.py:588} INFO - Filling up the DagBag from /home/airflow/.local/lib/python3.12/site-packages/airflow/example_dags/example_sensor_decorator.py
[2025-02-12T05:14:12.093+0000] {processor.py:925} INFO - DAG(s) 'example_sensor_decorator' retrieved from /home/airflow/.local/lib/python3.12/site-packages/airflow/example_dags/example_sensor_decorator.py
[2025-02-12T05:14:12.125+0000] {logging_mixin.py:190} INFO - [2025-02-12T05:14:12.125+0000] {dag.py:3239} INFO - Sync 1 DAGs
[2025-02-12T05:14:12.148+0000] {logging_mixin.py:190} INFO - [2025-02-12T05:14:12.148+0000] {dag.py:4180} INFO - Setting next_dagrun for example_sensor_decorator to None, run_after=None
[2025-02-12T05:14:12.179+0000] {processor.py:208} INFO - Processing /home/airflow/.local/lib/python3.12/site-packages/airflow/example_dags/example_sensor_decorator.py took 0.110 seconds
[2025-02-12T05:14:42.304+0000] {processor.py:186} INFO - Started process (PID=1289) to work on /home/airflow/.local/lib/python3.12/site-packages/airflow/example_dags/example_sensor_decorator.py
[2025-02-12T05:14:42.305+0000] {processor.py:914} INFO - Processing file /home/airflow/.local/lib/python3.12/site-packages/airflow/example_dags/example_sensor_decorator.py for tasks to queue
[2025-02-12T05:14:42.308+0000] {logging_mixin.py:190} INFO - [2025-02-12T05:14:42.308+0000] {dagbag.py:588} INFO - Filling up the DagBag from /home/airflow/.local/lib/python3.12/site-packages/airflow/example_dags/example_sensor_decorator.py
[2025-02-12T05:14:42.321+0000] {processor.py:925} INFO - DAG(s) 'example_sensor_decorator' retrieved from /home/airflow/.local/lib/python3.12/site-packages/airflow/example_dags/example_sensor_decorator.py
[2025-02-12T05:14:42.351+0000] {logging_mixin.py:190} INFO - [2025-02-12T05:14:42.351+0000] {dag.py:3239} INFO - Sync 1 DAGs
[2025-02-12T05:14:42.373+0000] {logging_mixin.py:190} INFO - [2025-02-12T05:14:42.372+0000] {dag.py:4180} INFO - Setting next_dagrun for example_sensor_decorator to None, run_after=None
[2025-02-12T05:14:42.397+0000] {processor.py:208} INFO - Processing /home/airflow/.local/lib/python3.12/site-packages/airflow/example_dags/example_sensor_decorator.py took 0.103 seconds
[2025-02-12T05:15:13.175+0000] {processor.py:186} INFO - Started process (PID=1355) to work on /home/airflow/.local/lib/python3.12/site-packages/airflow/example_dags/example_sensor_decorator.py
[2025-02-12T05:15:13.176+0000] {processor.py:914} INFO - Processing file /home/airflow/.local/lib/python3.12/site-packages/airflow/example_dags/example_sensor_decorator.py for tasks to queue
[2025-02-12T05:15:13.179+0000] {logging_mixin.py:190} INFO - [2025-02-12T05:15:13.179+0000] {dagbag.py:588} INFO - Filling up the DagBag from /home/airflow/.local/lib/python3.12/site-packages/airflow/example_dags/example_sensor_decorator.py
[2025-02-12T05:15:13.193+0000] {processor.py:925} INFO - DAG(s) 'example_sensor_decorator' retrieved from /home/airflow/.local/lib/python3.12/site-packages/airflow/example_dags/example_sensor_decorator.py
[2025-02-12T05:15:13.219+0000] {logging_mixin.py:190} INFO - [2025-02-12T05:15:13.218+0000] {dag.py:3239} INFO - Sync 1 DAGs
[2025-02-12T05:15:13.240+0000] {logging_mixin.py:190} INFO - [2025-02-12T05:15:13.239+0000] {dag.py:4180} INFO - Setting next_dagrun for example_sensor_decorator to None, run_after=None
[2025-02-12T05:15:13.268+0000] {processor.py:208} INFO - Processing /home/airflow/.local/lib/python3.12/site-packages/airflow/example_dags/example_sensor_decorator.py took 0.102 seconds
[2025-02-12T05:15:43.367+0000] {processor.py:186} INFO - Started process (PID=1421) to work on /home/airflow/.local/lib/python3.12/site-packages/airflow/example_dags/example_sensor_decorator.py
[2025-02-12T05:15:43.368+0000] {processor.py:914} INFO - Processing file /home/airflow/.local/lib/python3.12/site-packages/airflow/example_dags/example_sensor_decorator.py for tasks to queue
[2025-02-12T05:15:43.372+0000] {logging_mixin.py:190} INFO - [2025-02-12T05:15:43.371+0000] {dagbag.py:588} INFO - Filling up the DagBag from /home/airflow/.local/lib/python3.12/site-packages/airflow/example_dags/example_sensor_decorator.py
[2025-02-12T05:15:43.385+0000] {processor.py:925} INFO - DAG(s) 'example_sensor_decorator' retrieved from /home/airflow/.local/lib/python3.12/site-packages/airflow/example_dags/example_sensor_decorator.py
[2025-02-12T05:15:43.416+0000] {logging_mixin.py:190} INFO - [2025-02-12T05:15:43.416+0000] {dag.py:3239} INFO - Sync 1 DAGs
[2025-02-12T05:15:43.437+0000] {logging_mixin.py:190} INFO - [2025-02-12T05:15:43.437+0000] {dag.py:4180} INFO - Setting next_dagrun for example_sensor_decorator to None, run_after=None
[2025-02-12T05:15:43.467+0000] {processor.py:208} INFO - Processing /home/airflow/.local/lib/python3.12/site-packages/airflow/example_dags/example_sensor_decorator.py took 0.108 seconds
[2025-02-12T05:16:14.338+0000] {processor.py:186} INFO - Started process (PID=1487) to work on /home/airflow/.local/lib/python3.12/site-packages/airflow/example_dags/example_sensor_decorator.py
[2025-02-12T05:16:14.340+0000] {processor.py:914} INFO - Processing file /home/airflow/.local/lib/python3.12/site-packages/airflow/example_dags/example_sensor_decorator.py for tasks to queue
[2025-02-12T05:16:14.342+0000] {logging_mixin.py:190} INFO - [2025-02-12T05:16:14.342+0000] {dagbag.py:588} INFO - Filling up the DagBag from /home/airflow/.local/lib/python3.12/site-packages/airflow/example_dags/example_sensor_decorator.py
[2025-02-12T05:16:14.353+0000] {processor.py:925} INFO - DAG(s) 'example_sensor_decorator' retrieved from /home/airflow/.local/lib/python3.12/site-packages/airflow/example_dags/example_sensor_decorator.py
[2025-02-12T05:16:14.380+0000] {logging_mixin.py:190} INFO - [2025-02-12T05:16:14.379+0000] {dag.py:3239} INFO - Sync 1 DAGs
[2025-02-12T05:16:14.400+0000] {logging_mixin.py:190} INFO - [2025-02-12T05:16:14.400+0000] {dag.py:4180} INFO - Setting next_dagrun for example_sensor_decorator to None, run_after=None
[2025-02-12T05:16:14.428+0000] {processor.py:208} INFO - Processing /home/airflow/.local/lib/python3.12/site-packages/airflow/example_dags/example_sensor_decorator.py took 0.097 seconds
[2025-02-12T05:16:44.970+0000] {processor.py:186} INFO - Started process (PID=1554) to work on /home/airflow/.local/lib/python3.12/site-packages/airflow/example_dags/example_sensor_decorator.py
[2025-02-12T05:16:44.971+0000] {processor.py:914} INFO - Processing file /home/airflow/.local/lib/python3.12/site-packages/airflow/example_dags/example_sensor_decorator.py for tasks to queue
[2025-02-12T05:16:44.975+0000] {logging_mixin.py:190} INFO - [2025-02-12T05:16:44.974+0000] {dagbag.py:588} INFO - Filling up the DagBag from /home/airflow/.local/lib/python3.12/site-packages/airflow/example_dags/example_sensor_decorator.py
[2025-02-12T05:16:44.988+0000] {processor.py:925} INFO - DAG(s) 'example_sensor_decorator' retrieved from /home/airflow/.local/lib/python3.12/site-packages/airflow/example_dags/example_sensor_decorator.py
[2025-02-12T05:16:45.016+0000] {logging_mixin.py:190} INFO - [2025-02-12T05:16:45.016+0000] {dag.py:3239} INFO - Sync 1 DAGs
[2025-02-12T05:16:45.033+0000] {logging_mixin.py:190} INFO - [2025-02-12T05:16:45.033+0000] {dag.py:4180} INFO - Setting next_dagrun for example_sensor_decorator to None, run_after=None
[2025-02-12T05:16:45.063+0000] {processor.py:208} INFO - Processing /home/airflow/.local/lib/python3.12/site-packages/airflow/example_dags/example_sensor_decorator.py took 0.100 seconds
[2025-02-12T05:17:15.897+0000] {processor.py:186} INFO - Started process (PID=1620) to work on /home/airflow/.local/lib/python3.12/site-packages/airflow/example_dags/example_sensor_decorator.py
[2025-02-12T05:17:15.898+0000] {processor.py:914} INFO - Processing file /home/airflow/.local/lib/python3.12/site-packages/airflow/example_dags/example_sensor_decorator.py for tasks to queue
[2025-02-12T05:17:15.903+0000] {logging_mixin.py:190} INFO - [2025-02-12T05:17:15.902+0000] {dagbag.py:588} INFO - Filling up the DagBag from /home/airflow/.local/lib/python3.12/site-packages/airflow/example_dags/example_sensor_decorator.py
[2025-02-12T05:17:15.925+0000] {processor.py:925} INFO - DAG(s) 'example_sensor_decorator' retrieved from /home/airflow/.local/lib/python3.12/site-packages/airflow/example_dags/example_sensor_decorator.py
[2025-02-12T05:17:15.954+0000] {logging_mixin.py:190} INFO - [2025-02-12T05:17:15.953+0000] {dag.py:3239} INFO - Sync 1 DAGs
[2025-02-12T05:17:15.977+0000] {logging_mixin.py:190} INFO - [2025-02-12T05:17:15.977+0000] {dag.py:4180} INFO - Setting next_dagrun for example_sensor_decorator to None, run_after=None
[2025-02-12T05:17:16.004+0000] {processor.py:208} INFO - Processing /home/airflow/.local/lib/python3.12/site-packages/airflow/example_dags/example_sensor_decorator.py took 0.116 seconds
[2025-02-12T05:17:46.625+0000] {processor.py:186} INFO - Started process (PID=1686) to work on /home/airflow/.local/lib/python3.12/site-packages/airflow/example_dags/example_sensor_decorator.py
[2025-02-12T05:17:46.627+0000] {processor.py:914} INFO - Processing file /home/airflow/.local/lib/python3.12/site-packages/airflow/example_dags/example_sensor_decorator.py for tasks to queue
[2025-02-12T05:17:46.633+0000] {logging_mixin.py:190} INFO - [2025-02-12T05:17:46.632+0000] {dagbag.py:588} INFO - Filling up the DagBag from /home/airflow/.local/lib/python3.12/site-packages/airflow/example_dags/example_sensor_decorator.py
[2025-02-12T05:17:46.654+0000] {processor.py:925} INFO - DAG(s) 'example_sensor_decorator' retrieved from /home/airflow/.local/lib/python3.12/site-packages/airflow/example_dags/example_sensor_decorator.py
[2025-02-12T05:17:46.697+0000] {logging_mixin.py:190} INFO - [2025-02-12T05:17:46.697+0000] {dag.py:3239} INFO - Sync 1 DAGs
[2025-02-12T05:17:46.726+0000] {logging_mixin.py:190} INFO - [2025-02-12T05:17:46.726+0000] {dag.py:4180} INFO - Setting next_dagrun for example_sensor_decorator to None, run_after=None
[2025-02-12T05:17:46.761+0000] {processor.py:208} INFO - Processing /home/airflow/.local/lib/python3.12/site-packages/airflow/example_dags/example_sensor_decorator.py took 0.150 seconds
[2025-02-12T05:18:17.385+0000] {processor.py:186} INFO - Started process (PID=1758) to work on /home/airflow/.local/lib/python3.12/site-packages/airflow/example_dags/example_sensor_decorator.py
[2025-02-12T05:18:17.386+0000] {processor.py:914} INFO - Processing file /home/airflow/.local/lib/python3.12/site-packages/airflow/example_dags/example_sensor_decorator.py for tasks to queue
[2025-02-12T05:18:17.389+0000] {logging_mixin.py:190} INFO - [2025-02-12T05:18:17.388+0000] {dagbag.py:588} INFO - Filling up the DagBag from /home/airflow/.local/lib/python3.12/site-packages/airflow/example_dags/example_sensor_decorator.py
[2025-02-12T05:18:17.402+0000] {processor.py:925} INFO - DAG(s) 'example_sensor_decorator' retrieved from /home/airflow/.local/lib/python3.12/site-packages/airflow/example_dags/example_sensor_decorator.py
[2025-02-12T05:18:17.431+0000] {logging_mixin.py:190} INFO - [2025-02-12T05:18:17.431+0000] {dag.py:3239} INFO - Sync 1 DAGs
[2025-02-12T05:18:17.455+0000] {logging_mixin.py:190} INFO - [2025-02-12T05:18:17.455+0000] {dag.py:4180} INFO - Setting next_dagrun for example_sensor_decorator to None, run_after=None
[2025-02-12T05:18:17.481+0000] {processor.py:208} INFO - Processing /home/airflow/.local/lib/python3.12/site-packages/airflow/example_dags/example_sensor_decorator.py took 0.104 seconds
[2025-02-12T05:18:47.761+0000] {processor.py:186} INFO - Started process (PID=1824) to work on /home/airflow/.local/lib/python3.12/site-packages/airflow/example_dags/example_sensor_decorator.py
[2025-02-12T05:18:47.763+0000] {processor.py:914} INFO - Processing file /home/airflow/.local/lib/python3.12/site-packages/airflow/example_dags/example_sensor_decorator.py for tasks to queue
[2025-02-12T05:18:47.766+0000] {logging_mixin.py:190} INFO - [2025-02-12T05:18:47.765+0000] {dagbag.py:588} INFO - Filling up the DagBag from /home/airflow/.local/lib/python3.12/site-packages/airflow/example_dags/example_sensor_decorator.py
[2025-02-12T05:18:47.781+0000] {processor.py:925} INFO - DAG(s) 'example_sensor_decorator' retrieved from /home/airflow/.local/lib/python3.12/site-packages/airflow/example_dags/example_sensor_decorator.py
[2025-02-12T05:18:47.807+0000] {logging_mixin.py:190} INFO - [2025-02-12T05:18:47.807+0000] {dag.py:3239} INFO - Sync 1 DAGs
[2025-02-12T05:18:47.827+0000] {logging_mixin.py:190} INFO - [2025-02-12T05:18:47.827+0000] {dag.py:4180} INFO - Setting next_dagrun for example_sensor_decorator to None, run_after=None
[2025-02-12T05:18:47.855+0000] {processor.py:208} INFO - Processing /home/airflow/.local/lib/python3.12/site-packages/airflow/example_dags/example_sensor_decorator.py took 0.103 seconds
[2025-02-12T05:19:18.665+0000] {processor.py:186} INFO - Started process (PID=1890) to work on /home/airflow/.local/lib/python3.12/site-packages/airflow/example_dags/example_sensor_decorator.py
[2025-02-12T05:19:18.666+0000] {processor.py:914} INFO - Processing file /home/airflow/.local/lib/python3.12/site-packages/airflow/example_dags/example_sensor_decorator.py for tasks to queue
[2025-02-12T05:19:18.669+0000] {logging_mixin.py:190} INFO - [2025-02-12T05:19:18.668+0000] {dagbag.py:588} INFO - Filling up the DagBag from /home/airflow/.local/lib/python3.12/site-packages/airflow/example_dags/example_sensor_decorator.py
[2025-02-12T05:19:18.677+0000] {processor.py:925} INFO - DAG(s) 'example_sensor_decorator' retrieved from /home/airflow/.local/lib/python3.12/site-packages/airflow/example_dags/example_sensor_decorator.py
[2025-02-12T05:19:18.697+0000] {logging_mixin.py:190} INFO - [2025-02-12T05:19:18.697+0000] {dag.py:3239} INFO - Sync 1 DAGs
[2025-02-12T05:19:18.711+0000] {logging_mixin.py:190} INFO - [2025-02-12T05:19:18.711+0000] {dag.py:4180} INFO - Setting next_dagrun for example_sensor_decorator to None, run_after=None
[2025-02-12T05:19:18.731+0000] {processor.py:208} INFO - Processing /home/airflow/.local/lib/python3.12/site-packages/airflow/example_dags/example_sensor_decorator.py took 0.071 seconds
[2025-02-12T05:19:49.491+0000] {processor.py:186} INFO - Started process (PID=1956) to work on /home/airflow/.local/lib/python3.12/site-packages/airflow/example_dags/example_sensor_decorator.py
[2025-02-12T05:19:49.492+0000] {processor.py:914} INFO - Processing file /home/airflow/.local/lib/python3.12/site-packages/airflow/example_dags/example_sensor_decorator.py for tasks to queue
[2025-02-12T05:19:49.494+0000] {logging_mixin.py:190} INFO - [2025-02-12T05:19:49.494+0000] {dagbag.py:588} INFO - Filling up the DagBag from /home/airflow/.local/lib/python3.12/site-packages/airflow/example_dags/example_sensor_decorator.py
[2025-02-12T05:19:49.502+0000] {processor.py:925} INFO - DAG(s) 'example_sensor_decorator' retrieved from /home/airflow/.local/lib/python3.12/site-packages/airflow/example_dags/example_sensor_decorator.py
[2025-02-12T05:19:49.521+0000] {logging_mixin.py:190} INFO - [2025-02-12T05:19:49.521+0000] {dag.py:3239} INFO - Sync 1 DAGs
[2025-02-12T05:19:49.715+0000] {logging_mixin.py:190} INFO - [2025-02-12T05:19:49.715+0000] {dag.py:4180} INFO - Setting next_dagrun for example_sensor_decorator to None, run_after=None
[2025-02-12T05:19:49.731+0000] {processor.py:208} INFO - Processing /home/airflow/.local/lib/python3.12/site-packages/airflow/example_dags/example_sensor_decorator.py took 0.245 seconds
[2025-02-12T05:20:19.879+0000] {processor.py:186} INFO - Started process (PID=2022) to work on /home/airflow/.local/lib/python3.12/site-packages/airflow/example_dags/example_sensor_decorator.py
[2025-02-12T05:20:19.880+0000] {processor.py:914} INFO - Processing file /home/airflow/.local/lib/python3.12/site-packages/airflow/example_dags/example_sensor_decorator.py for tasks to queue
[2025-02-12T05:20:19.882+0000] {logging_mixin.py:190} INFO - [2025-02-12T05:20:19.882+0000] {dagbag.py:588} INFO - Filling up the DagBag from /home/airflow/.local/lib/python3.12/site-packages/airflow/example_dags/example_sensor_decorator.py
[2025-02-12T05:20:19.890+0000] {processor.py:925} INFO - DAG(s) 'example_sensor_decorator' retrieved from /home/airflow/.local/lib/python3.12/site-packages/airflow/example_dags/example_sensor_decorator.py
[2025-02-12T05:20:19.910+0000] {logging_mixin.py:190} INFO - [2025-02-12T05:20:19.909+0000] {dag.py:3239} INFO - Sync 1 DAGs
[2025-02-12T05:20:19.922+0000] {logging_mixin.py:190} INFO - [2025-02-12T05:20:19.922+0000] {dag.py:4180} INFO - Setting next_dagrun for example_sensor_decorator to None, run_after=None
[2025-02-12T05:20:19.941+0000] {processor.py:208} INFO - Processing /home/airflow/.local/lib/python3.12/site-packages/airflow/example_dags/example_sensor_decorator.py took 0.067 seconds
[2025-02-12T05:20:50.082+0000] {processor.py:186} INFO - Started process (PID=2087) to work on /home/airflow/.local/lib/python3.12/site-packages/airflow/example_dags/example_sensor_decorator.py
[2025-02-12T05:20:50.083+0000] {processor.py:914} INFO - Processing file /home/airflow/.local/lib/python3.12/site-packages/airflow/example_dags/example_sensor_decorator.py for tasks to queue
[2025-02-12T05:20:50.085+0000] {logging_mixin.py:190} INFO - [2025-02-12T05:20:50.085+0000] {dagbag.py:588} INFO - Filling up the DagBag from /home/airflow/.local/lib/python3.12/site-packages/airflow/example_dags/example_sensor_decorator.py
[2025-02-12T05:20:50.095+0000] {processor.py:925} INFO - DAG(s) 'example_sensor_decorator' retrieved from /home/airflow/.local/lib/python3.12/site-packages/airflow/example_dags/example_sensor_decorator.py
[2025-02-12T05:20:50.114+0000] {logging_mixin.py:190} INFO - [2025-02-12T05:20:50.114+0000] {dag.py:3239} INFO - Sync 1 DAGs
[2025-02-12T05:20:50.127+0000] {logging_mixin.py:190} INFO - [2025-02-12T05:20:50.126+0000] {dag.py:4180} INFO - Setting next_dagrun for example_sensor_decorator to None, run_after=None
[2025-02-12T05:20:50.145+0000] {processor.py:208} INFO - Processing /home/airflow/.local/lib/python3.12/site-packages/airflow/example_dags/example_sensor_decorator.py took 0.068 seconds
[2025-02-12T05:21:20.536+0000] {processor.py:186} INFO - Started process (PID=2154) to work on /home/airflow/.local/lib/python3.12/site-packages/airflow/example_dags/example_sensor_decorator.py
[2025-02-12T05:21:20.537+0000] {processor.py:914} INFO - Processing file /home/airflow/.local/lib/python3.12/site-packages/airflow/example_dags/example_sensor_decorator.py for tasks to queue
[2025-02-12T05:21:20.540+0000] {logging_mixin.py:190} INFO - [2025-02-12T05:21:20.539+0000] {dagbag.py:588} INFO - Filling up the DagBag from /home/airflow/.local/lib/python3.12/site-packages/airflow/example_dags/example_sensor_decorator.py
[2025-02-12T05:21:20.549+0000] {processor.py:925} INFO - DAG(s) 'example_sensor_decorator' retrieved from /home/airflow/.local/lib/python3.12/site-packages/airflow/example_dags/example_sensor_decorator.py
[2025-02-12T05:21:20.568+0000] {logging_mixin.py:190} INFO - [2025-02-12T05:21:20.568+0000] {dag.py:3239} INFO - Sync 1 DAGs
[2025-02-12T05:21:20.582+0000] {logging_mixin.py:190} INFO - [2025-02-12T05:21:20.582+0000] {dag.py:4180} INFO - Setting next_dagrun for example_sensor_decorator to None, run_after=None
[2025-02-12T05:21:20.600+0000] {processor.py:208} INFO - Processing /home/airflow/.local/lib/python3.12/site-packages/airflow/example_dags/example_sensor_decorator.py took 0.069 seconds
[2025-02-12T05:21:50.967+0000] {processor.py:186} INFO - Started process (PID=2220) to work on /home/airflow/.local/lib/python3.12/site-packages/airflow/example_dags/example_sensor_decorator.py
[2025-02-12T05:21:50.968+0000] {processor.py:914} INFO - Processing file /home/airflow/.local/lib/python3.12/site-packages/airflow/example_dags/example_sensor_decorator.py for tasks to queue
[2025-02-12T05:21:50.971+0000] {logging_mixin.py:190} INFO - [2025-02-12T05:21:50.971+0000] {dagbag.py:588} INFO - Filling up the DagBag from /home/airflow/.local/lib/python3.12/site-packages/airflow/example_dags/example_sensor_decorator.py
[2025-02-12T05:21:50.980+0000] {processor.py:925} INFO - DAG(s) 'example_sensor_decorator' retrieved from /home/airflow/.local/lib/python3.12/site-packages/airflow/example_dags/example_sensor_decorator.py
[2025-02-12T05:21:50.999+0000] {logging_mixin.py:190} INFO - [2025-02-12T05:21:50.999+0000] {dag.py:3239} INFO - Sync 1 DAGs
[2025-02-12T05:21:51.012+0000] {logging_mixin.py:190} INFO - [2025-02-12T05:21:51.012+0000] {dag.py:4180} INFO - Setting next_dagrun for example_sensor_decorator to None, run_after=None
[2025-02-12T05:21:51.030+0000] {processor.py:208} INFO - Processing /home/airflow/.local/lib/python3.12/site-packages/airflow/example_dags/example_sensor_decorator.py took 0.068 seconds
[2025-02-12T05:22:21.439+0000] {processor.py:186} INFO - Started process (PID=2286) to work on /home/airflow/.local/lib/python3.12/site-packages/airflow/example_dags/example_sensor_decorator.py
[2025-02-12T05:22:21.440+0000] {processor.py:914} INFO - Processing file /home/airflow/.local/lib/python3.12/site-packages/airflow/example_dags/example_sensor_decorator.py for tasks to queue
[2025-02-12T05:22:21.442+0000] {logging_mixin.py:190} INFO - [2025-02-12T05:22:21.442+0000] {dagbag.py:588} INFO - Filling up the DagBag from /home/airflow/.local/lib/python3.12/site-packages/airflow/example_dags/example_sensor_decorator.py
[2025-02-12T05:22:21.451+0000] {processor.py:925} INFO - DAG(s) 'example_sensor_decorator' retrieved from /home/airflow/.local/lib/python3.12/site-packages/airflow/example_dags/example_sensor_decorator.py
[2025-02-12T05:22:21.473+0000] {logging_mixin.py:190} INFO - [2025-02-12T05:22:21.473+0000] {dag.py:3239} INFO - Sync 1 DAGs
[2025-02-12T05:22:21.486+0000] {logging_mixin.py:190} INFO - [2025-02-12T05:22:21.486+0000] {dag.py:4180} INFO - Setting next_dagrun for example_sensor_decorator to None, run_after=None
[2025-02-12T05:22:21.503+0000] {processor.py:208} INFO - Processing /home/airflow/.local/lib/python3.12/site-packages/airflow/example_dags/example_sensor_decorator.py took 0.071 seconds
[2025-02-12T05:22:51.873+0000] {processor.py:186} INFO - Started process (PID=2352) to work on /home/airflow/.local/lib/python3.12/site-packages/airflow/example_dags/example_sensor_decorator.py
[2025-02-12T05:22:51.874+0000] {processor.py:914} INFO - Processing file /home/airflow/.local/lib/python3.12/site-packages/airflow/example_dags/example_sensor_decorator.py for tasks to queue
[2025-02-12T05:22:51.877+0000] {logging_mixin.py:190} INFO - [2025-02-12T05:22:51.876+0000] {dagbag.py:588} INFO - Filling up the DagBag from /home/airflow/.local/lib/python3.12/site-packages/airflow/example_dags/example_sensor_decorator.py
[2025-02-12T05:22:51.886+0000] {processor.py:925} INFO - DAG(s) 'example_sensor_decorator' retrieved from /home/airflow/.local/lib/python3.12/site-packages/airflow/example_dags/example_sensor_decorator.py
[2025-02-12T05:22:51.909+0000] {logging_mixin.py:190} INFO - [2025-02-12T05:22:51.909+0000] {dag.py:3239} INFO - Sync 1 DAGs
[2025-02-12T05:22:51.925+0000] {logging_mixin.py:190} INFO - [2025-02-12T05:22:51.925+0000] {dag.py:4180} INFO - Setting next_dagrun for example_sensor_decorator to None, run_after=None
[2025-02-12T05:22:51.944+0000] {processor.py:208} INFO - Processing /home/airflow/.local/lib/python3.12/site-packages/airflow/example_dags/example_sensor_decorator.py took 0.080 seconds
[2025-02-12T05:23:22.079+0000] {processor.py:186} INFO - Started process (PID=2418) to work on /home/airflow/.local/lib/python3.12/site-packages/airflow/example_dags/example_sensor_decorator.py
[2025-02-12T05:23:22.080+0000] {processor.py:914} INFO - Processing file /home/airflow/.local/lib/python3.12/site-packages/airflow/example_dags/example_sensor_decorator.py for tasks to queue
[2025-02-12T05:23:22.083+0000] {logging_mixin.py:190} INFO - [2025-02-12T05:23:22.082+0000] {dagbag.py:588} INFO - Filling up the DagBag from /home/airflow/.local/lib/python3.12/site-packages/airflow/example_dags/example_sensor_decorator.py
[2025-02-12T05:23:22.092+0000] {processor.py:925} INFO - DAG(s) 'example_sensor_decorator' retrieved from /home/airflow/.local/lib/python3.12/site-packages/airflow/example_dags/example_sensor_decorator.py
[2025-02-12T05:23:22.115+0000] {logging_mixin.py:190} INFO - [2025-02-12T05:23:22.115+0000] {dag.py:3239} INFO - Sync 1 DAGs
[2025-02-12T05:23:22.128+0000] {logging_mixin.py:190} INFO - [2025-02-12T05:23:22.128+0000] {dag.py:4180} INFO - Setting next_dagrun for example_sensor_decorator to None, run_after=None
[2025-02-12T05:23:22.146+0000] {processor.py:208} INFO - Processing /home/airflow/.local/lib/python3.12/site-packages/airflow/example_dags/example_sensor_decorator.py took 0.073 seconds
[2025-02-12T05:23:52.627+0000] {processor.py:186} INFO - Started process (PID=2484) to work on /home/airflow/.local/lib/python3.12/site-packages/airflow/example_dags/example_sensor_decorator.py
[2025-02-12T05:23:52.628+0000] {processor.py:914} INFO - Processing file /home/airflow/.local/lib/python3.12/site-packages/airflow/example_dags/example_sensor_decorator.py for tasks to queue
[2025-02-12T05:23:52.630+0000] {logging_mixin.py:190} INFO - [2025-02-12T05:23:52.630+0000] {dagbag.py:588} INFO - Filling up the DagBag from /home/airflow/.local/lib/python3.12/site-packages/airflow/example_dags/example_sensor_decorator.py
[2025-02-12T05:23:52.638+0000] {processor.py:925} INFO - DAG(s) 'example_sensor_decorator' retrieved from /home/airflow/.local/lib/python3.12/site-packages/airflow/example_dags/example_sensor_decorator.py
[2025-02-12T05:23:52.657+0000] {logging_mixin.py:190} INFO - [2025-02-12T05:23:52.657+0000] {dag.py:3239} INFO - Sync 1 DAGs
[2025-02-12T05:23:52.671+0000] {logging_mixin.py:190} INFO - [2025-02-12T05:23:52.671+0000] {dag.py:4180} INFO - Setting next_dagrun for example_sensor_decorator to None, run_after=None
[2025-02-12T05:23:52.688+0000] {processor.py:208} INFO - Processing /home/airflow/.local/lib/python3.12/site-packages/airflow/example_dags/example_sensor_decorator.py took 0.066 seconds
[2025-02-12T05:24:23.042+0000] {processor.py:186} INFO - Started process (PID=2550) to work on /home/airflow/.local/lib/python3.12/site-packages/airflow/example_dags/example_sensor_decorator.py
[2025-02-12T05:24:23.043+0000] {processor.py:914} INFO - Processing file /home/airflow/.local/lib/python3.12/site-packages/airflow/example_dags/example_sensor_decorator.py for tasks to queue
[2025-02-12T05:24:23.045+0000] {logging_mixin.py:190} INFO - [2025-02-12T05:24:23.045+0000] {dagbag.py:588} INFO - Filling up the DagBag from /home/airflow/.local/lib/python3.12/site-packages/airflow/example_dags/example_sensor_decorator.py
[2025-02-12T05:24:23.054+0000] {processor.py:925} INFO - DAG(s) 'example_sensor_decorator' retrieved from /home/airflow/.local/lib/python3.12/site-packages/airflow/example_dags/example_sensor_decorator.py
[2025-02-12T05:24:23.073+0000] {logging_mixin.py:190} INFO - [2025-02-12T05:24:23.073+0000] {dag.py:3239} INFO - Sync 1 DAGs
[2025-02-12T05:24:23.087+0000] {logging_mixin.py:190} INFO - [2025-02-12T05:24:23.086+0000] {dag.py:4180} INFO - Setting next_dagrun for example_sensor_decorator to None, run_after=None
[2025-02-12T05:24:23.105+0000] {processor.py:208} INFO - Processing /home/airflow/.local/lib/python3.12/site-packages/airflow/example_dags/example_sensor_decorator.py took 0.069 seconds
[2025-02-12T05:24:53.539+0000] {processor.py:186} INFO - Started process (PID=2616) to work on /home/airflow/.local/lib/python3.12/site-packages/airflow/example_dags/example_sensor_decorator.py
[2025-02-12T05:24:53.540+0000] {processor.py:914} INFO - Processing file /home/airflow/.local/lib/python3.12/site-packages/airflow/example_dags/example_sensor_decorator.py for tasks to queue
[2025-02-12T05:24:53.542+0000] {logging_mixin.py:190} INFO - [2025-02-12T05:24:53.541+0000] {dagbag.py:588} INFO - Filling up the DagBag from /home/airflow/.local/lib/python3.12/site-packages/airflow/example_dags/example_sensor_decorator.py
[2025-02-12T05:24:53.550+0000] {processor.py:925} INFO - DAG(s) 'example_sensor_decorator' retrieved from /home/airflow/.local/lib/python3.12/site-packages/airflow/example_dags/example_sensor_decorator.py
[2025-02-12T05:24:53.569+0000] {logging_mixin.py:190} INFO - [2025-02-12T05:24:53.569+0000] {dag.py:3239} INFO - Sync 1 DAGs
[2025-02-12T05:24:53.581+0000] {logging_mixin.py:190} INFO - [2025-02-12T05:24:53.581+0000] {dag.py:4180} INFO - Setting next_dagrun for example_sensor_decorator to None, run_after=None
[2025-02-12T05:24:53.599+0000] {processor.py:208} INFO - Processing /home/airflow/.local/lib/python3.12/site-packages/airflow/example_dags/example_sensor_decorator.py took 0.066 seconds
[2025-02-12T05:25:24.108+0000] {processor.py:186} INFO - Started process (PID=2682) to work on /home/airflow/.local/lib/python3.12/site-packages/airflow/example_dags/example_sensor_decorator.py
[2025-02-12T05:25:24.109+0000] {processor.py:914} INFO - Processing file /home/airflow/.local/lib/python3.12/site-packages/airflow/example_dags/example_sensor_decorator.py for tasks to queue
[2025-02-12T05:25:24.111+0000] {logging_mixin.py:190} INFO - [2025-02-12T05:25:24.110+0000] {dagbag.py:588} INFO - Filling up the DagBag from /home/airflow/.local/lib/python3.12/site-packages/airflow/example_dags/example_sensor_decorator.py
[2025-02-12T05:25:24.119+0000] {processor.py:925} INFO - DAG(s) 'example_sensor_decorator' retrieved from /home/airflow/.local/lib/python3.12/site-packages/airflow/example_dags/example_sensor_decorator.py
[2025-02-12T05:25:24.139+0000] {logging_mixin.py:190} INFO - [2025-02-12T05:25:24.139+0000] {dag.py:3239} INFO - Sync 1 DAGs
[2025-02-12T05:25:24.152+0000] {logging_mixin.py:190} INFO - [2025-02-12T05:25:24.152+0000] {dag.py:4180} INFO - Setting next_dagrun for example_sensor_decorator to None, run_after=None
[2025-02-12T05:25:24.171+0000] {processor.py:208} INFO - Processing /home/airflow/.local/lib/python3.12/site-packages/airflow/example_dags/example_sensor_decorator.py took 0.068 seconds
[2025-02-12T05:25:54.375+0000] {processor.py:186} INFO - Started process (PID=2748) to work on /home/airflow/.local/lib/python3.12/site-packages/airflow/example_dags/example_sensor_decorator.py
[2025-02-12T05:25:54.376+0000] {processor.py:914} INFO - Processing file /home/airflow/.local/lib/python3.12/site-packages/airflow/example_dags/example_sensor_decorator.py for tasks to queue
[2025-02-12T05:25:54.379+0000] {logging_mixin.py:190} INFO - [2025-02-12T05:25:54.378+0000] {dagbag.py:588} INFO - Filling up the DagBag from /home/airflow/.local/lib/python3.12/site-packages/airflow/example_dags/example_sensor_decorator.py
[2025-02-12T05:25:54.386+0000] {processor.py:925} INFO - DAG(s) 'example_sensor_decorator' retrieved from /home/airflow/.local/lib/python3.12/site-packages/airflow/example_dags/example_sensor_decorator.py
[2025-02-12T05:25:54.407+0000] {logging_mixin.py:190} INFO - [2025-02-12T05:25:54.407+0000] {dag.py:3239} INFO - Sync 1 DAGs
[2025-02-12T05:25:54.419+0000] {logging_mixin.py:190} INFO - [2025-02-12T05:25:54.419+0000] {dag.py:4180} INFO - Setting next_dagrun for example_sensor_decorator to None, run_after=None
[2025-02-12T05:25:54.436+0000] {processor.py:208} INFO - Processing /home/airflow/.local/lib/python3.12/site-packages/airflow/example_dags/example_sensor_decorator.py took 0.066 seconds
[2025-02-12T05:26:24.502+0000] {processor.py:186} INFO - Started process (PID=2814) to work on /home/airflow/.local/lib/python3.12/site-packages/airflow/example_dags/example_sensor_decorator.py
[2025-02-12T05:26:24.503+0000] {processor.py:914} INFO - Processing file /home/airflow/.local/lib/python3.12/site-packages/airflow/example_dags/example_sensor_decorator.py for tasks to queue
[2025-02-12T05:26:24.506+0000] {logging_mixin.py:190} INFO - [2025-02-12T05:26:24.505+0000] {dagbag.py:588} INFO - Filling up the DagBag from /home/airflow/.local/lib/python3.12/site-packages/airflow/example_dags/example_sensor_decorator.py
[2025-02-12T05:26:24.514+0000] {processor.py:925} INFO - DAG(s) 'example_sensor_decorator' retrieved from /home/airflow/.local/lib/python3.12/site-packages/airflow/example_dags/example_sensor_decorator.py
[2025-02-12T05:26:24.534+0000] {logging_mixin.py:190} INFO - [2025-02-12T05:26:24.534+0000] {dag.py:3239} INFO - Sync 1 DAGs
[2025-02-12T05:26:24.547+0000] {logging_mixin.py:190} INFO - [2025-02-12T05:26:24.547+0000] {dag.py:4180} INFO - Setting next_dagrun for example_sensor_decorator to None, run_after=None
[2025-02-12T05:26:24.563+0000] {processor.py:208} INFO - Processing /home/airflow/.local/lib/python3.12/site-packages/airflow/example_dags/example_sensor_decorator.py took 0.067 seconds
[2025-02-12T05:26:54.676+0000] {processor.py:186} INFO - Started process (PID=2880) to work on /home/airflow/.local/lib/python3.12/site-packages/airflow/example_dags/example_sensor_decorator.py
[2025-02-12T05:26:54.677+0000] {processor.py:914} INFO - Processing file /home/airflow/.local/lib/python3.12/site-packages/airflow/example_dags/example_sensor_decorator.py for tasks to queue
[2025-02-12T05:26:54.680+0000] {logging_mixin.py:190} INFO - [2025-02-12T05:26:54.679+0000] {dagbag.py:588} INFO - Filling up the DagBag from /home/airflow/.local/lib/python3.12/site-packages/airflow/example_dags/example_sensor_decorator.py
[2025-02-12T05:26:54.688+0000] {processor.py:925} INFO - DAG(s) 'example_sensor_decorator' retrieved from /home/airflow/.local/lib/python3.12/site-packages/airflow/example_dags/example_sensor_decorator.py
[2025-02-12T05:26:54.707+0000] {logging_mixin.py:190} INFO - [2025-02-12T05:26:54.706+0000] {dag.py:3239} INFO - Sync 1 DAGs
[2025-02-12T05:26:54.720+0000] {logging_mixin.py:190} INFO - [2025-02-12T05:26:54.720+0000] {dag.py:4180} INFO - Setting next_dagrun for example_sensor_decorator to None, run_after=None
[2025-02-12T05:26:54.737+0000] {processor.py:208} INFO - Processing /home/airflow/.local/lib/python3.12/site-packages/airflow/example_dags/example_sensor_decorator.py took 0.066 seconds
[2025-02-12T05:27:24.977+0000] {processor.py:186} INFO - Started process (PID=2946) to work on /home/airflow/.local/lib/python3.12/site-packages/airflow/example_dags/example_sensor_decorator.py
[2025-02-12T05:27:24.978+0000] {processor.py:914} INFO - Processing file /home/airflow/.local/lib/python3.12/site-packages/airflow/example_dags/example_sensor_decorator.py for tasks to queue
[2025-02-12T05:27:24.980+0000] {logging_mixin.py:190} INFO - [2025-02-12T05:27:24.980+0000] {dagbag.py:588} INFO - Filling up the DagBag from /home/airflow/.local/lib/python3.12/site-packages/airflow/example_dags/example_sensor_decorator.py
[2025-02-12T05:27:24.989+0000] {processor.py:925} INFO - DAG(s) 'example_sensor_decorator' retrieved from /home/airflow/.local/lib/python3.12/site-packages/airflow/example_dags/example_sensor_decorator.py
[2025-02-12T05:27:25.008+0000] {logging_mixin.py:190} INFO - [2025-02-12T05:27:25.008+0000] {dag.py:3239} INFO - Sync 1 DAGs
[2025-02-12T05:27:25.021+0000] {logging_mixin.py:190} INFO - [2025-02-12T05:27:25.021+0000] {dag.py:4180} INFO - Setting next_dagrun for example_sensor_decorator to None, run_after=None
[2025-02-12T05:27:25.039+0000] {processor.py:208} INFO - Processing /home/airflow/.local/lib/python3.12/site-packages/airflow/example_dags/example_sensor_decorator.py took 0.067 seconds
[2025-02-12T05:27:55.263+0000] {processor.py:186} INFO - Started process (PID=3012) to work on /home/airflow/.local/lib/python3.12/site-packages/airflow/example_dags/example_sensor_decorator.py
[2025-02-12T05:27:55.264+0000] {processor.py:914} INFO - Processing file /home/airflow/.local/lib/python3.12/site-packages/airflow/example_dags/example_sensor_decorator.py for tasks to queue
[2025-02-12T05:27:55.266+0000] {logging_mixin.py:190} INFO - [2025-02-12T05:27:55.266+0000] {dagbag.py:588} INFO - Filling up the DagBag from /home/airflow/.local/lib/python3.12/site-packages/airflow/example_dags/example_sensor_decorator.py
[2025-02-12T05:27:55.274+0000] {processor.py:925} INFO - DAG(s) 'example_sensor_decorator' retrieved from /home/airflow/.local/lib/python3.12/site-packages/airflow/example_dags/example_sensor_decorator.py
[2025-02-12T05:27:55.292+0000] {logging_mixin.py:190} INFO - [2025-02-12T05:27:55.292+0000] {dag.py:3239} INFO - Sync 1 DAGs
[2025-02-12T05:27:55.307+0000] {logging_mixin.py:190} INFO - [2025-02-12T05:27:55.306+0000] {dag.py:4180} INFO - Setting next_dagrun for example_sensor_decorator to None, run_after=None
[2025-02-12T05:27:55.323+0000] {processor.py:208} INFO - Processing /home/airflow/.local/lib/python3.12/site-packages/airflow/example_dags/example_sensor_decorator.py took 0.065 seconds
[2025-02-12T05:28:25.686+0000] {processor.py:186} INFO - Started process (PID=3078) to work on /home/airflow/.local/lib/python3.12/site-packages/airflow/example_dags/example_sensor_decorator.py
[2025-02-12T05:28:25.686+0000] {processor.py:914} INFO - Processing file /home/airflow/.local/lib/python3.12/site-packages/airflow/example_dags/example_sensor_decorator.py for tasks to queue
[2025-02-12T05:28:25.689+0000] {logging_mixin.py:190} INFO - [2025-02-12T05:28:25.689+0000] {dagbag.py:588} INFO - Filling up the DagBag from /home/airflow/.local/lib/python3.12/site-packages/airflow/example_dags/example_sensor_decorator.py
[2025-02-12T05:28:25.697+0000] {processor.py:925} INFO - DAG(s) 'example_sensor_decorator' retrieved from /home/airflow/.local/lib/python3.12/site-packages/airflow/example_dags/example_sensor_decorator.py
[2025-02-12T05:28:25.717+0000] {logging_mixin.py:190} INFO - [2025-02-12T05:28:25.716+0000] {dag.py:3239} INFO - Sync 1 DAGs
[2025-02-12T05:28:25.730+0000] {logging_mixin.py:190} INFO - [2025-02-12T05:28:25.730+0000] {dag.py:4180} INFO - Setting next_dagrun for example_sensor_decorator to None, run_after=None
[2025-02-12T05:28:25.746+0000] {processor.py:208} INFO - Processing /home/airflow/.local/lib/python3.12/site-packages/airflow/example_dags/example_sensor_decorator.py took 0.066 seconds
[2025-02-12T05:28:56.055+0000] {processor.py:186} INFO - Started process (PID=3144) to work on /home/airflow/.local/lib/python3.12/site-packages/airflow/example_dags/example_sensor_decorator.py
[2025-02-12T05:28:56.056+0000] {processor.py:914} INFO - Processing file /home/airflow/.local/lib/python3.12/site-packages/airflow/example_dags/example_sensor_decorator.py for tasks to queue
[2025-02-12T05:28:56.058+0000] {logging_mixin.py:190} INFO - [2025-02-12T05:28:56.058+0000] {dagbag.py:588} INFO - Filling up the DagBag from /home/airflow/.local/lib/python3.12/site-packages/airflow/example_dags/example_sensor_decorator.py
[2025-02-12T05:28:56.066+0000] {processor.py:925} INFO - DAG(s) 'example_sensor_decorator' retrieved from /home/airflow/.local/lib/python3.12/site-packages/airflow/example_dags/example_sensor_decorator.py
[2025-02-12T05:28:56.086+0000] {logging_mixin.py:190} INFO - [2025-02-12T05:28:56.086+0000] {dag.py:3239} INFO - Sync 1 DAGs
[2025-02-12T05:28:56.100+0000] {logging_mixin.py:190} INFO - [2025-02-12T05:28:56.100+0000] {dag.py:4180} INFO - Setting next_dagrun for example_sensor_decorator to None, run_after=None
[2025-02-12T05:28:56.118+0000] {processor.py:208} INFO - Processing /home/airflow/.local/lib/python3.12/site-packages/airflow/example_dags/example_sensor_decorator.py took 0.070 seconds
[2025-02-12T05:29:26.479+0000] {processor.py:186} INFO - Started process (PID=3210) to work on /home/airflow/.local/lib/python3.12/site-packages/airflow/example_dags/example_sensor_decorator.py
[2025-02-12T05:29:26.480+0000] {processor.py:914} INFO - Processing file /home/airflow/.local/lib/python3.12/site-packages/airflow/example_dags/example_sensor_decorator.py for tasks to queue
[2025-02-12T05:29:26.482+0000] {logging_mixin.py:190} INFO - [2025-02-12T05:29:26.482+0000] {dagbag.py:588} INFO - Filling up the DagBag from /home/airflow/.local/lib/python3.12/site-packages/airflow/example_dags/example_sensor_decorator.py
[2025-02-12T05:29:26.491+0000] {processor.py:925} INFO - DAG(s) 'example_sensor_decorator' retrieved from /home/airflow/.local/lib/python3.12/site-packages/airflow/example_dags/example_sensor_decorator.py
[2025-02-12T05:29:26.510+0000] {logging_mixin.py:190} INFO - [2025-02-12T05:29:26.510+0000] {dag.py:3239} INFO - Sync 1 DAGs
[2025-02-12T05:29:26.525+0000] {logging_mixin.py:190} INFO - [2025-02-12T05:29:26.525+0000] {dag.py:4180} INFO - Setting next_dagrun for example_sensor_decorator to None, run_after=None
[2025-02-12T05:29:26.546+0000] {processor.py:208} INFO - Processing /home/airflow/.local/lib/python3.12/site-packages/airflow/example_dags/example_sensor_decorator.py took 0.073 seconds
[2025-02-12T05:29:57.055+0000] {processor.py:186} INFO - Started process (PID=3276) to work on /home/airflow/.local/lib/python3.12/site-packages/airflow/example_dags/example_sensor_decorator.py
[2025-02-12T05:29:57.056+0000] {processor.py:914} INFO - Processing file /home/airflow/.local/lib/python3.12/site-packages/airflow/example_dags/example_sensor_decorator.py for tasks to queue
[2025-02-12T05:29:57.058+0000] {logging_mixin.py:190} INFO - [2025-02-12T05:29:57.058+0000] {dagbag.py:588} INFO - Filling up the DagBag from /home/airflow/.local/lib/python3.12/site-packages/airflow/example_dags/example_sensor_decorator.py
[2025-02-12T05:29:57.066+0000] {processor.py:925} INFO - DAG(s) 'example_sensor_decorator' retrieved from /home/airflow/.local/lib/python3.12/site-packages/airflow/example_dags/example_sensor_decorator.py
[2025-02-12T05:29:57.086+0000] {logging_mixin.py:190} INFO - [2025-02-12T05:29:57.085+0000] {dag.py:3239} INFO - Sync 1 DAGs
[2025-02-12T05:29:57.100+0000] {logging_mixin.py:190} INFO - [2025-02-12T05:29:57.100+0000] {dag.py:4180} INFO - Setting next_dagrun for example_sensor_decorator to None, run_after=None
[2025-02-12T05:29:57.117+0000] {processor.py:208} INFO - Processing /home/airflow/.local/lib/python3.12/site-packages/airflow/example_dags/example_sensor_decorator.py took 0.068 seconds
[2025-02-12T05:30:27.644+0000] {processor.py:186} INFO - Started process (PID=3342) to work on /home/airflow/.local/lib/python3.12/site-packages/airflow/example_dags/example_sensor_decorator.py
[2025-02-12T05:30:27.644+0000] {processor.py:914} INFO - Processing file /home/airflow/.local/lib/python3.12/site-packages/airflow/example_dags/example_sensor_decorator.py for tasks to queue
[2025-02-12T05:30:27.647+0000] {logging_mixin.py:190} INFO - [2025-02-12T05:30:27.646+0000] {dagbag.py:588} INFO - Filling up the DagBag from /home/airflow/.local/lib/python3.12/site-packages/airflow/example_dags/example_sensor_decorator.py
[2025-02-12T05:30:27.655+0000] {processor.py:925} INFO - DAG(s) 'example_sensor_decorator' retrieved from /home/airflow/.local/lib/python3.12/site-packages/airflow/example_dags/example_sensor_decorator.py
[2025-02-12T05:30:27.674+0000] {logging_mixin.py:190} INFO - [2025-02-12T05:30:27.674+0000] {dag.py:3239} INFO - Sync 1 DAGs
[2025-02-12T05:30:27.689+0000] {logging_mixin.py:190} INFO - [2025-02-12T05:30:27.689+0000] {dag.py:4180} INFO - Setting next_dagrun for example_sensor_decorator to None, run_after=None
[2025-02-12T05:30:27.706+0000] {processor.py:208} INFO - Processing /home/airflow/.local/lib/python3.12/site-packages/airflow/example_dags/example_sensor_decorator.py took 0.068 seconds
[2025-02-12T05:30:58.234+0000] {processor.py:186} INFO - Started process (PID=3408) to work on /home/airflow/.local/lib/python3.12/site-packages/airflow/example_dags/example_sensor_decorator.py
[2025-02-12T05:30:58.235+0000] {processor.py:914} INFO - Processing file /home/airflow/.local/lib/python3.12/site-packages/airflow/example_dags/example_sensor_decorator.py for tasks to queue
[2025-02-12T05:30:58.237+0000] {logging_mixin.py:190} INFO - [2025-02-12T05:30:58.236+0000] {dagbag.py:588} INFO - Filling up the DagBag from /home/airflow/.local/lib/python3.12/site-packages/airflow/example_dags/example_sensor_decorator.py
[2025-02-12T05:30:58.245+0000] {processor.py:925} INFO - DAG(s) 'example_sensor_decorator' retrieved from /home/airflow/.local/lib/python3.12/site-packages/airflow/example_dags/example_sensor_decorator.py
[2025-02-12T05:30:58.265+0000] {logging_mixin.py:190} INFO - [2025-02-12T05:30:58.265+0000] {dag.py:3239} INFO - Sync 1 DAGs
[2025-02-12T05:30:58.279+0000] {logging_mixin.py:190} INFO - [2025-02-12T05:30:58.279+0000] {dag.py:4180} INFO - Setting next_dagrun for example_sensor_decorator to None, run_after=None
[2025-02-12T05:30:58.298+0000] {processor.py:208} INFO - Processing /home/airflow/.local/lib/python3.12/site-packages/airflow/example_dags/example_sensor_decorator.py took 0.070 seconds
[2025-02-12T05:31:28.762+0000] {processor.py:186} INFO - Started process (PID=3474) to work on /home/airflow/.local/lib/python3.12/site-packages/airflow/example_dags/example_sensor_decorator.py
[2025-02-12T05:31:28.763+0000] {processor.py:914} INFO - Processing file /home/airflow/.local/lib/python3.12/site-packages/airflow/example_dags/example_sensor_decorator.py for tasks to queue
[2025-02-12T05:31:28.765+0000] {logging_mixin.py:190} INFO - [2025-02-12T05:31:28.765+0000] {dagbag.py:588} INFO - Filling up the DagBag from /home/airflow/.local/lib/python3.12/site-packages/airflow/example_dags/example_sensor_decorator.py
[2025-02-12T05:31:28.773+0000] {processor.py:925} INFO - DAG(s) 'example_sensor_decorator' retrieved from /home/airflow/.local/lib/python3.12/site-packages/airflow/example_dags/example_sensor_decorator.py
[2025-02-12T05:31:28.793+0000] {logging_mixin.py:190} INFO - [2025-02-12T05:31:28.792+0000] {dag.py:3239} INFO - Sync 1 DAGs
[2025-02-12T05:31:28.807+0000] {logging_mixin.py:190} INFO - [2025-02-12T05:31:28.807+0000] {dag.py:4180} INFO - Setting next_dagrun for example_sensor_decorator to None, run_after=None
[2025-02-12T05:31:28.824+0000] {processor.py:208} INFO - Processing /home/airflow/.local/lib/python3.12/site-packages/airflow/example_dags/example_sensor_decorator.py took 0.068 seconds
[2025-02-12T05:31:59.219+0000] {processor.py:186} INFO - Started process (PID=3540) to work on /home/airflow/.local/lib/python3.12/site-packages/airflow/example_dags/example_sensor_decorator.py
[2025-02-12T05:31:59.221+0000] {processor.py:914} INFO - Processing file /home/airflow/.local/lib/python3.12/site-packages/airflow/example_dags/example_sensor_decorator.py for tasks to queue
[2025-02-12T05:31:59.224+0000] {logging_mixin.py:190} INFO - [2025-02-12T05:31:59.223+0000] {dagbag.py:588} INFO - Filling up the DagBag from /home/airflow/.local/lib/python3.12/site-packages/airflow/example_dags/example_sensor_decorator.py
[2025-02-12T05:31:59.233+0000] {processor.py:925} INFO - DAG(s) 'example_sensor_decorator' retrieved from /home/airflow/.local/lib/python3.12/site-packages/airflow/example_dags/example_sensor_decorator.py
[2025-02-12T05:31:59.251+0000] {logging_mixin.py:190} INFO - [2025-02-12T05:31:59.251+0000] {dag.py:3239} INFO - Sync 1 DAGs
[2025-02-12T05:31:59.264+0000] {logging_mixin.py:190} INFO - [2025-02-12T05:31:59.264+0000] {dag.py:4180} INFO - Setting next_dagrun for example_sensor_decorator to None, run_after=None
[2025-02-12T05:31:59.281+0000] {processor.py:208} INFO - Processing /home/airflow/.local/lib/python3.12/site-packages/airflow/example_dags/example_sensor_decorator.py took 0.067 seconds
[2025-02-12T05:32:29.734+0000] {processor.py:186} INFO - Started process (PID=3606) to work on /home/airflow/.local/lib/python3.12/site-packages/airflow/example_dags/example_sensor_decorator.py
[2025-02-12T05:32:29.735+0000] {processor.py:914} INFO - Processing file /home/airflow/.local/lib/python3.12/site-packages/airflow/example_dags/example_sensor_decorator.py for tasks to queue
[2025-02-12T05:32:29.737+0000] {logging_mixin.py:190} INFO - [2025-02-12T05:32:29.737+0000] {dagbag.py:588} INFO - Filling up the DagBag from /home/airflow/.local/lib/python3.12/site-packages/airflow/example_dags/example_sensor_decorator.py
[2025-02-12T05:32:29.746+0000] {processor.py:925} INFO - DAG(s) 'example_sensor_decorator' retrieved from /home/airflow/.local/lib/python3.12/site-packages/airflow/example_dags/example_sensor_decorator.py
[2025-02-12T05:32:29.767+0000] {logging_mixin.py:190} INFO - [2025-02-12T05:32:29.766+0000] {dag.py:3239} INFO - Sync 1 DAGs
[2025-02-12T05:32:29.781+0000] {logging_mixin.py:190} INFO - [2025-02-12T05:32:29.781+0000] {dag.py:4180} INFO - Setting next_dagrun for example_sensor_decorator to None, run_after=None
[2025-02-12T05:32:29.797+0000] {processor.py:208} INFO - Processing /home/airflow/.local/lib/python3.12/site-packages/airflow/example_dags/example_sensor_decorator.py took 0.069 seconds
[2025-02-12T05:33:00.077+0000] {processor.py:186} INFO - Started process (PID=3672) to work on /home/airflow/.local/lib/python3.12/site-packages/airflow/example_dags/example_sensor_decorator.py
[2025-02-12T05:33:00.078+0000] {processor.py:914} INFO - Processing file /home/airflow/.local/lib/python3.12/site-packages/airflow/example_dags/example_sensor_decorator.py for tasks to queue
[2025-02-12T05:33:00.080+0000] {logging_mixin.py:190} INFO - [2025-02-12T05:33:00.080+0000] {dagbag.py:588} INFO - Filling up the DagBag from /home/airflow/.local/lib/python3.12/site-packages/airflow/example_dags/example_sensor_decorator.py
[2025-02-12T05:33:00.088+0000] {processor.py:925} INFO - DAG(s) 'example_sensor_decorator' retrieved from /home/airflow/.local/lib/python3.12/site-packages/airflow/example_dags/example_sensor_decorator.py
[2025-02-12T05:33:00.107+0000] {logging_mixin.py:190} INFO - [2025-02-12T05:33:00.107+0000] {dag.py:3239} INFO - Sync 1 DAGs
[2025-02-12T05:33:00.120+0000] {logging_mixin.py:190} INFO - [2025-02-12T05:33:00.120+0000] {dag.py:4180} INFO - Setting next_dagrun for example_sensor_decorator to None, run_after=None
[2025-02-12T05:33:00.138+0000] {processor.py:208} INFO - Processing /home/airflow/.local/lib/python3.12/site-packages/airflow/example_dags/example_sensor_decorator.py took 0.066 seconds
[2025-02-12T05:33:30.356+0000] {processor.py:186} INFO - Started process (PID=3738) to work on /home/airflow/.local/lib/python3.12/site-packages/airflow/example_dags/example_sensor_decorator.py
[2025-02-12T05:33:30.357+0000] {processor.py:914} INFO - Processing file /home/airflow/.local/lib/python3.12/site-packages/airflow/example_dags/example_sensor_decorator.py for tasks to queue
[2025-02-12T05:33:30.359+0000] {logging_mixin.py:190} INFO - [2025-02-12T05:33:30.359+0000] {dagbag.py:588} INFO - Filling up the DagBag from /home/airflow/.local/lib/python3.12/site-packages/airflow/example_dags/example_sensor_decorator.py
[2025-02-12T05:33:30.368+0000] {processor.py:925} INFO - DAG(s) 'example_sensor_decorator' retrieved from /home/airflow/.local/lib/python3.12/site-packages/airflow/example_dags/example_sensor_decorator.py
[2025-02-12T05:33:30.386+0000] {logging_mixin.py:190} INFO - [2025-02-12T05:33:30.386+0000] {dag.py:3239} INFO - Sync 1 DAGs
[2025-02-12T05:33:30.398+0000] {logging_mixin.py:190} INFO - [2025-02-12T05:33:30.398+0000] {dag.py:4180} INFO - Setting next_dagrun for example_sensor_decorator to None, run_after=None
[2025-02-12T05:33:30.416+0000] {processor.py:208} INFO - Processing /home/airflow/.local/lib/python3.12/site-packages/airflow/example_dags/example_sensor_decorator.py took 0.066 seconds
[2025-02-12T05:34:01.207+0000] {processor.py:186} INFO - Started process (PID=3803) to work on /home/airflow/.local/lib/python3.12/site-packages/airflow/example_dags/example_sensor_decorator.py
[2025-02-12T05:34:01.208+0000] {processor.py:914} INFO - Processing file /home/airflow/.local/lib/python3.12/site-packages/airflow/example_dags/example_sensor_decorator.py for tasks to queue
[2025-02-12T05:34:01.211+0000] {logging_mixin.py:190} INFO - [2025-02-12T05:34:01.211+0000] {dagbag.py:588} INFO - Filling up the DagBag from /home/airflow/.local/lib/python3.12/site-packages/airflow/example_dags/example_sensor_decorator.py
[2025-02-12T05:34:01.219+0000] {processor.py:925} INFO - DAG(s) 'example_sensor_decorator' retrieved from /home/airflow/.local/lib/python3.12/site-packages/airflow/example_dags/example_sensor_decorator.py
[2025-02-12T05:34:01.237+0000] {logging_mixin.py:190} INFO - [2025-02-12T05:34:01.237+0000] {dag.py:3239} INFO - Sync 1 DAGs
[2025-02-12T05:34:01.250+0000] {logging_mixin.py:190} INFO - [2025-02-12T05:34:01.250+0000] {dag.py:4180} INFO - Setting next_dagrun for example_sensor_decorator to None, run_after=None
[2025-02-12T05:34:01.268+0000] {processor.py:208} INFO - Processing /home/airflow/.local/lib/python3.12/site-packages/airflow/example_dags/example_sensor_decorator.py took 0.066 seconds
[2025-02-12T05:34:31.469+0000] {processor.py:186} INFO - Started process (PID=3869) to work on /home/airflow/.local/lib/python3.12/site-packages/airflow/example_dags/example_sensor_decorator.py
[2025-02-12T05:34:31.470+0000] {processor.py:914} INFO - Processing file /home/airflow/.local/lib/python3.12/site-packages/airflow/example_dags/example_sensor_decorator.py for tasks to queue
[2025-02-12T05:34:31.472+0000] {logging_mixin.py:190} INFO - [2025-02-12T05:34:31.472+0000] {dagbag.py:588} INFO - Filling up the DagBag from /home/airflow/.local/lib/python3.12/site-packages/airflow/example_dags/example_sensor_decorator.py
[2025-02-12T05:34:31.480+0000] {processor.py:925} INFO - DAG(s) 'example_sensor_decorator' retrieved from /home/airflow/.local/lib/python3.12/site-packages/airflow/example_dags/example_sensor_decorator.py
[2025-02-12T05:34:31.498+0000] {logging_mixin.py:190} INFO - [2025-02-12T05:34:31.498+0000] {dag.py:3239} INFO - Sync 1 DAGs
[2025-02-12T05:34:31.511+0000] {logging_mixin.py:190} INFO - [2025-02-12T05:34:31.510+0000] {dag.py:4180} INFO - Setting next_dagrun for example_sensor_decorator to None, run_after=None
[2025-02-12T05:34:31.527+0000] {processor.py:208} INFO - Processing /home/airflow/.local/lib/python3.12/site-packages/airflow/example_dags/example_sensor_decorator.py took 0.064 seconds
[2025-02-12T05:35:02.961+0000] {processor.py:186} INFO - Started process (PID=3935) to work on /home/airflow/.local/lib/python3.12/site-packages/airflow/example_dags/example_sensor_decorator.py
[2025-02-12T05:35:02.962+0000] {processor.py:914} INFO - Processing file /home/airflow/.local/lib/python3.12/site-packages/airflow/example_dags/example_sensor_decorator.py for tasks to queue
[2025-02-12T05:35:02.964+0000] {logging_mixin.py:190} INFO - [2025-02-12T05:35:02.964+0000] {dagbag.py:588} INFO - Filling up the DagBag from /home/airflow/.local/lib/python3.12/site-packages/airflow/example_dags/example_sensor_decorator.py
[2025-02-12T05:35:02.972+0000] {processor.py:925} INFO - DAG(s) 'example_sensor_decorator' retrieved from /home/airflow/.local/lib/python3.12/site-packages/airflow/example_dags/example_sensor_decorator.py
[2025-02-12T05:35:02.992+0000] {logging_mixin.py:190} INFO - [2025-02-12T05:35:02.992+0000] {dag.py:3239} INFO - Sync 1 DAGs
[2025-02-12T05:35:03.007+0000] {logging_mixin.py:190} INFO - [2025-02-12T05:35:03.007+0000] {dag.py:4180} INFO - Setting next_dagrun for example_sensor_decorator to None, run_after=None
[2025-02-12T05:35:03.025+0000] {processor.py:208} INFO - Processing /home/airflow/.local/lib/python3.12/site-packages/airflow/example_dags/example_sensor_decorator.py took 0.070 seconds
[2025-02-12T05:35:33.610+0000] {processor.py:186} INFO - Started process (PID=3999) to work on /home/airflow/.local/lib/python3.12/site-packages/airflow/example_dags/example_sensor_decorator.py
[2025-02-12T05:35:33.611+0000] {processor.py:914} INFO - Processing file /home/airflow/.local/lib/python3.12/site-packages/airflow/example_dags/example_sensor_decorator.py for tasks to queue
[2025-02-12T05:35:33.614+0000] {logging_mixin.py:190} INFO - [2025-02-12T05:35:33.614+0000] {dagbag.py:588} INFO - Filling up the DagBag from /home/airflow/.local/lib/python3.12/site-packages/airflow/example_dags/example_sensor_decorator.py
[2025-02-12T05:35:33.624+0000] {processor.py:925} INFO - DAG(s) 'example_sensor_decorator' retrieved from /home/airflow/.local/lib/python3.12/site-packages/airflow/example_dags/example_sensor_decorator.py
[2025-02-12T05:35:33.647+0000] {logging_mixin.py:190} INFO - [2025-02-12T05:35:33.647+0000] {dag.py:3239} INFO - Sync 1 DAGs
[2025-02-12T05:35:33.665+0000] {logging_mixin.py:190} INFO - [2025-02-12T05:35:33.664+0000] {dag.py:4180} INFO - Setting next_dagrun for example_sensor_decorator to None, run_after=None
[2025-02-12T05:35:33.688+0000] {processor.py:208} INFO - Processing /home/airflow/.local/lib/python3.12/site-packages/airflow/example_dags/example_sensor_decorator.py took 0.085 seconds
[2025-02-12T05:36:04.216+0000] {processor.py:186} INFO - Started process (PID=4065) to work on /home/airflow/.local/lib/python3.12/site-packages/airflow/example_dags/example_sensor_decorator.py
[2025-02-12T05:36:04.217+0000] {processor.py:914} INFO - Processing file /home/airflow/.local/lib/python3.12/site-packages/airflow/example_dags/example_sensor_decorator.py for tasks to queue
[2025-02-12T05:36:04.219+0000] {logging_mixin.py:190} INFO - [2025-02-12T05:36:04.219+0000] {dagbag.py:588} INFO - Filling up the DagBag from /home/airflow/.local/lib/python3.12/site-packages/airflow/example_dags/example_sensor_decorator.py
[2025-02-12T05:36:04.228+0000] {processor.py:925} INFO - DAG(s) 'example_sensor_decorator' retrieved from /home/airflow/.local/lib/python3.12/site-packages/airflow/example_dags/example_sensor_decorator.py
[2025-02-12T05:36:04.248+0000] {logging_mixin.py:190} INFO - [2025-02-12T05:36:04.248+0000] {dag.py:3239} INFO - Sync 1 DAGs
[2025-02-12T05:36:04.263+0000] {logging_mixin.py:190} INFO - [2025-02-12T05:36:04.262+0000] {dag.py:4180} INFO - Setting next_dagrun for example_sensor_decorator to None, run_after=None
[2025-02-12T05:36:04.282+0000] {processor.py:208} INFO - Processing /home/airflow/.local/lib/python3.12/site-packages/airflow/example_dags/example_sensor_decorator.py took 0.072 seconds
