[2025-02-12T05:05:28.166+0000] {processor.py:186} INFO - Started process (PID=93) to work on /home/airflow/.local/lib/python3.12/site-packages/airflow/example_dags/example_trigger_target_dag.py
[2025-02-12T05:05:28.167+0000] {processor.py:914} INFO - Processing file /home/airflow/.local/lib/python3.12/site-packages/airflow/example_dags/example_trigger_target_dag.py for tasks to queue
[2025-02-12T05:05:28.173+0000] {logging_mixin.py:190} INFO - [2025-02-12T05:05:28.171+0000] {dagbag.py:588} INFO - Filling up the DagBag from /home/airflow/.local/lib/python3.12/site-packages/airflow/example_dags/example_trigger_target_dag.py
[2025-02-12T05:05:28.193+0000] {processor.py:925} INFO - DAG(s) 'example_trigger_target_dag' retrieved from /home/airflow/.local/lib/python3.12/site-packages/airflow/example_dags/example_trigger_target_dag.py
[2025-02-12T05:05:28.245+0000] {logging_mixin.py:190} INFO - [2025-02-12T05:05:28.245+0000] {dag.py:3239} INFO - Sync 1 DAGs
[2025-02-12T05:05:28.270+0000] {logging_mixin.py:190} INFO - [2025-02-12T05:05:28.269+0000] {dag.py:4180} INFO - Setting next_dagrun for example_trigger_target_dag to None, run_after=None
[2025-02-12T05:05:28.301+0000] {processor.py:208} INFO - Processing /home/airflow/.local/lib/python3.12/site-packages/airflow/example_dags/example_trigger_target_dag.py took 0.146 seconds
[2025-02-12T05:05:58.997+0000] {processor.py:186} INFO - Started process (PID=163) to work on /home/airflow/.local/lib/python3.12/site-packages/airflow/example_dags/example_trigger_target_dag.py
[2025-02-12T05:05:58.998+0000] {processor.py:914} INFO - Processing file /home/airflow/.local/lib/python3.12/site-packages/airflow/example_dags/example_trigger_target_dag.py for tasks to queue
[2025-02-12T05:05:59.002+0000] {logging_mixin.py:190} INFO - [2025-02-12T05:05:59.001+0000] {dagbag.py:588} INFO - Filling up the DagBag from /home/airflow/.local/lib/python3.12/site-packages/airflow/example_dags/example_trigger_target_dag.py
[2025-02-12T05:05:59.014+0000] {processor.py:925} INFO - DAG(s) 'example_trigger_target_dag' retrieved from /home/airflow/.local/lib/python3.12/site-packages/airflow/example_dags/example_trigger_target_dag.py
[2025-02-12T05:05:59.041+0000] {logging_mixin.py:190} INFO - [2025-02-12T05:05:59.041+0000] {dag.py:3239} INFO - Sync 1 DAGs
[2025-02-12T05:05:59.064+0000] {logging_mixin.py:190} INFO - [2025-02-12T05:05:59.064+0000] {dag.py:4180} INFO - Setting next_dagrun for example_trigger_target_dag to None, run_after=None
[2025-02-12T05:05:59.095+0000] {processor.py:208} INFO - Processing /home/airflow/.local/lib/python3.12/site-packages/airflow/example_dags/example_trigger_target_dag.py took 0.105 seconds
[2025-02-12T05:06:29.723+0000] {processor.py:186} INFO - Started process (PID=228) to work on /home/airflow/.local/lib/python3.12/site-packages/airflow/example_dags/example_trigger_target_dag.py
[2025-02-12T05:06:29.724+0000] {processor.py:914} INFO - Processing file /home/airflow/.local/lib/python3.12/site-packages/airflow/example_dags/example_trigger_target_dag.py for tasks to queue
[2025-02-12T05:06:29.727+0000] {logging_mixin.py:190} INFO - [2025-02-12T05:06:29.726+0000] {dagbag.py:588} INFO - Filling up the DagBag from /home/airflow/.local/lib/python3.12/site-packages/airflow/example_dags/example_trigger_target_dag.py
[2025-02-12T05:06:29.736+0000] {processor.py:925} INFO - DAG(s) 'example_trigger_target_dag' retrieved from /home/airflow/.local/lib/python3.12/site-packages/airflow/example_dags/example_trigger_target_dag.py
[2025-02-12T05:06:29.760+0000] {logging_mixin.py:190} INFO - [2025-02-12T05:06:29.759+0000] {dag.py:3239} INFO - Sync 1 DAGs
[2025-02-12T05:06:29.774+0000] {logging_mixin.py:190} INFO - [2025-02-12T05:06:29.774+0000] {dag.py:4180} INFO - Setting next_dagrun for example_trigger_target_dag to None, run_after=None
[2025-02-12T05:06:29.796+0000] {processor.py:208} INFO - Processing /home/airflow/.local/lib/python3.12/site-packages/airflow/example_dags/example_trigger_target_dag.py took 0.080 seconds
[2025-02-12T05:07:00.168+0000] {processor.py:186} INFO - Started process (PID=293) to work on /home/airflow/.local/lib/python3.12/site-packages/airflow/example_dags/example_trigger_target_dag.py
[2025-02-12T05:07:00.170+0000] {processor.py:914} INFO - Processing file /home/airflow/.local/lib/python3.12/site-packages/airflow/example_dags/example_trigger_target_dag.py for tasks to queue
[2025-02-12T05:07:00.173+0000] {logging_mixin.py:190} INFO - [2025-02-12T05:07:00.173+0000] {dagbag.py:588} INFO - Filling up the DagBag from /home/airflow/.local/lib/python3.12/site-packages/airflow/example_dags/example_trigger_target_dag.py
[2025-02-12T05:07:00.183+0000] {processor.py:925} INFO - DAG(s) 'example_trigger_target_dag' retrieved from /home/airflow/.local/lib/python3.12/site-packages/airflow/example_dags/example_trigger_target_dag.py
[2025-02-12T05:07:00.205+0000] {logging_mixin.py:190} INFO - [2025-02-12T05:07:00.205+0000] {dag.py:3239} INFO - Sync 1 DAGs
[2025-02-12T05:07:00.222+0000] {logging_mixin.py:190} INFO - [2025-02-12T05:07:00.222+0000] {dag.py:4180} INFO - Setting next_dagrun for example_trigger_target_dag to None, run_after=None
[2025-02-12T05:07:00.244+0000] {processor.py:208} INFO - Processing /home/airflow/.local/lib/python3.12/site-packages/airflow/example_dags/example_trigger_target_dag.py took 0.083 seconds
[2025-02-12T05:07:30.427+0000] {processor.py:186} INFO - Started process (PID=359) to work on /home/airflow/.local/lib/python3.12/site-packages/airflow/example_dags/example_trigger_target_dag.py
[2025-02-12T05:07:30.428+0000] {processor.py:914} INFO - Processing file /home/airflow/.local/lib/python3.12/site-packages/airflow/example_dags/example_trigger_target_dag.py for tasks to queue
[2025-02-12T05:07:30.431+0000] {logging_mixin.py:190} INFO - [2025-02-12T05:07:30.431+0000] {dagbag.py:588} INFO - Filling up the DagBag from /home/airflow/.local/lib/python3.12/site-packages/airflow/example_dags/example_trigger_target_dag.py
[2025-02-12T05:07:30.444+0000] {processor.py:925} INFO - DAG(s) 'example_trigger_target_dag' retrieved from /home/airflow/.local/lib/python3.12/site-packages/airflow/example_dags/example_trigger_target_dag.py
[2025-02-12T05:07:30.473+0000] {logging_mixin.py:190} INFO - [2025-02-12T05:07:30.473+0000] {dag.py:3239} INFO - Sync 1 DAGs
[2025-02-12T05:07:30.490+0000] {logging_mixin.py:190} INFO - [2025-02-12T05:07:30.490+0000] {dag.py:4180} INFO - Setting next_dagrun for example_trigger_target_dag to None, run_after=None
[2025-02-12T05:07:30.516+0000] {processor.py:208} INFO - Processing /home/airflow/.local/lib/python3.12/site-packages/airflow/example_dags/example_trigger_target_dag.py took 0.097 seconds
[2025-02-12T05:08:00.960+0000] {processor.py:186} INFO - Started process (PID=425) to work on /home/airflow/.local/lib/python3.12/site-packages/airflow/example_dags/example_trigger_target_dag.py
[2025-02-12T05:08:00.961+0000] {processor.py:914} INFO - Processing file /home/airflow/.local/lib/python3.12/site-packages/airflow/example_dags/example_trigger_target_dag.py for tasks to queue
[2025-02-12T05:08:00.964+0000] {logging_mixin.py:190} INFO - [2025-02-12T05:08:00.964+0000] {dagbag.py:588} INFO - Filling up the DagBag from /home/airflow/.local/lib/python3.12/site-packages/airflow/example_dags/example_trigger_target_dag.py
[2025-02-12T05:08:00.977+0000] {processor.py:925} INFO - DAG(s) 'example_trigger_target_dag' retrieved from /home/airflow/.local/lib/python3.12/site-packages/airflow/example_dags/example_trigger_target_dag.py
[2025-02-12T05:08:01.007+0000] {logging_mixin.py:190} INFO - [2025-02-12T05:08:01.007+0000] {dag.py:3239} INFO - Sync 1 DAGs
[2025-02-12T05:08:01.031+0000] {logging_mixin.py:190} INFO - [2025-02-12T05:08:01.030+0000] {dag.py:4180} INFO - Setting next_dagrun for example_trigger_target_dag to None, run_after=None
[2025-02-12T05:08:01.061+0000] {processor.py:208} INFO - Processing /home/airflow/.local/lib/python3.12/site-packages/airflow/example_dags/example_trigger_target_dag.py took 0.108 seconds
[2025-02-12T05:08:31.149+0000] {processor.py:186} INFO - Started process (PID=494) to work on /home/airflow/.local/lib/python3.12/site-packages/airflow/example_dags/example_trigger_target_dag.py
[2025-02-12T05:08:31.150+0000] {processor.py:914} INFO - Processing file /home/airflow/.local/lib/python3.12/site-packages/airflow/example_dags/example_trigger_target_dag.py for tasks to queue
[2025-02-12T05:08:31.154+0000] {logging_mixin.py:190} INFO - [2025-02-12T05:08:31.153+0000] {dagbag.py:588} INFO - Filling up the DagBag from /home/airflow/.local/lib/python3.12/site-packages/airflow/example_dags/example_trigger_target_dag.py
[2025-02-12T05:08:31.165+0000] {processor.py:925} INFO - DAG(s) 'example_trigger_target_dag' retrieved from /home/airflow/.local/lib/python3.12/site-packages/airflow/example_dags/example_trigger_target_dag.py
[2025-02-12T05:08:31.193+0000] {logging_mixin.py:190} INFO - [2025-02-12T05:08:31.192+0000] {dag.py:3239} INFO - Sync 1 DAGs
[2025-02-12T05:08:31.212+0000] {logging_mixin.py:190} INFO - [2025-02-12T05:08:31.212+0000] {dag.py:4180} INFO - Setting next_dagrun for example_trigger_target_dag to None, run_after=None
[2025-02-12T05:08:31.234+0000] {processor.py:208} INFO - Processing /home/airflow/.local/lib/python3.12/site-packages/airflow/example_dags/example_trigger_target_dag.py took 0.091 seconds
[2025-02-12T05:09:01.360+0000] {processor.py:186} INFO - Started process (PID=559) to work on /home/airflow/.local/lib/python3.12/site-packages/airflow/example_dags/example_trigger_target_dag.py
[2025-02-12T05:09:01.361+0000] {processor.py:914} INFO - Processing file /home/airflow/.local/lib/python3.12/site-packages/airflow/example_dags/example_trigger_target_dag.py for tasks to queue
[2025-02-12T05:09:01.365+0000] {logging_mixin.py:190} INFO - [2025-02-12T05:09:01.365+0000] {dagbag.py:588} INFO - Filling up the DagBag from /home/airflow/.local/lib/python3.12/site-packages/airflow/example_dags/example_trigger_target_dag.py
[2025-02-12T05:09:01.376+0000] {processor.py:925} INFO - DAG(s) 'example_trigger_target_dag' retrieved from /home/airflow/.local/lib/python3.12/site-packages/airflow/example_dags/example_trigger_target_dag.py
[2025-02-12T05:09:01.403+0000] {logging_mixin.py:190} INFO - [2025-02-12T05:09:01.403+0000] {dag.py:3239} INFO - Sync 1 DAGs
[2025-02-12T05:09:01.423+0000] {logging_mixin.py:190} INFO - [2025-02-12T05:09:01.422+0000] {dag.py:4180} INFO - Setting next_dagrun for example_trigger_target_dag to None, run_after=None
[2025-02-12T05:09:01.452+0000] {processor.py:208} INFO - Processing /home/airflow/.local/lib/python3.12/site-packages/airflow/example_dags/example_trigger_target_dag.py took 0.098 seconds
[2025-02-12T05:09:31.701+0000] {processor.py:186} INFO - Started process (PID=625) to work on /home/airflow/.local/lib/python3.12/site-packages/airflow/example_dags/example_trigger_target_dag.py
[2025-02-12T05:09:31.706+0000] {processor.py:914} INFO - Processing file /home/airflow/.local/lib/python3.12/site-packages/airflow/example_dags/example_trigger_target_dag.py for tasks to queue
[2025-02-12T05:09:31.710+0000] {logging_mixin.py:190} INFO - [2025-02-12T05:09:31.709+0000] {dagbag.py:588} INFO - Filling up the DagBag from /home/airflow/.local/lib/python3.12/site-packages/airflow/example_dags/example_trigger_target_dag.py
[2025-02-12T05:09:31.721+0000] {processor.py:925} INFO - DAG(s) 'example_trigger_target_dag' retrieved from /home/airflow/.local/lib/python3.12/site-packages/airflow/example_dags/example_trigger_target_dag.py
[2025-02-12T05:09:31.744+0000] {logging_mixin.py:190} INFO - [2025-02-12T05:09:31.744+0000] {dag.py:3239} INFO - Sync 1 DAGs
[2025-02-12T05:09:31.759+0000] {logging_mixin.py:190} INFO - [2025-02-12T05:09:31.759+0000] {dag.py:4180} INFO - Setting next_dagrun for example_trigger_target_dag to None, run_after=None
[2025-02-12T05:09:31.781+0000] {processor.py:208} INFO - Processing /home/airflow/.local/lib/python3.12/site-packages/airflow/example_dags/example_trigger_target_dag.py took 0.087 seconds
[2025-02-12T05:10:02.635+0000] {processor.py:186} INFO - Started process (PID=691) to work on /home/airflow/.local/lib/python3.12/site-packages/airflow/example_dags/example_trigger_target_dag.py
[2025-02-12T05:10:02.644+0000] {processor.py:914} INFO - Processing file /home/airflow/.local/lib/python3.12/site-packages/airflow/example_dags/example_trigger_target_dag.py for tasks to queue
[2025-02-12T05:10:02.647+0000] {logging_mixin.py:190} INFO - [2025-02-12T05:10:02.646+0000] {dagbag.py:588} INFO - Filling up the DagBag from /home/airflow/.local/lib/python3.12/site-packages/airflow/example_dags/example_trigger_target_dag.py
[2025-02-12T05:10:02.658+0000] {processor.py:925} INFO - DAG(s) 'example_trigger_target_dag' retrieved from /home/airflow/.local/lib/python3.12/site-packages/airflow/example_dags/example_trigger_target_dag.py
[2025-02-12T05:10:02.681+0000] {logging_mixin.py:190} INFO - [2025-02-12T05:10:02.680+0000] {dag.py:3239} INFO - Sync 1 DAGs
[2025-02-12T05:10:02.695+0000] {logging_mixin.py:190} INFO - [2025-02-12T05:10:02.695+0000] {dag.py:4180} INFO - Setting next_dagrun for example_trigger_target_dag to None, run_after=None
[2025-02-12T05:10:02.719+0000] {processor.py:208} INFO - Processing /home/airflow/.local/lib/python3.12/site-packages/airflow/example_dags/example_trigger_target_dag.py took 0.090 seconds
[2025-02-12T05:10:32.912+0000] {processor.py:186} INFO - Started process (PID=756) to work on /home/airflow/.local/lib/python3.12/site-packages/airflow/example_dags/example_trigger_target_dag.py
[2025-02-12T05:10:32.914+0000] {processor.py:914} INFO - Processing file /home/airflow/.local/lib/python3.12/site-packages/airflow/example_dags/example_trigger_target_dag.py for tasks to queue
[2025-02-12T05:10:32.918+0000] {logging_mixin.py:190} INFO - [2025-02-12T05:10:32.917+0000] {dagbag.py:588} INFO - Filling up the DagBag from /home/airflow/.local/lib/python3.12/site-packages/airflow/example_dags/example_trigger_target_dag.py
[2025-02-12T05:10:32.928+0000] {processor.py:925} INFO - DAG(s) 'example_trigger_target_dag' retrieved from /home/airflow/.local/lib/python3.12/site-packages/airflow/example_dags/example_trigger_target_dag.py
[2025-02-12T05:10:32.948+0000] {logging_mixin.py:190} INFO - [2025-02-12T05:10:32.948+0000] {dag.py:3239} INFO - Sync 1 DAGs
[2025-02-12T05:10:32.966+0000] {logging_mixin.py:190} INFO - [2025-02-12T05:10:32.966+0000] {dag.py:4180} INFO - Setting next_dagrun for example_trigger_target_dag to None, run_after=None
[2025-02-12T05:10:32.988+0000] {processor.py:208} INFO - Processing /home/airflow/.local/lib/python3.12/site-packages/airflow/example_dags/example_trigger_target_dag.py took 0.081 seconds
[2025-02-12T05:11:03.054+0000] {processor.py:186} INFO - Started process (PID=822) to work on /home/airflow/.local/lib/python3.12/site-packages/airflow/example_dags/example_trigger_target_dag.py
[2025-02-12T05:11:03.055+0000] {processor.py:914} INFO - Processing file /home/airflow/.local/lib/python3.12/site-packages/airflow/example_dags/example_trigger_target_dag.py for tasks to queue
[2025-02-12T05:11:03.059+0000] {logging_mixin.py:190} INFO - [2025-02-12T05:11:03.058+0000] {dagbag.py:588} INFO - Filling up the DagBag from /home/airflow/.local/lib/python3.12/site-packages/airflow/example_dags/example_trigger_target_dag.py
[2025-02-12T05:11:03.073+0000] {processor.py:925} INFO - DAG(s) 'example_trigger_target_dag' retrieved from /home/airflow/.local/lib/python3.12/site-packages/airflow/example_dags/example_trigger_target_dag.py
[2025-02-12T05:11:03.112+0000] {logging_mixin.py:190} INFO - [2025-02-12T05:11:03.111+0000] {dag.py:3239} INFO - Sync 1 DAGs
[2025-02-12T05:11:03.138+0000] {logging_mixin.py:190} INFO - [2025-02-12T05:11:03.137+0000] {dag.py:4180} INFO - Setting next_dagrun for example_trigger_target_dag to None, run_after=None
[2025-02-12T05:11:03.170+0000] {processor.py:208} INFO - Processing /home/airflow/.local/lib/python3.12/site-packages/airflow/example_dags/example_trigger_target_dag.py took 0.125 seconds
[2025-02-12T05:11:33.705+0000] {processor.py:186} INFO - Started process (PID=888) to work on /home/airflow/.local/lib/python3.12/site-packages/airflow/example_dags/example_trigger_target_dag.py
[2025-02-12T05:11:33.706+0000] {processor.py:914} INFO - Processing file /home/airflow/.local/lib/python3.12/site-packages/airflow/example_dags/example_trigger_target_dag.py for tasks to queue
[2025-02-12T05:11:33.710+0000] {logging_mixin.py:190} INFO - [2025-02-12T05:11:33.709+0000] {dagbag.py:588} INFO - Filling up the DagBag from /home/airflow/.local/lib/python3.12/site-packages/airflow/example_dags/example_trigger_target_dag.py
[2025-02-12T05:11:33.722+0000] {processor.py:925} INFO - DAG(s) 'example_trigger_target_dag' retrieved from /home/airflow/.local/lib/python3.12/site-packages/airflow/example_dags/example_trigger_target_dag.py
[2025-02-12T05:11:33.754+0000] {logging_mixin.py:190} INFO - [2025-02-12T05:11:33.754+0000] {dag.py:3239} INFO - Sync 1 DAGs
[2025-02-12T05:11:33.779+0000] {logging_mixin.py:190} INFO - [2025-02-12T05:11:33.778+0000] {dag.py:4180} INFO - Setting next_dagrun for example_trigger_target_dag to None, run_after=None
[2025-02-12T05:11:33.809+0000] {processor.py:208} INFO - Processing /home/airflow/.local/lib/python3.12/site-packages/airflow/example_dags/example_trigger_target_dag.py took 0.113 seconds
[2025-02-12T05:12:04.404+0000] {processor.py:186} INFO - Started process (PID=953) to work on /home/airflow/.local/lib/python3.12/site-packages/airflow/example_dags/example_trigger_target_dag.py
[2025-02-12T05:12:04.406+0000] {processor.py:914} INFO - Processing file /home/airflow/.local/lib/python3.12/site-packages/airflow/example_dags/example_trigger_target_dag.py for tasks to queue
[2025-02-12T05:12:04.410+0000] {logging_mixin.py:190} INFO - [2025-02-12T05:12:04.409+0000] {dagbag.py:588} INFO - Filling up the DagBag from /home/airflow/.local/lib/python3.12/site-packages/airflow/example_dags/example_trigger_target_dag.py
[2025-02-12T05:12:04.422+0000] {processor.py:925} INFO - DAG(s) 'example_trigger_target_dag' retrieved from /home/airflow/.local/lib/python3.12/site-packages/airflow/example_dags/example_trigger_target_dag.py
[2025-02-12T05:12:04.455+0000] {logging_mixin.py:190} INFO - [2025-02-12T05:12:04.455+0000] {dag.py:3239} INFO - Sync 1 DAGs
[2025-02-12T05:12:04.482+0000] {logging_mixin.py:190} INFO - [2025-02-12T05:12:04.482+0000] {dag.py:4180} INFO - Setting next_dagrun for example_trigger_target_dag to None, run_after=None
[2025-02-12T05:12:04.513+0000] {processor.py:208} INFO - Processing /home/airflow/.local/lib/python3.12/site-packages/airflow/example_dags/example_trigger_target_dag.py took 0.120 seconds
[2025-02-12T05:12:35.141+0000] {processor.py:186} INFO - Started process (PID=1018) to work on /home/airflow/.local/lib/python3.12/site-packages/airflow/example_dags/example_trigger_target_dag.py
[2025-02-12T05:12:35.142+0000] {processor.py:914} INFO - Processing file /home/airflow/.local/lib/python3.12/site-packages/airflow/example_dags/example_trigger_target_dag.py for tasks to queue
[2025-02-12T05:12:35.145+0000] {logging_mixin.py:190} INFO - [2025-02-12T05:12:35.144+0000] {dagbag.py:588} INFO - Filling up the DagBag from /home/airflow/.local/lib/python3.12/site-packages/airflow/example_dags/example_trigger_target_dag.py
[2025-02-12T05:12:35.155+0000] {processor.py:925} INFO - DAG(s) 'example_trigger_target_dag' retrieved from /home/airflow/.local/lib/python3.12/site-packages/airflow/example_dags/example_trigger_target_dag.py
[2025-02-12T05:12:35.187+0000] {logging_mixin.py:190} INFO - [2025-02-12T05:12:35.186+0000] {dag.py:3239} INFO - Sync 1 DAGs
[2025-02-12T05:12:35.209+0000] {logging_mixin.py:190} INFO - [2025-02-12T05:12:35.209+0000] {dag.py:4180} INFO - Setting next_dagrun for example_trigger_target_dag to None, run_after=None
[2025-02-12T05:12:35.239+0000] {processor.py:208} INFO - Processing /home/airflow/.local/lib/python3.12/site-packages/airflow/example_dags/example_trigger_target_dag.py took 0.105 seconds
[2025-02-12T05:13:06.107+0000] {processor.py:186} INFO - Started process (PID=1084) to work on /home/airflow/.local/lib/python3.12/site-packages/airflow/example_dags/example_trigger_target_dag.py
[2025-02-12T05:13:06.108+0000] {processor.py:914} INFO - Processing file /home/airflow/.local/lib/python3.12/site-packages/airflow/example_dags/example_trigger_target_dag.py for tasks to queue
[2025-02-12T05:13:06.112+0000] {logging_mixin.py:190} INFO - [2025-02-12T05:13:06.112+0000] {dagbag.py:588} INFO - Filling up the DagBag from /home/airflow/.local/lib/python3.12/site-packages/airflow/example_dags/example_trigger_target_dag.py
[2025-02-12T05:13:06.124+0000] {processor.py:925} INFO - DAG(s) 'example_trigger_target_dag' retrieved from /home/airflow/.local/lib/python3.12/site-packages/airflow/example_dags/example_trigger_target_dag.py
[2025-02-12T05:13:06.150+0000] {logging_mixin.py:190} INFO - [2025-02-12T05:13:06.149+0000] {dag.py:3239} INFO - Sync 1 DAGs
[2025-02-12T05:13:06.173+0000] {logging_mixin.py:190} INFO - [2025-02-12T05:13:06.173+0000] {dag.py:4180} INFO - Setting next_dagrun for example_trigger_target_dag to None, run_after=None
[2025-02-12T05:13:06.200+0000] {processor.py:208} INFO - Processing /home/airflow/.local/lib/python3.12/site-packages/airflow/example_dags/example_trigger_target_dag.py took 0.102 seconds
[2025-02-12T05:13:36.982+0000] {processor.py:186} INFO - Started process (PID=1150) to work on /home/airflow/.local/lib/python3.12/site-packages/airflow/example_dags/example_trigger_target_dag.py
[2025-02-12T05:13:36.983+0000] {processor.py:914} INFO - Processing file /home/airflow/.local/lib/python3.12/site-packages/airflow/example_dags/example_trigger_target_dag.py for tasks to queue
[2025-02-12T05:13:36.986+0000] {logging_mixin.py:190} INFO - [2025-02-12T05:13:36.986+0000] {dagbag.py:588} INFO - Filling up the DagBag from /home/airflow/.local/lib/python3.12/site-packages/airflow/example_dags/example_trigger_target_dag.py
[2025-02-12T05:13:36.997+0000] {processor.py:925} INFO - DAG(s) 'example_trigger_target_dag' retrieved from /home/airflow/.local/lib/python3.12/site-packages/airflow/example_dags/example_trigger_target_dag.py
[2025-02-12T05:13:37.024+0000] {logging_mixin.py:190} INFO - [2025-02-12T05:13:37.023+0000] {dag.py:3239} INFO - Sync 1 DAGs
[2025-02-12T05:13:37.039+0000] {logging_mixin.py:190} INFO - [2025-02-12T05:13:37.039+0000] {dag.py:4180} INFO - Setting next_dagrun for example_trigger_target_dag to None, run_after=None
[2025-02-12T05:13:37.067+0000] {processor.py:208} INFO - Processing /home/airflow/.local/lib/python3.12/site-packages/airflow/example_dags/example_trigger_target_dag.py took 0.092 seconds
[2025-02-12T05:14:07.583+0000] {processor.py:186} INFO - Started process (PID=1216) to work on /home/airflow/.local/lib/python3.12/site-packages/airflow/example_dags/example_trigger_target_dag.py
[2025-02-12T05:14:07.584+0000] {processor.py:914} INFO - Processing file /home/airflow/.local/lib/python3.12/site-packages/airflow/example_dags/example_trigger_target_dag.py for tasks to queue
[2025-02-12T05:14:07.587+0000] {logging_mixin.py:190} INFO - [2025-02-12T05:14:07.586+0000] {dagbag.py:588} INFO - Filling up the DagBag from /home/airflow/.local/lib/python3.12/site-packages/airflow/example_dags/example_trigger_target_dag.py
[2025-02-12T05:14:07.597+0000] {processor.py:925} INFO - DAG(s) 'example_trigger_target_dag' retrieved from /home/airflow/.local/lib/python3.12/site-packages/airflow/example_dags/example_trigger_target_dag.py
[2025-02-12T05:14:07.623+0000] {logging_mixin.py:190} INFO - [2025-02-12T05:14:07.622+0000] {dag.py:3239} INFO - Sync 1 DAGs
[2025-02-12T05:14:07.643+0000] {logging_mixin.py:190} INFO - [2025-02-12T05:14:07.643+0000] {dag.py:4180} INFO - Setting next_dagrun for example_trigger_target_dag to None, run_after=None
[2025-02-12T05:14:07.672+0000] {processor.py:208} INFO - Processing /home/airflow/.local/lib/python3.12/site-packages/airflow/example_dags/example_trigger_target_dag.py took 0.096 seconds
[2025-02-12T05:14:38.576+0000] {processor.py:186} INFO - Started process (PID=1282) to work on /home/airflow/.local/lib/python3.12/site-packages/airflow/example_dags/example_trigger_target_dag.py
[2025-02-12T05:14:38.576+0000] {processor.py:914} INFO - Processing file /home/airflow/.local/lib/python3.12/site-packages/airflow/example_dags/example_trigger_target_dag.py for tasks to queue
[2025-02-12T05:14:38.579+0000] {logging_mixin.py:190} INFO - [2025-02-12T05:14:38.579+0000] {dagbag.py:588} INFO - Filling up the DagBag from /home/airflow/.local/lib/python3.12/site-packages/airflow/example_dags/example_trigger_target_dag.py
[2025-02-12T05:14:38.590+0000] {processor.py:925} INFO - DAG(s) 'example_trigger_target_dag' retrieved from /home/airflow/.local/lib/python3.12/site-packages/airflow/example_dags/example_trigger_target_dag.py
[2025-02-12T05:14:38.611+0000] {logging_mixin.py:190} INFO - [2025-02-12T05:14:38.611+0000] {dag.py:3239} INFO - Sync 1 DAGs
[2025-02-12T05:14:38.627+0000] {logging_mixin.py:190} INFO - [2025-02-12T05:14:38.626+0000] {dag.py:4180} INFO - Setting next_dagrun for example_trigger_target_dag to None, run_after=None
[2025-02-12T05:14:38.645+0000] {processor.py:208} INFO - Processing /home/airflow/.local/lib/python3.12/site-packages/airflow/example_dags/example_trigger_target_dag.py took 0.077 seconds
[2025-02-12T05:15:09.607+0000] {processor.py:186} INFO - Started process (PID=1348) to work on /home/airflow/.local/lib/python3.12/site-packages/airflow/example_dags/example_trigger_target_dag.py
[2025-02-12T05:15:09.608+0000] {processor.py:914} INFO - Processing file /home/airflow/.local/lib/python3.12/site-packages/airflow/example_dags/example_trigger_target_dag.py for tasks to queue
[2025-02-12T05:15:09.610+0000] {logging_mixin.py:190} INFO - [2025-02-12T05:15:09.610+0000] {dagbag.py:588} INFO - Filling up the DagBag from /home/airflow/.local/lib/python3.12/site-packages/airflow/example_dags/example_trigger_target_dag.py
[2025-02-12T05:15:09.618+0000] {processor.py:925} INFO - DAG(s) 'example_trigger_target_dag' retrieved from /home/airflow/.local/lib/python3.12/site-packages/airflow/example_dags/example_trigger_target_dag.py
[2025-02-12T05:15:09.641+0000] {logging_mixin.py:190} INFO - [2025-02-12T05:15:09.640+0000] {dag.py:3239} INFO - Sync 1 DAGs
[2025-02-12T05:15:09.657+0000] {logging_mixin.py:190} INFO - [2025-02-12T05:15:09.656+0000] {dag.py:4180} INFO - Setting next_dagrun for example_trigger_target_dag to None, run_after=None
[2025-02-12T05:15:09.684+0000] {processor.py:208} INFO - Processing /home/airflow/.local/lib/python3.12/site-packages/airflow/example_dags/example_trigger_target_dag.py took 0.086 seconds
[2025-02-12T05:15:39.823+0000] {processor.py:186} INFO - Started process (PID=1414) to work on /home/airflow/.local/lib/python3.12/site-packages/airflow/example_dags/example_trigger_target_dag.py
[2025-02-12T05:15:39.824+0000] {processor.py:914} INFO - Processing file /home/airflow/.local/lib/python3.12/site-packages/airflow/example_dags/example_trigger_target_dag.py for tasks to queue
[2025-02-12T05:15:39.827+0000] {logging_mixin.py:190} INFO - [2025-02-12T05:15:39.826+0000] {dagbag.py:588} INFO - Filling up the DagBag from /home/airflow/.local/lib/python3.12/site-packages/airflow/example_dags/example_trigger_target_dag.py
[2025-02-12T05:15:39.836+0000] {processor.py:925} INFO - DAG(s) 'example_trigger_target_dag' retrieved from /home/airflow/.local/lib/python3.12/site-packages/airflow/example_dags/example_trigger_target_dag.py
[2025-02-12T05:15:39.857+0000] {logging_mixin.py:190} INFO - [2025-02-12T05:15:39.856+0000] {dag.py:3239} INFO - Sync 1 DAGs
[2025-02-12T05:15:39.871+0000] {logging_mixin.py:190} INFO - [2025-02-12T05:15:39.871+0000] {dag.py:4180} INFO - Setting next_dagrun for example_trigger_target_dag to None, run_after=None
[2025-02-12T05:15:39.893+0000] {processor.py:208} INFO - Processing /home/airflow/.local/lib/python3.12/site-packages/airflow/example_dags/example_trigger_target_dag.py took 0.077 seconds
[2025-02-12T05:16:10.800+0000] {processor.py:186} INFO - Started process (PID=1480) to work on /home/airflow/.local/lib/python3.12/site-packages/airflow/example_dags/example_trigger_target_dag.py
[2025-02-12T05:16:10.802+0000] {processor.py:914} INFO - Processing file /home/airflow/.local/lib/python3.12/site-packages/airflow/example_dags/example_trigger_target_dag.py for tasks to queue
[2025-02-12T05:16:10.805+0000] {logging_mixin.py:190} INFO - [2025-02-12T05:16:10.804+0000] {dagbag.py:588} INFO - Filling up the DagBag from /home/airflow/.local/lib/python3.12/site-packages/airflow/example_dags/example_trigger_target_dag.py
[2025-02-12T05:16:10.816+0000] {processor.py:925} INFO - DAG(s) 'example_trigger_target_dag' retrieved from /home/airflow/.local/lib/python3.12/site-packages/airflow/example_dags/example_trigger_target_dag.py
[2025-02-12T05:16:10.837+0000] {logging_mixin.py:190} INFO - [2025-02-12T05:16:10.836+0000] {dag.py:3239} INFO - Sync 1 DAGs
[2025-02-12T05:16:10.853+0000] {logging_mixin.py:190} INFO - [2025-02-12T05:16:10.853+0000] {dag.py:4180} INFO - Setting next_dagrun for example_trigger_target_dag to None, run_after=None
[2025-02-12T05:16:10.874+0000] {processor.py:208} INFO - Processing /home/airflow/.local/lib/python3.12/site-packages/airflow/example_dags/example_trigger_target_dag.py took 0.080 seconds
[2025-02-12T05:16:41.383+0000] {processor.py:186} INFO - Started process (PID=1547) to work on /home/airflow/.local/lib/python3.12/site-packages/airflow/example_dags/example_trigger_target_dag.py
[2025-02-12T05:16:41.384+0000] {processor.py:914} INFO - Processing file /home/airflow/.local/lib/python3.12/site-packages/airflow/example_dags/example_trigger_target_dag.py for tasks to queue
[2025-02-12T05:16:41.387+0000] {logging_mixin.py:190} INFO - [2025-02-12T05:16:41.387+0000] {dagbag.py:588} INFO - Filling up the DagBag from /home/airflow/.local/lib/python3.12/site-packages/airflow/example_dags/example_trigger_target_dag.py
[2025-02-12T05:16:41.399+0000] {processor.py:925} INFO - DAG(s) 'example_trigger_target_dag' retrieved from /home/airflow/.local/lib/python3.12/site-packages/airflow/example_dags/example_trigger_target_dag.py
[2025-02-12T05:16:41.431+0000] {logging_mixin.py:190} INFO - [2025-02-12T05:16:41.430+0000] {dag.py:3239} INFO - Sync 1 DAGs
[2025-02-12T05:16:41.456+0000] {logging_mixin.py:190} INFO - [2025-02-12T05:16:41.455+0000] {dag.py:4180} INFO - Setting next_dagrun for example_trigger_target_dag to None, run_after=None
[2025-02-12T05:16:41.498+0000] {processor.py:208} INFO - Processing /home/airflow/.local/lib/python3.12/site-packages/airflow/example_dags/example_trigger_target_dag.py took 0.124 seconds
[2025-02-12T05:17:12.319+0000] {processor.py:186} INFO - Started process (PID=1613) to work on /home/airflow/.local/lib/python3.12/site-packages/airflow/example_dags/example_trigger_target_dag.py
[2025-02-12T05:17:12.320+0000] {processor.py:914} INFO - Processing file /home/airflow/.local/lib/python3.12/site-packages/airflow/example_dags/example_trigger_target_dag.py for tasks to queue
[2025-02-12T05:17:12.324+0000] {logging_mixin.py:190} INFO - [2025-02-12T05:17:12.323+0000] {dagbag.py:588} INFO - Filling up the DagBag from /home/airflow/.local/lib/python3.12/site-packages/airflow/example_dags/example_trigger_target_dag.py
[2025-02-12T05:17:12.337+0000] {processor.py:925} INFO - DAG(s) 'example_trigger_target_dag' retrieved from /home/airflow/.local/lib/python3.12/site-packages/airflow/example_dags/example_trigger_target_dag.py
[2025-02-12T05:17:12.369+0000] {logging_mixin.py:190} INFO - [2025-02-12T05:17:12.368+0000] {dag.py:3239} INFO - Sync 1 DAGs
[2025-02-12T05:17:12.390+0000] {logging_mixin.py:190} INFO - [2025-02-12T05:17:12.389+0000] {dag.py:4180} INFO - Setting next_dagrun for example_trigger_target_dag to None, run_after=None
[2025-02-12T05:17:12.423+0000] {processor.py:208} INFO - Processing /home/airflow/.local/lib/python3.12/site-packages/airflow/example_dags/example_trigger_target_dag.py took 0.112 seconds
[2025-02-12T05:17:43.074+0000] {processor.py:186} INFO - Started process (PID=1679) to work on /home/airflow/.local/lib/python3.12/site-packages/airflow/example_dags/example_trigger_target_dag.py
[2025-02-12T05:17:43.075+0000] {processor.py:914} INFO - Processing file /home/airflow/.local/lib/python3.12/site-packages/airflow/example_dags/example_trigger_target_dag.py for tasks to queue
[2025-02-12T05:17:43.077+0000] {logging_mixin.py:190} INFO - [2025-02-12T05:17:43.077+0000] {dagbag.py:588} INFO - Filling up the DagBag from /home/airflow/.local/lib/python3.12/site-packages/airflow/example_dags/example_trigger_target_dag.py
[2025-02-12T05:17:43.085+0000] {processor.py:925} INFO - DAG(s) 'example_trigger_target_dag' retrieved from /home/airflow/.local/lib/python3.12/site-packages/airflow/example_dags/example_trigger_target_dag.py
[2025-02-12T05:17:43.111+0000] {logging_mixin.py:190} INFO - [2025-02-12T05:17:43.110+0000] {dag.py:3239} INFO - Sync 1 DAGs
[2025-02-12T05:17:43.127+0000] {logging_mixin.py:190} INFO - [2025-02-12T05:17:43.127+0000] {dag.py:4180} INFO - Setting next_dagrun for example_trigger_target_dag to None, run_after=None
[2025-02-12T05:17:43.154+0000] {processor.py:208} INFO - Processing /home/airflow/.local/lib/python3.12/site-packages/airflow/example_dags/example_trigger_target_dag.py took 0.087 seconds
[2025-02-12T05:18:13.857+0000] {processor.py:186} INFO - Started process (PID=1745) to work on /home/airflow/.local/lib/python3.12/site-packages/airflow/example_dags/example_trigger_target_dag.py
[2025-02-12T05:18:13.859+0000] {processor.py:914} INFO - Processing file /home/airflow/.local/lib/python3.12/site-packages/airflow/example_dags/example_trigger_target_dag.py for tasks to queue
[2025-02-12T05:18:13.862+0000] {logging_mixin.py:190} INFO - [2025-02-12T05:18:13.862+0000] {dagbag.py:588} INFO - Filling up the DagBag from /home/airflow/.local/lib/python3.12/site-packages/airflow/example_dags/example_trigger_target_dag.py
[2025-02-12T05:18:13.872+0000] {processor.py:925} INFO - DAG(s) 'example_trigger_target_dag' retrieved from /home/airflow/.local/lib/python3.12/site-packages/airflow/example_dags/example_trigger_target_dag.py
[2025-02-12T05:18:13.901+0000] {logging_mixin.py:190} INFO - [2025-02-12T05:18:13.901+0000] {dag.py:3239} INFO - Sync 1 DAGs
[2025-02-12T05:18:13.931+0000] {logging_mixin.py:190} INFO - [2025-02-12T05:18:13.930+0000] {dag.py:4180} INFO - Setting next_dagrun for example_trigger_target_dag to None, run_after=None
[2025-02-12T05:18:13.967+0000] {processor.py:208} INFO - Processing /home/airflow/.local/lib/python3.12/site-packages/airflow/example_dags/example_trigger_target_dag.py took 0.118 seconds
[2025-02-12T05:18:44.272+0000] {processor.py:186} INFO - Started process (PID=1811) to work on /home/airflow/.local/lib/python3.12/site-packages/airflow/example_dags/example_trigger_target_dag.py
[2025-02-12T05:18:44.274+0000] {processor.py:914} INFO - Processing file /home/airflow/.local/lib/python3.12/site-packages/airflow/example_dags/example_trigger_target_dag.py for tasks to queue
[2025-02-12T05:18:44.277+0000] {logging_mixin.py:190} INFO - [2025-02-12T05:18:44.276+0000] {dagbag.py:588} INFO - Filling up the DagBag from /home/airflow/.local/lib/python3.12/site-packages/airflow/example_dags/example_trigger_target_dag.py
[2025-02-12T05:18:44.286+0000] {processor.py:925} INFO - DAG(s) 'example_trigger_target_dag' retrieved from /home/airflow/.local/lib/python3.12/site-packages/airflow/example_dags/example_trigger_target_dag.py
[2025-02-12T05:18:44.310+0000] {logging_mixin.py:190} INFO - [2025-02-12T05:18:44.310+0000] {dag.py:3239} INFO - Sync 1 DAGs
[2025-02-12T05:18:44.328+0000] {logging_mixin.py:190} INFO - [2025-02-12T05:18:44.328+0000] {dag.py:4180} INFO - Setting next_dagrun for example_trigger_target_dag to None, run_after=None
[2025-02-12T05:18:44.355+0000] {processor.py:208} INFO - Processing /home/airflow/.local/lib/python3.12/site-packages/airflow/example_dags/example_trigger_target_dag.py took 0.090 seconds
[2025-02-12T05:19:15.221+0000] {processor.py:186} INFO - Started process (PID=1877) to work on /home/airflow/.local/lib/python3.12/site-packages/airflow/example_dags/example_trigger_target_dag.py
[2025-02-12T05:19:15.223+0000] {processor.py:914} INFO - Processing file /home/airflow/.local/lib/python3.12/site-packages/airflow/example_dags/example_trigger_target_dag.py for tasks to queue
[2025-02-12T05:19:15.226+0000] {logging_mixin.py:190} INFO - [2025-02-12T05:19:15.225+0000] {dagbag.py:588} INFO - Filling up the DagBag from /home/airflow/.local/lib/python3.12/site-packages/airflow/example_dags/example_trigger_target_dag.py
[2025-02-12T05:19:15.237+0000] {processor.py:925} INFO - DAG(s) 'example_trigger_target_dag' retrieved from /home/airflow/.local/lib/python3.12/site-packages/airflow/example_dags/example_trigger_target_dag.py
[2025-02-12T05:19:15.265+0000] {logging_mixin.py:190} INFO - [2025-02-12T05:19:15.264+0000] {dag.py:3239} INFO - Sync 1 DAGs
[2025-02-12T05:19:15.283+0000] {logging_mixin.py:190} INFO - [2025-02-12T05:19:15.283+0000] {dag.py:4180} INFO - Setting next_dagrun for example_trigger_target_dag to None, run_after=None
[2025-02-12T05:19:15.313+0000] {processor.py:208} INFO - Processing /home/airflow/.local/lib/python3.12/site-packages/airflow/example_dags/example_trigger_target_dag.py took 0.100 seconds
[2025-02-12T05:19:45.536+0000] {processor.py:186} INFO - Started process (PID=1943) to work on /home/airflow/.local/lib/python3.12/site-packages/airflow/example_dags/example_trigger_target_dag.py
[2025-02-12T05:19:45.537+0000] {processor.py:914} INFO - Processing file /home/airflow/.local/lib/python3.12/site-packages/airflow/example_dags/example_trigger_target_dag.py for tasks to queue
[2025-02-12T05:19:45.540+0000] {logging_mixin.py:190} INFO - [2025-02-12T05:19:45.539+0000] {dagbag.py:588} INFO - Filling up the DagBag from /home/airflow/.local/lib/python3.12/site-packages/airflow/example_dags/example_trigger_target_dag.py
[2025-02-12T05:19:45.548+0000] {processor.py:925} INFO - DAG(s) 'example_trigger_target_dag' retrieved from /home/airflow/.local/lib/python3.12/site-packages/airflow/example_dags/example_trigger_target_dag.py
[2025-02-12T05:19:45.568+0000] {logging_mixin.py:190} INFO - [2025-02-12T05:19:45.567+0000] {dag.py:3239} INFO - Sync 1 DAGs
[2025-02-12T05:19:45.580+0000] {logging_mixin.py:190} INFO - [2025-02-12T05:19:45.580+0000] {dag.py:4180} INFO - Setting next_dagrun for example_trigger_target_dag to None, run_after=None
[2025-02-12T05:19:45.790+0000] {processor.py:208} INFO - Processing /home/airflow/.local/lib/python3.12/site-packages/airflow/example_dags/example_trigger_target_dag.py took 0.259 seconds
[2025-02-12T05:20:16.254+0000] {processor.py:186} INFO - Started process (PID=2009) to work on /home/airflow/.local/lib/python3.12/site-packages/airflow/example_dags/example_trigger_target_dag.py
[2025-02-12T05:20:16.254+0000] {processor.py:914} INFO - Processing file /home/airflow/.local/lib/python3.12/site-packages/airflow/example_dags/example_trigger_target_dag.py for tasks to queue
[2025-02-12T05:20:16.257+0000] {logging_mixin.py:190} INFO - [2025-02-12T05:20:16.256+0000] {dagbag.py:588} INFO - Filling up the DagBag from /home/airflow/.local/lib/python3.12/site-packages/airflow/example_dags/example_trigger_target_dag.py
[2025-02-12T05:20:16.265+0000] {processor.py:925} INFO - DAG(s) 'example_trigger_target_dag' retrieved from /home/airflow/.local/lib/python3.12/site-packages/airflow/example_dags/example_trigger_target_dag.py
[2025-02-12T05:20:16.283+0000] {logging_mixin.py:190} INFO - [2025-02-12T05:20:16.283+0000] {dag.py:3239} INFO - Sync 1 DAGs
[2025-02-12T05:20:16.296+0000] {logging_mixin.py:190} INFO - [2025-02-12T05:20:16.296+0000] {dag.py:4180} INFO - Setting next_dagrun for example_trigger_target_dag to None, run_after=None
[2025-02-12T05:20:16.314+0000] {processor.py:208} INFO - Processing /home/airflow/.local/lib/python3.12/site-packages/airflow/example_dags/example_trigger_target_dag.py took 0.066 seconds
[2025-02-12T05:20:46.706+0000] {processor.py:186} INFO - Started process (PID=2075) to work on /home/airflow/.local/lib/python3.12/site-packages/airflow/example_dags/example_trigger_target_dag.py
[2025-02-12T05:20:46.707+0000] {processor.py:914} INFO - Processing file /home/airflow/.local/lib/python3.12/site-packages/airflow/example_dags/example_trigger_target_dag.py for tasks to queue
[2025-02-12T05:20:46.709+0000] {logging_mixin.py:190} INFO - [2025-02-12T05:20:46.708+0000] {dagbag.py:588} INFO - Filling up the DagBag from /home/airflow/.local/lib/python3.12/site-packages/airflow/example_dags/example_trigger_target_dag.py
[2025-02-12T05:20:46.717+0000] {processor.py:925} INFO - DAG(s) 'example_trigger_target_dag' retrieved from /home/airflow/.local/lib/python3.12/site-packages/airflow/example_dags/example_trigger_target_dag.py
[2025-02-12T05:20:46.735+0000] {logging_mixin.py:190} INFO - [2025-02-12T05:20:46.735+0000] {dag.py:3239} INFO - Sync 1 DAGs
[2025-02-12T05:20:46.748+0000] {logging_mixin.py:190} INFO - [2025-02-12T05:20:46.748+0000] {dag.py:4180} INFO - Setting next_dagrun for example_trigger_target_dag to None, run_after=None
[2025-02-12T05:20:46.766+0000] {processor.py:208} INFO - Processing /home/airflow/.local/lib/python3.12/site-packages/airflow/example_dags/example_trigger_target_dag.py took 0.067 seconds
[2025-02-12T05:21:17.092+0000] {processor.py:186} INFO - Started process (PID=2141) to work on /home/airflow/.local/lib/python3.12/site-packages/airflow/example_dags/example_trigger_target_dag.py
[2025-02-12T05:21:17.093+0000] {processor.py:914} INFO - Processing file /home/airflow/.local/lib/python3.12/site-packages/airflow/example_dags/example_trigger_target_dag.py for tasks to queue
[2025-02-12T05:21:17.096+0000] {logging_mixin.py:190} INFO - [2025-02-12T05:21:17.095+0000] {dagbag.py:588} INFO - Filling up the DagBag from /home/airflow/.local/lib/python3.12/site-packages/airflow/example_dags/example_trigger_target_dag.py
[2025-02-12T05:21:17.105+0000] {processor.py:925} INFO - DAG(s) 'example_trigger_target_dag' retrieved from /home/airflow/.local/lib/python3.12/site-packages/airflow/example_dags/example_trigger_target_dag.py
[2025-02-12T05:21:17.133+0000] {logging_mixin.py:190} INFO - [2025-02-12T05:21:17.132+0000] {dag.py:3239} INFO - Sync 1 DAGs
[2025-02-12T05:21:17.151+0000] {logging_mixin.py:190} INFO - [2025-02-12T05:21:17.150+0000] {dag.py:4180} INFO - Setting next_dagrun for example_trigger_target_dag to None, run_after=None
[2025-02-12T05:21:17.176+0000] {processor.py:208} INFO - Processing /home/airflow/.local/lib/python3.12/site-packages/airflow/example_dags/example_trigger_target_dag.py took 0.090 seconds
[2025-02-12T05:21:47.695+0000] {processor.py:186} INFO - Started process (PID=2213) to work on /home/airflow/.local/lib/python3.12/site-packages/airflow/example_dags/example_trigger_target_dag.py
[2025-02-12T05:21:47.695+0000] {processor.py:914} INFO - Processing file /home/airflow/.local/lib/python3.12/site-packages/airflow/example_dags/example_trigger_target_dag.py for tasks to queue
[2025-02-12T05:21:47.698+0000] {logging_mixin.py:190} INFO - [2025-02-12T05:21:47.698+0000] {dagbag.py:588} INFO - Filling up the DagBag from /home/airflow/.local/lib/python3.12/site-packages/airflow/example_dags/example_trigger_target_dag.py
[2025-02-12T05:21:47.706+0000] {processor.py:925} INFO - DAG(s) 'example_trigger_target_dag' retrieved from /home/airflow/.local/lib/python3.12/site-packages/airflow/example_dags/example_trigger_target_dag.py
[2025-02-12T05:21:47.724+0000] {logging_mixin.py:190} INFO - [2025-02-12T05:21:47.724+0000] {dag.py:3239} INFO - Sync 1 DAGs
[2025-02-12T05:21:47.736+0000] {logging_mixin.py:190} INFO - [2025-02-12T05:21:47.736+0000] {dag.py:4180} INFO - Setting next_dagrun for example_trigger_target_dag to None, run_after=None
[2025-02-12T05:21:47.754+0000] {processor.py:208} INFO - Processing /home/airflow/.local/lib/python3.12/site-packages/airflow/example_dags/example_trigger_target_dag.py took 0.065 seconds
[2025-02-12T05:22:18.011+0000] {processor.py:186} INFO - Started process (PID=2279) to work on /home/airflow/.local/lib/python3.12/site-packages/airflow/example_dags/example_trigger_target_dag.py
[2025-02-12T05:22:18.012+0000] {processor.py:914} INFO - Processing file /home/airflow/.local/lib/python3.12/site-packages/airflow/example_dags/example_trigger_target_dag.py for tasks to queue
[2025-02-12T05:22:18.015+0000] {logging_mixin.py:190} INFO - [2025-02-12T05:22:18.014+0000] {dagbag.py:588} INFO - Filling up the DagBag from /home/airflow/.local/lib/python3.12/site-packages/airflow/example_dags/example_trigger_target_dag.py
[2025-02-12T05:22:18.023+0000] {processor.py:925} INFO - DAG(s) 'example_trigger_target_dag' retrieved from /home/airflow/.local/lib/python3.12/site-packages/airflow/example_dags/example_trigger_target_dag.py
[2025-02-12T05:22:18.044+0000] {logging_mixin.py:190} INFO - [2025-02-12T05:22:18.044+0000] {dag.py:3239} INFO - Sync 1 DAGs
[2025-02-12T05:22:18.058+0000] {logging_mixin.py:190} INFO - [2025-02-12T05:22:18.058+0000] {dag.py:4180} INFO - Setting next_dagrun for example_trigger_target_dag to None, run_after=None
[2025-02-12T05:22:18.080+0000] {processor.py:208} INFO - Processing /home/airflow/.local/lib/python3.12/site-packages/airflow/example_dags/example_trigger_target_dag.py took 0.075 seconds
[2025-02-12T05:22:48.425+0000] {processor.py:186} INFO - Started process (PID=2345) to work on /home/airflow/.local/lib/python3.12/site-packages/airflow/example_dags/example_trigger_target_dag.py
[2025-02-12T05:22:48.426+0000] {processor.py:914} INFO - Processing file /home/airflow/.local/lib/python3.12/site-packages/airflow/example_dags/example_trigger_target_dag.py for tasks to queue
[2025-02-12T05:22:48.429+0000] {logging_mixin.py:190} INFO - [2025-02-12T05:22:48.428+0000] {dagbag.py:588} INFO - Filling up the DagBag from /home/airflow/.local/lib/python3.12/site-packages/airflow/example_dags/example_trigger_target_dag.py
[2025-02-12T05:22:48.437+0000] {processor.py:925} INFO - DAG(s) 'example_trigger_target_dag' retrieved from /home/airflow/.local/lib/python3.12/site-packages/airflow/example_dags/example_trigger_target_dag.py
[2025-02-12T05:22:48.457+0000] {logging_mixin.py:190} INFO - [2025-02-12T05:22:48.457+0000] {dag.py:3239} INFO - Sync 1 DAGs
[2025-02-12T05:22:48.475+0000] {logging_mixin.py:190} INFO - [2025-02-12T05:22:48.475+0000] {dag.py:4180} INFO - Setting next_dagrun for example_trigger_target_dag to None, run_after=None
[2025-02-12T05:22:48.496+0000] {processor.py:208} INFO - Processing /home/airflow/.local/lib/python3.12/site-packages/airflow/example_dags/example_trigger_target_dag.py took 0.077 seconds
[2025-02-12T05:23:18.654+0000] {processor.py:186} INFO - Started process (PID=2411) to work on /home/airflow/.local/lib/python3.12/site-packages/airflow/example_dags/example_trigger_target_dag.py
[2025-02-12T05:23:18.654+0000] {processor.py:914} INFO - Processing file /home/airflow/.local/lib/python3.12/site-packages/airflow/example_dags/example_trigger_target_dag.py for tasks to queue
[2025-02-12T05:23:18.657+0000] {logging_mixin.py:190} INFO - [2025-02-12T05:23:18.657+0000] {dagbag.py:588} INFO - Filling up the DagBag from /home/airflow/.local/lib/python3.12/site-packages/airflow/example_dags/example_trigger_target_dag.py
[2025-02-12T05:23:18.666+0000] {processor.py:925} INFO - DAG(s) 'example_trigger_target_dag' retrieved from /home/airflow/.local/lib/python3.12/site-packages/airflow/example_dags/example_trigger_target_dag.py
[2025-02-12T05:23:18.685+0000] {logging_mixin.py:190} INFO - [2025-02-12T05:23:18.685+0000] {dag.py:3239} INFO - Sync 1 DAGs
[2025-02-12T05:23:18.698+0000] {logging_mixin.py:190} INFO - [2025-02-12T05:23:18.698+0000] {dag.py:4180} INFO - Setting next_dagrun for example_trigger_target_dag to None, run_after=None
[2025-02-12T05:23:18.722+0000] {processor.py:208} INFO - Processing /home/airflow/.local/lib/python3.12/site-packages/airflow/example_dags/example_trigger_target_dag.py took 0.075 seconds
[2025-02-12T05:23:49.251+0000] {processor.py:186} INFO - Started process (PID=2477) to work on /home/airflow/.local/lib/python3.12/site-packages/airflow/example_dags/example_trigger_target_dag.py
[2025-02-12T05:23:49.252+0000] {processor.py:914} INFO - Processing file /home/airflow/.local/lib/python3.12/site-packages/airflow/example_dags/example_trigger_target_dag.py for tasks to queue
[2025-02-12T05:23:49.255+0000] {logging_mixin.py:190} INFO - [2025-02-12T05:23:49.254+0000] {dagbag.py:588} INFO - Filling up the DagBag from /home/airflow/.local/lib/python3.12/site-packages/airflow/example_dags/example_trigger_target_dag.py
[2025-02-12T05:23:49.262+0000] {processor.py:925} INFO - DAG(s) 'example_trigger_target_dag' retrieved from /home/airflow/.local/lib/python3.12/site-packages/airflow/example_dags/example_trigger_target_dag.py
[2025-02-12T05:23:49.281+0000] {logging_mixin.py:190} INFO - [2025-02-12T05:23:49.280+0000] {dag.py:3239} INFO - Sync 1 DAGs
[2025-02-12T05:23:49.294+0000] {logging_mixin.py:190} INFO - [2025-02-12T05:23:49.294+0000] {dag.py:4180} INFO - Setting next_dagrun for example_trigger_target_dag to None, run_after=None
[2025-02-12T05:23:49.311+0000] {processor.py:208} INFO - Processing /home/airflow/.local/lib/python3.12/site-packages/airflow/example_dags/example_trigger_target_dag.py took 0.066 seconds
[2025-02-12T05:24:19.663+0000] {processor.py:186} INFO - Started process (PID=2543) to work on /home/airflow/.local/lib/python3.12/site-packages/airflow/example_dags/example_trigger_target_dag.py
[2025-02-12T05:24:19.663+0000] {processor.py:914} INFO - Processing file /home/airflow/.local/lib/python3.12/site-packages/airflow/example_dags/example_trigger_target_dag.py for tasks to queue
[2025-02-12T05:24:19.666+0000] {logging_mixin.py:190} INFO - [2025-02-12T05:24:19.665+0000] {dagbag.py:588} INFO - Filling up the DagBag from /home/airflow/.local/lib/python3.12/site-packages/airflow/example_dags/example_trigger_target_dag.py
[2025-02-12T05:24:19.673+0000] {processor.py:925} INFO - DAG(s) 'example_trigger_target_dag' retrieved from /home/airflow/.local/lib/python3.12/site-packages/airflow/example_dags/example_trigger_target_dag.py
[2025-02-12T05:24:19.692+0000] {logging_mixin.py:190} INFO - [2025-02-12T05:24:19.692+0000] {dag.py:3239} INFO - Sync 1 DAGs
[2025-02-12T05:24:19.705+0000] {logging_mixin.py:190} INFO - [2025-02-12T05:24:19.704+0000] {dag.py:4180} INFO - Setting next_dagrun for example_trigger_target_dag to None, run_after=None
[2025-02-12T05:24:19.721+0000] {processor.py:208} INFO - Processing /home/airflow/.local/lib/python3.12/site-packages/airflow/example_dags/example_trigger_target_dag.py took 0.063 seconds
[2025-02-12T05:24:50.271+0000] {processor.py:186} INFO - Started process (PID=2609) to work on /home/airflow/.local/lib/python3.12/site-packages/airflow/example_dags/example_trigger_target_dag.py
[2025-02-12T05:24:50.272+0000] {processor.py:914} INFO - Processing file /home/airflow/.local/lib/python3.12/site-packages/airflow/example_dags/example_trigger_target_dag.py for tasks to queue
[2025-02-12T05:24:50.274+0000] {logging_mixin.py:190} INFO - [2025-02-12T05:24:50.274+0000] {dagbag.py:588} INFO - Filling up the DagBag from /home/airflow/.local/lib/python3.12/site-packages/airflow/example_dags/example_trigger_target_dag.py
[2025-02-12T05:24:50.282+0000] {processor.py:925} INFO - DAG(s) 'example_trigger_target_dag' retrieved from /home/airflow/.local/lib/python3.12/site-packages/airflow/example_dags/example_trigger_target_dag.py
[2025-02-12T05:24:50.300+0000] {logging_mixin.py:190} INFO - [2025-02-12T05:24:50.300+0000] {dag.py:3239} INFO - Sync 1 DAGs
[2025-02-12T05:24:50.312+0000] {logging_mixin.py:190} INFO - [2025-02-12T05:24:50.312+0000] {dag.py:4180} INFO - Setting next_dagrun for example_trigger_target_dag to None, run_after=None
[2025-02-12T05:24:50.328+0000] {processor.py:208} INFO - Processing /home/airflow/.local/lib/python3.12/site-packages/airflow/example_dags/example_trigger_target_dag.py took 0.062 seconds
[2025-02-12T05:25:20.697+0000] {processor.py:186} INFO - Started process (PID=2675) to work on /home/airflow/.local/lib/python3.12/site-packages/airflow/example_dags/example_trigger_target_dag.py
[2025-02-12T05:25:20.697+0000] {processor.py:914} INFO - Processing file /home/airflow/.local/lib/python3.12/site-packages/airflow/example_dags/example_trigger_target_dag.py for tasks to queue
[2025-02-12T05:25:20.700+0000] {logging_mixin.py:190} INFO - [2025-02-12T05:25:20.699+0000] {dagbag.py:588} INFO - Filling up the DagBag from /home/airflow/.local/lib/python3.12/site-packages/airflow/example_dags/example_trigger_target_dag.py
[2025-02-12T05:25:20.707+0000] {processor.py:925} INFO - DAG(s) 'example_trigger_target_dag' retrieved from /home/airflow/.local/lib/python3.12/site-packages/airflow/example_dags/example_trigger_target_dag.py
[2025-02-12T05:25:20.729+0000] {logging_mixin.py:190} INFO - [2025-02-12T05:25:20.728+0000] {dag.py:3239} INFO - Sync 1 DAGs
[2025-02-12T05:25:20.742+0000] {logging_mixin.py:190} INFO - [2025-02-12T05:25:20.742+0000] {dag.py:4180} INFO - Setting next_dagrun for example_trigger_target_dag to None, run_after=None
[2025-02-12T05:25:20.759+0000] {processor.py:208} INFO - Processing /home/airflow/.local/lib/python3.12/site-packages/airflow/example_dags/example_trigger_target_dag.py took 0.067 seconds
[2025-02-12T05:25:51.100+0000] {processor.py:186} INFO - Started process (PID=2741) to work on /home/airflow/.local/lib/python3.12/site-packages/airflow/example_dags/example_trigger_target_dag.py
[2025-02-12T05:25:51.101+0000] {processor.py:914} INFO - Processing file /home/airflow/.local/lib/python3.12/site-packages/airflow/example_dags/example_trigger_target_dag.py for tasks to queue
[2025-02-12T05:25:51.103+0000] {logging_mixin.py:190} INFO - [2025-02-12T05:25:51.103+0000] {dagbag.py:588} INFO - Filling up the DagBag from /home/airflow/.local/lib/python3.12/site-packages/airflow/example_dags/example_trigger_target_dag.py
[2025-02-12T05:25:51.111+0000] {processor.py:925} INFO - DAG(s) 'example_trigger_target_dag' retrieved from /home/airflow/.local/lib/python3.12/site-packages/airflow/example_dags/example_trigger_target_dag.py
[2025-02-12T05:25:51.130+0000] {logging_mixin.py:190} INFO - [2025-02-12T05:25:51.129+0000] {dag.py:3239} INFO - Sync 1 DAGs
[2025-02-12T05:25:51.142+0000] {logging_mixin.py:190} INFO - [2025-02-12T05:25:51.142+0000] {dag.py:4180} INFO - Setting next_dagrun for example_trigger_target_dag to None, run_after=None
[2025-02-12T05:25:51.161+0000] {processor.py:208} INFO - Processing /home/airflow/.local/lib/python3.12/site-packages/airflow/example_dags/example_trigger_target_dag.py took 0.066 seconds
[2025-02-12T05:26:22.124+0000] {processor.py:186} INFO - Started process (PID=2807) to work on /home/airflow/.local/lib/python3.12/site-packages/airflow/example_dags/example_trigger_target_dag.py
[2025-02-12T05:26:22.125+0000] {processor.py:914} INFO - Processing file /home/airflow/.local/lib/python3.12/site-packages/airflow/example_dags/example_trigger_target_dag.py for tasks to queue
[2025-02-12T05:26:22.127+0000] {logging_mixin.py:190} INFO - [2025-02-12T05:26:22.127+0000] {dagbag.py:588} INFO - Filling up the DagBag from /home/airflow/.local/lib/python3.12/site-packages/airflow/example_dags/example_trigger_target_dag.py
[2025-02-12T05:26:22.135+0000] {processor.py:925} INFO - DAG(s) 'example_trigger_target_dag' retrieved from /home/airflow/.local/lib/python3.12/site-packages/airflow/example_dags/example_trigger_target_dag.py
[2025-02-12T05:26:22.157+0000] {logging_mixin.py:190} INFO - [2025-02-12T05:26:22.157+0000] {dag.py:3239} INFO - Sync 1 DAGs
[2025-02-12T05:26:22.170+0000] {logging_mixin.py:190} INFO - [2025-02-12T05:26:22.170+0000] {dag.py:4180} INFO - Setting next_dagrun for example_trigger_target_dag to None, run_after=None
[2025-02-12T05:26:22.188+0000] {processor.py:208} INFO - Processing /home/airflow/.local/lib/python3.12/site-packages/airflow/example_dags/example_trigger_target_dag.py took 0.070 seconds
[2025-02-12T05:26:52.311+0000] {processor.py:186} INFO - Started process (PID=2873) to work on /home/airflow/.local/lib/python3.12/site-packages/airflow/example_dags/example_trigger_target_dag.py
[2025-02-12T05:26:52.312+0000] {processor.py:914} INFO - Processing file /home/airflow/.local/lib/python3.12/site-packages/airflow/example_dags/example_trigger_target_dag.py for tasks to queue
[2025-02-12T05:26:52.315+0000] {logging_mixin.py:190} INFO - [2025-02-12T05:26:52.314+0000] {dagbag.py:588} INFO - Filling up the DagBag from /home/airflow/.local/lib/python3.12/site-packages/airflow/example_dags/example_trigger_target_dag.py
[2025-02-12T05:26:52.325+0000] {processor.py:925} INFO - DAG(s) 'example_trigger_target_dag' retrieved from /home/airflow/.local/lib/python3.12/site-packages/airflow/example_dags/example_trigger_target_dag.py
[2025-02-12T05:26:52.344+0000] {logging_mixin.py:190} INFO - [2025-02-12T05:26:52.343+0000] {dag.py:3239} INFO - Sync 1 DAGs
[2025-02-12T05:26:52.357+0000] {logging_mixin.py:190} INFO - [2025-02-12T05:26:52.357+0000] {dag.py:4180} INFO - Setting next_dagrun for example_trigger_target_dag to None, run_after=None
[2025-02-12T05:26:52.375+0000] {processor.py:208} INFO - Processing /home/airflow/.local/lib/python3.12/site-packages/airflow/example_dags/example_trigger_target_dag.py took 0.068 seconds
[2025-02-12T05:27:22.595+0000] {processor.py:186} INFO - Started process (PID=2939) to work on /home/airflow/.local/lib/python3.12/site-packages/airflow/example_dags/example_trigger_target_dag.py
[2025-02-12T05:27:22.595+0000] {processor.py:914} INFO - Processing file /home/airflow/.local/lib/python3.12/site-packages/airflow/example_dags/example_trigger_target_dag.py for tasks to queue
[2025-02-12T05:27:22.598+0000] {logging_mixin.py:190} INFO - [2025-02-12T05:27:22.597+0000] {dagbag.py:588} INFO - Filling up the DagBag from /home/airflow/.local/lib/python3.12/site-packages/airflow/example_dags/example_trigger_target_dag.py
[2025-02-12T05:27:22.606+0000] {processor.py:925} INFO - DAG(s) 'example_trigger_target_dag' retrieved from /home/airflow/.local/lib/python3.12/site-packages/airflow/example_dags/example_trigger_target_dag.py
[2025-02-12T05:27:22.625+0000] {logging_mixin.py:190} INFO - [2025-02-12T05:27:22.625+0000] {dag.py:3239} INFO - Sync 1 DAGs
[2025-02-12T05:27:22.638+0000] {logging_mixin.py:190} INFO - [2025-02-12T05:27:22.637+0000] {dag.py:4180} INFO - Setting next_dagrun for example_trigger_target_dag to None, run_after=None
[2025-02-12T05:27:22.656+0000] {processor.py:208} INFO - Processing /home/airflow/.local/lib/python3.12/site-packages/airflow/example_dags/example_trigger_target_dag.py took 0.068 seconds
[2025-02-12T05:27:52.867+0000] {processor.py:186} INFO - Started process (PID=3005) to work on /home/airflow/.local/lib/python3.12/site-packages/airflow/example_dags/example_trigger_target_dag.py
[2025-02-12T05:27:52.868+0000] {processor.py:914} INFO - Processing file /home/airflow/.local/lib/python3.12/site-packages/airflow/example_dags/example_trigger_target_dag.py for tasks to queue
[2025-02-12T05:27:52.870+0000] {logging_mixin.py:190} INFO - [2025-02-12T05:27:52.870+0000] {dagbag.py:588} INFO - Filling up the DagBag from /home/airflow/.local/lib/python3.12/site-packages/airflow/example_dags/example_trigger_target_dag.py
[2025-02-12T05:27:52.878+0000] {processor.py:925} INFO - DAG(s) 'example_trigger_target_dag' retrieved from /home/airflow/.local/lib/python3.12/site-packages/airflow/example_dags/example_trigger_target_dag.py
[2025-02-12T05:27:52.897+0000] {logging_mixin.py:190} INFO - [2025-02-12T05:27:52.897+0000] {dag.py:3239} INFO - Sync 1 DAGs
[2025-02-12T05:27:52.912+0000] {logging_mixin.py:190} INFO - [2025-02-12T05:27:52.911+0000] {dag.py:4180} INFO - Setting next_dagrun for example_trigger_target_dag to None, run_after=None
[2025-02-12T05:27:52.928+0000] {processor.py:208} INFO - Processing /home/airflow/.local/lib/python3.12/site-packages/airflow/example_dags/example_trigger_target_dag.py took 0.067 seconds
[2025-02-12T05:28:23.313+0000] {processor.py:186} INFO - Started process (PID=3071) to work on /home/airflow/.local/lib/python3.12/site-packages/airflow/example_dags/example_trigger_target_dag.py
[2025-02-12T05:28:23.314+0000] {processor.py:914} INFO - Processing file /home/airflow/.local/lib/python3.12/site-packages/airflow/example_dags/example_trigger_target_dag.py for tasks to queue
[2025-02-12T05:28:23.316+0000] {logging_mixin.py:190} INFO - [2025-02-12T05:28:23.315+0000] {dagbag.py:588} INFO - Filling up the DagBag from /home/airflow/.local/lib/python3.12/site-packages/airflow/example_dags/example_trigger_target_dag.py
[2025-02-12T05:28:23.323+0000] {processor.py:925} INFO - DAG(s) 'example_trigger_target_dag' retrieved from /home/airflow/.local/lib/python3.12/site-packages/airflow/example_dags/example_trigger_target_dag.py
[2025-02-12T05:28:23.342+0000] {logging_mixin.py:190} INFO - [2025-02-12T05:28:23.341+0000] {dag.py:3239} INFO - Sync 1 DAGs
[2025-02-12T05:28:23.353+0000] {logging_mixin.py:190} INFO - [2025-02-12T05:28:23.353+0000] {dag.py:4180} INFO - Setting next_dagrun for example_trigger_target_dag to None, run_after=None
[2025-02-12T05:28:23.370+0000] {processor.py:208} INFO - Processing /home/airflow/.local/lib/python3.12/site-packages/airflow/example_dags/example_trigger_target_dag.py took 0.063 seconds
[2025-02-12T05:28:53.667+0000] {processor.py:186} INFO - Started process (PID=3137) to work on /home/airflow/.local/lib/python3.12/site-packages/airflow/example_dags/example_trigger_target_dag.py
[2025-02-12T05:28:53.668+0000] {processor.py:914} INFO - Processing file /home/airflow/.local/lib/python3.12/site-packages/airflow/example_dags/example_trigger_target_dag.py for tasks to queue
[2025-02-12T05:28:53.671+0000] {logging_mixin.py:190} INFO - [2025-02-12T05:28:53.670+0000] {dagbag.py:588} INFO - Filling up the DagBag from /home/airflow/.local/lib/python3.12/site-packages/airflow/example_dags/example_trigger_target_dag.py
[2025-02-12T05:28:53.678+0000] {processor.py:925} INFO - DAG(s) 'example_trigger_target_dag' retrieved from /home/airflow/.local/lib/python3.12/site-packages/airflow/example_dags/example_trigger_target_dag.py
[2025-02-12T05:28:53.697+0000] {logging_mixin.py:190} INFO - [2025-02-12T05:28:53.697+0000] {dag.py:3239} INFO - Sync 1 DAGs
[2025-02-12T05:28:53.709+0000] {logging_mixin.py:190} INFO - [2025-02-12T05:28:53.709+0000] {dag.py:4180} INFO - Setting next_dagrun for example_trigger_target_dag to None, run_after=None
[2025-02-12T05:28:53.726+0000] {processor.py:208} INFO - Processing /home/airflow/.local/lib/python3.12/site-packages/airflow/example_dags/example_trigger_target_dag.py took 0.064 seconds
[2025-02-12T05:29:24.093+0000] {processor.py:186} INFO - Started process (PID=3203) to work on /home/airflow/.local/lib/python3.12/site-packages/airflow/example_dags/example_trigger_target_dag.py
[2025-02-12T05:29:24.094+0000] {processor.py:914} INFO - Processing file /home/airflow/.local/lib/python3.12/site-packages/airflow/example_dags/example_trigger_target_dag.py for tasks to queue
[2025-02-12T05:29:24.096+0000] {logging_mixin.py:190} INFO - [2025-02-12T05:29:24.096+0000] {dagbag.py:588} INFO - Filling up the DagBag from /home/airflow/.local/lib/python3.12/site-packages/airflow/example_dags/example_trigger_target_dag.py
[2025-02-12T05:29:24.104+0000] {processor.py:925} INFO - DAG(s) 'example_trigger_target_dag' retrieved from /home/airflow/.local/lib/python3.12/site-packages/airflow/example_dags/example_trigger_target_dag.py
[2025-02-12T05:29:24.123+0000] {logging_mixin.py:190} INFO - [2025-02-12T05:29:24.123+0000] {dag.py:3239} INFO - Sync 1 DAGs
[2025-02-12T05:29:24.137+0000] {logging_mixin.py:190} INFO - [2025-02-12T05:29:24.137+0000] {dag.py:4180} INFO - Setting next_dagrun for example_trigger_target_dag to None, run_after=None
[2025-02-12T05:29:24.155+0000] {processor.py:208} INFO - Processing /home/airflow/.local/lib/python3.12/site-packages/airflow/example_dags/example_trigger_target_dag.py took 0.068 seconds
[2025-02-12T05:29:54.692+0000] {processor.py:186} INFO - Started process (PID=3269) to work on /home/airflow/.local/lib/python3.12/site-packages/airflow/example_dags/example_trigger_target_dag.py
[2025-02-12T05:29:54.693+0000] {processor.py:914} INFO - Processing file /home/airflow/.local/lib/python3.12/site-packages/airflow/example_dags/example_trigger_target_dag.py for tasks to queue
[2025-02-12T05:29:54.695+0000] {logging_mixin.py:190} INFO - [2025-02-12T05:29:54.695+0000] {dagbag.py:588} INFO - Filling up the DagBag from /home/airflow/.local/lib/python3.12/site-packages/airflow/example_dags/example_trigger_target_dag.py
[2025-02-12T05:29:54.702+0000] {processor.py:925} INFO - DAG(s) 'example_trigger_target_dag' retrieved from /home/airflow/.local/lib/python3.12/site-packages/airflow/example_dags/example_trigger_target_dag.py
[2025-02-12T05:29:54.722+0000] {logging_mixin.py:190} INFO - [2025-02-12T05:29:54.721+0000] {dag.py:3239} INFO - Sync 1 DAGs
[2025-02-12T05:29:54.733+0000] {logging_mixin.py:190} INFO - [2025-02-12T05:29:54.733+0000] {dag.py:4180} INFO - Setting next_dagrun for example_trigger_target_dag to None, run_after=None
[2025-02-12T05:29:54.750+0000] {processor.py:208} INFO - Processing /home/airflow/.local/lib/python3.12/site-packages/airflow/example_dags/example_trigger_target_dag.py took 0.064 seconds
[2025-02-12T05:30:25.265+0000] {processor.py:186} INFO - Started process (PID=3335) to work on /home/airflow/.local/lib/python3.12/site-packages/airflow/example_dags/example_trigger_target_dag.py
[2025-02-12T05:30:25.266+0000] {processor.py:914} INFO - Processing file /home/airflow/.local/lib/python3.12/site-packages/airflow/example_dags/example_trigger_target_dag.py for tasks to queue
[2025-02-12T05:30:25.268+0000] {logging_mixin.py:190} INFO - [2025-02-12T05:30:25.268+0000] {dagbag.py:588} INFO - Filling up the DagBag from /home/airflow/.local/lib/python3.12/site-packages/airflow/example_dags/example_trigger_target_dag.py
[2025-02-12T05:30:25.275+0000] {processor.py:925} INFO - DAG(s) 'example_trigger_target_dag' retrieved from /home/airflow/.local/lib/python3.12/site-packages/airflow/example_dags/example_trigger_target_dag.py
[2025-02-12T05:30:25.296+0000] {logging_mixin.py:190} INFO - [2025-02-12T05:30:25.296+0000] {dag.py:3239} INFO - Sync 1 DAGs
[2025-02-12T05:30:25.311+0000] {logging_mixin.py:190} INFO - [2025-02-12T05:30:25.311+0000] {dag.py:4180} INFO - Setting next_dagrun for example_trigger_target_dag to None, run_after=None
[2025-02-12T05:30:25.329+0000] {processor.py:208} INFO - Processing /home/airflow/.local/lib/python3.12/site-packages/airflow/example_dags/example_trigger_target_dag.py took 0.069 seconds
[2025-02-12T05:30:55.952+0000] {processor.py:186} INFO - Started process (PID=3401) to work on /home/airflow/.local/lib/python3.12/site-packages/airflow/example_dags/example_trigger_target_dag.py
[2025-02-12T05:30:55.953+0000] {processor.py:914} INFO - Processing file /home/airflow/.local/lib/python3.12/site-packages/airflow/example_dags/example_trigger_target_dag.py for tasks to queue
[2025-02-12T05:30:55.955+0000] {logging_mixin.py:190} INFO - [2025-02-12T05:30:55.955+0000] {dagbag.py:588} INFO - Filling up the DagBag from /home/airflow/.local/lib/python3.12/site-packages/airflow/example_dags/example_trigger_target_dag.py
[2025-02-12T05:30:55.964+0000] {processor.py:925} INFO - DAG(s) 'example_trigger_target_dag' retrieved from /home/airflow/.local/lib/python3.12/site-packages/airflow/example_dags/example_trigger_target_dag.py
[2025-02-12T05:30:55.986+0000] {logging_mixin.py:190} INFO - [2025-02-12T05:30:55.985+0000] {dag.py:3239} INFO - Sync 1 DAGs
[2025-02-12T05:30:55.999+0000] {logging_mixin.py:190} INFO - [2025-02-12T05:30:55.999+0000] {dag.py:4180} INFO - Setting next_dagrun for example_trigger_target_dag to None, run_after=None
[2025-02-12T05:30:56.017+0000] {processor.py:208} INFO - Processing /home/airflow/.local/lib/python3.12/site-packages/airflow/example_dags/example_trigger_target_dag.py took 0.070 seconds
[2025-02-12T05:31:26.387+0000] {processor.py:186} INFO - Started process (PID=3467) to work on /home/airflow/.local/lib/python3.12/site-packages/airflow/example_dags/example_trigger_target_dag.py
[2025-02-12T05:31:26.388+0000] {processor.py:914} INFO - Processing file /home/airflow/.local/lib/python3.12/site-packages/airflow/example_dags/example_trigger_target_dag.py for tasks to queue
[2025-02-12T05:31:26.390+0000] {logging_mixin.py:190} INFO - [2025-02-12T05:31:26.390+0000] {dagbag.py:588} INFO - Filling up the DagBag from /home/airflow/.local/lib/python3.12/site-packages/airflow/example_dags/example_trigger_target_dag.py
[2025-02-12T05:31:26.398+0000] {processor.py:925} INFO - DAG(s) 'example_trigger_target_dag' retrieved from /home/airflow/.local/lib/python3.12/site-packages/airflow/example_dags/example_trigger_target_dag.py
[2025-02-12T05:31:26.419+0000] {logging_mixin.py:190} INFO - [2025-02-12T05:31:26.419+0000] {dag.py:3239} INFO - Sync 1 DAGs
[2025-02-12T05:31:26.434+0000] {logging_mixin.py:190} INFO - [2025-02-12T05:31:26.434+0000] {dag.py:4180} INFO - Setting next_dagrun for example_trigger_target_dag to None, run_after=None
[2025-02-12T05:31:26.452+0000] {processor.py:208} INFO - Processing /home/airflow/.local/lib/python3.12/site-packages/airflow/example_dags/example_trigger_target_dag.py took 0.070 seconds
[2025-02-12T05:31:56.853+0000] {processor.py:186} INFO - Started process (PID=3533) to work on /home/airflow/.local/lib/python3.12/site-packages/airflow/example_dags/example_trigger_target_dag.py
[2025-02-12T05:31:56.854+0000] {processor.py:914} INFO - Processing file /home/airflow/.local/lib/python3.12/site-packages/airflow/example_dags/example_trigger_target_dag.py for tasks to queue
[2025-02-12T05:31:56.856+0000] {logging_mixin.py:190} INFO - [2025-02-12T05:31:56.856+0000] {dagbag.py:588} INFO - Filling up the DagBag from /home/airflow/.local/lib/python3.12/site-packages/airflow/example_dags/example_trigger_target_dag.py
[2025-02-12T05:31:56.864+0000] {processor.py:925} INFO - DAG(s) 'example_trigger_target_dag' retrieved from /home/airflow/.local/lib/python3.12/site-packages/airflow/example_dags/example_trigger_target_dag.py
[2025-02-12T05:31:56.884+0000] {logging_mixin.py:190} INFO - [2025-02-12T05:31:56.884+0000] {dag.py:3239} INFO - Sync 1 DAGs
[2025-02-12T05:31:56.897+0000] {logging_mixin.py:190} INFO - [2025-02-12T05:31:56.897+0000] {dag.py:4180} INFO - Setting next_dagrun for example_trigger_target_dag to None, run_after=None
[2025-02-12T05:31:56.917+0000] {processor.py:208} INFO - Processing /home/airflow/.local/lib/python3.12/site-packages/airflow/example_dags/example_trigger_target_dag.py took 0.069 seconds
[2025-02-12T05:32:26.995+0000] {processor.py:186} INFO - Started process (PID=3598) to work on /home/airflow/.local/lib/python3.12/site-packages/airflow/example_dags/example_trigger_target_dag.py
[2025-02-12T05:32:26.996+0000] {processor.py:914} INFO - Processing file /home/airflow/.local/lib/python3.12/site-packages/airflow/example_dags/example_trigger_target_dag.py for tasks to queue
[2025-02-12T05:32:26.998+0000] {logging_mixin.py:190} INFO - [2025-02-12T05:32:26.998+0000] {dagbag.py:588} INFO - Filling up the DagBag from /home/airflow/.local/lib/python3.12/site-packages/airflow/example_dags/example_trigger_target_dag.py
[2025-02-12T05:32:27.006+0000] {processor.py:925} INFO - DAG(s) 'example_trigger_target_dag' retrieved from /home/airflow/.local/lib/python3.12/site-packages/airflow/example_dags/example_trigger_target_dag.py
[2025-02-12T05:32:27.024+0000] {logging_mixin.py:190} INFO - [2025-02-12T05:32:27.024+0000] {dag.py:3239} INFO - Sync 1 DAGs
[2025-02-12T05:32:27.038+0000] {logging_mixin.py:190} INFO - [2025-02-12T05:32:27.038+0000] {dag.py:4180} INFO - Setting next_dagrun for example_trigger_target_dag to None, run_after=None
[2025-02-12T05:32:27.056+0000] {processor.py:208} INFO - Processing /home/airflow/.local/lib/python3.12/site-packages/airflow/example_dags/example_trigger_target_dag.py took 0.067 seconds
[2025-02-12T05:32:57.272+0000] {processor.py:186} INFO - Started process (PID=3664) to work on /home/airflow/.local/lib/python3.12/site-packages/airflow/example_dags/example_trigger_target_dag.py
[2025-02-12T05:32:57.273+0000] {processor.py:914} INFO - Processing file /home/airflow/.local/lib/python3.12/site-packages/airflow/example_dags/example_trigger_target_dag.py for tasks to queue
[2025-02-12T05:32:57.275+0000] {logging_mixin.py:190} INFO - [2025-02-12T05:32:57.275+0000] {dagbag.py:588} INFO - Filling up the DagBag from /home/airflow/.local/lib/python3.12/site-packages/airflow/example_dags/example_trigger_target_dag.py
[2025-02-12T05:32:57.284+0000] {processor.py:925} INFO - DAG(s) 'example_trigger_target_dag' retrieved from /home/airflow/.local/lib/python3.12/site-packages/airflow/example_dags/example_trigger_target_dag.py
[2025-02-12T05:32:57.304+0000] {logging_mixin.py:190} INFO - [2025-02-12T05:32:57.304+0000] {dag.py:3239} INFO - Sync 1 DAGs
[2025-02-12T05:32:57.319+0000] {logging_mixin.py:190} INFO - [2025-02-12T05:32:57.318+0000] {dag.py:4180} INFO - Setting next_dagrun for example_trigger_target_dag to None, run_after=None
[2025-02-12T05:32:57.342+0000] {processor.py:208} INFO - Processing /home/airflow/.local/lib/python3.12/site-packages/airflow/example_dags/example_trigger_target_dag.py took 0.077 seconds
[2025-02-12T05:33:28.011+0000] {processor.py:186} INFO - Started process (PID=3728) to work on /home/airflow/.local/lib/python3.12/site-packages/airflow/example_dags/example_trigger_target_dag.py
[2025-02-12T05:33:28.012+0000] {processor.py:914} INFO - Processing file /home/airflow/.local/lib/python3.12/site-packages/airflow/example_dags/example_trigger_target_dag.py for tasks to queue
[2025-02-12T05:33:28.014+0000] {logging_mixin.py:190} INFO - [2025-02-12T05:33:28.013+0000] {dagbag.py:588} INFO - Filling up the DagBag from /home/airflow/.local/lib/python3.12/site-packages/airflow/example_dags/example_trigger_target_dag.py
[2025-02-12T05:33:28.021+0000] {processor.py:925} INFO - DAG(s) 'example_trigger_target_dag' retrieved from /home/airflow/.local/lib/python3.12/site-packages/airflow/example_dags/example_trigger_target_dag.py
[2025-02-12T05:33:28.040+0000] {logging_mixin.py:190} INFO - [2025-02-12T05:33:28.040+0000] {dag.py:3239} INFO - Sync 1 DAGs
[2025-02-12T05:33:28.053+0000] {logging_mixin.py:190} INFO - [2025-02-12T05:33:28.053+0000] {dag.py:4180} INFO - Setting next_dagrun for example_trigger_target_dag to None, run_after=None
[2025-02-12T05:33:28.071+0000] {processor.py:208} INFO - Processing /home/airflow/.local/lib/python3.12/site-packages/airflow/example_dags/example_trigger_target_dag.py took 0.066 seconds
[2025-02-12T05:33:59.344+0000] {processor.py:186} INFO - Started process (PID=3794) to work on /home/airflow/.local/lib/python3.12/site-packages/airflow/example_dags/example_trigger_target_dag.py
[2025-02-12T05:33:59.345+0000] {processor.py:914} INFO - Processing file /home/airflow/.local/lib/python3.12/site-packages/airflow/example_dags/example_trigger_target_dag.py for tasks to queue
[2025-02-12T05:33:59.348+0000] {logging_mixin.py:190} INFO - [2025-02-12T05:33:59.347+0000] {dagbag.py:588} INFO - Filling up the DagBag from /home/airflow/.local/lib/python3.12/site-packages/airflow/example_dags/example_trigger_target_dag.py
[2025-02-12T05:33:59.355+0000] {processor.py:925} INFO - DAG(s) 'example_trigger_target_dag' retrieved from /home/airflow/.local/lib/python3.12/site-packages/airflow/example_dags/example_trigger_target_dag.py
[2025-02-12T05:33:59.373+0000] {logging_mixin.py:190} INFO - [2025-02-12T05:33:59.373+0000] {dag.py:3239} INFO - Sync 1 DAGs
[2025-02-12T05:33:59.386+0000] {logging_mixin.py:190} INFO - [2025-02-12T05:33:59.386+0000] {dag.py:4180} INFO - Setting next_dagrun for example_trigger_target_dag to None, run_after=None
[2025-02-12T05:33:59.403+0000] {processor.py:208} INFO - Processing /home/airflow/.local/lib/python3.12/site-packages/airflow/example_dags/example_trigger_target_dag.py took 0.065 seconds
[2025-02-12T05:34:30.674+0000] {processor.py:186} INFO - Started process (PID=3860) to work on /home/airflow/.local/lib/python3.12/site-packages/airflow/example_dags/example_trigger_target_dag.py
[2025-02-12T05:34:30.675+0000] {processor.py:914} INFO - Processing file /home/airflow/.local/lib/python3.12/site-packages/airflow/example_dags/example_trigger_target_dag.py for tasks to queue
[2025-02-12T05:34:30.677+0000] {logging_mixin.py:190} INFO - [2025-02-12T05:34:30.677+0000] {dagbag.py:588} INFO - Filling up the DagBag from /home/airflow/.local/lib/python3.12/site-packages/airflow/example_dags/example_trigger_target_dag.py
[2025-02-12T05:34:30.684+0000] {processor.py:925} INFO - DAG(s) 'example_trigger_target_dag' retrieved from /home/airflow/.local/lib/python3.12/site-packages/airflow/example_dags/example_trigger_target_dag.py
[2025-02-12T05:34:30.704+0000] {logging_mixin.py:190} INFO - [2025-02-12T05:34:30.703+0000] {dag.py:3239} INFO - Sync 1 DAGs
[2025-02-12T05:34:30.717+0000] {logging_mixin.py:190} INFO - [2025-02-12T05:34:30.716+0000] {dag.py:4180} INFO - Setting next_dagrun for example_trigger_target_dag to None, run_after=None
[2025-02-12T05:34:30.733+0000] {processor.py:208} INFO - Processing /home/airflow/.local/lib/python3.12/site-packages/airflow/example_dags/example_trigger_target_dag.py took 0.065 seconds
[2025-02-12T05:35:02.071+0000] {processor.py:186} INFO - Started process (PID=3926) to work on /home/airflow/.local/lib/python3.12/site-packages/airflow/example_dags/example_trigger_target_dag.py
[2025-02-12T05:35:02.072+0000] {processor.py:914} INFO - Processing file /home/airflow/.local/lib/python3.12/site-packages/airflow/example_dags/example_trigger_target_dag.py for tasks to queue
[2025-02-12T05:35:02.075+0000] {logging_mixin.py:190} INFO - [2025-02-12T05:35:02.074+0000] {dagbag.py:588} INFO - Filling up the DagBag from /home/airflow/.local/lib/python3.12/site-packages/airflow/example_dags/example_trigger_target_dag.py
[2025-02-12T05:35:02.085+0000] {processor.py:925} INFO - DAG(s) 'example_trigger_target_dag' retrieved from /home/airflow/.local/lib/python3.12/site-packages/airflow/example_dags/example_trigger_target_dag.py
[2025-02-12T05:35:02.106+0000] {logging_mixin.py:190} INFO - [2025-02-12T05:35:02.105+0000] {dag.py:3239} INFO - Sync 1 DAGs
[2025-02-12T05:35:02.118+0000] {logging_mixin.py:190} INFO - [2025-02-12T05:35:02.118+0000] {dag.py:4180} INFO - Setting next_dagrun for example_trigger_target_dag to None, run_after=None
[2025-02-12T05:35:02.139+0000] {processor.py:208} INFO - Processing /home/airflow/.local/lib/python3.12/site-packages/airflow/example_dags/example_trigger_target_dag.py took 0.075 seconds
[2025-02-12T05:35:33.238+0000] {processor.py:186} INFO - Started process (PID=3992) to work on /home/airflow/.local/lib/python3.12/site-packages/airflow/example_dags/example_trigger_target_dag.py
[2025-02-12T05:35:33.239+0000] {processor.py:914} INFO - Processing file /home/airflow/.local/lib/python3.12/site-packages/airflow/example_dags/example_trigger_target_dag.py for tasks to queue
[2025-02-12T05:35:33.241+0000] {logging_mixin.py:190} INFO - [2025-02-12T05:35:33.241+0000] {dagbag.py:588} INFO - Filling up the DagBag from /home/airflow/.local/lib/python3.12/site-packages/airflow/example_dags/example_trigger_target_dag.py
[2025-02-12T05:35:33.249+0000] {processor.py:925} INFO - DAG(s) 'example_trigger_target_dag' retrieved from /home/airflow/.local/lib/python3.12/site-packages/airflow/example_dags/example_trigger_target_dag.py
[2025-02-12T05:35:33.268+0000] {logging_mixin.py:190} INFO - [2025-02-12T05:35:33.267+0000] {dag.py:3239} INFO - Sync 1 DAGs
[2025-02-12T05:35:33.281+0000] {logging_mixin.py:190} INFO - [2025-02-12T05:35:33.281+0000] {dag.py:4180} INFO - Setting next_dagrun for example_trigger_target_dag to None, run_after=None
[2025-02-12T05:35:33.297+0000] {processor.py:208} INFO - Processing /home/airflow/.local/lib/python3.12/site-packages/airflow/example_dags/example_trigger_target_dag.py took 0.064 seconds
[2025-02-12T05:36:03.817+0000] {processor.py:186} INFO - Started process (PID=4058) to work on /home/airflow/.local/lib/python3.12/site-packages/airflow/example_dags/example_trigger_target_dag.py
[2025-02-12T05:36:03.818+0000] {processor.py:914} INFO - Processing file /home/airflow/.local/lib/python3.12/site-packages/airflow/example_dags/example_trigger_target_dag.py for tasks to queue
[2025-02-12T05:36:03.820+0000] {logging_mixin.py:190} INFO - [2025-02-12T05:36:03.820+0000] {dagbag.py:588} INFO - Filling up the DagBag from /home/airflow/.local/lib/python3.12/site-packages/airflow/example_dags/example_trigger_target_dag.py
[2025-02-12T05:36:03.828+0000] {processor.py:925} INFO - DAG(s) 'example_trigger_target_dag' retrieved from /home/airflow/.local/lib/python3.12/site-packages/airflow/example_dags/example_trigger_target_dag.py
[2025-02-12T05:36:03.849+0000] {logging_mixin.py:190} INFO - [2025-02-12T05:36:03.848+0000] {dag.py:3239} INFO - Sync 1 DAGs
[2025-02-12T05:36:03.863+0000] {logging_mixin.py:190} INFO - [2025-02-12T05:36:03.862+0000] {dag.py:4180} INFO - Setting next_dagrun for example_trigger_target_dag to None, run_after=None
[2025-02-12T05:36:03.882+0000] {processor.py:208} INFO - Processing /home/airflow/.local/lib/python3.12/site-packages/airflow/example_dags/example_trigger_target_dag.py took 0.071 seconds
