[2025-02-12T05:05:31.545+0000] {processor.py:186} INFO - Started process (PID=115) to work on /home/airflow/.local/lib/python3.12/site-packages/airflow/example_dags/example_sensors.py
[2025-02-12T05:05:31.547+0000] {processor.py:914} INFO - Processing file /home/airflow/.local/lib/python3.12/site-packages/airflow/example_dags/example_sensors.py for tasks to queue
[2025-02-12T05:05:31.553+0000] {logging_mixin.py:190} INFO - [2025-02-12T05:05:31.550+0000] {dagbag.py:588} INFO - Filling up the DagBag from /home/airflow/.local/lib/python3.12/site-packages/airflow/example_dags/example_sensors.py
[2025-02-12T05:05:31.582+0000] {processor.py:925} INFO - DAG(s) 'example_sensors' retrieved from /home/airflow/.local/lib/python3.12/site-packages/airflow/example_dags/example_sensors.py
[2025-02-12T05:05:31.637+0000] {logging_mixin.py:190} INFO - [2025-02-12T05:05:31.636+0000] {dag.py:3239} INFO - Sync 1 DAGs
[2025-02-12T05:05:31.666+0000] {logging_mixin.py:190} INFO - [2025-02-12T05:05:31.665+0000] {dag.py:4180} INFO - Setting next_dagrun for example_sensors to None, run_after=None
[2025-02-12T05:05:31.708+0000] {processor.py:208} INFO - Processing /home/airflow/.local/lib/python3.12/site-packages/airflow/example_dags/example_sensors.py took 0.175 seconds
[2025-02-12T05:06:02.363+0000] {processor.py:186} INFO - Started process (PID=184) to work on /home/airflow/.local/lib/python3.12/site-packages/airflow/example_dags/example_sensors.py
[2025-02-12T05:06:02.364+0000] {processor.py:914} INFO - Processing file /home/airflow/.local/lib/python3.12/site-packages/airflow/example_dags/example_sensors.py for tasks to queue
[2025-02-12T05:06:02.367+0000] {logging_mixin.py:190} INFO - [2025-02-12T05:06:02.366+0000] {dagbag.py:588} INFO - Filling up the DagBag from /home/airflow/.local/lib/python3.12/site-packages/airflow/example_dags/example_sensors.py
[2025-02-12T05:06:02.380+0000] {processor.py:925} INFO - DAG(s) 'example_sensors' retrieved from /home/airflow/.local/lib/python3.12/site-packages/airflow/example_dags/example_sensors.py
[2025-02-12T05:06:02.409+0000] {logging_mixin.py:190} INFO - [2025-02-12T05:06:02.409+0000] {dag.py:3239} INFO - Sync 1 DAGs
[2025-02-12T05:06:02.426+0000] {logging_mixin.py:190} INFO - [2025-02-12T05:06:02.425+0000] {dag.py:4180} INFO - Setting next_dagrun for example_sensors to None, run_after=None
[2025-02-12T05:06:02.447+0000] {processor.py:208} INFO - Processing /home/airflow/.local/lib/python3.12/site-packages/airflow/example_dags/example_sensors.py took 0.090 seconds
[2025-02-12T05:06:33.337+0000] {processor.py:186} INFO - Started process (PID=250) to work on /home/airflow/.local/lib/python3.12/site-packages/airflow/example_dags/example_sensors.py
[2025-02-12T05:06:33.338+0000] {processor.py:914} INFO - Processing file /home/airflow/.local/lib/python3.12/site-packages/airflow/example_dags/example_sensors.py for tasks to queue
[2025-02-12T05:06:33.341+0000] {logging_mixin.py:190} INFO - [2025-02-12T05:06:33.341+0000] {dagbag.py:588} INFO - Filling up the DagBag from /home/airflow/.local/lib/python3.12/site-packages/airflow/example_dags/example_sensors.py
[2025-02-12T05:06:33.353+0000] {processor.py:925} INFO - DAG(s) 'example_sensors' retrieved from /home/airflow/.local/lib/python3.12/site-packages/airflow/example_dags/example_sensors.py
[2025-02-12T05:06:33.382+0000] {logging_mixin.py:190} INFO - [2025-02-12T05:06:33.382+0000] {dag.py:3239} INFO - Sync 1 DAGs
[2025-02-12T05:06:33.398+0000] {logging_mixin.py:190} INFO - [2025-02-12T05:06:33.398+0000] {dag.py:4180} INFO - Setting next_dagrun for example_sensors to None, run_after=None
[2025-02-12T05:06:33.420+0000] {processor.py:208} INFO - Processing /home/airflow/.local/lib/python3.12/site-packages/airflow/example_dags/example_sensors.py took 0.090 seconds
[2025-02-12T05:07:03.902+0000] {processor.py:186} INFO - Started process (PID=316) to work on /home/airflow/.local/lib/python3.12/site-packages/airflow/example_dags/example_sensors.py
[2025-02-12T05:07:03.904+0000] {processor.py:914} INFO - Processing file /home/airflow/.local/lib/python3.12/site-packages/airflow/example_dags/example_sensors.py for tasks to queue
[2025-02-12T05:07:03.908+0000] {logging_mixin.py:190} INFO - [2025-02-12T05:07:03.907+0000] {dagbag.py:588} INFO - Filling up the DagBag from /home/airflow/.local/lib/python3.12/site-packages/airflow/example_dags/example_sensors.py
[2025-02-12T05:07:03.923+0000] {processor.py:925} INFO - DAG(s) 'example_sensors' retrieved from /home/airflow/.local/lib/python3.12/site-packages/airflow/example_dags/example_sensors.py
[2025-02-12T05:07:03.966+0000] {logging_mixin.py:190} INFO - [2025-02-12T05:07:03.966+0000] {dag.py:3239} INFO - Sync 1 DAGs
[2025-02-12T05:07:03.987+0000] {logging_mixin.py:190} INFO - [2025-02-12T05:07:03.987+0000] {dag.py:4180} INFO - Setting next_dagrun for example_sensors to None, run_after=None
[2025-02-12T05:07:04.019+0000] {processor.py:208} INFO - Processing /home/airflow/.local/lib/python3.12/site-packages/airflow/example_dags/example_sensors.py took 0.125 seconds
[2025-02-12T05:07:34.938+0000] {processor.py:186} INFO - Started process (PID=382) to work on /home/airflow/.local/lib/python3.12/site-packages/airflow/example_dags/example_sensors.py
[2025-02-12T05:07:34.940+0000] {processor.py:914} INFO - Processing file /home/airflow/.local/lib/python3.12/site-packages/airflow/example_dags/example_sensors.py for tasks to queue
[2025-02-12T05:07:34.943+0000] {logging_mixin.py:190} INFO - [2025-02-12T05:07:34.942+0000] {dagbag.py:588} INFO - Filling up the DagBag from /home/airflow/.local/lib/python3.12/site-packages/airflow/example_dags/example_sensors.py
[2025-02-12T05:07:34.958+0000] {processor.py:925} INFO - DAG(s) 'example_sensors' retrieved from /home/airflow/.local/lib/python3.12/site-packages/airflow/example_dags/example_sensors.py
[2025-02-12T05:07:34.997+0000] {logging_mixin.py:190} INFO - [2025-02-12T05:07:34.996+0000] {dag.py:3239} INFO - Sync 1 DAGs
[2025-02-12T05:07:35.018+0000] {logging_mixin.py:190} INFO - [2025-02-12T05:07:35.017+0000] {dag.py:4180} INFO - Setting next_dagrun for example_sensors to None, run_after=None
[2025-02-12T05:07:35.044+0000] {processor.py:208} INFO - Processing /home/airflow/.local/lib/python3.12/site-packages/airflow/example_dags/example_sensors.py took 0.115 seconds
[2025-02-12T05:08:06.595+0000] {processor.py:186} INFO - Started process (PID=448) to work on /home/airflow/.local/lib/python3.12/site-packages/airflow/example_dags/example_sensors.py
[2025-02-12T05:08:06.596+0000] {processor.py:914} INFO - Processing file /home/airflow/.local/lib/python3.12/site-packages/airflow/example_dags/example_sensors.py for tasks to queue
[2025-02-12T05:08:06.599+0000] {logging_mixin.py:190} INFO - [2025-02-12T05:08:06.599+0000] {dagbag.py:588} INFO - Filling up the DagBag from /home/airflow/.local/lib/python3.12/site-packages/airflow/example_dags/example_sensors.py
[2025-02-12T05:08:06.616+0000] {processor.py:925} INFO - DAG(s) 'example_sensors' retrieved from /home/airflow/.local/lib/python3.12/site-packages/airflow/example_dags/example_sensors.py
[2025-02-12T05:08:06.655+0000] {logging_mixin.py:190} INFO - [2025-02-12T05:08:06.654+0000] {dag.py:3239} INFO - Sync 1 DAGs
[2025-02-12T05:08:06.674+0000] {logging_mixin.py:190} INFO - [2025-02-12T05:08:06.674+0000] {dag.py:4180} INFO - Setting next_dagrun for example_sensors to None, run_after=None
[2025-02-12T05:08:06.703+0000] {processor.py:208} INFO - Processing /home/airflow/.local/lib/python3.12/site-packages/airflow/example_dags/example_sensors.py took 0.117 seconds
[2025-02-12T05:08:37.704+0000] {processor.py:186} INFO - Started process (PID=517) to work on /home/airflow/.local/lib/python3.12/site-packages/airflow/example_dags/example_sensors.py
[2025-02-12T05:08:37.705+0000] {processor.py:914} INFO - Processing file /home/airflow/.local/lib/python3.12/site-packages/airflow/example_dags/example_sensors.py for tasks to queue
[2025-02-12T05:08:37.709+0000] {logging_mixin.py:190} INFO - [2025-02-12T05:08:37.708+0000] {dagbag.py:588} INFO - Filling up the DagBag from /home/airflow/.local/lib/python3.12/site-packages/airflow/example_dags/example_sensors.py
[2025-02-12T05:08:37.728+0000] {processor.py:925} INFO - DAG(s) 'example_sensors' retrieved from /home/airflow/.local/lib/python3.12/site-packages/airflow/example_dags/example_sensors.py
[2025-02-12T05:08:37.769+0000] {logging_mixin.py:190} INFO - [2025-02-12T05:08:37.769+0000] {dag.py:3239} INFO - Sync 1 DAGs
[2025-02-12T05:08:37.791+0000] {logging_mixin.py:190} INFO - [2025-02-12T05:08:37.791+0000] {dag.py:4180} INFO - Setting next_dagrun for example_sensors to None, run_after=None
[2025-02-12T05:08:37.824+0000] {processor.py:208} INFO - Processing /home/airflow/.local/lib/python3.12/site-packages/airflow/example_dags/example_sensors.py took 0.131 seconds
[2025-02-12T05:09:08.761+0000] {processor.py:186} INFO - Started process (PID=582) to work on /home/airflow/.local/lib/python3.12/site-packages/airflow/example_dags/example_sensors.py
[2025-02-12T05:09:08.762+0000] {processor.py:914} INFO - Processing file /home/airflow/.local/lib/python3.12/site-packages/airflow/example_dags/example_sensors.py for tasks to queue
[2025-02-12T05:09:08.765+0000] {logging_mixin.py:190} INFO - [2025-02-12T05:09:08.764+0000] {dagbag.py:588} INFO - Filling up the DagBag from /home/airflow/.local/lib/python3.12/site-packages/airflow/example_dags/example_sensors.py
[2025-02-12T05:09:08.783+0000] {processor.py:925} INFO - DAG(s) 'example_sensors' retrieved from /home/airflow/.local/lib/python3.12/site-packages/airflow/example_dags/example_sensors.py
[2025-02-12T05:09:08.823+0000] {logging_mixin.py:190} INFO - [2025-02-12T05:09:08.822+0000] {dag.py:3239} INFO - Sync 1 DAGs
[2025-02-12T05:09:08.843+0000] {logging_mixin.py:190} INFO - [2025-02-12T05:09:08.842+0000] {dag.py:4180} INFO - Setting next_dagrun for example_sensors to None, run_after=None
[2025-02-12T05:09:08.871+0000] {processor.py:208} INFO - Processing /home/airflow/.local/lib/python3.12/site-packages/airflow/example_dags/example_sensors.py took 0.117 seconds
[2025-02-12T05:09:39.320+0000] {processor.py:186} INFO - Started process (PID=648) to work on /home/airflow/.local/lib/python3.12/site-packages/airflow/example_dags/example_sensors.py
[2025-02-12T05:09:39.321+0000] {processor.py:914} INFO - Processing file /home/airflow/.local/lib/python3.12/site-packages/airflow/example_dags/example_sensors.py for tasks to queue
[2025-02-12T05:09:39.324+0000] {logging_mixin.py:190} INFO - [2025-02-12T05:09:39.323+0000] {dagbag.py:588} INFO - Filling up the DagBag from /home/airflow/.local/lib/python3.12/site-packages/airflow/example_dags/example_sensors.py
[2025-02-12T05:09:39.338+0000] {processor.py:925} INFO - DAG(s) 'example_sensors' retrieved from /home/airflow/.local/lib/python3.12/site-packages/airflow/example_dags/example_sensors.py
[2025-02-12T05:09:39.373+0000] {logging_mixin.py:190} INFO - [2025-02-12T05:09:39.373+0000] {dag.py:3239} INFO - Sync 1 DAGs
[2025-02-12T05:09:39.394+0000] {logging_mixin.py:190} INFO - [2025-02-12T05:09:39.394+0000] {dag.py:4180} INFO - Setting next_dagrun for example_sensors to None, run_after=None
[2025-02-12T05:09:39.416+0000] {processor.py:208} INFO - Processing /home/airflow/.local/lib/python3.12/site-packages/airflow/example_dags/example_sensors.py took 0.106 seconds
[2025-02-12T05:10:10.305+0000] {processor.py:186} INFO - Started process (PID=714) to work on /home/airflow/.local/lib/python3.12/site-packages/airflow/example_dags/example_sensors.py
[2025-02-12T05:10:10.307+0000] {processor.py:914} INFO - Processing file /home/airflow/.local/lib/python3.12/site-packages/airflow/example_dags/example_sensors.py for tasks to queue
[2025-02-12T05:10:10.309+0000] {logging_mixin.py:190} INFO - [2025-02-12T05:10:10.309+0000] {dagbag.py:588} INFO - Filling up the DagBag from /home/airflow/.local/lib/python3.12/site-packages/airflow/example_dags/example_sensors.py
[2025-02-12T05:10:10.322+0000] {processor.py:925} INFO - DAG(s) 'example_sensors' retrieved from /home/airflow/.local/lib/python3.12/site-packages/airflow/example_dags/example_sensors.py
[2025-02-12T05:10:10.354+0000] {logging_mixin.py:190} INFO - [2025-02-12T05:10:10.353+0000] {dag.py:3239} INFO - Sync 1 DAGs
[2025-02-12T05:10:10.368+0000] {logging_mixin.py:190} INFO - [2025-02-12T05:10:10.368+0000] {dag.py:4180} INFO - Setting next_dagrun for example_sensors to None, run_after=None
[2025-02-12T05:10:10.400+0000] {processor.py:208} INFO - Processing /home/airflow/.local/lib/python3.12/site-packages/airflow/example_dags/example_sensors.py took 0.101 seconds
[2025-02-12T05:10:40.985+0000] {processor.py:186} INFO - Started process (PID=778) to work on /home/airflow/.local/lib/python3.12/site-packages/airflow/example_dags/example_sensors.py
[2025-02-12T05:10:40.986+0000] {processor.py:914} INFO - Processing file /home/airflow/.local/lib/python3.12/site-packages/airflow/example_dags/example_sensors.py for tasks to queue
[2025-02-12T05:10:40.990+0000] {logging_mixin.py:190} INFO - [2025-02-12T05:10:40.990+0000] {dagbag.py:588} INFO - Filling up the DagBag from /home/airflow/.local/lib/python3.12/site-packages/airflow/example_dags/example_sensors.py
[2025-02-12T05:10:41.007+0000] {processor.py:925} INFO - DAG(s) 'example_sensors' retrieved from /home/airflow/.local/lib/python3.12/site-packages/airflow/example_dags/example_sensors.py
[2025-02-12T05:10:41.042+0000] {logging_mixin.py:190} INFO - [2025-02-12T05:10:41.042+0000] {dag.py:3239} INFO - Sync 1 DAGs
[2025-02-12T05:10:41.061+0000] {logging_mixin.py:190} INFO - [2025-02-12T05:10:41.061+0000] {dag.py:4180} INFO - Setting next_dagrun for example_sensors to None, run_after=None
[2025-02-12T05:10:41.088+0000] {processor.py:208} INFO - Processing /home/airflow/.local/lib/python3.12/site-packages/airflow/example_dags/example_sensors.py took 0.110 seconds
[2025-02-12T05:11:11.508+0000] {processor.py:186} INFO - Started process (PID=844) to work on /home/airflow/.local/lib/python3.12/site-packages/airflow/example_dags/example_sensors.py
[2025-02-12T05:11:11.510+0000] {processor.py:914} INFO - Processing file /home/airflow/.local/lib/python3.12/site-packages/airflow/example_dags/example_sensors.py for tasks to queue
[2025-02-12T05:11:11.514+0000] {logging_mixin.py:190} INFO - [2025-02-12T05:11:11.513+0000] {dagbag.py:588} INFO - Filling up the DagBag from /home/airflow/.local/lib/python3.12/site-packages/airflow/example_dags/example_sensors.py
[2025-02-12T05:11:11.533+0000] {processor.py:925} INFO - DAG(s) 'example_sensors' retrieved from /home/airflow/.local/lib/python3.12/site-packages/airflow/example_dags/example_sensors.py
[2025-02-12T05:11:11.585+0000] {logging_mixin.py:190} INFO - [2025-02-12T05:11:11.584+0000] {dag.py:3239} INFO - Sync 1 DAGs
[2025-02-12T05:11:11.609+0000] {logging_mixin.py:190} INFO - [2025-02-12T05:11:11.608+0000] {dag.py:4180} INFO - Setting next_dagrun for example_sensors to None, run_after=None
[2025-02-12T05:11:11.642+0000] {processor.py:208} INFO - Processing /home/airflow/.local/lib/python3.12/site-packages/airflow/example_dags/example_sensors.py took 0.142 seconds
[2025-02-12T05:11:42.069+0000] {processor.py:186} INFO - Started process (PID=910) to work on /home/airflow/.local/lib/python3.12/site-packages/airflow/example_dags/example_sensors.py
[2025-02-12T05:11:42.071+0000] {processor.py:914} INFO - Processing file /home/airflow/.local/lib/python3.12/site-packages/airflow/example_dags/example_sensors.py for tasks to queue
[2025-02-12T05:11:42.075+0000] {logging_mixin.py:190} INFO - [2025-02-12T05:11:42.074+0000] {dagbag.py:588} INFO - Filling up the DagBag from /home/airflow/.local/lib/python3.12/site-packages/airflow/example_dags/example_sensors.py
[2025-02-12T05:11:42.096+0000] {processor.py:925} INFO - DAG(s) 'example_sensors' retrieved from /home/airflow/.local/lib/python3.12/site-packages/airflow/example_dags/example_sensors.py
[2025-02-12T05:11:42.146+0000] {logging_mixin.py:190} INFO - [2025-02-12T05:11:42.145+0000] {dag.py:3239} INFO - Sync 1 DAGs
[2025-02-12T05:11:42.175+0000] {logging_mixin.py:190} INFO - [2025-02-12T05:11:42.174+0000] {dag.py:4180} INFO - Setting next_dagrun for example_sensors to None, run_after=None
[2025-02-12T05:11:42.212+0000] {processor.py:208} INFO - Processing /home/airflow/.local/lib/python3.12/site-packages/airflow/example_dags/example_sensors.py took 0.154 seconds
[2025-02-12T05:12:13.053+0000] {processor.py:186} INFO - Started process (PID=975) to work on /home/airflow/.local/lib/python3.12/site-packages/airflow/example_dags/example_sensors.py
[2025-02-12T05:12:13.054+0000] {processor.py:914} INFO - Processing file /home/airflow/.local/lib/python3.12/site-packages/airflow/example_dags/example_sensors.py for tasks to queue
[2025-02-12T05:12:13.059+0000] {logging_mixin.py:190} INFO - [2025-02-12T05:12:13.058+0000] {dagbag.py:588} INFO - Filling up the DagBag from /home/airflow/.local/lib/python3.12/site-packages/airflow/example_dags/example_sensors.py
[2025-02-12T05:12:13.077+0000] {processor.py:925} INFO - DAG(s) 'example_sensors' retrieved from /home/airflow/.local/lib/python3.12/site-packages/airflow/example_dags/example_sensors.py
[2025-02-12T05:12:13.116+0000] {logging_mixin.py:190} INFO - [2025-02-12T05:12:13.116+0000] {dag.py:3239} INFO - Sync 1 DAGs
[2025-02-12T05:12:13.138+0000] {logging_mixin.py:190} INFO - [2025-02-12T05:12:13.137+0000] {dag.py:4180} INFO - Setting next_dagrun for example_sensors to None, run_after=None
[2025-02-12T05:12:13.172+0000] {processor.py:208} INFO - Processing /home/airflow/.local/lib/python3.12/site-packages/airflow/example_dags/example_sensors.py took 0.128 seconds
[2025-02-12T05:12:44.007+0000] {processor.py:186} INFO - Started process (PID=1040) to work on /home/airflow/.local/lib/python3.12/site-packages/airflow/example_dags/example_sensors.py
[2025-02-12T05:12:44.008+0000] {processor.py:914} INFO - Processing file /home/airflow/.local/lib/python3.12/site-packages/airflow/example_dags/example_sensors.py for tasks to queue
[2025-02-12T05:12:44.012+0000] {logging_mixin.py:190} INFO - [2025-02-12T05:12:44.011+0000] {dagbag.py:588} INFO - Filling up the DagBag from /home/airflow/.local/lib/python3.12/site-packages/airflow/example_dags/example_sensors.py
[2025-02-12T05:12:44.030+0000] {processor.py:925} INFO - DAG(s) 'example_sensors' retrieved from /home/airflow/.local/lib/python3.12/site-packages/airflow/example_dags/example_sensors.py
[2025-02-12T05:12:44.069+0000] {logging_mixin.py:190} INFO - [2025-02-12T05:12:44.069+0000] {dag.py:3239} INFO - Sync 1 DAGs
[2025-02-12T05:12:44.090+0000] {logging_mixin.py:190} INFO - [2025-02-12T05:12:44.089+0000] {dag.py:4180} INFO - Setting next_dagrun for example_sensors to None, run_after=None
[2025-02-12T05:12:44.126+0000] {processor.py:208} INFO - Processing /home/airflow/.local/lib/python3.12/site-packages/airflow/example_dags/example_sensors.py took 0.127 seconds
[2025-02-12T05:13:15.022+0000] {processor.py:186} INFO - Started process (PID=1106) to work on /home/airflow/.local/lib/python3.12/site-packages/airflow/example_dags/example_sensors.py
[2025-02-12T05:13:15.023+0000] {processor.py:914} INFO - Processing file /home/airflow/.local/lib/python3.12/site-packages/airflow/example_dags/example_sensors.py for tasks to queue
[2025-02-12T05:13:15.028+0000] {logging_mixin.py:190} INFO - [2025-02-12T05:13:15.027+0000] {dagbag.py:588} INFO - Filling up the DagBag from /home/airflow/.local/lib/python3.12/site-packages/airflow/example_dags/example_sensors.py
[2025-02-12T05:13:15.047+0000] {processor.py:925} INFO - DAG(s) 'example_sensors' retrieved from /home/airflow/.local/lib/python3.12/site-packages/airflow/example_dags/example_sensors.py
[2025-02-12T05:13:15.090+0000] {logging_mixin.py:190} INFO - [2025-02-12T05:13:15.090+0000] {dag.py:3239} INFO - Sync 1 DAGs
[2025-02-12T05:13:15.112+0000] {logging_mixin.py:190} INFO - [2025-02-12T05:13:15.112+0000] {dag.py:4180} INFO - Setting next_dagrun for example_sensors to None, run_after=None
[2025-02-12T05:13:15.146+0000] {processor.py:208} INFO - Processing /home/airflow/.local/lib/python3.12/site-packages/airflow/example_dags/example_sensors.py took 0.134 seconds
[2025-02-12T05:13:45.525+0000] {processor.py:186} INFO - Started process (PID=1171) to work on /home/airflow/.local/lib/python3.12/site-packages/airflow/example_dags/example_sensors.py
[2025-02-12T05:13:45.526+0000] {processor.py:914} INFO - Processing file /home/airflow/.local/lib/python3.12/site-packages/airflow/example_dags/example_sensors.py for tasks to queue
[2025-02-12T05:13:45.529+0000] {logging_mixin.py:190} INFO - [2025-02-12T05:13:45.529+0000] {dagbag.py:588} INFO - Filling up the DagBag from /home/airflow/.local/lib/python3.12/site-packages/airflow/example_dags/example_sensors.py
[2025-02-12T05:13:45.544+0000] {processor.py:925} INFO - DAG(s) 'example_sensors' retrieved from /home/airflow/.local/lib/python3.12/site-packages/airflow/example_dags/example_sensors.py
[2025-02-12T05:13:45.581+0000] {logging_mixin.py:190} INFO - [2025-02-12T05:13:45.581+0000] {dag.py:3239} INFO - Sync 1 DAGs
[2025-02-12T05:13:45.604+0000] {logging_mixin.py:190} INFO - [2025-02-12T05:13:45.604+0000] {dag.py:4180} INFO - Setting next_dagrun for example_sensors to None, run_after=None
[2025-02-12T05:13:45.636+0000] {processor.py:208} INFO - Processing /home/airflow/.local/lib/python3.12/site-packages/airflow/example_dags/example_sensors.py took 0.122 seconds
[2025-02-12T05:14:16.204+0000] {processor.py:186} INFO - Started process (PID=1243) to work on /home/airflow/.local/lib/python3.12/site-packages/airflow/example_dags/example_sensors.py
[2025-02-12T05:14:16.205+0000] {processor.py:914} INFO - Processing file /home/airflow/.local/lib/python3.12/site-packages/airflow/example_dags/example_sensors.py for tasks to queue
[2025-02-12T05:14:16.208+0000] {logging_mixin.py:190} INFO - [2025-02-12T05:14:16.208+0000] {dagbag.py:588} INFO - Filling up the DagBag from /home/airflow/.local/lib/python3.12/site-packages/airflow/example_dags/example_sensors.py
[2025-02-12T05:14:16.221+0000] {processor.py:925} INFO - DAG(s) 'example_sensors' retrieved from /home/airflow/.local/lib/python3.12/site-packages/airflow/example_dags/example_sensors.py
[2025-02-12T05:14:16.256+0000] {logging_mixin.py:190} INFO - [2025-02-12T05:14:16.256+0000] {dag.py:3239} INFO - Sync 1 DAGs
[2025-02-12T05:14:16.273+0000] {logging_mixin.py:190} INFO - [2025-02-12T05:14:16.273+0000] {dag.py:4180} INFO - Setting next_dagrun for example_sensors to None, run_after=None
[2025-02-12T05:14:16.294+0000] {processor.py:208} INFO - Processing /home/airflow/.local/lib/python3.12/site-packages/airflow/example_dags/example_sensors.py took 0.100 seconds
[2025-02-12T05:14:46.532+0000] {processor.py:186} INFO - Started process (PID=1309) to work on /home/airflow/.local/lib/python3.12/site-packages/airflow/example_dags/example_sensors.py
[2025-02-12T05:14:46.533+0000] {processor.py:914} INFO - Processing file /home/airflow/.local/lib/python3.12/site-packages/airflow/example_dags/example_sensors.py for tasks to queue
[2025-02-12T05:14:46.536+0000] {logging_mixin.py:190} INFO - [2025-02-12T05:14:46.535+0000] {dagbag.py:588} INFO - Filling up the DagBag from /home/airflow/.local/lib/python3.12/site-packages/airflow/example_dags/example_sensors.py
[2025-02-12T05:14:46.550+0000] {processor.py:925} INFO - DAG(s) 'example_sensors' retrieved from /home/airflow/.local/lib/python3.12/site-packages/airflow/example_dags/example_sensors.py
[2025-02-12T05:14:46.584+0000] {logging_mixin.py:190} INFO - [2025-02-12T05:14:46.583+0000] {dag.py:3239} INFO - Sync 1 DAGs
[2025-02-12T05:14:46.600+0000] {logging_mixin.py:190} INFO - [2025-02-12T05:14:46.600+0000] {dag.py:4180} INFO - Setting next_dagrun for example_sensors to None, run_after=None
[2025-02-12T05:14:46.624+0000] {processor.py:208} INFO - Processing /home/airflow/.local/lib/python3.12/site-packages/airflow/example_dags/example_sensors.py took 0.098 seconds
[2025-02-12T05:15:17.395+0000] {processor.py:186} INFO - Started process (PID=1375) to work on /home/airflow/.local/lib/python3.12/site-packages/airflow/example_dags/example_sensors.py
[2025-02-12T05:15:17.396+0000] {processor.py:914} INFO - Processing file /home/airflow/.local/lib/python3.12/site-packages/airflow/example_dags/example_sensors.py for tasks to queue
[2025-02-12T05:15:17.399+0000] {logging_mixin.py:190} INFO - [2025-02-12T05:15:17.398+0000] {dagbag.py:588} INFO - Filling up the DagBag from /home/airflow/.local/lib/python3.12/site-packages/airflow/example_dags/example_sensors.py
[2025-02-12T05:15:17.412+0000] {processor.py:925} INFO - DAG(s) 'example_sensors' retrieved from /home/airflow/.local/lib/python3.12/site-packages/airflow/example_dags/example_sensors.py
[2025-02-12T05:15:17.440+0000] {logging_mixin.py:190} INFO - [2025-02-12T05:15:17.439+0000] {dag.py:3239} INFO - Sync 1 DAGs
[2025-02-12T05:15:17.455+0000] {logging_mixin.py:190} INFO - [2025-02-12T05:15:17.455+0000] {dag.py:4180} INFO - Setting next_dagrun for example_sensors to None, run_after=None
[2025-02-12T05:15:17.476+0000] {processor.py:208} INFO - Processing /home/airflow/.local/lib/python3.12/site-packages/airflow/example_dags/example_sensors.py took 0.088 seconds
[2025-02-12T05:15:47.589+0000] {processor.py:186} INFO - Started process (PID=1441) to work on /home/airflow/.local/lib/python3.12/site-packages/airflow/example_dags/example_sensors.py
[2025-02-12T05:15:47.590+0000] {processor.py:914} INFO - Processing file /home/airflow/.local/lib/python3.12/site-packages/airflow/example_dags/example_sensors.py for tasks to queue
[2025-02-12T05:15:47.593+0000] {logging_mixin.py:190} INFO - [2025-02-12T05:15:47.593+0000] {dagbag.py:588} INFO - Filling up the DagBag from /home/airflow/.local/lib/python3.12/site-packages/airflow/example_dags/example_sensors.py
[2025-02-12T05:15:47.607+0000] {processor.py:925} INFO - DAG(s) 'example_sensors' retrieved from /home/airflow/.local/lib/python3.12/site-packages/airflow/example_dags/example_sensors.py
[2025-02-12T05:15:47.640+0000] {logging_mixin.py:190} INFO - [2025-02-12T05:15:47.639+0000] {dag.py:3239} INFO - Sync 1 DAGs
[2025-02-12T05:15:47.657+0000] {logging_mixin.py:190} INFO - [2025-02-12T05:15:47.656+0000] {dag.py:4180} INFO - Setting next_dagrun for example_sensors to None, run_after=None
[2025-02-12T05:15:47.680+0000] {processor.py:208} INFO - Processing /home/airflow/.local/lib/python3.12/site-packages/airflow/example_dags/example_sensors.py took 0.097 seconds
[2025-02-12T05:16:18.526+0000] {processor.py:186} INFO - Started process (PID=1507) to work on /home/airflow/.local/lib/python3.12/site-packages/airflow/example_dags/example_sensors.py
[2025-02-12T05:16:18.527+0000] {processor.py:914} INFO - Processing file /home/airflow/.local/lib/python3.12/site-packages/airflow/example_dags/example_sensors.py for tasks to queue
[2025-02-12T05:16:18.529+0000] {logging_mixin.py:190} INFO - [2025-02-12T05:16:18.528+0000] {dagbag.py:588} INFO - Filling up the DagBag from /home/airflow/.local/lib/python3.12/site-packages/airflow/example_dags/example_sensors.py
[2025-02-12T05:16:18.540+0000] {processor.py:925} INFO - DAG(s) 'example_sensors' retrieved from /home/airflow/.local/lib/python3.12/site-packages/airflow/example_dags/example_sensors.py
[2025-02-12T05:16:18.569+0000] {logging_mixin.py:190} INFO - [2025-02-12T05:16:18.569+0000] {dag.py:3239} INFO - Sync 1 DAGs
[2025-02-12T05:16:18.582+0000] {logging_mixin.py:190} INFO - [2025-02-12T05:16:18.582+0000] {dag.py:4180} INFO - Setting next_dagrun for example_sensors to None, run_after=None
[2025-02-12T05:16:18.603+0000] {processor.py:208} INFO - Processing /home/airflow/.local/lib/python3.12/site-packages/airflow/example_dags/example_sensors.py took 0.084 seconds
[2025-02-12T05:16:49.042+0000] {processor.py:186} INFO - Started process (PID=1574) to work on /home/airflow/.local/lib/python3.12/site-packages/airflow/example_dags/example_sensors.py
[2025-02-12T05:16:49.043+0000] {processor.py:914} INFO - Processing file /home/airflow/.local/lib/python3.12/site-packages/airflow/example_dags/example_sensors.py for tasks to queue
[2025-02-12T05:16:49.047+0000] {logging_mixin.py:190} INFO - [2025-02-12T05:16:49.046+0000] {dagbag.py:588} INFO - Filling up the DagBag from /home/airflow/.local/lib/python3.12/site-packages/airflow/example_dags/example_sensors.py
[2025-02-12T05:16:49.061+0000] {processor.py:925} INFO - DAG(s) 'example_sensors' retrieved from /home/airflow/.local/lib/python3.12/site-packages/airflow/example_dags/example_sensors.py
[2025-02-12T05:16:49.098+0000] {logging_mixin.py:190} INFO - [2025-02-12T05:16:49.097+0000] {dag.py:3239} INFO - Sync 1 DAGs
[2025-02-12T05:16:49.120+0000] {logging_mixin.py:190} INFO - [2025-02-12T05:16:49.119+0000] {dag.py:4180} INFO - Setting next_dagrun for example_sensors to None, run_after=None
[2025-02-12T05:16:49.145+0000] {processor.py:208} INFO - Processing /home/airflow/.local/lib/python3.12/site-packages/airflow/example_dags/example_sensors.py took 0.110 seconds
[2025-02-12T05:17:19.354+0000] {processor.py:186} INFO - Started process (PID=1640) to work on /home/airflow/.local/lib/python3.12/site-packages/airflow/example_dags/example_sensors.py
[2025-02-12T05:17:19.355+0000] {processor.py:914} INFO - Processing file /home/airflow/.local/lib/python3.12/site-packages/airflow/example_dags/example_sensors.py for tasks to queue
[2025-02-12T05:17:19.358+0000] {logging_mixin.py:190} INFO - [2025-02-12T05:17:19.358+0000] {dagbag.py:588} INFO - Filling up the DagBag from /home/airflow/.local/lib/python3.12/site-packages/airflow/example_dags/example_sensors.py
[2025-02-12T05:17:19.372+0000] {processor.py:925} INFO - DAG(s) 'example_sensors' retrieved from /home/airflow/.local/lib/python3.12/site-packages/airflow/example_dags/example_sensors.py
[2025-02-12T05:17:19.411+0000] {logging_mixin.py:190} INFO - [2025-02-12T05:17:19.410+0000] {dag.py:3239} INFO - Sync 1 DAGs
[2025-02-12T05:17:19.432+0000] {logging_mixin.py:190} INFO - [2025-02-12T05:17:19.431+0000] {dag.py:4180} INFO - Setting next_dagrun for example_sensors to None, run_after=None
[2025-02-12T05:17:19.463+0000] {processor.py:208} INFO - Processing /home/airflow/.local/lib/python3.12/site-packages/airflow/example_dags/example_sensors.py took 0.117 seconds
[2025-02-12T05:17:50.088+0000] {processor.py:186} INFO - Started process (PID=1706) to work on /home/airflow/.local/lib/python3.12/site-packages/airflow/example_dags/example_sensors.py
[2025-02-12T05:17:50.089+0000] {processor.py:914} INFO - Processing file /home/airflow/.local/lib/python3.12/site-packages/airflow/example_dags/example_sensors.py for tasks to queue
[2025-02-12T05:17:50.093+0000] {logging_mixin.py:190} INFO - [2025-02-12T05:17:50.092+0000] {dagbag.py:588} INFO - Filling up the DagBag from /home/airflow/.local/lib/python3.12/site-packages/airflow/example_dags/example_sensors.py
[2025-02-12T05:17:50.111+0000] {processor.py:925} INFO - DAG(s) 'example_sensors' retrieved from /home/airflow/.local/lib/python3.12/site-packages/airflow/example_dags/example_sensors.py
[2025-02-12T05:17:50.158+0000] {logging_mixin.py:190} INFO - [2025-02-12T05:17:50.158+0000] {dag.py:3239} INFO - Sync 1 DAGs
[2025-02-12T05:17:50.183+0000] {logging_mixin.py:190} INFO - [2025-02-12T05:17:50.182+0000] {dag.py:4180} INFO - Setting next_dagrun for example_sensors to None, run_after=None
[2025-02-12T05:17:50.221+0000] {processor.py:208} INFO - Processing /home/airflow/.local/lib/python3.12/site-packages/airflow/example_dags/example_sensors.py took 0.141 seconds
[2025-02-12T05:18:20.616+0000] {processor.py:186} INFO - Started process (PID=1772) to work on /home/airflow/.local/lib/python3.12/site-packages/airflow/example_dags/example_sensors.py
[2025-02-12T05:18:20.618+0000] {processor.py:914} INFO - Processing file /home/airflow/.local/lib/python3.12/site-packages/airflow/example_dags/example_sensors.py for tasks to queue
[2025-02-12T05:18:20.623+0000] {logging_mixin.py:190} INFO - [2025-02-12T05:18:20.623+0000] {dagbag.py:588} INFO - Filling up the DagBag from /home/airflow/.local/lib/python3.12/site-packages/airflow/example_dags/example_sensors.py
[2025-02-12T05:18:20.641+0000] {processor.py:925} INFO - DAG(s) 'example_sensors' retrieved from /home/airflow/.local/lib/python3.12/site-packages/airflow/example_dags/example_sensors.py
[2025-02-12T05:18:20.680+0000] {logging_mixin.py:190} INFO - [2025-02-12T05:18:20.680+0000] {dag.py:3239} INFO - Sync 1 DAGs
[2025-02-12T05:18:20.705+0000] {logging_mixin.py:190} INFO - [2025-02-12T05:18:20.704+0000] {dag.py:4180} INFO - Setting next_dagrun for example_sensors to None, run_after=None
[2025-02-12T05:18:20.732+0000] {processor.py:208} INFO - Processing /home/airflow/.local/lib/python3.12/site-packages/airflow/example_dags/example_sensors.py took 0.126 seconds
[2025-02-12T05:18:51.035+0000] {processor.py:186} INFO - Started process (PID=1838) to work on /home/airflow/.local/lib/python3.12/site-packages/airflow/example_dags/example_sensors.py
[2025-02-12T05:18:51.037+0000] {processor.py:914} INFO - Processing file /home/airflow/.local/lib/python3.12/site-packages/airflow/example_dags/example_sensors.py for tasks to queue
[2025-02-12T05:18:51.041+0000] {logging_mixin.py:190} INFO - [2025-02-12T05:18:51.040+0000] {dagbag.py:588} INFO - Filling up the DagBag from /home/airflow/.local/lib/python3.12/site-packages/airflow/example_dags/example_sensors.py
[2025-02-12T05:18:51.055+0000] {processor.py:925} INFO - DAG(s) 'example_sensors' retrieved from /home/airflow/.local/lib/python3.12/site-packages/airflow/example_dags/example_sensors.py
[2025-02-12T05:18:51.095+0000] {logging_mixin.py:190} INFO - [2025-02-12T05:18:51.094+0000] {dag.py:3239} INFO - Sync 1 DAGs
[2025-02-12T05:18:51.113+0000] {logging_mixin.py:190} INFO - [2025-02-12T05:18:51.113+0000] {dag.py:4180} INFO - Setting next_dagrun for example_sensors to None, run_after=None
[2025-02-12T05:18:51.141+0000] {processor.py:208} INFO - Processing /home/airflow/.local/lib/python3.12/site-packages/airflow/example_dags/example_sensors.py took 0.113 seconds
[2025-02-12T05:19:21.503+0000] {processor.py:186} INFO - Started process (PID=1904) to work on /home/airflow/.local/lib/python3.12/site-packages/airflow/example_dags/example_sensors.py
[2025-02-12T05:19:21.504+0000] {processor.py:914} INFO - Processing file /home/airflow/.local/lib/python3.12/site-packages/airflow/example_dags/example_sensors.py for tasks to queue
[2025-02-12T05:19:21.507+0000] {logging_mixin.py:190} INFO - [2025-02-12T05:19:21.507+0000] {dagbag.py:588} INFO - Filling up the DagBag from /home/airflow/.local/lib/python3.12/site-packages/airflow/example_dags/example_sensors.py
[2025-02-12T05:19:21.518+0000] {processor.py:925} INFO - DAG(s) 'example_sensors' retrieved from /home/airflow/.local/lib/python3.12/site-packages/airflow/example_dags/example_sensors.py
[2025-02-12T05:19:21.547+0000] {logging_mixin.py:190} INFO - [2025-02-12T05:19:21.546+0000] {dag.py:3239} INFO - Sync 1 DAGs
[2025-02-12T05:19:21.561+0000] {logging_mixin.py:190} INFO - [2025-02-12T05:19:21.561+0000] {dag.py:4180} INFO - Setting next_dagrun for example_sensors to None, run_after=None
[2025-02-12T05:19:21.583+0000] {processor.py:208} INFO - Processing /home/airflow/.local/lib/python3.12/site-packages/airflow/example_dags/example_sensors.py took 0.086 seconds
[2025-02-12T05:19:52.892+0000] {processor.py:186} INFO - Started process (PID=1970) to work on /home/airflow/.local/lib/python3.12/site-packages/airflow/example_dags/example_sensors.py
[2025-02-12T05:19:52.893+0000] {processor.py:914} INFO - Processing file /home/airflow/.local/lib/python3.12/site-packages/airflow/example_dags/example_sensors.py for tasks to queue
[2025-02-12T05:19:52.895+0000] {logging_mixin.py:190} INFO - [2025-02-12T05:19:52.895+0000] {dagbag.py:588} INFO - Filling up the DagBag from /home/airflow/.local/lib/python3.12/site-packages/airflow/example_dags/example_sensors.py
[2025-02-12T05:19:52.904+0000] {processor.py:925} INFO - DAG(s) 'example_sensors' retrieved from /home/airflow/.local/lib/python3.12/site-packages/airflow/example_dags/example_sensors.py
[2025-02-12T05:19:53.103+0000] {logging_mixin.py:190} INFO - [2025-02-12T05:19:53.103+0000] {dag.py:3239} INFO - Sync 1 DAGs
[2025-02-12T05:19:53.114+0000] {logging_mixin.py:190} INFO - [2025-02-12T05:19:53.113+0000] {dag.py:4180} INFO - Setting next_dagrun for example_sensors to None, run_after=None
[2025-02-12T05:19:53.129+0000] {processor.py:208} INFO - Processing /home/airflow/.local/lib/python3.12/site-packages/airflow/example_dags/example_sensors.py took 0.242 seconds
[2025-02-12T05:20:23.312+0000] {processor.py:186} INFO - Started process (PID=2036) to work on /home/airflow/.local/lib/python3.12/site-packages/airflow/example_dags/example_sensors.py
[2025-02-12T05:20:23.313+0000] {processor.py:914} INFO - Processing file /home/airflow/.local/lib/python3.12/site-packages/airflow/example_dags/example_sensors.py for tasks to queue
[2025-02-12T05:20:23.315+0000] {logging_mixin.py:190} INFO - [2025-02-12T05:20:23.314+0000] {dagbag.py:588} INFO - Filling up the DagBag from /home/airflow/.local/lib/python3.12/site-packages/airflow/example_dags/example_sensors.py
[2025-02-12T05:20:23.324+0000] {processor.py:925} INFO - DAG(s) 'example_sensors' retrieved from /home/airflow/.local/lib/python3.12/site-packages/airflow/example_dags/example_sensors.py
[2025-02-12T05:20:23.348+0000] {logging_mixin.py:190} INFO - [2025-02-12T05:20:23.348+0000] {dag.py:3239} INFO - Sync 1 DAGs
[2025-02-12T05:20:23.559+0000] {logging_mixin.py:190} INFO - [2025-02-12T05:20:23.559+0000] {dag.py:4180} INFO - Setting next_dagrun for example_sensors to None, run_after=None
[2025-02-12T05:20:23.578+0000] {processor.py:208} INFO - Processing /home/airflow/.local/lib/python3.12/site-packages/airflow/example_dags/example_sensors.py took 0.272 seconds
[2025-02-12T05:20:53.634+0000] {processor.py:186} INFO - Started process (PID=2102) to work on /home/airflow/.local/lib/python3.12/site-packages/airflow/example_dags/example_sensors.py
[2025-02-12T05:20:53.635+0000] {processor.py:914} INFO - Processing file /home/airflow/.local/lib/python3.12/site-packages/airflow/example_dags/example_sensors.py for tasks to queue
[2025-02-12T05:20:53.638+0000] {logging_mixin.py:190} INFO - [2025-02-12T05:20:53.638+0000] {dagbag.py:588} INFO - Filling up the DagBag from /home/airflow/.local/lib/python3.12/site-packages/airflow/example_dags/example_sensors.py
[2025-02-12T05:20:53.649+0000] {processor.py:925} INFO - DAG(s) 'example_sensors' retrieved from /home/airflow/.local/lib/python3.12/site-packages/airflow/example_dags/example_sensors.py
[2025-02-12T05:20:53.677+0000] {logging_mixin.py:190} INFO - [2025-02-12T05:20:53.676+0000] {dag.py:3239} INFO - Sync 1 DAGs
[2025-02-12T05:20:53.693+0000] {logging_mixin.py:190} INFO - [2025-02-12T05:20:53.693+0000] {dag.py:4180} INFO - Setting next_dagrun for example_sensors to None, run_after=None
[2025-02-12T05:20:53.899+0000] {processor.py:208} INFO - Processing /home/airflow/.local/lib/python3.12/site-packages/airflow/example_dags/example_sensors.py took 0.271 seconds
[2025-02-12T05:21:24.396+0000] {processor.py:186} INFO - Started process (PID=2168) to work on /home/airflow/.local/lib/python3.12/site-packages/airflow/example_dags/example_sensors.py
[2025-02-12T05:21:24.397+0000] {processor.py:914} INFO - Processing file /home/airflow/.local/lib/python3.12/site-packages/airflow/example_dags/example_sensors.py for tasks to queue
[2025-02-12T05:21:24.399+0000] {logging_mixin.py:190} INFO - [2025-02-12T05:21:24.399+0000] {dagbag.py:588} INFO - Filling up the DagBag from /home/airflow/.local/lib/python3.12/site-packages/airflow/example_dags/example_sensors.py
[2025-02-12T05:21:24.408+0000] {processor.py:925} INFO - DAG(s) 'example_sensors' retrieved from /home/airflow/.local/lib/python3.12/site-packages/airflow/example_dags/example_sensors.py
[2025-02-12T05:21:24.432+0000] {logging_mixin.py:190} INFO - [2025-02-12T05:21:24.432+0000] {dag.py:3239} INFO - Sync 1 DAGs
[2025-02-12T05:21:24.446+0000] {logging_mixin.py:190} INFO - [2025-02-12T05:21:24.445+0000] {dag.py:4180} INFO - Setting next_dagrun for example_sensors to None, run_after=None
[2025-02-12T05:21:24.464+0000] {processor.py:208} INFO - Processing /home/airflow/.local/lib/python3.12/site-packages/airflow/example_dags/example_sensors.py took 0.073 seconds
[2025-02-12T05:21:54.834+0000] {processor.py:186} INFO - Started process (PID=2234) to work on /home/airflow/.local/lib/python3.12/site-packages/airflow/example_dags/example_sensors.py
[2025-02-12T05:21:54.835+0000] {processor.py:914} INFO - Processing file /home/airflow/.local/lib/python3.12/site-packages/airflow/example_dags/example_sensors.py for tasks to queue
[2025-02-12T05:21:54.838+0000] {logging_mixin.py:190} INFO - [2025-02-12T05:21:54.837+0000] {dagbag.py:588} INFO - Filling up the DagBag from /home/airflow/.local/lib/python3.12/site-packages/airflow/example_dags/example_sensors.py
[2025-02-12T05:21:54.849+0000] {processor.py:925} INFO - DAG(s) 'example_sensors' retrieved from /home/airflow/.local/lib/python3.12/site-packages/airflow/example_dags/example_sensors.py
[2025-02-12T05:21:54.876+0000] {logging_mixin.py:190} INFO - [2025-02-12T05:21:54.875+0000] {dag.py:3239} INFO - Sync 1 DAGs
[2025-02-12T05:21:54.890+0000] {logging_mixin.py:190} INFO - [2025-02-12T05:21:54.889+0000] {dag.py:4180} INFO - Setting next_dagrun for example_sensors to None, run_after=None
[2025-02-12T05:21:54.906+0000] {processor.py:208} INFO - Processing /home/airflow/.local/lib/python3.12/site-packages/airflow/example_dags/example_sensors.py took 0.080 seconds
[2025-02-12T05:22:25.274+0000] {processor.py:186} INFO - Started process (PID=2300) to work on /home/airflow/.local/lib/python3.12/site-packages/airflow/example_dags/example_sensors.py
[2025-02-12T05:22:25.275+0000] {processor.py:914} INFO - Processing file /home/airflow/.local/lib/python3.12/site-packages/airflow/example_dags/example_sensors.py for tasks to queue
[2025-02-12T05:22:25.277+0000] {logging_mixin.py:190} INFO - [2025-02-12T05:22:25.276+0000] {dagbag.py:588} INFO - Filling up the DagBag from /home/airflow/.local/lib/python3.12/site-packages/airflow/example_dags/example_sensors.py
[2025-02-12T05:22:25.290+0000] {processor.py:925} INFO - DAG(s) 'example_sensors' retrieved from /home/airflow/.local/lib/python3.12/site-packages/airflow/example_dags/example_sensors.py
[2025-02-12T05:22:25.319+0000] {logging_mixin.py:190} INFO - [2025-02-12T05:22:25.319+0000] {dag.py:3239} INFO - Sync 1 DAGs
[2025-02-12T05:22:25.335+0000] {logging_mixin.py:190} INFO - [2025-02-12T05:22:25.335+0000] {dag.py:4180} INFO - Setting next_dagrun for example_sensors to None, run_after=None
[2025-02-12T05:22:25.358+0000] {processor.py:208} INFO - Processing /home/airflow/.local/lib/python3.12/site-packages/airflow/example_dags/example_sensors.py took 0.091 seconds
[2025-02-12T05:22:55.788+0000] {processor.py:186} INFO - Started process (PID=2366) to work on /home/airflow/.local/lib/python3.12/site-packages/airflow/example_dags/example_sensors.py
[2025-02-12T05:22:55.790+0000] {processor.py:914} INFO - Processing file /home/airflow/.local/lib/python3.12/site-packages/airflow/example_dags/example_sensors.py for tasks to queue
[2025-02-12T05:22:55.794+0000] {logging_mixin.py:190} INFO - [2025-02-12T05:22:55.793+0000] {dagbag.py:588} INFO - Filling up the DagBag from /home/airflow/.local/lib/python3.12/site-packages/airflow/example_dags/example_sensors.py
[2025-02-12T05:22:55.810+0000] {processor.py:925} INFO - DAG(s) 'example_sensors' retrieved from /home/airflow/.local/lib/python3.12/site-packages/airflow/example_dags/example_sensors.py
[2025-02-12T05:22:55.843+0000] {logging_mixin.py:190} INFO - [2025-02-12T05:22:55.843+0000] {dag.py:3239} INFO - Sync 1 DAGs
[2025-02-12T05:22:55.859+0000] {logging_mixin.py:190} INFO - [2025-02-12T05:22:55.858+0000] {dag.py:4180} INFO - Setting next_dagrun for example_sensors to None, run_after=None
[2025-02-12T05:22:55.886+0000] {processor.py:208} INFO - Processing /home/airflow/.local/lib/python3.12/site-packages/airflow/example_dags/example_sensors.py took 0.107 seconds
[2025-02-12T05:23:25.960+0000] {processor.py:186} INFO - Started process (PID=2432) to work on /home/airflow/.local/lib/python3.12/site-packages/airflow/example_dags/example_sensors.py
[2025-02-12T05:23:25.961+0000] {processor.py:914} INFO - Processing file /home/airflow/.local/lib/python3.12/site-packages/airflow/example_dags/example_sensors.py for tasks to queue
[2025-02-12T05:23:25.964+0000] {logging_mixin.py:190} INFO - [2025-02-12T05:23:25.963+0000] {dagbag.py:588} INFO - Filling up the DagBag from /home/airflow/.local/lib/python3.12/site-packages/airflow/example_dags/example_sensors.py
[2025-02-12T05:23:25.975+0000] {processor.py:925} INFO - DAG(s) 'example_sensors' retrieved from /home/airflow/.local/lib/python3.12/site-packages/airflow/example_dags/example_sensors.py
[2025-02-12T05:23:26.003+0000] {logging_mixin.py:190} INFO - [2025-02-12T05:23:26.003+0000] {dag.py:3239} INFO - Sync 1 DAGs
[2025-02-12T05:23:26.015+0000] {logging_mixin.py:190} INFO - [2025-02-12T05:23:26.015+0000] {dag.py:4180} INFO - Setting next_dagrun for example_sensors to None, run_after=None
[2025-02-12T05:23:26.032+0000] {processor.py:208} INFO - Processing /home/airflow/.local/lib/python3.12/site-packages/airflow/example_dags/example_sensors.py took 0.077 seconds
[2025-02-12T05:23:56.422+0000] {processor.py:186} INFO - Started process (PID=2498) to work on /home/airflow/.local/lib/python3.12/site-packages/airflow/example_dags/example_sensors.py
[2025-02-12T05:23:56.423+0000] {processor.py:914} INFO - Processing file /home/airflow/.local/lib/python3.12/site-packages/airflow/example_dags/example_sensors.py for tasks to queue
[2025-02-12T05:23:56.425+0000] {logging_mixin.py:190} INFO - [2025-02-12T05:23:56.425+0000] {dagbag.py:588} INFO - Filling up the DagBag from /home/airflow/.local/lib/python3.12/site-packages/airflow/example_dags/example_sensors.py
[2025-02-12T05:23:56.436+0000] {processor.py:925} INFO - DAG(s) 'example_sensors' retrieved from /home/airflow/.local/lib/python3.12/site-packages/airflow/example_dags/example_sensors.py
[2025-02-12T05:23:56.461+0000] {logging_mixin.py:190} INFO - [2025-02-12T05:23:56.461+0000] {dag.py:3239} INFO - Sync 1 DAGs
[2025-02-12T05:23:56.474+0000] {logging_mixin.py:190} INFO - [2025-02-12T05:23:56.473+0000] {dag.py:4180} INFO - Setting next_dagrun for example_sensors to None, run_after=None
[2025-02-12T05:23:56.494+0000] {processor.py:208} INFO - Processing /home/airflow/.local/lib/python3.12/site-packages/airflow/example_dags/example_sensors.py took 0.078 seconds
[2025-02-12T05:24:26.898+0000] {processor.py:186} INFO - Started process (PID=2564) to work on /home/airflow/.local/lib/python3.12/site-packages/airflow/example_dags/example_sensors.py
[2025-02-12T05:24:26.899+0000] {processor.py:914} INFO - Processing file /home/airflow/.local/lib/python3.12/site-packages/airflow/example_dags/example_sensors.py for tasks to queue
[2025-02-12T05:24:26.901+0000] {logging_mixin.py:190} INFO - [2025-02-12T05:24:26.901+0000] {dagbag.py:588} INFO - Filling up the DagBag from /home/airflow/.local/lib/python3.12/site-packages/airflow/example_dags/example_sensors.py
[2025-02-12T05:24:26.911+0000] {processor.py:925} INFO - DAG(s) 'example_sensors' retrieved from /home/airflow/.local/lib/python3.12/site-packages/airflow/example_dags/example_sensors.py
[2025-02-12T05:24:26.935+0000] {logging_mixin.py:190} INFO - [2025-02-12T05:24:26.935+0000] {dag.py:3239} INFO - Sync 1 DAGs
[2025-02-12T05:24:26.950+0000] {logging_mixin.py:190} INFO - [2025-02-12T05:24:26.949+0000] {dag.py:4180} INFO - Setting next_dagrun for example_sensors to None, run_after=None
[2025-02-12T05:24:26.966+0000] {processor.py:208} INFO - Processing /home/airflow/.local/lib/python3.12/site-packages/airflow/example_dags/example_sensors.py took 0.074 seconds
[2025-02-12T05:24:57.432+0000] {processor.py:186} INFO - Started process (PID=2630) to work on /home/airflow/.local/lib/python3.12/site-packages/airflow/example_dags/example_sensors.py
[2025-02-12T05:24:57.432+0000] {processor.py:914} INFO - Processing file /home/airflow/.local/lib/python3.12/site-packages/airflow/example_dags/example_sensors.py for tasks to queue
[2025-02-12T05:24:57.435+0000] {logging_mixin.py:190} INFO - [2025-02-12T05:24:57.435+0000] {dagbag.py:588} INFO - Filling up the DagBag from /home/airflow/.local/lib/python3.12/site-packages/airflow/example_dags/example_sensors.py
[2025-02-12T05:24:57.447+0000] {processor.py:925} INFO - DAG(s) 'example_sensors' retrieved from /home/airflow/.local/lib/python3.12/site-packages/airflow/example_dags/example_sensors.py
[2025-02-12T05:24:57.475+0000] {logging_mixin.py:190} INFO - [2025-02-12T05:24:57.475+0000] {dag.py:3239} INFO - Sync 1 DAGs
[2025-02-12T05:24:57.489+0000] {logging_mixin.py:190} INFO - [2025-02-12T05:24:57.489+0000] {dag.py:4180} INFO - Setting next_dagrun for example_sensors to None, run_after=None
[2025-02-12T05:24:57.506+0000] {processor.py:208} INFO - Processing /home/airflow/.local/lib/python3.12/site-packages/airflow/example_dags/example_sensors.py took 0.080 seconds
[2025-02-12T05:25:27.759+0000] {processor.py:186} INFO - Started process (PID=2696) to work on /home/airflow/.local/lib/python3.12/site-packages/airflow/example_dags/example_sensors.py
[2025-02-12T05:25:27.760+0000] {processor.py:914} INFO - Processing file /home/airflow/.local/lib/python3.12/site-packages/airflow/example_dags/example_sensors.py for tasks to queue
[2025-02-12T05:25:27.762+0000] {logging_mixin.py:190} INFO - [2025-02-12T05:25:27.761+0000] {dagbag.py:588} INFO - Filling up the DagBag from /home/airflow/.local/lib/python3.12/site-packages/airflow/example_dags/example_sensors.py
[2025-02-12T05:25:27.773+0000] {processor.py:925} INFO - DAG(s) 'example_sensors' retrieved from /home/airflow/.local/lib/python3.12/site-packages/airflow/example_dags/example_sensors.py
[2025-02-12T05:25:27.798+0000] {logging_mixin.py:190} INFO - [2025-02-12T05:25:27.797+0000] {dag.py:3239} INFO - Sync 1 DAGs
[2025-02-12T05:25:27.813+0000] {logging_mixin.py:190} INFO - [2025-02-12T05:25:27.813+0000] {dag.py:4180} INFO - Setting next_dagrun for example_sensors to None, run_after=None
[2025-02-12T05:25:27.831+0000] {processor.py:208} INFO - Processing /home/airflow/.local/lib/python3.12/site-packages/airflow/example_dags/example_sensors.py took 0.078 seconds
[2025-02-12T05:25:58.245+0000] {processor.py:186} INFO - Started process (PID=2762) to work on /home/airflow/.local/lib/python3.12/site-packages/airflow/example_dags/example_sensors.py
[2025-02-12T05:25:58.246+0000] {processor.py:914} INFO - Processing file /home/airflow/.local/lib/python3.12/site-packages/airflow/example_dags/example_sensors.py for tasks to queue
[2025-02-12T05:25:58.248+0000] {logging_mixin.py:190} INFO - [2025-02-12T05:25:58.248+0000] {dagbag.py:588} INFO - Filling up the DagBag from /home/airflow/.local/lib/python3.12/site-packages/airflow/example_dags/example_sensors.py
[2025-02-12T05:25:58.259+0000] {processor.py:925} INFO - DAG(s) 'example_sensors' retrieved from /home/airflow/.local/lib/python3.12/site-packages/airflow/example_dags/example_sensors.py
[2025-02-12T05:25:58.284+0000] {logging_mixin.py:190} INFO - [2025-02-12T05:25:58.284+0000] {dag.py:3239} INFO - Sync 1 DAGs
[2025-02-12T05:25:58.297+0000] {logging_mixin.py:190} INFO - [2025-02-12T05:25:58.297+0000] {dag.py:4180} INFO - Setting next_dagrun for example_sensors to None, run_after=None
[2025-02-12T05:25:58.315+0000] {processor.py:208} INFO - Processing /home/airflow/.local/lib/python3.12/site-packages/airflow/example_dags/example_sensors.py took 0.076 seconds
[2025-02-12T05:26:29.245+0000] {processor.py:186} INFO - Started process (PID=2828) to work on /home/airflow/.local/lib/python3.12/site-packages/airflow/example_dags/example_sensors.py
[2025-02-12T05:26:29.245+0000] {processor.py:914} INFO - Processing file /home/airflow/.local/lib/python3.12/site-packages/airflow/example_dags/example_sensors.py for tasks to queue
[2025-02-12T05:26:29.248+0000] {logging_mixin.py:190} INFO - [2025-02-12T05:26:29.248+0000] {dagbag.py:588} INFO - Filling up the DagBag from /home/airflow/.local/lib/python3.12/site-packages/airflow/example_dags/example_sensors.py
[2025-02-12T05:26:29.259+0000] {processor.py:925} INFO - DAG(s) 'example_sensors' retrieved from /home/airflow/.local/lib/python3.12/site-packages/airflow/example_dags/example_sensors.py
[2025-02-12T05:26:29.288+0000] {logging_mixin.py:190} INFO - [2025-02-12T05:26:29.288+0000] {dag.py:3239} INFO - Sync 1 DAGs
[2025-02-12T05:26:29.304+0000] {logging_mixin.py:190} INFO - [2025-02-12T05:26:29.304+0000] {dag.py:4180} INFO - Setting next_dagrun for example_sensors to None, run_after=None
[2025-02-12T05:26:29.323+0000] {processor.py:208} INFO - Processing /home/airflow/.local/lib/python3.12/site-packages/airflow/example_dags/example_sensors.py took 0.084 seconds
[2025-02-12T05:26:59.442+0000] {processor.py:186} INFO - Started process (PID=2894) to work on /home/airflow/.local/lib/python3.12/site-packages/airflow/example_dags/example_sensors.py
[2025-02-12T05:26:59.443+0000] {processor.py:914} INFO - Processing file /home/airflow/.local/lib/python3.12/site-packages/airflow/example_dags/example_sensors.py for tasks to queue
[2025-02-12T05:26:59.445+0000] {logging_mixin.py:190} INFO - [2025-02-12T05:26:59.444+0000] {dagbag.py:588} INFO - Filling up the DagBag from /home/airflow/.local/lib/python3.12/site-packages/airflow/example_dags/example_sensors.py
[2025-02-12T05:26:59.455+0000] {processor.py:925} INFO - DAG(s) 'example_sensors' retrieved from /home/airflow/.local/lib/python3.12/site-packages/airflow/example_dags/example_sensors.py
[2025-02-12T05:26:59.480+0000] {logging_mixin.py:190} INFO - [2025-02-12T05:26:59.480+0000] {dag.py:3239} INFO - Sync 1 DAGs
[2025-02-12T05:26:59.493+0000] {logging_mixin.py:190} INFO - [2025-02-12T05:26:59.493+0000] {dag.py:4180} INFO - Setting next_dagrun for example_sensors to None, run_after=None
[2025-02-12T05:26:59.510+0000] {processor.py:208} INFO - Processing /home/airflow/.local/lib/python3.12/site-packages/airflow/example_dags/example_sensors.py took 0.074 seconds
[2025-02-12T05:27:29.715+0000] {processor.py:186} INFO - Started process (PID=2960) to work on /home/airflow/.local/lib/python3.12/site-packages/airflow/example_dags/example_sensors.py
[2025-02-12T05:27:29.715+0000] {processor.py:914} INFO - Processing file /home/airflow/.local/lib/python3.12/site-packages/airflow/example_dags/example_sensors.py for tasks to queue
[2025-02-12T05:27:29.717+0000] {logging_mixin.py:190} INFO - [2025-02-12T05:27:29.717+0000] {dagbag.py:588} INFO - Filling up the DagBag from /home/airflow/.local/lib/python3.12/site-packages/airflow/example_dags/example_sensors.py
[2025-02-12T05:27:29.728+0000] {processor.py:925} INFO - DAG(s) 'example_sensors' retrieved from /home/airflow/.local/lib/python3.12/site-packages/airflow/example_dags/example_sensors.py
[2025-02-12T05:27:29.753+0000] {logging_mixin.py:190} INFO - [2025-02-12T05:27:29.753+0000] {dag.py:3239} INFO - Sync 1 DAGs
[2025-02-12T05:27:29.766+0000] {logging_mixin.py:190} INFO - [2025-02-12T05:27:29.765+0000] {dag.py:4180} INFO - Setting next_dagrun for example_sensors to None, run_after=None
[2025-02-12T05:27:29.782+0000] {processor.py:208} INFO - Processing /home/airflow/.local/lib/python3.12/site-packages/airflow/example_dags/example_sensors.py took 0.073 seconds
[2025-02-12T05:28:00.007+0000] {processor.py:186} INFO - Started process (PID=3026) to work on /home/airflow/.local/lib/python3.12/site-packages/airflow/example_dags/example_sensors.py
[2025-02-12T05:28:00.008+0000] {processor.py:914} INFO - Processing file /home/airflow/.local/lib/python3.12/site-packages/airflow/example_dags/example_sensors.py for tasks to queue
[2025-02-12T05:28:00.011+0000] {logging_mixin.py:190} INFO - [2025-02-12T05:28:00.010+0000] {dagbag.py:588} INFO - Filling up the DagBag from /home/airflow/.local/lib/python3.12/site-packages/airflow/example_dags/example_sensors.py
[2025-02-12T05:28:00.022+0000] {processor.py:925} INFO - DAG(s) 'example_sensors' retrieved from /home/airflow/.local/lib/python3.12/site-packages/airflow/example_dags/example_sensors.py
[2025-02-12T05:28:00.050+0000] {logging_mixin.py:190} INFO - [2025-02-12T05:28:00.050+0000] {dag.py:3239} INFO - Sync 1 DAGs
[2025-02-12T05:28:00.067+0000] {logging_mixin.py:190} INFO - [2025-02-12T05:28:00.067+0000] {dag.py:4180} INFO - Setting next_dagrun for example_sensors to None, run_after=None
[2025-02-12T05:28:00.088+0000] {processor.py:208} INFO - Processing /home/airflow/.local/lib/python3.12/site-packages/airflow/example_dags/example_sensors.py took 0.087 seconds
[2025-02-12T05:28:30.428+0000] {processor.py:186} INFO - Started process (PID=3092) to work on /home/airflow/.local/lib/python3.12/site-packages/airflow/example_dags/example_sensors.py
[2025-02-12T05:28:30.429+0000] {processor.py:914} INFO - Processing file /home/airflow/.local/lib/python3.12/site-packages/airflow/example_dags/example_sensors.py for tasks to queue
[2025-02-12T05:28:30.432+0000] {logging_mixin.py:190} INFO - [2025-02-12T05:28:30.431+0000] {dagbag.py:588} INFO - Filling up the DagBag from /home/airflow/.local/lib/python3.12/site-packages/airflow/example_dags/example_sensors.py
[2025-02-12T05:28:30.443+0000] {processor.py:925} INFO - DAG(s) 'example_sensors' retrieved from /home/airflow/.local/lib/python3.12/site-packages/airflow/example_dags/example_sensors.py
[2025-02-12T05:28:30.468+0000] {logging_mixin.py:190} INFO - [2025-02-12T05:28:30.468+0000] {dag.py:3239} INFO - Sync 1 DAGs
[2025-02-12T05:28:30.481+0000] {logging_mixin.py:190} INFO - [2025-02-12T05:28:30.481+0000] {dag.py:4180} INFO - Setting next_dagrun for example_sensors to None, run_after=None
[2025-02-12T05:28:30.498+0000] {processor.py:208} INFO - Processing /home/airflow/.local/lib/python3.12/site-packages/airflow/example_dags/example_sensors.py took 0.076 seconds
[2025-02-12T05:29:00.813+0000] {processor.py:186} INFO - Started process (PID=3158) to work on /home/airflow/.local/lib/python3.12/site-packages/airflow/example_dags/example_sensors.py
[2025-02-12T05:29:00.813+0000] {processor.py:914} INFO - Processing file /home/airflow/.local/lib/python3.12/site-packages/airflow/example_dags/example_sensors.py for tasks to queue
[2025-02-12T05:29:00.816+0000] {logging_mixin.py:190} INFO - [2025-02-12T05:29:00.815+0000] {dagbag.py:588} INFO - Filling up the DagBag from /home/airflow/.local/lib/python3.12/site-packages/airflow/example_dags/example_sensors.py
[2025-02-12T05:29:00.827+0000] {processor.py:925} INFO - DAG(s) 'example_sensors' retrieved from /home/airflow/.local/lib/python3.12/site-packages/airflow/example_dags/example_sensors.py
[2025-02-12T05:29:00.852+0000] {logging_mixin.py:190} INFO - [2025-02-12T05:29:00.852+0000] {dag.py:3239} INFO - Sync 1 DAGs
[2025-02-12T05:29:00.865+0000] {logging_mixin.py:190} INFO - [2025-02-12T05:29:00.865+0000] {dag.py:4180} INFO - Setting next_dagrun for example_sensors to None, run_after=None
[2025-02-12T05:29:00.881+0000] {processor.py:208} INFO - Processing /home/airflow/.local/lib/python3.12/site-packages/airflow/example_dags/example_sensors.py took 0.075 seconds
[2025-02-12T05:29:31.267+0000] {processor.py:186} INFO - Started process (PID=3224) to work on /home/airflow/.local/lib/python3.12/site-packages/airflow/example_dags/example_sensors.py
[2025-02-12T05:29:31.268+0000] {processor.py:914} INFO - Processing file /home/airflow/.local/lib/python3.12/site-packages/airflow/example_dags/example_sensors.py for tasks to queue
[2025-02-12T05:29:31.270+0000] {logging_mixin.py:190} INFO - [2025-02-12T05:29:31.270+0000] {dagbag.py:588} INFO - Filling up the DagBag from /home/airflow/.local/lib/python3.12/site-packages/airflow/example_dags/example_sensors.py
[2025-02-12T05:29:31.282+0000] {processor.py:925} INFO - DAG(s) 'example_sensors' retrieved from /home/airflow/.local/lib/python3.12/site-packages/airflow/example_dags/example_sensors.py
[2025-02-12T05:29:31.311+0000] {logging_mixin.py:190} INFO - [2025-02-12T05:29:31.311+0000] {dag.py:3239} INFO - Sync 1 DAGs
[2025-02-12T05:29:31.323+0000] {logging_mixin.py:190} INFO - [2025-02-12T05:29:31.322+0000] {dag.py:4180} INFO - Setting next_dagrun for example_sensors to None, run_after=None
[2025-02-12T05:29:31.339+0000] {processor.py:208} INFO - Processing /home/airflow/.local/lib/python3.12/site-packages/airflow/example_dags/example_sensors.py took 0.079 seconds
[2025-02-12T05:30:01.847+0000] {processor.py:186} INFO - Started process (PID=3290) to work on /home/airflow/.local/lib/python3.12/site-packages/airflow/example_dags/example_sensors.py
[2025-02-12T05:30:01.848+0000] {processor.py:914} INFO - Processing file /home/airflow/.local/lib/python3.12/site-packages/airflow/example_dags/example_sensors.py for tasks to queue
[2025-02-12T05:30:01.851+0000] {logging_mixin.py:190} INFO - [2025-02-12T05:30:01.850+0000] {dagbag.py:588} INFO - Filling up the DagBag from /home/airflow/.local/lib/python3.12/site-packages/airflow/example_dags/example_sensors.py
[2025-02-12T05:30:01.864+0000] {processor.py:925} INFO - DAG(s) 'example_sensors' retrieved from /home/airflow/.local/lib/python3.12/site-packages/airflow/example_dags/example_sensors.py
[2025-02-12T05:30:01.893+0000] {logging_mixin.py:190} INFO - [2025-02-12T05:30:01.893+0000] {dag.py:3239} INFO - Sync 1 DAGs
[2025-02-12T05:30:01.907+0000] {logging_mixin.py:190} INFO - [2025-02-12T05:30:01.907+0000] {dag.py:4180} INFO - Setting next_dagrun for example_sensors to None, run_after=None
[2025-02-12T05:30:01.926+0000] {processor.py:208} INFO - Processing /home/airflow/.local/lib/python3.12/site-packages/airflow/example_dags/example_sensors.py took 0.086 seconds
[2025-02-12T05:30:32.424+0000] {processor.py:186} INFO - Started process (PID=3356) to work on /home/airflow/.local/lib/python3.12/site-packages/airflow/example_dags/example_sensors.py
[2025-02-12T05:30:32.425+0000] {processor.py:914} INFO - Processing file /home/airflow/.local/lib/python3.12/site-packages/airflow/example_dags/example_sensors.py for tasks to queue
[2025-02-12T05:30:32.428+0000] {logging_mixin.py:190} INFO - [2025-02-12T05:30:32.427+0000] {dagbag.py:588} INFO - Filling up the DagBag from /home/airflow/.local/lib/python3.12/site-packages/airflow/example_dags/example_sensors.py
[2025-02-12T05:30:32.442+0000] {processor.py:925} INFO - DAG(s) 'example_sensors' retrieved from /home/airflow/.local/lib/python3.12/site-packages/airflow/example_dags/example_sensors.py
[2025-02-12T05:30:32.472+0000] {logging_mixin.py:190} INFO - [2025-02-12T05:30:32.472+0000] {dag.py:3239} INFO - Sync 1 DAGs
[2025-02-12T05:30:32.488+0000] {logging_mixin.py:190} INFO - [2025-02-12T05:30:32.487+0000] {dag.py:4180} INFO - Setting next_dagrun for example_sensors to None, run_after=None
[2025-02-12T05:30:32.505+0000] {processor.py:208} INFO - Processing /home/airflow/.local/lib/python3.12/site-packages/airflow/example_dags/example_sensors.py took 0.087 seconds
[2025-02-12T05:31:02.973+0000] {processor.py:186} INFO - Started process (PID=3422) to work on /home/airflow/.local/lib/python3.12/site-packages/airflow/example_dags/example_sensors.py
[2025-02-12T05:31:02.973+0000] {processor.py:914} INFO - Processing file /home/airflow/.local/lib/python3.12/site-packages/airflow/example_dags/example_sensors.py for tasks to queue
[2025-02-12T05:31:02.975+0000] {logging_mixin.py:190} INFO - [2025-02-12T05:31:02.975+0000] {dagbag.py:588} INFO - Filling up the DagBag from /home/airflow/.local/lib/python3.12/site-packages/airflow/example_dags/example_sensors.py
[2025-02-12T05:31:02.986+0000] {processor.py:925} INFO - DAG(s) 'example_sensors' retrieved from /home/airflow/.local/lib/python3.12/site-packages/airflow/example_dags/example_sensors.py
[2025-02-12T05:31:03.009+0000] {logging_mixin.py:190} INFO - [2025-02-12T05:31:03.009+0000] {dag.py:3239} INFO - Sync 1 DAGs
[2025-02-12T05:31:03.022+0000] {logging_mixin.py:190} INFO - [2025-02-12T05:31:03.021+0000] {dag.py:4180} INFO - Setting next_dagrun for example_sensors to None, run_after=None
[2025-02-12T05:31:03.038+0000] {processor.py:208} INFO - Processing /home/airflow/.local/lib/python3.12/site-packages/airflow/example_dags/example_sensors.py took 0.071 seconds
[2025-02-12T05:31:33.549+0000] {processor.py:186} INFO - Started process (PID=3488) to work on /home/airflow/.local/lib/python3.12/site-packages/airflow/example_dags/example_sensors.py
[2025-02-12T05:31:33.550+0000] {processor.py:914} INFO - Processing file /home/airflow/.local/lib/python3.12/site-packages/airflow/example_dags/example_sensors.py for tasks to queue
[2025-02-12T05:31:33.552+0000] {logging_mixin.py:190} INFO - [2025-02-12T05:31:33.552+0000] {dagbag.py:588} INFO - Filling up the DagBag from /home/airflow/.local/lib/python3.12/site-packages/airflow/example_dags/example_sensors.py
[2025-02-12T05:31:33.564+0000] {processor.py:925} INFO - DAG(s) 'example_sensors' retrieved from /home/airflow/.local/lib/python3.12/site-packages/airflow/example_dags/example_sensors.py
[2025-02-12T05:31:33.588+0000] {logging_mixin.py:190} INFO - [2025-02-12T05:31:33.588+0000] {dag.py:3239} INFO - Sync 1 DAGs
[2025-02-12T05:31:33.602+0000] {logging_mixin.py:190} INFO - [2025-02-12T05:31:33.601+0000] {dag.py:4180} INFO - Setting next_dagrun for example_sensors to None, run_after=None
[2025-02-12T05:31:33.618+0000] {processor.py:208} INFO - Processing /home/airflow/.local/lib/python3.12/site-packages/airflow/example_dags/example_sensors.py took 0.075 seconds
[2025-02-12T05:32:03.990+0000] {processor.py:186} INFO - Started process (PID=3554) to work on /home/airflow/.local/lib/python3.12/site-packages/airflow/example_dags/example_sensors.py
[2025-02-12T05:32:03.991+0000] {processor.py:914} INFO - Processing file /home/airflow/.local/lib/python3.12/site-packages/airflow/example_dags/example_sensors.py for tasks to queue
[2025-02-12T05:32:03.993+0000] {logging_mixin.py:190} INFO - [2025-02-12T05:32:03.993+0000] {dagbag.py:588} INFO - Filling up the DagBag from /home/airflow/.local/lib/python3.12/site-packages/airflow/example_dags/example_sensors.py
[2025-02-12T05:32:04.003+0000] {processor.py:925} INFO - DAG(s) 'example_sensors' retrieved from /home/airflow/.local/lib/python3.12/site-packages/airflow/example_dags/example_sensors.py
[2025-02-12T05:32:04.029+0000] {logging_mixin.py:190} INFO - [2025-02-12T05:32:04.029+0000] {dag.py:3239} INFO - Sync 1 DAGs
[2025-02-12T05:32:04.042+0000] {logging_mixin.py:190} INFO - [2025-02-12T05:32:04.042+0000] {dag.py:4180} INFO - Setting next_dagrun for example_sensors to None, run_after=None
[2025-02-12T05:32:04.060+0000] {processor.py:208} INFO - Processing /home/airflow/.local/lib/python3.12/site-packages/airflow/example_dags/example_sensors.py took 0.076 seconds
[2025-02-12T05:32:34.470+0000] {processor.py:186} INFO - Started process (PID=3620) to work on /home/airflow/.local/lib/python3.12/site-packages/airflow/example_dags/example_sensors.py
[2025-02-12T05:32:34.471+0000] {processor.py:914} INFO - Processing file /home/airflow/.local/lib/python3.12/site-packages/airflow/example_dags/example_sensors.py for tasks to queue
[2025-02-12T05:32:34.473+0000] {logging_mixin.py:190} INFO - [2025-02-12T05:32:34.473+0000] {dagbag.py:588} INFO - Filling up the DagBag from /home/airflow/.local/lib/python3.12/site-packages/airflow/example_dags/example_sensors.py
[2025-02-12T05:32:34.485+0000] {processor.py:925} INFO - DAG(s) 'example_sensors' retrieved from /home/airflow/.local/lib/python3.12/site-packages/airflow/example_dags/example_sensors.py
[2025-02-12T05:32:34.509+0000] {logging_mixin.py:190} INFO - [2025-02-12T05:32:34.509+0000] {dag.py:3239} INFO - Sync 1 DAGs
[2025-02-12T05:32:34.521+0000] {logging_mixin.py:190} INFO - [2025-02-12T05:32:34.521+0000] {dag.py:4180} INFO - Setting next_dagrun for example_sensors to None, run_after=None
[2025-02-12T05:32:34.538+0000] {processor.py:208} INFO - Processing /home/airflow/.local/lib/python3.12/site-packages/airflow/example_dags/example_sensors.py took 0.075 seconds
[2025-02-12T05:33:04.825+0000] {processor.py:186} INFO - Started process (PID=3686) to work on /home/airflow/.local/lib/python3.12/site-packages/airflow/example_dags/example_sensors.py
[2025-02-12T05:33:04.826+0000] {processor.py:914} INFO - Processing file /home/airflow/.local/lib/python3.12/site-packages/airflow/example_dags/example_sensors.py for tasks to queue
[2025-02-12T05:33:04.828+0000] {logging_mixin.py:190} INFO - [2025-02-12T05:33:04.828+0000] {dagbag.py:588} INFO - Filling up the DagBag from /home/airflow/.local/lib/python3.12/site-packages/airflow/example_dags/example_sensors.py
[2025-02-12T05:33:04.838+0000] {processor.py:925} INFO - DAG(s) 'example_sensors' retrieved from /home/airflow/.local/lib/python3.12/site-packages/airflow/example_dags/example_sensors.py
[2025-02-12T05:33:04.863+0000] {logging_mixin.py:190} INFO - [2025-02-12T05:33:04.863+0000] {dag.py:3239} INFO - Sync 1 DAGs
[2025-02-12T05:33:04.877+0000] {logging_mixin.py:190} INFO - [2025-02-12T05:33:04.877+0000] {dag.py:4180} INFO - Setting next_dagrun for example_sensors to None, run_after=None
[2025-02-12T05:33:04.893+0000] {processor.py:208} INFO - Processing /home/airflow/.local/lib/python3.12/site-packages/airflow/example_dags/example_sensors.py took 0.075 seconds
[2025-02-12T05:33:35.078+0000] {processor.py:186} INFO - Started process (PID=3752) to work on /home/airflow/.local/lib/python3.12/site-packages/airflow/example_dags/example_sensors.py
[2025-02-12T05:33:35.079+0000] {processor.py:914} INFO - Processing file /home/airflow/.local/lib/python3.12/site-packages/airflow/example_dags/example_sensors.py for tasks to queue
[2025-02-12T05:33:35.082+0000] {logging_mixin.py:190} INFO - [2025-02-12T05:33:35.081+0000] {dagbag.py:588} INFO - Filling up the DagBag from /home/airflow/.local/lib/python3.12/site-packages/airflow/example_dags/example_sensors.py
[2025-02-12T05:33:35.094+0000] {processor.py:925} INFO - DAG(s) 'example_sensors' retrieved from /home/airflow/.local/lib/python3.12/site-packages/airflow/example_dags/example_sensors.py
[2025-02-12T05:33:35.120+0000] {logging_mixin.py:190} INFO - [2025-02-12T05:33:35.119+0000] {dag.py:3239} INFO - Sync 1 DAGs
[2025-02-12T05:33:35.133+0000] {logging_mixin.py:190} INFO - [2025-02-12T05:33:35.133+0000] {dag.py:4180} INFO - Setting next_dagrun for example_sensors to None, run_after=None
[2025-02-12T05:33:35.148+0000] {processor.py:208} INFO - Processing /home/airflow/.local/lib/python3.12/site-packages/airflow/example_dags/example_sensors.py took 0.076 seconds
[2025-02-12T05:34:05.379+0000] {processor.py:186} INFO - Started process (PID=3818) to work on /home/airflow/.local/lib/python3.12/site-packages/airflow/example_dags/example_sensors.py
[2025-02-12T05:34:05.380+0000] {processor.py:914} INFO - Processing file /home/airflow/.local/lib/python3.12/site-packages/airflow/example_dags/example_sensors.py for tasks to queue
[2025-02-12T05:34:05.382+0000] {logging_mixin.py:190} INFO - [2025-02-12T05:34:05.381+0000] {dagbag.py:588} INFO - Filling up the DagBag from /home/airflow/.local/lib/python3.12/site-packages/airflow/example_dags/example_sensors.py
[2025-02-12T05:34:05.392+0000] {processor.py:925} INFO - DAG(s) 'example_sensors' retrieved from /home/airflow/.local/lib/python3.12/site-packages/airflow/example_dags/example_sensors.py
[2025-02-12T05:34:05.416+0000] {logging_mixin.py:190} INFO - [2025-02-12T05:34:05.416+0000] {dag.py:3239} INFO - Sync 1 DAGs
[2025-02-12T05:34:05.429+0000] {logging_mixin.py:190} INFO - [2025-02-12T05:34:05.429+0000] {dag.py:4180} INFO - Setting next_dagrun for example_sensors to None, run_after=None
[2025-02-12T05:34:05.445+0000] {processor.py:208} INFO - Processing /home/airflow/.local/lib/python3.12/site-packages/airflow/example_dags/example_sensors.py took 0.072 seconds
[2025-02-12T05:34:35.613+0000] {processor.py:186} INFO - Started process (PID=3884) to work on /home/airflow/.local/lib/python3.12/site-packages/airflow/example_dags/example_sensors.py
[2025-02-12T05:34:35.614+0000] {processor.py:914} INFO - Processing file /home/airflow/.local/lib/python3.12/site-packages/airflow/example_dags/example_sensors.py for tasks to queue
[2025-02-12T05:34:35.616+0000] {logging_mixin.py:190} INFO - [2025-02-12T05:34:35.615+0000] {dagbag.py:588} INFO - Filling up the DagBag from /home/airflow/.local/lib/python3.12/site-packages/airflow/example_dags/example_sensors.py
[2025-02-12T05:34:35.626+0000] {processor.py:925} INFO - DAG(s) 'example_sensors' retrieved from /home/airflow/.local/lib/python3.12/site-packages/airflow/example_dags/example_sensors.py
[2025-02-12T05:34:35.651+0000] {logging_mixin.py:190} INFO - [2025-02-12T05:34:35.651+0000] {dag.py:3239} INFO - Sync 1 DAGs
[2025-02-12T05:34:35.667+0000] {logging_mixin.py:190} INFO - [2025-02-12T05:34:35.667+0000] {dag.py:4180} INFO - Setting next_dagrun for example_sensors to None, run_after=None
[2025-02-12T05:34:35.685+0000] {processor.py:208} INFO - Processing /home/airflow/.local/lib/python3.12/site-packages/airflow/example_dags/example_sensors.py took 0.078 seconds
[2025-02-12T05:35:05.902+0000] {processor.py:186} INFO - Started process (PID=3950) to work on /home/airflow/.local/lib/python3.12/site-packages/airflow/example_dags/example_sensors.py
[2025-02-12T05:35:05.903+0000] {processor.py:914} INFO - Processing file /home/airflow/.local/lib/python3.12/site-packages/airflow/example_dags/example_sensors.py for tasks to queue
[2025-02-12T05:35:05.905+0000] {logging_mixin.py:190} INFO - [2025-02-12T05:35:05.905+0000] {dagbag.py:588} INFO - Filling up the DagBag from /home/airflow/.local/lib/python3.12/site-packages/airflow/example_dags/example_sensors.py
[2025-02-12T05:35:05.915+0000] {processor.py:925} INFO - DAG(s) 'example_sensors' retrieved from /home/airflow/.local/lib/python3.12/site-packages/airflow/example_dags/example_sensors.py
[2025-02-12T05:35:05.939+0000] {logging_mixin.py:190} INFO - [2025-02-12T05:35:05.939+0000] {dag.py:3239} INFO - Sync 1 DAGs
[2025-02-12T05:35:05.953+0000] {logging_mixin.py:190} INFO - [2025-02-12T05:35:05.952+0000] {dag.py:4180} INFO - Setting next_dagrun for example_sensors to None, run_after=None
[2025-02-12T05:35:05.968+0000] {processor.py:208} INFO - Processing /home/airflow/.local/lib/python3.12/site-packages/airflow/example_dags/example_sensors.py took 0.071 seconds
[2025-02-12T05:35:36.372+0000] {processor.py:186} INFO - Started process (PID=4016) to work on /home/airflow/.local/lib/python3.12/site-packages/airflow/example_dags/example_sensors.py
[2025-02-12T05:35:36.373+0000] {processor.py:914} INFO - Processing file /home/airflow/.local/lib/python3.12/site-packages/airflow/example_dags/example_sensors.py for tasks to queue
[2025-02-12T05:35:36.375+0000] {logging_mixin.py:190} INFO - [2025-02-12T05:35:36.375+0000] {dagbag.py:588} INFO - Filling up the DagBag from /home/airflow/.local/lib/python3.12/site-packages/airflow/example_dags/example_sensors.py
[2025-02-12T05:35:36.388+0000] {processor.py:925} INFO - DAG(s) 'example_sensors' retrieved from /home/airflow/.local/lib/python3.12/site-packages/airflow/example_dags/example_sensors.py
[2025-02-12T05:35:36.412+0000] {logging_mixin.py:190} INFO - [2025-02-12T05:35:36.412+0000] {dag.py:3239} INFO - Sync 1 DAGs
[2025-02-12T05:35:36.425+0000] {logging_mixin.py:190} INFO - [2025-02-12T05:35:36.425+0000] {dag.py:4180} INFO - Setting next_dagrun for example_sensors to None, run_after=None
[2025-02-12T05:35:36.443+0000] {processor.py:208} INFO - Processing /home/airflow/.local/lib/python3.12/site-packages/airflow/example_dags/example_sensors.py took 0.077 seconds
[2025-02-12T05:36:06.619+0000] {processor.py:186} INFO - Started process (PID=4082) to work on /home/airflow/.local/lib/python3.12/site-packages/airflow/example_dags/example_sensors.py
[2025-02-12T05:36:06.620+0000] {processor.py:914} INFO - Processing file /home/airflow/.local/lib/python3.12/site-packages/airflow/example_dags/example_sensors.py for tasks to queue
[2025-02-12T05:36:06.623+0000] {logging_mixin.py:190} INFO - [2025-02-12T05:36:06.623+0000] {dagbag.py:588} INFO - Filling up the DagBag from /home/airflow/.local/lib/python3.12/site-packages/airflow/example_dags/example_sensors.py
[2025-02-12T05:36:06.636+0000] {processor.py:925} INFO - DAG(s) 'example_sensors' retrieved from /home/airflow/.local/lib/python3.12/site-packages/airflow/example_dags/example_sensors.py
[2025-02-12T05:36:06.663+0000] {logging_mixin.py:190} INFO - [2025-02-12T05:36:06.663+0000] {dag.py:3239} INFO - Sync 1 DAGs
[2025-02-12T05:36:06.676+0000] {logging_mixin.py:190} INFO - [2025-02-12T05:36:06.676+0000] {dag.py:4180} INFO - Setting next_dagrun for example_sensors to None, run_after=None
[2025-02-12T05:36:06.692+0000] {processor.py:208} INFO - Processing /home/airflow/.local/lib/python3.12/site-packages/airflow/example_dags/example_sensors.py took 0.079 seconds
