[2025-02-12T05:05:30.000+0000] {processor.py:186} INFO - Started process (PID=104) to work on /home/airflow/.local/lib/python3.12/site-packages/airflow/example_dags/example_dag_decorator.py
[2025-02-12T05:05:30.002+0000] {processor.py:914} INFO - Processing file /home/airflow/.local/lib/python3.12/site-packages/airflow/example_dags/example_dag_decorator.py for tasks to queue
[2025-02-12T05:05:30.006+0000] {logging_mixin.py:190} INFO - [2025-02-12T05:05:30.005+0000] {dagbag.py:588} INFO - Filling up the DagBag from /home/airflow/.local/lib/python3.12/site-packages/airflow/example_dags/example_dag_decorator.py
[2025-02-12T05:05:30.032+0000] {processor.py:925} INFO - DAG(s) 'example_dag_decorator' retrieved from /home/airflow/.local/lib/python3.12/site-packages/airflow/example_dags/example_dag_decorator.py
[2025-02-12T05:05:30.295+0000] {logging_mixin.py:190} INFO - [2025-02-12T05:05:30.295+0000] {dag.py:3239} INFO - Sync 1 DAGs
[2025-02-12T05:05:30.319+0000] {logging_mixin.py:190} INFO - [2025-02-12T05:05:30.319+0000] {dag.py:4180} INFO - Setting next_dagrun for example_dag_decorator to None, run_after=None
[2025-02-12T05:05:30.351+0000] {processor.py:208} INFO - Processing /home/airflow/.local/lib/python3.12/site-packages/airflow/example_dags/example_dag_decorator.py took 0.362 seconds
[2025-02-12T05:06:00.459+0000] {processor.py:186} INFO - Started process (PID=174) to work on /home/airflow/.local/lib/python3.12/site-packages/airflow/example_dags/example_dag_decorator.py
[2025-02-12T05:06:00.460+0000] {processor.py:914} INFO - Processing file /home/airflow/.local/lib/python3.12/site-packages/airflow/example_dags/example_dag_decorator.py for tasks to queue
[2025-02-12T05:06:00.463+0000] {logging_mixin.py:190} INFO - [2025-02-12T05:06:00.463+0000] {dagbag.py:588} INFO - Filling up the DagBag from /home/airflow/.local/lib/python3.12/site-packages/airflow/example_dags/example_dag_decorator.py
[2025-02-12T05:06:00.481+0000] {processor.py:925} INFO - DAG(s) 'example_dag_decorator' retrieved from /home/airflow/.local/lib/python3.12/site-packages/airflow/example_dags/example_dag_decorator.py
[2025-02-12T05:06:00.514+0000] {logging_mixin.py:190} INFO - [2025-02-12T05:06:00.514+0000] {dag.py:3239} INFO - Sync 1 DAGs
[2025-02-12T05:06:00.537+0000] {logging_mixin.py:190} INFO - [2025-02-12T05:06:00.536+0000] {dag.py:4180} INFO - Setting next_dagrun for example_dag_decorator to None, run_after=None
[2025-02-12T05:06:00.561+0000] {processor.py:208} INFO - Processing /home/airflow/.local/lib/python3.12/site-packages/airflow/example_dags/example_dag_decorator.py took 0.113 seconds
[2025-02-12T05:06:31.540+0000] {processor.py:186} INFO - Started process (PID=240) to work on /home/airflow/.local/lib/python3.12/site-packages/airflow/example_dags/example_dag_decorator.py
[2025-02-12T05:06:31.541+0000] {processor.py:914} INFO - Processing file /home/airflow/.local/lib/python3.12/site-packages/airflow/example_dags/example_dag_decorator.py for tasks to queue
[2025-02-12T05:06:31.544+0000] {logging_mixin.py:190} INFO - [2025-02-12T05:06:31.544+0000] {dagbag.py:588} INFO - Filling up the DagBag from /home/airflow/.local/lib/python3.12/site-packages/airflow/example_dags/example_dag_decorator.py
[2025-02-12T05:06:31.561+0000] {processor.py:925} INFO - DAG(s) 'example_dag_decorator' retrieved from /home/airflow/.local/lib/python3.12/site-packages/airflow/example_dags/example_dag_decorator.py
[2025-02-12T05:06:31.745+0000] {logging_mixin.py:190} INFO - [2025-02-12T05:06:31.744+0000] {dag.py:3239} INFO - Sync 1 DAGs
[2025-02-12T05:06:31.764+0000] {logging_mixin.py:190} INFO - [2025-02-12T05:06:31.764+0000] {dag.py:4180} INFO - Setting next_dagrun for example_dag_decorator to None, run_after=None
[2025-02-12T05:06:31.791+0000] {processor.py:208} INFO - Processing /home/airflow/.local/lib/python3.12/site-packages/airflow/example_dags/example_dag_decorator.py took 0.259 seconds
[2025-02-12T05:07:02.997+0000] {processor.py:186} INFO - Started process (PID=306) to work on /home/airflow/.local/lib/python3.12/site-packages/airflow/example_dags/example_dag_decorator.py
[2025-02-12T05:07:02.999+0000] {processor.py:914} INFO - Processing file /home/airflow/.local/lib/python3.12/site-packages/airflow/example_dags/example_dag_decorator.py for tasks to queue
[2025-02-12T05:07:03.002+0000] {logging_mixin.py:190} INFO - [2025-02-12T05:07:03.002+0000] {dagbag.py:588} INFO - Filling up the DagBag from /home/airflow/.local/lib/python3.12/site-packages/airflow/example_dags/example_dag_decorator.py
[2025-02-12T05:07:03.023+0000] {processor.py:925} INFO - DAG(s) 'example_dag_decorator' retrieved from /home/airflow/.local/lib/python3.12/site-packages/airflow/example_dags/example_dag_decorator.py
[2025-02-12T05:07:03.228+0000] {logging_mixin.py:190} INFO - [2025-02-12T05:07:03.228+0000] {dag.py:3239} INFO - Sync 1 DAGs
[2025-02-12T05:07:03.242+0000] {logging_mixin.py:190} INFO - [2025-02-12T05:07:03.242+0000] {dag.py:4180} INFO - Setting next_dagrun for example_dag_decorator to None, run_after=None
[2025-02-12T05:07:03.274+0000] {processor.py:208} INFO - Processing /home/airflow/.local/lib/python3.12/site-packages/airflow/example_dags/example_dag_decorator.py took 0.286 seconds
[2025-02-12T05:07:34.107+0000] {processor.py:186} INFO - Started process (PID=372) to work on /home/airflow/.local/lib/python3.12/site-packages/airflow/example_dags/example_dag_decorator.py
[2025-02-12T05:07:34.108+0000] {processor.py:914} INFO - Processing file /home/airflow/.local/lib/python3.12/site-packages/airflow/example_dags/example_dag_decorator.py for tasks to queue
[2025-02-12T05:07:34.111+0000] {logging_mixin.py:190} INFO - [2025-02-12T05:07:34.111+0000] {dagbag.py:588} INFO - Filling up the DagBag from /home/airflow/.local/lib/python3.12/site-packages/airflow/example_dags/example_dag_decorator.py
[2025-02-12T05:07:34.130+0000] {processor.py:925} INFO - DAG(s) 'example_dag_decorator' retrieved from /home/airflow/.local/lib/python3.12/site-packages/airflow/example_dags/example_dag_decorator.py
[2025-02-12T05:07:34.302+0000] {logging_mixin.py:190} INFO - [2025-02-12T05:07:34.301+0000] {dag.py:3239} INFO - Sync 1 DAGs
[2025-02-12T05:07:34.318+0000] {logging_mixin.py:190} INFO - [2025-02-12T05:07:34.317+0000] {dag.py:4180} INFO - Setting next_dagrun for example_dag_decorator to None, run_after=None
[2025-02-12T05:07:34.346+0000] {processor.py:208} INFO - Processing /home/airflow/.local/lib/python3.12/site-packages/airflow/example_dags/example_dag_decorator.py took 0.250 seconds
[2025-02-12T05:08:05.778+0000] {processor.py:186} INFO - Started process (PID=439) to work on /home/airflow/.local/lib/python3.12/site-packages/airflow/example_dags/example_dag_decorator.py
[2025-02-12T05:08:05.780+0000] {processor.py:914} INFO - Processing file /home/airflow/.local/lib/python3.12/site-packages/airflow/example_dags/example_dag_decorator.py for tasks to queue
[2025-02-12T05:08:05.785+0000] {logging_mixin.py:190} INFO - [2025-02-12T05:08:05.784+0000] {dagbag.py:588} INFO - Filling up the DagBag from /home/airflow/.local/lib/python3.12/site-packages/airflow/example_dags/example_dag_decorator.py
[2025-02-12T05:08:05.807+0000] {processor.py:925} INFO - DAG(s) 'example_dag_decorator' retrieved from /home/airflow/.local/lib/python3.12/site-packages/airflow/example_dags/example_dag_decorator.py
[2025-02-12T05:08:05.996+0000] {logging_mixin.py:190} INFO - [2025-02-12T05:08:05.995+0000] {dag.py:3239} INFO - Sync 1 DAGs
[2025-02-12T05:08:06.011+0000] {logging_mixin.py:190} INFO - [2025-02-12T05:08:06.011+0000] {dag.py:4180} INFO - Setting next_dagrun for example_dag_decorator to None, run_after=None
[2025-02-12T05:08:06.038+0000] {processor.py:208} INFO - Processing /home/airflow/.local/lib/python3.12/site-packages/airflow/example_dags/example_dag_decorator.py took 0.271 seconds
[2025-02-12T05:08:36.353+0000] {processor.py:186} INFO - Started process (PID=507) to work on /home/airflow/.local/lib/python3.12/site-packages/airflow/example_dags/example_dag_decorator.py
[2025-02-12T05:08:36.355+0000] {processor.py:914} INFO - Processing file /home/airflow/.local/lib/python3.12/site-packages/airflow/example_dags/example_dag_decorator.py for tasks to queue
[2025-02-12T05:08:36.360+0000] {logging_mixin.py:190} INFO - [2025-02-12T05:08:36.359+0000] {dagbag.py:588} INFO - Filling up the DagBag from /home/airflow/.local/lib/python3.12/site-packages/airflow/example_dags/example_dag_decorator.py
[2025-02-12T05:08:36.381+0000] {processor.py:925} INFO - DAG(s) 'example_dag_decorator' retrieved from /home/airflow/.local/lib/python3.12/site-packages/airflow/example_dags/example_dag_decorator.py
[2025-02-12T05:08:36.615+0000] {logging_mixin.py:190} INFO - [2025-02-12T05:08:36.615+0000] {dag.py:3239} INFO - Sync 1 DAGs
[2025-02-12T05:08:36.637+0000] {logging_mixin.py:190} INFO - [2025-02-12T05:08:36.636+0000] {dag.py:4180} INFO - Setting next_dagrun for example_dag_decorator to None, run_after=None
[2025-02-12T05:08:36.675+0000] {processor.py:208} INFO - Processing /home/airflow/.local/lib/python3.12/site-packages/airflow/example_dags/example_dag_decorator.py took 0.332 seconds
[2025-02-12T05:09:07.528+0000] {processor.py:186} INFO - Started process (PID=572) to work on /home/airflow/.local/lib/python3.12/site-packages/airflow/example_dags/example_dag_decorator.py
[2025-02-12T05:09:07.530+0000] {processor.py:914} INFO - Processing file /home/airflow/.local/lib/python3.12/site-packages/airflow/example_dags/example_dag_decorator.py for tasks to queue
[2025-02-12T05:09:07.533+0000] {logging_mixin.py:190} INFO - [2025-02-12T05:09:07.532+0000] {dagbag.py:588} INFO - Filling up the DagBag from /home/airflow/.local/lib/python3.12/site-packages/airflow/example_dags/example_dag_decorator.py
[2025-02-12T05:09:07.547+0000] {processor.py:925} INFO - DAG(s) 'example_dag_decorator' retrieved from /home/airflow/.local/lib/python3.12/site-packages/airflow/example_dags/example_dag_decorator.py
[2025-02-12T05:09:07.671+0000] {logging_mixin.py:190} INFO - [2025-02-12T05:09:07.670+0000] {dag.py:3239} INFO - Sync 1 DAGs
[2025-02-12T05:09:07.682+0000] {logging_mixin.py:190} INFO - [2025-02-12T05:09:07.682+0000] {dag.py:4180} INFO - Setting next_dagrun for example_dag_decorator to None, run_after=None
[2025-02-12T05:09:07.712+0000] {processor.py:208} INFO - Processing /home/airflow/.local/lib/python3.12/site-packages/airflow/example_dags/example_dag_decorator.py took 0.190 seconds
[2025-02-12T05:09:37.885+0000] {processor.py:186} INFO - Started process (PID=637) to work on /home/airflow/.local/lib/python3.12/site-packages/airflow/example_dags/example_dag_decorator.py
[2025-02-12T05:09:37.886+0000] {processor.py:914} INFO - Processing file /home/airflow/.local/lib/python3.12/site-packages/airflow/example_dags/example_dag_decorator.py for tasks to queue
[2025-02-12T05:09:37.888+0000] {logging_mixin.py:190} INFO - [2025-02-12T05:09:37.888+0000] {dagbag.py:588} INFO - Filling up the DagBag from /home/airflow/.local/lib/python3.12/site-packages/airflow/example_dags/example_dag_decorator.py
[2025-02-12T05:09:37.900+0000] {processor.py:925} INFO - DAG(s) 'example_dag_decorator' retrieved from /home/airflow/.local/lib/python3.12/site-packages/airflow/example_dags/example_dag_decorator.py
[2025-02-12T05:09:38.021+0000] {logging_mixin.py:190} INFO - [2025-02-12T05:09:38.020+0000] {dag.py:3239} INFO - Sync 1 DAGs
[2025-02-12T05:09:38.032+0000] {logging_mixin.py:190} INFO - [2025-02-12T05:09:38.032+0000] {dag.py:4180} INFO - Setting next_dagrun for example_dag_decorator to None, run_after=None
[2025-02-12T05:09:38.058+0000] {processor.py:208} INFO - Processing /home/airflow/.local/lib/python3.12/site-packages/airflow/example_dags/example_dag_decorator.py took 0.180 seconds
[2025-02-12T05:10:08.178+0000] {processor.py:186} INFO - Started process (PID=703) to work on /home/airflow/.local/lib/python3.12/site-packages/airflow/example_dags/example_dag_decorator.py
[2025-02-12T05:10:08.179+0000] {processor.py:914} INFO - Processing file /home/airflow/.local/lib/python3.12/site-packages/airflow/example_dags/example_dag_decorator.py for tasks to queue
[2025-02-12T05:10:08.182+0000] {logging_mixin.py:190} INFO - [2025-02-12T05:10:08.182+0000] {dagbag.py:588} INFO - Filling up the DagBag from /home/airflow/.local/lib/python3.12/site-packages/airflow/example_dags/example_dag_decorator.py
[2025-02-12T05:10:08.200+0000] {processor.py:925} INFO - DAG(s) 'example_dag_decorator' retrieved from /home/airflow/.local/lib/python3.12/site-packages/airflow/example_dags/example_dag_decorator.py
[2025-02-12T05:10:08.356+0000] {logging_mixin.py:190} INFO - [2025-02-12T05:10:08.356+0000] {dag.py:3239} INFO - Sync 1 DAGs
[2025-02-12T05:10:08.368+0000] {logging_mixin.py:190} INFO - [2025-02-12T05:10:08.368+0000] {dag.py:4180} INFO - Setting next_dagrun for example_dag_decorator to None, run_after=None
[2025-02-12T05:10:08.397+0000] {processor.py:208} INFO - Processing /home/airflow/.local/lib/python3.12/site-packages/airflow/example_dags/example_dag_decorator.py took 0.224 seconds
[2025-02-12T05:10:38.673+0000] {processor.py:186} INFO - Started process (PID=768) to work on /home/airflow/.local/lib/python3.12/site-packages/airflow/example_dags/example_dag_decorator.py
[2025-02-12T05:10:38.674+0000] {processor.py:914} INFO - Processing file /home/airflow/.local/lib/python3.12/site-packages/airflow/example_dags/example_dag_decorator.py for tasks to queue
[2025-02-12T05:10:38.676+0000] {logging_mixin.py:190} INFO - [2025-02-12T05:10:38.676+0000] {dagbag.py:588} INFO - Filling up the DagBag from /home/airflow/.local/lib/python3.12/site-packages/airflow/example_dags/example_dag_decorator.py
[2025-02-12T05:10:38.690+0000] {processor.py:925} INFO - DAG(s) 'example_dag_decorator' retrieved from /home/airflow/.local/lib/python3.12/site-packages/airflow/example_dags/example_dag_decorator.py
[2025-02-12T05:10:38.833+0000] {logging_mixin.py:190} INFO - [2025-02-12T05:10:38.832+0000] {dag.py:3239} INFO - Sync 1 DAGs
[2025-02-12T05:10:38.847+0000] {logging_mixin.py:190} INFO - [2025-02-12T05:10:38.847+0000] {dag.py:4180} INFO - Setting next_dagrun for example_dag_decorator to None, run_after=None
[2025-02-12T05:10:38.881+0000] {processor.py:208} INFO - Processing /home/airflow/.local/lib/python3.12/site-packages/airflow/example_dags/example_dag_decorator.py took 0.213 seconds
[2025-02-12T05:11:08.979+0000] {processor.py:186} INFO - Started process (PID=833) to work on /home/airflow/.local/lib/python3.12/site-packages/airflow/example_dags/example_dag_decorator.py
[2025-02-12T05:11:08.988+0000] {processor.py:914} INFO - Processing file /home/airflow/.local/lib/python3.12/site-packages/airflow/example_dags/example_dag_decorator.py for tasks to queue
[2025-02-12T05:11:08.990+0000] {logging_mixin.py:190} INFO - [2025-02-12T05:11:08.990+0000] {dagbag.py:588} INFO - Filling up the DagBag from /home/airflow/.local/lib/python3.12/site-packages/airflow/example_dags/example_dag_decorator.py
[2025-02-12T05:11:09.005+0000] {processor.py:925} INFO - DAG(s) 'example_dag_decorator' retrieved from /home/airflow/.local/lib/python3.12/site-packages/airflow/example_dags/example_dag_decorator.py
[2025-02-12T05:11:09.141+0000] {logging_mixin.py:190} INFO - [2025-02-12T05:11:09.140+0000] {dag.py:3239} INFO - Sync 1 DAGs
[2025-02-12T05:11:09.152+0000] {logging_mixin.py:190} INFO - [2025-02-12T05:11:09.152+0000] {dag.py:4180} INFO - Setting next_dagrun for example_dag_decorator to None, run_after=None
[2025-02-12T05:11:09.175+0000] {processor.py:208} INFO - Processing /home/airflow/.local/lib/python3.12/site-packages/airflow/example_dags/example_dag_decorator.py took 0.201 seconds
[2025-02-12T05:11:39.668+0000] {processor.py:186} INFO - Started process (PID=899) to work on /home/airflow/.local/lib/python3.12/site-packages/airflow/example_dags/example_dag_decorator.py
[2025-02-12T05:11:39.669+0000] {processor.py:914} INFO - Processing file /home/airflow/.local/lib/python3.12/site-packages/airflow/example_dags/example_dag_decorator.py for tasks to queue
[2025-02-12T05:11:39.673+0000] {logging_mixin.py:190} INFO - [2025-02-12T05:11:39.673+0000] {dagbag.py:588} INFO - Filling up the DagBag from /home/airflow/.local/lib/python3.12/site-packages/airflow/example_dags/example_dag_decorator.py
[2025-02-12T05:11:39.689+0000] {processor.py:925} INFO - DAG(s) 'example_dag_decorator' retrieved from /home/airflow/.local/lib/python3.12/site-packages/airflow/example_dags/example_dag_decorator.py
[2025-02-12T05:11:39.860+0000] {logging_mixin.py:190} INFO - [2025-02-12T05:11:39.859+0000] {dag.py:3239} INFO - Sync 1 DAGs
[2025-02-12T05:11:39.875+0000] {logging_mixin.py:190} INFO - [2025-02-12T05:11:39.875+0000] {dag.py:4180} INFO - Setting next_dagrun for example_dag_decorator to None, run_after=None
[2025-02-12T05:11:39.904+0000] {processor.py:208} INFO - Processing /home/airflow/.local/lib/python3.12/site-packages/airflow/example_dags/example_dag_decorator.py took 0.242 seconds
[2025-02-12T05:12:10.174+0000] {processor.py:186} INFO - Started process (PID=964) to work on /home/airflow/.local/lib/python3.12/site-packages/airflow/example_dags/example_dag_decorator.py
[2025-02-12T05:12:10.183+0000] {processor.py:914} INFO - Processing file /home/airflow/.local/lib/python3.12/site-packages/airflow/example_dags/example_dag_decorator.py for tasks to queue
[2025-02-12T05:12:10.186+0000] {logging_mixin.py:190} INFO - [2025-02-12T05:12:10.186+0000] {dagbag.py:588} INFO - Filling up the DagBag from /home/airflow/.local/lib/python3.12/site-packages/airflow/example_dags/example_dag_decorator.py
[2025-02-12T05:12:10.199+0000] {processor.py:925} INFO - DAG(s) 'example_dag_decorator' retrieved from /home/airflow/.local/lib/python3.12/site-packages/airflow/example_dags/example_dag_decorator.py
[2025-02-12T05:12:10.357+0000] {logging_mixin.py:190} INFO - [2025-02-12T05:12:10.357+0000] {dag.py:3239} INFO - Sync 1 DAGs
[2025-02-12T05:12:10.375+0000] {logging_mixin.py:190} INFO - [2025-02-12T05:12:10.374+0000] {dag.py:4180} INFO - Setting next_dagrun for example_dag_decorator to None, run_after=None
[2025-02-12T05:12:10.404+0000] {processor.py:208} INFO - Processing /home/airflow/.local/lib/python3.12/site-packages/airflow/example_dags/example_dag_decorator.py took 0.239 seconds
[2025-02-12T05:12:41.214+0000] {processor.py:186} INFO - Started process (PID=1029) to work on /home/airflow/.local/lib/python3.12/site-packages/airflow/example_dags/example_dag_decorator.py
[2025-02-12T05:12:41.215+0000] {processor.py:914} INFO - Processing file /home/airflow/.local/lib/python3.12/site-packages/airflow/example_dags/example_dag_decorator.py for tasks to queue
[2025-02-12T05:12:41.218+0000] {logging_mixin.py:190} INFO - [2025-02-12T05:12:41.218+0000] {dagbag.py:588} INFO - Filling up the DagBag from /home/airflow/.local/lib/python3.12/site-packages/airflow/example_dags/example_dag_decorator.py
[2025-02-12T05:12:41.234+0000] {processor.py:925} INFO - DAG(s) 'example_dag_decorator' retrieved from /home/airflow/.local/lib/python3.12/site-packages/airflow/example_dags/example_dag_decorator.py
[2025-02-12T05:12:41.269+0000] {logging_mixin.py:190} INFO - [2025-02-12T05:12:41.269+0000] {dag.py:3239} INFO - Sync 1 DAGs
[2025-02-12T05:12:41.287+0000] {logging_mixin.py:190} INFO - [2025-02-12T05:12:41.287+0000] {dag.py:4180} INFO - Setting next_dagrun for example_dag_decorator to None, run_after=None
[2025-02-12T05:12:41.313+0000] {processor.py:208} INFO - Processing /home/airflow/.local/lib/python3.12/site-packages/airflow/example_dags/example_dag_decorator.py took 0.108 seconds
[2025-02-12T05:13:12.020+0000] {processor.py:186} INFO - Started process (PID=1095) to work on /home/airflow/.local/lib/python3.12/site-packages/airflow/example_dags/example_dag_decorator.py
[2025-02-12T05:13:12.021+0000] {processor.py:914} INFO - Processing file /home/airflow/.local/lib/python3.12/site-packages/airflow/example_dags/example_dag_decorator.py for tasks to queue
[2025-02-12T05:13:12.024+0000] {logging_mixin.py:190} INFO - [2025-02-12T05:13:12.024+0000] {dagbag.py:588} INFO - Filling up the DagBag from /home/airflow/.local/lib/python3.12/site-packages/airflow/example_dags/example_dag_decorator.py
[2025-02-12T05:13:12.042+0000] {processor.py:925} INFO - DAG(s) 'example_dag_decorator' retrieved from /home/airflow/.local/lib/python3.12/site-packages/airflow/example_dags/example_dag_decorator.py
[2025-02-12T05:13:12.224+0000] {logging_mixin.py:190} INFO - [2025-02-12T05:13:12.223+0000] {dag.py:3239} INFO - Sync 1 DAGs
[2025-02-12T05:13:12.246+0000] {logging_mixin.py:190} INFO - [2025-02-12T05:13:12.246+0000] {dag.py:4180} INFO - Setting next_dagrun for example_dag_decorator to None, run_after=None
[2025-02-12T05:13:12.279+0000] {processor.py:208} INFO - Processing /home/airflow/.local/lib/python3.12/site-packages/airflow/example_dags/example_dag_decorator.py took 0.266 seconds
[2025-02-12T05:13:42.786+0000] {processor.py:186} INFO - Started process (PID=1161) to work on /home/airflow/.local/lib/python3.12/site-packages/airflow/example_dags/example_dag_decorator.py
[2025-02-12T05:13:42.795+0000] {processor.py:914} INFO - Processing file /home/airflow/.local/lib/python3.12/site-packages/airflow/example_dags/example_dag_decorator.py for tasks to queue
[2025-02-12T05:13:42.797+0000] {logging_mixin.py:190} INFO - [2025-02-12T05:13:42.797+0000] {dagbag.py:588} INFO - Filling up the DagBag from /home/airflow/.local/lib/python3.12/site-packages/airflow/example_dags/example_dag_decorator.py
[2025-02-12T05:13:42.810+0000] {processor.py:925} INFO - DAG(s) 'example_dag_decorator' retrieved from /home/airflow/.local/lib/python3.12/site-packages/airflow/example_dags/example_dag_decorator.py
[2025-02-12T05:13:42.967+0000] {logging_mixin.py:190} INFO - [2025-02-12T05:13:42.966+0000] {dag.py:3239} INFO - Sync 1 DAGs
[2025-02-12T05:13:42.986+0000] {logging_mixin.py:190} INFO - [2025-02-12T05:13:42.986+0000] {dag.py:4180} INFO - Setting next_dagrun for example_dag_decorator to None, run_after=None
[2025-02-12T05:13:43.017+0000] {processor.py:208} INFO - Processing /home/airflow/.local/lib/python3.12/site-packages/airflow/example_dags/example_dag_decorator.py took 0.238 seconds
[2025-02-12T05:14:13.448+0000] {processor.py:186} INFO - Started process (PID=1227) to work on /home/airflow/.local/lib/python3.12/site-packages/airflow/example_dags/example_dag_decorator.py
[2025-02-12T05:14:13.450+0000] {processor.py:914} INFO - Processing file /home/airflow/.local/lib/python3.12/site-packages/airflow/example_dags/example_dag_decorator.py for tasks to queue
[2025-02-12T05:14:13.452+0000] {logging_mixin.py:190} INFO - [2025-02-12T05:14:13.452+0000] {dagbag.py:588} INFO - Filling up the DagBag from /home/airflow/.local/lib/python3.12/site-packages/airflow/example_dags/example_dag_decorator.py
[2025-02-12T05:14:13.466+0000] {processor.py:925} INFO - DAG(s) 'example_dag_decorator' retrieved from /home/airflow/.local/lib/python3.12/site-packages/airflow/example_dags/example_dag_decorator.py
[2025-02-12T05:14:13.507+0000] {logging_mixin.py:190} INFO - [2025-02-12T05:14:13.506+0000] {dag.py:3239} INFO - Sync 1 DAGs
[2025-02-12T05:14:13.537+0000] {logging_mixin.py:190} INFO - [2025-02-12T05:14:13.536+0000] {dag.py:4180} INFO - Setting next_dagrun for example_dag_decorator to None, run_after=None
[2025-02-12T05:14:13.579+0000] {processor.py:208} INFO - Processing /home/airflow/.local/lib/python3.12/site-packages/airflow/example_dags/example_dag_decorator.py took 0.136 seconds
[2025-02-12T05:14:43.649+0000] {processor.py:186} INFO - Started process (PID=1293) to work on /home/airflow/.local/lib/python3.12/site-packages/airflow/example_dags/example_dag_decorator.py
[2025-02-12T05:14:43.650+0000] {processor.py:914} INFO - Processing file /home/airflow/.local/lib/python3.12/site-packages/airflow/example_dags/example_dag_decorator.py for tasks to queue
[2025-02-12T05:14:43.653+0000] {logging_mixin.py:190} INFO - [2025-02-12T05:14:43.653+0000] {dagbag.py:588} INFO - Filling up the DagBag from /home/airflow/.local/lib/python3.12/site-packages/airflow/example_dags/example_dag_decorator.py
[2025-02-12T05:14:43.668+0000] {processor.py:925} INFO - DAG(s) 'example_dag_decorator' retrieved from /home/airflow/.local/lib/python3.12/site-packages/airflow/example_dags/example_dag_decorator.py
[2025-02-12T05:14:43.819+0000] {logging_mixin.py:190} INFO - [2025-02-12T05:14:43.818+0000] {dag.py:3239} INFO - Sync 1 DAGs
[2025-02-12T05:14:43.838+0000] {logging_mixin.py:190} INFO - [2025-02-12T05:14:43.837+0000] {dag.py:4180} INFO - Setting next_dagrun for example_dag_decorator to None, run_after=None
[2025-02-12T05:14:43.861+0000] {processor.py:208} INFO - Processing /home/airflow/.local/lib/python3.12/site-packages/airflow/example_dags/example_dag_decorator.py took 0.217 seconds
[2025-02-12T05:15:14.520+0000] {processor.py:186} INFO - Started process (PID=1359) to work on /home/airflow/.local/lib/python3.12/site-packages/airflow/example_dags/example_dag_decorator.py
[2025-02-12T05:15:14.521+0000] {processor.py:914} INFO - Processing file /home/airflow/.local/lib/python3.12/site-packages/airflow/example_dags/example_dag_decorator.py for tasks to queue
[2025-02-12T05:15:14.523+0000] {logging_mixin.py:190} INFO - [2025-02-12T05:15:14.523+0000] {dagbag.py:588} INFO - Filling up the DagBag from /home/airflow/.local/lib/python3.12/site-packages/airflow/example_dags/example_dag_decorator.py
[2025-02-12T05:15:14.541+0000] {processor.py:925} INFO - DAG(s) 'example_dag_decorator' retrieved from /home/airflow/.local/lib/python3.12/site-packages/airflow/example_dags/example_dag_decorator.py
[2025-02-12T05:15:14.709+0000] {logging_mixin.py:190} INFO - [2025-02-12T05:15:14.709+0000] {dag.py:3239} INFO - Sync 1 DAGs
[2025-02-12T05:15:14.994+0000] {logging_mixin.py:190} INFO - [2025-02-12T05:15:14.994+0000] {dag.py:4180} INFO - Setting next_dagrun for example_dag_decorator to None, run_after=None
[2025-02-12T05:15:15.017+0000] {processor.py:208} INFO - Processing /home/airflow/.local/lib/python3.12/site-packages/airflow/example_dags/example_dag_decorator.py took 0.505 seconds
[2025-02-12T05:15:45.849+0000] {processor.py:186} INFO - Started process (PID=1427) to work on /home/airflow/.local/lib/python3.12/site-packages/airflow/example_dags/example_dag_decorator.py
[2025-02-12T05:15:45.850+0000] {processor.py:914} INFO - Processing file /home/airflow/.local/lib/python3.12/site-packages/airflow/example_dags/example_dag_decorator.py for tasks to queue
[2025-02-12T05:15:45.854+0000] {logging_mixin.py:190} INFO - [2025-02-12T05:15:45.853+0000] {dagbag.py:588} INFO - Filling up the DagBag from /home/airflow/.local/lib/python3.12/site-packages/airflow/example_dags/example_dag_decorator.py
[2025-02-12T05:15:45.870+0000] {processor.py:925} INFO - DAG(s) 'example_dag_decorator' retrieved from /home/airflow/.local/lib/python3.12/site-packages/airflow/example_dags/example_dag_decorator.py
[2025-02-12T05:15:46.014+0000] {logging_mixin.py:190} INFO - [2025-02-12T05:15:46.014+0000] {dag.py:3239} INFO - Sync 1 DAGs
[2025-02-12T05:15:46.336+0000] {logging_mixin.py:190} INFO - [2025-02-12T05:15:46.336+0000] {dag.py:4180} INFO - Setting next_dagrun for example_dag_decorator to None, run_after=None
[2025-02-12T05:15:46.364+0000] {processor.py:208} INFO - Processing /home/airflow/.local/lib/python3.12/site-packages/airflow/example_dags/example_dag_decorator.py took 0.520 seconds
[2025-02-12T05:16:16.797+0000] {processor.py:186} INFO - Started process (PID=1499) to work on /home/airflow/.local/lib/python3.12/site-packages/airflow/example_dags/example_dag_decorator.py
[2025-02-12T05:16:16.798+0000] {processor.py:914} INFO - Processing file /home/airflow/.local/lib/python3.12/site-packages/airflow/example_dags/example_dag_decorator.py for tasks to queue
[2025-02-12T05:16:16.802+0000] {logging_mixin.py:190} INFO - [2025-02-12T05:16:16.801+0000] {dagbag.py:588} INFO - Filling up the DagBag from /home/airflow/.local/lib/python3.12/site-packages/airflow/example_dags/example_dag_decorator.py
[2025-02-12T05:16:16.816+0000] {processor.py:925} INFO - DAG(s) 'example_dag_decorator' retrieved from /home/airflow/.local/lib/python3.12/site-packages/airflow/example_dags/example_dag_decorator.py
[2025-02-12T05:16:16.966+0000] {logging_mixin.py:190} INFO - [2025-02-12T05:16:16.966+0000] {dag.py:3239} INFO - Sync 1 DAGs
[2025-02-12T05:16:17.264+0000] {logging_mixin.py:190} INFO - [2025-02-12T05:16:17.264+0000] {dag.py:4180} INFO - Setting next_dagrun for example_dag_decorator to None, run_after=None
[2025-02-12T05:16:17.291+0000] {processor.py:208} INFO - Processing /home/airflow/.local/lib/python3.12/site-packages/airflow/example_dags/example_dag_decorator.py took 0.501 seconds
[2025-02-12T05:16:47.479+0000] {processor.py:186} INFO - Started process (PID=1566) to work on /home/airflow/.local/lib/python3.12/site-packages/airflow/example_dags/example_dag_decorator.py
[2025-02-12T05:16:47.480+0000] {processor.py:914} INFO - Processing file /home/airflow/.local/lib/python3.12/site-packages/airflow/example_dags/example_dag_decorator.py for tasks to queue
[2025-02-12T05:16:47.484+0000] {logging_mixin.py:190} INFO - [2025-02-12T05:16:47.484+0000] {dagbag.py:588} INFO - Filling up the DagBag from /home/airflow/.local/lib/python3.12/site-packages/airflow/example_dags/example_dag_decorator.py
[2025-02-12T05:16:47.503+0000] {processor.py:925} INFO - DAG(s) 'example_dag_decorator' retrieved from /home/airflow/.local/lib/python3.12/site-packages/airflow/example_dags/example_dag_decorator.py
[2025-02-12T05:16:47.533+0000] {logging_mixin.py:190} INFO - [2025-02-12T05:16:47.532+0000] {dag.py:3239} INFO - Sync 1 DAGs
[2025-02-12T05:16:47.554+0000] {logging_mixin.py:190} INFO - [2025-02-12T05:16:47.554+0000] {dag.py:4180} INFO - Setting next_dagrun for example_dag_decorator to None, run_after=None
[2025-02-12T05:16:47.578+0000] {processor.py:208} INFO - Processing /home/airflow/.local/lib/python3.12/site-packages/airflow/example_dags/example_dag_decorator.py took 0.108 seconds
[2025-02-12T05:17:18.409+0000] {processor.py:186} INFO - Started process (PID=1632) to work on /home/airflow/.local/lib/python3.12/site-packages/airflow/example_dags/example_dag_decorator.py
[2025-02-12T05:17:18.410+0000] {processor.py:914} INFO - Processing file /home/airflow/.local/lib/python3.12/site-packages/airflow/example_dags/example_dag_decorator.py for tasks to queue
[2025-02-12T05:17:18.413+0000] {logging_mixin.py:190} INFO - [2025-02-12T05:17:18.412+0000] {dagbag.py:588} INFO - Filling up the DagBag from /home/airflow/.local/lib/python3.12/site-packages/airflow/example_dags/example_dag_decorator.py
[2025-02-12T05:17:18.428+0000] {processor.py:925} INFO - DAG(s) 'example_dag_decorator' retrieved from /home/airflow/.local/lib/python3.12/site-packages/airflow/example_dags/example_dag_decorator.py
[2025-02-12T05:17:18.590+0000] {logging_mixin.py:190} INFO - [2025-02-12T05:17:18.589+0000] {dag.py:3239} INFO - Sync 1 DAGs
[2025-02-12T05:17:18.609+0000] {logging_mixin.py:190} INFO - [2025-02-12T05:17:18.608+0000] {dag.py:4180} INFO - Setting next_dagrun for example_dag_decorator to None, run_after=None
[2025-02-12T05:17:18.923+0000] {processor.py:208} INFO - Processing /home/airflow/.local/lib/python3.12/site-packages/airflow/example_dags/example_dag_decorator.py took 0.520 seconds
[2025-02-12T05:17:49.233+0000] {processor.py:186} INFO - Started process (PID=1698) to work on /home/airflow/.local/lib/python3.12/site-packages/airflow/example_dags/example_dag_decorator.py
[2025-02-12T05:17:49.235+0000] {processor.py:914} INFO - Processing file /home/airflow/.local/lib/python3.12/site-packages/airflow/example_dags/example_dag_decorator.py for tasks to queue
[2025-02-12T05:17:49.239+0000] {logging_mixin.py:190} INFO - [2025-02-12T05:17:49.238+0000] {dagbag.py:588} INFO - Filling up the DagBag from /home/airflow/.local/lib/python3.12/site-packages/airflow/example_dags/example_dag_decorator.py
[2025-02-12T05:17:49.256+0000] {processor.py:925} INFO - DAG(s) 'example_dag_decorator' retrieved from /home/airflow/.local/lib/python3.12/site-packages/airflow/example_dags/example_dag_decorator.py
[2025-02-12T05:17:49.447+0000] {logging_mixin.py:190} INFO - [2025-02-12T05:17:49.447+0000] {dag.py:3239} INFO - Sync 1 DAGs
[2025-02-12T05:17:49.462+0000] {logging_mixin.py:190} INFO - [2025-02-12T05:17:49.462+0000] {dag.py:4180} INFO - Setting next_dagrun for example_dag_decorator to None, run_after=None
[2025-02-12T05:17:49.488+0000] {processor.py:208} INFO - Processing /home/airflow/.local/lib/python3.12/site-packages/airflow/example_dags/example_dag_decorator.py took 0.263 seconds
[2025-02-12T05:18:19.778+0000] {processor.py:186} INFO - Started process (PID=1764) to work on /home/airflow/.local/lib/python3.12/site-packages/airflow/example_dags/example_dag_decorator.py
[2025-02-12T05:18:19.787+0000] {processor.py:914} INFO - Processing file /home/airflow/.local/lib/python3.12/site-packages/airflow/example_dags/example_dag_decorator.py for tasks to queue
[2025-02-12T05:18:19.790+0000] {logging_mixin.py:190} INFO - [2025-02-12T05:18:19.789+0000] {dagbag.py:588} INFO - Filling up the DagBag from /home/airflow/.local/lib/python3.12/site-packages/airflow/example_dags/example_dag_decorator.py
[2025-02-12T05:18:19.809+0000] {processor.py:925} INFO - DAG(s) 'example_dag_decorator' retrieved from /home/airflow/.local/lib/python3.12/site-packages/airflow/example_dags/example_dag_decorator.py
[2025-02-12T05:18:20.278+0000] {logging_mixin.py:190} INFO - [2025-02-12T05:18:20.277+0000] {dag.py:3239} INFO - Sync 1 DAGs
[2025-02-12T05:18:20.295+0000] {logging_mixin.py:190} INFO - [2025-02-12T05:18:20.294+0000] {dag.py:4180} INFO - Setting next_dagrun for example_dag_decorator to None, run_after=None
[2025-02-12T05:18:20.325+0000] {processor.py:208} INFO - Processing /home/airflow/.local/lib/python3.12/site-packages/airflow/example_dags/example_dag_decorator.py took 0.555 seconds
[2025-02-12T05:18:50.495+0000] {processor.py:186} INFO - Started process (PID=1833) to work on /home/airflow/.local/lib/python3.12/site-packages/airflow/example_dags/example_dag_decorator.py
[2025-02-12T05:18:50.496+0000] {processor.py:914} INFO - Processing file /home/airflow/.local/lib/python3.12/site-packages/airflow/example_dags/example_dag_decorator.py for tasks to queue
[2025-02-12T05:18:50.500+0000] {logging_mixin.py:190} INFO - [2025-02-12T05:18:50.500+0000] {dagbag.py:588} INFO - Filling up the DagBag from /home/airflow/.local/lib/python3.12/site-packages/airflow/example_dags/example_dag_decorator.py
[2025-02-12T05:18:50.518+0000] {processor.py:925} INFO - DAG(s) 'example_dag_decorator' retrieved from /home/airflow/.local/lib/python3.12/site-packages/airflow/example_dags/example_dag_decorator.py
[2025-02-12T05:18:50.934+0000] {logging_mixin.py:190} INFO - [2025-02-12T05:18:50.933+0000] {dag.py:3239} INFO - Sync 1 DAGs
[2025-02-12T05:18:50.950+0000] {logging_mixin.py:190} INFO - [2025-02-12T05:18:50.950+0000] {dag.py:4180} INFO - Setting next_dagrun for example_dag_decorator to None, run_after=None
[2025-02-12T05:18:50.975+0000] {processor.py:208} INFO - Processing /home/airflow/.local/lib/python3.12/site-packages/airflow/example_dags/example_dag_decorator.py took 0.488 seconds
[2025-02-12T05:19:21.377+0000] {processor.py:186} INFO - Started process (PID=1902) to work on /home/airflow/.local/lib/python3.12/site-packages/airflow/example_dags/example_dag_decorator.py
[2025-02-12T05:19:21.378+0000] {processor.py:914} INFO - Processing file /home/airflow/.local/lib/python3.12/site-packages/airflow/example_dags/example_dag_decorator.py for tasks to queue
[2025-02-12T05:19:21.381+0000] {logging_mixin.py:190} INFO - [2025-02-12T05:19:21.380+0000] {dagbag.py:588} INFO - Filling up the DagBag from /home/airflow/.local/lib/python3.12/site-packages/airflow/example_dags/example_dag_decorator.py
[2025-02-12T05:19:21.392+0000] {processor.py:925} INFO - DAG(s) 'example_dag_decorator' retrieved from /home/airflow/.local/lib/python3.12/site-packages/airflow/example_dags/example_dag_decorator.py
[2025-02-12T05:19:21.698+0000] {logging_mixin.py:190} INFO - [2025-02-12T05:19:21.697+0000] {dag.py:3239} INFO - Sync 1 DAGs
[2025-02-12T05:19:21.709+0000] {logging_mixin.py:190} INFO - [2025-02-12T05:19:21.709+0000] {dag.py:4180} INFO - Setting next_dagrun for example_dag_decorator to None, run_after=None
[2025-02-12T05:19:21.730+0000] {processor.py:208} INFO - Processing /home/airflow/.local/lib/python3.12/site-packages/airflow/example_dags/example_dag_decorator.py took 0.358 seconds
[2025-02-12T05:19:52.236+0000] {processor.py:186} INFO - Started process (PID=1967) to work on /home/airflow/.local/lib/python3.12/site-packages/airflow/example_dags/example_dag_decorator.py
[2025-02-12T05:19:52.237+0000] {processor.py:914} INFO - Processing file /home/airflow/.local/lib/python3.12/site-packages/airflow/example_dags/example_dag_decorator.py for tasks to queue
[2025-02-12T05:19:52.239+0000] {logging_mixin.py:190} INFO - [2025-02-12T05:19:52.239+0000] {dagbag.py:588} INFO - Filling up the DagBag from /home/airflow/.local/lib/python3.12/site-packages/airflow/example_dags/example_dag_decorator.py
[2025-02-12T05:19:52.251+0000] {processor.py:925} INFO - DAG(s) 'example_dag_decorator' retrieved from /home/airflow/.local/lib/python3.12/site-packages/airflow/example_dags/example_dag_decorator.py
[2025-02-12T05:19:52.519+0000] {logging_mixin.py:190} INFO - [2025-02-12T05:19:52.519+0000] {dag.py:3239} INFO - Sync 1 DAGs
[2025-02-12T05:19:52.529+0000] {logging_mixin.py:190} INFO - [2025-02-12T05:19:52.529+0000] {dag.py:4180} INFO - Setting next_dagrun for example_dag_decorator to None, run_after=None
[2025-02-12T05:19:52.545+0000] {processor.py:208} INFO - Processing /home/airflow/.local/lib/python3.12/site-packages/airflow/example_dags/example_dag_decorator.py took 0.314 seconds
[2025-02-12T05:20:22.656+0000] {processor.py:186} INFO - Started process (PID=2033) to work on /home/airflow/.local/lib/python3.12/site-packages/airflow/example_dags/example_dag_decorator.py
[2025-02-12T05:20:22.656+0000] {processor.py:914} INFO - Processing file /home/airflow/.local/lib/python3.12/site-packages/airflow/example_dags/example_dag_decorator.py for tasks to queue
[2025-02-12T05:20:22.658+0000] {logging_mixin.py:190} INFO - [2025-02-12T05:20:22.658+0000] {dagbag.py:588} INFO - Filling up the DagBag from /home/airflow/.local/lib/python3.12/site-packages/airflow/example_dags/example_dag_decorator.py
[2025-02-12T05:20:22.669+0000] {processor.py:925} INFO - DAG(s) 'example_dag_decorator' retrieved from /home/airflow/.local/lib/python3.12/site-packages/airflow/example_dags/example_dag_decorator.py
[2025-02-12T05:20:22.950+0000] {logging_mixin.py:190} INFO - [2025-02-12T05:20:22.949+0000] {dag.py:3239} INFO - Sync 1 DAGs
[2025-02-12T05:20:22.961+0000] {logging_mixin.py:190} INFO - [2025-02-12T05:20:22.960+0000] {dag.py:4180} INFO - Setting next_dagrun for example_dag_decorator to None, run_after=None
[2025-02-12T05:20:22.976+0000] {processor.py:208} INFO - Processing /home/airflow/.local/lib/python3.12/site-packages/airflow/example_dags/example_dag_decorator.py took 0.326 seconds
[2025-02-12T05:20:53.162+0000] {processor.py:186} INFO - Started process (PID=2099) to work on /home/airflow/.local/lib/python3.12/site-packages/airflow/example_dags/example_dag_decorator.py
[2025-02-12T05:20:53.163+0000] {processor.py:914} INFO - Processing file /home/airflow/.local/lib/python3.12/site-packages/airflow/example_dags/example_dag_decorator.py for tasks to queue
[2025-02-12T05:20:53.165+0000] {logging_mixin.py:190} INFO - [2025-02-12T05:20:53.164+0000] {dagbag.py:588} INFO - Filling up the DagBag from /home/airflow/.local/lib/python3.12/site-packages/airflow/example_dags/example_dag_decorator.py
[2025-02-12T05:20:53.175+0000] {processor.py:925} INFO - DAG(s) 'example_dag_decorator' retrieved from /home/airflow/.local/lib/python3.12/site-packages/airflow/example_dags/example_dag_decorator.py
[2025-02-12T05:20:53.453+0000] {logging_mixin.py:190} INFO - [2025-02-12T05:20:53.453+0000] {dag.py:3239} INFO - Sync 1 DAGs
[2025-02-12T05:20:53.465+0000] {logging_mixin.py:190} INFO - [2025-02-12T05:20:53.465+0000] {dag.py:4180} INFO - Setting next_dagrun for example_dag_decorator to None, run_after=None
[2025-02-12T05:20:53.489+0000] {processor.py:208} INFO - Processing /home/airflow/.local/lib/python3.12/site-packages/airflow/example_dags/example_dag_decorator.py took 0.333 seconds
[2025-02-12T05:21:24.192+0000] {processor.py:186} INFO - Started process (PID=2165) to work on /home/airflow/.local/lib/python3.12/site-packages/airflow/example_dags/example_dag_decorator.py
[2025-02-12T05:21:24.200+0000] {processor.py:914} INFO - Processing file /home/airflow/.local/lib/python3.12/site-packages/airflow/example_dags/example_dag_decorator.py for tasks to queue
[2025-02-12T05:21:24.204+0000] {logging_mixin.py:190} INFO - [2025-02-12T05:21:24.203+0000] {dagbag.py:588} INFO - Filling up the DagBag from /home/airflow/.local/lib/python3.12/site-packages/airflow/example_dags/example_dag_decorator.py
[2025-02-12T05:21:24.215+0000] {processor.py:925} INFO - DAG(s) 'example_dag_decorator' retrieved from /home/airflow/.local/lib/python3.12/site-packages/airflow/example_dags/example_dag_decorator.py
[2025-02-12T05:21:24.327+0000] {logging_mixin.py:190} INFO - [2025-02-12T05:21:24.326+0000] {dag.py:3239} INFO - Sync 1 DAGs
[2025-02-12T05:21:24.337+0000] {logging_mixin.py:190} INFO - [2025-02-12T05:21:24.337+0000] {dag.py:4180} INFO - Setting next_dagrun for example_dag_decorator to None, run_after=None
[2025-02-12T05:21:24.356+0000] {processor.py:208} INFO - Processing /home/airflow/.local/lib/python3.12/site-packages/airflow/example_dags/example_dag_decorator.py took 0.170 seconds
[2025-02-12T05:21:54.625+0000] {processor.py:186} INFO - Started process (PID=2231) to work on /home/airflow/.local/lib/python3.12/site-packages/airflow/example_dags/example_dag_decorator.py
[2025-02-12T05:21:54.626+0000] {processor.py:914} INFO - Processing file /home/airflow/.local/lib/python3.12/site-packages/airflow/example_dags/example_dag_decorator.py for tasks to queue
[2025-02-12T05:21:54.629+0000] {logging_mixin.py:190} INFO - [2025-02-12T05:21:54.628+0000] {dagbag.py:588} INFO - Filling up the DagBag from /home/airflow/.local/lib/python3.12/site-packages/airflow/example_dags/example_dag_decorator.py
[2025-02-12T05:21:54.640+0000] {processor.py:925} INFO - DAG(s) 'example_dag_decorator' retrieved from /home/airflow/.local/lib/python3.12/site-packages/airflow/example_dags/example_dag_decorator.py
[2025-02-12T05:21:54.753+0000] {logging_mixin.py:190} INFO - [2025-02-12T05:21:54.753+0000] {dag.py:3239} INFO - Sync 1 DAGs
[2025-02-12T05:21:54.768+0000] {logging_mixin.py:190} INFO - [2025-02-12T05:21:54.768+0000] {dag.py:4180} INFO - Setting next_dagrun for example_dag_decorator to None, run_after=None
[2025-02-12T05:21:54.790+0000] {processor.py:208} INFO - Processing /home/airflow/.local/lib/python3.12/site-packages/airflow/example_dags/example_dag_decorator.py took 0.170 seconds
[2025-02-12T05:22:25.043+0000] {processor.py:186} INFO - Started process (PID=2297) to work on /home/airflow/.local/lib/python3.12/site-packages/airflow/example_dags/example_dag_decorator.py
[2025-02-12T05:22:25.052+0000] {processor.py:914} INFO - Processing file /home/airflow/.local/lib/python3.12/site-packages/airflow/example_dags/example_dag_decorator.py for tasks to queue
[2025-02-12T05:22:25.054+0000] {logging_mixin.py:190} INFO - [2025-02-12T05:22:25.054+0000] {dagbag.py:588} INFO - Filling up the DagBag from /home/airflow/.local/lib/python3.12/site-packages/airflow/example_dags/example_dag_decorator.py
[2025-02-12T05:22:25.066+0000] {processor.py:925} INFO - DAG(s) 'example_dag_decorator' retrieved from /home/airflow/.local/lib/python3.12/site-packages/airflow/example_dags/example_dag_decorator.py
[2025-02-12T05:22:25.195+0000] {logging_mixin.py:190} INFO - [2025-02-12T05:22:25.195+0000] {dag.py:3239} INFO - Sync 1 DAGs
[2025-02-12T05:22:25.205+0000] {logging_mixin.py:190} INFO - [2025-02-12T05:22:25.205+0000] {dag.py:4180} INFO - Setting next_dagrun for example_dag_decorator to None, run_after=None
[2025-02-12T05:22:25.224+0000] {processor.py:208} INFO - Processing /home/airflow/.local/lib/python3.12/site-packages/airflow/example_dags/example_dag_decorator.py took 0.187 seconds
[2025-02-12T05:22:55.551+0000] {processor.py:186} INFO - Started process (PID=2363) to work on /home/airflow/.local/lib/python3.12/site-packages/airflow/example_dags/example_dag_decorator.py
[2025-02-12T05:22:55.552+0000] {processor.py:914} INFO - Processing file /home/airflow/.local/lib/python3.12/site-packages/airflow/example_dags/example_dag_decorator.py for tasks to queue
[2025-02-12T05:22:55.555+0000] {logging_mixin.py:190} INFO - [2025-02-12T05:22:55.554+0000] {dagbag.py:588} INFO - Filling up the DagBag from /home/airflow/.local/lib/python3.12/site-packages/airflow/example_dags/example_dag_decorator.py
[2025-02-12T05:22:55.567+0000] {processor.py:925} INFO - DAG(s) 'example_dag_decorator' retrieved from /home/airflow/.local/lib/python3.12/site-packages/airflow/example_dags/example_dag_decorator.py
[2025-02-12T05:22:55.692+0000] {logging_mixin.py:190} INFO - [2025-02-12T05:22:55.692+0000] {dag.py:3239} INFO - Sync 1 DAGs
[2025-02-12T05:22:55.705+0000] {logging_mixin.py:190} INFO - [2025-02-12T05:22:55.705+0000] {dag.py:4180} INFO - Setting next_dagrun for example_dag_decorator to None, run_after=None
[2025-02-12T05:22:55.727+0000] {processor.py:208} INFO - Processing /home/airflow/.local/lib/python3.12/site-packages/airflow/example_dags/example_dag_decorator.py took 0.181 seconds
[2025-02-12T05:23:25.833+0000] {processor.py:186} INFO - Started process (PID=2430) to work on /home/airflow/.local/lib/python3.12/site-packages/airflow/example_dags/example_dag_decorator.py
[2025-02-12T05:23:25.834+0000] {processor.py:914} INFO - Processing file /home/airflow/.local/lib/python3.12/site-packages/airflow/example_dags/example_dag_decorator.py for tasks to queue
[2025-02-12T05:23:25.836+0000] {logging_mixin.py:190} INFO - [2025-02-12T05:23:25.836+0000] {dagbag.py:588} INFO - Filling up the DagBag from /home/airflow/.local/lib/python3.12/site-packages/airflow/example_dags/example_dag_decorator.py
[2025-02-12T05:23:25.846+0000] {processor.py:925} INFO - DAG(s) 'example_dag_decorator' retrieved from /home/airflow/.local/lib/python3.12/site-packages/airflow/example_dags/example_dag_decorator.py
[2025-02-12T05:23:25.967+0000] {logging_mixin.py:190} INFO - [2025-02-12T05:23:25.967+0000] {dag.py:3239} INFO - Sync 1 DAGs
[2025-02-12T05:23:25.980+0000] {logging_mixin.py:190} INFO - [2025-02-12T05:23:25.980+0000] {dag.py:4180} INFO - Setting next_dagrun for example_dag_decorator to None, run_after=None
[2025-02-12T05:23:26.000+0000] {processor.py:208} INFO - Processing /home/airflow/.local/lib/python3.12/site-packages/airflow/example_dags/example_dag_decorator.py took 0.173 seconds
[2025-02-12T05:23:56.218+0000] {processor.py:186} INFO - Started process (PID=2495) to work on /home/airflow/.local/lib/python3.12/site-packages/airflow/example_dags/example_dag_decorator.py
[2025-02-12T05:23:56.219+0000] {processor.py:914} INFO - Processing file /home/airflow/.local/lib/python3.12/site-packages/airflow/example_dags/example_dag_decorator.py for tasks to queue
[2025-02-12T05:23:56.222+0000] {logging_mixin.py:190} INFO - [2025-02-12T05:23:56.222+0000] {dagbag.py:588} INFO - Filling up the DagBag from /home/airflow/.local/lib/python3.12/site-packages/airflow/example_dags/example_dag_decorator.py
[2025-02-12T05:23:56.233+0000] {processor.py:925} INFO - DAG(s) 'example_dag_decorator' retrieved from /home/airflow/.local/lib/python3.12/site-packages/airflow/example_dags/example_dag_decorator.py
[2025-02-12T05:23:56.349+0000] {logging_mixin.py:190} INFO - [2025-02-12T05:23:56.349+0000] {dag.py:3239} INFO - Sync 1 DAGs
[2025-02-12T05:23:56.360+0000] {logging_mixin.py:190} INFO - [2025-02-12T05:23:56.360+0000] {dag.py:4180} INFO - Setting next_dagrun for example_dag_decorator to None, run_after=None
[2025-02-12T05:23:56.378+0000] {processor.py:208} INFO - Processing /home/airflow/.local/lib/python3.12/site-packages/airflow/example_dags/example_dag_decorator.py took 0.165 seconds
[2025-02-12T05:24:26.698+0000] {processor.py:186} INFO - Started process (PID=2561) to work on /home/airflow/.local/lib/python3.12/site-packages/airflow/example_dags/example_dag_decorator.py
[2025-02-12T05:24:26.706+0000] {processor.py:914} INFO - Processing file /home/airflow/.local/lib/python3.12/site-packages/airflow/example_dags/example_dag_decorator.py for tasks to queue
[2025-02-12T05:24:26.710+0000] {logging_mixin.py:190} INFO - [2025-02-12T05:24:26.709+0000] {dagbag.py:588} INFO - Filling up the DagBag from /home/airflow/.local/lib/python3.12/site-packages/airflow/example_dags/example_dag_decorator.py
[2025-02-12T05:24:26.723+0000] {processor.py:925} INFO - DAG(s) 'example_dag_decorator' retrieved from /home/airflow/.local/lib/python3.12/site-packages/airflow/example_dags/example_dag_decorator.py
[2025-02-12T05:24:26.834+0000] {logging_mixin.py:190} INFO - [2025-02-12T05:24:26.834+0000] {dag.py:3239} INFO - Sync 1 DAGs
[2025-02-12T05:24:26.845+0000] {logging_mixin.py:190} INFO - [2025-02-12T05:24:26.844+0000] {dag.py:4180} INFO - Setting next_dagrun for example_dag_decorator to None, run_after=None
[2025-02-12T05:24:26.862+0000] {processor.py:208} INFO - Processing /home/airflow/.local/lib/python3.12/site-packages/airflow/example_dags/example_dag_decorator.py took 0.169 seconds
[2025-02-12T05:24:57.202+0000] {processor.py:186} INFO - Started process (PID=2627) to work on /home/airflow/.local/lib/python3.12/site-packages/airflow/example_dags/example_dag_decorator.py
[2025-02-12T05:24:57.211+0000] {processor.py:914} INFO - Processing file /home/airflow/.local/lib/python3.12/site-packages/airflow/example_dags/example_dag_decorator.py for tasks to queue
[2025-02-12T05:24:57.215+0000] {logging_mixin.py:190} INFO - [2025-02-12T05:24:57.214+0000] {dagbag.py:588} INFO - Filling up the DagBag from /home/airflow/.local/lib/python3.12/site-packages/airflow/example_dags/example_dag_decorator.py
[2025-02-12T05:24:57.227+0000] {processor.py:925} INFO - DAG(s) 'example_dag_decorator' retrieved from /home/airflow/.local/lib/python3.12/site-packages/airflow/example_dags/example_dag_decorator.py
[2025-02-12T05:24:57.365+0000] {logging_mixin.py:190} INFO - [2025-02-12T05:24:57.364+0000] {dag.py:3239} INFO - Sync 1 DAGs
[2025-02-12T05:24:57.376+0000] {logging_mixin.py:190} INFO - [2025-02-12T05:24:57.376+0000] {dag.py:4180} INFO - Setting next_dagrun for example_dag_decorator to None, run_after=None
[2025-02-12T05:24:57.399+0000] {processor.py:208} INFO - Processing /home/airflow/.local/lib/python3.12/site-packages/airflow/example_dags/example_dag_decorator.py took 0.203 seconds
[2025-02-12T05:25:27.648+0000] {processor.py:186} INFO - Started process (PID=2693) to work on /home/airflow/.local/lib/python3.12/site-packages/airflow/example_dags/example_dag_decorator.py
[2025-02-12T05:25:27.648+0000] {processor.py:914} INFO - Processing file /home/airflow/.local/lib/python3.12/site-packages/airflow/example_dags/example_dag_decorator.py for tasks to queue
[2025-02-12T05:25:27.651+0000] {logging_mixin.py:190} INFO - [2025-02-12T05:25:27.651+0000] {dagbag.py:588} INFO - Filling up the DagBag from /home/airflow/.local/lib/python3.12/site-packages/airflow/example_dags/example_dag_decorator.py
[2025-02-12T05:25:27.663+0000] {processor.py:925} INFO - DAG(s) 'example_dag_decorator' retrieved from /home/airflow/.local/lib/python3.12/site-packages/airflow/example_dags/example_dag_decorator.py
[2025-02-12T05:25:27.685+0000] {logging_mixin.py:190} INFO - [2025-02-12T05:25:27.684+0000] {dag.py:3239} INFO - Sync 1 DAGs
[2025-02-12T05:25:27.696+0000] {logging_mixin.py:190} INFO - [2025-02-12T05:25:27.696+0000] {dag.py:4180} INFO - Setting next_dagrun for example_dag_decorator to None, run_after=None
[2025-02-12T05:25:27.711+0000] {processor.py:208} INFO - Processing /home/airflow/.local/lib/python3.12/site-packages/airflow/example_dags/example_dag_decorator.py took 0.068 seconds
[2025-02-12T05:25:58.041+0000] {processor.py:186} INFO - Started process (PID=2759) to work on /home/airflow/.local/lib/python3.12/site-packages/airflow/example_dags/example_dag_decorator.py
[2025-02-12T05:25:58.050+0000] {processor.py:914} INFO - Processing file /home/airflow/.local/lib/python3.12/site-packages/airflow/example_dags/example_dag_decorator.py for tasks to queue
[2025-02-12T05:25:58.054+0000] {logging_mixin.py:190} INFO - [2025-02-12T05:25:58.053+0000] {dagbag.py:588} INFO - Filling up the DagBag from /home/airflow/.local/lib/python3.12/site-packages/airflow/example_dags/example_dag_decorator.py
[2025-02-12T05:25:58.064+0000] {processor.py:925} INFO - DAG(s) 'example_dag_decorator' retrieved from /home/airflow/.local/lib/python3.12/site-packages/airflow/example_dags/example_dag_decorator.py
[2025-02-12T05:25:58.084+0000] {logging_mixin.py:190} INFO - [2025-02-12T05:25:58.083+0000] {dag.py:3239} INFO - Sync 1 DAGs
[2025-02-12T05:25:58.095+0000] {logging_mixin.py:190} INFO - [2025-02-12T05:25:58.095+0000] {dag.py:4180} INFO - Setting next_dagrun for example_dag_decorator to None, run_after=None
[2025-02-12T05:25:58.110+0000] {processor.py:208} INFO - Processing /home/airflow/.local/lib/python3.12/site-packages/airflow/example_dags/example_dag_decorator.py took 0.074 seconds
[2025-02-12T05:26:29.041+0000] {processor.py:186} INFO - Started process (PID=2825) to work on /home/airflow/.local/lib/python3.12/site-packages/airflow/example_dags/example_dag_decorator.py
[2025-02-12T05:26:29.042+0000] {processor.py:914} INFO - Processing file /home/airflow/.local/lib/python3.12/site-packages/airflow/example_dags/example_dag_decorator.py for tasks to queue
[2025-02-12T05:26:29.045+0000] {logging_mixin.py:190} INFO - [2025-02-12T05:26:29.044+0000] {dagbag.py:588} INFO - Filling up the DagBag from /home/airflow/.local/lib/python3.12/site-packages/airflow/example_dags/example_dag_decorator.py
[2025-02-12T05:26:29.057+0000] {processor.py:925} INFO - DAG(s) 'example_dag_decorator' retrieved from /home/airflow/.local/lib/python3.12/site-packages/airflow/example_dags/example_dag_decorator.py
[2025-02-12T05:26:29.078+0000] {logging_mixin.py:190} INFO - [2025-02-12T05:26:29.078+0000] {dag.py:3239} INFO - Sync 1 DAGs
[2025-02-12T05:26:29.091+0000] {logging_mixin.py:190} INFO - [2025-02-12T05:26:29.091+0000] {dag.py:4180} INFO - Setting next_dagrun for example_dag_decorator to None, run_after=None
[2025-02-12T05:26:29.107+0000] {processor.py:208} INFO - Processing /home/airflow/.local/lib/python3.12/site-packages/airflow/example_dags/example_dag_decorator.py took 0.071 seconds
[2025-02-12T05:26:59.241+0000] {processor.py:186} INFO - Started process (PID=2891) to work on /home/airflow/.local/lib/python3.12/site-packages/airflow/example_dags/example_dag_decorator.py
[2025-02-12T05:26:59.250+0000] {processor.py:914} INFO - Processing file /home/airflow/.local/lib/python3.12/site-packages/airflow/example_dags/example_dag_decorator.py for tasks to queue
[2025-02-12T05:26:59.253+0000] {logging_mixin.py:190} INFO - [2025-02-12T05:26:59.253+0000] {dagbag.py:588} INFO - Filling up the DagBag from /home/airflow/.local/lib/python3.12/site-packages/airflow/example_dags/example_dag_decorator.py
[2025-02-12T05:26:59.264+0000] {processor.py:925} INFO - DAG(s) 'example_dag_decorator' retrieved from /home/airflow/.local/lib/python3.12/site-packages/airflow/example_dags/example_dag_decorator.py
[2025-02-12T05:26:59.375+0000] {logging_mixin.py:190} INFO - [2025-02-12T05:26:59.375+0000] {dag.py:3239} INFO - Sync 1 DAGs
[2025-02-12T05:26:59.386+0000] {logging_mixin.py:190} INFO - [2025-02-12T05:26:59.386+0000] {dag.py:4180} INFO - Setting next_dagrun for example_dag_decorator to None, run_after=None
[2025-02-12T05:26:59.403+0000] {processor.py:208} INFO - Processing /home/airflow/.local/lib/python3.12/site-packages/airflow/example_dags/example_dag_decorator.py took 0.168 seconds
[2025-02-12T05:27:29.510+0000] {processor.py:186} INFO - Started process (PID=2957) to work on /home/airflow/.local/lib/python3.12/site-packages/airflow/example_dags/example_dag_decorator.py
[2025-02-12T05:27:29.511+0000] {processor.py:914} INFO - Processing file /home/airflow/.local/lib/python3.12/site-packages/airflow/example_dags/example_dag_decorator.py for tasks to queue
[2025-02-12T05:27:29.514+0000] {logging_mixin.py:190} INFO - [2025-02-12T05:27:29.514+0000] {dagbag.py:588} INFO - Filling up the DagBag from /home/airflow/.local/lib/python3.12/site-packages/airflow/example_dags/example_dag_decorator.py
[2025-02-12T05:27:29.526+0000] {processor.py:925} INFO - DAG(s) 'example_dag_decorator' retrieved from /home/airflow/.local/lib/python3.12/site-packages/airflow/example_dags/example_dag_decorator.py
[2025-02-12T05:27:29.642+0000] {logging_mixin.py:190} INFO - [2025-02-12T05:27:29.642+0000] {dag.py:3239} INFO - Sync 1 DAGs
[2025-02-12T05:27:29.656+0000] {logging_mixin.py:190} INFO - [2025-02-12T05:27:29.655+0000] {dag.py:4180} INFO - Setting next_dagrun for example_dag_decorator to None, run_after=None
[2025-02-12T05:27:29.674+0000] {processor.py:208} INFO - Processing /home/airflow/.local/lib/python3.12/site-packages/airflow/example_dags/example_dag_decorator.py took 0.170 seconds
[2025-02-12T05:27:59.793+0000] {processor.py:186} INFO - Started process (PID=3023) to work on /home/airflow/.local/lib/python3.12/site-packages/airflow/example_dags/example_dag_decorator.py
[2025-02-12T05:27:59.794+0000] {processor.py:914} INFO - Processing file /home/airflow/.local/lib/python3.12/site-packages/airflow/example_dags/example_dag_decorator.py for tasks to queue
[2025-02-12T05:27:59.797+0000] {logging_mixin.py:190} INFO - [2025-02-12T05:27:59.796+0000] {dagbag.py:588} INFO - Filling up the DagBag from /home/airflow/.local/lib/python3.12/site-packages/airflow/example_dags/example_dag_decorator.py
[2025-02-12T05:27:59.809+0000] {processor.py:925} INFO - DAG(s) 'example_dag_decorator' retrieved from /home/airflow/.local/lib/python3.12/site-packages/airflow/example_dags/example_dag_decorator.py
[2025-02-12T05:27:59.832+0000] {logging_mixin.py:190} INFO - [2025-02-12T05:27:59.832+0000] {dag.py:3239} INFO - Sync 1 DAGs
[2025-02-12T05:27:59.845+0000] {logging_mixin.py:190} INFO - [2025-02-12T05:27:59.844+0000] {dag.py:4180} INFO - Setting next_dagrun for example_dag_decorator to None, run_after=None
[2025-02-12T05:27:59.860+0000] {processor.py:208} INFO - Processing /home/airflow/.local/lib/python3.12/site-packages/airflow/example_dags/example_dag_decorator.py took 0.073 seconds
[2025-02-12T05:28:30.222+0000] {processor.py:186} INFO - Started process (PID=3089) to work on /home/airflow/.local/lib/python3.12/site-packages/airflow/example_dags/example_dag_decorator.py
[2025-02-12T05:28:30.222+0000] {processor.py:914} INFO - Processing file /home/airflow/.local/lib/python3.12/site-packages/airflow/example_dags/example_dag_decorator.py for tasks to queue
[2025-02-12T05:28:30.225+0000] {logging_mixin.py:190} INFO - [2025-02-12T05:28:30.225+0000] {dagbag.py:588} INFO - Filling up the DagBag from /home/airflow/.local/lib/python3.12/site-packages/airflow/example_dags/example_dag_decorator.py
[2025-02-12T05:28:30.237+0000] {processor.py:925} INFO - DAG(s) 'example_dag_decorator' retrieved from /home/airflow/.local/lib/python3.12/site-packages/airflow/example_dags/example_dag_decorator.py
[2025-02-12T05:28:30.260+0000] {logging_mixin.py:190} INFO - [2025-02-12T05:28:30.259+0000] {dag.py:3239} INFO - Sync 1 DAGs
[2025-02-12T05:28:30.272+0000] {logging_mixin.py:190} INFO - [2025-02-12T05:28:30.272+0000] {dag.py:4180} INFO - Setting next_dagrun for example_dag_decorator to None, run_after=None
[2025-02-12T05:28:30.289+0000] {processor.py:208} INFO - Processing /home/airflow/.local/lib/python3.12/site-packages/airflow/example_dags/example_dag_decorator.py took 0.072 seconds
[2025-02-12T05:29:00.613+0000] {processor.py:186} INFO - Started process (PID=3155) to work on /home/airflow/.local/lib/python3.12/site-packages/airflow/example_dags/example_dag_decorator.py
[2025-02-12T05:29:00.614+0000] {processor.py:914} INFO - Processing file /home/airflow/.local/lib/python3.12/site-packages/airflow/example_dags/example_dag_decorator.py for tasks to queue
[2025-02-12T05:29:00.617+0000] {logging_mixin.py:190} INFO - [2025-02-12T05:29:00.617+0000] {dagbag.py:588} INFO - Filling up the DagBag from /home/airflow/.local/lib/python3.12/site-packages/airflow/example_dags/example_dag_decorator.py
[2025-02-12T05:29:00.628+0000] {processor.py:925} INFO - DAG(s) 'example_dag_decorator' retrieved from /home/airflow/.local/lib/python3.12/site-packages/airflow/example_dags/example_dag_decorator.py
[2025-02-12T05:29:00.650+0000] {logging_mixin.py:190} INFO - [2025-02-12T05:29:00.650+0000] {dag.py:3239} INFO - Sync 1 DAGs
[2025-02-12T05:29:00.662+0000] {logging_mixin.py:190} INFO - [2025-02-12T05:29:00.662+0000] {dag.py:4180} INFO - Setting next_dagrun for example_dag_decorator to None, run_after=None
[2025-02-12T05:29:00.678+0000] {processor.py:208} INFO - Processing /home/airflow/.local/lib/python3.12/site-packages/airflow/example_dags/example_dag_decorator.py took 0.070 seconds
[2025-02-12T05:29:31.049+0000] {processor.py:186} INFO - Started process (PID=3221) to work on /home/airflow/.local/lib/python3.12/site-packages/airflow/example_dags/example_dag_decorator.py
[2025-02-12T05:29:31.058+0000] {processor.py:914} INFO - Processing file /home/airflow/.local/lib/python3.12/site-packages/airflow/example_dags/example_dag_decorator.py for tasks to queue
[2025-02-12T05:29:31.062+0000] {logging_mixin.py:190} INFO - [2025-02-12T05:29:31.061+0000] {dagbag.py:588} INFO - Filling up the DagBag from /home/airflow/.local/lib/python3.12/site-packages/airflow/example_dags/example_dag_decorator.py
[2025-02-12T05:29:31.073+0000] {processor.py:925} INFO - DAG(s) 'example_dag_decorator' retrieved from /home/airflow/.local/lib/python3.12/site-packages/airflow/example_dags/example_dag_decorator.py
[2025-02-12T05:29:31.092+0000] {logging_mixin.py:190} INFO - [2025-02-12T05:29:31.092+0000] {dag.py:3239} INFO - Sync 1 DAGs
[2025-02-12T05:29:31.103+0000] {logging_mixin.py:190} INFO - [2025-02-12T05:29:31.103+0000] {dag.py:4180} INFO - Setting next_dagrun for example_dag_decorator to None, run_after=None
[2025-02-12T05:29:31.125+0000] {processor.py:208} INFO - Processing /home/airflow/.local/lib/python3.12/site-packages/airflow/example_dags/example_dag_decorator.py took 0.081 seconds
[2025-02-12T05:30:01.614+0000] {processor.py:186} INFO - Started process (PID=3287) to work on /home/airflow/.local/lib/python3.12/site-packages/airflow/example_dags/example_dag_decorator.py
[2025-02-12T05:30:01.615+0000] {processor.py:914} INFO - Processing file /home/airflow/.local/lib/python3.12/site-packages/airflow/example_dags/example_dag_decorator.py for tasks to queue
[2025-02-12T05:30:01.619+0000] {logging_mixin.py:190} INFO - [2025-02-12T05:30:01.618+0000] {dagbag.py:588} INFO - Filling up the DagBag from /home/airflow/.local/lib/python3.12/site-packages/airflow/example_dags/example_dag_decorator.py
[2025-02-12T05:30:01.630+0000] {processor.py:925} INFO - DAG(s) 'example_dag_decorator' retrieved from /home/airflow/.local/lib/python3.12/site-packages/airflow/example_dags/example_dag_decorator.py
[2025-02-12T05:30:01.654+0000] {logging_mixin.py:190} INFO - [2025-02-12T05:30:01.654+0000] {dag.py:3239} INFO - Sync 1 DAGs
[2025-02-12T05:30:01.667+0000] {logging_mixin.py:190} INFO - [2025-02-12T05:30:01.666+0000] {dag.py:4180} INFO - Setting next_dagrun for example_dag_decorator to None, run_after=None
[2025-02-12T05:30:01.685+0000] {processor.py:208} INFO - Processing /home/airflow/.local/lib/python3.12/site-packages/airflow/example_dags/example_dag_decorator.py took 0.077 seconds
[2025-02-12T05:30:32.204+0000] {processor.py:186} INFO - Started process (PID=3353) to work on /home/airflow/.local/lib/python3.12/site-packages/airflow/example_dags/example_dag_decorator.py
[2025-02-12T05:30:32.213+0000] {processor.py:914} INFO - Processing file /home/airflow/.local/lib/python3.12/site-packages/airflow/example_dags/example_dag_decorator.py for tasks to queue
[2025-02-12T05:30:32.217+0000] {logging_mixin.py:190} INFO - [2025-02-12T05:30:32.217+0000] {dagbag.py:588} INFO - Filling up the DagBag from /home/airflow/.local/lib/python3.12/site-packages/airflow/example_dags/example_dag_decorator.py
[2025-02-12T05:30:32.231+0000] {processor.py:925} INFO - DAG(s) 'example_dag_decorator' retrieved from /home/airflow/.local/lib/python3.12/site-packages/airflow/example_dags/example_dag_decorator.py
[2025-02-12T05:30:32.355+0000] {logging_mixin.py:190} INFO - [2025-02-12T05:30:32.355+0000] {dag.py:3239} INFO - Sync 1 DAGs
[2025-02-12T05:30:32.366+0000] {logging_mixin.py:190} INFO - [2025-02-12T05:30:32.366+0000] {dag.py:4180} INFO - Setting next_dagrun for example_dag_decorator to None, run_after=None
[2025-02-12T05:30:32.385+0000] {processor.py:208} INFO - Processing /home/airflow/.local/lib/python3.12/site-packages/airflow/example_dags/example_dag_decorator.py took 0.186 seconds
[2025-02-12T05:31:02.771+0000] {processor.py:186} INFO - Started process (PID=3419) to work on /home/airflow/.local/lib/python3.12/site-packages/airflow/example_dags/example_dag_decorator.py
[2025-02-12T05:31:02.780+0000] {processor.py:914} INFO - Processing file /home/airflow/.local/lib/python3.12/site-packages/airflow/example_dags/example_dag_decorator.py for tasks to queue
[2025-02-12T05:31:02.782+0000] {logging_mixin.py:190} INFO - [2025-02-12T05:31:02.782+0000] {dagbag.py:588} INFO - Filling up the DagBag from /home/airflow/.local/lib/python3.12/site-packages/airflow/example_dags/example_dag_decorator.py
[2025-02-12T05:31:02.793+0000] {processor.py:925} INFO - DAG(s) 'example_dag_decorator' retrieved from /home/airflow/.local/lib/python3.12/site-packages/airflow/example_dags/example_dag_decorator.py
[2025-02-12T05:31:02.903+0000] {logging_mixin.py:190} INFO - [2025-02-12T05:31:02.903+0000] {dag.py:3239} INFO - Sync 1 DAGs
[2025-02-12T05:31:02.914+0000] {logging_mixin.py:190} INFO - [2025-02-12T05:31:02.914+0000] {dag.py:4180} INFO - Setting next_dagrun for example_dag_decorator to None, run_after=None
[2025-02-12T05:31:02.932+0000] {processor.py:208} INFO - Processing /home/airflow/.local/lib/python3.12/site-packages/airflow/example_dags/example_dag_decorator.py took 0.166 seconds
[2025-02-12T05:31:33.359+0000] {processor.py:186} INFO - Started process (PID=3485) to work on /home/airflow/.local/lib/python3.12/site-packages/airflow/example_dags/example_dag_decorator.py
[2025-02-12T05:31:33.360+0000] {processor.py:914} INFO - Processing file /home/airflow/.local/lib/python3.12/site-packages/airflow/example_dags/example_dag_decorator.py for tasks to queue
[2025-02-12T05:31:33.363+0000] {logging_mixin.py:190} INFO - [2025-02-12T05:31:33.362+0000] {dagbag.py:588} INFO - Filling up the DagBag from /home/airflow/.local/lib/python3.12/site-packages/airflow/example_dags/example_dag_decorator.py
[2025-02-12T05:31:33.373+0000] {processor.py:925} INFO - DAG(s) 'example_dag_decorator' retrieved from /home/airflow/.local/lib/python3.12/site-packages/airflow/example_dags/example_dag_decorator.py
[2025-02-12T05:31:33.482+0000] {logging_mixin.py:190} INFO - [2025-02-12T05:31:33.482+0000] {dag.py:3239} INFO - Sync 1 DAGs
[2025-02-12T05:31:33.493+0000] {logging_mixin.py:190} INFO - [2025-02-12T05:31:33.492+0000] {dag.py:4180} INFO - Setting next_dagrun for example_dag_decorator to None, run_after=None
[2025-02-12T05:31:33.509+0000] {processor.py:208} INFO - Processing /home/airflow/.local/lib/python3.12/site-packages/airflow/example_dags/example_dag_decorator.py took 0.156 seconds
[2025-02-12T05:32:03.769+0000] {processor.py:186} INFO - Started process (PID=3551) to work on /home/airflow/.local/lib/python3.12/site-packages/airflow/example_dags/example_dag_decorator.py
[2025-02-12T05:32:03.778+0000] {processor.py:914} INFO - Processing file /home/airflow/.local/lib/python3.12/site-packages/airflow/example_dags/example_dag_decorator.py for tasks to queue
[2025-02-12T05:32:03.781+0000] {logging_mixin.py:190} INFO - [2025-02-12T05:32:03.781+0000] {dagbag.py:588} INFO - Filling up the DagBag from /home/airflow/.local/lib/python3.12/site-packages/airflow/example_dags/example_dag_decorator.py
[2025-02-12T05:32:03.795+0000] {processor.py:925} INFO - DAG(s) 'example_dag_decorator' retrieved from /home/airflow/.local/lib/python3.12/site-packages/airflow/example_dags/example_dag_decorator.py
[2025-02-12T05:32:03.916+0000] {logging_mixin.py:190} INFO - [2025-02-12T05:32:03.915+0000] {dag.py:3239} INFO - Sync 1 DAGs
[2025-02-12T05:32:03.928+0000] {logging_mixin.py:190} INFO - [2025-02-12T05:32:03.928+0000] {dag.py:4180} INFO - Setting next_dagrun for example_dag_decorator to None, run_after=None
[2025-02-12T05:32:03.949+0000] {processor.py:208} INFO - Processing /home/airflow/.local/lib/python3.12/site-packages/airflow/example_dags/example_dag_decorator.py took 0.186 seconds
[2025-02-12T05:32:34.263+0000] {processor.py:186} INFO - Started process (PID=3617) to work on /home/airflow/.local/lib/python3.12/site-packages/airflow/example_dags/example_dag_decorator.py
[2025-02-12T05:32:34.264+0000] {processor.py:914} INFO - Processing file /home/airflow/.local/lib/python3.12/site-packages/airflow/example_dags/example_dag_decorator.py for tasks to queue
[2025-02-12T05:32:34.267+0000] {logging_mixin.py:190} INFO - [2025-02-12T05:32:34.266+0000] {dagbag.py:588} INFO - Filling up the DagBag from /home/airflow/.local/lib/python3.12/site-packages/airflow/example_dags/example_dag_decorator.py
[2025-02-12T05:32:34.278+0000] {processor.py:925} INFO - DAG(s) 'example_dag_decorator' retrieved from /home/airflow/.local/lib/python3.12/site-packages/airflow/example_dags/example_dag_decorator.py
[2025-02-12T05:32:34.400+0000] {logging_mixin.py:190} INFO - [2025-02-12T05:32:34.400+0000] {dag.py:3239} INFO - Sync 1 DAGs
[2025-02-12T05:32:34.411+0000] {logging_mixin.py:190} INFO - [2025-02-12T05:32:34.411+0000] {dag.py:4180} INFO - Setting next_dagrun for example_dag_decorator to None, run_after=None
[2025-02-12T05:32:34.431+0000] {processor.py:208} INFO - Processing /home/airflow/.local/lib/python3.12/site-packages/airflow/example_dags/example_dag_decorator.py took 0.173 seconds
[2025-02-12T05:33:04.629+0000] {processor.py:186} INFO - Started process (PID=3683) to work on /home/airflow/.local/lib/python3.12/site-packages/airflow/example_dags/example_dag_decorator.py
[2025-02-12T05:33:04.638+0000] {processor.py:914} INFO - Processing file /home/airflow/.local/lib/python3.12/site-packages/airflow/example_dags/example_dag_decorator.py for tasks to queue
[2025-02-12T05:33:04.640+0000] {logging_mixin.py:190} INFO - [2025-02-12T05:33:04.640+0000] {dagbag.py:588} INFO - Filling up the DagBag from /home/airflow/.local/lib/python3.12/site-packages/airflow/example_dags/example_dag_decorator.py
[2025-02-12T05:33:04.651+0000] {processor.py:925} INFO - DAG(s) 'example_dag_decorator' retrieved from /home/airflow/.local/lib/python3.12/site-packages/airflow/example_dags/example_dag_decorator.py
[2025-02-12T05:33:04.760+0000] {logging_mixin.py:190} INFO - [2025-02-12T05:33:04.759+0000] {dag.py:3239} INFO - Sync 1 DAGs
[2025-02-12T05:33:04.772+0000] {logging_mixin.py:190} INFO - [2025-02-12T05:33:04.771+0000] {dag.py:4180} INFO - Setting next_dagrun for example_dag_decorator to None, run_after=None
[2025-02-12T05:33:04.788+0000] {processor.py:208} INFO - Processing /home/airflow/.local/lib/python3.12/site-packages/airflow/example_dags/example_dag_decorator.py took 0.165 seconds
[2025-02-12T05:33:34.889+0000] {processor.py:186} INFO - Started process (PID=3749) to work on /home/airflow/.local/lib/python3.12/site-packages/airflow/example_dags/example_dag_decorator.py
[2025-02-12T05:33:34.890+0000] {processor.py:914} INFO - Processing file /home/airflow/.local/lib/python3.12/site-packages/airflow/example_dags/example_dag_decorator.py for tasks to queue
[2025-02-12T05:33:34.893+0000] {logging_mixin.py:190} INFO - [2025-02-12T05:33:34.893+0000] {dagbag.py:588} INFO - Filling up the DagBag from /home/airflow/.local/lib/python3.12/site-packages/airflow/example_dags/example_dag_decorator.py
[2025-02-12T05:33:34.904+0000] {processor.py:925} INFO - DAG(s) 'example_dag_decorator' retrieved from /home/airflow/.local/lib/python3.12/site-packages/airflow/example_dags/example_dag_decorator.py
[2025-02-12T05:33:35.010+0000] {logging_mixin.py:190} INFO - [2025-02-12T05:33:35.010+0000] {dag.py:3239} INFO - Sync 1 DAGs
[2025-02-12T05:33:35.021+0000] {logging_mixin.py:190} INFO - [2025-02-12T05:33:35.021+0000] {dag.py:4180} INFO - Setting next_dagrun for example_dag_decorator to None, run_after=None
[2025-02-12T05:33:35.038+0000] {processor.py:208} INFO - Processing /home/airflow/.local/lib/python3.12/site-packages/airflow/example_dags/example_dag_decorator.py took 0.154 seconds
[2025-02-12T05:34:05.173+0000] {processor.py:186} INFO - Started process (PID=3815) to work on /home/airflow/.local/lib/python3.12/site-packages/airflow/example_dags/example_dag_decorator.py
[2025-02-12T05:34:05.182+0000] {processor.py:914} INFO - Processing file /home/airflow/.local/lib/python3.12/site-packages/airflow/example_dags/example_dag_decorator.py for tasks to queue
[2025-02-12T05:34:05.185+0000] {logging_mixin.py:190} INFO - [2025-02-12T05:34:05.184+0000] {dagbag.py:588} INFO - Filling up the DagBag from /home/airflow/.local/lib/python3.12/site-packages/airflow/example_dags/example_dag_decorator.py
[2025-02-12T05:34:05.196+0000] {processor.py:925} INFO - DAG(s) 'example_dag_decorator' retrieved from /home/airflow/.local/lib/python3.12/site-packages/airflow/example_dags/example_dag_decorator.py
[2025-02-12T05:34:05.308+0000] {logging_mixin.py:190} INFO - [2025-02-12T05:34:05.308+0000] {dag.py:3239} INFO - Sync 1 DAGs
[2025-02-12T05:34:05.319+0000] {logging_mixin.py:190} INFO - [2025-02-12T05:34:05.319+0000] {dag.py:4180} INFO - Setting next_dagrun for example_dag_decorator to None, run_after=None
[2025-02-12T05:34:05.340+0000] {processor.py:208} INFO - Processing /home/airflow/.local/lib/python3.12/site-packages/airflow/example_dags/example_dag_decorator.py took 0.173 seconds
[2025-02-12T05:34:35.414+0000] {processor.py:186} INFO - Started process (PID=3881) to work on /home/airflow/.local/lib/python3.12/site-packages/airflow/example_dags/example_dag_decorator.py
[2025-02-12T05:34:35.423+0000] {processor.py:914} INFO - Processing file /home/airflow/.local/lib/python3.12/site-packages/airflow/example_dags/example_dag_decorator.py for tasks to queue
[2025-02-12T05:34:35.427+0000] {logging_mixin.py:190} INFO - [2025-02-12T05:34:35.426+0000] {dagbag.py:588} INFO - Filling up the DagBag from /home/airflow/.local/lib/python3.12/site-packages/airflow/example_dags/example_dag_decorator.py
[2025-02-12T05:34:35.437+0000] {processor.py:925} INFO - DAG(s) 'example_dag_decorator' retrieved from /home/airflow/.local/lib/python3.12/site-packages/airflow/example_dags/example_dag_decorator.py
[2025-02-12T05:34:35.543+0000] {logging_mixin.py:190} INFO - [2025-02-12T05:34:35.543+0000] {dag.py:3239} INFO - Sync 1 DAGs
[2025-02-12T05:34:35.553+0000] {logging_mixin.py:190} INFO - [2025-02-12T05:34:35.553+0000] {dag.py:4180} INFO - Setting next_dagrun for example_dag_decorator to None, run_after=None
[2025-02-12T05:34:35.574+0000] {processor.py:208} INFO - Processing /home/airflow/.local/lib/python3.12/site-packages/airflow/example_dags/example_dag_decorator.py took 0.165 seconds
[2025-02-12T05:35:05.702+0000] {processor.py:186} INFO - Started process (PID=3947) to work on /home/airflow/.local/lib/python3.12/site-packages/airflow/example_dags/example_dag_decorator.py
[2025-02-12T05:35:05.712+0000] {processor.py:914} INFO - Processing file /home/airflow/.local/lib/python3.12/site-packages/airflow/example_dags/example_dag_decorator.py for tasks to queue
[2025-02-12T05:35:05.714+0000] {logging_mixin.py:190} INFO - [2025-02-12T05:35:05.714+0000] {dagbag.py:588} INFO - Filling up the DagBag from /home/airflow/.local/lib/python3.12/site-packages/airflow/example_dags/example_dag_decorator.py
[2025-02-12T05:35:05.725+0000] {processor.py:925} INFO - DAG(s) 'example_dag_decorator' retrieved from /home/airflow/.local/lib/python3.12/site-packages/airflow/example_dags/example_dag_decorator.py
[2025-02-12T05:35:05.831+0000] {logging_mixin.py:190} INFO - [2025-02-12T05:35:05.831+0000] {dag.py:3239} INFO - Sync 1 DAGs
[2025-02-12T05:35:05.844+0000] {logging_mixin.py:190} INFO - [2025-02-12T05:35:05.844+0000] {dag.py:4180} INFO - Setting next_dagrun for example_dag_decorator to None, run_after=None
[2025-02-12T05:35:05.863+0000] {processor.py:208} INFO - Processing /home/airflow/.local/lib/python3.12/site-packages/airflow/example_dags/example_dag_decorator.py took 0.165 seconds
[2025-02-12T05:35:36.161+0000] {processor.py:186} INFO - Started process (PID=4013) to work on /home/airflow/.local/lib/python3.12/site-packages/airflow/example_dags/example_dag_decorator.py
[2025-02-12T05:35:36.163+0000] {processor.py:914} INFO - Processing file /home/airflow/.local/lib/python3.12/site-packages/airflow/example_dags/example_dag_decorator.py for tasks to queue
[2025-02-12T05:35:36.167+0000] {logging_mixin.py:190} INFO - [2025-02-12T05:35:36.166+0000] {dagbag.py:588} INFO - Filling up the DagBag from /home/airflow/.local/lib/python3.12/site-packages/airflow/example_dags/example_dag_decorator.py
[2025-02-12T05:35:36.180+0000] {processor.py:925} INFO - DAG(s) 'example_dag_decorator' retrieved from /home/airflow/.local/lib/python3.12/site-packages/airflow/example_dags/example_dag_decorator.py
[2025-02-12T05:35:36.298+0000] {logging_mixin.py:190} INFO - [2025-02-12T05:35:36.297+0000] {dag.py:3239} INFO - Sync 1 DAGs
[2025-02-12T05:35:36.309+0000] {logging_mixin.py:190} INFO - [2025-02-12T05:35:36.309+0000] {dag.py:4180} INFO - Setting next_dagrun for example_dag_decorator to None, run_after=None
[2025-02-12T05:35:36.327+0000] {processor.py:208} INFO - Processing /home/airflow/.local/lib/python3.12/site-packages/airflow/example_dags/example_dag_decorator.py took 0.172 seconds
[2025-02-12T05:36:06.425+0000] {processor.py:186} INFO - Started process (PID=4079) to work on /home/airflow/.local/lib/python3.12/site-packages/airflow/example_dags/example_dag_decorator.py
[2025-02-12T05:36:06.425+0000] {processor.py:914} INFO - Processing file /home/airflow/.local/lib/python3.12/site-packages/airflow/example_dags/example_dag_decorator.py for tasks to queue
[2025-02-12T05:36:06.428+0000] {logging_mixin.py:190} INFO - [2025-02-12T05:36:06.428+0000] {dagbag.py:588} INFO - Filling up the DagBag from /home/airflow/.local/lib/python3.12/site-packages/airflow/example_dags/example_dag_decorator.py
[2025-02-12T05:36:06.440+0000] {processor.py:925} INFO - DAG(s) 'example_dag_decorator' retrieved from /home/airflow/.local/lib/python3.12/site-packages/airflow/example_dags/example_dag_decorator.py
[2025-02-12T05:36:06.551+0000] {logging_mixin.py:190} INFO - [2025-02-12T05:36:06.550+0000] {dag.py:3239} INFO - Sync 1 DAGs
[2025-02-12T05:36:06.562+0000] {logging_mixin.py:190} INFO - [2025-02-12T05:36:06.561+0000] {dag.py:4180} INFO - Setting next_dagrun for example_dag_decorator to None, run_after=None
[2025-02-12T05:36:06.579+0000] {processor.py:208} INFO - Processing /home/airflow/.local/lib/python3.12/site-packages/airflow/example_dags/example_dag_decorator.py took 0.160 seconds
