[2025-02-12T05:05:31.778+0000] {processor.py:186} INFO - Started process (PID=116) to work on /home/airflow/.local/lib/python3.12/site-packages/airflow/example_dags/example_display_name.py
[2025-02-12T05:05:31.780+0000] {processor.py:914} INFO - Processing file /home/airflow/.local/lib/python3.12/site-packages/airflow/example_dags/example_display_name.py for tasks to queue
[2025-02-12T05:05:31.784+0000] {logging_mixin.py:190} INFO - [2025-02-12T05:05:31.783+0000] {dagbag.py:588} INFO - Filling up the DagBag from /home/airflow/.local/lib/python3.12/site-packages/airflow/example_dags/example_display_name.py
[2025-02-12T05:05:31.807+0000] {processor.py:925} INFO - DAG(s) 'example_display_name' retrieved from /home/airflow/.local/lib/python3.12/site-packages/airflow/example_dags/example_display_name.py
[2025-02-12T05:05:31.857+0000] {logging_mixin.py:190} INFO - [2025-02-12T05:05:31.857+0000] {dag.py:3239} INFO - Sync 1 DAGs
[2025-02-12T05:05:31.888+0000] {logging_mixin.py:190} INFO - [2025-02-12T05:05:31.887+0000] {dag.py:4180} INFO - Setting next_dagrun for example_display_name to None, run_after=None
[2025-02-12T05:05:31.934+0000] {processor.py:208} INFO - Processing /home/airflow/.local/lib/python3.12/site-packages/airflow/example_dags/example_display_name.py took 0.169 seconds
[2025-02-12T05:06:02.496+0000] {processor.py:186} INFO - Started process (PID=185) to work on /home/airflow/.local/lib/python3.12/site-packages/airflow/example_dags/example_display_name.py
[2025-02-12T05:06:02.498+0000] {processor.py:914} INFO - Processing file /home/airflow/.local/lib/python3.12/site-packages/airflow/example_dags/example_display_name.py for tasks to queue
[2025-02-12T05:06:02.501+0000] {logging_mixin.py:190} INFO - [2025-02-12T05:06:02.501+0000] {dagbag.py:588} INFO - Filling up the DagBag from /home/airflow/.local/lib/python3.12/site-packages/airflow/example_dags/example_display_name.py
[2025-02-12T05:06:02.513+0000] {processor.py:925} INFO - DAG(s) 'example_display_name' retrieved from /home/airflow/.local/lib/python3.12/site-packages/airflow/example_dags/example_display_name.py
[2025-02-12T05:06:02.542+0000] {logging_mixin.py:190} INFO - [2025-02-12T05:06:02.541+0000] {dag.py:3239} INFO - Sync 1 DAGs
[2025-02-12T05:06:02.565+0000] {logging_mixin.py:190} INFO - [2025-02-12T05:06:02.565+0000] {dag.py:4180} INFO - Setting next_dagrun for example_display_name to None, run_after=None
[2025-02-12T05:06:02.592+0000] {processor.py:208} INFO - Processing /home/airflow/.local/lib/python3.12/site-packages/airflow/example_dags/example_display_name.py took 0.105 seconds
[2025-02-12T05:06:33.459+0000] {processor.py:186} INFO - Started process (PID=251) to work on /home/airflow/.local/lib/python3.12/site-packages/airflow/example_dags/example_display_name.py
[2025-02-12T05:06:33.460+0000] {processor.py:914} INFO - Processing file /home/airflow/.local/lib/python3.12/site-packages/airflow/example_dags/example_display_name.py for tasks to queue
[2025-02-12T05:06:33.463+0000] {logging_mixin.py:190} INFO - [2025-02-12T05:06:33.463+0000] {dagbag.py:588} INFO - Filling up the DagBag from /home/airflow/.local/lib/python3.12/site-packages/airflow/example_dags/example_display_name.py
[2025-02-12T05:06:33.475+0000] {processor.py:925} INFO - DAG(s) 'example_display_name' retrieved from /home/airflow/.local/lib/python3.12/site-packages/airflow/example_dags/example_display_name.py
[2025-02-12T05:06:33.500+0000] {logging_mixin.py:190} INFO - [2025-02-12T05:06:33.499+0000] {dag.py:3239} INFO - Sync 1 DAGs
[2025-02-12T05:06:33.519+0000] {logging_mixin.py:190} INFO - [2025-02-12T05:06:33.519+0000] {dag.py:4180} INFO - Setting next_dagrun for example_display_name to None, run_after=None
[2025-02-12T05:06:33.545+0000] {processor.py:208} INFO - Processing /home/airflow/.local/lib/python3.12/site-packages/airflow/example_dags/example_display_name.py took 0.093 seconds
[2025-02-12T05:07:03.988+0000] {processor.py:186} INFO - Started process (PID=317) to work on /home/airflow/.local/lib/python3.12/site-packages/airflow/example_dags/example_display_name.py
[2025-02-12T05:07:03.990+0000] {processor.py:914} INFO - Processing file /home/airflow/.local/lib/python3.12/site-packages/airflow/example_dags/example_display_name.py for tasks to queue
[2025-02-12T05:07:03.993+0000] {logging_mixin.py:190} INFO - [2025-02-12T05:07:03.992+0000] {dagbag.py:588} INFO - Filling up the DagBag from /home/airflow/.local/lib/python3.12/site-packages/airflow/example_dags/example_display_name.py
[2025-02-12T05:07:04.008+0000] {processor.py:925} INFO - DAG(s) 'example_display_name' retrieved from /home/airflow/.local/lib/python3.12/site-packages/airflow/example_dags/example_display_name.py
[2025-02-12T05:07:04.035+0000] {logging_mixin.py:190} INFO - [2025-02-12T05:07:04.035+0000] {dag.py:3239} INFO - Sync 1 DAGs
[2025-02-12T05:07:04.059+0000] {logging_mixin.py:190} INFO - [2025-02-12T05:07:04.059+0000] {dag.py:4180} INFO - Setting next_dagrun for example_display_name to None, run_after=None
[2025-02-12T05:07:04.085+0000] {processor.py:208} INFO - Processing /home/airflow/.local/lib/python3.12/site-packages/airflow/example_dags/example_display_name.py took 0.106 seconds
[2025-02-12T05:07:35.030+0000] {processor.py:186} INFO - Started process (PID=383) to work on /home/airflow/.local/lib/python3.12/site-packages/airflow/example_dags/example_display_name.py
[2025-02-12T05:07:35.032+0000] {processor.py:914} INFO - Processing file /home/airflow/.local/lib/python3.12/site-packages/airflow/example_dags/example_display_name.py for tasks to queue
[2025-02-12T05:07:35.034+0000] {logging_mixin.py:190} INFO - [2025-02-12T05:07:35.034+0000] {dagbag.py:588} INFO - Filling up the DagBag from /home/airflow/.local/lib/python3.12/site-packages/airflow/example_dags/example_display_name.py
[2025-02-12T05:07:35.045+0000] {processor.py:925} INFO - DAG(s) 'example_display_name' retrieved from /home/airflow/.local/lib/python3.12/site-packages/airflow/example_dags/example_display_name.py
[2025-02-12T05:07:35.073+0000] {logging_mixin.py:190} INFO - [2025-02-12T05:07:35.073+0000] {dag.py:3239} INFO - Sync 1 DAGs
[2025-02-12T05:07:35.095+0000] {logging_mixin.py:190} INFO - [2025-02-12T05:07:35.095+0000] {dag.py:4180} INFO - Setting next_dagrun for example_display_name to None, run_after=None
[2025-02-12T05:07:35.122+0000] {processor.py:208} INFO - Processing /home/airflow/.local/lib/python3.12/site-packages/airflow/example_dags/example_display_name.py took 0.100 seconds
[2025-02-12T05:08:06.681+0000] {processor.py:186} INFO - Started process (PID=449) to work on /home/airflow/.local/lib/python3.12/site-packages/airflow/example_dags/example_display_name.py
[2025-02-12T05:08:06.683+0000] {processor.py:914} INFO - Processing file /home/airflow/.local/lib/python3.12/site-packages/airflow/example_dags/example_display_name.py for tasks to queue
[2025-02-12T05:08:06.686+0000] {logging_mixin.py:190} INFO - [2025-02-12T05:08:06.686+0000] {dagbag.py:588} INFO - Filling up the DagBag from /home/airflow/.local/lib/python3.12/site-packages/airflow/example_dags/example_display_name.py
[2025-02-12T05:08:06.699+0000] {processor.py:925} INFO - DAG(s) 'example_display_name' retrieved from /home/airflow/.local/lib/python3.12/site-packages/airflow/example_dags/example_display_name.py
[2025-02-12T05:08:06.728+0000] {logging_mixin.py:190} INFO - [2025-02-12T05:08:06.728+0000] {dag.py:3239} INFO - Sync 1 DAGs
[2025-02-12T05:08:06.749+0000] {logging_mixin.py:190} INFO - [2025-02-12T05:08:06.749+0000] {dag.py:4180} INFO - Setting next_dagrun for example_display_name to None, run_after=None
[2025-02-12T05:08:06.772+0000] {processor.py:208} INFO - Processing /home/airflow/.local/lib/python3.12/site-packages/airflow/example_dags/example_display_name.py took 0.099 seconds
[2025-02-12T05:08:37.807+0000] {processor.py:186} INFO - Started process (PID=518) to work on /home/airflow/.local/lib/python3.12/site-packages/airflow/example_dags/example_display_name.py
[2025-02-12T05:08:37.809+0000] {processor.py:914} INFO - Processing file /home/airflow/.local/lib/python3.12/site-packages/airflow/example_dags/example_display_name.py for tasks to queue
[2025-02-12T05:08:37.812+0000] {logging_mixin.py:190} INFO - [2025-02-12T05:08:37.812+0000] {dagbag.py:588} INFO - Filling up the DagBag from /home/airflow/.local/lib/python3.12/site-packages/airflow/example_dags/example_display_name.py
[2025-02-12T05:08:37.824+0000] {processor.py:925} INFO - DAG(s) 'example_display_name' retrieved from /home/airflow/.local/lib/python3.12/site-packages/airflow/example_dags/example_display_name.py
[2025-02-12T05:08:37.859+0000] {logging_mixin.py:190} INFO - [2025-02-12T05:08:37.859+0000] {dag.py:3239} INFO - Sync 1 DAGs
[2025-02-12T05:08:37.881+0000] {logging_mixin.py:190} INFO - [2025-02-12T05:08:37.881+0000] {dag.py:4180} INFO - Setting next_dagrun for example_display_name to None, run_after=None
[2025-02-12T05:08:37.911+0000] {processor.py:208} INFO - Processing /home/airflow/.local/lib/python3.12/site-packages/airflow/example_dags/example_display_name.py took 0.113 seconds
[2025-02-12T05:09:08.910+0000] {processor.py:186} INFO - Started process (PID=583) to work on /home/airflow/.local/lib/python3.12/site-packages/airflow/example_dags/example_display_name.py
[2025-02-12T05:09:08.911+0000] {processor.py:914} INFO - Processing file /home/airflow/.local/lib/python3.12/site-packages/airflow/example_dags/example_display_name.py for tasks to queue
[2025-02-12T05:09:08.914+0000] {logging_mixin.py:190} INFO - [2025-02-12T05:09:08.914+0000] {dagbag.py:588} INFO - Filling up the DagBag from /home/airflow/.local/lib/python3.12/site-packages/airflow/example_dags/example_display_name.py
[2025-02-12T05:09:08.923+0000] {processor.py:925} INFO - DAG(s) 'example_display_name' retrieved from /home/airflow/.local/lib/python3.12/site-packages/airflow/example_dags/example_display_name.py
[2025-02-12T05:09:08.948+0000] {logging_mixin.py:190} INFO - [2025-02-12T05:09:08.948+0000] {dag.py:3239} INFO - Sync 1 DAGs
[2025-02-12T05:09:08.966+0000] {logging_mixin.py:190} INFO - [2025-02-12T05:09:08.966+0000] {dag.py:4180} INFO - Setting next_dagrun for example_display_name to None, run_after=None
[2025-02-12T05:09:08.989+0000] {processor.py:208} INFO - Processing /home/airflow/.local/lib/python3.12/site-packages/airflow/example_dags/example_display_name.py took 0.088 seconds
[2025-02-12T05:09:39.465+0000] {processor.py:186} INFO - Started process (PID=649) to work on /home/airflow/.local/lib/python3.12/site-packages/airflow/example_dags/example_display_name.py
[2025-02-12T05:09:39.466+0000] {processor.py:914} INFO - Processing file /home/airflow/.local/lib/python3.12/site-packages/airflow/example_dags/example_display_name.py for tasks to queue
[2025-02-12T05:09:39.471+0000] {logging_mixin.py:190} INFO - [2025-02-12T05:09:39.470+0000] {dagbag.py:588} INFO - Filling up the DagBag from /home/airflow/.local/lib/python3.12/site-packages/airflow/example_dags/example_display_name.py
[2025-02-12T05:09:39.483+0000] {processor.py:925} INFO - DAG(s) 'example_display_name' retrieved from /home/airflow/.local/lib/python3.12/site-packages/airflow/example_dags/example_display_name.py
[2025-02-12T05:09:39.512+0000] {logging_mixin.py:190} INFO - [2025-02-12T05:09:39.512+0000] {dag.py:3239} INFO - Sync 1 DAGs
[2025-02-12T05:09:39.533+0000] {logging_mixin.py:190} INFO - [2025-02-12T05:09:39.533+0000] {dag.py:4180} INFO - Setting next_dagrun for example_display_name to None, run_after=None
[2025-02-12T05:09:39.563+0000] {processor.py:208} INFO - Processing /home/airflow/.local/lib/python3.12/site-packages/airflow/example_dags/example_display_name.py took 0.107 seconds
[2025-02-12T05:10:10.459+0000] {processor.py:186} INFO - Started process (PID=715) to work on /home/airflow/.local/lib/python3.12/site-packages/airflow/example_dags/example_display_name.py
[2025-02-12T05:10:10.461+0000] {processor.py:914} INFO - Processing file /home/airflow/.local/lib/python3.12/site-packages/airflow/example_dags/example_display_name.py for tasks to queue
[2025-02-12T05:10:10.465+0000] {logging_mixin.py:190} INFO - [2025-02-12T05:10:10.464+0000] {dagbag.py:588} INFO - Filling up the DagBag from /home/airflow/.local/lib/python3.12/site-packages/airflow/example_dags/example_display_name.py
[2025-02-12T05:10:10.477+0000] {processor.py:925} INFO - DAG(s) 'example_display_name' retrieved from /home/airflow/.local/lib/python3.12/site-packages/airflow/example_dags/example_display_name.py
[2025-02-12T05:10:10.509+0000] {logging_mixin.py:190} INFO - [2025-02-12T05:10:10.508+0000] {dag.py:3239} INFO - Sync 1 DAGs
[2025-02-12T05:10:10.534+0000] {logging_mixin.py:190} INFO - [2025-02-12T05:10:10.533+0000] {dag.py:4180} INFO - Setting next_dagrun for example_display_name to None, run_after=None
[2025-02-12T05:10:10.562+0000] {processor.py:208} INFO - Processing /home/airflow/.local/lib/python3.12/site-packages/airflow/example_dags/example_display_name.py took 0.112 seconds
[2025-02-12T05:10:41.001+0000] {processor.py:186} INFO - Started process (PID=779) to work on /home/airflow/.local/lib/python3.12/site-packages/airflow/example_dags/example_display_name.py
[2025-02-12T05:10:41.002+0000] {processor.py:914} INFO - Processing file /home/airflow/.local/lib/python3.12/site-packages/airflow/example_dags/example_display_name.py for tasks to queue
[2025-02-12T05:10:41.005+0000] {logging_mixin.py:190} INFO - [2025-02-12T05:10:41.005+0000] {dagbag.py:588} INFO - Filling up the DagBag from /home/airflow/.local/lib/python3.12/site-packages/airflow/example_dags/example_display_name.py
[2025-02-12T05:10:41.016+0000] {processor.py:925} INFO - DAG(s) 'example_display_name' retrieved from /home/airflow/.local/lib/python3.12/site-packages/airflow/example_dags/example_display_name.py
[2025-02-12T05:10:41.042+0000] {logging_mixin.py:190} INFO - [2025-02-12T05:10:41.042+0000] {dag.py:3239} INFO - Sync 1 DAGs
[2025-02-12T05:10:41.059+0000] {logging_mixin.py:190} INFO - [2025-02-12T05:10:41.059+0000] {dag.py:4180} INFO - Setting next_dagrun for example_display_name to None, run_after=None
[2025-02-12T05:10:41.086+0000] {processor.py:208} INFO - Processing /home/airflow/.local/lib/python3.12/site-packages/airflow/example_dags/example_display_name.py took 0.094 seconds
[2025-02-12T05:11:11.529+0000] {processor.py:186} INFO - Started process (PID=845) to work on /home/airflow/.local/lib/python3.12/site-packages/airflow/example_dags/example_display_name.py
[2025-02-12T05:11:11.531+0000] {processor.py:914} INFO - Processing file /home/airflow/.local/lib/python3.12/site-packages/airflow/example_dags/example_display_name.py for tasks to queue
[2025-02-12T05:11:11.535+0000] {logging_mixin.py:190} INFO - [2025-02-12T05:11:11.534+0000] {dagbag.py:588} INFO - Filling up the DagBag from /home/airflow/.local/lib/python3.12/site-packages/airflow/example_dags/example_display_name.py
[2025-02-12T05:11:11.550+0000] {processor.py:925} INFO - DAG(s) 'example_display_name' retrieved from /home/airflow/.local/lib/python3.12/site-packages/airflow/example_dags/example_display_name.py
[2025-02-12T05:11:11.587+0000] {logging_mixin.py:190} INFO - [2025-02-12T05:11:11.587+0000] {dag.py:3239} INFO - Sync 1 DAGs
[2025-02-12T05:11:11.613+0000] {logging_mixin.py:190} INFO - [2025-02-12T05:11:11.612+0000] {dag.py:4180} INFO - Setting next_dagrun for example_display_name to None, run_after=None
[2025-02-12T05:11:11.646+0000] {processor.py:208} INFO - Processing /home/airflow/.local/lib/python3.12/site-packages/airflow/example_dags/example_display_name.py took 0.128 seconds
[2025-02-12T05:11:42.273+0000] {processor.py:186} INFO - Started process (PID=911) to work on /home/airflow/.local/lib/python3.12/site-packages/airflow/example_dags/example_display_name.py
[2025-02-12T05:11:42.274+0000] {processor.py:914} INFO - Processing file /home/airflow/.local/lib/python3.12/site-packages/airflow/example_dags/example_display_name.py for tasks to queue
[2025-02-12T05:11:42.277+0000] {logging_mixin.py:190} INFO - [2025-02-12T05:11:42.277+0000] {dagbag.py:588} INFO - Filling up the DagBag from /home/airflow/.local/lib/python3.12/site-packages/airflow/example_dags/example_display_name.py
[2025-02-12T05:11:42.292+0000] {processor.py:925} INFO - DAG(s) 'example_display_name' retrieved from /home/airflow/.local/lib/python3.12/site-packages/airflow/example_dags/example_display_name.py
[2025-02-12T05:11:42.326+0000] {logging_mixin.py:190} INFO - [2025-02-12T05:11:42.325+0000] {dag.py:3239} INFO - Sync 1 DAGs
[2025-02-12T05:11:42.350+0000] {logging_mixin.py:190} INFO - [2025-02-12T05:11:42.349+0000] {dag.py:4180} INFO - Setting next_dagrun for example_display_name to None, run_after=None
[2025-02-12T05:11:42.381+0000] {processor.py:208} INFO - Processing /home/airflow/.local/lib/python3.12/site-packages/airflow/example_dags/example_display_name.py took 0.117 seconds
[2025-02-12T05:12:13.223+0000] {processor.py:186} INFO - Started process (PID=976) to work on /home/airflow/.local/lib/python3.12/site-packages/airflow/example_dags/example_display_name.py
[2025-02-12T05:12:13.224+0000] {processor.py:914} INFO - Processing file /home/airflow/.local/lib/python3.12/site-packages/airflow/example_dags/example_display_name.py for tasks to queue
[2025-02-12T05:12:13.226+0000] {logging_mixin.py:190} INFO - [2025-02-12T05:12:13.226+0000] {dagbag.py:588} INFO - Filling up the DagBag from /home/airflow/.local/lib/python3.12/site-packages/airflow/example_dags/example_display_name.py
[2025-02-12T05:12:13.238+0000] {processor.py:925} INFO - DAG(s) 'example_display_name' retrieved from /home/airflow/.local/lib/python3.12/site-packages/airflow/example_dags/example_display_name.py
[2025-02-12T05:12:13.264+0000] {logging_mixin.py:190} INFO - [2025-02-12T05:12:13.264+0000] {dag.py:3239} INFO - Sync 1 DAGs
[2025-02-12T05:12:13.285+0000] {logging_mixin.py:190} INFO - [2025-02-12T05:12:13.285+0000] {dag.py:4180} INFO - Setting next_dagrun for example_display_name to None, run_after=None
[2025-02-12T05:12:13.308+0000] {processor.py:208} INFO - Processing /home/airflow/.local/lib/python3.12/site-packages/airflow/example_dags/example_display_name.py took 0.093 seconds
[2025-02-12T05:12:44.177+0000] {processor.py:186} INFO - Started process (PID=1041) to work on /home/airflow/.local/lib/python3.12/site-packages/airflow/example_dags/example_display_name.py
[2025-02-12T05:12:44.179+0000] {processor.py:914} INFO - Processing file /home/airflow/.local/lib/python3.12/site-packages/airflow/example_dags/example_display_name.py for tasks to queue
[2025-02-12T05:12:44.182+0000] {logging_mixin.py:190} INFO - [2025-02-12T05:12:44.181+0000] {dagbag.py:588} INFO - Filling up the DagBag from /home/airflow/.local/lib/python3.12/site-packages/airflow/example_dags/example_display_name.py
[2025-02-12T05:12:44.192+0000] {processor.py:925} INFO - DAG(s) 'example_display_name' retrieved from /home/airflow/.local/lib/python3.12/site-packages/airflow/example_dags/example_display_name.py
[2025-02-12T05:12:44.217+0000] {logging_mixin.py:190} INFO - [2025-02-12T05:12:44.217+0000] {dag.py:3239} INFO - Sync 1 DAGs
[2025-02-12T05:12:44.232+0000] {logging_mixin.py:190} INFO - [2025-02-12T05:12:44.232+0000] {dag.py:4180} INFO - Setting next_dagrun for example_display_name to None, run_after=None
[2025-02-12T05:12:44.259+0000] {processor.py:208} INFO - Processing /home/airflow/.local/lib/python3.12/site-packages/airflow/example_dags/example_display_name.py took 0.090 seconds
[2025-02-12T05:13:15.201+0000] {processor.py:186} INFO - Started process (PID=1107) to work on /home/airflow/.local/lib/python3.12/site-packages/airflow/example_dags/example_display_name.py
[2025-02-12T05:13:15.203+0000] {processor.py:914} INFO - Processing file /home/airflow/.local/lib/python3.12/site-packages/airflow/example_dags/example_display_name.py for tasks to queue
[2025-02-12T05:13:15.207+0000] {logging_mixin.py:190} INFO - [2025-02-12T05:13:15.206+0000] {dagbag.py:588} INFO - Filling up the DagBag from /home/airflow/.local/lib/python3.12/site-packages/airflow/example_dags/example_display_name.py
[2025-02-12T05:13:15.218+0000] {processor.py:925} INFO - DAG(s) 'example_display_name' retrieved from /home/airflow/.local/lib/python3.12/site-packages/airflow/example_dags/example_display_name.py
[2025-02-12T05:13:15.243+0000] {logging_mixin.py:190} INFO - [2025-02-12T05:13:15.242+0000] {dag.py:3239} INFO - Sync 1 DAGs
[2025-02-12T05:13:15.264+0000] {logging_mixin.py:190} INFO - [2025-02-12T05:13:15.264+0000] {dag.py:4180} INFO - Setting next_dagrun for example_display_name to None, run_after=None
[2025-02-12T05:13:15.295+0000] {processor.py:208} INFO - Processing /home/airflow/.local/lib/python3.12/site-packages/airflow/example_dags/example_display_name.py took 0.103 seconds
[2025-02-12T05:13:45.680+0000] {processor.py:186} INFO - Started process (PID=1172) to work on /home/airflow/.local/lib/python3.12/site-packages/airflow/example_dags/example_display_name.py
[2025-02-12T05:13:45.681+0000] {processor.py:914} INFO - Processing file /home/airflow/.local/lib/python3.12/site-packages/airflow/example_dags/example_display_name.py for tasks to queue
[2025-02-12T05:13:45.684+0000] {logging_mixin.py:190} INFO - [2025-02-12T05:13:45.683+0000] {dagbag.py:588} INFO - Filling up the DagBag from /home/airflow/.local/lib/python3.12/site-packages/airflow/example_dags/example_display_name.py
[2025-02-12T05:13:45.693+0000] {processor.py:925} INFO - DAG(s) 'example_display_name' retrieved from /home/airflow/.local/lib/python3.12/site-packages/airflow/example_dags/example_display_name.py
[2025-02-12T05:13:45.723+0000] {logging_mixin.py:190} INFO - [2025-02-12T05:13:45.723+0000] {dag.py:3239} INFO - Sync 1 DAGs
[2025-02-12T05:13:45.747+0000] {logging_mixin.py:190} INFO - [2025-02-12T05:13:45.746+0000] {dag.py:4180} INFO - Setting next_dagrun for example_display_name to None, run_after=None
[2025-02-12T05:13:45.786+0000] {processor.py:208} INFO - Processing /home/airflow/.local/lib/python3.12/site-packages/airflow/example_dags/example_display_name.py took 0.114 seconds
[2025-02-12T05:14:16.341+0000] {processor.py:186} INFO - Started process (PID=1244) to work on /home/airflow/.local/lib/python3.12/site-packages/airflow/example_dags/example_display_name.py
[2025-02-12T05:14:16.343+0000] {processor.py:914} INFO - Processing file /home/airflow/.local/lib/python3.12/site-packages/airflow/example_dags/example_display_name.py for tasks to queue
[2025-02-12T05:14:16.345+0000] {logging_mixin.py:190} INFO - [2025-02-12T05:14:16.345+0000] {dagbag.py:588} INFO - Filling up the DagBag from /home/airflow/.local/lib/python3.12/site-packages/airflow/example_dags/example_display_name.py
[2025-02-12T05:14:16.355+0000] {processor.py:925} INFO - DAG(s) 'example_display_name' retrieved from /home/airflow/.local/lib/python3.12/site-packages/airflow/example_dags/example_display_name.py
[2025-02-12T05:14:16.382+0000] {logging_mixin.py:190} INFO - [2025-02-12T05:14:16.381+0000] {dag.py:3239} INFO - Sync 1 DAGs
[2025-02-12T05:14:16.401+0000] {logging_mixin.py:190} INFO - [2025-02-12T05:14:16.400+0000] {dag.py:4180} INFO - Setting next_dagrun for example_display_name to None, run_after=None
[2025-02-12T05:14:16.426+0000] {processor.py:208} INFO - Processing /home/airflow/.local/lib/python3.12/site-packages/airflow/example_dags/example_display_name.py took 0.092 seconds
[2025-02-12T05:14:46.662+0000] {processor.py:186} INFO - Started process (PID=1310) to work on /home/airflow/.local/lib/python3.12/site-packages/airflow/example_dags/example_display_name.py
[2025-02-12T05:14:46.662+0000] {processor.py:914} INFO - Processing file /home/airflow/.local/lib/python3.12/site-packages/airflow/example_dags/example_display_name.py for tasks to queue
[2025-02-12T05:14:46.665+0000] {logging_mixin.py:190} INFO - [2025-02-12T05:14:46.665+0000] {dagbag.py:588} INFO - Filling up the DagBag from /home/airflow/.local/lib/python3.12/site-packages/airflow/example_dags/example_display_name.py
[2025-02-12T05:14:46.674+0000] {processor.py:925} INFO - DAG(s) 'example_display_name' retrieved from /home/airflow/.local/lib/python3.12/site-packages/airflow/example_dags/example_display_name.py
[2025-02-12T05:14:46.695+0000] {logging_mixin.py:190} INFO - [2025-02-12T05:14:46.694+0000] {dag.py:3239} INFO - Sync 1 DAGs
[2025-02-12T05:14:46.709+0000] {logging_mixin.py:190} INFO - [2025-02-12T05:14:46.709+0000] {dag.py:4180} INFO - Setting next_dagrun for example_display_name to None, run_after=None
[2025-02-12T05:14:46.732+0000] {processor.py:208} INFO - Processing /home/airflow/.local/lib/python3.12/site-packages/airflow/example_dags/example_display_name.py took 0.077 seconds
[2025-02-12T05:15:17.521+0000] {processor.py:186} INFO - Started process (PID=1376) to work on /home/airflow/.local/lib/python3.12/site-packages/airflow/example_dags/example_display_name.py
[2025-02-12T05:15:17.522+0000] {processor.py:914} INFO - Processing file /home/airflow/.local/lib/python3.12/site-packages/airflow/example_dags/example_display_name.py for tasks to queue
[2025-02-12T05:15:17.525+0000] {logging_mixin.py:190} INFO - [2025-02-12T05:15:17.525+0000] {dagbag.py:588} INFO - Filling up the DagBag from /home/airflow/.local/lib/python3.12/site-packages/airflow/example_dags/example_display_name.py
[2025-02-12T05:15:17.535+0000] {processor.py:925} INFO - DAG(s) 'example_display_name' retrieved from /home/airflow/.local/lib/python3.12/site-packages/airflow/example_dags/example_display_name.py
[2025-02-12T05:15:17.564+0000] {logging_mixin.py:190} INFO - [2025-02-12T05:15:17.563+0000] {dag.py:3239} INFO - Sync 1 DAGs
[2025-02-12T05:15:17.588+0000] {logging_mixin.py:190} INFO - [2025-02-12T05:15:17.588+0000] {dag.py:4180} INFO - Setting next_dagrun for example_display_name to None, run_after=None
[2025-02-12T05:15:17.612+0000] {processor.py:208} INFO - Processing /home/airflow/.local/lib/python3.12/site-packages/airflow/example_dags/example_display_name.py took 0.098 seconds
[2025-02-12T05:15:47.707+0000] {processor.py:186} INFO - Started process (PID=1442) to work on /home/airflow/.local/lib/python3.12/site-packages/airflow/example_dags/example_display_name.py
[2025-02-12T05:15:47.708+0000] {processor.py:914} INFO - Processing file /home/airflow/.local/lib/python3.12/site-packages/airflow/example_dags/example_display_name.py for tasks to queue
[2025-02-12T05:15:47.711+0000] {logging_mixin.py:190} INFO - [2025-02-12T05:15:47.710+0000] {dagbag.py:588} INFO - Filling up the DagBag from /home/airflow/.local/lib/python3.12/site-packages/airflow/example_dags/example_display_name.py
[2025-02-12T05:15:47.722+0000] {processor.py:925} INFO - DAG(s) 'example_display_name' retrieved from /home/airflow/.local/lib/python3.12/site-packages/airflow/example_dags/example_display_name.py
[2025-02-12T05:15:47.748+0000] {logging_mixin.py:190} INFO - [2025-02-12T05:15:47.748+0000] {dag.py:3239} INFO - Sync 1 DAGs
[2025-02-12T05:15:47.767+0000] {logging_mixin.py:190} INFO - [2025-02-12T05:15:47.767+0000] {dag.py:4180} INFO - Setting next_dagrun for example_display_name to None, run_after=None
[2025-02-12T05:15:47.793+0000] {processor.py:208} INFO - Processing /home/airflow/.local/lib/python3.12/site-packages/airflow/example_dags/example_display_name.py took 0.093 seconds
[2025-02-12T05:16:18.644+0000] {processor.py:186} INFO - Started process (PID=1508) to work on /home/airflow/.local/lib/python3.12/site-packages/airflow/example_dags/example_display_name.py
[2025-02-12T05:16:18.645+0000] {processor.py:914} INFO - Processing file /home/airflow/.local/lib/python3.12/site-packages/airflow/example_dags/example_display_name.py for tasks to queue
[2025-02-12T05:16:18.648+0000] {logging_mixin.py:190} INFO - [2025-02-12T05:16:18.647+0000] {dagbag.py:588} INFO - Filling up the DagBag from /home/airflow/.local/lib/python3.12/site-packages/airflow/example_dags/example_display_name.py
[2025-02-12T05:16:18.660+0000] {processor.py:925} INFO - DAG(s) 'example_display_name' retrieved from /home/airflow/.local/lib/python3.12/site-packages/airflow/example_dags/example_display_name.py
[2025-02-12T05:16:18.685+0000] {logging_mixin.py:190} INFO - [2025-02-12T05:16:18.684+0000] {dag.py:3239} INFO - Sync 1 DAGs
[2025-02-12T05:16:18.704+0000] {logging_mixin.py:190} INFO - [2025-02-12T05:16:18.703+0000] {dag.py:4180} INFO - Setting next_dagrun for example_display_name to None, run_after=None
[2025-02-12T05:16:18.728+0000] {processor.py:208} INFO - Processing /home/airflow/.local/lib/python3.12/site-packages/airflow/example_dags/example_display_name.py took 0.091 seconds
[2025-02-12T05:16:49.183+0000] {processor.py:186} INFO - Started process (PID=1575) to work on /home/airflow/.local/lib/python3.12/site-packages/airflow/example_dags/example_display_name.py
[2025-02-12T05:16:49.184+0000] {processor.py:914} INFO - Processing file /home/airflow/.local/lib/python3.12/site-packages/airflow/example_dags/example_display_name.py for tasks to queue
[2025-02-12T05:16:49.186+0000] {logging_mixin.py:190} INFO - [2025-02-12T05:16:49.186+0000] {dagbag.py:588} INFO - Filling up the DagBag from /home/airflow/.local/lib/python3.12/site-packages/airflow/example_dags/example_display_name.py
[2025-02-12T05:16:49.194+0000] {processor.py:925} INFO - DAG(s) 'example_display_name' retrieved from /home/airflow/.local/lib/python3.12/site-packages/airflow/example_dags/example_display_name.py
[2025-02-12T05:16:49.216+0000] {logging_mixin.py:190} INFO - [2025-02-12T05:16:49.216+0000] {dag.py:3239} INFO - Sync 1 DAGs
[2025-02-12T05:16:49.229+0000] {logging_mixin.py:190} INFO - [2025-02-12T05:16:49.229+0000] {dag.py:4180} INFO - Setting next_dagrun for example_display_name to None, run_after=None
[2025-02-12T05:16:49.250+0000] {processor.py:208} INFO - Processing /home/airflow/.local/lib/python3.12/site-packages/airflow/example_dags/example_display_name.py took 0.076 seconds
[2025-02-12T05:17:19.367+0000] {processor.py:186} INFO - Started process (PID=1641) to work on /home/airflow/.local/lib/python3.12/site-packages/airflow/example_dags/example_display_name.py
[2025-02-12T05:17:19.368+0000] {processor.py:914} INFO - Processing file /home/airflow/.local/lib/python3.12/site-packages/airflow/example_dags/example_display_name.py for tasks to queue
[2025-02-12T05:17:19.371+0000] {logging_mixin.py:190} INFO - [2025-02-12T05:17:19.371+0000] {dagbag.py:588} INFO - Filling up the DagBag from /home/airflow/.local/lib/python3.12/site-packages/airflow/example_dags/example_display_name.py
[2025-02-12T05:17:19.383+0000] {processor.py:925} INFO - DAG(s) 'example_display_name' retrieved from /home/airflow/.local/lib/python3.12/site-packages/airflow/example_dags/example_display_name.py
[2025-02-12T05:17:19.413+0000] {logging_mixin.py:190} INFO - [2025-02-12T05:17:19.412+0000] {dag.py:3239} INFO - Sync 1 DAGs
[2025-02-12T05:17:19.434+0000] {logging_mixin.py:190} INFO - [2025-02-12T05:17:19.434+0000] {dag.py:4180} INFO - Setting next_dagrun for example_display_name to None, run_after=None
[2025-02-12T05:17:19.468+0000] {processor.py:208} INFO - Processing /home/airflow/.local/lib/python3.12/site-packages/airflow/example_dags/example_display_name.py took 0.109 seconds
[2025-02-12T05:17:50.267+0000] {processor.py:186} INFO - Started process (PID=1707) to work on /home/airflow/.local/lib/python3.12/site-packages/airflow/example_dags/example_display_name.py
[2025-02-12T05:17:50.269+0000] {processor.py:914} INFO - Processing file /home/airflow/.local/lib/python3.12/site-packages/airflow/example_dags/example_display_name.py for tasks to queue
[2025-02-12T05:17:50.273+0000] {logging_mixin.py:190} INFO - [2025-02-12T05:17:50.272+0000] {dagbag.py:588} INFO - Filling up the DagBag from /home/airflow/.local/lib/python3.12/site-packages/airflow/example_dags/example_display_name.py
[2025-02-12T05:17:50.286+0000] {processor.py:925} INFO - DAG(s) 'example_display_name' retrieved from /home/airflow/.local/lib/python3.12/site-packages/airflow/example_dags/example_display_name.py
[2025-02-12T05:17:50.316+0000] {logging_mixin.py:190} INFO - [2025-02-12T05:17:50.316+0000] {dag.py:3239} INFO - Sync 1 DAGs
[2025-02-12T05:17:50.340+0000] {logging_mixin.py:190} INFO - [2025-02-12T05:17:50.340+0000] {dag.py:4180} INFO - Setting next_dagrun for example_display_name to None, run_after=None
[2025-02-12T05:17:50.374+0000] {processor.py:208} INFO - Processing /home/airflow/.local/lib/python3.12/site-packages/airflow/example_dags/example_display_name.py took 0.117 seconds
[2025-02-12T05:18:20.743+0000] {processor.py:186} INFO - Started process (PID=1773) to work on /home/airflow/.local/lib/python3.12/site-packages/airflow/example_dags/example_display_name.py
[2025-02-12T05:18:20.744+0000] {processor.py:914} INFO - Processing file /home/airflow/.local/lib/python3.12/site-packages/airflow/example_dags/example_display_name.py for tasks to queue
[2025-02-12T05:18:20.748+0000] {logging_mixin.py:190} INFO - [2025-02-12T05:18:20.747+0000] {dagbag.py:588} INFO - Filling up the DagBag from /home/airflow/.local/lib/python3.12/site-packages/airflow/example_dags/example_display_name.py
[2025-02-12T05:18:20.760+0000] {processor.py:925} INFO - DAG(s) 'example_display_name' retrieved from /home/airflow/.local/lib/python3.12/site-packages/airflow/example_dags/example_display_name.py
[2025-02-12T05:18:20.789+0000] {logging_mixin.py:190} INFO - [2025-02-12T05:18:20.789+0000] {dag.py:3239} INFO - Sync 1 DAGs
[2025-02-12T05:18:20.811+0000] {logging_mixin.py:190} INFO - [2025-02-12T05:18:20.811+0000] {dag.py:4180} INFO - Setting next_dagrun for example_display_name to None, run_after=None
[2025-02-12T05:18:20.845+0000] {processor.py:208} INFO - Processing /home/airflow/.local/lib/python3.12/site-packages/airflow/example_dags/example_display_name.py took 0.110 seconds
[2025-02-12T05:18:51.131+0000] {processor.py:186} INFO - Started process (PID=1839) to work on /home/airflow/.local/lib/python3.12/site-packages/airflow/example_dags/example_display_name.py
[2025-02-12T05:18:51.132+0000] {processor.py:914} INFO - Processing file /home/airflow/.local/lib/python3.12/site-packages/airflow/example_dags/example_display_name.py for tasks to queue
[2025-02-12T05:18:51.135+0000] {logging_mixin.py:190} INFO - [2025-02-12T05:18:51.135+0000] {dagbag.py:588} INFO - Filling up the DagBag from /home/airflow/.local/lib/python3.12/site-packages/airflow/example_dags/example_display_name.py
[2025-02-12T05:18:51.147+0000] {processor.py:925} INFO - DAG(s) 'example_display_name' retrieved from /home/airflow/.local/lib/python3.12/site-packages/airflow/example_dags/example_display_name.py
[2025-02-12T05:18:51.179+0000] {logging_mixin.py:190} INFO - [2025-02-12T05:18:51.179+0000] {dag.py:3239} INFO - Sync 1 DAGs
[2025-02-12T05:18:51.199+0000] {logging_mixin.py:190} INFO - [2025-02-12T05:18:51.199+0000] {dag.py:4180} INFO - Setting next_dagrun for example_display_name to None, run_after=None
[2025-02-12T05:18:51.227+0000] {processor.py:208} INFO - Processing /home/airflow/.local/lib/python3.12/site-packages/airflow/example_dags/example_display_name.py took 0.105 seconds
[2025-02-12T05:19:21.619+0000] {processor.py:186} INFO - Started process (PID=1905) to work on /home/airflow/.local/lib/python3.12/site-packages/airflow/example_dags/example_display_name.py
[2025-02-12T05:19:21.620+0000] {processor.py:914} INFO - Processing file /home/airflow/.local/lib/python3.12/site-packages/airflow/example_dags/example_display_name.py for tasks to queue
[2025-02-12T05:19:21.623+0000] {logging_mixin.py:190} INFO - [2025-02-12T05:19:21.623+0000] {dagbag.py:588} INFO - Filling up the DagBag from /home/airflow/.local/lib/python3.12/site-packages/airflow/example_dags/example_display_name.py
[2025-02-12T05:19:21.630+0000] {processor.py:925} INFO - DAG(s) 'example_display_name' retrieved from /home/airflow/.local/lib/python3.12/site-packages/airflow/example_dags/example_display_name.py
[2025-02-12T05:19:21.649+0000] {logging_mixin.py:190} INFO - [2025-02-12T05:19:21.649+0000] {dag.py:3239} INFO - Sync 1 DAGs
[2025-02-12T05:19:21.664+0000] {logging_mixin.py:190} INFO - [2025-02-12T05:19:21.663+0000] {dag.py:4180} INFO - Setting next_dagrun for example_display_name to None, run_after=None
[2025-02-12T05:19:21.681+0000] {processor.py:208} INFO - Processing /home/airflow/.local/lib/python3.12/site-packages/airflow/example_dags/example_display_name.py took 0.068 seconds
[2025-02-12T05:19:53.169+0000] {processor.py:186} INFO - Started process (PID=1971) to work on /home/airflow/.local/lib/python3.12/site-packages/airflow/example_dags/example_display_name.py
[2025-02-12T05:19:53.170+0000] {processor.py:914} INFO - Processing file /home/airflow/.local/lib/python3.12/site-packages/airflow/example_dags/example_display_name.py for tasks to queue
[2025-02-12T05:19:53.172+0000] {logging_mixin.py:190} INFO - [2025-02-12T05:19:53.172+0000] {dagbag.py:588} INFO - Filling up the DagBag from /home/airflow/.local/lib/python3.12/site-packages/airflow/example_dags/example_display_name.py
[2025-02-12T05:19:53.179+0000] {processor.py:925} INFO - DAG(s) 'example_display_name' retrieved from /home/airflow/.local/lib/python3.12/site-packages/airflow/example_dags/example_display_name.py
[2025-02-12T05:19:53.199+0000] {logging_mixin.py:190} INFO - [2025-02-12T05:19:53.199+0000] {dag.py:3239} INFO - Sync 1 DAGs
[2025-02-12T05:19:53.214+0000] {logging_mixin.py:190} INFO - [2025-02-12T05:19:53.213+0000] {dag.py:4180} INFO - Setting next_dagrun for example_display_name to None, run_after=None
[2025-02-12T05:19:53.233+0000] {processor.py:208} INFO - Processing /home/airflow/.local/lib/python3.12/site-packages/airflow/example_dags/example_display_name.py took 0.070 seconds
[2025-02-12T05:20:23.328+0000] {processor.py:186} INFO - Started process (PID=2037) to work on /home/airflow/.local/lib/python3.12/site-packages/airflow/example_dags/example_display_name.py
[2025-02-12T05:20:23.329+0000] {processor.py:914} INFO - Processing file /home/airflow/.local/lib/python3.12/site-packages/airflow/example_dags/example_display_name.py for tasks to queue
[2025-02-12T05:20:23.331+0000] {logging_mixin.py:190} INFO - [2025-02-12T05:20:23.331+0000] {dagbag.py:588} INFO - Filling up the DagBag from /home/airflow/.local/lib/python3.12/site-packages/airflow/example_dags/example_display_name.py
[2025-02-12T05:20:23.339+0000] {processor.py:925} INFO - DAG(s) 'example_display_name' retrieved from /home/airflow/.local/lib/python3.12/site-packages/airflow/example_dags/example_display_name.py
[2025-02-12T05:20:23.358+0000] {logging_mixin.py:190} INFO - [2025-02-12T05:20:23.357+0000] {dag.py:3239} INFO - Sync 1 DAGs
[2025-02-12T05:20:23.372+0000] {logging_mixin.py:190} INFO - [2025-02-12T05:20:23.372+0000] {dag.py:4180} INFO - Setting next_dagrun for example_display_name to None, run_after=None
[2025-02-12T05:20:23.582+0000] {processor.py:208} INFO - Processing /home/airflow/.local/lib/python3.12/site-packages/airflow/example_dags/example_display_name.py took 0.260 seconds
[2025-02-12T05:20:53.854+0000] {processor.py:186} INFO - Started process (PID=2103) to work on /home/airflow/.local/lib/python3.12/site-packages/airflow/example_dags/example_display_name.py
[2025-02-12T05:20:53.855+0000] {processor.py:914} INFO - Processing file /home/airflow/.local/lib/python3.12/site-packages/airflow/example_dags/example_display_name.py for tasks to queue
[2025-02-12T05:20:53.857+0000] {logging_mixin.py:190} INFO - [2025-02-12T05:20:53.856+0000] {dagbag.py:588} INFO - Filling up the DagBag from /home/airflow/.local/lib/python3.12/site-packages/airflow/example_dags/example_display_name.py
[2025-02-12T05:20:53.864+0000] {processor.py:925} INFO - DAG(s) 'example_display_name' retrieved from /home/airflow/.local/lib/python3.12/site-packages/airflow/example_dags/example_display_name.py
[2025-02-12T05:20:53.884+0000] {logging_mixin.py:190} INFO - [2025-02-12T05:20:53.883+0000] {dag.py:3239} INFO - Sync 1 DAGs
[2025-02-12T05:20:53.898+0000] {logging_mixin.py:190} INFO - [2025-02-12T05:20:53.898+0000] {dag.py:4180} INFO - Setting next_dagrun for example_display_name to None, run_after=None
[2025-02-12T05:20:53.916+0000] {processor.py:208} INFO - Processing /home/airflow/.local/lib/python3.12/site-packages/airflow/example_dags/example_display_name.py took 0.069 seconds
[2025-02-12T05:21:24.496+0000] {processor.py:186} INFO - Started process (PID=2169) to work on /home/airflow/.local/lib/python3.12/site-packages/airflow/example_dags/example_display_name.py
[2025-02-12T05:21:24.496+0000] {processor.py:914} INFO - Processing file /home/airflow/.local/lib/python3.12/site-packages/airflow/example_dags/example_display_name.py for tasks to queue
[2025-02-12T05:21:24.499+0000] {logging_mixin.py:190} INFO - [2025-02-12T05:21:24.498+0000] {dagbag.py:588} INFO - Filling up the DagBag from /home/airflow/.local/lib/python3.12/site-packages/airflow/example_dags/example_display_name.py
[2025-02-12T05:21:24.506+0000] {processor.py:925} INFO - DAG(s) 'example_display_name' retrieved from /home/airflow/.local/lib/python3.12/site-packages/airflow/example_dags/example_display_name.py
[2025-02-12T05:21:24.525+0000] {logging_mixin.py:190} INFO - [2025-02-12T05:21:24.525+0000] {dag.py:3239} INFO - Sync 1 DAGs
[2025-02-12T05:21:24.538+0000] {logging_mixin.py:190} INFO - [2025-02-12T05:21:24.538+0000] {dag.py:4180} INFO - Setting next_dagrun for example_display_name to None, run_after=None
[2025-02-12T05:21:24.556+0000] {processor.py:208} INFO - Processing /home/airflow/.local/lib/python3.12/site-packages/airflow/example_dags/example_display_name.py took 0.066 seconds
[2025-02-12T05:21:54.859+0000] {processor.py:186} INFO - Started process (PID=2235) to work on /home/airflow/.local/lib/python3.12/site-packages/airflow/example_dags/example_display_name.py
[2025-02-12T05:21:54.860+0000] {processor.py:914} INFO - Processing file /home/airflow/.local/lib/python3.12/site-packages/airflow/example_dags/example_display_name.py for tasks to queue
[2025-02-12T05:21:54.863+0000] {logging_mixin.py:190} INFO - [2025-02-12T05:21:54.863+0000] {dagbag.py:588} INFO - Filling up the DagBag from /home/airflow/.local/lib/python3.12/site-packages/airflow/example_dags/example_display_name.py
[2025-02-12T05:21:54.871+0000] {processor.py:925} INFO - DAG(s) 'example_display_name' retrieved from /home/airflow/.local/lib/python3.12/site-packages/airflow/example_dags/example_display_name.py
[2025-02-12T05:21:54.891+0000] {logging_mixin.py:190} INFO - [2025-02-12T05:21:54.891+0000] {dag.py:3239} INFO - Sync 1 DAGs
[2025-02-12T05:21:54.903+0000] {logging_mixin.py:190} INFO - [2025-02-12T05:21:54.903+0000] {dag.py:4180} INFO - Setting next_dagrun for example_display_name to None, run_after=None
[2025-02-12T05:21:54.922+0000] {processor.py:208} INFO - Processing /home/airflow/.local/lib/python3.12/site-packages/airflow/example_dags/example_display_name.py took 0.069 seconds
[2025-02-12T05:22:25.386+0000] {processor.py:186} INFO - Started process (PID=2301) to work on /home/airflow/.local/lib/python3.12/site-packages/airflow/example_dags/example_display_name.py
[2025-02-12T05:22:25.387+0000] {processor.py:914} INFO - Processing file /home/airflow/.local/lib/python3.12/site-packages/airflow/example_dags/example_display_name.py for tasks to queue
[2025-02-12T05:22:25.389+0000] {logging_mixin.py:190} INFO - [2025-02-12T05:22:25.389+0000] {dagbag.py:588} INFO - Filling up the DagBag from /home/airflow/.local/lib/python3.12/site-packages/airflow/example_dags/example_display_name.py
[2025-02-12T05:22:25.397+0000] {processor.py:925} INFO - DAG(s) 'example_display_name' retrieved from /home/airflow/.local/lib/python3.12/site-packages/airflow/example_dags/example_display_name.py
[2025-02-12T05:22:25.427+0000] {logging_mixin.py:190} INFO - [2025-02-12T05:22:25.426+0000] {dag.py:3239} INFO - Sync 1 DAGs
[2025-02-12T05:22:25.450+0000] {logging_mixin.py:190} INFO - [2025-02-12T05:22:25.449+0000] {dag.py:4180} INFO - Setting next_dagrun for example_display_name to None, run_after=None
[2025-02-12T05:22:25.479+0000] {processor.py:208} INFO - Processing /home/airflow/.local/lib/python3.12/site-packages/airflow/example_dags/example_display_name.py took 0.099 seconds
[2025-02-12T05:22:55.828+0000] {processor.py:186} INFO - Started process (PID=2367) to work on /home/airflow/.local/lib/python3.12/site-packages/airflow/example_dags/example_display_name.py
[2025-02-12T05:22:55.829+0000] {processor.py:914} INFO - Processing file /home/airflow/.local/lib/python3.12/site-packages/airflow/example_dags/example_display_name.py for tasks to queue
[2025-02-12T05:22:55.832+0000] {logging_mixin.py:190} INFO - [2025-02-12T05:22:55.832+0000] {dagbag.py:588} INFO - Filling up the DagBag from /home/airflow/.local/lib/python3.12/site-packages/airflow/example_dags/example_display_name.py
[2025-02-12T05:22:55.841+0000] {processor.py:925} INFO - DAG(s) 'example_display_name' retrieved from /home/airflow/.local/lib/python3.12/site-packages/airflow/example_dags/example_display_name.py
[2025-02-12T05:22:55.864+0000] {logging_mixin.py:190} INFO - [2025-02-12T05:22:55.864+0000] {dag.py:3239} INFO - Sync 1 DAGs
[2025-02-12T05:22:55.884+0000] {logging_mixin.py:190} INFO - [2025-02-12T05:22:55.884+0000] {dag.py:4180} INFO - Setting next_dagrun for example_display_name to None, run_after=None
[2025-02-12T05:22:55.910+0000] {processor.py:208} INFO - Processing /home/airflow/.local/lib/python3.12/site-packages/airflow/example_dags/example_display_name.py took 0.091 seconds
[2025-02-12T05:23:26.035+0000] {processor.py:186} INFO - Started process (PID=2433) to work on /home/airflow/.local/lib/python3.12/site-packages/airflow/example_dags/example_display_name.py
[2025-02-12T05:23:26.036+0000] {processor.py:914} INFO - Processing file /home/airflow/.local/lib/python3.12/site-packages/airflow/example_dags/example_display_name.py for tasks to queue
[2025-02-12T05:23:26.038+0000] {logging_mixin.py:190} INFO - [2025-02-12T05:23:26.038+0000] {dagbag.py:588} INFO - Filling up the DagBag from /home/airflow/.local/lib/python3.12/site-packages/airflow/example_dags/example_display_name.py
[2025-02-12T05:23:26.045+0000] {processor.py:925} INFO - DAG(s) 'example_display_name' retrieved from /home/airflow/.local/lib/python3.12/site-packages/airflow/example_dags/example_display_name.py
[2025-02-12T05:23:26.062+0000] {logging_mixin.py:190} INFO - [2025-02-12T05:23:26.062+0000] {dag.py:3239} INFO - Sync 1 DAGs
[2025-02-12T05:23:26.075+0000] {logging_mixin.py:190} INFO - [2025-02-12T05:23:26.074+0000] {dag.py:4180} INFO - Setting next_dagrun for example_display_name to None, run_after=None
[2025-02-12T05:23:26.092+0000] {processor.py:208} INFO - Processing /home/airflow/.local/lib/python3.12/site-packages/airflow/example_dags/example_display_name.py took 0.062 seconds
[2025-02-12T05:23:56.451+0000] {processor.py:186} INFO - Started process (PID=2499) to work on /home/airflow/.local/lib/python3.12/site-packages/airflow/example_dags/example_display_name.py
[2025-02-12T05:23:56.452+0000] {processor.py:914} INFO - Processing file /home/airflow/.local/lib/python3.12/site-packages/airflow/example_dags/example_display_name.py for tasks to queue
[2025-02-12T05:23:56.454+0000] {logging_mixin.py:190} INFO - [2025-02-12T05:23:56.454+0000] {dagbag.py:588} INFO - Filling up the DagBag from /home/airflow/.local/lib/python3.12/site-packages/airflow/example_dags/example_display_name.py
[2025-02-12T05:23:56.462+0000] {processor.py:925} INFO - DAG(s) 'example_display_name' retrieved from /home/airflow/.local/lib/python3.12/site-packages/airflow/example_dags/example_display_name.py
[2025-02-12T05:23:56.481+0000] {logging_mixin.py:190} INFO - [2025-02-12T05:23:56.481+0000] {dag.py:3239} INFO - Sync 1 DAGs
[2025-02-12T05:23:56.496+0000] {logging_mixin.py:190} INFO - [2025-02-12T05:23:56.496+0000] {dag.py:4180} INFO - Setting next_dagrun for example_display_name to None, run_after=None
[2025-02-12T05:23:56.515+0000] {processor.py:208} INFO - Processing /home/airflow/.local/lib/python3.12/site-packages/airflow/example_dags/example_display_name.py took 0.070 seconds
[2025-02-12T05:24:26.997+0000] {processor.py:186} INFO - Started process (PID=2565) to work on /home/airflow/.local/lib/python3.12/site-packages/airflow/example_dags/example_display_name.py
[2025-02-12T05:24:26.998+0000] {processor.py:914} INFO - Processing file /home/airflow/.local/lib/python3.12/site-packages/airflow/example_dags/example_display_name.py for tasks to queue
[2025-02-12T05:24:27.000+0000] {logging_mixin.py:190} INFO - [2025-02-12T05:24:27.000+0000] {dagbag.py:588} INFO - Filling up the DagBag from /home/airflow/.local/lib/python3.12/site-packages/airflow/example_dags/example_display_name.py
[2025-02-12T05:24:27.008+0000] {processor.py:925} INFO - DAG(s) 'example_display_name' retrieved from /home/airflow/.local/lib/python3.12/site-packages/airflow/example_dags/example_display_name.py
[2025-02-12T05:24:27.027+0000] {logging_mixin.py:190} INFO - [2025-02-12T05:24:27.027+0000] {dag.py:3239} INFO - Sync 1 DAGs
[2025-02-12T05:24:27.039+0000] {logging_mixin.py:190} INFO - [2025-02-12T05:24:27.039+0000] {dag.py:4180} INFO - Setting next_dagrun for example_display_name to None, run_after=None
[2025-02-12T05:24:27.056+0000] {processor.py:208} INFO - Processing /home/airflow/.local/lib/python3.12/site-packages/airflow/example_dags/example_display_name.py took 0.065 seconds
[2025-02-12T05:24:57.540+0000] {processor.py:186} INFO - Started process (PID=2631) to work on /home/airflow/.local/lib/python3.12/site-packages/airflow/example_dags/example_display_name.py
[2025-02-12T05:24:57.541+0000] {processor.py:914} INFO - Processing file /home/airflow/.local/lib/python3.12/site-packages/airflow/example_dags/example_display_name.py for tasks to queue
[2025-02-12T05:24:57.543+0000] {logging_mixin.py:190} INFO - [2025-02-12T05:24:57.543+0000] {dagbag.py:588} INFO - Filling up the DagBag from /home/airflow/.local/lib/python3.12/site-packages/airflow/example_dags/example_display_name.py
[2025-02-12T05:24:57.553+0000] {processor.py:925} INFO - DAG(s) 'example_display_name' retrieved from /home/airflow/.local/lib/python3.12/site-packages/airflow/example_dags/example_display_name.py
[2025-02-12T05:24:57.575+0000] {logging_mixin.py:190} INFO - [2025-02-12T05:24:57.574+0000] {dag.py:3239} INFO - Sync 1 DAGs
[2025-02-12T05:24:57.588+0000] {logging_mixin.py:190} INFO - [2025-02-12T05:24:57.588+0000] {dag.py:4180} INFO - Setting next_dagrun for example_display_name to None, run_after=None
[2025-02-12T05:24:57.608+0000] {processor.py:208} INFO - Processing /home/airflow/.local/lib/python3.12/site-packages/airflow/example_dags/example_display_name.py took 0.075 seconds
[2025-02-12T05:25:27.862+0000] {processor.py:186} INFO - Started process (PID=2697) to work on /home/airflow/.local/lib/python3.12/site-packages/airflow/example_dags/example_display_name.py
[2025-02-12T05:25:27.862+0000] {processor.py:914} INFO - Processing file /home/airflow/.local/lib/python3.12/site-packages/airflow/example_dags/example_display_name.py for tasks to queue
[2025-02-12T05:25:27.865+0000] {logging_mixin.py:190} INFO - [2025-02-12T05:25:27.864+0000] {dagbag.py:588} INFO - Filling up the DagBag from /home/airflow/.local/lib/python3.12/site-packages/airflow/example_dags/example_display_name.py
[2025-02-12T05:25:27.873+0000] {processor.py:925} INFO - DAG(s) 'example_display_name' retrieved from /home/airflow/.local/lib/python3.12/site-packages/airflow/example_dags/example_display_name.py
[2025-02-12T05:25:27.891+0000] {logging_mixin.py:190} INFO - [2025-02-12T05:25:27.891+0000] {dag.py:3239} INFO - Sync 1 DAGs
[2025-02-12T05:25:27.903+0000] {logging_mixin.py:190} INFO - [2025-02-12T05:25:27.903+0000] {dag.py:4180} INFO - Setting next_dagrun for example_display_name to None, run_after=None
[2025-02-12T05:25:27.918+0000] {processor.py:208} INFO - Processing /home/airflow/.local/lib/python3.12/site-packages/airflow/example_dags/example_display_name.py took 0.062 seconds
[2025-02-12T05:25:58.255+0000] {processor.py:186} INFO - Started process (PID=2763) to work on /home/airflow/.local/lib/python3.12/site-packages/airflow/example_dags/example_display_name.py
[2025-02-12T05:25:58.256+0000] {processor.py:914} INFO - Processing file /home/airflow/.local/lib/python3.12/site-packages/airflow/example_dags/example_display_name.py for tasks to queue
[2025-02-12T05:25:58.259+0000] {logging_mixin.py:190} INFO - [2025-02-12T05:25:58.258+0000] {dagbag.py:588} INFO - Filling up the DagBag from /home/airflow/.local/lib/python3.12/site-packages/airflow/example_dags/example_display_name.py
[2025-02-12T05:25:58.267+0000] {processor.py:925} INFO - DAG(s) 'example_display_name' retrieved from /home/airflow/.local/lib/python3.12/site-packages/airflow/example_dags/example_display_name.py
[2025-02-12T05:25:58.284+0000] {logging_mixin.py:190} INFO - [2025-02-12T05:25:58.284+0000] {dag.py:3239} INFO - Sync 1 DAGs
[2025-02-12T05:25:58.297+0000] {logging_mixin.py:190} INFO - [2025-02-12T05:25:58.296+0000] {dag.py:4180} INFO - Setting next_dagrun for example_display_name to None, run_after=None
[2025-02-12T05:25:58.314+0000] {processor.py:208} INFO - Processing /home/airflow/.local/lib/python3.12/site-packages/airflow/example_dags/example_display_name.py took 0.065 seconds
[2025-02-12T05:26:29.256+0000] {processor.py:186} INFO - Started process (PID=2829) to work on /home/airflow/.local/lib/python3.12/site-packages/airflow/example_dags/example_display_name.py
[2025-02-12T05:26:29.257+0000] {processor.py:914} INFO - Processing file /home/airflow/.local/lib/python3.12/site-packages/airflow/example_dags/example_display_name.py for tasks to queue
[2025-02-12T05:26:29.259+0000] {logging_mixin.py:190} INFO - [2025-02-12T05:26:29.259+0000] {dagbag.py:588} INFO - Filling up the DagBag from /home/airflow/.local/lib/python3.12/site-packages/airflow/example_dags/example_display_name.py
[2025-02-12T05:26:29.268+0000] {processor.py:925} INFO - DAG(s) 'example_display_name' retrieved from /home/airflow/.local/lib/python3.12/site-packages/airflow/example_dags/example_display_name.py
[2025-02-12T05:26:29.289+0000] {logging_mixin.py:190} INFO - [2025-02-12T05:26:29.289+0000] {dag.py:3239} INFO - Sync 1 DAGs
[2025-02-12T05:26:29.305+0000] {logging_mixin.py:190} INFO - [2025-02-12T05:26:29.304+0000] {dag.py:4180} INFO - Setting next_dagrun for example_display_name to None, run_after=None
[2025-02-12T05:26:29.322+0000] {processor.py:208} INFO - Processing /home/airflow/.local/lib/python3.12/site-packages/airflow/example_dags/example_display_name.py took 0.072 seconds
[2025-02-12T05:26:59.543+0000] {processor.py:186} INFO - Started process (PID=2895) to work on /home/airflow/.local/lib/python3.12/site-packages/airflow/example_dags/example_display_name.py
[2025-02-12T05:26:59.544+0000] {processor.py:914} INFO - Processing file /home/airflow/.local/lib/python3.12/site-packages/airflow/example_dags/example_display_name.py for tasks to queue
[2025-02-12T05:26:59.546+0000] {logging_mixin.py:190} INFO - [2025-02-12T05:26:59.546+0000] {dagbag.py:588} INFO - Filling up the DagBag from /home/airflow/.local/lib/python3.12/site-packages/airflow/example_dags/example_display_name.py
[2025-02-12T05:26:59.553+0000] {processor.py:925} INFO - DAG(s) 'example_display_name' retrieved from /home/airflow/.local/lib/python3.12/site-packages/airflow/example_dags/example_display_name.py
[2025-02-12T05:26:59.572+0000] {logging_mixin.py:190} INFO - [2025-02-12T05:26:59.572+0000] {dag.py:3239} INFO - Sync 1 DAGs
[2025-02-12T05:26:59.585+0000] {logging_mixin.py:190} INFO - [2025-02-12T05:26:59.585+0000] {dag.py:4180} INFO - Setting next_dagrun for example_display_name to None, run_after=None
[2025-02-12T05:26:59.602+0000] {processor.py:208} INFO - Processing /home/airflow/.local/lib/python3.12/site-packages/airflow/example_dags/example_display_name.py took 0.065 seconds
[2025-02-12T05:27:29.816+0000] {processor.py:186} INFO - Started process (PID=2961) to work on /home/airflow/.local/lib/python3.12/site-packages/airflow/example_dags/example_display_name.py
[2025-02-12T05:27:29.816+0000] {processor.py:914} INFO - Processing file /home/airflow/.local/lib/python3.12/site-packages/airflow/example_dags/example_display_name.py for tasks to queue
[2025-02-12T05:27:29.818+0000] {logging_mixin.py:190} INFO - [2025-02-12T05:27:29.818+0000] {dagbag.py:588} INFO - Filling up the DagBag from /home/airflow/.local/lib/python3.12/site-packages/airflow/example_dags/example_display_name.py
[2025-02-12T05:27:29.826+0000] {processor.py:925} INFO - DAG(s) 'example_display_name' retrieved from /home/airflow/.local/lib/python3.12/site-packages/airflow/example_dags/example_display_name.py
[2025-02-12T05:27:29.845+0000] {logging_mixin.py:190} INFO - [2025-02-12T05:27:29.845+0000] {dag.py:3239} INFO - Sync 1 DAGs
[2025-02-12T05:27:29.860+0000] {logging_mixin.py:190} INFO - [2025-02-12T05:27:29.860+0000] {dag.py:4180} INFO - Setting next_dagrun for example_display_name to None, run_after=None
[2025-02-12T05:27:29.877+0000] {processor.py:208} INFO - Processing /home/airflow/.local/lib/python3.12/site-packages/airflow/example_dags/example_display_name.py took 0.066 seconds
[2025-02-12T05:28:00.019+0000] {processor.py:186} INFO - Started process (PID=3027) to work on /home/airflow/.local/lib/python3.12/site-packages/airflow/example_dags/example_display_name.py
[2025-02-12T05:28:00.020+0000] {processor.py:914} INFO - Processing file /home/airflow/.local/lib/python3.12/site-packages/airflow/example_dags/example_display_name.py for tasks to queue
[2025-02-12T05:28:00.022+0000] {logging_mixin.py:190} INFO - [2025-02-12T05:28:00.022+0000] {dagbag.py:588} INFO - Filling up the DagBag from /home/airflow/.local/lib/python3.12/site-packages/airflow/example_dags/example_display_name.py
[2025-02-12T05:28:00.031+0000] {processor.py:925} INFO - DAG(s) 'example_display_name' retrieved from /home/airflow/.local/lib/python3.12/site-packages/airflow/example_dags/example_display_name.py
[2025-02-12T05:28:00.054+0000] {logging_mixin.py:190} INFO - [2025-02-12T05:28:00.054+0000] {dag.py:3239} INFO - Sync 1 DAGs
[2025-02-12T05:28:00.071+0000] {logging_mixin.py:190} INFO - [2025-02-12T05:28:00.071+0000] {dag.py:4180} INFO - Setting next_dagrun for example_display_name to None, run_after=None
[2025-02-12T05:28:00.090+0000] {processor.py:208} INFO - Processing /home/airflow/.local/lib/python3.12/site-packages/airflow/example_dags/example_display_name.py took 0.077 seconds
[2025-02-12T05:28:30.441+0000] {processor.py:186} INFO - Started process (PID=3093) to work on /home/airflow/.local/lib/python3.12/site-packages/airflow/example_dags/example_display_name.py
[2025-02-12T05:28:30.442+0000] {processor.py:914} INFO - Processing file /home/airflow/.local/lib/python3.12/site-packages/airflow/example_dags/example_display_name.py for tasks to queue
[2025-02-12T05:28:30.445+0000] {logging_mixin.py:190} INFO - [2025-02-12T05:28:30.444+0000] {dagbag.py:588} INFO - Filling up the DagBag from /home/airflow/.local/lib/python3.12/site-packages/airflow/example_dags/example_display_name.py
[2025-02-12T05:28:30.454+0000] {processor.py:925} INFO - DAG(s) 'example_display_name' retrieved from /home/airflow/.local/lib/python3.12/site-packages/airflow/example_dags/example_display_name.py
[2025-02-12T05:28:30.475+0000] {logging_mixin.py:190} INFO - [2025-02-12T05:28:30.474+0000] {dag.py:3239} INFO - Sync 1 DAGs
[2025-02-12T05:28:30.488+0000] {logging_mixin.py:190} INFO - [2025-02-12T05:28:30.488+0000] {dag.py:4180} INFO - Setting next_dagrun for example_display_name to None, run_after=None
[2025-02-12T05:28:30.506+0000] {processor.py:208} INFO - Processing /home/airflow/.local/lib/python3.12/site-packages/airflow/example_dags/example_display_name.py took 0.072 seconds
[2025-02-12T05:29:00.824+0000] {processor.py:186} INFO - Started process (PID=3159) to work on /home/airflow/.local/lib/python3.12/site-packages/airflow/example_dags/example_display_name.py
[2025-02-12T05:29:00.825+0000] {processor.py:914} INFO - Processing file /home/airflow/.local/lib/python3.12/site-packages/airflow/example_dags/example_display_name.py for tasks to queue
[2025-02-12T05:29:00.828+0000] {logging_mixin.py:190} INFO - [2025-02-12T05:29:00.827+0000] {dagbag.py:588} INFO - Filling up the DagBag from /home/airflow/.local/lib/python3.12/site-packages/airflow/example_dags/example_display_name.py
[2025-02-12T05:29:00.836+0000] {processor.py:925} INFO - DAG(s) 'example_display_name' retrieved from /home/airflow/.local/lib/python3.12/site-packages/airflow/example_dags/example_display_name.py
[2025-02-12T05:29:00.854+0000] {logging_mixin.py:190} INFO - [2025-02-12T05:29:00.854+0000] {dag.py:3239} INFO - Sync 1 DAGs
[2025-02-12T05:29:00.866+0000] {logging_mixin.py:190} INFO - [2025-02-12T05:29:00.866+0000] {dag.py:4180} INFO - Setting next_dagrun for example_display_name to None, run_after=None
[2025-02-12T05:29:00.883+0000] {processor.py:208} INFO - Processing /home/airflow/.local/lib/python3.12/site-packages/airflow/example_dags/example_display_name.py took 0.064 seconds
[2025-02-12T05:29:31.279+0000] {processor.py:186} INFO - Started process (PID=3225) to work on /home/airflow/.local/lib/python3.12/site-packages/airflow/example_dags/example_display_name.py
[2025-02-12T05:29:31.280+0000] {processor.py:914} INFO - Processing file /home/airflow/.local/lib/python3.12/site-packages/airflow/example_dags/example_display_name.py for tasks to queue
[2025-02-12T05:29:31.282+0000] {logging_mixin.py:190} INFO - [2025-02-12T05:29:31.282+0000] {dagbag.py:588} INFO - Filling up the DagBag from /home/airflow/.local/lib/python3.12/site-packages/airflow/example_dags/example_display_name.py
[2025-02-12T05:29:31.292+0000] {processor.py:925} INFO - DAG(s) 'example_display_name' retrieved from /home/airflow/.local/lib/python3.12/site-packages/airflow/example_dags/example_display_name.py
[2025-02-12T05:29:31.311+0000] {logging_mixin.py:190} INFO - [2025-02-12T05:29:31.311+0000] {dag.py:3239} INFO - Sync 1 DAGs
[2025-02-12T05:29:31.323+0000] {logging_mixin.py:190} INFO - [2025-02-12T05:29:31.323+0000] {dag.py:4180} INFO - Setting next_dagrun for example_display_name to None, run_after=None
[2025-02-12T05:29:31.339+0000] {processor.py:208} INFO - Processing /home/airflow/.local/lib/python3.12/site-packages/airflow/example_dags/example_display_name.py took 0.066 seconds
[2025-02-12T05:30:01.860+0000] {processor.py:186} INFO - Started process (PID=3291) to work on /home/airflow/.local/lib/python3.12/site-packages/airflow/example_dags/example_display_name.py
[2025-02-12T05:30:01.861+0000] {processor.py:914} INFO - Processing file /home/airflow/.local/lib/python3.12/site-packages/airflow/example_dags/example_display_name.py for tasks to queue
[2025-02-12T05:30:01.864+0000] {logging_mixin.py:190} INFO - [2025-02-12T05:30:01.863+0000] {dagbag.py:588} INFO - Filling up the DagBag from /home/airflow/.local/lib/python3.12/site-packages/airflow/example_dags/example_display_name.py
[2025-02-12T05:30:01.873+0000] {processor.py:925} INFO - DAG(s) 'example_display_name' retrieved from /home/airflow/.local/lib/python3.12/site-packages/airflow/example_dags/example_display_name.py
[2025-02-12T05:30:01.893+0000] {logging_mixin.py:190} INFO - [2025-02-12T05:30:01.892+0000] {dag.py:3239} INFO - Sync 1 DAGs
[2025-02-12T05:30:01.908+0000] {logging_mixin.py:190} INFO - [2025-02-12T05:30:01.907+0000] {dag.py:4180} INFO - Setting next_dagrun for example_display_name to None, run_after=None
[2025-02-12T05:30:01.928+0000] {processor.py:208} INFO - Processing /home/airflow/.local/lib/python3.12/site-packages/airflow/example_dags/example_display_name.py took 0.074 seconds
[2025-02-12T05:30:32.540+0000] {processor.py:186} INFO - Started process (PID=3357) to work on /home/airflow/.local/lib/python3.12/site-packages/airflow/example_dags/example_display_name.py
[2025-02-12T05:30:32.541+0000] {processor.py:914} INFO - Processing file /home/airflow/.local/lib/python3.12/site-packages/airflow/example_dags/example_display_name.py for tasks to queue
[2025-02-12T05:30:32.544+0000] {logging_mixin.py:190} INFO - [2025-02-12T05:30:32.543+0000] {dagbag.py:588} INFO - Filling up the DagBag from /home/airflow/.local/lib/python3.12/site-packages/airflow/example_dags/example_display_name.py
[2025-02-12T05:30:32.552+0000] {processor.py:925} INFO - DAG(s) 'example_display_name' retrieved from /home/airflow/.local/lib/python3.12/site-packages/airflow/example_dags/example_display_name.py
[2025-02-12T05:30:32.574+0000] {logging_mixin.py:190} INFO - [2025-02-12T05:30:32.573+0000] {dag.py:3239} INFO - Sync 1 DAGs
[2025-02-12T05:30:32.588+0000] {logging_mixin.py:190} INFO - [2025-02-12T05:30:32.588+0000] {dag.py:4180} INFO - Setting next_dagrun for example_display_name to None, run_after=None
[2025-02-12T05:30:32.606+0000] {processor.py:208} INFO - Processing /home/airflow/.local/lib/python3.12/site-packages/airflow/example_dags/example_display_name.py took 0.072 seconds
[2025-02-12T05:31:03.072+0000] {processor.py:186} INFO - Started process (PID=3423) to work on /home/airflow/.local/lib/python3.12/site-packages/airflow/example_dags/example_display_name.py
[2025-02-12T05:31:03.073+0000] {processor.py:914} INFO - Processing file /home/airflow/.local/lib/python3.12/site-packages/airflow/example_dags/example_display_name.py for tasks to queue
[2025-02-12T05:31:03.075+0000] {logging_mixin.py:190} INFO - [2025-02-12T05:31:03.075+0000] {dagbag.py:588} INFO - Filling up the DagBag from /home/airflow/.local/lib/python3.12/site-packages/airflow/example_dags/example_display_name.py
[2025-02-12T05:31:03.083+0000] {processor.py:925} INFO - DAG(s) 'example_display_name' retrieved from /home/airflow/.local/lib/python3.12/site-packages/airflow/example_dags/example_display_name.py
[2025-02-12T05:31:03.103+0000] {logging_mixin.py:190} INFO - [2025-02-12T05:31:03.103+0000] {dag.py:3239} INFO - Sync 1 DAGs
[2025-02-12T05:31:03.117+0000] {logging_mixin.py:190} INFO - [2025-02-12T05:31:03.117+0000] {dag.py:4180} INFO - Setting next_dagrun for example_display_name to None, run_after=None
[2025-02-12T05:31:03.135+0000] {processor.py:208} INFO - Processing /home/airflow/.local/lib/python3.12/site-packages/airflow/example_dags/example_display_name.py took 0.069 seconds
[2025-02-12T05:31:33.574+0000] {processor.py:186} INFO - Started process (PID=3489) to work on /home/airflow/.local/lib/python3.12/site-packages/airflow/example_dags/example_display_name.py
[2025-02-12T05:31:33.575+0000] {processor.py:914} INFO - Processing file /home/airflow/.local/lib/python3.12/site-packages/airflow/example_dags/example_display_name.py for tasks to queue
[2025-02-12T05:31:33.577+0000] {logging_mixin.py:190} INFO - [2025-02-12T05:31:33.576+0000] {dagbag.py:588} INFO - Filling up the DagBag from /home/airflow/.local/lib/python3.12/site-packages/airflow/example_dags/example_display_name.py
[2025-02-12T05:31:33.584+0000] {processor.py:925} INFO - DAG(s) 'example_display_name' retrieved from /home/airflow/.local/lib/python3.12/site-packages/airflow/example_dags/example_display_name.py
[2025-02-12T05:31:33.603+0000] {logging_mixin.py:190} INFO - [2025-02-12T05:31:33.603+0000] {dag.py:3239} INFO - Sync 1 DAGs
[2025-02-12T05:31:33.617+0000] {logging_mixin.py:190} INFO - [2025-02-12T05:31:33.616+0000] {dag.py:4180} INFO - Setting next_dagrun for example_display_name to None, run_after=None
[2025-02-12T05:31:33.634+0000] {processor.py:208} INFO - Processing /home/airflow/.local/lib/python3.12/site-packages/airflow/example_dags/example_display_name.py took 0.066 seconds
[2025-02-12T05:32:04.096+0000] {processor.py:186} INFO - Started process (PID=3555) to work on /home/airflow/.local/lib/python3.12/site-packages/airflow/example_dags/example_display_name.py
[2025-02-12T05:32:04.097+0000] {processor.py:914} INFO - Processing file /home/airflow/.local/lib/python3.12/site-packages/airflow/example_dags/example_display_name.py for tasks to queue
[2025-02-12T05:32:04.099+0000] {logging_mixin.py:190} INFO - [2025-02-12T05:32:04.099+0000] {dagbag.py:588} INFO - Filling up the DagBag from /home/airflow/.local/lib/python3.12/site-packages/airflow/example_dags/example_display_name.py
[2025-02-12T05:32:04.108+0000] {processor.py:925} INFO - DAG(s) 'example_display_name' retrieved from /home/airflow/.local/lib/python3.12/site-packages/airflow/example_dags/example_display_name.py
[2025-02-12T05:32:04.130+0000] {logging_mixin.py:190} INFO - [2025-02-12T05:32:04.129+0000] {dag.py:3239} INFO - Sync 1 DAGs
[2025-02-12T05:32:04.144+0000] {logging_mixin.py:190} INFO - [2025-02-12T05:32:04.144+0000] {dag.py:4180} INFO - Setting next_dagrun for example_display_name to None, run_after=None
[2025-02-12T05:32:04.165+0000] {processor.py:208} INFO - Processing /home/airflow/.local/lib/python3.12/site-packages/airflow/example_dags/example_display_name.py took 0.075 seconds
[2025-02-12T05:32:34.491+0000] {processor.py:186} INFO - Started process (PID=3621) to work on /home/airflow/.local/lib/python3.12/site-packages/airflow/example_dags/example_display_name.py
[2025-02-12T05:32:34.492+0000] {processor.py:914} INFO - Processing file /home/airflow/.local/lib/python3.12/site-packages/airflow/example_dags/example_display_name.py for tasks to queue
[2025-02-12T05:32:34.494+0000] {logging_mixin.py:190} INFO - [2025-02-12T05:32:34.494+0000] {dagbag.py:588} INFO - Filling up the DagBag from /home/airflow/.local/lib/python3.12/site-packages/airflow/example_dags/example_display_name.py
[2025-02-12T05:32:34.502+0000] {processor.py:925} INFO - DAG(s) 'example_display_name' retrieved from /home/airflow/.local/lib/python3.12/site-packages/airflow/example_dags/example_display_name.py
[2025-02-12T05:32:34.522+0000] {logging_mixin.py:190} INFO - [2025-02-12T05:32:34.522+0000] {dag.py:3239} INFO - Sync 1 DAGs
[2025-02-12T05:32:34.535+0000] {logging_mixin.py:190} INFO - [2025-02-12T05:32:34.535+0000] {dag.py:4180} INFO - Setting next_dagrun for example_display_name to None, run_after=None
[2025-02-12T05:32:34.552+0000] {processor.py:208} INFO - Processing /home/airflow/.local/lib/python3.12/site-packages/airflow/example_dags/example_display_name.py took 0.068 seconds
[2025-02-12T05:33:04.843+0000] {processor.py:186} INFO - Started process (PID=3687) to work on /home/airflow/.local/lib/python3.12/site-packages/airflow/example_dags/example_display_name.py
[2025-02-12T05:33:04.844+0000] {processor.py:914} INFO - Processing file /home/airflow/.local/lib/python3.12/site-packages/airflow/example_dags/example_display_name.py for tasks to queue
[2025-02-12T05:33:04.847+0000] {logging_mixin.py:190} INFO - [2025-02-12T05:33:04.846+0000] {dagbag.py:588} INFO - Filling up the DagBag from /home/airflow/.local/lib/python3.12/site-packages/airflow/example_dags/example_display_name.py
[2025-02-12T05:33:04.855+0000] {processor.py:925} INFO - DAG(s) 'example_display_name' retrieved from /home/airflow/.local/lib/python3.12/site-packages/airflow/example_dags/example_display_name.py
[2025-02-12T05:33:04.876+0000] {logging_mixin.py:190} INFO - [2025-02-12T05:33:04.876+0000] {dag.py:3239} INFO - Sync 1 DAGs
[2025-02-12T05:33:04.890+0000] {logging_mixin.py:190} INFO - [2025-02-12T05:33:04.889+0000] {dag.py:4180} INFO - Setting next_dagrun for example_display_name to None, run_after=None
[2025-02-12T05:33:04.906+0000] {processor.py:208} INFO - Processing /home/airflow/.local/lib/python3.12/site-packages/airflow/example_dags/example_display_name.py took 0.070 seconds
[2025-02-12T05:33:35.102+0000] {processor.py:186} INFO - Started process (PID=3753) to work on /home/airflow/.local/lib/python3.12/site-packages/airflow/example_dags/example_display_name.py
[2025-02-12T05:33:35.103+0000] {processor.py:914} INFO - Processing file /home/airflow/.local/lib/python3.12/site-packages/airflow/example_dags/example_display_name.py for tasks to queue
[2025-02-12T05:33:35.105+0000] {logging_mixin.py:190} INFO - [2025-02-12T05:33:35.105+0000] {dagbag.py:588} INFO - Filling up the DagBag from /home/airflow/.local/lib/python3.12/site-packages/airflow/example_dags/example_display_name.py
[2025-02-12T05:33:35.113+0000] {processor.py:925} INFO - DAG(s) 'example_display_name' retrieved from /home/airflow/.local/lib/python3.12/site-packages/airflow/example_dags/example_display_name.py
[2025-02-12T05:33:35.132+0000] {logging_mixin.py:190} INFO - [2025-02-12T05:33:35.132+0000] {dag.py:3239} INFO - Sync 1 DAGs
[2025-02-12T05:33:35.144+0000] {logging_mixin.py:190} INFO - [2025-02-12T05:33:35.144+0000] {dag.py:4180} INFO - Setting next_dagrun for example_display_name to None, run_after=None
[2025-02-12T05:33:35.162+0000] {processor.py:208} INFO - Processing /home/airflow/.local/lib/python3.12/site-packages/airflow/example_dags/example_display_name.py took 0.067 seconds
[2025-02-12T05:34:05.476+0000] {processor.py:186} INFO - Started process (PID=3819) to work on /home/airflow/.local/lib/python3.12/site-packages/airflow/example_dags/example_display_name.py
[2025-02-12T05:34:05.477+0000] {processor.py:914} INFO - Processing file /home/airflow/.local/lib/python3.12/site-packages/airflow/example_dags/example_display_name.py for tasks to queue
[2025-02-12T05:34:05.480+0000] {logging_mixin.py:190} INFO - [2025-02-12T05:34:05.479+0000] {dagbag.py:588} INFO - Filling up the DagBag from /home/airflow/.local/lib/python3.12/site-packages/airflow/example_dags/example_display_name.py
[2025-02-12T05:34:05.487+0000] {processor.py:925} INFO - DAG(s) 'example_display_name' retrieved from /home/airflow/.local/lib/python3.12/site-packages/airflow/example_dags/example_display_name.py
[2025-02-12T05:34:05.505+0000] {logging_mixin.py:190} INFO - [2025-02-12T05:34:05.505+0000] {dag.py:3239} INFO - Sync 1 DAGs
[2025-02-12T05:34:05.518+0000] {logging_mixin.py:190} INFO - [2025-02-12T05:34:05.517+0000] {dag.py:4180} INFO - Setting next_dagrun for example_display_name to None, run_after=None
[2025-02-12T05:34:05.535+0000] {processor.py:208} INFO - Processing /home/airflow/.local/lib/python3.12/site-packages/airflow/example_dags/example_display_name.py took 0.064 seconds
[2025-02-12T05:34:35.632+0000] {processor.py:186} INFO - Started process (PID=3885) to work on /home/airflow/.local/lib/python3.12/site-packages/airflow/example_dags/example_display_name.py
[2025-02-12T05:34:35.633+0000] {processor.py:914} INFO - Processing file /home/airflow/.local/lib/python3.12/site-packages/airflow/example_dags/example_display_name.py for tasks to queue
[2025-02-12T05:34:35.635+0000] {logging_mixin.py:190} INFO - [2025-02-12T05:34:35.635+0000] {dagbag.py:588} INFO - Filling up the DagBag from /home/airflow/.local/lib/python3.12/site-packages/airflow/example_dags/example_display_name.py
[2025-02-12T05:34:35.644+0000] {processor.py:925} INFO - DAG(s) 'example_display_name' retrieved from /home/airflow/.local/lib/python3.12/site-packages/airflow/example_dags/example_display_name.py
[2025-02-12T05:34:35.667+0000] {logging_mixin.py:190} INFO - [2025-02-12T05:34:35.666+0000] {dag.py:3239} INFO - Sync 1 DAGs
[2025-02-12T05:34:35.679+0000] {logging_mixin.py:190} INFO - [2025-02-12T05:34:35.678+0000] {dag.py:4180} INFO - Setting next_dagrun for example_display_name to None, run_after=None
[2025-02-12T05:34:35.695+0000] {processor.py:208} INFO - Processing /home/airflow/.local/lib/python3.12/site-packages/airflow/example_dags/example_display_name.py took 0.069 seconds
[2025-02-12T05:35:06.000+0000] {processor.py:186} INFO - Started process (PID=3951) to work on /home/airflow/.local/lib/python3.12/site-packages/airflow/example_dags/example_display_name.py
[2025-02-12T05:35:06.002+0000] {processor.py:914} INFO - Processing file /home/airflow/.local/lib/python3.12/site-packages/airflow/example_dags/example_display_name.py for tasks to queue
[2025-02-12T05:35:06.004+0000] {logging_mixin.py:190} INFO - [2025-02-12T05:35:06.003+0000] {dagbag.py:588} INFO - Filling up the DagBag from /home/airflow/.local/lib/python3.12/site-packages/airflow/example_dags/example_display_name.py
[2025-02-12T05:35:06.011+0000] {processor.py:925} INFO - DAG(s) 'example_display_name' retrieved from /home/airflow/.local/lib/python3.12/site-packages/airflow/example_dags/example_display_name.py
[2025-02-12T05:35:06.029+0000] {logging_mixin.py:190} INFO - [2025-02-12T05:35:06.029+0000] {dag.py:3239} INFO - Sync 1 DAGs
[2025-02-12T05:35:06.042+0000] {logging_mixin.py:190} INFO - [2025-02-12T05:35:06.042+0000] {dag.py:4180} INFO - Setting next_dagrun for example_display_name to None, run_after=None
[2025-02-12T05:35:06.060+0000] {processor.py:208} INFO - Processing /home/airflow/.local/lib/python3.12/site-packages/airflow/example_dags/example_display_name.py took 0.065 seconds
[2025-02-12T05:35:36.393+0000] {processor.py:186} INFO - Started process (PID=4017) to work on /home/airflow/.local/lib/python3.12/site-packages/airflow/example_dags/example_display_name.py
[2025-02-12T05:35:36.394+0000] {processor.py:914} INFO - Processing file /home/airflow/.local/lib/python3.12/site-packages/airflow/example_dags/example_display_name.py for tasks to queue
[2025-02-12T05:35:36.396+0000] {logging_mixin.py:190} INFO - [2025-02-12T05:35:36.396+0000] {dagbag.py:588} INFO - Filling up the DagBag from /home/airflow/.local/lib/python3.12/site-packages/airflow/example_dags/example_display_name.py
[2025-02-12T05:35:36.404+0000] {processor.py:925} INFO - DAG(s) 'example_display_name' retrieved from /home/airflow/.local/lib/python3.12/site-packages/airflow/example_dags/example_display_name.py
[2025-02-12T05:35:36.423+0000] {logging_mixin.py:190} INFO - [2025-02-12T05:35:36.423+0000] {dag.py:3239} INFO - Sync 1 DAGs
[2025-02-12T05:35:36.435+0000] {logging_mixin.py:190} INFO - [2025-02-12T05:35:36.435+0000] {dag.py:4180} INFO - Setting next_dagrun for example_display_name to None, run_after=None
[2025-02-12T05:35:36.452+0000] {processor.py:208} INFO - Processing /home/airflow/.local/lib/python3.12/site-packages/airflow/example_dags/example_display_name.py took 0.066 seconds
[2025-02-12T05:36:06.652+0000] {processor.py:186} INFO - Started process (PID=4083) to work on /home/airflow/.local/lib/python3.12/site-packages/airflow/example_dags/example_display_name.py
[2025-02-12T05:36:06.653+0000] {processor.py:914} INFO - Processing file /home/airflow/.local/lib/python3.12/site-packages/airflow/example_dags/example_display_name.py for tasks to queue
[2025-02-12T05:36:06.655+0000] {logging_mixin.py:190} INFO - [2025-02-12T05:36:06.655+0000] {dagbag.py:588} INFO - Filling up the DagBag from /home/airflow/.local/lib/python3.12/site-packages/airflow/example_dags/example_display_name.py
[2025-02-12T05:36:06.663+0000] {processor.py:925} INFO - DAG(s) 'example_display_name' retrieved from /home/airflow/.local/lib/python3.12/site-packages/airflow/example_dags/example_display_name.py
[2025-02-12T05:36:06.681+0000] {logging_mixin.py:190} INFO - [2025-02-12T05:36:06.681+0000] {dag.py:3239} INFO - Sync 1 DAGs
[2025-02-12T05:36:06.693+0000] {logging_mixin.py:190} INFO - [2025-02-12T05:36:06.693+0000] {dag.py:4180} INFO - Setting next_dagrun for example_display_name to None, run_after=None
[2025-02-12T05:36:06.710+0000] {processor.py:208} INFO - Processing /home/airflow/.local/lib/python3.12/site-packages/airflow/example_dags/example_display_name.py took 0.064 seconds
