[2025-02-12T05:05:29.770+0000] {processor.py:186} INFO - Started process (PID=103) to work on /home/airflow/.local/lib/python3.12/site-packages/airflow/example_dags/tutorial_taskflow_templates.py
[2025-02-12T05:05:29.772+0000] {processor.py:914} INFO - Processing file /home/airflow/.local/lib/python3.12/site-packages/airflow/example_dags/tutorial_taskflow_templates.py for tasks to queue
[2025-02-12T05:05:29.776+0000] {logging_mixin.py:190} INFO - [2025-02-12T05:05:29.775+0000] {dagbag.py:588} INFO - Filling up the DagBag from /home/airflow/.local/lib/python3.12/site-packages/airflow/example_dags/tutorial_taskflow_templates.py
[2025-02-12T05:05:29.805+0000] {processor.py:925} INFO - DAG(s) 'tutorial_taskflow_templates' retrieved from /home/airflow/.local/lib/python3.12/site-packages/airflow/example_dags/tutorial_taskflow_templates.py
[2025-02-12T05:05:29.858+0000] {logging_mixin.py:190} INFO - [2025-02-12T05:05:29.857+0000] {dag.py:3239} INFO - Sync 1 DAGs
[2025-02-12T05:05:29.902+0000] {logging_mixin.py:190} INFO - [2025-02-12T05:05:29.902+0000] {dag.py:4180} INFO - Setting next_dagrun for tutorial_taskflow_templates to 2025-02-11 00:00:00+00:00, run_after=2025-02-12 00:00:00+00:00
[2025-02-12T05:05:29.933+0000] {processor.py:208} INFO - Processing /home/airflow/.local/lib/python3.12/site-packages/airflow/example_dags/tutorial_taskflow_templates.py took 0.174 seconds
[2025-02-12T05:06:00.406+0000] {processor.py:186} INFO - Started process (PID=173) to work on /home/airflow/.local/lib/python3.12/site-packages/airflow/example_dags/tutorial_taskflow_templates.py
[2025-02-12T05:06:00.407+0000] {processor.py:914} INFO - Processing file /home/airflow/.local/lib/python3.12/site-packages/airflow/example_dags/tutorial_taskflow_templates.py for tasks to queue
[2025-02-12T05:06:00.410+0000] {logging_mixin.py:190} INFO - [2025-02-12T05:06:00.410+0000] {dagbag.py:588} INFO - Filling up the DagBag from /home/airflow/.local/lib/python3.12/site-packages/airflow/example_dags/tutorial_taskflow_templates.py
[2025-02-12T05:06:00.429+0000] {processor.py:925} INFO - DAG(s) 'tutorial_taskflow_templates' retrieved from /home/airflow/.local/lib/python3.12/site-packages/airflow/example_dags/tutorial_taskflow_templates.py
[2025-02-12T05:06:00.460+0000] {logging_mixin.py:190} INFO - [2025-02-12T05:06:00.459+0000] {dag.py:3239} INFO - Sync 1 DAGs
[2025-02-12T05:06:00.495+0000] {logging_mixin.py:190} INFO - [2025-02-12T05:06:00.494+0000] {dag.py:4180} INFO - Setting next_dagrun for tutorial_taskflow_templates to 2025-02-11 00:00:00+00:00, run_after=2025-02-12 00:00:00+00:00
[2025-02-12T05:06:00.519+0000] {processor.py:208} INFO - Processing /home/airflow/.local/lib/python3.12/site-packages/airflow/example_dags/tutorial_taskflow_templates.py took 0.124 seconds
[2025-02-12T05:06:31.448+0000] {processor.py:186} INFO - Started process (PID=239) to work on /home/airflow/.local/lib/python3.12/site-packages/airflow/example_dags/tutorial_taskflow_templates.py
[2025-02-12T05:06:31.450+0000] {processor.py:914} INFO - Processing file /home/airflow/.local/lib/python3.12/site-packages/airflow/example_dags/tutorial_taskflow_templates.py for tasks to queue
[2025-02-12T05:06:31.454+0000] {logging_mixin.py:190} INFO - [2025-02-12T05:06:31.453+0000] {dagbag.py:588} INFO - Filling up the DagBag from /home/airflow/.local/lib/python3.12/site-packages/airflow/example_dags/tutorial_taskflow_templates.py
[2025-02-12T05:06:31.474+0000] {processor.py:925} INFO - DAG(s) 'tutorial_taskflow_templates' retrieved from /home/airflow/.local/lib/python3.12/site-packages/airflow/example_dags/tutorial_taskflow_templates.py
[2025-02-12T05:06:31.506+0000] {logging_mixin.py:190} INFO - [2025-02-12T05:06:31.506+0000] {dag.py:3239} INFO - Sync 1 DAGs
[2025-02-12T05:06:31.546+0000] {logging_mixin.py:190} INFO - [2025-02-12T05:06:31.545+0000] {dag.py:4180} INFO - Setting next_dagrun for tutorial_taskflow_templates to 2025-02-11 00:00:00+00:00, run_after=2025-02-12 00:00:00+00:00
[2025-02-12T05:06:31.572+0000] {processor.py:208} INFO - Processing /home/airflow/.local/lib/python3.12/site-packages/airflow/example_dags/tutorial_taskflow_templates.py took 0.135 seconds
[2025-02-12T05:07:02.894+0000] {processor.py:186} INFO - Started process (PID=305) to work on /home/airflow/.local/lib/python3.12/site-packages/airflow/example_dags/tutorial_taskflow_templates.py
[2025-02-12T05:07:02.895+0000] {processor.py:914} INFO - Processing file /home/airflow/.local/lib/python3.12/site-packages/airflow/example_dags/tutorial_taskflow_templates.py for tasks to queue
[2025-02-12T05:07:02.898+0000] {logging_mixin.py:190} INFO - [2025-02-12T05:07:02.897+0000] {dagbag.py:588} INFO - Filling up the DagBag from /home/airflow/.local/lib/python3.12/site-packages/airflow/example_dags/tutorial_taskflow_templates.py
[2025-02-12T05:07:02.918+0000] {processor.py:925} INFO - DAG(s) 'tutorial_taskflow_templates' retrieved from /home/airflow/.local/lib/python3.12/site-packages/airflow/example_dags/tutorial_taskflow_templates.py
[2025-02-12T05:07:02.949+0000] {logging_mixin.py:190} INFO - [2025-02-12T05:07:02.949+0000] {dag.py:3239} INFO - Sync 1 DAGs
[2025-02-12T05:07:02.984+0000] {logging_mixin.py:190} INFO - [2025-02-12T05:07:02.983+0000] {dag.py:4180} INFO - Setting next_dagrun for tutorial_taskflow_templates to 2025-02-11 00:00:00+00:00, run_after=2025-02-12 00:00:00+00:00
[2025-02-12T05:07:03.011+0000] {processor.py:208} INFO - Processing /home/airflow/.local/lib/python3.12/site-packages/airflow/example_dags/tutorial_taskflow_templates.py took 0.126 seconds
[2025-02-12T05:07:33.975+0000] {processor.py:186} INFO - Started process (PID=371) to work on /home/airflow/.local/lib/python3.12/site-packages/airflow/example_dags/tutorial_taskflow_templates.py
[2025-02-12T05:07:33.977+0000] {processor.py:914} INFO - Processing file /home/airflow/.local/lib/python3.12/site-packages/airflow/example_dags/tutorial_taskflow_templates.py for tasks to queue
[2025-02-12T05:07:33.979+0000] {logging_mixin.py:190} INFO - [2025-02-12T05:07:33.979+0000] {dagbag.py:588} INFO - Filling up the DagBag from /home/airflow/.local/lib/python3.12/site-packages/airflow/example_dags/tutorial_taskflow_templates.py
[2025-02-12T05:07:33.999+0000] {processor.py:925} INFO - DAG(s) 'tutorial_taskflow_templates' retrieved from /home/airflow/.local/lib/python3.12/site-packages/airflow/example_dags/tutorial_taskflow_templates.py
[2025-02-12T05:07:34.027+0000] {logging_mixin.py:190} INFO - [2025-02-12T05:07:34.027+0000] {dag.py:3239} INFO - Sync 1 DAGs
[2025-02-12T05:07:34.060+0000] {logging_mixin.py:190} INFO - [2025-02-12T05:07:34.060+0000] {dag.py:4180} INFO - Setting next_dagrun for tutorial_taskflow_templates to 2025-02-11 00:00:00+00:00, run_after=2025-02-12 00:00:00+00:00
[2025-02-12T05:07:34.089+0000] {processor.py:208} INFO - Processing /home/airflow/.local/lib/python3.12/site-packages/airflow/example_dags/tutorial_taskflow_templates.py took 0.123 seconds
[2025-02-12T05:08:05.578+0000] {processor.py:186} INFO - Started process (PID=437) to work on /home/airflow/.local/lib/python3.12/site-packages/airflow/example_dags/tutorial_taskflow_templates.py
[2025-02-12T05:08:05.580+0000] {processor.py:914} INFO - Processing file /home/airflow/.local/lib/python3.12/site-packages/airflow/example_dags/tutorial_taskflow_templates.py for tasks to queue
[2025-02-12T05:08:05.584+0000] {logging_mixin.py:190} INFO - [2025-02-12T05:08:05.583+0000] {dagbag.py:588} INFO - Filling up the DagBag from /home/airflow/.local/lib/python3.12/site-packages/airflow/example_dags/tutorial_taskflow_templates.py
[2025-02-12T05:08:05.603+0000] {processor.py:925} INFO - DAG(s) 'tutorial_taskflow_templates' retrieved from /home/airflow/.local/lib/python3.12/site-packages/airflow/example_dags/tutorial_taskflow_templates.py
[2025-02-12T05:08:05.640+0000] {logging_mixin.py:190} INFO - [2025-02-12T05:08:05.639+0000] {dag.py:3239} INFO - Sync 1 DAGs
[2025-02-12T05:08:05.679+0000] {logging_mixin.py:190} INFO - [2025-02-12T05:08:05.679+0000] {dag.py:4180} INFO - Setting next_dagrun for tutorial_taskflow_templates to 2025-02-11 00:00:00+00:00, run_after=2025-02-12 00:00:00+00:00
[2025-02-12T05:08:05.716+0000] {processor.py:208} INFO - Processing /home/airflow/.local/lib/python3.12/site-packages/airflow/example_dags/tutorial_taskflow_templates.py took 0.147 seconds
[2025-02-12T05:08:36.133+0000] {processor.py:186} INFO - Started process (PID=506) to work on /home/airflow/.local/lib/python3.12/site-packages/airflow/example_dags/tutorial_taskflow_templates.py
[2025-02-12T05:08:36.135+0000] {processor.py:914} INFO - Processing file /home/airflow/.local/lib/python3.12/site-packages/airflow/example_dags/tutorial_taskflow_templates.py for tasks to queue
[2025-02-12T05:08:36.140+0000] {logging_mixin.py:190} INFO - [2025-02-12T05:08:36.139+0000] {dagbag.py:588} INFO - Filling up the DagBag from /home/airflow/.local/lib/python3.12/site-packages/airflow/example_dags/tutorial_taskflow_templates.py
[2025-02-12T05:08:36.168+0000] {processor.py:925} INFO - DAG(s) 'tutorial_taskflow_templates' retrieved from /home/airflow/.local/lib/python3.12/site-packages/airflow/example_dags/tutorial_taskflow_templates.py
[2025-02-12T05:08:36.211+0000] {logging_mixin.py:190} INFO - [2025-02-12T05:08:36.210+0000] {dag.py:3239} INFO - Sync 1 DAGs
[2025-02-12T05:08:36.256+0000] {logging_mixin.py:190} INFO - [2025-02-12T05:08:36.255+0000] {dag.py:4180} INFO - Setting next_dagrun for tutorial_taskflow_templates to 2025-02-11 00:00:00+00:00, run_after=2025-02-12 00:00:00+00:00
[2025-02-12T05:08:36.288+0000] {processor.py:208} INFO - Processing /home/airflow/.local/lib/python3.12/site-packages/airflow/example_dags/tutorial_taskflow_templates.py took 0.167 seconds
[2025-02-12T05:09:06.485+0000] {processor.py:186} INFO - Started process (PID=570) to work on /home/airflow/.local/lib/python3.12/site-packages/airflow/example_dags/tutorial_taskflow_templates.py
[2025-02-12T05:09:06.486+0000] {processor.py:914} INFO - Processing file /home/airflow/.local/lib/python3.12/site-packages/airflow/example_dags/tutorial_taskflow_templates.py for tasks to queue
[2025-02-12T05:09:06.489+0000] {logging_mixin.py:190} INFO - [2025-02-12T05:09:06.488+0000] {dagbag.py:588} INFO - Filling up the DagBag from /home/airflow/.local/lib/python3.12/site-packages/airflow/example_dags/tutorial_taskflow_templates.py
[2025-02-12T05:09:06.502+0000] {processor.py:925} INFO - DAG(s) 'tutorial_taskflow_templates' retrieved from /home/airflow/.local/lib/python3.12/site-packages/airflow/example_dags/tutorial_taskflow_templates.py
[2025-02-12T05:09:06.525+0000] {logging_mixin.py:190} INFO - [2025-02-12T05:09:06.525+0000] {dag.py:3239} INFO - Sync 1 DAGs
[2025-02-12T05:09:06.554+0000] {logging_mixin.py:190} INFO - [2025-02-12T05:09:06.553+0000] {dag.py:4180} INFO - Setting next_dagrun for tutorial_taskflow_templates to 2025-02-11 00:00:00+00:00, run_after=2025-02-12 00:00:00+00:00
[2025-02-12T05:09:06.577+0000] {processor.py:208} INFO - Processing /home/airflow/.local/lib/python3.12/site-packages/airflow/example_dags/tutorial_taskflow_templates.py took 0.100 seconds
[2025-02-12T05:09:36.729+0000] {processor.py:186} INFO - Started process (PID=636) to work on /home/airflow/.local/lib/python3.12/site-packages/airflow/example_dags/tutorial_taskflow_templates.py
[2025-02-12T05:09:36.730+0000] {processor.py:914} INFO - Processing file /home/airflow/.local/lib/python3.12/site-packages/airflow/example_dags/tutorial_taskflow_templates.py for tasks to queue
[2025-02-12T05:09:36.734+0000] {logging_mixin.py:190} INFO - [2025-02-12T05:09:36.734+0000] {dagbag.py:588} INFO - Filling up the DagBag from /home/airflow/.local/lib/python3.12/site-packages/airflow/example_dags/tutorial_taskflow_templates.py
[2025-02-12T05:09:36.757+0000] {processor.py:925} INFO - DAG(s) 'tutorial_taskflow_templates' retrieved from /home/airflow/.local/lib/python3.12/site-packages/airflow/example_dags/tutorial_taskflow_templates.py
[2025-02-12T05:09:36.783+0000] {logging_mixin.py:190} INFO - [2025-02-12T05:09:36.783+0000] {dag.py:3239} INFO - Sync 1 DAGs
[2025-02-12T05:09:36.811+0000] {logging_mixin.py:190} INFO - [2025-02-12T05:09:36.811+0000] {dag.py:4180} INFO - Setting next_dagrun for tutorial_taskflow_templates to 2025-02-11 00:00:00+00:00, run_after=2025-02-12 00:00:00+00:00
[2025-02-12T05:09:36.837+0000] {processor.py:208} INFO - Processing /home/airflow/.local/lib/python3.12/site-packages/airflow/example_dags/tutorial_taskflow_templates.py took 0.115 seconds
[2025-02-12T05:10:07.321+0000] {processor.py:186} INFO - Started process (PID=701) to work on /home/airflow/.local/lib/python3.12/site-packages/airflow/example_dags/tutorial_taskflow_templates.py
[2025-02-12T05:10:07.322+0000] {processor.py:914} INFO - Processing file /home/airflow/.local/lib/python3.12/site-packages/airflow/example_dags/tutorial_taskflow_templates.py for tasks to queue
[2025-02-12T05:10:07.325+0000] {logging_mixin.py:190} INFO - [2025-02-12T05:10:07.325+0000] {dagbag.py:588} INFO - Filling up the DagBag from /home/airflow/.local/lib/python3.12/site-packages/airflow/example_dags/tutorial_taskflow_templates.py
[2025-02-12T05:10:07.343+0000] {processor.py:925} INFO - DAG(s) 'tutorial_taskflow_templates' retrieved from /home/airflow/.local/lib/python3.12/site-packages/airflow/example_dags/tutorial_taskflow_templates.py
[2025-02-12T05:10:07.378+0000] {logging_mixin.py:190} INFO - [2025-02-12T05:10:07.377+0000] {dag.py:3239} INFO - Sync 1 DAGs
[2025-02-12T05:10:07.416+0000] {logging_mixin.py:190} INFO - [2025-02-12T05:10:07.416+0000] {dag.py:4180} INFO - Setting next_dagrun for tutorial_taskflow_templates to 2025-02-11 00:00:00+00:00, run_after=2025-02-12 00:00:00+00:00
[2025-02-12T05:10:07.439+0000] {processor.py:208} INFO - Processing /home/airflow/.local/lib/python3.12/site-packages/airflow/example_dags/tutorial_taskflow_templates.py took 0.125 seconds
[2025-02-12T05:10:37.575+0000] {processor.py:186} INFO - Started process (PID=766) to work on /home/airflow/.local/lib/python3.12/site-packages/airflow/example_dags/tutorial_taskflow_templates.py
[2025-02-12T05:10:37.576+0000] {processor.py:914} INFO - Processing file /home/airflow/.local/lib/python3.12/site-packages/airflow/example_dags/tutorial_taskflow_templates.py for tasks to queue
[2025-02-12T05:10:37.579+0000] {logging_mixin.py:190} INFO - [2025-02-12T05:10:37.579+0000] {dagbag.py:588} INFO - Filling up the DagBag from /home/airflow/.local/lib/python3.12/site-packages/airflow/example_dags/tutorial_taskflow_templates.py
[2025-02-12T05:10:37.600+0000] {processor.py:925} INFO - DAG(s) 'tutorial_taskflow_templates' retrieved from /home/airflow/.local/lib/python3.12/site-packages/airflow/example_dags/tutorial_taskflow_templates.py
[2025-02-12T05:10:37.628+0000] {logging_mixin.py:190} INFO - [2025-02-12T05:10:37.628+0000] {dag.py:3239} INFO - Sync 1 DAGs
[2025-02-12T05:10:37.658+0000] {logging_mixin.py:190} INFO - [2025-02-12T05:10:37.657+0000] {dag.py:4180} INFO - Setting next_dagrun for tutorial_taskflow_templates to 2025-02-11 00:00:00+00:00, run_after=2025-02-12 00:00:00+00:00
[2025-02-12T05:10:37.681+0000] {processor.py:208} INFO - Processing /home/airflow/.local/lib/python3.12/site-packages/airflow/example_dags/tutorial_taskflow_templates.py took 0.114 seconds
[2025-02-12T05:11:07.873+0000] {processor.py:186} INFO - Started process (PID=832) to work on /home/airflow/.local/lib/python3.12/site-packages/airflow/example_dags/tutorial_taskflow_templates.py
[2025-02-12T05:11:07.874+0000] {processor.py:914} INFO - Processing file /home/airflow/.local/lib/python3.12/site-packages/airflow/example_dags/tutorial_taskflow_templates.py for tasks to queue
[2025-02-12T05:11:07.877+0000] {logging_mixin.py:190} INFO - [2025-02-12T05:11:07.877+0000] {dagbag.py:588} INFO - Filling up the DagBag from /home/airflow/.local/lib/python3.12/site-packages/airflow/example_dags/tutorial_taskflow_templates.py
[2025-02-12T05:11:07.900+0000] {processor.py:925} INFO - DAG(s) 'tutorial_taskflow_templates' retrieved from /home/airflow/.local/lib/python3.12/site-packages/airflow/example_dags/tutorial_taskflow_templates.py
[2025-02-12T05:11:07.934+0000] {logging_mixin.py:190} INFO - [2025-02-12T05:11:07.933+0000] {dag.py:3239} INFO - Sync 1 DAGs
[2025-02-12T05:11:07.972+0000] {logging_mixin.py:190} INFO - [2025-02-12T05:11:07.972+0000] {dag.py:4180} INFO - Setting next_dagrun for tutorial_taskflow_templates to 2025-02-11 00:00:00+00:00, run_after=2025-02-12 00:00:00+00:00
[2025-02-12T05:11:07.998+0000] {processor.py:208} INFO - Processing /home/airflow/.local/lib/python3.12/site-packages/airflow/example_dags/tutorial_taskflow_templates.py took 0.133 seconds
[2025-02-12T05:11:38.594+0000] {processor.py:186} INFO - Started process (PID=898) to work on /home/airflow/.local/lib/python3.12/site-packages/airflow/example_dags/tutorial_taskflow_templates.py
[2025-02-12T05:11:38.595+0000] {processor.py:914} INFO - Processing file /home/airflow/.local/lib/python3.12/site-packages/airflow/example_dags/tutorial_taskflow_templates.py for tasks to queue
[2025-02-12T05:11:38.599+0000] {logging_mixin.py:190} INFO - [2025-02-12T05:11:38.598+0000] {dagbag.py:588} INFO - Filling up the DagBag from /home/airflow/.local/lib/python3.12/site-packages/airflow/example_dags/tutorial_taskflow_templates.py
[2025-02-12T05:11:38.619+0000] {processor.py:925} INFO - DAG(s) 'tutorial_taskflow_templates' retrieved from /home/airflow/.local/lib/python3.12/site-packages/airflow/example_dags/tutorial_taskflow_templates.py
[2025-02-12T05:11:38.653+0000] {logging_mixin.py:190} INFO - [2025-02-12T05:11:38.652+0000] {dag.py:3239} INFO - Sync 1 DAGs
[2025-02-12T05:11:38.686+0000] {logging_mixin.py:190} INFO - [2025-02-12T05:11:38.685+0000] {dag.py:4180} INFO - Setting next_dagrun for tutorial_taskflow_templates to 2025-02-11 00:00:00+00:00, run_after=2025-02-12 00:00:00+00:00
[2025-02-12T05:11:38.710+0000] {processor.py:208} INFO - Processing /home/airflow/.local/lib/python3.12/site-packages/airflow/example_dags/tutorial_taskflow_templates.py took 0.125 seconds
[2025-02-12T05:12:09.086+0000] {processor.py:186} INFO - Started process (PID=963) to work on /home/airflow/.local/lib/python3.12/site-packages/airflow/example_dags/tutorial_taskflow_templates.py
[2025-02-12T05:12:09.087+0000] {processor.py:914} INFO - Processing file /home/airflow/.local/lib/python3.12/site-packages/airflow/example_dags/tutorial_taskflow_templates.py for tasks to queue
[2025-02-12T05:12:09.091+0000] {logging_mixin.py:190} INFO - [2025-02-12T05:12:09.090+0000] {dagbag.py:588} INFO - Filling up the DagBag from /home/airflow/.local/lib/python3.12/site-packages/airflow/example_dags/tutorial_taskflow_templates.py
[2025-02-12T05:12:09.110+0000] {processor.py:925} INFO - DAG(s) 'tutorial_taskflow_templates' retrieved from /home/airflow/.local/lib/python3.12/site-packages/airflow/example_dags/tutorial_taskflow_templates.py
[2025-02-12T05:12:09.139+0000] {logging_mixin.py:190} INFO - [2025-02-12T05:12:09.138+0000] {dag.py:3239} INFO - Sync 1 DAGs
[2025-02-12T05:12:09.172+0000] {logging_mixin.py:190} INFO - [2025-02-12T05:12:09.171+0000] {dag.py:4180} INFO - Setting next_dagrun for tutorial_taskflow_templates to 2025-02-11 00:00:00+00:00, run_after=2025-02-12 00:00:00+00:00
[2025-02-12T05:12:09.195+0000] {processor.py:208} INFO - Processing /home/airflow/.local/lib/python3.12/site-packages/airflow/example_dags/tutorial_taskflow_templates.py took 0.118 seconds
[2025-02-12T05:12:40.100+0000] {processor.py:186} INFO - Started process (PID=1028) to work on /home/airflow/.local/lib/python3.12/site-packages/airflow/example_dags/tutorial_taskflow_templates.py
[2025-02-12T05:12:40.102+0000] {processor.py:914} INFO - Processing file /home/airflow/.local/lib/python3.12/site-packages/airflow/example_dags/tutorial_taskflow_templates.py for tasks to queue
[2025-02-12T05:12:40.106+0000] {logging_mixin.py:190} INFO - [2025-02-12T05:12:40.105+0000] {dagbag.py:588} INFO - Filling up the DagBag from /home/airflow/.local/lib/python3.12/site-packages/airflow/example_dags/tutorial_taskflow_templates.py
[2025-02-12T05:12:40.130+0000] {processor.py:925} INFO - DAG(s) 'tutorial_taskflow_templates' retrieved from /home/airflow/.local/lib/python3.12/site-packages/airflow/example_dags/tutorial_taskflow_templates.py
[2025-02-12T05:12:40.174+0000] {logging_mixin.py:190} INFO - [2025-02-12T05:12:40.173+0000] {dag.py:3239} INFO - Sync 1 DAGs
[2025-02-12T05:12:40.209+0000] {logging_mixin.py:190} INFO - [2025-02-12T05:12:40.209+0000] {dag.py:4180} INFO - Setting next_dagrun for tutorial_taskflow_templates to 2025-02-11 00:00:00+00:00, run_after=2025-02-12 00:00:00+00:00
[2025-02-12T05:12:40.240+0000] {processor.py:208} INFO - Processing /home/airflow/.local/lib/python3.12/site-packages/airflow/example_dags/tutorial_taskflow_templates.py took 0.152 seconds
[2025-02-12T05:13:10.918+0000] {processor.py:186} INFO - Started process (PID=1094) to work on /home/airflow/.local/lib/python3.12/site-packages/airflow/example_dags/tutorial_taskflow_templates.py
[2025-02-12T05:13:10.919+0000] {processor.py:914} INFO - Processing file /home/airflow/.local/lib/python3.12/site-packages/airflow/example_dags/tutorial_taskflow_templates.py for tasks to queue
[2025-02-12T05:13:10.924+0000] {logging_mixin.py:190} INFO - [2025-02-12T05:13:10.923+0000] {dagbag.py:588} INFO - Filling up the DagBag from /home/airflow/.local/lib/python3.12/site-packages/airflow/example_dags/tutorial_taskflow_templates.py
[2025-02-12T05:13:10.946+0000] {processor.py:925} INFO - DAG(s) 'tutorial_taskflow_templates' retrieved from /home/airflow/.local/lib/python3.12/site-packages/airflow/example_dags/tutorial_taskflow_templates.py
[2025-02-12T05:13:10.982+0000] {logging_mixin.py:190} INFO - [2025-02-12T05:13:10.981+0000] {dag.py:3239} INFO - Sync 1 DAGs
[2025-02-12T05:13:11.023+0000] {logging_mixin.py:190} INFO - [2025-02-12T05:13:11.023+0000] {dag.py:4180} INFO - Setting next_dagrun for tutorial_taskflow_templates to 2025-02-11 00:00:00+00:00, run_after=2025-02-12 00:00:00+00:00
[2025-02-12T05:13:11.053+0000] {processor.py:208} INFO - Processing /home/airflow/.local/lib/python3.12/site-packages/airflow/example_dags/tutorial_taskflow_templates.py took 0.145 seconds
[2025-02-12T05:13:41.722+0000] {processor.py:186} INFO - Started process (PID=1160) to work on /home/airflow/.local/lib/python3.12/site-packages/airflow/example_dags/tutorial_taskflow_templates.py
[2025-02-12T05:13:41.723+0000] {processor.py:914} INFO - Processing file /home/airflow/.local/lib/python3.12/site-packages/airflow/example_dags/tutorial_taskflow_templates.py for tasks to queue
[2025-02-12T05:13:41.726+0000] {logging_mixin.py:190} INFO - [2025-02-12T05:13:41.726+0000] {dagbag.py:588} INFO - Filling up the DagBag from /home/airflow/.local/lib/python3.12/site-packages/airflow/example_dags/tutorial_taskflow_templates.py
[2025-02-12T05:13:41.746+0000] {processor.py:925} INFO - DAG(s) 'tutorial_taskflow_templates' retrieved from /home/airflow/.local/lib/python3.12/site-packages/airflow/example_dags/tutorial_taskflow_templates.py
[2025-02-12T05:13:41.773+0000] {logging_mixin.py:190} INFO - [2025-02-12T05:13:41.772+0000] {dag.py:3239} INFO - Sync 1 DAGs
[2025-02-12T05:13:41.809+0000] {logging_mixin.py:190} INFO - [2025-02-12T05:13:41.809+0000] {dag.py:4180} INFO - Setting next_dagrun for tutorial_taskflow_templates to 2025-02-11 00:00:00+00:00, run_after=2025-02-12 00:00:00+00:00
[2025-02-12T05:13:41.838+0000] {processor.py:208} INFO - Processing /home/airflow/.local/lib/python3.12/site-packages/airflow/example_dags/tutorial_taskflow_templates.py took 0.125 seconds
[2025-02-12T05:14:12.380+0000] {processor.py:186} INFO - Started process (PID=1226) to work on /home/airflow/.local/lib/python3.12/site-packages/airflow/example_dags/tutorial_taskflow_templates.py
[2025-02-12T05:14:12.382+0000] {processor.py:914} INFO - Processing file /home/airflow/.local/lib/python3.12/site-packages/airflow/example_dags/tutorial_taskflow_templates.py for tasks to queue
[2025-02-12T05:14:12.385+0000] {logging_mixin.py:190} INFO - [2025-02-12T05:14:12.385+0000] {dagbag.py:588} INFO - Filling up the DagBag from /home/airflow/.local/lib/python3.12/site-packages/airflow/example_dags/tutorial_taskflow_templates.py
[2025-02-12T05:14:12.404+0000] {processor.py:925} INFO - DAG(s) 'tutorial_taskflow_templates' retrieved from /home/airflow/.local/lib/python3.12/site-packages/airflow/example_dags/tutorial_taskflow_templates.py
[2025-02-12T05:14:12.432+0000] {logging_mixin.py:190} INFO - [2025-02-12T05:14:12.432+0000] {dag.py:3239} INFO - Sync 1 DAGs
[2025-02-12T05:14:12.464+0000] {logging_mixin.py:190} INFO - [2025-02-12T05:14:12.464+0000] {dag.py:4180} INFO - Setting next_dagrun for tutorial_taskflow_templates to 2025-02-11 00:00:00+00:00, run_after=2025-02-12 00:00:00+00:00
[2025-02-12T05:14:12.495+0000] {processor.py:208} INFO - Processing /home/airflow/.local/lib/python3.12/site-packages/airflow/example_dags/tutorial_taskflow_templates.py took 0.123 seconds
[2025-02-12T05:14:42.555+0000] {processor.py:186} INFO - Started process (PID=1292) to work on /home/airflow/.local/lib/python3.12/site-packages/airflow/example_dags/tutorial_taskflow_templates.py
[2025-02-12T05:14:42.556+0000] {processor.py:914} INFO - Processing file /home/airflow/.local/lib/python3.12/site-packages/airflow/example_dags/tutorial_taskflow_templates.py for tasks to queue
[2025-02-12T05:14:42.561+0000] {logging_mixin.py:190} INFO - [2025-02-12T05:14:42.560+0000] {dagbag.py:588} INFO - Filling up the DagBag from /home/airflow/.local/lib/python3.12/site-packages/airflow/example_dags/tutorial_taskflow_templates.py
[2025-02-12T05:14:42.581+0000] {processor.py:925} INFO - DAG(s) 'tutorial_taskflow_templates' retrieved from /home/airflow/.local/lib/python3.12/site-packages/airflow/example_dags/tutorial_taskflow_templates.py
[2025-02-12T05:14:42.614+0000] {logging_mixin.py:190} INFO - [2025-02-12T05:14:42.614+0000] {dag.py:3239} INFO - Sync 1 DAGs
[2025-02-12T05:14:42.653+0000] {logging_mixin.py:190} INFO - [2025-02-12T05:14:42.652+0000] {dag.py:4180} INFO - Setting next_dagrun for tutorial_taskflow_templates to 2025-02-11 00:00:00+00:00, run_after=2025-02-12 00:00:00+00:00
[2025-02-12T05:14:42.680+0000] {processor.py:208} INFO - Processing /home/airflow/.local/lib/python3.12/site-packages/airflow/example_dags/tutorial_taskflow_templates.py took 0.137 seconds
[2025-02-12T05:15:13.444+0000] {processor.py:186} INFO - Started process (PID=1358) to work on /home/airflow/.local/lib/python3.12/site-packages/airflow/example_dags/tutorial_taskflow_templates.py
[2025-02-12T05:15:13.446+0000] {processor.py:914} INFO - Processing file /home/airflow/.local/lib/python3.12/site-packages/airflow/example_dags/tutorial_taskflow_templates.py for tasks to queue
[2025-02-12T05:15:13.450+0000] {logging_mixin.py:190} INFO - [2025-02-12T05:15:13.449+0000] {dagbag.py:588} INFO - Filling up the DagBag from /home/airflow/.local/lib/python3.12/site-packages/airflow/example_dags/tutorial_taskflow_templates.py
[2025-02-12T05:15:13.469+0000] {processor.py:925} INFO - DAG(s) 'tutorial_taskflow_templates' retrieved from /home/airflow/.local/lib/python3.12/site-packages/airflow/example_dags/tutorial_taskflow_templates.py
[2025-02-12T05:15:13.501+0000] {logging_mixin.py:190} INFO - [2025-02-12T05:15:13.501+0000] {dag.py:3239} INFO - Sync 1 DAGs
[2025-02-12T05:15:13.535+0000] {logging_mixin.py:190} INFO - [2025-02-12T05:15:13.535+0000] {dag.py:4180} INFO - Setting next_dagrun for tutorial_taskflow_templates to 2025-02-11 00:00:00+00:00, run_after=2025-02-12 00:00:00+00:00
[2025-02-12T05:15:13.567+0000] {processor.py:208} INFO - Processing /home/airflow/.local/lib/python3.12/site-packages/airflow/example_dags/tutorial_taskflow_templates.py took 0.133 seconds
[2025-02-12T05:15:43.645+0000] {processor.py:186} INFO - Started process (PID=1424) to work on /home/airflow/.local/lib/python3.12/site-packages/airflow/example_dags/tutorial_taskflow_templates.py
[2025-02-12T05:15:43.647+0000] {processor.py:914} INFO - Processing file /home/airflow/.local/lib/python3.12/site-packages/airflow/example_dags/tutorial_taskflow_templates.py for tasks to queue
[2025-02-12T05:15:43.650+0000] {logging_mixin.py:190} INFO - [2025-02-12T05:15:43.649+0000] {dagbag.py:588} INFO - Filling up the DagBag from /home/airflow/.local/lib/python3.12/site-packages/airflow/example_dags/tutorial_taskflow_templates.py
[2025-02-12T05:15:43.667+0000] {processor.py:925} INFO - DAG(s) 'tutorial_taskflow_templates' retrieved from /home/airflow/.local/lib/python3.12/site-packages/airflow/example_dags/tutorial_taskflow_templates.py
[2025-02-12T05:15:43.694+0000] {logging_mixin.py:190} INFO - [2025-02-12T05:15:43.693+0000] {dag.py:3239} INFO - Sync 1 DAGs
[2025-02-12T05:15:43.726+0000] {logging_mixin.py:190} INFO - [2025-02-12T05:15:43.726+0000] {dag.py:4180} INFO - Setting next_dagrun for tutorial_taskflow_templates to 2025-02-11 00:00:00+00:00, run_after=2025-02-12 00:00:00+00:00
[2025-02-12T05:15:43.749+0000] {processor.py:208} INFO - Processing /home/airflow/.local/lib/python3.12/site-packages/airflow/example_dags/tutorial_taskflow_templates.py took 0.113 seconds
[2025-02-12T05:16:14.584+0000] {processor.py:186} INFO - Started process (PID=1490) to work on /home/airflow/.local/lib/python3.12/site-packages/airflow/example_dags/tutorial_taskflow_templates.py
[2025-02-12T05:16:14.586+0000] {processor.py:914} INFO - Processing file /home/airflow/.local/lib/python3.12/site-packages/airflow/example_dags/tutorial_taskflow_templates.py for tasks to queue
[2025-02-12T05:16:14.590+0000] {logging_mixin.py:190} INFO - [2025-02-12T05:16:14.590+0000] {dagbag.py:588} INFO - Filling up the DagBag from /home/airflow/.local/lib/python3.12/site-packages/airflow/example_dags/tutorial_taskflow_templates.py
[2025-02-12T05:16:14.612+0000] {processor.py:925} INFO - DAG(s) 'tutorial_taskflow_templates' retrieved from /home/airflow/.local/lib/python3.12/site-packages/airflow/example_dags/tutorial_taskflow_templates.py
[2025-02-12T05:16:14.646+0000] {logging_mixin.py:190} INFO - [2025-02-12T05:16:14.645+0000] {dag.py:3239} INFO - Sync 1 DAGs
[2025-02-12T05:16:14.679+0000] {logging_mixin.py:190} INFO - [2025-02-12T05:16:14.679+0000] {dag.py:4180} INFO - Setting next_dagrun for tutorial_taskflow_templates to 2025-02-11 00:00:00+00:00, run_after=2025-02-12 00:00:00+00:00
[2025-02-12T05:16:14.703+0000] {processor.py:208} INFO - Processing /home/airflow/.local/lib/python3.12/site-packages/airflow/example_dags/tutorial_taskflow_templates.py took 0.129 seconds
[2025-02-12T05:16:45.221+0000] {processor.py:186} INFO - Started process (PID=1557) to work on /home/airflow/.local/lib/python3.12/site-packages/airflow/example_dags/tutorial_taskflow_templates.py
[2025-02-12T05:16:45.223+0000] {processor.py:914} INFO - Processing file /home/airflow/.local/lib/python3.12/site-packages/airflow/example_dags/tutorial_taskflow_templates.py for tasks to queue
[2025-02-12T05:16:45.225+0000] {logging_mixin.py:190} INFO - [2025-02-12T05:16:45.225+0000] {dagbag.py:588} INFO - Filling up the DagBag from /home/airflow/.local/lib/python3.12/site-packages/airflow/example_dags/tutorial_taskflow_templates.py
[2025-02-12T05:16:45.247+0000] {processor.py:925} INFO - DAG(s) 'tutorial_taskflow_templates' retrieved from /home/airflow/.local/lib/python3.12/site-packages/airflow/example_dags/tutorial_taskflow_templates.py
[2025-02-12T05:16:45.277+0000] {logging_mixin.py:190} INFO - [2025-02-12T05:16:45.277+0000] {dag.py:3239} INFO - Sync 1 DAGs
[2025-02-12T05:16:45.312+0000] {logging_mixin.py:190} INFO - [2025-02-12T05:16:45.312+0000] {dag.py:4180} INFO - Setting next_dagrun for tutorial_taskflow_templates to 2025-02-11 00:00:00+00:00, run_after=2025-02-12 00:00:00+00:00
[2025-02-12T05:16:45.345+0000] {processor.py:208} INFO - Processing /home/airflow/.local/lib/python3.12/site-packages/airflow/example_dags/tutorial_taskflow_templates.py took 0.131 seconds
[2025-02-12T05:17:16.181+0000] {processor.py:186} INFO - Started process (PID=1623) to work on /home/airflow/.local/lib/python3.12/site-packages/airflow/example_dags/tutorial_taskflow_templates.py
[2025-02-12T05:17:16.182+0000] {processor.py:914} INFO - Processing file /home/airflow/.local/lib/python3.12/site-packages/airflow/example_dags/tutorial_taskflow_templates.py for tasks to queue
[2025-02-12T05:17:16.186+0000] {logging_mixin.py:190} INFO - [2025-02-12T05:17:16.185+0000] {dagbag.py:588} INFO - Filling up the DagBag from /home/airflow/.local/lib/python3.12/site-packages/airflow/example_dags/tutorial_taskflow_templates.py
[2025-02-12T05:17:16.210+0000] {processor.py:925} INFO - DAG(s) 'tutorial_taskflow_templates' retrieved from /home/airflow/.local/lib/python3.12/site-packages/airflow/example_dags/tutorial_taskflow_templates.py
[2025-02-12T05:17:16.248+0000] {logging_mixin.py:190} INFO - [2025-02-12T05:17:16.248+0000] {dag.py:3239} INFO - Sync 1 DAGs
[2025-02-12T05:17:16.288+0000] {logging_mixin.py:190} INFO - [2025-02-12T05:17:16.288+0000] {dag.py:4180} INFO - Setting next_dagrun for tutorial_taskflow_templates to 2025-02-11 00:00:00+00:00, run_after=2025-02-12 00:00:00+00:00
[2025-02-12T05:17:16.316+0000] {processor.py:208} INFO - Processing /home/airflow/.local/lib/python3.12/site-packages/airflow/example_dags/tutorial_taskflow_templates.py took 0.144 seconds
[2025-02-12T05:17:46.950+0000] {processor.py:186} INFO - Started process (PID=1695) to work on /home/airflow/.local/lib/python3.12/site-packages/airflow/example_dags/tutorial_taskflow_templates.py
[2025-02-12T05:17:46.952+0000] {processor.py:914} INFO - Processing file /home/airflow/.local/lib/python3.12/site-packages/airflow/example_dags/tutorial_taskflow_templates.py for tasks to queue
[2025-02-12T05:17:46.957+0000] {logging_mixin.py:190} INFO - [2025-02-12T05:17:46.956+0000] {dagbag.py:588} INFO - Filling up the DagBag from /home/airflow/.local/lib/python3.12/site-packages/airflow/example_dags/tutorial_taskflow_templates.py
[2025-02-12T05:17:46.977+0000] {processor.py:925} INFO - DAG(s) 'tutorial_taskflow_templates' retrieved from /home/airflow/.local/lib/python3.12/site-packages/airflow/example_dags/tutorial_taskflow_templates.py
[2025-02-12T05:17:47.010+0000] {logging_mixin.py:190} INFO - [2025-02-12T05:17:47.010+0000] {dag.py:3239} INFO - Sync 1 DAGs
[2025-02-12T05:17:47.050+0000] {logging_mixin.py:190} INFO - [2025-02-12T05:17:47.049+0000] {dag.py:4180} INFO - Setting next_dagrun for tutorial_taskflow_templates to 2025-02-11 00:00:00+00:00, run_after=2025-02-12 00:00:00+00:00
[2025-02-12T05:17:47.076+0000] {processor.py:208} INFO - Processing /home/airflow/.local/lib/python3.12/site-packages/airflow/example_dags/tutorial_taskflow_templates.py took 0.135 seconds
[2025-02-12T05:18:17.628+0000] {processor.py:186} INFO - Started process (PID=1761) to work on /home/airflow/.local/lib/python3.12/site-packages/airflow/example_dags/tutorial_taskflow_templates.py
[2025-02-12T05:18:17.630+0000] {processor.py:914} INFO - Processing file /home/airflow/.local/lib/python3.12/site-packages/airflow/example_dags/tutorial_taskflow_templates.py for tasks to queue
[2025-02-12T05:18:17.632+0000] {logging_mixin.py:190} INFO - [2025-02-12T05:18:17.632+0000] {dagbag.py:588} INFO - Filling up the DagBag from /home/airflow/.local/lib/python3.12/site-packages/airflow/example_dags/tutorial_taskflow_templates.py
[2025-02-12T05:18:17.649+0000] {processor.py:925} INFO - DAG(s) 'tutorial_taskflow_templates' retrieved from /home/airflow/.local/lib/python3.12/site-packages/airflow/example_dags/tutorial_taskflow_templates.py
[2025-02-12T05:18:17.674+0000] {logging_mixin.py:190} INFO - [2025-02-12T05:18:17.674+0000] {dag.py:3239} INFO - Sync 1 DAGs
[2025-02-12T05:18:17.702+0000] {logging_mixin.py:190} INFO - [2025-02-12T05:18:17.701+0000] {dag.py:4180} INFO - Setting next_dagrun for tutorial_taskflow_templates to 2025-02-11 00:00:00+00:00, run_after=2025-02-12 00:00:00+00:00
[2025-02-12T05:18:17.719+0000] {processor.py:208} INFO - Processing /home/airflow/.local/lib/python3.12/site-packages/airflow/example_dags/tutorial_taskflow_templates.py took 0.098 seconds
[2025-02-12T05:18:48.037+0000] {processor.py:186} INFO - Started process (PID=1827) to work on /home/airflow/.local/lib/python3.12/site-packages/airflow/example_dags/tutorial_taskflow_templates.py
[2025-02-12T05:18:48.038+0000] {processor.py:914} INFO - Processing file /home/airflow/.local/lib/python3.12/site-packages/airflow/example_dags/tutorial_taskflow_templates.py for tasks to queue
[2025-02-12T05:18:48.042+0000] {logging_mixin.py:190} INFO - [2025-02-12T05:18:48.041+0000] {dagbag.py:588} INFO - Filling up the DagBag from /home/airflow/.local/lib/python3.12/site-packages/airflow/example_dags/tutorial_taskflow_templates.py
[2025-02-12T05:18:48.064+0000] {processor.py:925} INFO - DAG(s) 'tutorial_taskflow_templates' retrieved from /home/airflow/.local/lib/python3.12/site-packages/airflow/example_dags/tutorial_taskflow_templates.py
[2025-02-12T05:18:48.096+0000] {logging_mixin.py:190} INFO - [2025-02-12T05:18:48.096+0000] {dag.py:3239} INFO - Sync 1 DAGs
[2025-02-12T05:18:48.128+0000] {logging_mixin.py:190} INFO - [2025-02-12T05:18:48.128+0000] {dag.py:4180} INFO - Setting next_dagrun for tutorial_taskflow_templates to 2025-02-11 00:00:00+00:00, run_after=2025-02-12 00:00:00+00:00
[2025-02-12T05:18:48.150+0000] {processor.py:208} INFO - Processing /home/airflow/.local/lib/python3.12/site-packages/airflow/example_dags/tutorial_taskflow_templates.py took 0.121 seconds
[2025-02-12T05:19:18.838+0000] {processor.py:186} INFO - Started process (PID=1893) to work on /home/airflow/.local/lib/python3.12/site-packages/airflow/example_dags/tutorial_taskflow_templates.py
[2025-02-12T05:19:18.839+0000] {processor.py:914} INFO - Processing file /home/airflow/.local/lib/python3.12/site-packages/airflow/example_dags/tutorial_taskflow_templates.py for tasks to queue
[2025-02-12T05:19:18.841+0000] {logging_mixin.py:190} INFO - [2025-02-12T05:19:18.841+0000] {dagbag.py:588} INFO - Filling up the DagBag from /home/airflow/.local/lib/python3.12/site-packages/airflow/example_dags/tutorial_taskflow_templates.py
[2025-02-12T05:19:18.852+0000] {processor.py:925} INFO - DAG(s) 'tutorial_taskflow_templates' retrieved from /home/airflow/.local/lib/python3.12/site-packages/airflow/example_dags/tutorial_taskflow_templates.py
[2025-02-12T05:19:18.872+0000] {logging_mixin.py:190} INFO - [2025-02-12T05:19:18.872+0000] {dag.py:3239} INFO - Sync 1 DAGs
[2025-02-12T05:19:18.894+0000] {logging_mixin.py:190} INFO - [2025-02-12T05:19:18.894+0000] {dag.py:4180} INFO - Setting next_dagrun for tutorial_taskflow_templates to 2025-02-11 00:00:00+00:00, run_after=2025-02-12 00:00:00+00:00
[2025-02-12T05:19:18.911+0000] {processor.py:208} INFO - Processing /home/airflow/.local/lib/python3.12/site-packages/airflow/example_dags/tutorial_taskflow_templates.py took 0.078 seconds
[2025-02-12T05:19:50.032+0000] {processor.py:186} INFO - Started process (PID=1959) to work on /home/airflow/.local/lib/python3.12/site-packages/airflow/example_dags/tutorial_taskflow_templates.py
[2025-02-12T05:19:50.033+0000] {processor.py:914} INFO - Processing file /home/airflow/.local/lib/python3.12/site-packages/airflow/example_dags/tutorial_taskflow_templates.py for tasks to queue
[2025-02-12T05:19:50.035+0000] {logging_mixin.py:190} INFO - [2025-02-12T05:19:50.034+0000] {dagbag.py:588} INFO - Filling up the DagBag from /home/airflow/.local/lib/python3.12/site-packages/airflow/example_dags/tutorial_taskflow_templates.py
[2025-02-12T05:19:50.048+0000] {processor.py:925} INFO - DAG(s) 'tutorial_taskflow_templates' retrieved from /home/airflow/.local/lib/python3.12/site-packages/airflow/example_dags/tutorial_taskflow_templates.py
[2025-02-12T05:19:50.066+0000] {logging_mixin.py:190} INFO - [2025-02-12T05:19:50.066+0000] {dag.py:3239} INFO - Sync 1 DAGs
[2025-02-12T05:19:50.270+0000] {logging_mixin.py:190} INFO - [2025-02-12T05:19:50.269+0000] {dag.py:4180} INFO - Setting next_dagrun for tutorial_taskflow_templates to 2025-02-11 00:00:00+00:00, run_after=2025-02-12 00:00:00+00:00
[2025-02-12T05:19:50.284+0000] {processor.py:208} INFO - Processing /home/airflow/.local/lib/python3.12/site-packages/airflow/example_dags/tutorial_taskflow_templates.py took 0.259 seconds
[2025-02-12T05:20:20.426+0000] {processor.py:186} INFO - Started process (PID=2025) to work on /home/airflow/.local/lib/python3.12/site-packages/airflow/example_dags/tutorial_taskflow_templates.py
[2025-02-12T05:20:20.427+0000] {processor.py:914} INFO - Processing file /home/airflow/.local/lib/python3.12/site-packages/airflow/example_dags/tutorial_taskflow_templates.py for tasks to queue
[2025-02-12T05:20:20.429+0000] {logging_mixin.py:190} INFO - [2025-02-12T05:20:20.429+0000] {dagbag.py:588} INFO - Filling up the DagBag from /home/airflow/.local/lib/python3.12/site-packages/airflow/example_dags/tutorial_taskflow_templates.py
[2025-02-12T05:20:20.441+0000] {processor.py:925} INFO - DAG(s) 'tutorial_taskflow_templates' retrieved from /home/airflow/.local/lib/python3.12/site-packages/airflow/example_dags/tutorial_taskflow_templates.py
[2025-02-12T05:20:20.459+0000] {logging_mixin.py:190} INFO - [2025-02-12T05:20:20.459+0000] {dag.py:3239} INFO - Sync 1 DAGs
[2025-02-12T05:20:20.668+0000] {logging_mixin.py:190} INFO - [2025-02-12T05:20:20.667+0000] {dag.py:4180} INFO - Setting next_dagrun for tutorial_taskflow_templates to 2025-02-11 00:00:00+00:00, run_after=2025-02-12 00:00:00+00:00
[2025-02-12T05:20:20.695+0000] {processor.py:208} INFO - Processing /home/airflow/.local/lib/python3.12/site-packages/airflow/example_dags/tutorial_taskflow_templates.py took 0.274 seconds
[2025-02-12T05:20:51.308+0000] {processor.py:186} INFO - Started process (PID=2091) to work on /home/airflow/.local/lib/python3.12/site-packages/airflow/example_dags/tutorial_taskflow_templates.py
[2025-02-12T05:20:51.310+0000] {processor.py:914} INFO - Processing file /home/airflow/.local/lib/python3.12/site-packages/airflow/example_dags/tutorial_taskflow_templates.py for tasks to queue
[2025-02-12T05:20:51.312+0000] {logging_mixin.py:190} INFO - [2025-02-12T05:20:51.312+0000] {dagbag.py:588} INFO - Filling up the DagBag from /home/airflow/.local/lib/python3.12/site-packages/airflow/example_dags/tutorial_taskflow_templates.py
[2025-02-12T05:20:51.327+0000] {processor.py:925} INFO - DAG(s) 'tutorial_taskflow_templates' retrieved from /home/airflow/.local/lib/python3.12/site-packages/airflow/example_dags/tutorial_taskflow_templates.py
[2025-02-12T05:20:51.349+0000] {logging_mixin.py:190} INFO - [2025-02-12T05:20:51.348+0000] {dag.py:3239} INFO - Sync 1 DAGs
[2025-02-12T05:20:51.373+0000] {logging_mixin.py:190} INFO - [2025-02-12T05:20:51.373+0000] {dag.py:4180} INFO - Setting next_dagrun for tutorial_taskflow_templates to 2025-02-11 00:00:00+00:00, run_after=2025-02-12 00:00:00+00:00
[2025-02-12T05:20:51.392+0000] {processor.py:208} INFO - Processing /home/airflow/.local/lib/python3.12/site-packages/airflow/example_dags/tutorial_taskflow_templates.py took 0.091 seconds
[2025-02-12T05:21:21.714+0000] {processor.py:186} INFO - Started process (PID=2157) to work on /home/airflow/.local/lib/python3.12/site-packages/airflow/example_dags/tutorial_taskflow_templates.py
[2025-02-12T05:21:21.715+0000] {processor.py:914} INFO - Processing file /home/airflow/.local/lib/python3.12/site-packages/airflow/example_dags/tutorial_taskflow_templates.py for tasks to queue
[2025-02-12T05:21:21.717+0000] {logging_mixin.py:190} INFO - [2025-02-12T05:21:21.717+0000] {dagbag.py:588} INFO - Filling up the DagBag from /home/airflow/.local/lib/python3.12/site-packages/airflow/example_dags/tutorial_taskflow_templates.py
[2025-02-12T05:21:21.731+0000] {processor.py:925} INFO - DAG(s) 'tutorial_taskflow_templates' retrieved from /home/airflow/.local/lib/python3.12/site-packages/airflow/example_dags/tutorial_taskflow_templates.py
[2025-02-12T05:21:21.750+0000] {logging_mixin.py:190} INFO - [2025-02-12T05:21:21.750+0000] {dag.py:3239} INFO - Sync 1 DAGs
[2025-02-12T05:21:21.773+0000] {logging_mixin.py:190} INFO - [2025-02-12T05:21:21.773+0000] {dag.py:4180} INFO - Setting next_dagrun for tutorial_taskflow_templates to 2025-02-11 00:00:00+00:00, run_after=2025-02-12 00:00:00+00:00
[2025-02-12T05:21:21.792+0000] {processor.py:208} INFO - Processing /home/airflow/.local/lib/python3.12/site-packages/airflow/example_dags/tutorial_taskflow_templates.py took 0.083 seconds
[2025-02-12T05:21:52.151+0000] {processor.py:186} INFO - Started process (PID=2223) to work on /home/airflow/.local/lib/python3.12/site-packages/airflow/example_dags/tutorial_taskflow_templates.py
[2025-02-12T05:21:52.152+0000] {processor.py:914} INFO - Processing file /home/airflow/.local/lib/python3.12/site-packages/airflow/example_dags/tutorial_taskflow_templates.py for tasks to queue
[2025-02-12T05:21:52.156+0000] {logging_mixin.py:190} INFO - [2025-02-12T05:21:52.155+0000] {dagbag.py:588} INFO - Filling up the DagBag from /home/airflow/.local/lib/python3.12/site-packages/airflow/example_dags/tutorial_taskflow_templates.py
[2025-02-12T05:21:52.169+0000] {processor.py:925} INFO - DAG(s) 'tutorial_taskflow_templates' retrieved from /home/airflow/.local/lib/python3.12/site-packages/airflow/example_dags/tutorial_taskflow_templates.py
[2025-02-12T05:21:52.189+0000] {logging_mixin.py:190} INFO - [2025-02-12T05:21:52.189+0000] {dag.py:3239} INFO - Sync 1 DAGs
[2025-02-12T05:21:52.213+0000] {logging_mixin.py:190} INFO - [2025-02-12T05:21:52.213+0000] {dag.py:4180} INFO - Setting next_dagrun for tutorial_taskflow_templates to 2025-02-11 00:00:00+00:00, run_after=2025-02-12 00:00:00+00:00
[2025-02-12T05:21:52.232+0000] {processor.py:208} INFO - Processing /home/airflow/.local/lib/python3.12/site-packages/airflow/example_dags/tutorial_taskflow_templates.py took 0.087 seconds
[2025-02-12T05:22:22.614+0000] {processor.py:186} INFO - Started process (PID=2289) to work on /home/airflow/.local/lib/python3.12/site-packages/airflow/example_dags/tutorial_taskflow_templates.py
[2025-02-12T05:22:22.615+0000] {processor.py:914} INFO - Processing file /home/airflow/.local/lib/python3.12/site-packages/airflow/example_dags/tutorial_taskflow_templates.py for tasks to queue
[2025-02-12T05:22:22.618+0000] {logging_mixin.py:190} INFO - [2025-02-12T05:22:22.617+0000] {dagbag.py:588} INFO - Filling up the DagBag from /home/airflow/.local/lib/python3.12/site-packages/airflow/example_dags/tutorial_taskflow_templates.py
[2025-02-12T05:22:22.630+0000] {processor.py:925} INFO - DAG(s) 'tutorial_taskflow_templates' retrieved from /home/airflow/.local/lib/python3.12/site-packages/airflow/example_dags/tutorial_taskflow_templates.py
[2025-02-12T05:22:22.666+0000] {logging_mixin.py:190} INFO - [2025-02-12T05:22:22.665+0000] {dag.py:3239} INFO - Sync 1 DAGs
[2025-02-12T05:22:22.696+0000] {logging_mixin.py:190} INFO - [2025-02-12T05:22:22.696+0000] {dag.py:4180} INFO - Setting next_dagrun for tutorial_taskflow_templates to 2025-02-11 00:00:00+00:00, run_after=2025-02-12 00:00:00+00:00
[2025-02-12T05:22:22.716+0000] {processor.py:208} INFO - Processing /home/airflow/.local/lib/python3.12/site-packages/airflow/example_dags/tutorial_taskflow_templates.py took 0.107 seconds
[2025-02-12T05:22:53.070+0000] {processor.py:186} INFO - Started process (PID=2355) to work on /home/airflow/.local/lib/python3.12/site-packages/airflow/example_dags/tutorial_taskflow_templates.py
[2025-02-12T05:22:53.072+0000] {processor.py:914} INFO - Processing file /home/airflow/.local/lib/python3.12/site-packages/airflow/example_dags/tutorial_taskflow_templates.py for tasks to queue
[2025-02-12T05:22:53.075+0000] {logging_mixin.py:190} INFO - [2025-02-12T05:22:53.074+0000] {dagbag.py:588} INFO - Filling up the DagBag from /home/airflow/.local/lib/python3.12/site-packages/airflow/example_dags/tutorial_taskflow_templates.py
[2025-02-12T05:22:53.088+0000] {processor.py:925} INFO - DAG(s) 'tutorial_taskflow_templates' retrieved from /home/airflow/.local/lib/python3.12/site-packages/airflow/example_dags/tutorial_taskflow_templates.py
[2025-02-12T05:22:53.109+0000] {logging_mixin.py:190} INFO - [2025-02-12T05:22:53.109+0000] {dag.py:3239} INFO - Sync 1 DAGs
[2025-02-12T05:22:53.134+0000] {logging_mixin.py:190} INFO - [2025-02-12T05:22:53.134+0000] {dag.py:4180} INFO - Setting next_dagrun for tutorial_taskflow_templates to 2025-02-11 00:00:00+00:00, run_after=2025-02-12 00:00:00+00:00
[2025-02-12T05:22:53.151+0000] {processor.py:208} INFO - Processing /home/airflow/.local/lib/python3.12/site-packages/airflow/example_dags/tutorial_taskflow_templates.py took 0.087 seconds
[2025-02-12T05:23:23.261+0000] {processor.py:186} INFO - Started process (PID=2421) to work on /home/airflow/.local/lib/python3.12/site-packages/airflow/example_dags/tutorial_taskflow_templates.py
[2025-02-12T05:23:23.261+0000] {processor.py:914} INFO - Processing file /home/airflow/.local/lib/python3.12/site-packages/airflow/example_dags/tutorial_taskflow_templates.py for tasks to queue
[2025-02-12T05:23:23.264+0000] {logging_mixin.py:190} INFO - [2025-02-12T05:23:23.264+0000] {dagbag.py:588} INFO - Filling up the DagBag from /home/airflow/.local/lib/python3.12/site-packages/airflow/example_dags/tutorial_taskflow_templates.py
[2025-02-12T05:23:23.280+0000] {processor.py:925} INFO - DAG(s) 'tutorial_taskflow_templates' retrieved from /home/airflow/.local/lib/python3.12/site-packages/airflow/example_dags/tutorial_taskflow_templates.py
[2025-02-12T05:23:23.301+0000] {logging_mixin.py:190} INFO - [2025-02-12T05:23:23.301+0000] {dag.py:3239} INFO - Sync 1 DAGs
[2025-02-12T05:23:23.326+0000] {logging_mixin.py:190} INFO - [2025-02-12T05:23:23.325+0000] {dag.py:4180} INFO - Setting next_dagrun for tutorial_taskflow_templates to 2025-02-11 00:00:00+00:00, run_after=2025-02-12 00:00:00+00:00
[2025-02-12T05:23:23.345+0000] {processor.py:208} INFO - Processing /home/airflow/.local/lib/python3.12/site-packages/airflow/example_dags/tutorial_taskflow_templates.py took 0.091 seconds
[2025-02-12T05:23:53.809+0000] {processor.py:186} INFO - Started process (PID=2487) to work on /home/airflow/.local/lib/python3.12/site-packages/airflow/example_dags/tutorial_taskflow_templates.py
[2025-02-12T05:23:53.811+0000] {processor.py:914} INFO - Processing file /home/airflow/.local/lib/python3.12/site-packages/airflow/example_dags/tutorial_taskflow_templates.py for tasks to queue
[2025-02-12T05:23:53.814+0000] {logging_mixin.py:190} INFO - [2025-02-12T05:23:53.814+0000] {dagbag.py:588} INFO - Filling up the DagBag from /home/airflow/.local/lib/python3.12/site-packages/airflow/example_dags/tutorial_taskflow_templates.py
[2025-02-12T05:23:53.832+0000] {processor.py:925} INFO - DAG(s) 'tutorial_taskflow_templates' retrieved from /home/airflow/.local/lib/python3.12/site-packages/airflow/example_dags/tutorial_taskflow_templates.py
[2025-02-12T05:23:53.858+0000] {logging_mixin.py:190} INFO - [2025-02-12T05:23:53.858+0000] {dag.py:3239} INFO - Sync 1 DAGs
[2025-02-12T05:23:53.885+0000] {logging_mixin.py:190} INFO - [2025-02-12T05:23:53.885+0000] {dag.py:4180} INFO - Setting next_dagrun for tutorial_taskflow_templates to 2025-02-11 00:00:00+00:00, run_after=2025-02-12 00:00:00+00:00
[2025-02-12T05:23:53.904+0000] {processor.py:208} INFO - Processing /home/airflow/.local/lib/python3.12/site-packages/airflow/example_dags/tutorial_taskflow_templates.py took 0.102 seconds
[2025-02-12T05:24:24.222+0000] {processor.py:186} INFO - Started process (PID=2553) to work on /home/airflow/.local/lib/python3.12/site-packages/airflow/example_dags/tutorial_taskflow_templates.py
[2025-02-12T05:24:24.223+0000] {processor.py:914} INFO - Processing file /home/airflow/.local/lib/python3.12/site-packages/airflow/example_dags/tutorial_taskflow_templates.py for tasks to queue
[2025-02-12T05:24:24.226+0000] {logging_mixin.py:190} INFO - [2025-02-12T05:24:24.226+0000] {dagbag.py:588} INFO - Filling up the DagBag from /home/airflow/.local/lib/python3.12/site-packages/airflow/example_dags/tutorial_taskflow_templates.py
[2025-02-12T05:24:24.241+0000] {processor.py:925} INFO - DAG(s) 'tutorial_taskflow_templates' retrieved from /home/airflow/.local/lib/python3.12/site-packages/airflow/example_dags/tutorial_taskflow_templates.py
[2025-02-12T05:24:24.261+0000] {logging_mixin.py:190} INFO - [2025-02-12T05:24:24.261+0000] {dag.py:3239} INFO - Sync 1 DAGs
[2025-02-12T05:24:24.285+0000] {logging_mixin.py:190} INFO - [2025-02-12T05:24:24.285+0000] {dag.py:4180} INFO - Setting next_dagrun for tutorial_taskflow_templates to 2025-02-11 00:00:00+00:00, run_after=2025-02-12 00:00:00+00:00
[2025-02-12T05:24:24.304+0000] {processor.py:208} INFO - Processing /home/airflow/.local/lib/python3.12/site-packages/airflow/example_dags/tutorial_taskflow_templates.py took 0.088 seconds
[2025-02-12T05:24:54.708+0000] {processor.py:186} INFO - Started process (PID=2619) to work on /home/airflow/.local/lib/python3.12/site-packages/airflow/example_dags/tutorial_taskflow_templates.py
[2025-02-12T05:24:54.709+0000] {processor.py:914} INFO - Processing file /home/airflow/.local/lib/python3.12/site-packages/airflow/example_dags/tutorial_taskflow_templates.py for tasks to queue
[2025-02-12T05:24:54.712+0000] {logging_mixin.py:190} INFO - [2025-02-12T05:24:54.711+0000] {dagbag.py:588} INFO - Filling up the DagBag from /home/airflow/.local/lib/python3.12/site-packages/airflow/example_dags/tutorial_taskflow_templates.py
[2025-02-12T05:24:54.727+0000] {processor.py:925} INFO - DAG(s) 'tutorial_taskflow_templates' retrieved from /home/airflow/.local/lib/python3.12/site-packages/airflow/example_dags/tutorial_taskflow_templates.py
[2025-02-12T05:24:54.748+0000] {logging_mixin.py:190} INFO - [2025-02-12T05:24:54.747+0000] {dag.py:3239} INFO - Sync 1 DAGs
[2025-02-12T05:24:54.771+0000] {logging_mixin.py:190} INFO - [2025-02-12T05:24:54.770+0000] {dag.py:4180} INFO - Setting next_dagrun for tutorial_taskflow_templates to 2025-02-11 00:00:00+00:00, run_after=2025-02-12 00:00:00+00:00
[2025-02-12T05:24:54.789+0000] {processor.py:208} INFO - Processing /home/airflow/.local/lib/python3.12/site-packages/airflow/example_dags/tutorial_taskflow_templates.py took 0.087 seconds
[2025-02-12T05:25:25.276+0000] {processor.py:186} INFO - Started process (PID=2685) to work on /home/airflow/.local/lib/python3.12/site-packages/airflow/example_dags/tutorial_taskflow_templates.py
[2025-02-12T05:25:25.276+0000] {processor.py:914} INFO - Processing file /home/airflow/.local/lib/python3.12/site-packages/airflow/example_dags/tutorial_taskflow_templates.py for tasks to queue
[2025-02-12T05:25:25.279+0000] {logging_mixin.py:190} INFO - [2025-02-12T05:25:25.278+0000] {dagbag.py:588} INFO - Filling up the DagBag from /home/airflow/.local/lib/python3.12/site-packages/airflow/example_dags/tutorial_taskflow_templates.py
[2025-02-12T05:25:25.292+0000] {processor.py:925} INFO - DAG(s) 'tutorial_taskflow_templates' retrieved from /home/airflow/.local/lib/python3.12/site-packages/airflow/example_dags/tutorial_taskflow_templates.py
[2025-02-12T05:25:25.313+0000] {logging_mixin.py:190} INFO - [2025-02-12T05:25:25.312+0000] {dag.py:3239} INFO - Sync 1 DAGs
[2025-02-12T05:25:25.335+0000] {logging_mixin.py:190} INFO - [2025-02-12T05:25:25.335+0000] {dag.py:4180} INFO - Setting next_dagrun for tutorial_taskflow_templates to 2025-02-11 00:00:00+00:00, run_after=2025-02-12 00:00:00+00:00
[2025-02-12T05:25:25.352+0000] {processor.py:208} INFO - Processing /home/airflow/.local/lib/python3.12/site-packages/airflow/example_dags/tutorial_taskflow_templates.py took 0.081 seconds
[2025-02-12T05:25:55.534+0000] {processor.py:186} INFO - Started process (PID=2751) to work on /home/airflow/.local/lib/python3.12/site-packages/airflow/example_dags/tutorial_taskflow_templates.py
[2025-02-12T05:25:55.535+0000] {processor.py:914} INFO - Processing file /home/airflow/.local/lib/python3.12/site-packages/airflow/example_dags/tutorial_taskflow_templates.py for tasks to queue
[2025-02-12T05:25:55.537+0000] {logging_mixin.py:190} INFO - [2025-02-12T05:25:55.536+0000] {dagbag.py:588} INFO - Filling up the DagBag from /home/airflow/.local/lib/python3.12/site-packages/airflow/example_dags/tutorial_taskflow_templates.py
[2025-02-12T05:25:55.549+0000] {processor.py:925} INFO - DAG(s) 'tutorial_taskflow_templates' retrieved from /home/airflow/.local/lib/python3.12/site-packages/airflow/example_dags/tutorial_taskflow_templates.py
[2025-02-12T05:25:55.571+0000] {logging_mixin.py:190} INFO - [2025-02-12T05:25:55.571+0000] {dag.py:3239} INFO - Sync 1 DAGs
[2025-02-12T05:25:55.595+0000] {logging_mixin.py:190} INFO - [2025-02-12T05:25:55.595+0000] {dag.py:4180} INFO - Setting next_dagrun for tutorial_taskflow_templates to 2025-02-11 00:00:00+00:00, run_after=2025-02-12 00:00:00+00:00
[2025-02-12T05:25:55.612+0000] {processor.py:208} INFO - Processing /home/airflow/.local/lib/python3.12/site-packages/airflow/example_dags/tutorial_taskflow_templates.py took 0.083 seconds
[2025-02-12T05:26:25.670+0000] {processor.py:186} INFO - Started process (PID=2817) to work on /home/airflow/.local/lib/python3.12/site-packages/airflow/example_dags/tutorial_taskflow_templates.py
[2025-02-12T05:26:25.672+0000] {processor.py:914} INFO - Processing file /home/airflow/.local/lib/python3.12/site-packages/airflow/example_dags/tutorial_taskflow_templates.py for tasks to queue
[2025-02-12T05:26:25.674+0000] {logging_mixin.py:190} INFO - [2025-02-12T05:26:25.673+0000] {dagbag.py:588} INFO - Filling up the DagBag from /home/airflow/.local/lib/python3.12/site-packages/airflow/example_dags/tutorial_taskflow_templates.py
[2025-02-12T05:26:25.686+0000] {processor.py:925} INFO - DAG(s) 'tutorial_taskflow_templates' retrieved from /home/airflow/.local/lib/python3.12/site-packages/airflow/example_dags/tutorial_taskflow_templates.py
[2025-02-12T05:26:25.707+0000] {logging_mixin.py:190} INFO - [2025-02-12T05:26:25.707+0000] {dag.py:3239} INFO - Sync 1 DAGs
[2025-02-12T05:26:25.734+0000] {logging_mixin.py:190} INFO - [2025-02-12T05:26:25.733+0000] {dag.py:4180} INFO - Setting next_dagrun for tutorial_taskflow_templates to 2025-02-11 00:00:00+00:00, run_after=2025-02-12 00:00:00+00:00
[2025-02-12T05:26:25.751+0000] {processor.py:208} INFO - Processing /home/airflow/.local/lib/python3.12/site-packages/airflow/example_dags/tutorial_taskflow_templates.py took 0.087 seconds
[2025-02-12T05:26:55.852+0000] {processor.py:186} INFO - Started process (PID=2883) to work on /home/airflow/.local/lib/python3.12/site-packages/airflow/example_dags/tutorial_taskflow_templates.py
[2025-02-12T05:26:55.852+0000] {processor.py:914} INFO - Processing file /home/airflow/.local/lib/python3.12/site-packages/airflow/example_dags/tutorial_taskflow_templates.py for tasks to queue
[2025-02-12T05:26:55.855+0000] {logging_mixin.py:190} INFO - [2025-02-12T05:26:55.854+0000] {dagbag.py:588} INFO - Filling up the DagBag from /home/airflow/.local/lib/python3.12/site-packages/airflow/example_dags/tutorial_taskflow_templates.py
[2025-02-12T05:26:55.867+0000] {processor.py:925} INFO - DAG(s) 'tutorial_taskflow_templates' retrieved from /home/airflow/.local/lib/python3.12/site-packages/airflow/example_dags/tutorial_taskflow_templates.py
[2025-02-12T05:26:55.888+0000] {logging_mixin.py:190} INFO - [2025-02-12T05:26:55.888+0000] {dag.py:3239} INFO - Sync 1 DAGs
[2025-02-12T05:26:55.914+0000] {logging_mixin.py:190} INFO - [2025-02-12T05:26:55.914+0000] {dag.py:4180} INFO - Setting next_dagrun for tutorial_taskflow_templates to 2025-02-11 00:00:00+00:00, run_after=2025-02-12 00:00:00+00:00
[2025-02-12T05:26:55.933+0000] {processor.py:208} INFO - Processing /home/airflow/.local/lib/python3.12/site-packages/airflow/example_dags/tutorial_taskflow_templates.py took 0.087 seconds
[2025-02-12T05:27:26.144+0000] {processor.py:186} INFO - Started process (PID=2949) to work on /home/airflow/.local/lib/python3.12/site-packages/airflow/example_dags/tutorial_taskflow_templates.py
[2025-02-12T05:27:26.145+0000] {processor.py:914} INFO - Processing file /home/airflow/.local/lib/python3.12/site-packages/airflow/example_dags/tutorial_taskflow_templates.py for tasks to queue
[2025-02-12T05:27:26.148+0000] {logging_mixin.py:190} INFO - [2025-02-12T05:27:26.147+0000] {dagbag.py:588} INFO - Filling up the DagBag from /home/airflow/.local/lib/python3.12/site-packages/airflow/example_dags/tutorial_taskflow_templates.py
[2025-02-12T05:27:26.161+0000] {processor.py:925} INFO - DAG(s) 'tutorial_taskflow_templates' retrieved from /home/airflow/.local/lib/python3.12/site-packages/airflow/example_dags/tutorial_taskflow_templates.py
[2025-02-12T05:27:26.181+0000] {logging_mixin.py:190} INFO - [2025-02-12T05:27:26.181+0000] {dag.py:3239} INFO - Sync 1 DAGs
[2025-02-12T05:27:26.204+0000] {logging_mixin.py:190} INFO - [2025-02-12T05:27:26.204+0000] {dag.py:4180} INFO - Setting next_dagrun for tutorial_taskflow_templates to 2025-02-11 00:00:00+00:00, run_after=2025-02-12 00:00:00+00:00
[2025-02-12T05:27:26.221+0000] {processor.py:208} INFO - Processing /home/airflow/.local/lib/python3.12/site-packages/airflow/example_dags/tutorial_taskflow_templates.py took 0.083 seconds
[2025-02-12T05:27:56.437+0000] {processor.py:186} INFO - Started process (PID=3015) to work on /home/airflow/.local/lib/python3.12/site-packages/airflow/example_dags/tutorial_taskflow_templates.py
[2025-02-12T05:27:56.438+0000] {processor.py:914} INFO - Processing file /home/airflow/.local/lib/python3.12/site-packages/airflow/example_dags/tutorial_taskflow_templates.py for tasks to queue
[2025-02-12T05:27:56.440+0000] {logging_mixin.py:190} INFO - [2025-02-12T05:27:56.439+0000] {dagbag.py:588} INFO - Filling up the DagBag from /home/airflow/.local/lib/python3.12/site-packages/airflow/example_dags/tutorial_taskflow_templates.py
[2025-02-12T05:27:56.453+0000] {processor.py:925} INFO - DAG(s) 'tutorial_taskflow_templates' retrieved from /home/airflow/.local/lib/python3.12/site-packages/airflow/example_dags/tutorial_taskflow_templates.py
[2025-02-12T05:27:56.472+0000] {logging_mixin.py:190} INFO - [2025-02-12T05:27:56.472+0000] {dag.py:3239} INFO - Sync 1 DAGs
[2025-02-12T05:27:56.495+0000] {logging_mixin.py:190} INFO - [2025-02-12T05:27:56.495+0000] {dag.py:4180} INFO - Setting next_dagrun for tutorial_taskflow_templates to 2025-02-11 00:00:00+00:00, run_after=2025-02-12 00:00:00+00:00
[2025-02-12T05:27:56.513+0000] {processor.py:208} INFO - Processing /home/airflow/.local/lib/python3.12/site-packages/airflow/example_dags/tutorial_taskflow_templates.py took 0.081 seconds
[2025-02-12T05:28:26.853+0000] {processor.py:186} INFO - Started process (PID=3081) to work on /home/airflow/.local/lib/python3.12/site-packages/airflow/example_dags/tutorial_taskflow_templates.py
[2025-02-12T05:28:26.854+0000] {processor.py:914} INFO - Processing file /home/airflow/.local/lib/python3.12/site-packages/airflow/example_dags/tutorial_taskflow_templates.py for tasks to queue
[2025-02-12T05:28:26.856+0000] {logging_mixin.py:190} INFO - [2025-02-12T05:28:26.856+0000] {dagbag.py:588} INFO - Filling up the DagBag from /home/airflow/.local/lib/python3.12/site-packages/airflow/example_dags/tutorial_taskflow_templates.py
[2025-02-12T05:28:26.869+0000] {processor.py:925} INFO - DAG(s) 'tutorial_taskflow_templates' retrieved from /home/airflow/.local/lib/python3.12/site-packages/airflow/example_dags/tutorial_taskflow_templates.py
[2025-02-12T05:28:26.889+0000] {logging_mixin.py:190} INFO - [2025-02-12T05:28:26.889+0000] {dag.py:3239} INFO - Sync 1 DAGs
[2025-02-12T05:28:26.911+0000] {logging_mixin.py:190} INFO - [2025-02-12T05:28:26.911+0000] {dag.py:4180} INFO - Setting next_dagrun for tutorial_taskflow_templates to 2025-02-11 00:00:00+00:00, run_after=2025-02-12 00:00:00+00:00
[2025-02-12T05:28:26.929+0000] {processor.py:208} INFO - Processing /home/airflow/.local/lib/python3.12/site-packages/airflow/example_dags/tutorial_taskflow_templates.py took 0.082 seconds
[2025-02-12T05:28:57.242+0000] {processor.py:186} INFO - Started process (PID=3147) to work on /home/airflow/.local/lib/python3.12/site-packages/airflow/example_dags/tutorial_taskflow_templates.py
[2025-02-12T05:28:57.243+0000] {processor.py:914} INFO - Processing file /home/airflow/.local/lib/python3.12/site-packages/airflow/example_dags/tutorial_taskflow_templates.py for tasks to queue
[2025-02-12T05:28:57.246+0000] {logging_mixin.py:190} INFO - [2025-02-12T05:28:57.245+0000] {dagbag.py:588} INFO - Filling up the DagBag from /home/airflow/.local/lib/python3.12/site-packages/airflow/example_dags/tutorial_taskflow_templates.py
[2025-02-12T05:28:57.259+0000] {processor.py:925} INFO - DAG(s) 'tutorial_taskflow_templates' retrieved from /home/airflow/.local/lib/python3.12/site-packages/airflow/example_dags/tutorial_taskflow_templates.py
[2025-02-12T05:28:57.279+0000] {logging_mixin.py:190} INFO - [2025-02-12T05:28:57.279+0000] {dag.py:3239} INFO - Sync 1 DAGs
[2025-02-12T05:28:57.301+0000] {logging_mixin.py:190} INFO - [2025-02-12T05:28:57.301+0000] {dag.py:4180} INFO - Setting next_dagrun for tutorial_taskflow_templates to 2025-02-11 00:00:00+00:00, run_after=2025-02-12 00:00:00+00:00
[2025-02-12T05:28:57.317+0000] {processor.py:208} INFO - Processing /home/airflow/.local/lib/python3.12/site-packages/airflow/example_dags/tutorial_taskflow_templates.py took 0.081 seconds
[2025-02-12T05:29:27.672+0000] {processor.py:186} INFO - Started process (PID=3213) to work on /home/airflow/.local/lib/python3.12/site-packages/airflow/example_dags/tutorial_taskflow_templates.py
[2025-02-12T05:29:27.672+0000] {processor.py:914} INFO - Processing file /home/airflow/.local/lib/python3.12/site-packages/airflow/example_dags/tutorial_taskflow_templates.py for tasks to queue
[2025-02-12T05:29:27.675+0000] {logging_mixin.py:190} INFO - [2025-02-12T05:29:27.674+0000] {dagbag.py:588} INFO - Filling up the DagBag from /home/airflow/.local/lib/python3.12/site-packages/airflow/example_dags/tutorial_taskflow_templates.py
[2025-02-12T05:29:27.687+0000] {processor.py:925} INFO - DAG(s) 'tutorial_taskflow_templates' retrieved from /home/airflow/.local/lib/python3.12/site-packages/airflow/example_dags/tutorial_taskflow_templates.py
[2025-02-12T05:29:27.708+0000] {logging_mixin.py:190} INFO - [2025-02-12T05:29:27.708+0000] {dag.py:3239} INFO - Sync 1 DAGs
[2025-02-12T05:29:27.733+0000] {logging_mixin.py:190} INFO - [2025-02-12T05:29:27.733+0000] {dag.py:4180} INFO - Setting next_dagrun for tutorial_taskflow_templates to 2025-02-11 00:00:00+00:00, run_after=2025-02-12 00:00:00+00:00
[2025-02-12T05:29:27.751+0000] {processor.py:208} INFO - Processing /home/airflow/.local/lib/python3.12/site-packages/airflow/example_dags/tutorial_taskflow_templates.py took 0.085 seconds
[2025-02-12T05:29:58.243+0000] {processor.py:186} INFO - Started process (PID=3279) to work on /home/airflow/.local/lib/python3.12/site-packages/airflow/example_dags/tutorial_taskflow_templates.py
[2025-02-12T05:29:58.244+0000] {processor.py:914} INFO - Processing file /home/airflow/.local/lib/python3.12/site-packages/airflow/example_dags/tutorial_taskflow_templates.py for tasks to queue
[2025-02-12T05:29:58.247+0000] {logging_mixin.py:190} INFO - [2025-02-12T05:29:58.246+0000] {dagbag.py:588} INFO - Filling up the DagBag from /home/airflow/.local/lib/python3.12/site-packages/airflow/example_dags/tutorial_taskflow_templates.py
[2025-02-12T05:29:58.259+0000] {processor.py:925} INFO - DAG(s) 'tutorial_taskflow_templates' retrieved from /home/airflow/.local/lib/python3.12/site-packages/airflow/example_dags/tutorial_taskflow_templates.py
[2025-02-12T05:29:58.281+0000] {logging_mixin.py:190} INFO - [2025-02-12T05:29:58.281+0000] {dag.py:3239} INFO - Sync 1 DAGs
[2025-02-12T05:29:58.305+0000] {logging_mixin.py:190} INFO - [2025-02-12T05:29:58.305+0000] {dag.py:4180} INFO - Setting next_dagrun for tutorial_taskflow_templates to 2025-02-11 00:00:00+00:00, run_after=2025-02-12 00:00:00+00:00
[2025-02-12T05:29:58.323+0000] {processor.py:208} INFO - Processing /home/airflow/.local/lib/python3.12/site-packages/airflow/example_dags/tutorial_taskflow_templates.py took 0.085 seconds
[2025-02-12T05:30:28.825+0000] {processor.py:186} INFO - Started process (PID=3345) to work on /home/airflow/.local/lib/python3.12/site-packages/airflow/example_dags/tutorial_taskflow_templates.py
[2025-02-12T05:30:28.826+0000] {processor.py:914} INFO - Processing file /home/airflow/.local/lib/python3.12/site-packages/airflow/example_dags/tutorial_taskflow_templates.py for tasks to queue
[2025-02-12T05:30:28.828+0000] {logging_mixin.py:190} INFO - [2025-02-12T05:30:28.828+0000] {dagbag.py:588} INFO - Filling up the DagBag from /home/airflow/.local/lib/python3.12/site-packages/airflow/example_dags/tutorial_taskflow_templates.py
[2025-02-12T05:30:28.841+0000] {processor.py:925} INFO - DAG(s) 'tutorial_taskflow_templates' retrieved from /home/airflow/.local/lib/python3.12/site-packages/airflow/example_dags/tutorial_taskflow_templates.py
[2025-02-12T05:30:28.861+0000] {logging_mixin.py:190} INFO - [2025-02-12T05:30:28.861+0000] {dag.py:3239} INFO - Sync 1 DAGs
[2025-02-12T05:30:28.884+0000] {logging_mixin.py:190} INFO - [2025-02-12T05:30:28.884+0000] {dag.py:4180} INFO - Setting next_dagrun for tutorial_taskflow_templates to 2025-02-11 00:00:00+00:00, run_after=2025-02-12 00:00:00+00:00
[2025-02-12T05:30:28.900+0000] {processor.py:208} INFO - Processing /home/airflow/.local/lib/python3.12/site-packages/airflow/example_dags/tutorial_taskflow_templates.py took 0.081 seconds
[2025-02-12T05:30:59.420+0000] {processor.py:186} INFO - Started process (PID=3411) to work on /home/airflow/.local/lib/python3.12/site-packages/airflow/example_dags/tutorial_taskflow_templates.py
[2025-02-12T05:30:59.421+0000] {processor.py:914} INFO - Processing file /home/airflow/.local/lib/python3.12/site-packages/airflow/example_dags/tutorial_taskflow_templates.py for tasks to queue
[2025-02-12T05:30:59.423+0000] {logging_mixin.py:190} INFO - [2025-02-12T05:30:59.423+0000] {dagbag.py:588} INFO - Filling up the DagBag from /home/airflow/.local/lib/python3.12/site-packages/airflow/example_dags/tutorial_taskflow_templates.py
[2025-02-12T05:30:59.435+0000] {processor.py:925} INFO - DAG(s) 'tutorial_taskflow_templates' retrieved from /home/airflow/.local/lib/python3.12/site-packages/airflow/example_dags/tutorial_taskflow_templates.py
[2025-02-12T05:30:59.457+0000] {logging_mixin.py:190} INFO - [2025-02-12T05:30:59.457+0000] {dag.py:3239} INFO - Sync 1 DAGs
[2025-02-12T05:30:59.481+0000] {logging_mixin.py:190} INFO - [2025-02-12T05:30:59.481+0000] {dag.py:4180} INFO - Setting next_dagrun for tutorial_taskflow_templates to 2025-02-11 00:00:00+00:00, run_after=2025-02-12 00:00:00+00:00
[2025-02-12T05:30:59.498+0000] {processor.py:208} INFO - Processing /home/airflow/.local/lib/python3.12/site-packages/airflow/example_dags/tutorial_taskflow_templates.py took 0.083 seconds
[2025-02-12T05:31:29.956+0000] {processor.py:186} INFO - Started process (PID=3477) to work on /home/airflow/.local/lib/python3.12/site-packages/airflow/example_dags/tutorial_taskflow_templates.py
[2025-02-12T05:31:29.956+0000] {processor.py:914} INFO - Processing file /home/airflow/.local/lib/python3.12/site-packages/airflow/example_dags/tutorial_taskflow_templates.py for tasks to queue
[2025-02-12T05:31:29.959+0000] {logging_mixin.py:190} INFO - [2025-02-12T05:31:29.958+0000] {dagbag.py:588} INFO - Filling up the DagBag from /home/airflow/.local/lib/python3.12/site-packages/airflow/example_dags/tutorial_taskflow_templates.py
[2025-02-12T05:31:29.972+0000] {processor.py:925} INFO - DAG(s) 'tutorial_taskflow_templates' retrieved from /home/airflow/.local/lib/python3.12/site-packages/airflow/example_dags/tutorial_taskflow_templates.py
[2025-02-12T05:31:29.992+0000] {logging_mixin.py:190} INFO - [2025-02-12T05:31:29.992+0000] {dag.py:3239} INFO - Sync 1 DAGs
[2025-02-12T05:31:30.018+0000] {logging_mixin.py:190} INFO - [2025-02-12T05:31:30.017+0000] {dag.py:4180} INFO - Setting next_dagrun for tutorial_taskflow_templates to 2025-02-11 00:00:00+00:00, run_after=2025-02-12 00:00:00+00:00
[2025-02-12T05:31:30.038+0000] {processor.py:208} INFO - Processing /home/airflow/.local/lib/python3.12/site-packages/airflow/example_dags/tutorial_taskflow_templates.py took 0.088 seconds
[2025-02-12T05:32:00.399+0000] {processor.py:186} INFO - Started process (PID=3543) to work on /home/airflow/.local/lib/python3.12/site-packages/airflow/example_dags/tutorial_taskflow_templates.py
[2025-02-12T05:32:00.400+0000] {processor.py:914} INFO - Processing file /home/airflow/.local/lib/python3.12/site-packages/airflow/example_dags/tutorial_taskflow_templates.py for tasks to queue
[2025-02-12T05:32:00.402+0000] {logging_mixin.py:190} INFO - [2025-02-12T05:32:00.402+0000] {dagbag.py:588} INFO - Filling up the DagBag from /home/airflow/.local/lib/python3.12/site-packages/airflow/example_dags/tutorial_taskflow_templates.py
[2025-02-12T05:32:00.415+0000] {processor.py:925} INFO - DAG(s) 'tutorial_taskflow_templates' retrieved from /home/airflow/.local/lib/python3.12/site-packages/airflow/example_dags/tutorial_taskflow_templates.py
[2025-02-12T05:32:00.434+0000] {logging_mixin.py:190} INFO - [2025-02-12T05:32:00.434+0000] {dag.py:3239} INFO - Sync 1 DAGs
[2025-02-12T05:32:00.456+0000] {logging_mixin.py:190} INFO - [2025-02-12T05:32:00.456+0000] {dag.py:4180} INFO - Setting next_dagrun for tutorial_taskflow_templates to 2025-02-11 00:00:00+00:00, run_after=2025-02-12 00:00:00+00:00
[2025-02-12T05:32:00.473+0000] {processor.py:208} INFO - Processing /home/airflow/.local/lib/python3.12/site-packages/airflow/example_dags/tutorial_taskflow_templates.py took 0.079 seconds
[2025-02-12T05:32:30.902+0000] {processor.py:186} INFO - Started process (PID=3609) to work on /home/airflow/.local/lib/python3.12/site-packages/airflow/example_dags/tutorial_taskflow_templates.py
[2025-02-12T05:32:30.903+0000] {processor.py:914} INFO - Processing file /home/airflow/.local/lib/python3.12/site-packages/airflow/example_dags/tutorial_taskflow_templates.py for tasks to queue
[2025-02-12T05:32:30.905+0000] {logging_mixin.py:190} INFO - [2025-02-12T05:32:30.905+0000] {dagbag.py:588} INFO - Filling up the DagBag from /home/airflow/.local/lib/python3.12/site-packages/airflow/example_dags/tutorial_taskflow_templates.py
[2025-02-12T05:32:30.918+0000] {processor.py:925} INFO - DAG(s) 'tutorial_taskflow_templates' retrieved from /home/airflow/.local/lib/python3.12/site-packages/airflow/example_dags/tutorial_taskflow_templates.py
[2025-02-12T05:32:30.938+0000] {logging_mixin.py:190} INFO - [2025-02-12T05:32:30.938+0000] {dag.py:3239} INFO - Sync 1 DAGs
[2025-02-12T05:32:30.961+0000] {logging_mixin.py:190} INFO - [2025-02-12T05:32:30.961+0000] {dag.py:4180} INFO - Setting next_dagrun for tutorial_taskflow_templates to 2025-02-11 00:00:00+00:00, run_after=2025-02-12 00:00:00+00:00
[2025-02-12T05:32:30.979+0000] {processor.py:208} INFO - Processing /home/airflow/.local/lib/python3.12/site-packages/airflow/example_dags/tutorial_taskflow_templates.py took 0.082 seconds
[2025-02-12T05:33:01.257+0000] {processor.py:186} INFO - Started process (PID=3675) to work on /home/airflow/.local/lib/python3.12/site-packages/airflow/example_dags/tutorial_taskflow_templates.py
[2025-02-12T05:33:01.258+0000] {processor.py:914} INFO - Processing file /home/airflow/.local/lib/python3.12/site-packages/airflow/example_dags/tutorial_taskflow_templates.py for tasks to queue
[2025-02-12T05:33:01.261+0000] {logging_mixin.py:190} INFO - [2025-02-12T05:33:01.260+0000] {dagbag.py:588} INFO - Filling up the DagBag from /home/airflow/.local/lib/python3.12/site-packages/airflow/example_dags/tutorial_taskflow_templates.py
[2025-02-12T05:33:01.274+0000] {processor.py:925} INFO - DAG(s) 'tutorial_taskflow_templates' retrieved from /home/airflow/.local/lib/python3.12/site-packages/airflow/example_dags/tutorial_taskflow_templates.py
[2025-02-12T05:33:01.296+0000] {logging_mixin.py:190} INFO - [2025-02-12T05:33:01.296+0000] {dag.py:3239} INFO - Sync 1 DAGs
[2025-02-12T05:33:01.319+0000] {logging_mixin.py:190} INFO - [2025-02-12T05:33:01.319+0000] {dag.py:4180} INFO - Setting next_dagrun for tutorial_taskflow_templates to 2025-02-11 00:00:00+00:00, run_after=2025-02-12 00:00:00+00:00
[2025-02-12T05:33:01.335+0000] {processor.py:208} INFO - Processing /home/airflow/.local/lib/python3.12/site-packages/airflow/example_dags/tutorial_taskflow_templates.py took 0.084 seconds
[2025-02-12T05:33:31.522+0000] {processor.py:186} INFO - Started process (PID=3741) to work on /home/airflow/.local/lib/python3.12/site-packages/airflow/example_dags/tutorial_taskflow_templates.py
[2025-02-12T05:33:31.523+0000] {processor.py:914} INFO - Processing file /home/airflow/.local/lib/python3.12/site-packages/airflow/example_dags/tutorial_taskflow_templates.py for tasks to queue
[2025-02-12T05:33:31.525+0000] {logging_mixin.py:190} INFO - [2025-02-12T05:33:31.525+0000] {dagbag.py:588} INFO - Filling up the DagBag from /home/airflow/.local/lib/python3.12/site-packages/airflow/example_dags/tutorial_taskflow_templates.py
[2025-02-12T05:33:31.538+0000] {processor.py:925} INFO - DAG(s) 'tutorial_taskflow_templates' retrieved from /home/airflow/.local/lib/python3.12/site-packages/airflow/example_dags/tutorial_taskflow_templates.py
[2025-02-12T05:33:31.558+0000] {logging_mixin.py:190} INFO - [2025-02-12T05:33:31.558+0000] {dag.py:3239} INFO - Sync 1 DAGs
[2025-02-12T05:33:31.581+0000] {logging_mixin.py:190} INFO - [2025-02-12T05:33:31.581+0000] {dag.py:4180} INFO - Setting next_dagrun for tutorial_taskflow_templates to 2025-02-11 00:00:00+00:00, run_after=2025-02-12 00:00:00+00:00
[2025-02-12T05:33:31.599+0000] {processor.py:208} INFO - Processing /home/airflow/.local/lib/python3.12/site-packages/airflow/example_dags/tutorial_taskflow_templates.py took 0.082 seconds
[2025-02-12T05:34:01.807+0000] {processor.py:186} INFO - Started process (PID=3807) to work on /home/airflow/.local/lib/python3.12/site-packages/airflow/example_dags/tutorial_taskflow_templates.py
[2025-02-12T05:34:01.808+0000] {processor.py:914} INFO - Processing file /home/airflow/.local/lib/python3.12/site-packages/airflow/example_dags/tutorial_taskflow_templates.py for tasks to queue
[2025-02-12T05:34:01.811+0000] {logging_mixin.py:190} INFO - [2025-02-12T05:34:01.810+0000] {dagbag.py:588} INFO - Filling up the DagBag from /home/airflow/.local/lib/python3.12/site-packages/airflow/example_dags/tutorial_taskflow_templates.py
[2025-02-12T05:34:01.826+0000] {processor.py:925} INFO - DAG(s) 'tutorial_taskflow_templates' retrieved from /home/airflow/.local/lib/python3.12/site-packages/airflow/example_dags/tutorial_taskflow_templates.py
[2025-02-12T05:34:01.847+0000] {logging_mixin.py:190} INFO - [2025-02-12T05:34:01.847+0000] {dag.py:3239} INFO - Sync 1 DAGs
[2025-02-12T05:34:01.870+0000] {logging_mixin.py:190} INFO - [2025-02-12T05:34:01.870+0000] {dag.py:4180} INFO - Setting next_dagrun for tutorial_taskflow_templates to 2025-02-11 00:00:00+00:00, run_after=2025-02-12 00:00:00+00:00
[2025-02-12T05:34:01.886+0000] {processor.py:208} INFO - Processing /home/airflow/.local/lib/python3.12/site-packages/airflow/example_dags/tutorial_taskflow_templates.py took 0.086 seconds
[2025-02-12T05:34:32.615+0000] {processor.py:186} INFO - Started process (PID=3872) to work on /home/airflow/.local/lib/python3.12/site-packages/airflow/example_dags/tutorial_taskflow_templates.py
[2025-02-12T05:34:32.616+0000] {processor.py:914} INFO - Processing file /home/airflow/.local/lib/python3.12/site-packages/airflow/example_dags/tutorial_taskflow_templates.py for tasks to queue
[2025-02-12T05:34:32.618+0000] {logging_mixin.py:190} INFO - [2025-02-12T05:34:32.618+0000] {dagbag.py:588} INFO - Filling up the DagBag from /home/airflow/.local/lib/python3.12/site-packages/airflow/example_dags/tutorial_taskflow_templates.py
[2025-02-12T05:34:32.632+0000] {processor.py:925} INFO - DAG(s) 'tutorial_taskflow_templates' retrieved from /home/airflow/.local/lib/python3.12/site-packages/airflow/example_dags/tutorial_taskflow_templates.py
[2025-02-12T05:34:32.652+0000] {logging_mixin.py:190} INFO - [2025-02-12T05:34:32.651+0000] {dag.py:3239} INFO - Sync 1 DAGs
[2025-02-12T05:34:32.674+0000] {logging_mixin.py:190} INFO - [2025-02-12T05:34:32.673+0000] {dag.py:4180} INFO - Setting next_dagrun for tutorial_taskflow_templates to 2025-02-11 00:00:00+00:00, run_after=2025-02-12 00:00:00+00:00
[2025-02-12T05:34:32.692+0000] {processor.py:208} INFO - Processing /home/airflow/.local/lib/python3.12/site-packages/airflow/example_dags/tutorial_taskflow_templates.py took 0.083 seconds
[2025-02-12T05:35:03.117+0000] {processor.py:186} INFO - Started process (PID=3938) to work on /home/airflow/.local/lib/python3.12/site-packages/airflow/example_dags/tutorial_taskflow_templates.py
[2025-02-12T05:35:03.118+0000] {processor.py:914} INFO - Processing file /home/airflow/.local/lib/python3.12/site-packages/airflow/example_dags/tutorial_taskflow_templates.py for tasks to queue
[2025-02-12T05:35:03.121+0000] {logging_mixin.py:190} INFO - [2025-02-12T05:35:03.120+0000] {dagbag.py:588} INFO - Filling up the DagBag from /home/airflow/.local/lib/python3.12/site-packages/airflow/example_dags/tutorial_taskflow_templates.py
[2025-02-12T05:35:03.133+0000] {processor.py:925} INFO - DAG(s) 'tutorial_taskflow_templates' retrieved from /home/airflow/.local/lib/python3.12/site-packages/airflow/example_dags/tutorial_taskflow_templates.py
[2025-02-12T05:35:03.153+0000] {logging_mixin.py:190} INFO - [2025-02-12T05:35:03.153+0000] {dag.py:3239} INFO - Sync 1 DAGs
[2025-02-12T05:35:03.184+0000] {logging_mixin.py:190} INFO - [2025-02-12T05:35:03.183+0000] {dag.py:4180} INFO - Setting next_dagrun for tutorial_taskflow_templates to 2025-02-11 00:00:00+00:00, run_after=2025-02-12 00:00:00+00:00
[2025-02-12T05:35:03.208+0000] {processor.py:208} INFO - Processing /home/airflow/.local/lib/python3.12/site-packages/airflow/example_dags/tutorial_taskflow_templates.py took 0.098 seconds
[2025-02-12T05:35:33.801+0000] {processor.py:186} INFO - Started process (PID=4002) to work on /home/airflow/.local/lib/python3.12/site-packages/airflow/example_dags/tutorial_taskflow_templates.py
[2025-02-12T05:35:33.802+0000] {processor.py:914} INFO - Processing file /home/airflow/.local/lib/python3.12/site-packages/airflow/example_dags/tutorial_taskflow_templates.py for tasks to queue
[2025-02-12T05:35:33.804+0000] {logging_mixin.py:190} INFO - [2025-02-12T05:35:33.804+0000] {dagbag.py:588} INFO - Filling up the DagBag from /home/airflow/.local/lib/python3.12/site-packages/airflow/example_dags/tutorial_taskflow_templates.py
[2025-02-12T05:35:33.818+0000] {processor.py:925} INFO - DAG(s) 'tutorial_taskflow_templates' retrieved from /home/airflow/.local/lib/python3.12/site-packages/airflow/example_dags/tutorial_taskflow_templates.py
[2025-02-12T05:35:33.839+0000] {logging_mixin.py:190} INFO - [2025-02-12T05:35:33.838+0000] {dag.py:3239} INFO - Sync 1 DAGs
[2025-02-12T05:35:33.860+0000] {logging_mixin.py:190} INFO - [2025-02-12T05:35:33.860+0000] {dag.py:4180} INFO - Setting next_dagrun for tutorial_taskflow_templates to 2025-02-11 00:00:00+00:00, run_after=2025-02-12 00:00:00+00:00
[2025-02-12T05:35:33.880+0000] {processor.py:208} INFO - Processing /home/airflow/.local/lib/python3.12/site-packages/airflow/example_dags/tutorial_taskflow_templates.py took 0.087 seconds
[2025-02-12T05:36:04.371+0000] {processor.py:186} INFO - Started process (PID=4068) to work on /home/airflow/.local/lib/python3.12/site-packages/airflow/example_dags/tutorial_taskflow_templates.py
[2025-02-12T05:36:04.372+0000] {processor.py:914} INFO - Processing file /home/airflow/.local/lib/python3.12/site-packages/airflow/example_dags/tutorial_taskflow_templates.py for tasks to queue
[2025-02-12T05:36:04.376+0000] {logging_mixin.py:190} INFO - [2025-02-12T05:36:04.375+0000] {dagbag.py:588} INFO - Filling up the DagBag from /home/airflow/.local/lib/python3.12/site-packages/airflow/example_dags/tutorial_taskflow_templates.py
[2025-02-12T05:36:04.399+0000] {processor.py:925} INFO - DAG(s) 'tutorial_taskflow_templates' retrieved from /home/airflow/.local/lib/python3.12/site-packages/airflow/example_dags/tutorial_taskflow_templates.py
[2025-02-12T05:36:04.434+0000] {logging_mixin.py:190} INFO - [2025-02-12T05:36:04.433+0000] {dag.py:3239} INFO - Sync 1 DAGs
[2025-02-12T05:36:04.470+0000] {logging_mixin.py:190} INFO - [2025-02-12T05:36:04.469+0000] {dag.py:4180} INFO - Setting next_dagrun for tutorial_taskflow_templates to 2025-02-11 00:00:00+00:00, run_after=2025-02-12 00:00:00+00:00
[2025-02-12T05:36:04.498+0000] {processor.py:208} INFO - Processing /home/airflow/.local/lib/python3.12/site-packages/airflow/example_dags/tutorial_taskflow_templates.py took 0.134 seconds
