[2025-02-12T05:05:23.921+0000] {processor.py:186} INFO - Started process (PID=78) to work on /home/airflow/.local/lib/python3.12/site-packages/airflow/example_dags/tutorial_dag.py
[2025-02-12T05:05:23.922+0000] {processor.py:914} INFO - Processing file /home/airflow/.local/lib/python3.12/site-packages/airflow/example_dags/tutorial_dag.py for tasks to queue
[2025-02-12T05:05:23.926+0000] {logging_mixin.py:190} INFO - [2025-02-12T05:05:23.925+0000] {dagbag.py:588} INFO - Filling up the DagBag from /home/airflow/.local/lib/python3.12/site-packages/airflow/example_dags/tutorial_dag.py
[2025-02-12T05:05:23.942+0000] {processor.py:925} INFO - DAG(s) 'tutorial_dag' retrieved from /home/airflow/.local/lib/python3.12/site-packages/airflow/example_dags/tutorial_dag.py
[2025-02-12T05:05:23.981+0000] {logging_mixin.py:190} INFO - [2025-02-12T05:05:23.980+0000] {dag.py:3239} INFO - Sync 1 DAGs
[2025-02-12T05:05:24.012+0000] {logging_mixin.py:190} INFO - [2025-02-12T05:05:24.012+0000] {dag.py:4180} INFO - Setting next_dagrun for tutorial_dag to None, run_after=None
[2025-02-12T05:05:24.040+0000] {processor.py:208} INFO - Processing /home/airflow/.local/lib/python3.12/site-packages/airflow/example_dags/tutorial_dag.py took 0.128 seconds
[2025-02-12T05:05:54.921+0000] {processor.py:186} INFO - Started process (PID=148) to work on /home/airflow/.local/lib/python3.12/site-packages/airflow/example_dags/tutorial_dag.py
[2025-02-12T05:05:54.922+0000] {processor.py:914} INFO - Processing file /home/airflow/.local/lib/python3.12/site-packages/airflow/example_dags/tutorial_dag.py for tasks to queue
[2025-02-12T05:05:54.925+0000] {logging_mixin.py:190} INFO - [2025-02-12T05:05:54.924+0000] {dagbag.py:588} INFO - Filling up the DagBag from /home/airflow/.local/lib/python3.12/site-packages/airflow/example_dags/tutorial_dag.py
[2025-02-12T05:05:54.934+0000] {processor.py:925} INFO - DAG(s) 'tutorial_dag' retrieved from /home/airflow/.local/lib/python3.12/site-packages/airflow/example_dags/tutorial_dag.py
[2025-02-12T05:05:54.961+0000] {logging_mixin.py:190} INFO - [2025-02-12T05:05:54.961+0000] {dag.py:3239} INFO - Sync 1 DAGs
[2025-02-12T05:05:54.979+0000] {logging_mixin.py:190} INFO - [2025-02-12T05:05:54.979+0000] {dag.py:4180} INFO - Setting next_dagrun for tutorial_dag to None, run_after=None
[2025-02-12T05:05:55.009+0000] {processor.py:208} INFO - Processing /home/airflow/.local/lib/python3.12/site-packages/airflow/example_dags/tutorial_dag.py took 0.097 seconds
[2025-02-12T05:06:25.596+0000] {processor.py:186} INFO - Started process (PID=214) to work on /home/airflow/.local/lib/python3.12/site-packages/airflow/example_dags/tutorial_dag.py
[2025-02-12T05:06:25.597+0000] {processor.py:914} INFO - Processing file /home/airflow/.local/lib/python3.12/site-packages/airflow/example_dags/tutorial_dag.py for tasks to queue
[2025-02-12T05:06:25.600+0000] {logging_mixin.py:190} INFO - [2025-02-12T05:06:25.599+0000] {dagbag.py:588} INFO - Filling up the DagBag from /home/airflow/.local/lib/python3.12/site-packages/airflow/example_dags/tutorial_dag.py
[2025-02-12T05:06:25.609+0000] {processor.py:925} INFO - DAG(s) 'tutorial_dag' retrieved from /home/airflow/.local/lib/python3.12/site-packages/airflow/example_dags/tutorial_dag.py
[2025-02-12T05:06:25.633+0000] {logging_mixin.py:190} INFO - [2025-02-12T05:06:25.633+0000] {dag.py:3239} INFO - Sync 1 DAGs
[2025-02-12T05:06:25.650+0000] {logging_mixin.py:190} INFO - [2025-02-12T05:06:25.650+0000] {dag.py:4180} INFO - Setting next_dagrun for tutorial_dag to None, run_after=None
[2025-02-12T05:06:25.677+0000] {processor.py:208} INFO - Processing /home/airflow/.local/lib/python3.12/site-packages/airflow/example_dags/tutorial_dag.py took 0.088 seconds
[2025-02-12T05:06:56.091+0000] {processor.py:186} INFO - Started process (PID=280) to work on /home/airflow/.local/lib/python3.12/site-packages/airflow/example_dags/tutorial_dag.py
[2025-02-12T05:06:56.093+0000] {processor.py:914} INFO - Processing file /home/airflow/.local/lib/python3.12/site-packages/airflow/example_dags/tutorial_dag.py for tasks to queue
[2025-02-12T05:06:56.097+0000] {logging_mixin.py:190} INFO - [2025-02-12T05:06:56.096+0000] {dagbag.py:588} INFO - Filling up the DagBag from /home/airflow/.local/lib/python3.12/site-packages/airflow/example_dags/tutorial_dag.py
[2025-02-12T05:06:56.107+0000] {processor.py:925} INFO - DAG(s) 'tutorial_dag' retrieved from /home/airflow/.local/lib/python3.12/site-packages/airflow/example_dags/tutorial_dag.py
[2025-02-12T05:06:56.135+0000] {logging_mixin.py:190} INFO - [2025-02-12T05:06:56.135+0000] {dag.py:3239} INFO - Sync 1 DAGs
[2025-02-12T05:06:56.155+0000] {logging_mixin.py:190} INFO - [2025-02-12T05:06:56.155+0000] {dag.py:4180} INFO - Setting next_dagrun for tutorial_dag to None, run_after=None
[2025-02-12T05:06:56.180+0000] {processor.py:208} INFO - Processing /home/airflow/.local/lib/python3.12/site-packages/airflow/example_dags/tutorial_dag.py took 0.096 seconds
[2025-02-12T05:07:26.914+0000] {processor.py:186} INFO - Started process (PID=346) to work on /home/airflow/.local/lib/python3.12/site-packages/airflow/example_dags/tutorial_dag.py
[2025-02-12T05:07:26.916+0000] {processor.py:914} INFO - Processing file /home/airflow/.local/lib/python3.12/site-packages/airflow/example_dags/tutorial_dag.py for tasks to queue
[2025-02-12T05:07:26.920+0000] {logging_mixin.py:190} INFO - [2025-02-12T05:07:26.919+0000] {dagbag.py:588} INFO - Filling up the DagBag from /home/airflow/.local/lib/python3.12/site-packages/airflow/example_dags/tutorial_dag.py
[2025-02-12T05:07:26.929+0000] {processor.py:925} INFO - DAG(s) 'tutorial_dag' retrieved from /home/airflow/.local/lib/python3.12/site-packages/airflow/example_dags/tutorial_dag.py
[2025-02-12T05:07:26.963+0000] {logging_mixin.py:190} INFO - [2025-02-12T05:07:26.962+0000] {dag.py:3239} INFO - Sync 1 DAGs
[2025-02-12T05:07:26.987+0000] {logging_mixin.py:190} INFO - [2025-02-12T05:07:26.986+0000] {dag.py:4180} INFO - Setting next_dagrun for tutorial_dag to None, run_after=None
[2025-02-12T05:07:27.015+0000] {processor.py:208} INFO - Processing /home/airflow/.local/lib/python3.12/site-packages/airflow/example_dags/tutorial_dag.py took 0.111 seconds
[2025-02-12T05:07:57.707+0000] {processor.py:186} INFO - Started process (PID=412) to work on /home/airflow/.local/lib/python3.12/site-packages/airflow/example_dags/tutorial_dag.py
[2025-02-12T05:07:57.708+0000] {processor.py:914} INFO - Processing file /home/airflow/.local/lib/python3.12/site-packages/airflow/example_dags/tutorial_dag.py for tasks to queue
[2025-02-12T05:07:57.711+0000] {logging_mixin.py:190} INFO - [2025-02-12T05:07:57.710+0000] {dagbag.py:588} INFO - Filling up the DagBag from /home/airflow/.local/lib/python3.12/site-packages/airflow/example_dags/tutorial_dag.py
[2025-02-12T05:07:57.721+0000] {processor.py:925} INFO - DAG(s) 'tutorial_dag' retrieved from /home/airflow/.local/lib/python3.12/site-packages/airflow/example_dags/tutorial_dag.py
[2025-02-12T05:07:57.748+0000] {logging_mixin.py:190} INFO - [2025-02-12T05:07:57.748+0000] {dag.py:3239} INFO - Sync 1 DAGs
[2025-02-12T05:07:57.767+0000] {logging_mixin.py:190} INFO - [2025-02-12T05:07:57.766+0000] {dag.py:4180} INFO - Setting next_dagrun for tutorial_dag to None, run_after=None
[2025-02-12T05:07:57.793+0000] {processor.py:208} INFO - Processing /home/airflow/.local/lib/python3.12/site-packages/airflow/example_dags/tutorial_dag.py took 0.094 seconds
[2025-02-12T05:08:28.095+0000] {processor.py:186} INFO - Started process (PID=481) to work on /home/airflow/.local/lib/python3.12/site-packages/airflow/example_dags/tutorial_dag.py
[2025-02-12T05:08:28.096+0000] {processor.py:914} INFO - Processing file /home/airflow/.local/lib/python3.12/site-packages/airflow/example_dags/tutorial_dag.py for tasks to queue
[2025-02-12T05:08:28.099+0000] {logging_mixin.py:190} INFO - [2025-02-12T05:08:28.099+0000] {dagbag.py:588} INFO - Filling up the DagBag from /home/airflow/.local/lib/python3.12/site-packages/airflow/example_dags/tutorial_dag.py
[2025-02-12T05:08:28.108+0000] {processor.py:925} INFO - DAG(s) 'tutorial_dag' retrieved from /home/airflow/.local/lib/python3.12/site-packages/airflow/example_dags/tutorial_dag.py
[2025-02-12T05:08:28.134+0000] {logging_mixin.py:190} INFO - [2025-02-12T05:08:28.133+0000] {dag.py:3239} INFO - Sync 1 DAGs
[2025-02-12T05:08:28.155+0000] {logging_mixin.py:190} INFO - [2025-02-12T05:08:28.154+0000] {dag.py:4180} INFO - Setting next_dagrun for tutorial_dag to None, run_after=None
[2025-02-12T05:08:28.181+0000] {processor.py:208} INFO - Processing /home/airflow/.local/lib/python3.12/site-packages/airflow/example_dags/tutorial_dag.py took 0.092 seconds
[2025-02-12T05:08:59.220+0000] {processor.py:186} INFO - Started process (PID=546) to work on /home/airflow/.local/lib/python3.12/site-packages/airflow/example_dags/tutorial_dag.py
[2025-02-12T05:08:59.221+0000] {processor.py:914} INFO - Processing file /home/airflow/.local/lib/python3.12/site-packages/airflow/example_dags/tutorial_dag.py for tasks to queue
[2025-02-12T05:08:59.225+0000] {logging_mixin.py:190} INFO - [2025-02-12T05:08:59.224+0000] {dagbag.py:588} INFO - Filling up the DagBag from /home/airflow/.local/lib/python3.12/site-packages/airflow/example_dags/tutorial_dag.py
[2025-02-12T05:08:59.236+0000] {processor.py:925} INFO - DAG(s) 'tutorial_dag' retrieved from /home/airflow/.local/lib/python3.12/site-packages/airflow/example_dags/tutorial_dag.py
[2025-02-12T05:08:59.260+0000] {logging_mixin.py:190} INFO - [2025-02-12T05:08:59.260+0000] {dag.py:3239} INFO - Sync 1 DAGs
[2025-02-12T05:08:59.279+0000] {logging_mixin.py:190} INFO - [2025-02-12T05:08:59.279+0000] {dag.py:4180} INFO - Setting next_dagrun for tutorial_dag to None, run_after=None
[2025-02-12T05:08:59.304+0000] {processor.py:208} INFO - Processing /home/airflow/.local/lib/python3.12/site-packages/airflow/example_dags/tutorial_dag.py took 0.092 seconds
[2025-02-12T05:09:29.555+0000] {processor.py:186} INFO - Started process (PID=612) to work on /home/airflow/.local/lib/python3.12/site-packages/airflow/example_dags/tutorial_dag.py
[2025-02-12T05:09:29.556+0000] {processor.py:914} INFO - Processing file /home/airflow/.local/lib/python3.12/site-packages/airflow/example_dags/tutorial_dag.py for tasks to queue
[2025-02-12T05:09:29.559+0000] {logging_mixin.py:190} INFO - [2025-02-12T05:09:29.559+0000] {dagbag.py:588} INFO - Filling up the DagBag from /home/airflow/.local/lib/python3.12/site-packages/airflow/example_dags/tutorial_dag.py
[2025-02-12T05:09:29.571+0000] {processor.py:925} INFO - DAG(s) 'tutorial_dag' retrieved from /home/airflow/.local/lib/python3.12/site-packages/airflow/example_dags/tutorial_dag.py
[2025-02-12T05:09:29.597+0000] {logging_mixin.py:190} INFO - [2025-02-12T05:09:29.596+0000] {dag.py:3239} INFO - Sync 1 DAGs
[2025-02-12T05:09:29.616+0000] {logging_mixin.py:190} INFO - [2025-02-12T05:09:29.615+0000] {dag.py:4180} INFO - Setting next_dagrun for tutorial_dag to None, run_after=None
[2025-02-12T05:09:29.642+0000] {processor.py:208} INFO - Processing /home/airflow/.local/lib/python3.12/site-packages/airflow/example_dags/tutorial_dag.py took 0.099 seconds
[2025-02-12T05:10:00.313+0000] {processor.py:186} INFO - Started process (PID=678) to work on /home/airflow/.local/lib/python3.12/site-packages/airflow/example_dags/tutorial_dag.py
[2025-02-12T05:10:00.314+0000] {processor.py:914} INFO - Processing file /home/airflow/.local/lib/python3.12/site-packages/airflow/example_dags/tutorial_dag.py for tasks to queue
[2025-02-12T05:10:00.317+0000] {logging_mixin.py:190} INFO - [2025-02-12T05:10:00.317+0000] {dagbag.py:588} INFO - Filling up the DagBag from /home/airflow/.local/lib/python3.12/site-packages/airflow/example_dags/tutorial_dag.py
[2025-02-12T05:10:00.327+0000] {processor.py:925} INFO - DAG(s) 'tutorial_dag' retrieved from /home/airflow/.local/lib/python3.12/site-packages/airflow/example_dags/tutorial_dag.py
[2025-02-12T05:10:00.353+0000] {logging_mixin.py:190} INFO - [2025-02-12T05:10:00.353+0000] {dag.py:3239} INFO - Sync 1 DAGs
[2025-02-12T05:10:00.374+0000] {logging_mixin.py:190} INFO - [2025-02-12T05:10:00.373+0000] {dag.py:4180} INFO - Setting next_dagrun for tutorial_dag to None, run_after=None
[2025-02-12T05:10:00.395+0000] {processor.py:208} INFO - Processing /home/airflow/.local/lib/python3.12/site-packages/airflow/example_dags/tutorial_dag.py took 0.088 seconds
[2025-02-12T05:10:30.624+0000] {processor.py:186} INFO - Started process (PID=743) to work on /home/airflow/.local/lib/python3.12/site-packages/airflow/example_dags/tutorial_dag.py
[2025-02-12T05:10:30.625+0000] {processor.py:914} INFO - Processing file /home/airflow/.local/lib/python3.12/site-packages/airflow/example_dags/tutorial_dag.py for tasks to queue
[2025-02-12T05:10:30.629+0000] {logging_mixin.py:190} INFO - [2025-02-12T05:10:30.628+0000] {dagbag.py:588} INFO - Filling up the DagBag from /home/airflow/.local/lib/python3.12/site-packages/airflow/example_dags/tutorial_dag.py
[2025-02-12T05:10:30.640+0000] {processor.py:925} INFO - DAG(s) 'tutorial_dag' retrieved from /home/airflow/.local/lib/python3.12/site-packages/airflow/example_dags/tutorial_dag.py
[2025-02-12T05:10:30.662+0000] {logging_mixin.py:190} INFO - [2025-02-12T05:10:30.662+0000] {dag.py:3239} INFO - Sync 1 DAGs
[2025-02-12T05:10:30.679+0000] {logging_mixin.py:190} INFO - [2025-02-12T05:10:30.679+0000] {dag.py:4180} INFO - Setting next_dagrun for tutorial_dag to None, run_after=None
[2025-02-12T05:10:30.705+0000] {processor.py:208} INFO - Processing /home/airflow/.local/lib/python3.12/site-packages/airflow/example_dags/tutorial_dag.py took 0.089 seconds
[2025-02-12T05:11:01.521+0000] {processor.py:186} INFO - Started process (PID=809) to work on /home/airflow/.local/lib/python3.12/site-packages/airflow/example_dags/tutorial_dag.py
[2025-02-12T05:11:01.522+0000] {processor.py:914} INFO - Processing file /home/airflow/.local/lib/python3.12/site-packages/airflow/example_dags/tutorial_dag.py for tasks to queue
[2025-02-12T05:11:01.526+0000] {logging_mixin.py:190} INFO - [2025-02-12T05:11:01.526+0000] {dagbag.py:588} INFO - Filling up the DagBag from /home/airflow/.local/lib/python3.12/site-packages/airflow/example_dags/tutorial_dag.py
[2025-02-12T05:11:01.539+0000] {processor.py:925} INFO - DAG(s) 'tutorial_dag' retrieved from /home/airflow/.local/lib/python3.12/site-packages/airflow/example_dags/tutorial_dag.py
[2025-02-12T05:11:01.571+0000] {logging_mixin.py:190} INFO - [2025-02-12T05:11:01.571+0000] {dag.py:3239} INFO - Sync 1 DAGs
[2025-02-12T05:11:01.592+0000] {logging_mixin.py:190} INFO - [2025-02-12T05:11:01.592+0000] {dag.py:4180} INFO - Setting next_dagrun for tutorial_dag to None, run_after=None
[2025-02-12T05:11:01.623+0000] {processor.py:208} INFO - Processing /home/airflow/.local/lib/python3.12/site-packages/airflow/example_dags/tutorial_dag.py took 0.110 seconds
[2025-02-12T05:11:32.399+0000] {processor.py:186} INFO - Started process (PID=875) to work on /home/airflow/.local/lib/python3.12/site-packages/airflow/example_dags/tutorial_dag.py
[2025-02-12T05:11:32.401+0000] {processor.py:914} INFO - Processing file /home/airflow/.local/lib/python3.12/site-packages/airflow/example_dags/tutorial_dag.py for tasks to queue
[2025-02-12T05:11:32.404+0000] {logging_mixin.py:190} INFO - [2025-02-12T05:11:32.404+0000] {dagbag.py:588} INFO - Filling up the DagBag from /home/airflow/.local/lib/python3.12/site-packages/airflow/example_dags/tutorial_dag.py
[2025-02-12T05:11:32.414+0000] {processor.py:925} INFO - DAG(s) 'tutorial_dag' retrieved from /home/airflow/.local/lib/python3.12/site-packages/airflow/example_dags/tutorial_dag.py
[2025-02-12T05:11:32.443+0000] {logging_mixin.py:190} INFO - [2025-02-12T05:11:32.442+0000] {dag.py:3239} INFO - Sync 1 DAGs
[2025-02-12T05:11:32.460+0000] {logging_mixin.py:190} INFO - [2025-02-12T05:11:32.460+0000] {dag.py:4180} INFO - Setting next_dagrun for tutorial_dag to None, run_after=None
[2025-02-12T05:11:32.488+0000] {processor.py:208} INFO - Processing /home/airflow/.local/lib/python3.12/site-packages/airflow/example_dags/tutorial_dag.py took 0.097 seconds
[2025-02-12T05:12:03.121+0000] {processor.py:186} INFO - Started process (PID=940) to work on /home/airflow/.local/lib/python3.12/site-packages/airflow/example_dags/tutorial_dag.py
[2025-02-12T05:12:03.122+0000] {processor.py:914} INFO - Processing file /home/airflow/.local/lib/python3.12/site-packages/airflow/example_dags/tutorial_dag.py for tasks to queue
[2025-02-12T05:12:03.126+0000] {logging_mixin.py:190} INFO - [2025-02-12T05:12:03.126+0000] {dagbag.py:588} INFO - Filling up the DagBag from /home/airflow/.local/lib/python3.12/site-packages/airflow/example_dags/tutorial_dag.py
[2025-02-12T05:12:03.137+0000] {processor.py:925} INFO - DAG(s) 'tutorial_dag' retrieved from /home/airflow/.local/lib/python3.12/site-packages/airflow/example_dags/tutorial_dag.py
[2025-02-12T05:12:03.163+0000] {logging_mixin.py:190} INFO - [2025-02-12T05:12:03.163+0000] {dag.py:3239} INFO - Sync 1 DAGs
[2025-02-12T05:12:03.184+0000] {logging_mixin.py:190} INFO - [2025-02-12T05:12:03.183+0000] {dag.py:4180} INFO - Setting next_dagrun for tutorial_dag to None, run_after=None
[2025-02-12T05:12:03.211+0000] {processor.py:208} INFO - Processing /home/airflow/.local/lib/python3.12/site-packages/airflow/example_dags/tutorial_dag.py took 0.099 seconds
[2025-02-12T05:12:33.515+0000] {processor.py:186} INFO - Started process (PID=1005) to work on /home/airflow/.local/lib/python3.12/site-packages/airflow/example_dags/tutorial_dag.py
[2025-02-12T05:12:33.516+0000] {processor.py:914} INFO - Processing file /home/airflow/.local/lib/python3.12/site-packages/airflow/example_dags/tutorial_dag.py for tasks to queue
[2025-02-12T05:12:33.520+0000] {logging_mixin.py:190} INFO - [2025-02-12T05:12:33.519+0000] {dagbag.py:588} INFO - Filling up the DagBag from /home/airflow/.local/lib/python3.12/site-packages/airflow/example_dags/tutorial_dag.py
[2025-02-12T05:12:33.531+0000] {processor.py:925} INFO - DAG(s) 'tutorial_dag' retrieved from /home/airflow/.local/lib/python3.12/site-packages/airflow/example_dags/tutorial_dag.py
[2025-02-12T05:12:33.559+0000] {logging_mixin.py:190} INFO - [2025-02-12T05:12:33.559+0000] {dag.py:3239} INFO - Sync 1 DAGs
[2025-02-12T05:12:33.579+0000] {logging_mixin.py:190} INFO - [2025-02-12T05:12:33.579+0000] {dag.py:4180} INFO - Setting next_dagrun for tutorial_dag to None, run_after=None
[2025-02-12T05:12:33.603+0000] {processor.py:208} INFO - Processing /home/airflow/.local/lib/python3.12/site-packages/airflow/example_dags/tutorial_dag.py took 0.096 seconds
[2025-02-12T05:13:03.831+0000] {processor.py:186} INFO - Started process (PID=1071) to work on /home/airflow/.local/lib/python3.12/site-packages/airflow/example_dags/tutorial_dag.py
[2025-02-12T05:13:03.832+0000] {processor.py:914} INFO - Processing file /home/airflow/.local/lib/python3.12/site-packages/airflow/example_dags/tutorial_dag.py for tasks to queue
[2025-02-12T05:13:03.835+0000] {logging_mixin.py:190} INFO - [2025-02-12T05:13:03.834+0000] {dagbag.py:588} INFO - Filling up the DagBag from /home/airflow/.local/lib/python3.12/site-packages/airflow/example_dags/tutorial_dag.py
[2025-02-12T05:13:03.843+0000] {processor.py:925} INFO - DAG(s) 'tutorial_dag' retrieved from /home/airflow/.local/lib/python3.12/site-packages/airflow/example_dags/tutorial_dag.py
[2025-02-12T05:13:03.866+0000] {logging_mixin.py:190} INFO - [2025-02-12T05:13:03.866+0000] {dag.py:3239} INFO - Sync 1 DAGs
[2025-02-12T05:13:03.880+0000] {logging_mixin.py:190} INFO - [2025-02-12T05:13:03.880+0000] {dag.py:4180} INFO - Setting next_dagrun for tutorial_dag to None, run_after=None
[2025-02-12T05:13:03.902+0000] {processor.py:208} INFO - Processing /home/airflow/.local/lib/python3.12/site-packages/airflow/example_dags/tutorial_dag.py took 0.076 seconds
[2025-02-12T05:13:34.934+0000] {processor.py:186} INFO - Started process (PID=1137) to work on /home/airflow/.local/lib/python3.12/site-packages/airflow/example_dags/tutorial_dag.py
[2025-02-12T05:13:34.935+0000] {processor.py:914} INFO - Processing file /home/airflow/.local/lib/python3.12/site-packages/airflow/example_dags/tutorial_dag.py for tasks to queue
[2025-02-12T05:13:34.939+0000] {logging_mixin.py:190} INFO - [2025-02-12T05:13:34.939+0000] {dagbag.py:588} INFO - Filling up the DagBag from /home/airflow/.local/lib/python3.12/site-packages/airflow/example_dags/tutorial_dag.py
[2025-02-12T05:13:34.948+0000] {processor.py:925} INFO - DAG(s) 'tutorial_dag' retrieved from /home/airflow/.local/lib/python3.12/site-packages/airflow/example_dags/tutorial_dag.py
[2025-02-12T05:13:34.975+0000] {logging_mixin.py:190} INFO - [2025-02-12T05:13:34.975+0000] {dag.py:3239} INFO - Sync 1 DAGs
[2025-02-12T05:13:34.996+0000] {logging_mixin.py:190} INFO - [2025-02-12T05:13:34.995+0000] {dag.py:4180} INFO - Setting next_dagrun for tutorial_dag to None, run_after=None
[2025-02-12T05:13:35.037+0000] {processor.py:208} INFO - Processing /home/airflow/.local/lib/python3.12/site-packages/airflow/example_dags/tutorial_dag.py took 0.110 seconds
[2025-02-12T05:14:05.144+0000] {processor.py:186} INFO - Started process (PID=1203) to work on /home/airflow/.local/lib/python3.12/site-packages/airflow/example_dags/tutorial_dag.py
[2025-02-12T05:14:05.145+0000] {processor.py:914} INFO - Processing file /home/airflow/.local/lib/python3.12/site-packages/airflow/example_dags/tutorial_dag.py for tasks to queue
[2025-02-12T05:14:05.149+0000] {logging_mixin.py:190} INFO - [2025-02-12T05:14:05.148+0000] {dagbag.py:588} INFO - Filling up the DagBag from /home/airflow/.local/lib/python3.12/site-packages/airflow/example_dags/tutorial_dag.py
[2025-02-12T05:14:05.162+0000] {processor.py:925} INFO - DAG(s) 'tutorial_dag' retrieved from /home/airflow/.local/lib/python3.12/site-packages/airflow/example_dags/tutorial_dag.py
[2025-02-12T05:14:05.196+0000] {logging_mixin.py:190} INFO - [2025-02-12T05:14:05.195+0000] {dag.py:3239} INFO - Sync 1 DAGs
[2025-02-12T05:14:05.217+0000] {logging_mixin.py:190} INFO - [2025-02-12T05:14:05.217+0000] {dag.py:4180} INFO - Setting next_dagrun for tutorial_dag to None, run_after=None
[2025-02-12T05:14:05.246+0000] {processor.py:208} INFO - Processing /home/airflow/.local/lib/python3.12/site-packages/airflow/example_dags/tutorial_dag.py took 0.110 seconds
[2025-02-12T05:14:35.546+0000] {processor.py:186} INFO - Started process (PID=1269) to work on /home/airflow/.local/lib/python3.12/site-packages/airflow/example_dags/tutorial_dag.py
[2025-02-12T05:14:35.547+0000] {processor.py:914} INFO - Processing file /home/airflow/.local/lib/python3.12/site-packages/airflow/example_dags/tutorial_dag.py for tasks to queue
[2025-02-12T05:14:35.551+0000] {logging_mixin.py:190} INFO - [2025-02-12T05:14:35.550+0000] {dagbag.py:588} INFO - Filling up the DagBag from /home/airflow/.local/lib/python3.12/site-packages/airflow/example_dags/tutorial_dag.py
[2025-02-12T05:14:35.563+0000] {processor.py:925} INFO - DAG(s) 'tutorial_dag' retrieved from /home/airflow/.local/lib/python3.12/site-packages/airflow/example_dags/tutorial_dag.py
[2025-02-12T05:14:35.591+0000] {logging_mixin.py:190} INFO - [2025-02-12T05:14:35.591+0000] {dag.py:3239} INFO - Sync 1 DAGs
[2025-02-12T05:14:35.609+0000] {logging_mixin.py:190} INFO - [2025-02-12T05:14:35.609+0000] {dag.py:4180} INFO - Setting next_dagrun for tutorial_dag to None, run_after=None
[2025-02-12T05:14:35.632+0000] {processor.py:208} INFO - Processing /home/airflow/.local/lib/python3.12/site-packages/airflow/example_dags/tutorial_dag.py took 0.095 seconds
[2025-02-12T05:15:05.689+0000] {processor.py:186} INFO - Started process (PID=1335) to work on /home/airflow/.local/lib/python3.12/site-packages/airflow/example_dags/tutorial_dag.py
[2025-02-12T05:15:05.690+0000] {processor.py:914} INFO - Processing file /home/airflow/.local/lib/python3.12/site-packages/airflow/example_dags/tutorial_dag.py for tasks to queue
[2025-02-12T05:15:05.693+0000] {logging_mixin.py:190} INFO - [2025-02-12T05:15:05.692+0000] {dagbag.py:588} INFO - Filling up the DagBag from /home/airflow/.local/lib/python3.12/site-packages/airflow/example_dags/tutorial_dag.py
[2025-02-12T05:15:05.701+0000] {processor.py:925} INFO - DAG(s) 'tutorial_dag' retrieved from /home/airflow/.local/lib/python3.12/site-packages/airflow/example_dags/tutorial_dag.py
[2025-02-12T05:15:05.722+0000] {logging_mixin.py:190} INFO - [2025-02-12T05:15:05.722+0000] {dag.py:3239} INFO - Sync 1 DAGs
[2025-02-12T05:15:05.737+0000] {logging_mixin.py:190} INFO - [2025-02-12T05:15:05.737+0000] {dag.py:4180} INFO - Setting next_dagrun for tutorial_dag to None, run_after=None
[2025-02-12T05:15:05.757+0000] {processor.py:208} INFO - Processing /home/airflow/.local/lib/python3.12/site-packages/airflow/example_dags/tutorial_dag.py took 0.075 seconds
[2025-02-12T05:15:36.758+0000] {processor.py:186} INFO - Started process (PID=1401) to work on /home/airflow/.local/lib/python3.12/site-packages/airflow/example_dags/tutorial_dag.py
[2025-02-12T05:15:36.760+0000] {processor.py:914} INFO - Processing file /home/airflow/.local/lib/python3.12/site-packages/airflow/example_dags/tutorial_dag.py for tasks to queue
[2025-02-12T05:15:36.763+0000] {logging_mixin.py:190} INFO - [2025-02-12T05:15:36.763+0000] {dagbag.py:588} INFO - Filling up the DagBag from /home/airflow/.local/lib/python3.12/site-packages/airflow/example_dags/tutorial_dag.py
[2025-02-12T05:15:36.774+0000] {processor.py:925} INFO - DAG(s) 'tutorial_dag' retrieved from /home/airflow/.local/lib/python3.12/site-packages/airflow/example_dags/tutorial_dag.py
[2025-02-12T05:15:36.795+0000] {logging_mixin.py:190} INFO - [2025-02-12T05:15:36.795+0000] {dag.py:3239} INFO - Sync 1 DAGs
[2025-02-12T05:15:36.811+0000] {logging_mixin.py:190} INFO - [2025-02-12T05:15:36.810+0000] {dag.py:4180} INFO - Setting next_dagrun for tutorial_dag to None, run_after=None
[2025-02-12T05:15:36.832+0000] {processor.py:208} INFO - Processing /home/airflow/.local/lib/python3.12/site-packages/airflow/example_dags/tutorial_dag.py took 0.081 seconds
[2025-02-12T05:16:07.605+0000] {processor.py:186} INFO - Started process (PID=1467) to work on /home/airflow/.local/lib/python3.12/site-packages/airflow/example_dags/tutorial_dag.py
[2025-02-12T05:16:07.607+0000] {processor.py:914} INFO - Processing file /home/airflow/.local/lib/python3.12/site-packages/airflow/example_dags/tutorial_dag.py for tasks to queue
[2025-02-12T05:16:07.611+0000] {logging_mixin.py:190} INFO - [2025-02-12T05:16:07.610+0000] {dagbag.py:588} INFO - Filling up the DagBag from /home/airflow/.local/lib/python3.12/site-packages/airflow/example_dags/tutorial_dag.py
[2025-02-12T05:16:07.624+0000] {processor.py:925} INFO - DAG(s) 'tutorial_dag' retrieved from /home/airflow/.local/lib/python3.12/site-packages/airflow/example_dags/tutorial_dag.py
[2025-02-12T05:16:07.654+0000] {logging_mixin.py:190} INFO - [2025-02-12T05:16:07.653+0000] {dag.py:3239} INFO - Sync 1 DAGs
[2025-02-12T05:16:07.677+0000] {logging_mixin.py:190} INFO - [2025-02-12T05:16:07.676+0000] {dag.py:4180} INFO - Setting next_dagrun for tutorial_dag to None, run_after=None
[2025-02-12T05:16:07.706+0000] {processor.py:208} INFO - Processing /home/airflow/.local/lib/python3.12/site-packages/airflow/example_dags/tutorial_dag.py took 0.112 seconds
[2025-02-12T05:16:37.984+0000] {processor.py:186} INFO - Started process (PID=1533) to work on /home/airflow/.local/lib/python3.12/site-packages/airflow/example_dags/tutorial_dag.py
[2025-02-12T05:16:37.985+0000] {processor.py:914} INFO - Processing file /home/airflow/.local/lib/python3.12/site-packages/airflow/example_dags/tutorial_dag.py for tasks to queue
[2025-02-12T05:16:37.989+0000] {logging_mixin.py:190} INFO - [2025-02-12T05:16:37.988+0000] {dagbag.py:588} INFO - Filling up the DagBag from /home/airflow/.local/lib/python3.12/site-packages/airflow/example_dags/tutorial_dag.py
[2025-02-12T05:16:38.004+0000] {processor.py:925} INFO - DAG(s) 'tutorial_dag' retrieved from /home/airflow/.local/lib/python3.12/site-packages/airflow/example_dags/tutorial_dag.py
[2025-02-12T05:16:38.042+0000] {logging_mixin.py:190} INFO - [2025-02-12T05:16:38.042+0000] {dag.py:3239} INFO - Sync 1 DAGs
[2025-02-12T05:16:38.071+0000] {logging_mixin.py:190} INFO - [2025-02-12T05:16:38.070+0000] {dag.py:4180} INFO - Setting next_dagrun for tutorial_dag to None, run_after=None
[2025-02-12T05:16:38.109+0000] {processor.py:208} INFO - Processing /home/airflow/.local/lib/python3.12/site-packages/airflow/example_dags/tutorial_dag.py took 0.134 seconds
[2025-02-12T05:17:08.780+0000] {processor.py:186} INFO - Started process (PID=1599) to work on /home/airflow/.local/lib/python3.12/site-packages/airflow/example_dags/tutorial_dag.py
[2025-02-12T05:17:08.781+0000] {processor.py:914} INFO - Processing file /home/airflow/.local/lib/python3.12/site-packages/airflow/example_dags/tutorial_dag.py for tasks to queue
[2025-02-12T05:17:08.784+0000] {logging_mixin.py:190} INFO - [2025-02-12T05:17:08.783+0000] {dagbag.py:588} INFO - Filling up the DagBag from /home/airflow/.local/lib/python3.12/site-packages/airflow/example_dags/tutorial_dag.py
[2025-02-12T05:17:08.794+0000] {processor.py:925} INFO - DAG(s) 'tutorial_dag' retrieved from /home/airflow/.local/lib/python3.12/site-packages/airflow/example_dags/tutorial_dag.py
[2025-02-12T05:17:08.820+0000] {logging_mixin.py:190} INFO - [2025-02-12T05:17:08.819+0000] {dag.py:3239} INFO - Sync 1 DAGs
[2025-02-12T05:17:08.837+0000] {logging_mixin.py:190} INFO - [2025-02-12T05:17:08.836+0000] {dag.py:4180} INFO - Setting next_dagrun for tutorial_dag to None, run_after=None
[2025-02-12T05:17:08.859+0000] {processor.py:208} INFO - Processing /home/airflow/.local/lib/python3.12/site-packages/airflow/example_dags/tutorial_dag.py took 0.086 seconds
[2025-02-12T05:17:39.728+0000] {processor.py:186} INFO - Started process (PID=1665) to work on /home/airflow/.local/lib/python3.12/site-packages/airflow/example_dags/tutorial_dag.py
[2025-02-12T05:17:39.729+0000] {processor.py:914} INFO - Processing file /home/airflow/.local/lib/python3.12/site-packages/airflow/example_dags/tutorial_dag.py for tasks to queue
[2025-02-12T05:17:39.732+0000] {logging_mixin.py:190} INFO - [2025-02-12T05:17:39.731+0000] {dagbag.py:588} INFO - Filling up the DagBag from /home/airflow/.local/lib/python3.12/site-packages/airflow/example_dags/tutorial_dag.py
[2025-02-12T05:17:39.742+0000] {processor.py:925} INFO - DAG(s) 'tutorial_dag' retrieved from /home/airflow/.local/lib/python3.12/site-packages/airflow/example_dags/tutorial_dag.py
[2025-02-12T05:17:39.762+0000] {logging_mixin.py:190} INFO - [2025-02-12T05:17:39.761+0000] {dag.py:3239} INFO - Sync 1 DAGs
[2025-02-12T05:17:39.775+0000] {logging_mixin.py:190} INFO - [2025-02-12T05:17:39.775+0000] {dag.py:4180} INFO - Setting next_dagrun for tutorial_dag to None, run_after=None
[2025-02-12T05:17:39.796+0000] {processor.py:208} INFO - Processing /home/airflow/.local/lib/python3.12/site-packages/airflow/example_dags/tutorial_dag.py took 0.074 seconds
[2025-02-12T05:18:10.678+0000] {processor.py:186} INFO - Started process (PID=1731) to work on /home/airflow/.local/lib/python3.12/site-packages/airflow/example_dags/tutorial_dag.py
[2025-02-12T05:18:10.679+0000] {processor.py:914} INFO - Processing file /home/airflow/.local/lib/python3.12/site-packages/airflow/example_dags/tutorial_dag.py for tasks to queue
[2025-02-12T05:18:10.682+0000] {logging_mixin.py:190} INFO - [2025-02-12T05:18:10.681+0000] {dagbag.py:588} INFO - Filling up the DagBag from /home/airflow/.local/lib/python3.12/site-packages/airflow/example_dags/tutorial_dag.py
[2025-02-12T05:18:10.694+0000] {processor.py:925} INFO - DAG(s) 'tutorial_dag' retrieved from /home/airflow/.local/lib/python3.12/site-packages/airflow/example_dags/tutorial_dag.py
[2025-02-12T05:18:10.721+0000] {logging_mixin.py:190} INFO - [2025-02-12T05:18:10.720+0000] {dag.py:3239} INFO - Sync 1 DAGs
[2025-02-12T05:18:10.737+0000] {logging_mixin.py:190} INFO - [2025-02-12T05:18:10.737+0000] {dag.py:4180} INFO - Setting next_dagrun for tutorial_dag to None, run_after=None
[2025-02-12T05:18:10.757+0000] {processor.py:208} INFO - Processing /home/airflow/.local/lib/python3.12/site-packages/airflow/example_dags/tutorial_dag.py took 0.087 seconds
[2025-02-12T05:18:41.089+0000] {processor.py:186} INFO - Started process (PID=1797) to work on /home/airflow/.local/lib/python3.12/site-packages/airflow/example_dags/tutorial_dag.py
[2025-02-12T05:18:41.090+0000] {processor.py:914} INFO - Processing file /home/airflow/.local/lib/python3.12/site-packages/airflow/example_dags/tutorial_dag.py for tasks to queue
[2025-02-12T05:18:41.092+0000] {logging_mixin.py:190} INFO - [2025-02-12T05:18:41.092+0000] {dagbag.py:588} INFO - Filling up the DagBag from /home/airflow/.local/lib/python3.12/site-packages/airflow/example_dags/tutorial_dag.py
[2025-02-12T05:18:41.100+0000] {processor.py:925} INFO - DAG(s) 'tutorial_dag' retrieved from /home/airflow/.local/lib/python3.12/site-packages/airflow/example_dags/tutorial_dag.py
[2025-02-12T05:18:41.121+0000] {logging_mixin.py:190} INFO - [2025-02-12T05:18:41.121+0000] {dag.py:3239} INFO - Sync 1 DAGs
[2025-02-12T05:18:41.136+0000] {logging_mixin.py:190} INFO - [2025-02-12T05:18:41.135+0000] {dag.py:4180} INFO - Setting next_dagrun for tutorial_dag to None, run_after=None
[2025-02-12T05:18:41.155+0000] {processor.py:208} INFO - Processing /home/airflow/.local/lib/python3.12/site-packages/airflow/example_dags/tutorial_dag.py took 0.073 seconds
[2025-02-12T05:19:11.263+0000] {processor.py:186} INFO - Started process (PID=1863) to work on /home/airflow/.local/lib/python3.12/site-packages/airflow/example_dags/tutorial_dag.py
[2025-02-12T05:19:11.264+0000] {processor.py:914} INFO - Processing file /home/airflow/.local/lib/python3.12/site-packages/airflow/example_dags/tutorial_dag.py for tasks to queue
[2025-02-12T05:19:11.267+0000] {logging_mixin.py:190} INFO - [2025-02-12T05:19:11.266+0000] {dagbag.py:588} INFO - Filling up the DagBag from /home/airflow/.local/lib/python3.12/site-packages/airflow/example_dags/tutorial_dag.py
[2025-02-12T05:19:11.278+0000] {processor.py:925} INFO - DAG(s) 'tutorial_dag' retrieved from /home/airflow/.local/lib/python3.12/site-packages/airflow/example_dags/tutorial_dag.py
[2025-02-12T05:19:11.305+0000] {logging_mixin.py:190} INFO - [2025-02-12T05:19:11.305+0000] {dag.py:3239} INFO - Sync 1 DAGs
[2025-02-12T05:19:11.326+0000] {logging_mixin.py:190} INFO - [2025-02-12T05:19:11.325+0000] {dag.py:4180} INFO - Setting next_dagrun for tutorial_dag to None, run_after=None
[2025-02-12T05:19:11.351+0000] {processor.py:208} INFO - Processing /home/airflow/.local/lib/python3.12/site-packages/airflow/example_dags/tutorial_dag.py took 0.097 seconds
[2025-02-12T05:19:42.266+0000] {processor.py:186} INFO - Started process (PID=1929) to work on /home/airflow/.local/lib/python3.12/site-packages/airflow/example_dags/tutorial_dag.py
[2025-02-12T05:19:42.267+0000] {processor.py:914} INFO - Processing file /home/airflow/.local/lib/python3.12/site-packages/airflow/example_dags/tutorial_dag.py for tasks to queue
[2025-02-12T05:19:42.269+0000] {logging_mixin.py:190} INFO - [2025-02-12T05:19:42.268+0000] {dagbag.py:588} INFO - Filling up the DagBag from /home/airflow/.local/lib/python3.12/site-packages/airflow/example_dags/tutorial_dag.py
[2025-02-12T05:19:42.279+0000] {processor.py:925} INFO - DAG(s) 'tutorial_dag' retrieved from /home/airflow/.local/lib/python3.12/site-packages/airflow/example_dags/tutorial_dag.py
[2025-02-12T05:19:42.299+0000] {logging_mixin.py:190} INFO - [2025-02-12T05:19:42.299+0000] {dag.py:3239} INFO - Sync 1 DAGs
[2025-02-12T05:19:42.315+0000] {logging_mixin.py:190} INFO - [2025-02-12T05:19:42.315+0000] {dag.py:4180} INFO - Setting next_dagrun for tutorial_dag to None, run_after=None
[2025-02-12T05:19:42.334+0000] {processor.py:208} INFO - Processing /home/airflow/.local/lib/python3.12/site-packages/airflow/example_dags/tutorial_dag.py took 0.074 seconds
[2025-02-12T05:20:12.450+0000] {processor.py:186} INFO - Started process (PID=1996) to work on /home/airflow/.local/lib/python3.12/site-packages/airflow/example_dags/tutorial_dag.py
[2025-02-12T05:20:12.450+0000] {processor.py:914} INFO - Processing file /home/airflow/.local/lib/python3.12/site-packages/airflow/example_dags/tutorial_dag.py for tasks to queue
[2025-02-12T05:20:12.453+0000] {logging_mixin.py:190} INFO - [2025-02-12T05:20:12.452+0000] {dagbag.py:588} INFO - Filling up the DagBag from /home/airflow/.local/lib/python3.12/site-packages/airflow/example_dags/tutorial_dag.py
[2025-02-12T05:20:12.460+0000] {processor.py:925} INFO - DAG(s) 'tutorial_dag' retrieved from /home/airflow/.local/lib/python3.12/site-packages/airflow/example_dags/tutorial_dag.py
[2025-02-12T05:20:12.477+0000] {logging_mixin.py:190} INFO - [2025-02-12T05:20:12.476+0000] {dag.py:3239} INFO - Sync 1 DAGs
[2025-02-12T05:20:12.489+0000] {logging_mixin.py:190} INFO - [2025-02-12T05:20:12.489+0000] {dag.py:4180} INFO - Setting next_dagrun for tutorial_dag to None, run_after=None
[2025-02-12T05:20:12.505+0000] {processor.py:208} INFO - Processing /home/airflow/.local/lib/python3.12/site-packages/airflow/example_dags/tutorial_dag.py took 0.061 seconds
[2025-02-12T05:20:42.687+0000] {processor.py:186} INFO - Started process (PID=2062) to work on /home/airflow/.local/lib/python3.12/site-packages/airflow/example_dags/tutorial_dag.py
[2025-02-12T05:20:42.689+0000] {processor.py:914} INFO - Processing file /home/airflow/.local/lib/python3.12/site-packages/airflow/example_dags/tutorial_dag.py for tasks to queue
[2025-02-12T05:20:42.692+0000] {logging_mixin.py:190} INFO - [2025-02-12T05:20:42.692+0000] {dagbag.py:588} INFO - Filling up the DagBag from /home/airflow/.local/lib/python3.12/site-packages/airflow/example_dags/tutorial_dag.py
[2025-02-12T05:20:42.703+0000] {processor.py:925} INFO - DAG(s) 'tutorial_dag' retrieved from /home/airflow/.local/lib/python3.12/site-packages/airflow/example_dags/tutorial_dag.py
[2025-02-12T05:20:42.730+0000] {logging_mixin.py:190} INFO - [2025-02-12T05:20:42.730+0000] {dag.py:3239} INFO - Sync 1 DAGs
[2025-02-12T05:20:42.750+0000] {logging_mixin.py:190} INFO - [2025-02-12T05:20:42.750+0000] {dag.py:4180} INFO - Setting next_dagrun for tutorial_dag to None, run_after=None
[2025-02-12T05:20:42.777+0000] {processor.py:208} INFO - Processing /home/airflow/.local/lib/python3.12/site-packages/airflow/example_dags/tutorial_dag.py took 0.098 seconds
[2025-02-12T05:21:13.364+0000] {processor.py:186} INFO - Started process (PID=2128) to work on /home/airflow/.local/lib/python3.12/site-packages/airflow/example_dags/tutorial_dag.py
[2025-02-12T05:21:13.365+0000] {processor.py:914} INFO - Processing file /home/airflow/.local/lib/python3.12/site-packages/airflow/example_dags/tutorial_dag.py for tasks to queue
[2025-02-12T05:21:13.368+0000] {logging_mixin.py:190} INFO - [2025-02-12T05:21:13.368+0000] {dagbag.py:588} INFO - Filling up the DagBag from /home/airflow/.local/lib/python3.12/site-packages/airflow/example_dags/tutorial_dag.py
[2025-02-12T05:21:13.378+0000] {processor.py:925} INFO - DAG(s) 'tutorial_dag' retrieved from /home/airflow/.local/lib/python3.12/site-packages/airflow/example_dags/tutorial_dag.py
[2025-02-12T05:21:13.399+0000] {logging_mixin.py:190} INFO - [2025-02-12T05:21:13.399+0000] {dag.py:3239} INFO - Sync 1 DAGs
[2025-02-12T05:21:13.585+0000] {logging_mixin.py:190} INFO - [2025-02-12T05:21:13.585+0000] {dag.py:4180} INFO - Setting next_dagrun for tutorial_dag to None, run_after=None
[2025-02-12T05:21:13.612+0000] {processor.py:208} INFO - Processing /home/airflow/.local/lib/python3.12/site-packages/airflow/example_dags/tutorial_dag.py took 0.253 seconds
[2025-02-12T05:21:43.784+0000] {processor.py:186} INFO - Started process (PID=2194) to work on /home/airflow/.local/lib/python3.12/site-packages/airflow/example_dags/tutorial_dag.py
[2025-02-12T05:21:43.785+0000] {processor.py:914} INFO - Processing file /home/airflow/.local/lib/python3.12/site-packages/airflow/example_dags/tutorial_dag.py for tasks to queue
[2025-02-12T05:21:43.788+0000] {logging_mixin.py:190} INFO - [2025-02-12T05:21:43.788+0000] {dagbag.py:588} INFO - Filling up the DagBag from /home/airflow/.local/lib/python3.12/site-packages/airflow/example_dags/tutorial_dag.py
[2025-02-12T05:21:43.796+0000] {processor.py:925} INFO - DAG(s) 'tutorial_dag' retrieved from /home/airflow/.local/lib/python3.12/site-packages/airflow/example_dags/tutorial_dag.py
[2025-02-12T05:21:43.816+0000] {logging_mixin.py:190} INFO - [2025-02-12T05:21:43.815+0000] {dag.py:3239} INFO - Sync 1 DAGs
[2025-02-12T05:21:43.831+0000] {logging_mixin.py:190} INFO - [2025-02-12T05:21:43.830+0000] {dag.py:4180} INFO - Setting next_dagrun for tutorial_dag to None, run_after=None
[2025-02-12T05:21:43.848+0000] {processor.py:208} INFO - Processing /home/airflow/.local/lib/python3.12/site-packages/airflow/example_dags/tutorial_dag.py took 0.070 seconds
[2025-02-12T05:22:14.189+0000] {processor.py:186} INFO - Started process (PID=2260) to work on /home/airflow/.local/lib/python3.12/site-packages/airflow/example_dags/tutorial_dag.py
[2025-02-12T05:22:14.190+0000] {processor.py:914} INFO - Processing file /home/airflow/.local/lib/python3.12/site-packages/airflow/example_dags/tutorial_dag.py for tasks to queue
[2025-02-12T05:22:14.193+0000] {logging_mixin.py:190} INFO - [2025-02-12T05:22:14.193+0000] {dagbag.py:588} INFO - Filling up the DagBag from /home/airflow/.local/lib/python3.12/site-packages/airflow/example_dags/tutorial_dag.py
[2025-02-12T05:22:14.200+0000] {processor.py:925} INFO - DAG(s) 'tutorial_dag' retrieved from /home/airflow/.local/lib/python3.12/site-packages/airflow/example_dags/tutorial_dag.py
[2025-02-12T05:22:14.219+0000] {logging_mixin.py:190} INFO - [2025-02-12T05:22:14.219+0000] {dag.py:3239} INFO - Sync 1 DAGs
[2025-02-12T05:22:14.233+0000] {logging_mixin.py:190} INFO - [2025-02-12T05:22:14.233+0000] {dag.py:4180} INFO - Setting next_dagrun for tutorial_dag to None, run_after=None
[2025-02-12T05:22:14.250+0000] {processor.py:208} INFO - Processing /home/airflow/.local/lib/python3.12/site-packages/airflow/example_dags/tutorial_dag.py took 0.068 seconds
[2025-02-12T05:22:44.582+0000] {processor.py:186} INFO - Started process (PID=2326) to work on /home/airflow/.local/lib/python3.12/site-packages/airflow/example_dags/tutorial_dag.py
[2025-02-12T05:22:44.583+0000] {processor.py:914} INFO - Processing file /home/airflow/.local/lib/python3.12/site-packages/airflow/example_dags/tutorial_dag.py for tasks to queue
[2025-02-12T05:22:44.587+0000] {logging_mixin.py:190} INFO - [2025-02-12T05:22:44.586+0000] {dagbag.py:588} INFO - Filling up the DagBag from /home/airflow/.local/lib/python3.12/site-packages/airflow/example_dags/tutorial_dag.py
[2025-02-12T05:22:44.595+0000] {processor.py:925} INFO - DAG(s) 'tutorial_dag' retrieved from /home/airflow/.local/lib/python3.12/site-packages/airflow/example_dags/tutorial_dag.py
[2025-02-12T05:22:44.614+0000] {logging_mixin.py:190} INFO - [2025-02-12T05:22:44.614+0000] {dag.py:3239} INFO - Sync 1 DAGs
[2025-02-12T05:22:44.629+0000] {logging_mixin.py:190} INFO - [2025-02-12T05:22:44.628+0000] {dag.py:4180} INFO - Setting next_dagrun for tutorial_dag to None, run_after=None
[2025-02-12T05:22:44.646+0000] {processor.py:208} INFO - Processing /home/airflow/.local/lib/python3.12/site-packages/airflow/example_dags/tutorial_dag.py took 0.069 seconds
[2025-02-12T05:23:14.794+0000] {processor.py:186} INFO - Started process (PID=2392) to work on /home/airflow/.local/lib/python3.12/site-packages/airflow/example_dags/tutorial_dag.py
[2025-02-12T05:23:14.795+0000] {processor.py:914} INFO - Processing file /home/airflow/.local/lib/python3.12/site-packages/airflow/example_dags/tutorial_dag.py for tasks to queue
[2025-02-12T05:23:14.797+0000] {logging_mixin.py:190} INFO - [2025-02-12T05:23:14.797+0000] {dagbag.py:588} INFO - Filling up the DagBag from /home/airflow/.local/lib/python3.12/site-packages/airflow/example_dags/tutorial_dag.py
[2025-02-12T05:23:14.804+0000] {processor.py:925} INFO - DAG(s) 'tutorial_dag' retrieved from /home/airflow/.local/lib/python3.12/site-packages/airflow/example_dags/tutorial_dag.py
[2025-02-12T05:23:14.823+0000] {logging_mixin.py:190} INFO - [2025-02-12T05:23:14.823+0000] {dag.py:3239} INFO - Sync 1 DAGs
[2025-02-12T05:23:14.836+0000] {logging_mixin.py:190} INFO - [2025-02-12T05:23:14.836+0000] {dag.py:4180} INFO - Setting next_dagrun for tutorial_dag to None, run_after=None
[2025-02-12T05:23:14.852+0000] {processor.py:208} INFO - Processing /home/airflow/.local/lib/python3.12/site-packages/airflow/example_dags/tutorial_dag.py took 0.063 seconds
[2025-02-12T05:23:45.343+0000] {processor.py:186} INFO - Started process (PID=2458) to work on /home/airflow/.local/lib/python3.12/site-packages/airflow/example_dags/tutorial_dag.py
[2025-02-12T05:23:45.344+0000] {processor.py:914} INFO - Processing file /home/airflow/.local/lib/python3.12/site-packages/airflow/example_dags/tutorial_dag.py for tasks to queue
[2025-02-12T05:23:45.347+0000] {logging_mixin.py:190} INFO - [2025-02-12T05:23:45.347+0000] {dagbag.py:588} INFO - Filling up the DagBag from /home/airflow/.local/lib/python3.12/site-packages/airflow/example_dags/tutorial_dag.py
[2025-02-12T05:23:45.354+0000] {processor.py:925} INFO - DAG(s) 'tutorial_dag' retrieved from /home/airflow/.local/lib/python3.12/site-packages/airflow/example_dags/tutorial_dag.py
[2025-02-12T05:23:45.376+0000] {logging_mixin.py:190} INFO - [2025-02-12T05:23:45.376+0000] {dag.py:3239} INFO - Sync 1 DAGs
[2025-02-12T05:23:45.390+0000] {logging_mixin.py:190} INFO - [2025-02-12T05:23:45.389+0000] {dag.py:4180} INFO - Setting next_dagrun for tutorial_dag to None, run_after=None
[2025-02-12T05:23:45.408+0000] {processor.py:208} INFO - Processing /home/airflow/.local/lib/python3.12/site-packages/airflow/example_dags/tutorial_dag.py took 0.070 seconds
[2025-02-12T05:24:15.739+0000] {processor.py:186} INFO - Started process (PID=2524) to work on /home/airflow/.local/lib/python3.12/site-packages/airflow/example_dags/tutorial_dag.py
[2025-02-12T05:24:15.739+0000] {processor.py:914} INFO - Processing file /home/airflow/.local/lib/python3.12/site-packages/airflow/example_dags/tutorial_dag.py for tasks to queue
[2025-02-12T05:24:15.742+0000] {logging_mixin.py:190} INFO - [2025-02-12T05:24:15.742+0000] {dagbag.py:588} INFO - Filling up the DagBag from /home/airflow/.local/lib/python3.12/site-packages/airflow/example_dags/tutorial_dag.py
[2025-02-12T05:24:15.749+0000] {processor.py:925} INFO - DAG(s) 'tutorial_dag' retrieved from /home/airflow/.local/lib/python3.12/site-packages/airflow/example_dags/tutorial_dag.py
[2025-02-12T05:24:15.768+0000] {logging_mixin.py:190} INFO - [2025-02-12T05:24:15.767+0000] {dag.py:3239} INFO - Sync 1 DAGs
[2025-02-12T05:24:15.779+0000] {logging_mixin.py:190} INFO - [2025-02-12T05:24:15.779+0000] {dag.py:4180} INFO - Setting next_dagrun for tutorial_dag to None, run_after=None
[2025-02-12T05:24:15.795+0000] {processor.py:208} INFO - Processing /home/airflow/.local/lib/python3.12/site-packages/airflow/example_dags/tutorial_dag.py took 0.062 seconds
[2025-02-12T05:24:46.317+0000] {processor.py:186} INFO - Started process (PID=2590) to work on /home/airflow/.local/lib/python3.12/site-packages/airflow/example_dags/tutorial_dag.py
[2025-02-12T05:24:46.318+0000] {processor.py:914} INFO - Processing file /home/airflow/.local/lib/python3.12/site-packages/airflow/example_dags/tutorial_dag.py for tasks to queue
[2025-02-12T05:24:46.321+0000] {logging_mixin.py:190} INFO - [2025-02-12T05:24:46.321+0000] {dagbag.py:588} INFO - Filling up the DagBag from /home/airflow/.local/lib/python3.12/site-packages/airflow/example_dags/tutorial_dag.py
[2025-02-12T05:24:46.328+0000] {processor.py:925} INFO - DAG(s) 'tutorial_dag' retrieved from /home/airflow/.local/lib/python3.12/site-packages/airflow/example_dags/tutorial_dag.py
[2025-02-12T05:24:46.349+0000] {logging_mixin.py:190} INFO - [2025-02-12T05:24:46.349+0000] {dag.py:3239} INFO - Sync 1 DAGs
[2025-02-12T05:24:46.365+0000] {logging_mixin.py:190} INFO - [2025-02-12T05:24:46.365+0000] {dag.py:4180} INFO - Setting next_dagrun for tutorial_dag to None, run_after=None
[2025-02-12T05:24:46.386+0000] {processor.py:208} INFO - Processing /home/airflow/.local/lib/python3.12/site-packages/airflow/example_dags/tutorial_dag.py took 0.075 seconds
[2025-02-12T05:25:17.015+0000] {processor.py:186} INFO - Started process (PID=2656) to work on /home/airflow/.local/lib/python3.12/site-packages/airflow/example_dags/tutorial_dag.py
[2025-02-12T05:25:17.015+0000] {processor.py:914} INFO - Processing file /home/airflow/.local/lib/python3.12/site-packages/airflow/example_dags/tutorial_dag.py for tasks to queue
[2025-02-12T05:25:17.018+0000] {logging_mixin.py:190} INFO - [2025-02-12T05:25:17.018+0000] {dagbag.py:588} INFO - Filling up the DagBag from /home/airflow/.local/lib/python3.12/site-packages/airflow/example_dags/tutorial_dag.py
[2025-02-12T05:25:17.026+0000] {processor.py:925} INFO - DAG(s) 'tutorial_dag' retrieved from /home/airflow/.local/lib/python3.12/site-packages/airflow/example_dags/tutorial_dag.py
[2025-02-12T05:25:17.043+0000] {logging_mixin.py:190} INFO - [2025-02-12T05:25:17.043+0000] {dag.py:3239} INFO - Sync 1 DAGs
[2025-02-12T05:25:17.054+0000] {logging_mixin.py:190} INFO - [2025-02-12T05:25:17.054+0000] {dag.py:4180} INFO - Setting next_dagrun for tutorial_dag to None, run_after=None
[2025-02-12T05:25:17.070+0000] {processor.py:208} INFO - Processing /home/airflow/.local/lib/python3.12/site-packages/airflow/example_dags/tutorial_dag.py took 0.060 seconds
[2025-02-12T05:25:47.166+0000] {processor.py:186} INFO - Started process (PID=2722) to work on /home/airflow/.local/lib/python3.12/site-packages/airflow/example_dags/tutorial_dag.py
[2025-02-12T05:25:47.167+0000] {processor.py:914} INFO - Processing file /home/airflow/.local/lib/python3.12/site-packages/airflow/example_dags/tutorial_dag.py for tasks to queue
[2025-02-12T05:25:47.170+0000] {logging_mixin.py:190} INFO - [2025-02-12T05:25:47.170+0000] {dagbag.py:588} INFO - Filling up the DagBag from /home/airflow/.local/lib/python3.12/site-packages/airflow/example_dags/tutorial_dag.py
[2025-02-12T05:25:47.178+0000] {processor.py:925} INFO - DAG(s) 'tutorial_dag' retrieved from /home/airflow/.local/lib/python3.12/site-packages/airflow/example_dags/tutorial_dag.py
[2025-02-12T05:25:47.198+0000] {logging_mixin.py:190} INFO - [2025-02-12T05:25:47.198+0000] {dag.py:3239} INFO - Sync 1 DAGs
[2025-02-12T05:25:47.210+0000] {logging_mixin.py:190} INFO - [2025-02-12T05:25:47.210+0000] {dag.py:4180} INFO - Setting next_dagrun for tutorial_dag to None, run_after=None
[2025-02-12T05:25:47.227+0000] {processor.py:208} INFO - Processing /home/airflow/.local/lib/python3.12/site-packages/airflow/example_dags/tutorial_dag.py took 0.066 seconds
[2025-02-12T05:26:17.290+0000] {processor.py:186} INFO - Started process (PID=2788) to work on /home/airflow/.local/lib/python3.12/site-packages/airflow/example_dags/tutorial_dag.py
[2025-02-12T05:26:17.291+0000] {processor.py:914} INFO - Processing file /home/airflow/.local/lib/python3.12/site-packages/airflow/example_dags/tutorial_dag.py for tasks to queue
[2025-02-12T05:26:17.294+0000] {logging_mixin.py:190} INFO - [2025-02-12T05:26:17.293+0000] {dagbag.py:588} INFO - Filling up the DagBag from /home/airflow/.local/lib/python3.12/site-packages/airflow/example_dags/tutorial_dag.py
[2025-02-12T05:26:17.301+0000] {processor.py:925} INFO - DAG(s) 'tutorial_dag' retrieved from /home/airflow/.local/lib/python3.12/site-packages/airflow/example_dags/tutorial_dag.py
[2025-02-12T05:26:17.320+0000] {logging_mixin.py:190} INFO - [2025-02-12T05:26:17.320+0000] {dag.py:3239} INFO - Sync 1 DAGs
[2025-02-12T05:26:17.332+0000] {logging_mixin.py:190} INFO - [2025-02-12T05:26:17.332+0000] {dag.py:4180} INFO - Setting next_dagrun for tutorial_dag to None, run_after=None
[2025-02-12T05:26:17.349+0000] {processor.py:208} INFO - Processing /home/airflow/.local/lib/python3.12/site-packages/airflow/example_dags/tutorial_dag.py took 0.065 seconds
[2025-02-12T05:26:47.539+0000] {processor.py:186} INFO - Started process (PID=2854) to work on /home/airflow/.local/lib/python3.12/site-packages/airflow/example_dags/tutorial_dag.py
[2025-02-12T05:26:47.540+0000] {processor.py:914} INFO - Processing file /home/airflow/.local/lib/python3.12/site-packages/airflow/example_dags/tutorial_dag.py for tasks to queue
[2025-02-12T05:26:47.542+0000] {logging_mixin.py:190} INFO - [2025-02-12T05:26:47.542+0000] {dagbag.py:588} INFO - Filling up the DagBag from /home/airflow/.local/lib/python3.12/site-packages/airflow/example_dags/tutorial_dag.py
[2025-02-12T05:26:47.549+0000] {processor.py:925} INFO - DAG(s) 'tutorial_dag' retrieved from /home/airflow/.local/lib/python3.12/site-packages/airflow/example_dags/tutorial_dag.py
[2025-02-12T05:26:47.570+0000] {logging_mixin.py:190} INFO - [2025-02-12T05:26:47.570+0000] {dag.py:3239} INFO - Sync 1 DAGs
[2025-02-12T05:26:47.584+0000] {logging_mixin.py:190} INFO - [2025-02-12T05:26:47.584+0000] {dag.py:4180} INFO - Setting next_dagrun for tutorial_dag to None, run_after=None
[2025-02-12T05:26:47.603+0000] {processor.py:208} INFO - Processing /home/airflow/.local/lib/python3.12/site-packages/airflow/example_dags/tutorial_dag.py took 0.071 seconds
[2025-02-12T05:27:17.750+0000] {processor.py:186} INFO - Started process (PID=2920) to work on /home/airflow/.local/lib/python3.12/site-packages/airflow/example_dags/tutorial_dag.py
[2025-02-12T05:27:17.751+0000] {processor.py:914} INFO - Processing file /home/airflow/.local/lib/python3.12/site-packages/airflow/example_dags/tutorial_dag.py for tasks to queue
[2025-02-12T05:27:17.754+0000] {logging_mixin.py:190} INFO - [2025-02-12T05:27:17.753+0000] {dagbag.py:588} INFO - Filling up the DagBag from /home/airflow/.local/lib/python3.12/site-packages/airflow/example_dags/tutorial_dag.py
[2025-02-12T05:27:17.762+0000] {processor.py:925} INFO - DAG(s) 'tutorial_dag' retrieved from /home/airflow/.local/lib/python3.12/site-packages/airflow/example_dags/tutorial_dag.py
[2025-02-12T05:27:17.783+0000] {logging_mixin.py:190} INFO - [2025-02-12T05:27:17.783+0000] {dag.py:3239} INFO - Sync 1 DAGs
[2025-02-12T05:27:17.796+0000] {logging_mixin.py:190} INFO - [2025-02-12T05:27:17.796+0000] {dag.py:4180} INFO - Setting next_dagrun for tutorial_dag to None, run_after=None
[2025-02-12T05:27:17.814+0000] {processor.py:208} INFO - Processing /home/airflow/.local/lib/python3.12/site-packages/airflow/example_dags/tutorial_dag.py took 0.069 seconds
[2025-02-12T05:27:48.239+0000] {processor.py:186} INFO - Started process (PID=2992) to work on /home/airflow/.local/lib/python3.12/site-packages/airflow/example_dags/tutorial_dag.py
[2025-02-12T05:27:48.239+0000] {processor.py:914} INFO - Processing file /home/airflow/.local/lib/python3.12/site-packages/airflow/example_dags/tutorial_dag.py for tasks to queue
[2025-02-12T05:27:48.241+0000] {logging_mixin.py:190} INFO - [2025-02-12T05:27:48.241+0000] {dagbag.py:588} INFO - Filling up the DagBag from /home/airflow/.local/lib/python3.12/site-packages/airflow/example_dags/tutorial_dag.py
[2025-02-12T05:27:48.250+0000] {processor.py:925} INFO - DAG(s) 'tutorial_dag' retrieved from /home/airflow/.local/lib/python3.12/site-packages/airflow/example_dags/tutorial_dag.py
[2025-02-12T05:27:48.273+0000] {logging_mixin.py:190} INFO - [2025-02-12T05:27:48.272+0000] {dag.py:3239} INFO - Sync 1 DAGs
[2025-02-12T05:27:48.288+0000] {logging_mixin.py:190} INFO - [2025-02-12T05:27:48.288+0000] {dag.py:4180} INFO - Setting next_dagrun for tutorial_dag to None, run_after=None
[2025-02-12T05:27:48.308+0000] {processor.py:208} INFO - Processing /home/airflow/.local/lib/python3.12/site-packages/airflow/example_dags/tutorial_dag.py took 0.075 seconds
[2025-02-12T05:28:19.018+0000] {processor.py:186} INFO - Started process (PID=3057) to work on /home/airflow/.local/lib/python3.12/site-packages/airflow/example_dags/tutorial_dag.py
[2025-02-12T05:28:19.019+0000] {processor.py:914} INFO - Processing file /home/airflow/.local/lib/python3.12/site-packages/airflow/example_dags/tutorial_dag.py for tasks to queue
[2025-02-12T05:28:19.021+0000] {logging_mixin.py:190} INFO - [2025-02-12T05:28:19.021+0000] {dagbag.py:588} INFO - Filling up the DagBag from /home/airflow/.local/lib/python3.12/site-packages/airflow/example_dags/tutorial_dag.py
[2025-02-12T05:28:19.028+0000] {processor.py:925} INFO - DAG(s) 'tutorial_dag' retrieved from /home/airflow/.local/lib/python3.12/site-packages/airflow/example_dags/tutorial_dag.py
[2025-02-12T05:28:19.049+0000] {logging_mixin.py:190} INFO - [2025-02-12T05:28:19.048+0000] {dag.py:3239} INFO - Sync 1 DAGs
[2025-02-12T05:28:19.062+0000] {logging_mixin.py:190} INFO - [2025-02-12T05:28:19.062+0000] {dag.py:4180} INFO - Setting next_dagrun for tutorial_dag to None, run_after=None
[2025-02-12T05:28:19.080+0000] {processor.py:208} INFO - Processing /home/airflow/.local/lib/python3.12/site-packages/airflow/example_dags/tutorial_dag.py took 0.067 seconds
[2025-02-12T05:28:49.514+0000] {processor.py:186} INFO - Started process (PID=3123) to work on /home/airflow/.local/lib/python3.12/site-packages/airflow/example_dags/tutorial_dag.py
[2025-02-12T05:28:49.515+0000] {processor.py:914} INFO - Processing file /home/airflow/.local/lib/python3.12/site-packages/airflow/example_dags/tutorial_dag.py for tasks to queue
[2025-02-12T05:28:49.517+0000] {logging_mixin.py:190} INFO - [2025-02-12T05:28:49.517+0000] {dagbag.py:588} INFO - Filling up the DagBag from /home/airflow/.local/lib/python3.12/site-packages/airflow/example_dags/tutorial_dag.py
[2025-02-12T05:28:49.525+0000] {processor.py:925} INFO - DAG(s) 'tutorial_dag' retrieved from /home/airflow/.local/lib/python3.12/site-packages/airflow/example_dags/tutorial_dag.py
[2025-02-12T05:28:49.542+0000] {logging_mixin.py:190} INFO - [2025-02-12T05:28:49.542+0000] {dag.py:3239} INFO - Sync 1 DAGs
[2025-02-12T05:28:49.555+0000] {logging_mixin.py:190} INFO - [2025-02-12T05:28:49.555+0000] {dag.py:4180} INFO - Setting next_dagrun for tutorial_dag to None, run_after=None
[2025-02-12T05:28:49.572+0000] {processor.py:208} INFO - Processing /home/airflow/.local/lib/python3.12/site-packages/airflow/example_dags/tutorial_dag.py took 0.064 seconds
[2025-02-12T05:29:19.919+0000] {processor.py:186} INFO - Started process (PID=3185) to work on /home/airflow/.local/lib/python3.12/site-packages/airflow/example_dags/tutorial_dag.py
[2025-02-12T05:29:19.920+0000] {processor.py:914} INFO - Processing file /home/airflow/.local/lib/python3.12/site-packages/airflow/example_dags/tutorial_dag.py for tasks to queue
[2025-02-12T05:29:19.923+0000] {logging_mixin.py:190} INFO - [2025-02-12T05:29:19.922+0000] {dagbag.py:588} INFO - Filling up the DagBag from /home/airflow/.local/lib/python3.12/site-packages/airflow/example_dags/tutorial_dag.py
[2025-02-12T05:29:19.930+0000] {processor.py:925} INFO - DAG(s) 'tutorial_dag' retrieved from /home/airflow/.local/lib/python3.12/site-packages/airflow/example_dags/tutorial_dag.py
[2025-02-12T05:29:19.948+0000] {logging_mixin.py:190} INFO - [2025-02-12T05:29:19.948+0000] {dag.py:3239} INFO - Sync 1 DAGs
[2025-02-12T05:29:19.960+0000] {logging_mixin.py:190} INFO - [2025-02-12T05:29:19.960+0000] {dag.py:4180} INFO - Setting next_dagrun for tutorial_dag to None, run_after=None
[2025-02-12T05:29:19.977+0000] {processor.py:208} INFO - Processing /home/airflow/.local/lib/python3.12/site-packages/airflow/example_dags/tutorial_dag.py took 0.064 seconds
[2025-02-12T05:29:50.376+0000] {processor.py:186} INFO - Started process (PID=3251) to work on /home/airflow/.local/lib/python3.12/site-packages/airflow/example_dags/tutorial_dag.py
[2025-02-12T05:29:50.377+0000] {processor.py:914} INFO - Processing file /home/airflow/.local/lib/python3.12/site-packages/airflow/example_dags/tutorial_dag.py for tasks to queue
[2025-02-12T05:29:50.380+0000] {logging_mixin.py:190} INFO - [2025-02-12T05:29:50.380+0000] {dagbag.py:588} INFO - Filling up the DagBag from /home/airflow/.local/lib/python3.12/site-packages/airflow/example_dags/tutorial_dag.py
[2025-02-12T05:29:50.387+0000] {processor.py:925} INFO - DAG(s) 'tutorial_dag' retrieved from /home/airflow/.local/lib/python3.12/site-packages/airflow/example_dags/tutorial_dag.py
[2025-02-12T05:29:50.405+0000] {logging_mixin.py:190} INFO - [2025-02-12T05:29:50.405+0000] {dag.py:3239} INFO - Sync 1 DAGs
[2025-02-12T05:29:50.419+0000] {logging_mixin.py:190} INFO - [2025-02-12T05:29:50.419+0000] {dag.py:4180} INFO - Setting next_dagrun for tutorial_dag to None, run_after=None
[2025-02-12T05:29:50.438+0000] {processor.py:208} INFO - Processing /home/airflow/.local/lib/python3.12/site-packages/airflow/example_dags/tutorial_dag.py took 0.068 seconds
[2025-02-12T05:30:20.961+0000] {processor.py:186} INFO - Started process (PID=3317) to work on /home/airflow/.local/lib/python3.12/site-packages/airflow/example_dags/tutorial_dag.py
[2025-02-12T05:30:20.962+0000] {processor.py:914} INFO - Processing file /home/airflow/.local/lib/python3.12/site-packages/airflow/example_dags/tutorial_dag.py for tasks to queue
[2025-02-12T05:30:20.965+0000] {logging_mixin.py:190} INFO - [2025-02-12T05:30:20.964+0000] {dagbag.py:588} INFO - Filling up the DagBag from /home/airflow/.local/lib/python3.12/site-packages/airflow/example_dags/tutorial_dag.py
[2025-02-12T05:30:20.972+0000] {processor.py:925} INFO - DAG(s) 'tutorial_dag' retrieved from /home/airflow/.local/lib/python3.12/site-packages/airflow/example_dags/tutorial_dag.py
[2025-02-12T05:30:20.989+0000] {logging_mixin.py:190} INFO - [2025-02-12T05:30:20.989+0000] {dag.py:3239} INFO - Sync 1 DAGs
[2025-02-12T05:30:21.002+0000] {logging_mixin.py:190} INFO - [2025-02-12T05:30:21.002+0000] {dag.py:4180} INFO - Setting next_dagrun for tutorial_dag to None, run_after=None
[2025-02-12T05:30:21.019+0000] {processor.py:208} INFO - Processing /home/airflow/.local/lib/python3.12/site-packages/airflow/example_dags/tutorial_dag.py took 0.063 seconds
[2025-02-12T05:30:51.611+0000] {processor.py:186} INFO - Started process (PID=3383) to work on /home/airflow/.local/lib/python3.12/site-packages/airflow/example_dags/tutorial_dag.py
[2025-02-12T05:30:51.612+0000] {processor.py:914} INFO - Processing file /home/airflow/.local/lib/python3.12/site-packages/airflow/example_dags/tutorial_dag.py for tasks to queue
[2025-02-12T05:30:51.615+0000] {logging_mixin.py:190} INFO - [2025-02-12T05:30:51.614+0000] {dagbag.py:588} INFO - Filling up the DagBag from /home/airflow/.local/lib/python3.12/site-packages/airflow/example_dags/tutorial_dag.py
[2025-02-12T05:30:51.621+0000] {processor.py:925} INFO - DAG(s) 'tutorial_dag' retrieved from /home/airflow/.local/lib/python3.12/site-packages/airflow/example_dags/tutorial_dag.py
[2025-02-12T05:30:51.643+0000] {logging_mixin.py:190} INFO - [2025-02-12T05:30:51.643+0000] {dag.py:3239} INFO - Sync 1 DAGs
[2025-02-12T05:30:51.659+0000] {logging_mixin.py:190} INFO - [2025-02-12T05:30:51.659+0000] {dag.py:4180} INFO - Setting next_dagrun for tutorial_dag to None, run_after=None
[2025-02-12T05:30:51.678+0000] {processor.py:208} INFO - Processing /home/airflow/.local/lib/python3.12/site-packages/airflow/example_dags/tutorial_dag.py took 0.072 seconds
[2025-02-12T05:31:22.220+0000] {processor.py:186} INFO - Started process (PID=3449) to work on /home/airflow/.local/lib/python3.12/site-packages/airflow/example_dags/tutorial_dag.py
[2025-02-12T05:31:22.221+0000] {processor.py:914} INFO - Processing file /home/airflow/.local/lib/python3.12/site-packages/airflow/example_dags/tutorial_dag.py for tasks to queue
[2025-02-12T05:31:22.223+0000] {logging_mixin.py:190} INFO - [2025-02-12T05:31:22.223+0000] {dagbag.py:588} INFO - Filling up the DagBag from /home/airflow/.local/lib/python3.12/site-packages/airflow/example_dags/tutorial_dag.py
[2025-02-12T05:31:22.230+0000] {processor.py:925} INFO - DAG(s) 'tutorial_dag' retrieved from /home/airflow/.local/lib/python3.12/site-packages/airflow/example_dags/tutorial_dag.py
[2025-02-12T05:31:22.248+0000] {logging_mixin.py:190} INFO - [2025-02-12T05:31:22.248+0000] {dag.py:3239} INFO - Sync 1 DAGs
[2025-02-12T05:31:22.260+0000] {logging_mixin.py:190} INFO - [2025-02-12T05:31:22.260+0000] {dag.py:4180} INFO - Setting next_dagrun for tutorial_dag to None, run_after=None
[2025-02-12T05:31:22.276+0000] {processor.py:208} INFO - Processing /home/airflow/.local/lib/python3.12/site-packages/airflow/example_dags/tutorial_dag.py took 0.061 seconds
[2025-02-12T05:31:52.665+0000] {processor.py:186} INFO - Started process (PID=3515) to work on /home/airflow/.local/lib/python3.12/site-packages/airflow/example_dags/tutorial_dag.py
[2025-02-12T05:31:52.666+0000] {processor.py:914} INFO - Processing file /home/airflow/.local/lib/python3.12/site-packages/airflow/example_dags/tutorial_dag.py for tasks to queue
[2025-02-12T05:31:52.668+0000] {logging_mixin.py:190} INFO - [2025-02-12T05:31:52.668+0000] {dagbag.py:588} INFO - Filling up the DagBag from /home/airflow/.local/lib/python3.12/site-packages/airflow/example_dags/tutorial_dag.py
[2025-02-12T05:31:52.676+0000] {processor.py:925} INFO - DAG(s) 'tutorial_dag' retrieved from /home/airflow/.local/lib/python3.12/site-packages/airflow/example_dags/tutorial_dag.py
[2025-02-12T05:31:52.693+0000] {logging_mixin.py:190} INFO - [2025-02-12T05:31:52.693+0000] {dag.py:3239} INFO - Sync 1 DAGs
[2025-02-12T05:31:52.705+0000] {logging_mixin.py:190} INFO - [2025-02-12T05:31:52.705+0000] {dag.py:4180} INFO - Setting next_dagrun for tutorial_dag to None, run_after=None
[2025-02-12T05:31:52.721+0000] {processor.py:208} INFO - Processing /home/airflow/.local/lib/python3.12/site-packages/airflow/example_dags/tutorial_dag.py took 0.061 seconds
[2025-02-12T05:32:23.220+0000] {processor.py:186} INFO - Started process (PID=3581) to work on /home/airflow/.local/lib/python3.12/site-packages/airflow/example_dags/tutorial_dag.py
[2025-02-12T05:32:23.221+0000] {processor.py:914} INFO - Processing file /home/airflow/.local/lib/python3.12/site-packages/airflow/example_dags/tutorial_dag.py for tasks to queue
[2025-02-12T05:32:23.223+0000] {logging_mixin.py:190} INFO - [2025-02-12T05:32:23.223+0000] {dagbag.py:588} INFO - Filling up the DagBag from /home/airflow/.local/lib/python3.12/site-packages/airflow/example_dags/tutorial_dag.py
[2025-02-12T05:32:23.230+0000] {processor.py:925} INFO - DAG(s) 'tutorial_dag' retrieved from /home/airflow/.local/lib/python3.12/site-packages/airflow/example_dags/tutorial_dag.py
[2025-02-12T05:32:23.249+0000] {logging_mixin.py:190} INFO - [2025-02-12T05:32:23.249+0000] {dag.py:3239} INFO - Sync 1 DAGs
[2025-02-12T05:32:23.261+0000] {logging_mixin.py:190} INFO - [2025-02-12T05:32:23.261+0000] {dag.py:4180} INFO - Setting next_dagrun for tutorial_dag to None, run_after=None
[2025-02-12T05:32:23.276+0000] {processor.py:208} INFO - Processing /home/airflow/.local/lib/python3.12/site-packages/airflow/example_dags/tutorial_dag.py took 0.062 seconds
[2025-02-12T05:32:53.632+0000] {processor.py:186} INFO - Started process (PID=3647) to work on /home/airflow/.local/lib/python3.12/site-packages/airflow/example_dags/tutorial_dag.py
[2025-02-12T05:32:53.633+0000] {processor.py:914} INFO - Processing file /home/airflow/.local/lib/python3.12/site-packages/airflow/example_dags/tutorial_dag.py for tasks to queue
[2025-02-12T05:32:53.635+0000] {logging_mixin.py:190} INFO - [2025-02-12T05:32:53.635+0000] {dagbag.py:588} INFO - Filling up the DagBag from /home/airflow/.local/lib/python3.12/site-packages/airflow/example_dags/tutorial_dag.py
[2025-02-12T05:32:53.642+0000] {processor.py:925} INFO - DAG(s) 'tutorial_dag' retrieved from /home/airflow/.local/lib/python3.12/site-packages/airflow/example_dags/tutorial_dag.py
[2025-02-12T05:32:53.661+0000] {logging_mixin.py:190} INFO - [2025-02-12T05:32:53.661+0000] {dag.py:3239} INFO - Sync 1 DAGs
[2025-02-12T05:32:53.675+0000] {logging_mixin.py:190} INFO - [2025-02-12T05:32:53.674+0000] {dag.py:4180} INFO - Setting next_dagrun for tutorial_dag to None, run_after=None
[2025-02-12T05:32:53.691+0000] {processor.py:208} INFO - Processing /home/airflow/.local/lib/python3.12/site-packages/airflow/example_dags/tutorial_dag.py took 0.064 seconds
[2025-02-12T05:33:23.952+0000] {processor.py:186} INFO - Started process (PID=3713) to work on /home/airflow/.local/lib/python3.12/site-packages/airflow/example_dags/tutorial_dag.py
[2025-02-12T05:33:23.953+0000] {processor.py:914} INFO - Processing file /home/airflow/.local/lib/python3.12/site-packages/airflow/example_dags/tutorial_dag.py for tasks to queue
[2025-02-12T05:33:23.955+0000] {logging_mixin.py:190} INFO - [2025-02-12T05:33:23.954+0000] {dagbag.py:588} INFO - Filling up the DagBag from /home/airflow/.local/lib/python3.12/site-packages/airflow/example_dags/tutorial_dag.py
[2025-02-12T05:33:23.962+0000] {processor.py:925} INFO - DAG(s) 'tutorial_dag' retrieved from /home/airflow/.local/lib/python3.12/site-packages/airflow/example_dags/tutorial_dag.py
[2025-02-12T05:33:23.981+0000] {logging_mixin.py:190} INFO - [2025-02-12T05:33:23.981+0000] {dag.py:3239} INFO - Sync 1 DAGs
[2025-02-12T05:33:23.994+0000] {logging_mixin.py:190} INFO - [2025-02-12T05:33:23.994+0000] {dag.py:4180} INFO - Setting next_dagrun for tutorial_dag to None, run_after=None
[2025-02-12T05:33:24.011+0000] {processor.py:208} INFO - Processing /home/airflow/.local/lib/python3.12/site-packages/airflow/example_dags/tutorial_dag.py took 0.064 seconds
[2025-02-12T05:33:54.229+0000] {processor.py:186} INFO - Started process (PID=3779) to work on /home/airflow/.local/lib/python3.12/site-packages/airflow/example_dags/tutorial_dag.py
[2025-02-12T05:33:54.230+0000] {processor.py:914} INFO - Processing file /home/airflow/.local/lib/python3.12/site-packages/airflow/example_dags/tutorial_dag.py for tasks to queue
[2025-02-12T05:33:54.232+0000] {logging_mixin.py:190} INFO - [2025-02-12T05:33:54.231+0000] {dagbag.py:588} INFO - Filling up the DagBag from /home/airflow/.local/lib/python3.12/site-packages/airflow/example_dags/tutorial_dag.py
[2025-02-12T05:33:54.239+0000] {processor.py:925} INFO - DAG(s) 'tutorial_dag' retrieved from /home/airflow/.local/lib/python3.12/site-packages/airflow/example_dags/tutorial_dag.py
[2025-02-12T05:33:54.258+0000] {logging_mixin.py:190} INFO - [2025-02-12T05:33:54.258+0000] {dag.py:3239} INFO - Sync 1 DAGs
[2025-02-12T05:33:54.270+0000] {logging_mixin.py:190} INFO - [2025-02-12T05:33:54.270+0000] {dag.py:4180} INFO - Setting next_dagrun for tutorial_dag to None, run_after=None
[2025-02-12T05:33:54.285+0000] {processor.py:208} INFO - Processing /home/airflow/.local/lib/python3.12/site-packages/airflow/example_dags/tutorial_dag.py took 0.062 seconds
[2025-02-12T05:34:24.525+0000] {processor.py:186} INFO - Started process (PID=3845) to work on /home/airflow/.local/lib/python3.12/site-packages/airflow/example_dags/tutorial_dag.py
[2025-02-12T05:34:24.526+0000] {processor.py:914} INFO - Processing file /home/airflow/.local/lib/python3.12/site-packages/airflow/example_dags/tutorial_dag.py for tasks to queue
[2025-02-12T05:34:24.529+0000] {logging_mixin.py:190} INFO - [2025-02-12T05:34:24.528+0000] {dagbag.py:588} INFO - Filling up the DagBag from /home/airflow/.local/lib/python3.12/site-packages/airflow/example_dags/tutorial_dag.py
[2025-02-12T05:34:24.536+0000] {processor.py:925} INFO - DAG(s) 'tutorial_dag' retrieved from /home/airflow/.local/lib/python3.12/site-packages/airflow/example_dags/tutorial_dag.py
[2025-02-12T05:34:24.559+0000] {logging_mixin.py:190} INFO - [2025-02-12T05:34:24.559+0000] {dag.py:3239} INFO - Sync 1 DAGs
[2025-02-12T05:34:24.575+0000] {logging_mixin.py:190} INFO - [2025-02-12T05:34:24.575+0000] {dag.py:4180} INFO - Setting next_dagrun for tutorial_dag to None, run_after=None
[2025-02-12T05:34:24.596+0000] {processor.py:208} INFO - Processing /home/airflow/.local/lib/python3.12/site-packages/airflow/example_dags/tutorial_dag.py took 0.077 seconds
[2025-02-12T05:34:55.639+0000] {processor.py:186} INFO - Started process (PID=3911) to work on /home/airflow/.local/lib/python3.12/site-packages/airflow/example_dags/tutorial_dag.py
[2025-02-12T05:34:55.640+0000] {processor.py:914} INFO - Processing file /home/airflow/.local/lib/python3.12/site-packages/airflow/example_dags/tutorial_dag.py for tasks to queue
[2025-02-12T05:34:55.643+0000] {logging_mixin.py:190} INFO - [2025-02-12T05:34:55.643+0000] {dagbag.py:588} INFO - Filling up the DagBag from /home/airflow/.local/lib/python3.12/site-packages/airflow/example_dags/tutorial_dag.py
[2025-02-12T05:34:55.650+0000] {processor.py:925} INFO - DAG(s) 'tutorial_dag' retrieved from /home/airflow/.local/lib/python3.12/site-packages/airflow/example_dags/tutorial_dag.py
[2025-02-12T05:34:55.669+0000] {logging_mixin.py:190} INFO - [2025-02-12T05:34:55.669+0000] {dag.py:3239} INFO - Sync 1 DAGs
[2025-02-12T05:34:55.682+0000] {logging_mixin.py:190} INFO - [2025-02-12T05:34:55.682+0000] {dag.py:4180} INFO - Setting next_dagrun for tutorial_dag to None, run_after=None
[2025-02-12T05:34:55.699+0000] {processor.py:208} INFO - Processing /home/airflow/.local/lib/python3.12/site-packages/airflow/example_dags/tutorial_dag.py took 0.065 seconds
[2025-02-12T05:35:26.029+0000] {processor.py:186} INFO - Started process (PID=3977) to work on /home/airflow/.local/lib/python3.12/site-packages/airflow/example_dags/tutorial_dag.py
[2025-02-12T05:35:26.030+0000] {processor.py:914} INFO - Processing file /home/airflow/.local/lib/python3.12/site-packages/airflow/example_dags/tutorial_dag.py for tasks to queue
[2025-02-12T05:35:26.033+0000] {logging_mixin.py:190} INFO - [2025-02-12T05:35:26.033+0000] {dagbag.py:588} INFO - Filling up the DagBag from /home/airflow/.local/lib/python3.12/site-packages/airflow/example_dags/tutorial_dag.py
[2025-02-12T05:35:26.040+0000] {processor.py:925} INFO - DAG(s) 'tutorial_dag' retrieved from /home/airflow/.local/lib/python3.12/site-packages/airflow/example_dags/tutorial_dag.py
[2025-02-12T05:35:26.058+0000] {logging_mixin.py:190} INFO - [2025-02-12T05:35:26.057+0000] {dag.py:3239} INFO - Sync 1 DAGs
[2025-02-12T05:35:26.072+0000] {logging_mixin.py:190} INFO - [2025-02-12T05:35:26.072+0000] {dag.py:4180} INFO - Setting next_dagrun for tutorial_dag to None, run_after=None
[2025-02-12T05:35:26.089+0000] {processor.py:208} INFO - Processing /home/airflow/.local/lib/python3.12/site-packages/airflow/example_dags/tutorial_dag.py took 0.065 seconds
[2025-02-12T05:35:56.590+0000] {processor.py:186} INFO - Started process (PID=4043) to work on /home/airflow/.local/lib/python3.12/site-packages/airflow/example_dags/tutorial_dag.py
[2025-02-12T05:35:56.591+0000] {processor.py:914} INFO - Processing file /home/airflow/.local/lib/python3.12/site-packages/airflow/example_dags/tutorial_dag.py for tasks to queue
[2025-02-12T05:35:56.594+0000] {logging_mixin.py:190} INFO - [2025-02-12T05:35:56.593+0000] {dagbag.py:588} INFO - Filling up the DagBag from /home/airflow/.local/lib/python3.12/site-packages/airflow/example_dags/tutorial_dag.py
[2025-02-12T05:35:56.602+0000] {processor.py:925} INFO - DAG(s) 'tutorial_dag' retrieved from /home/airflow/.local/lib/python3.12/site-packages/airflow/example_dags/tutorial_dag.py
[2025-02-12T05:35:56.620+0000] {logging_mixin.py:190} INFO - [2025-02-12T05:35:56.620+0000] {dag.py:3239} INFO - Sync 1 DAGs
[2025-02-12T05:35:56.633+0000] {logging_mixin.py:190} INFO - [2025-02-12T05:35:56.632+0000] {dag.py:4180} INFO - Setting next_dagrun for tutorial_dag to None, run_after=None
[2025-02-12T05:35:56.651+0000] {processor.py:208} INFO - Processing /home/airflow/.local/lib/python3.12/site-packages/airflow/example_dags/tutorial_dag.py took 0.067 seconds
