[2025-02-13T04:15:34.987+0000] {processor.py:186} INFO - Started process (PID=125) to work on /home/airflow/.local/lib/python3.12/site-packages/airflow/example_dags/example_nested_branch_dag.py
[2025-02-13T04:15:34.988+0000] {processor.py:914} INFO - Processing file /home/airflow/.local/lib/python3.12/site-packages/airflow/example_dags/example_nested_branch_dag.py for tasks to queue
[2025-02-13T04:15:34.990+0000] {logging_mixin.py:190} INFO - [2025-02-13T04:15:34.990+0000] {dagbag.py:588} INFO - Filling up the DagBag from /home/airflow/.local/lib/python3.12/site-packages/airflow/example_dags/example_nested_branch_dag.py
[2025-02-13T04:15:35.004+0000] {processor.py:925} INFO - DAG(s) 'example_nested_branch_dag' retrieved from /home/airflow/.local/lib/python3.12/site-packages/airflow/example_dags/example_nested_branch_dag.py
[2025-02-13T04:15:35.031+0000] {logging_mixin.py:190} INFO - [2025-02-13T04:15:35.031+0000] {dag.py:3239} INFO - Sync 1 DAGs
[2025-02-13T04:15:35.066+0000] {logging_mixin.py:190} INFO - [2025-02-13T04:15:35.066+0000] {dag.py:4180} INFO - Setting next_dagrun for example_nested_branch_dag to 2025-02-12 00:00:00+00:00, run_after=2025-02-13 00:00:00+00:00
[2025-02-13T04:15:35.091+0000] {processor.py:208} INFO - Processing /home/airflow/.local/lib/python3.12/site-packages/airflow/example_dags/example_nested_branch_dag.py took 0.111 seconds
[2025-02-13T04:16:05.796+0000] {processor.py:186} INFO - Started process (PID=191) to work on /home/airflow/.local/lib/python3.12/site-packages/airflow/example_dags/example_nested_branch_dag.py
[2025-02-13T04:16:05.797+0000] {processor.py:914} INFO - Processing file /home/airflow/.local/lib/python3.12/site-packages/airflow/example_dags/example_nested_branch_dag.py for tasks to queue
[2025-02-13T04:16:05.800+0000] {logging_mixin.py:190} INFO - [2025-02-13T04:16:05.799+0000] {dagbag.py:588} INFO - Filling up the DagBag from /home/airflow/.local/lib/python3.12/site-packages/airflow/example_dags/example_nested_branch_dag.py
[2025-02-13T04:16:05.812+0000] {processor.py:925} INFO - DAG(s) 'example_nested_branch_dag' retrieved from /home/airflow/.local/lib/python3.12/site-packages/airflow/example_dags/example_nested_branch_dag.py
[2025-02-13T04:16:05.832+0000] {logging_mixin.py:190} INFO - [2025-02-13T04:16:05.832+0000] {dag.py:3239} INFO - Sync 1 DAGs
[2025-02-13T04:16:05.853+0000] {logging_mixin.py:190} INFO - [2025-02-13T04:16:05.853+0000] {dag.py:4180} INFO - Setting next_dagrun for example_nested_branch_dag to 2025-02-12 00:00:00+00:00, run_after=2025-02-13 00:00:00+00:00
[2025-02-13T04:16:05.871+0000] {processor.py:208} INFO - Processing /home/airflow/.local/lib/python3.12/site-packages/airflow/example_dags/example_nested_branch_dag.py took 0.081 seconds
[2025-02-13T04:16:36.583+0000] {processor.py:186} INFO - Started process (PID=257) to work on /home/airflow/.local/lib/python3.12/site-packages/airflow/example_dags/example_nested_branch_dag.py
[2025-02-13T04:16:36.584+0000] {processor.py:914} INFO - Processing file /home/airflow/.local/lib/python3.12/site-packages/airflow/example_dags/example_nested_branch_dag.py for tasks to queue
[2025-02-13T04:16:36.586+0000] {logging_mixin.py:190} INFO - [2025-02-13T04:16:36.586+0000] {dagbag.py:588} INFO - Filling up the DagBag from /home/airflow/.local/lib/python3.12/site-packages/airflow/example_dags/example_nested_branch_dag.py
[2025-02-13T04:16:36.599+0000] {processor.py:925} INFO - DAG(s) 'example_nested_branch_dag' retrieved from /home/airflow/.local/lib/python3.12/site-packages/airflow/example_dags/example_nested_branch_dag.py
[2025-02-13T04:16:36.620+0000] {logging_mixin.py:190} INFO - [2025-02-13T04:16:36.620+0000] {dag.py:3239} INFO - Sync 1 DAGs
[2025-02-13T04:16:36.643+0000] {logging_mixin.py:190} INFO - [2025-02-13T04:16:36.643+0000] {dag.py:4180} INFO - Setting next_dagrun for example_nested_branch_dag to 2025-02-12 00:00:00+00:00, run_after=2025-02-13 00:00:00+00:00
[2025-02-13T04:16:36.660+0000] {processor.py:208} INFO - Processing /home/airflow/.local/lib/python3.12/site-packages/airflow/example_dags/example_nested_branch_dag.py took 0.082 seconds
[2025-02-13T04:17:06.896+0000] {processor.py:186} INFO - Started process (PID=323) to work on /home/airflow/.local/lib/python3.12/site-packages/airflow/example_dags/example_nested_branch_dag.py
[2025-02-13T04:17:06.897+0000] {processor.py:914} INFO - Processing file /home/airflow/.local/lib/python3.12/site-packages/airflow/example_dags/example_nested_branch_dag.py for tasks to queue
[2025-02-13T04:17:06.900+0000] {logging_mixin.py:190} INFO - [2025-02-13T04:17:06.900+0000] {dagbag.py:588} INFO - Filling up the DagBag from /home/airflow/.local/lib/python3.12/site-packages/airflow/example_dags/example_nested_branch_dag.py
[2025-02-13T04:17:06.912+0000] {processor.py:925} INFO - DAG(s) 'example_nested_branch_dag' retrieved from /home/airflow/.local/lib/python3.12/site-packages/airflow/example_dags/example_nested_branch_dag.py
[2025-02-13T04:17:06.934+0000] {logging_mixin.py:190} INFO - [2025-02-13T04:17:06.934+0000] {dag.py:3239} INFO - Sync 1 DAGs
[2025-02-13T04:17:06.964+0000] {logging_mixin.py:190} INFO - [2025-02-13T04:17:06.963+0000] {dag.py:4180} INFO - Setting next_dagrun for example_nested_branch_dag to 2025-02-12 00:00:00+00:00, run_after=2025-02-13 00:00:00+00:00
[2025-02-13T04:17:06.986+0000] {processor.py:208} INFO - Processing /home/airflow/.local/lib/python3.12/site-packages/airflow/example_dags/example_nested_branch_dag.py took 0.097 seconds
[2025-02-13T04:17:38.482+0000] {processor.py:186} INFO - Started process (PID=388) to work on /home/airflow/.local/lib/python3.12/site-packages/airflow/example_dags/example_nested_branch_dag.py
[2025-02-13T04:17:38.483+0000] {processor.py:914} INFO - Processing file /home/airflow/.local/lib/python3.12/site-packages/airflow/example_dags/example_nested_branch_dag.py for tasks to queue
[2025-02-13T04:17:38.486+0000] {logging_mixin.py:190} INFO - [2025-02-13T04:17:38.486+0000] {dagbag.py:588} INFO - Filling up the DagBag from /home/airflow/.local/lib/python3.12/site-packages/airflow/example_dags/example_nested_branch_dag.py
[2025-02-13T04:17:38.502+0000] {processor.py:925} INFO - DAG(s) 'example_nested_branch_dag' retrieved from /home/airflow/.local/lib/python3.12/site-packages/airflow/example_dags/example_nested_branch_dag.py
[2025-02-13T04:17:38.532+0000] {logging_mixin.py:190} INFO - [2025-02-13T04:17:38.532+0000] {dag.py:3239} INFO - Sync 1 DAGs
[2025-02-13T04:17:38.569+0000] {logging_mixin.py:190} INFO - [2025-02-13T04:17:38.568+0000] {dag.py:4180} INFO - Setting next_dagrun for example_nested_branch_dag to 2025-02-12 00:00:00+00:00, run_after=2025-02-13 00:00:00+00:00
[2025-02-13T04:17:38.593+0000] {processor.py:208} INFO - Processing /home/airflow/.local/lib/python3.12/site-packages/airflow/example_dags/example_nested_branch_dag.py took 0.118 seconds
[2025-02-13T04:18:09.738+0000] {processor.py:186} INFO - Started process (PID=454) to work on /home/airflow/.local/lib/python3.12/site-packages/airflow/example_dags/example_nested_branch_dag.py
[2025-02-13T04:18:09.739+0000] {processor.py:914} INFO - Processing file /home/airflow/.local/lib/python3.12/site-packages/airflow/example_dags/example_nested_branch_dag.py for tasks to queue
[2025-02-13T04:18:09.742+0000] {logging_mixin.py:190} INFO - [2025-02-13T04:18:09.741+0000] {dagbag.py:588} INFO - Filling up the DagBag from /home/airflow/.local/lib/python3.12/site-packages/airflow/example_dags/example_nested_branch_dag.py
[2025-02-13T04:18:09.755+0000] {processor.py:925} INFO - DAG(s) 'example_nested_branch_dag' retrieved from /home/airflow/.local/lib/python3.12/site-packages/airflow/example_dags/example_nested_branch_dag.py
[2025-02-13T04:18:09.776+0000] {logging_mixin.py:190} INFO - [2025-02-13T04:18:09.776+0000] {dag.py:3239} INFO - Sync 1 DAGs
[2025-02-13T04:18:09.796+0000] {logging_mixin.py:190} INFO - [2025-02-13T04:18:09.796+0000] {dag.py:4180} INFO - Setting next_dagrun for example_nested_branch_dag to 2025-02-12 00:00:00+00:00, run_after=2025-02-13 00:00:00+00:00
[2025-02-13T04:18:09.814+0000] {processor.py:208} INFO - Processing /home/airflow/.local/lib/python3.12/site-packages/airflow/example_dags/example_nested_branch_dag.py took 0.083 seconds
[2025-02-13T04:18:41.300+0000] {processor.py:186} INFO - Started process (PID=521) to work on /home/airflow/.local/lib/python3.12/site-packages/airflow/example_dags/example_nested_branch_dag.py
[2025-02-13T04:18:41.301+0000] {processor.py:914} INFO - Processing file /home/airflow/.local/lib/python3.12/site-packages/airflow/example_dags/example_nested_branch_dag.py for tasks to queue
[2025-02-13T04:18:41.303+0000] {logging_mixin.py:190} INFO - [2025-02-13T04:18:41.303+0000] {dagbag.py:588} INFO - Filling up the DagBag from /home/airflow/.local/lib/python3.12/site-packages/airflow/example_dags/example_nested_branch_dag.py
[2025-02-13T04:18:41.316+0000] {processor.py:925} INFO - DAG(s) 'example_nested_branch_dag' retrieved from /home/airflow/.local/lib/python3.12/site-packages/airflow/example_dags/example_nested_branch_dag.py
[2025-02-13T04:18:41.340+0000] {logging_mixin.py:190} INFO - [2025-02-13T04:18:41.340+0000] {dag.py:3239} INFO - Sync 1 DAGs
[2025-02-13T04:18:41.373+0000] {logging_mixin.py:190} INFO - [2025-02-13T04:18:41.372+0000] {dag.py:4180} INFO - Setting next_dagrun for example_nested_branch_dag to 2025-02-12 00:00:00+00:00, run_after=2025-02-13 00:00:00+00:00
[2025-02-13T04:18:41.397+0000] {processor.py:208} INFO - Processing /home/airflow/.local/lib/python3.12/site-packages/airflow/example_dags/example_nested_branch_dag.py took 0.103 seconds
[2025-02-13T04:19:12.379+0000] {processor.py:186} INFO - Started process (PID=587) to work on /home/airflow/.local/lib/python3.12/site-packages/airflow/example_dags/example_nested_branch_dag.py
[2025-02-13T04:19:12.380+0000] {processor.py:914} INFO - Processing file /home/airflow/.local/lib/python3.12/site-packages/airflow/example_dags/example_nested_branch_dag.py for tasks to queue
[2025-02-13T04:19:12.383+0000] {logging_mixin.py:190} INFO - [2025-02-13T04:19:12.382+0000] {dagbag.py:588} INFO - Filling up the DagBag from /home/airflow/.local/lib/python3.12/site-packages/airflow/example_dags/example_nested_branch_dag.py
[2025-02-13T04:19:12.395+0000] {processor.py:925} INFO - DAG(s) 'example_nested_branch_dag' retrieved from /home/airflow/.local/lib/python3.12/site-packages/airflow/example_dags/example_nested_branch_dag.py
[2025-02-13T04:19:12.418+0000] {logging_mixin.py:190} INFO - [2025-02-13T04:19:12.417+0000] {dag.py:3239} INFO - Sync 1 DAGs
[2025-02-13T04:19:12.446+0000] {logging_mixin.py:190} INFO - [2025-02-13T04:19:12.446+0000] {dag.py:4180} INFO - Setting next_dagrun for example_nested_branch_dag to 2025-02-12 00:00:00+00:00, run_after=2025-02-13 00:00:00+00:00
[2025-02-13T04:19:12.472+0000] {processor.py:208} INFO - Processing /home/airflow/.local/lib/python3.12/site-packages/airflow/example_dags/example_nested_branch_dag.py took 0.101 seconds
[2025-02-13T04:19:43.647+0000] {processor.py:186} INFO - Started process (PID=653) to work on /home/airflow/.local/lib/python3.12/site-packages/airflow/example_dags/example_nested_branch_dag.py
[2025-02-13T04:19:43.648+0000] {processor.py:914} INFO - Processing file /home/airflow/.local/lib/python3.12/site-packages/airflow/example_dags/example_nested_branch_dag.py for tasks to queue
[2025-02-13T04:19:43.650+0000] {logging_mixin.py:190} INFO - [2025-02-13T04:19:43.650+0000] {dagbag.py:588} INFO - Filling up the DagBag from /home/airflow/.local/lib/python3.12/site-packages/airflow/example_dags/example_nested_branch_dag.py
[2025-02-13T04:19:43.662+0000] {processor.py:925} INFO - DAG(s) 'example_nested_branch_dag' retrieved from /home/airflow/.local/lib/python3.12/site-packages/airflow/example_dags/example_nested_branch_dag.py
[2025-02-13T04:19:43.685+0000] {logging_mixin.py:190} INFO - [2025-02-13T04:19:43.685+0000] {dag.py:3239} INFO - Sync 1 DAGs
[2025-02-13T04:19:43.711+0000] {logging_mixin.py:190} INFO - [2025-02-13T04:19:43.710+0000] {dag.py:4180} INFO - Setting next_dagrun for example_nested_branch_dag to 2025-02-12 00:00:00+00:00, run_after=2025-02-13 00:00:00+00:00
[2025-02-13T04:19:43.737+0000] {processor.py:208} INFO - Processing /home/airflow/.local/lib/python3.12/site-packages/airflow/example_dags/example_nested_branch_dag.py took 0.096 seconds
[2025-02-13T04:20:14.726+0000] {processor.py:186} INFO - Started process (PID=719) to work on /home/airflow/.local/lib/python3.12/site-packages/airflow/example_dags/example_nested_branch_dag.py
[2025-02-13T04:20:14.727+0000] {processor.py:914} INFO - Processing file /home/airflow/.local/lib/python3.12/site-packages/airflow/example_dags/example_nested_branch_dag.py for tasks to queue
[2025-02-13T04:20:14.730+0000] {logging_mixin.py:190} INFO - [2025-02-13T04:20:14.729+0000] {dagbag.py:588} INFO - Filling up the DagBag from /home/airflow/.local/lib/python3.12/site-packages/airflow/example_dags/example_nested_branch_dag.py
[2025-02-13T04:20:14.743+0000] {processor.py:925} INFO - DAG(s) 'example_nested_branch_dag' retrieved from /home/airflow/.local/lib/python3.12/site-packages/airflow/example_dags/example_nested_branch_dag.py
[2025-02-13T04:20:14.768+0000] {logging_mixin.py:190} INFO - [2025-02-13T04:20:14.767+0000] {dag.py:3239} INFO - Sync 1 DAGs
[2025-02-13T04:20:14.792+0000] {logging_mixin.py:190} INFO - [2025-02-13T04:20:14.792+0000] {dag.py:4180} INFO - Setting next_dagrun for example_nested_branch_dag to 2025-02-12 00:00:00+00:00, run_after=2025-02-13 00:00:00+00:00
[2025-02-13T04:20:14.813+0000] {processor.py:208} INFO - Processing /home/airflow/.local/lib/python3.12/site-packages/airflow/example_dags/example_nested_branch_dag.py took 0.093 seconds
[2025-02-13T04:20:45.540+0000] {processor.py:186} INFO - Started process (PID=785) to work on /home/airflow/.local/lib/python3.12/site-packages/airflow/example_dags/example_nested_branch_dag.py
[2025-02-13T04:20:45.541+0000] {processor.py:914} INFO - Processing file /home/airflow/.local/lib/python3.12/site-packages/airflow/example_dags/example_nested_branch_dag.py for tasks to queue
[2025-02-13T04:20:45.543+0000] {logging_mixin.py:190} INFO - [2025-02-13T04:20:45.543+0000] {dagbag.py:588} INFO - Filling up the DagBag from /home/airflow/.local/lib/python3.12/site-packages/airflow/example_dags/example_nested_branch_dag.py
[2025-02-13T04:20:45.553+0000] {processor.py:925} INFO - DAG(s) 'example_nested_branch_dag' retrieved from /home/airflow/.local/lib/python3.12/site-packages/airflow/example_dags/example_nested_branch_dag.py
[2025-02-13T04:20:45.575+0000] {logging_mixin.py:190} INFO - [2025-02-13T04:20:45.575+0000] {dag.py:3239} INFO - Sync 1 DAGs
[2025-02-13T04:20:45.599+0000] {logging_mixin.py:190} INFO - [2025-02-13T04:20:45.599+0000] {dag.py:4180} INFO - Setting next_dagrun for example_nested_branch_dag to 2025-02-12 00:00:00+00:00, run_after=2025-02-13 00:00:00+00:00
[2025-02-13T04:20:45.619+0000] {processor.py:208} INFO - Processing /home/airflow/.local/lib/python3.12/site-packages/airflow/example_dags/example_nested_branch_dag.py took 0.084 seconds
[2025-02-13T04:21:16.597+0000] {processor.py:186} INFO - Started process (PID=851) to work on /home/airflow/.local/lib/python3.12/site-packages/airflow/example_dags/example_nested_branch_dag.py
[2025-02-13T04:21:16.598+0000] {processor.py:914} INFO - Processing file /home/airflow/.local/lib/python3.12/site-packages/airflow/example_dags/example_nested_branch_dag.py for tasks to queue
[2025-02-13T04:21:16.600+0000] {logging_mixin.py:190} INFO - [2025-02-13T04:21:16.600+0000] {dagbag.py:588} INFO - Filling up the DagBag from /home/airflow/.local/lib/python3.12/site-packages/airflow/example_dags/example_nested_branch_dag.py
[2025-02-13T04:21:16.613+0000] {processor.py:925} INFO - DAG(s) 'example_nested_branch_dag' retrieved from /home/airflow/.local/lib/python3.12/site-packages/airflow/example_dags/example_nested_branch_dag.py
[2025-02-13T04:21:16.640+0000] {logging_mixin.py:190} INFO - [2025-02-13T04:21:16.640+0000] {dag.py:3239} INFO - Sync 1 DAGs
[2025-02-13T04:21:16.668+0000] {logging_mixin.py:190} INFO - [2025-02-13T04:21:16.667+0000] {dag.py:4180} INFO - Setting next_dagrun for example_nested_branch_dag to 2025-02-12 00:00:00+00:00, run_after=2025-02-13 00:00:00+00:00
[2025-02-13T04:21:16.688+0000] {processor.py:208} INFO - Processing /home/airflow/.local/lib/python3.12/site-packages/airflow/example_dags/example_nested_branch_dag.py took 0.098 seconds
[2025-02-13T04:21:47.703+0000] {processor.py:186} INFO - Started process (PID=917) to work on /home/airflow/.local/lib/python3.12/site-packages/airflow/example_dags/example_nested_branch_dag.py
[2025-02-13T04:21:47.704+0000] {processor.py:914} INFO - Processing file /home/airflow/.local/lib/python3.12/site-packages/airflow/example_dags/example_nested_branch_dag.py for tasks to queue
[2025-02-13T04:21:47.706+0000] {logging_mixin.py:190} INFO - [2025-02-13T04:21:47.706+0000] {dagbag.py:588} INFO - Filling up the DagBag from /home/airflow/.local/lib/python3.12/site-packages/airflow/example_dags/example_nested_branch_dag.py
[2025-02-13T04:21:47.718+0000] {processor.py:925} INFO - DAG(s) 'example_nested_branch_dag' retrieved from /home/airflow/.local/lib/python3.12/site-packages/airflow/example_dags/example_nested_branch_dag.py
[2025-02-13T04:21:47.740+0000] {logging_mixin.py:190} INFO - [2025-02-13T04:21:47.740+0000] {dag.py:3239} INFO - Sync 1 DAGs
[2025-02-13T04:21:47.764+0000] {logging_mixin.py:190} INFO - [2025-02-13T04:21:47.764+0000] {dag.py:4180} INFO - Setting next_dagrun for example_nested_branch_dag to 2025-02-12 00:00:00+00:00, run_after=2025-02-13 00:00:00+00:00
[2025-02-13T04:21:47.782+0000] {processor.py:208} INFO - Processing /home/airflow/.local/lib/python3.12/site-packages/airflow/example_dags/example_nested_branch_dag.py took 0.085 seconds
[2025-02-13T04:22:18.264+0000] {processor.py:186} INFO - Started process (PID=982) to work on /home/airflow/.local/lib/python3.12/site-packages/airflow/example_dags/example_nested_branch_dag.py
[2025-02-13T04:22:18.265+0000] {processor.py:914} INFO - Processing file /home/airflow/.local/lib/python3.12/site-packages/airflow/example_dags/example_nested_branch_dag.py for tasks to queue
[2025-02-13T04:22:18.268+0000] {logging_mixin.py:190} INFO - [2025-02-13T04:22:18.267+0000] {dagbag.py:588} INFO - Filling up the DagBag from /home/airflow/.local/lib/python3.12/site-packages/airflow/example_dags/example_nested_branch_dag.py
[2025-02-13T04:22:18.281+0000] {processor.py:925} INFO - DAG(s) 'example_nested_branch_dag' retrieved from /home/airflow/.local/lib/python3.12/site-packages/airflow/example_dags/example_nested_branch_dag.py
[2025-02-13T04:22:18.308+0000] {logging_mixin.py:190} INFO - [2025-02-13T04:22:18.308+0000] {dag.py:3239} INFO - Sync 1 DAGs
[2025-02-13T04:22:18.343+0000] {logging_mixin.py:190} INFO - [2025-02-13T04:22:18.343+0000] {dag.py:4180} INFO - Setting next_dagrun for example_nested_branch_dag to 2025-02-12 00:00:00+00:00, run_after=2025-02-13 00:00:00+00:00
[2025-02-13T04:22:18.369+0000] {processor.py:208} INFO - Processing /home/airflow/.local/lib/python3.12/site-packages/airflow/example_dags/example_nested_branch_dag.py took 0.112 seconds
[2025-02-13T04:22:49.157+0000] {processor.py:186} INFO - Started process (PID=1048) to work on /home/airflow/.local/lib/python3.12/site-packages/airflow/example_dags/example_nested_branch_dag.py
[2025-02-13T04:22:49.158+0000] {processor.py:914} INFO - Processing file /home/airflow/.local/lib/python3.12/site-packages/airflow/example_dags/example_nested_branch_dag.py for tasks to queue
[2025-02-13T04:22:49.160+0000] {logging_mixin.py:190} INFO - [2025-02-13T04:22:49.160+0000] {dagbag.py:588} INFO - Filling up the DagBag from /home/airflow/.local/lib/python3.12/site-packages/airflow/example_dags/example_nested_branch_dag.py
[2025-02-13T04:22:49.171+0000] {processor.py:925} INFO - DAG(s) 'example_nested_branch_dag' retrieved from /home/airflow/.local/lib/python3.12/site-packages/airflow/example_dags/example_nested_branch_dag.py
[2025-02-13T04:22:49.192+0000] {logging_mixin.py:190} INFO - [2025-02-13T04:22:49.192+0000] {dag.py:3239} INFO - Sync 1 DAGs
[2025-02-13T04:22:49.218+0000] {logging_mixin.py:190} INFO - [2025-02-13T04:22:49.218+0000] {dag.py:4180} INFO - Setting next_dagrun for example_nested_branch_dag to 2025-02-12 00:00:00+00:00, run_after=2025-02-13 00:00:00+00:00
[2025-02-13T04:22:49.237+0000] {processor.py:208} INFO - Processing /home/airflow/.local/lib/python3.12/site-packages/airflow/example_dags/example_nested_branch_dag.py took 0.085 seconds
[2025-02-13T04:23:20.102+0000] {processor.py:186} INFO - Started process (PID=1114) to work on /home/airflow/.local/lib/python3.12/site-packages/airflow/example_dags/example_nested_branch_dag.py
[2025-02-13T04:23:20.103+0000] {processor.py:914} INFO - Processing file /home/airflow/.local/lib/python3.12/site-packages/airflow/example_dags/example_nested_branch_dag.py for tasks to queue
[2025-02-13T04:23:20.105+0000] {logging_mixin.py:190} INFO - [2025-02-13T04:23:20.104+0000] {dagbag.py:588} INFO - Filling up the DagBag from /home/airflow/.local/lib/python3.12/site-packages/airflow/example_dags/example_nested_branch_dag.py
[2025-02-13T04:23:20.115+0000] {processor.py:925} INFO - DAG(s) 'example_nested_branch_dag' retrieved from /home/airflow/.local/lib/python3.12/site-packages/airflow/example_dags/example_nested_branch_dag.py
[2025-02-13T04:23:20.135+0000] {logging_mixin.py:190} INFO - [2025-02-13T04:23:20.135+0000] {dag.py:3239} INFO - Sync 1 DAGs
[2025-02-13T04:23:20.156+0000] {logging_mixin.py:190} INFO - [2025-02-13T04:23:20.156+0000] {dag.py:4180} INFO - Setting next_dagrun for example_nested_branch_dag to 2025-02-12 00:00:00+00:00, run_after=2025-02-13 00:00:00+00:00
[2025-02-13T04:23:20.174+0000] {processor.py:208} INFO - Processing /home/airflow/.local/lib/python3.12/site-packages/airflow/example_dags/example_nested_branch_dag.py took 0.078 seconds
[2025-02-13T04:23:51.566+0000] {processor.py:186} INFO - Started process (PID=1180) to work on /home/airflow/.local/lib/python3.12/site-packages/airflow/example_dags/example_nested_branch_dag.py
[2025-02-13T04:23:51.567+0000] {processor.py:914} INFO - Processing file /home/airflow/.local/lib/python3.12/site-packages/airflow/example_dags/example_nested_branch_dag.py for tasks to queue
[2025-02-13T04:23:51.569+0000] {logging_mixin.py:190} INFO - [2025-02-13T04:23:51.569+0000] {dagbag.py:588} INFO - Filling up the DagBag from /home/airflow/.local/lib/python3.12/site-packages/airflow/example_dags/example_nested_branch_dag.py
[2025-02-13T04:23:51.582+0000] {processor.py:925} INFO - DAG(s) 'example_nested_branch_dag' retrieved from /home/airflow/.local/lib/python3.12/site-packages/airflow/example_dags/example_nested_branch_dag.py
[2025-02-13T04:23:51.604+0000] {logging_mixin.py:190} INFO - [2025-02-13T04:23:51.604+0000] {dag.py:3239} INFO - Sync 1 DAGs
[2025-02-13T04:23:51.630+0000] {logging_mixin.py:190} INFO - [2025-02-13T04:23:51.630+0000] {dag.py:4180} INFO - Setting next_dagrun for example_nested_branch_dag to 2025-02-12 00:00:00+00:00, run_after=2025-02-13 00:00:00+00:00
[2025-02-13T04:23:51.649+0000] {processor.py:208} INFO - Processing /home/airflow/.local/lib/python3.12/site-packages/airflow/example_dags/example_nested_branch_dag.py took 0.089 seconds
[2025-02-13T04:24:22.716+0000] {processor.py:186} INFO - Started process (PID=1246) to work on /home/airflow/.local/lib/python3.12/site-packages/airflow/example_dags/example_nested_branch_dag.py
[2025-02-13T04:24:22.717+0000] {processor.py:914} INFO - Processing file /home/airflow/.local/lib/python3.12/site-packages/airflow/example_dags/example_nested_branch_dag.py for tasks to queue
[2025-02-13T04:24:22.720+0000] {logging_mixin.py:190} INFO - [2025-02-13T04:24:22.720+0000] {dagbag.py:588} INFO - Filling up the DagBag from /home/airflow/.local/lib/python3.12/site-packages/airflow/example_dags/example_nested_branch_dag.py
[2025-02-13T04:24:22.731+0000] {processor.py:925} INFO - DAG(s) 'example_nested_branch_dag' retrieved from /home/airflow/.local/lib/python3.12/site-packages/airflow/example_dags/example_nested_branch_dag.py
[2025-02-13T04:24:22.755+0000] {logging_mixin.py:190} INFO - [2025-02-13T04:24:22.755+0000] {dag.py:3239} INFO - Sync 1 DAGs
[2025-02-13T04:24:22.781+0000] {logging_mixin.py:190} INFO - [2025-02-13T04:24:22.780+0000] {dag.py:4180} INFO - Setting next_dagrun for example_nested_branch_dag to 2025-02-12 00:00:00+00:00, run_after=2025-02-13 00:00:00+00:00
[2025-02-13T04:24:22.812+0000] {processor.py:208} INFO - Processing /home/airflow/.local/lib/python3.12/site-packages/airflow/example_dags/example_nested_branch_dag.py took 0.101 seconds
[2025-02-13T04:24:54.234+0000] {processor.py:186} INFO - Started process (PID=1312) to work on /home/airflow/.local/lib/python3.12/site-packages/airflow/example_dags/example_nested_branch_dag.py
[2025-02-13T04:24:54.235+0000] {processor.py:914} INFO - Processing file /home/airflow/.local/lib/python3.12/site-packages/airflow/example_dags/example_nested_branch_dag.py for tasks to queue
[2025-02-13T04:24:54.238+0000] {logging_mixin.py:190} INFO - [2025-02-13T04:24:54.238+0000] {dagbag.py:588} INFO - Filling up the DagBag from /home/airflow/.local/lib/python3.12/site-packages/airflow/example_dags/example_nested_branch_dag.py
[2025-02-13T04:24:54.251+0000] {processor.py:925} INFO - DAG(s) 'example_nested_branch_dag' retrieved from /home/airflow/.local/lib/python3.12/site-packages/airflow/example_dags/example_nested_branch_dag.py
[2025-02-13T04:24:54.274+0000] {logging_mixin.py:190} INFO - [2025-02-13T04:24:54.274+0000] {dag.py:3239} INFO - Sync 1 DAGs
[2025-02-13T04:24:54.302+0000] {logging_mixin.py:190} INFO - [2025-02-13T04:24:54.302+0000] {dag.py:4180} INFO - Setting next_dagrun for example_nested_branch_dag to 2025-02-12 00:00:00+00:00, run_after=2025-02-13 00:00:00+00:00
[2025-02-13T04:24:54.322+0000] {processor.py:208} INFO - Processing /home/airflow/.local/lib/python3.12/site-packages/airflow/example_dags/example_nested_branch_dag.py took 0.093 seconds
[2025-02-13T04:25:25.327+0000] {processor.py:186} INFO - Started process (PID=1384) to work on /home/airflow/.local/lib/python3.12/site-packages/airflow/example_dags/example_nested_branch_dag.py
[2025-02-13T04:25:25.328+0000] {processor.py:914} INFO - Processing file /home/airflow/.local/lib/python3.12/site-packages/airflow/example_dags/example_nested_branch_dag.py for tasks to queue
[2025-02-13T04:25:25.330+0000] {logging_mixin.py:190} INFO - [2025-02-13T04:25:25.329+0000] {dagbag.py:588} INFO - Filling up the DagBag from /home/airflow/.local/lib/python3.12/site-packages/airflow/example_dags/example_nested_branch_dag.py
[2025-02-13T04:25:25.340+0000] {processor.py:925} INFO - DAG(s) 'example_nested_branch_dag' retrieved from /home/airflow/.local/lib/python3.12/site-packages/airflow/example_dags/example_nested_branch_dag.py
[2025-02-13T04:25:25.361+0000] {logging_mixin.py:190} INFO - [2025-02-13T04:25:25.361+0000] {dag.py:3239} INFO - Sync 1 DAGs
[2025-02-13T04:25:25.383+0000] {logging_mixin.py:190} INFO - [2025-02-13T04:25:25.383+0000] {dag.py:4180} INFO - Setting next_dagrun for example_nested_branch_dag to 2025-02-12 00:00:00+00:00, run_after=2025-02-13 00:00:00+00:00
[2025-02-13T04:25:25.401+0000] {processor.py:208} INFO - Processing /home/airflow/.local/lib/python3.12/site-packages/airflow/example_dags/example_nested_branch_dag.py took 0.080 seconds
[2025-02-13T04:25:57.340+0000] {processor.py:186} INFO - Started process (PID=1450) to work on /home/airflow/.local/lib/python3.12/site-packages/airflow/example_dags/example_nested_branch_dag.py
[2025-02-13T04:25:57.341+0000] {processor.py:914} INFO - Processing file /home/airflow/.local/lib/python3.12/site-packages/airflow/example_dags/example_nested_branch_dag.py for tasks to queue
[2025-02-13T04:25:57.343+0000] {logging_mixin.py:190} INFO - [2025-02-13T04:25:57.343+0000] {dagbag.py:588} INFO - Filling up the DagBag from /home/airflow/.local/lib/python3.12/site-packages/airflow/example_dags/example_nested_branch_dag.py
[2025-02-13T04:25:57.355+0000] {processor.py:925} INFO - DAG(s) 'example_nested_branch_dag' retrieved from /home/airflow/.local/lib/python3.12/site-packages/airflow/example_dags/example_nested_branch_dag.py
[2025-02-13T04:25:57.377+0000] {logging_mixin.py:190} INFO - [2025-02-13T04:25:57.377+0000] {dag.py:3239} INFO - Sync 1 DAGs
[2025-02-13T04:25:57.399+0000] {logging_mixin.py:190} INFO - [2025-02-13T04:25:57.398+0000] {dag.py:4180} INFO - Setting next_dagrun for example_nested_branch_dag to 2025-02-12 00:00:00+00:00, run_after=2025-02-13 00:00:00+00:00
[2025-02-13T04:25:57.415+0000] {processor.py:208} INFO - Processing /home/airflow/.local/lib/python3.12/site-packages/airflow/example_dags/example_nested_branch_dag.py took 0.081 seconds
[2025-02-13T04:26:27.912+0000] {processor.py:186} INFO - Started process (PID=1516) to work on /home/airflow/.local/lib/python3.12/site-packages/airflow/example_dags/example_nested_branch_dag.py
[2025-02-13T04:26:27.914+0000] {processor.py:914} INFO - Processing file /home/airflow/.local/lib/python3.12/site-packages/airflow/example_dags/example_nested_branch_dag.py for tasks to queue
[2025-02-13T04:26:27.916+0000] {logging_mixin.py:190} INFO - [2025-02-13T04:26:27.915+0000] {dagbag.py:588} INFO - Filling up the DagBag from /home/airflow/.local/lib/python3.12/site-packages/airflow/example_dags/example_nested_branch_dag.py
[2025-02-13T04:26:27.928+0000] {processor.py:925} INFO - DAG(s) 'example_nested_branch_dag' retrieved from /home/airflow/.local/lib/python3.12/site-packages/airflow/example_dags/example_nested_branch_dag.py
[2025-02-13T04:26:27.949+0000] {logging_mixin.py:190} INFO - [2025-02-13T04:26:27.949+0000] {dag.py:3239} INFO - Sync 1 DAGs
[2025-02-13T04:26:27.977+0000] {logging_mixin.py:190} INFO - [2025-02-13T04:26:27.977+0000] {dag.py:4180} INFO - Setting next_dagrun for example_nested_branch_dag to 2025-02-12 00:00:00+00:00, run_after=2025-02-13 00:00:00+00:00
[2025-02-13T04:26:28.002+0000] {processor.py:208} INFO - Processing /home/airflow/.local/lib/python3.12/site-packages/airflow/example_dags/example_nested_branch_dag.py took 0.096 seconds
[2025-02-13T04:26:58.645+0000] {processor.py:186} INFO - Started process (PID=1582) to work on /home/airflow/.local/lib/python3.12/site-packages/airflow/example_dags/example_nested_branch_dag.py
[2025-02-13T04:26:58.646+0000] {processor.py:914} INFO - Processing file /home/airflow/.local/lib/python3.12/site-packages/airflow/example_dags/example_nested_branch_dag.py for tasks to queue
[2025-02-13T04:26:58.648+0000] {logging_mixin.py:190} INFO - [2025-02-13T04:26:58.647+0000] {dagbag.py:588} INFO - Filling up the DagBag from /home/airflow/.local/lib/python3.12/site-packages/airflow/example_dags/example_nested_branch_dag.py
[2025-02-13T04:26:58.658+0000] {processor.py:925} INFO - DAG(s) 'example_nested_branch_dag' retrieved from /home/airflow/.local/lib/python3.12/site-packages/airflow/example_dags/example_nested_branch_dag.py
[2025-02-13T04:26:58.679+0000] {logging_mixin.py:190} INFO - [2025-02-13T04:26:58.679+0000] {dag.py:3239} INFO - Sync 1 DAGs
[2025-02-13T04:26:58.703+0000] {logging_mixin.py:190} INFO - [2025-02-13T04:26:58.703+0000] {dag.py:4180} INFO - Setting next_dagrun for example_nested_branch_dag to 2025-02-12 00:00:00+00:00, run_after=2025-02-13 00:00:00+00:00
[2025-02-13T04:26:58.721+0000] {processor.py:208} INFO - Processing /home/airflow/.local/lib/python3.12/site-packages/airflow/example_dags/example_nested_branch_dag.py took 0.082 seconds
[2025-02-13T04:27:29.380+0000] {processor.py:186} INFO - Started process (PID=1647) to work on /home/airflow/.local/lib/python3.12/site-packages/airflow/example_dags/example_nested_branch_dag.py
[2025-02-13T04:27:29.381+0000] {processor.py:914} INFO - Processing file /home/airflow/.local/lib/python3.12/site-packages/airflow/example_dags/example_nested_branch_dag.py for tasks to queue
[2025-02-13T04:27:29.384+0000] {logging_mixin.py:190} INFO - [2025-02-13T04:27:29.383+0000] {dagbag.py:588} INFO - Filling up the DagBag from /home/airflow/.local/lib/python3.12/site-packages/airflow/example_dags/example_nested_branch_dag.py
[2025-02-13T04:27:29.398+0000] {processor.py:925} INFO - DAG(s) 'example_nested_branch_dag' retrieved from /home/airflow/.local/lib/python3.12/site-packages/airflow/example_dags/example_nested_branch_dag.py
[2025-02-13T04:27:29.426+0000] {logging_mixin.py:190} INFO - [2025-02-13T04:27:29.425+0000] {dag.py:3239} INFO - Sync 1 DAGs
[2025-02-13T04:27:29.452+0000] {logging_mixin.py:190} INFO - [2025-02-13T04:27:29.452+0000] {dag.py:4180} INFO - Setting next_dagrun for example_nested_branch_dag to 2025-02-12 00:00:00+00:00, run_after=2025-02-13 00:00:00+00:00
[2025-02-13T04:27:29.470+0000] {processor.py:208} INFO - Processing /home/airflow/.local/lib/python3.12/site-packages/airflow/example_dags/example_nested_branch_dag.py took 0.096 seconds
[2025-02-13T04:28:00.337+0000] {processor.py:186} INFO - Started process (PID=1713) to work on /home/airflow/.local/lib/python3.12/site-packages/airflow/example_dags/example_nested_branch_dag.py
[2025-02-13T04:28:00.338+0000] {processor.py:914} INFO - Processing file /home/airflow/.local/lib/python3.12/site-packages/airflow/example_dags/example_nested_branch_dag.py for tasks to queue
[2025-02-13T04:28:00.340+0000] {logging_mixin.py:190} INFO - [2025-02-13T04:28:00.340+0000] {dagbag.py:588} INFO - Filling up the DagBag from /home/airflow/.local/lib/python3.12/site-packages/airflow/example_dags/example_nested_branch_dag.py
[2025-02-13T04:28:00.353+0000] {processor.py:925} INFO - DAG(s) 'example_nested_branch_dag' retrieved from /home/airflow/.local/lib/python3.12/site-packages/airflow/example_dags/example_nested_branch_dag.py
[2025-02-13T04:28:00.373+0000] {logging_mixin.py:190} INFO - [2025-02-13T04:28:00.373+0000] {dag.py:3239} INFO - Sync 1 DAGs
[2025-02-13T04:28:00.397+0000] {logging_mixin.py:190} INFO - [2025-02-13T04:28:00.396+0000] {dag.py:4180} INFO - Setting next_dagrun for example_nested_branch_dag to 2025-02-12 00:00:00+00:00, run_after=2025-02-13 00:00:00+00:00
[2025-02-13T04:28:00.418+0000] {processor.py:208} INFO - Processing /home/airflow/.local/lib/python3.12/site-packages/airflow/example_dags/example_nested_branch_dag.py took 0.087 seconds
[2025-02-13T04:28:31.240+0000] {processor.py:186} INFO - Started process (PID=1780) to work on /home/airflow/.local/lib/python3.12/site-packages/airflow/example_dags/example_nested_branch_dag.py
[2025-02-13T04:28:31.241+0000] {processor.py:914} INFO - Processing file /home/airflow/.local/lib/python3.12/site-packages/airflow/example_dags/example_nested_branch_dag.py for tasks to queue
[2025-02-13T04:28:31.244+0000] {logging_mixin.py:190} INFO - [2025-02-13T04:28:31.244+0000] {dagbag.py:588} INFO - Filling up the DagBag from /home/airflow/.local/lib/python3.12/site-packages/airflow/example_dags/example_nested_branch_dag.py
[2025-02-13T04:28:31.261+0000] {processor.py:925} INFO - DAG(s) 'example_nested_branch_dag' retrieved from /home/airflow/.local/lib/python3.12/site-packages/airflow/example_dags/example_nested_branch_dag.py
[2025-02-13T04:28:31.293+0000] {logging_mixin.py:190} INFO - [2025-02-13T04:28:31.292+0000] {dag.py:3239} INFO - Sync 1 DAGs
[2025-02-13T04:28:31.327+0000] {logging_mixin.py:190} INFO - [2025-02-13T04:28:31.326+0000] {dag.py:4180} INFO - Setting next_dagrun for example_nested_branch_dag to 2025-02-12 00:00:00+00:00, run_after=2025-02-13 00:00:00+00:00
[2025-02-13T04:28:31.346+0000] {processor.py:208} INFO - Processing /home/airflow/.local/lib/python3.12/site-packages/airflow/example_dags/example_nested_branch_dag.py took 0.113 seconds
[2025-02-13T04:29:02.736+0000] {processor.py:186} INFO - Started process (PID=1847) to work on /home/airflow/.local/lib/python3.12/site-packages/airflow/example_dags/example_nested_branch_dag.py
[2025-02-13T04:29:02.737+0000] {processor.py:914} INFO - Processing file /home/airflow/.local/lib/python3.12/site-packages/airflow/example_dags/example_nested_branch_dag.py for tasks to queue
[2025-02-13T04:29:02.741+0000] {logging_mixin.py:190} INFO - [2025-02-13T04:29:02.740+0000] {dagbag.py:588} INFO - Filling up the DagBag from /home/airflow/.local/lib/python3.12/site-packages/airflow/example_dags/example_nested_branch_dag.py
[2025-02-13T04:29:02.755+0000] {processor.py:925} INFO - DAG(s) 'example_nested_branch_dag' retrieved from /home/airflow/.local/lib/python3.12/site-packages/airflow/example_dags/example_nested_branch_dag.py
[2025-02-13T04:29:02.782+0000] {logging_mixin.py:190} INFO - [2025-02-13T04:29:02.781+0000] {dag.py:3239} INFO - Sync 1 DAGs
[2025-02-13T04:29:02.809+0000] {logging_mixin.py:190} INFO - [2025-02-13T04:29:02.809+0000] {dag.py:4180} INFO - Setting next_dagrun for example_nested_branch_dag to 2025-02-12 00:00:00+00:00, run_after=2025-02-13 00:00:00+00:00
[2025-02-13T04:29:02.830+0000] {processor.py:208} INFO - Processing /home/airflow/.local/lib/python3.12/site-packages/airflow/example_dags/example_nested_branch_dag.py took 0.101 seconds
[2025-02-13T04:29:33.982+0000] {processor.py:186} INFO - Started process (PID=1913) to work on /home/airflow/.local/lib/python3.12/site-packages/airflow/example_dags/example_nested_branch_dag.py
[2025-02-13T04:29:33.983+0000] {processor.py:914} INFO - Processing file /home/airflow/.local/lib/python3.12/site-packages/airflow/example_dags/example_nested_branch_dag.py for tasks to queue
[2025-02-13T04:29:33.985+0000] {logging_mixin.py:190} INFO - [2025-02-13T04:29:33.985+0000] {dagbag.py:588} INFO - Filling up the DagBag from /home/airflow/.local/lib/python3.12/site-packages/airflow/example_dags/example_nested_branch_dag.py
[2025-02-13T04:29:33.997+0000] {processor.py:925} INFO - DAG(s) 'example_nested_branch_dag' retrieved from /home/airflow/.local/lib/python3.12/site-packages/airflow/example_dags/example_nested_branch_dag.py
[2025-02-13T04:29:34.023+0000] {logging_mixin.py:190} INFO - [2025-02-13T04:29:34.022+0000] {dag.py:3239} INFO - Sync 1 DAGs
[2025-02-13T04:29:34.048+0000] {logging_mixin.py:190} INFO - [2025-02-13T04:29:34.048+0000] {dag.py:4180} INFO - Setting next_dagrun for example_nested_branch_dag to 2025-02-12 00:00:00+00:00, run_after=2025-02-13 00:00:00+00:00
[2025-02-13T04:29:34.069+0000] {processor.py:208} INFO - Processing /home/airflow/.local/lib/python3.12/site-packages/airflow/example_dags/example_nested_branch_dag.py took 0.093 seconds
[2025-02-13T04:30:05.508+0000] {processor.py:186} INFO - Started process (PID=1979) to work on /home/airflow/.local/lib/python3.12/site-packages/airflow/example_dags/example_nested_branch_dag.py
[2025-02-13T04:30:05.509+0000] {processor.py:914} INFO - Processing file /home/airflow/.local/lib/python3.12/site-packages/airflow/example_dags/example_nested_branch_dag.py for tasks to queue
[2025-02-13T04:30:05.512+0000] {logging_mixin.py:190} INFO - [2025-02-13T04:30:05.511+0000] {dagbag.py:588} INFO - Filling up the DagBag from /home/airflow/.local/lib/python3.12/site-packages/airflow/example_dags/example_nested_branch_dag.py
[2025-02-13T04:30:05.527+0000] {processor.py:925} INFO - DAG(s) 'example_nested_branch_dag' retrieved from /home/airflow/.local/lib/python3.12/site-packages/airflow/example_dags/example_nested_branch_dag.py
[2025-02-13T04:30:05.563+0000] {logging_mixin.py:190} INFO - [2025-02-13T04:30:05.562+0000] {dag.py:3239} INFO - Sync 1 DAGs
[2025-02-13T04:30:05.605+0000] {logging_mixin.py:190} INFO - [2025-02-13T04:30:05.605+0000] {dag.py:4180} INFO - Setting next_dagrun for example_nested_branch_dag to 2025-02-12 00:00:00+00:00, run_after=2025-02-13 00:00:00+00:00
[2025-02-13T04:30:05.630+0000] {processor.py:208} INFO - Processing /home/airflow/.local/lib/python3.12/site-packages/airflow/example_dags/example_nested_branch_dag.py took 0.129 seconds
[2025-02-13T04:30:36.236+0000] {processor.py:186} INFO - Started process (PID=2045) to work on /home/airflow/.local/lib/python3.12/site-packages/airflow/example_dags/example_nested_branch_dag.py
[2025-02-13T04:30:36.237+0000] {processor.py:914} INFO - Processing file /home/airflow/.local/lib/python3.12/site-packages/airflow/example_dags/example_nested_branch_dag.py for tasks to queue
[2025-02-13T04:30:36.240+0000] {logging_mixin.py:190} INFO - [2025-02-13T04:30:36.239+0000] {dagbag.py:588} INFO - Filling up the DagBag from /home/airflow/.local/lib/python3.12/site-packages/airflow/example_dags/example_nested_branch_dag.py
[2025-02-13T04:30:36.254+0000] {processor.py:925} INFO - DAG(s) 'example_nested_branch_dag' retrieved from /home/airflow/.local/lib/python3.12/site-packages/airflow/example_dags/example_nested_branch_dag.py
[2025-02-13T04:30:36.280+0000] {logging_mixin.py:190} INFO - [2025-02-13T04:30:36.279+0000] {dag.py:3239} INFO - Sync 1 DAGs
[2025-02-13T04:30:36.311+0000] {logging_mixin.py:190} INFO - [2025-02-13T04:30:36.311+0000] {dag.py:4180} INFO - Setting next_dagrun for example_nested_branch_dag to 2025-02-12 00:00:00+00:00, run_after=2025-02-13 00:00:00+00:00
[2025-02-13T04:30:36.332+0000] {processor.py:208} INFO - Processing /home/airflow/.local/lib/python3.12/site-packages/airflow/example_dags/example_nested_branch_dag.py took 0.102 seconds
[2025-02-13T04:31:06.892+0000] {processor.py:186} INFO - Started process (PID=2110) to work on /home/airflow/.local/lib/python3.12/site-packages/airflow/example_dags/example_nested_branch_dag.py
[2025-02-13T04:31:06.893+0000] {processor.py:914} INFO - Processing file /home/airflow/.local/lib/python3.12/site-packages/airflow/example_dags/example_nested_branch_dag.py for tasks to queue
[2025-02-13T04:31:06.896+0000] {logging_mixin.py:190} INFO - [2025-02-13T04:31:06.895+0000] {dagbag.py:588} INFO - Filling up the DagBag from /home/airflow/.local/lib/python3.12/site-packages/airflow/example_dags/example_nested_branch_dag.py
[2025-02-13T04:31:06.909+0000] {processor.py:925} INFO - DAG(s) 'example_nested_branch_dag' retrieved from /home/airflow/.local/lib/python3.12/site-packages/airflow/example_dags/example_nested_branch_dag.py
[2025-02-13T04:31:06.931+0000] {logging_mixin.py:190} INFO - [2025-02-13T04:31:06.931+0000] {dag.py:3239} INFO - Sync 1 DAGs
[2025-02-13T04:31:06.955+0000] {logging_mixin.py:190} INFO - [2025-02-13T04:31:06.955+0000] {dag.py:4180} INFO - Setting next_dagrun for example_nested_branch_dag to 2025-02-12 00:00:00+00:00, run_after=2025-02-13 00:00:00+00:00
[2025-02-13T04:31:06.975+0000] {processor.py:208} INFO - Processing /home/airflow/.local/lib/python3.12/site-packages/airflow/example_dags/example_nested_branch_dag.py took 0.089 seconds
[2025-02-13T04:31:38.576+0000] {processor.py:186} INFO - Started process (PID=2176) to work on /home/airflow/.local/lib/python3.12/site-packages/airflow/example_dags/example_nested_branch_dag.py
[2025-02-13T04:31:38.577+0000] {processor.py:914} INFO - Processing file /home/airflow/.local/lib/python3.12/site-packages/airflow/example_dags/example_nested_branch_dag.py for tasks to queue
[2025-02-13T04:31:38.580+0000] {logging_mixin.py:190} INFO - [2025-02-13T04:31:38.579+0000] {dagbag.py:588} INFO - Filling up the DagBag from /home/airflow/.local/lib/python3.12/site-packages/airflow/example_dags/example_nested_branch_dag.py
[2025-02-13T04:31:38.593+0000] {processor.py:925} INFO - DAG(s) 'example_nested_branch_dag' retrieved from /home/airflow/.local/lib/python3.12/site-packages/airflow/example_dags/example_nested_branch_dag.py
[2025-02-13T04:31:38.613+0000] {logging_mixin.py:190} INFO - [2025-02-13T04:31:38.613+0000] {dag.py:3239} INFO - Sync 1 DAGs
[2025-02-13T04:31:38.635+0000] {logging_mixin.py:190} INFO - [2025-02-13T04:31:38.634+0000] {dag.py:4180} INFO - Setting next_dagrun for example_nested_branch_dag to 2025-02-12 00:00:00+00:00, run_after=2025-02-13 00:00:00+00:00
[2025-02-13T04:31:38.652+0000] {processor.py:208} INFO - Processing /home/airflow/.local/lib/python3.12/site-packages/airflow/example_dags/example_nested_branch_dag.py took 0.083 seconds
[2025-02-13T04:32:12.150+0000] {processor.py:186} INFO - Started process (PID=2243) to work on /home/airflow/.local/lib/python3.12/site-packages/airflow/example_dags/example_nested_branch_dag.py
[2025-02-13T04:32:12.151+0000] {processor.py:914} INFO - Processing file /home/airflow/.local/lib/python3.12/site-packages/airflow/example_dags/example_nested_branch_dag.py for tasks to queue
[2025-02-13T04:32:12.153+0000] {logging_mixin.py:190} INFO - [2025-02-13T04:32:12.152+0000] {dagbag.py:588} INFO - Filling up the DagBag from /home/airflow/.local/lib/python3.12/site-packages/airflow/example_dags/example_nested_branch_dag.py
[2025-02-13T04:32:12.165+0000] {processor.py:925} INFO - DAG(s) 'example_nested_branch_dag' retrieved from /home/airflow/.local/lib/python3.12/site-packages/airflow/example_dags/example_nested_branch_dag.py
[2025-02-13T04:32:12.382+0000] {logging_mixin.py:190} INFO - [2025-02-13T04:32:12.381+0000] {dag.py:3239} INFO - Sync 1 DAGs
[2025-02-13T04:32:12.401+0000] {logging_mixin.py:190} INFO - [2025-02-13T04:32:12.401+0000] {dag.py:4180} INFO - Setting next_dagrun for example_nested_branch_dag to 2025-02-12 00:00:00+00:00, run_after=2025-02-13 00:00:00+00:00
[2025-02-13T04:32:12.418+0000] {processor.py:208} INFO - Processing /home/airflow/.local/lib/python3.12/site-packages/airflow/example_dags/example_nested_branch_dag.py took 0.275 seconds
[2025-02-13T04:32:43.507+0000] {processor.py:186} INFO - Started process (PID=2309) to work on /home/airflow/.local/lib/python3.12/site-packages/airflow/example_dags/example_nested_branch_dag.py
[2025-02-13T04:32:43.508+0000] {processor.py:914} INFO - Processing file /home/airflow/.local/lib/python3.12/site-packages/airflow/example_dags/example_nested_branch_dag.py for tasks to queue
[2025-02-13T04:32:43.509+0000] {logging_mixin.py:190} INFO - [2025-02-13T04:32:43.509+0000] {dagbag.py:588} INFO - Filling up the DagBag from /home/airflow/.local/lib/python3.12/site-packages/airflow/example_dags/example_nested_branch_dag.py
[2025-02-13T04:32:43.520+0000] {processor.py:925} INFO - DAG(s) 'example_nested_branch_dag' retrieved from /home/airflow/.local/lib/python3.12/site-packages/airflow/example_dags/example_nested_branch_dag.py
[2025-02-13T04:32:43.539+0000] {logging_mixin.py:190} INFO - [2025-02-13T04:32:43.539+0000] {dag.py:3239} INFO - Sync 1 DAGs
[2025-02-13T04:32:43.747+0000] {logging_mixin.py:190} INFO - [2025-02-13T04:32:43.746+0000] {dag.py:4180} INFO - Setting next_dagrun for example_nested_branch_dag to 2025-02-12 00:00:00+00:00, run_after=2025-02-13 00:00:00+00:00
[2025-02-13T04:32:43.762+0000] {processor.py:208} INFO - Processing /home/airflow/.local/lib/python3.12/site-packages/airflow/example_dags/example_nested_branch_dag.py took 0.260 seconds
[2025-02-13T04:33:13.969+0000] {processor.py:186} INFO - Started process (PID=2375) to work on /home/airflow/.local/lib/python3.12/site-packages/airflow/example_dags/example_nested_branch_dag.py
[2025-02-13T04:33:13.970+0000] {processor.py:914} INFO - Processing file /home/airflow/.local/lib/python3.12/site-packages/airflow/example_dags/example_nested_branch_dag.py for tasks to queue
[2025-02-13T04:33:13.972+0000] {logging_mixin.py:190} INFO - [2025-02-13T04:33:13.972+0000] {dagbag.py:588} INFO - Filling up the DagBag from /home/airflow/.local/lib/python3.12/site-packages/airflow/example_dags/example_nested_branch_dag.py
[2025-02-13T04:33:13.985+0000] {processor.py:925} INFO - DAG(s) 'example_nested_branch_dag' retrieved from /home/airflow/.local/lib/python3.12/site-packages/airflow/example_dags/example_nested_branch_dag.py
[2025-02-13T04:33:14.010+0000] {logging_mixin.py:190} INFO - [2025-02-13T04:33:14.009+0000] {dag.py:3239} INFO - Sync 1 DAGs
[2025-02-13T04:33:14.042+0000] {logging_mixin.py:190} INFO - [2025-02-13T04:33:14.042+0000] {dag.py:4180} INFO - Setting next_dagrun for example_nested_branch_dag to 2025-02-12 00:00:00+00:00, run_after=2025-02-13 00:00:00+00:00
[2025-02-13T04:33:14.074+0000] {processor.py:208} INFO - Processing /home/airflow/.local/lib/python3.12/site-packages/airflow/example_dags/example_nested_branch_dag.py took 0.112 seconds
[2025-02-13T04:33:44.860+0000] {processor.py:186} INFO - Started process (PID=2441) to work on /home/airflow/.local/lib/python3.12/site-packages/airflow/example_dags/example_nested_branch_dag.py
[2025-02-13T04:33:44.860+0000] {processor.py:914} INFO - Processing file /home/airflow/.local/lib/python3.12/site-packages/airflow/example_dags/example_nested_branch_dag.py for tasks to queue
[2025-02-13T04:33:44.862+0000] {logging_mixin.py:190} INFO - [2025-02-13T04:33:44.862+0000] {dagbag.py:588} INFO - Filling up the DagBag from /home/airflow/.local/lib/python3.12/site-packages/airflow/example_dags/example_nested_branch_dag.py
[2025-02-13T04:33:44.873+0000] {processor.py:925} INFO - DAG(s) 'example_nested_branch_dag' retrieved from /home/airflow/.local/lib/python3.12/site-packages/airflow/example_dags/example_nested_branch_dag.py
[2025-02-13T04:33:44.892+0000] {logging_mixin.py:190} INFO - [2025-02-13T04:33:44.892+0000] {dag.py:3239} INFO - Sync 1 DAGs
[2025-02-13T04:33:44.915+0000] {logging_mixin.py:190} INFO - [2025-02-13T04:33:44.915+0000] {dag.py:4180} INFO - Setting next_dagrun for example_nested_branch_dag to 2025-02-12 00:00:00+00:00, run_after=2025-02-13 00:00:00+00:00
[2025-02-13T04:33:44.934+0000] {processor.py:208} INFO - Processing /home/airflow/.local/lib/python3.12/site-packages/airflow/example_dags/example_nested_branch_dag.py took 0.081 seconds
[2025-02-13T04:34:15.025+0000] {processor.py:186} INFO - Started process (PID=2507) to work on /home/airflow/.local/lib/python3.12/site-packages/airflow/example_dags/example_nested_branch_dag.py
[2025-02-13T04:34:15.026+0000] {processor.py:914} INFO - Processing file /home/airflow/.local/lib/python3.12/site-packages/airflow/example_dags/example_nested_branch_dag.py for tasks to queue
[2025-02-13T04:34:15.029+0000] {logging_mixin.py:190} INFO - [2025-02-13T04:34:15.028+0000] {dagbag.py:588} INFO - Filling up the DagBag from /home/airflow/.local/lib/python3.12/site-packages/airflow/example_dags/example_nested_branch_dag.py
[2025-02-13T04:34:15.040+0000] {processor.py:925} INFO - DAG(s) 'example_nested_branch_dag' retrieved from /home/airflow/.local/lib/python3.12/site-packages/airflow/example_dags/example_nested_branch_dag.py
[2025-02-13T04:34:15.061+0000] {logging_mixin.py:190} INFO - [2025-02-13T04:34:15.061+0000] {dag.py:3239} INFO - Sync 1 DAGs
[2025-02-13T04:34:15.083+0000] {logging_mixin.py:190} INFO - [2025-02-13T04:34:15.083+0000] {dag.py:4180} INFO - Setting next_dagrun for example_nested_branch_dag to 2025-02-12 00:00:00+00:00, run_after=2025-02-13 00:00:00+00:00
[2025-02-13T04:34:15.102+0000] {processor.py:208} INFO - Processing /home/airflow/.local/lib/python3.12/site-packages/airflow/example_dags/example_nested_branch_dag.py took 0.082 seconds
[2025-02-13T04:34:45.220+0000] {processor.py:186} INFO - Started process (PID=2572) to work on /home/airflow/.local/lib/python3.12/site-packages/airflow/example_dags/example_nested_branch_dag.py
[2025-02-13T04:34:45.221+0000] {processor.py:914} INFO - Processing file /home/airflow/.local/lib/python3.12/site-packages/airflow/example_dags/example_nested_branch_dag.py for tasks to queue
[2025-02-13T04:34:45.223+0000] {logging_mixin.py:190} INFO - [2025-02-13T04:34:45.223+0000] {dagbag.py:588} INFO - Filling up the DagBag from /home/airflow/.local/lib/python3.12/site-packages/airflow/example_dags/example_nested_branch_dag.py
[2025-02-13T04:34:45.234+0000] {processor.py:925} INFO - DAG(s) 'example_nested_branch_dag' retrieved from /home/airflow/.local/lib/python3.12/site-packages/airflow/example_dags/example_nested_branch_dag.py
[2025-02-13T04:34:45.257+0000] {logging_mixin.py:190} INFO - [2025-02-13T04:34:45.256+0000] {dag.py:3239} INFO - Sync 1 DAGs
[2025-02-13T04:34:45.281+0000] {logging_mixin.py:190} INFO - [2025-02-13T04:34:45.280+0000] {dag.py:4180} INFO - Setting next_dagrun for example_nested_branch_dag to 2025-02-12 00:00:00+00:00, run_after=2025-02-13 00:00:00+00:00
[2025-02-13T04:34:45.299+0000] {processor.py:208} INFO - Processing /home/airflow/.local/lib/python3.12/site-packages/airflow/example_dags/example_nested_branch_dag.py took 0.085 seconds
[2025-02-13T04:35:15.560+0000] {processor.py:186} INFO - Started process (PID=2638) to work on /home/airflow/.local/lib/python3.12/site-packages/airflow/example_dags/example_nested_branch_dag.py
[2025-02-13T04:35:15.561+0000] {processor.py:914} INFO - Processing file /home/airflow/.local/lib/python3.12/site-packages/airflow/example_dags/example_nested_branch_dag.py for tasks to queue
[2025-02-13T04:35:15.563+0000] {logging_mixin.py:190} INFO - [2025-02-13T04:35:15.563+0000] {dagbag.py:588} INFO - Filling up the DagBag from /home/airflow/.local/lib/python3.12/site-packages/airflow/example_dags/example_nested_branch_dag.py
[2025-02-13T04:35:15.576+0000] {processor.py:925} INFO - DAG(s) 'example_nested_branch_dag' retrieved from /home/airflow/.local/lib/python3.12/site-packages/airflow/example_dags/example_nested_branch_dag.py
[2025-02-13T04:35:15.598+0000] {logging_mixin.py:190} INFO - [2025-02-13T04:35:15.598+0000] {dag.py:3239} INFO - Sync 1 DAGs
[2025-02-13T04:35:15.622+0000] {logging_mixin.py:190} INFO - [2025-02-13T04:35:15.622+0000] {dag.py:4180} INFO - Setting next_dagrun for example_nested_branch_dag to 2025-02-12 00:00:00+00:00, run_after=2025-02-13 00:00:00+00:00
[2025-02-13T04:35:15.641+0000] {processor.py:208} INFO - Processing /home/airflow/.local/lib/python3.12/site-packages/airflow/example_dags/example_nested_branch_dag.py took 0.088 seconds
[2025-02-13T04:35:45.895+0000] {processor.py:186} INFO - Started process (PID=2704) to work on /home/airflow/.local/lib/python3.12/site-packages/airflow/example_dags/example_nested_branch_dag.py
[2025-02-13T04:35:45.896+0000] {processor.py:914} INFO - Processing file /home/airflow/.local/lib/python3.12/site-packages/airflow/example_dags/example_nested_branch_dag.py for tasks to queue
[2025-02-13T04:35:45.898+0000] {logging_mixin.py:190} INFO - [2025-02-13T04:35:45.897+0000] {dagbag.py:588} INFO - Filling up the DagBag from /home/airflow/.local/lib/python3.12/site-packages/airflow/example_dags/example_nested_branch_dag.py
[2025-02-13T04:35:45.912+0000] {processor.py:925} INFO - DAG(s) 'example_nested_branch_dag' retrieved from /home/airflow/.local/lib/python3.12/site-packages/airflow/example_dags/example_nested_branch_dag.py
[2025-02-13T04:35:45.935+0000] {logging_mixin.py:190} INFO - [2025-02-13T04:35:45.934+0000] {dag.py:3239} INFO - Sync 1 DAGs
[2025-02-13T04:35:45.961+0000] {logging_mixin.py:190} INFO - [2025-02-13T04:35:45.960+0000] {dag.py:4180} INFO - Setting next_dagrun for example_nested_branch_dag to 2025-02-12 00:00:00+00:00, run_after=2025-02-13 00:00:00+00:00
[2025-02-13T04:35:45.981+0000] {processor.py:208} INFO - Processing /home/airflow/.local/lib/python3.12/site-packages/airflow/example_dags/example_nested_branch_dag.py took 0.093 seconds
[2025-02-13T04:36:16.621+0000] {processor.py:186} INFO - Started process (PID=2770) to work on /home/airflow/.local/lib/python3.12/site-packages/airflow/example_dags/example_nested_branch_dag.py
[2025-02-13T04:36:16.622+0000] {processor.py:914} INFO - Processing file /home/airflow/.local/lib/python3.12/site-packages/airflow/example_dags/example_nested_branch_dag.py for tasks to queue
[2025-02-13T04:36:16.625+0000] {logging_mixin.py:190} INFO - [2025-02-13T04:36:16.625+0000] {dagbag.py:588} INFO - Filling up the DagBag from /home/airflow/.local/lib/python3.12/site-packages/airflow/example_dags/example_nested_branch_dag.py
[2025-02-13T04:36:16.641+0000] {processor.py:925} INFO - DAG(s) 'example_nested_branch_dag' retrieved from /home/airflow/.local/lib/python3.12/site-packages/airflow/example_dags/example_nested_branch_dag.py
[2025-02-13T04:36:16.672+0000] {logging_mixin.py:190} INFO - [2025-02-13T04:36:16.672+0000] {dag.py:3239} INFO - Sync 1 DAGs
[2025-02-13T04:36:16.703+0000] {logging_mixin.py:190} INFO - [2025-02-13T04:36:16.703+0000] {dag.py:4180} INFO - Setting next_dagrun for example_nested_branch_dag to 2025-02-12 00:00:00+00:00, run_after=2025-02-13 00:00:00+00:00
[2025-02-13T04:36:16.725+0000] {processor.py:208} INFO - Processing /home/airflow/.local/lib/python3.12/site-packages/airflow/example_dags/example_nested_branch_dag.py took 0.113 seconds
[2025-02-13T04:36:47.266+0000] {processor.py:186} INFO - Started process (PID=2836) to work on /home/airflow/.local/lib/python3.12/site-packages/airflow/example_dags/example_nested_branch_dag.py
[2025-02-13T04:36:47.266+0000] {processor.py:914} INFO - Processing file /home/airflow/.local/lib/python3.12/site-packages/airflow/example_dags/example_nested_branch_dag.py for tasks to queue
[2025-02-13T04:36:47.269+0000] {logging_mixin.py:190} INFO - [2025-02-13T04:36:47.268+0000] {dagbag.py:588} INFO - Filling up the DagBag from /home/airflow/.local/lib/python3.12/site-packages/airflow/example_dags/example_nested_branch_dag.py
[2025-02-13T04:36:47.280+0000] {processor.py:925} INFO - DAG(s) 'example_nested_branch_dag' retrieved from /home/airflow/.local/lib/python3.12/site-packages/airflow/example_dags/example_nested_branch_dag.py
[2025-02-13T04:36:47.305+0000] {logging_mixin.py:190} INFO - [2025-02-13T04:36:47.305+0000] {dag.py:3239} INFO - Sync 1 DAGs
[2025-02-13T04:36:47.333+0000] {logging_mixin.py:190} INFO - [2025-02-13T04:36:47.333+0000] {dag.py:4180} INFO - Setting next_dagrun for example_nested_branch_dag to 2025-02-12 00:00:00+00:00, run_after=2025-02-13 00:00:00+00:00
[2025-02-13T04:36:47.357+0000] {processor.py:208} INFO - Processing /home/airflow/.local/lib/python3.12/site-packages/airflow/example_dags/example_nested_branch_dag.py took 0.098 seconds
