[2025-02-13T04:15:33.618+0000] {processor.py:186} INFO - Started process (PID=114) to work on /home/airflow/.local/lib/python3.12/site-packages/airflow/example_dags/example_bash_operator.py
[2025-02-13T04:15:33.619+0000] {processor.py:914} INFO - Processing file /home/airflow/.local/lib/python3.12/site-packages/airflow/example_dags/example_bash_operator.py for tasks to queue
[2025-02-13T04:15:33.623+0000] {logging_mixin.py:190} INFO - [2025-02-13T04:15:33.622+0000] {dagbag.py:588} INFO - Filling up the DagBag from /home/airflow/.local/lib/python3.12/site-packages/airflow/example_dags/example_bash_operator.py
[2025-02-13T04:15:33.642+0000] {processor.py:925} INFO - DAG(s) 'example_bash_operator' retrieved from /home/airflow/.local/lib/python3.12/site-packages/airflow/example_dags/example_bash_operator.py
[2025-02-13T04:15:33.678+0000] {logging_mixin.py:190} INFO - [2025-02-13T04:15:33.678+0000] {dag.py:3239} INFO - Sync 1 DAGs
[2025-02-13T04:15:33.711+0000] {logging_mixin.py:190} INFO - [2025-02-13T04:15:33.711+0000] {dag.py:4180} INFO - Setting next_dagrun for example_bash_operator to 2025-02-12 00:00:00+00:00, run_after=2025-02-13 00:00:00+00:00
[2025-02-13T04:15:33.738+0000] {processor.py:208} INFO - Processing /home/airflow/.local/lib/python3.12/site-packages/airflow/example_dags/example_bash_operator.py took 0.127 seconds
[2025-02-13T04:16:04.039+0000] {processor.py:186} INFO - Started process (PID=180) to work on /home/airflow/.local/lib/python3.12/site-packages/airflow/example_dags/example_bash_operator.py
[2025-02-13T04:16:04.040+0000] {processor.py:914} INFO - Processing file /home/airflow/.local/lib/python3.12/site-packages/airflow/example_dags/example_bash_operator.py for tasks to queue
[2025-02-13T04:16:04.043+0000] {logging_mixin.py:190} INFO - [2025-02-13T04:16:04.042+0000] {dagbag.py:588} INFO - Filling up the DagBag from /home/airflow/.local/lib/python3.12/site-packages/airflow/example_dags/example_bash_operator.py
[2025-02-13T04:16:04.058+0000] {processor.py:925} INFO - DAG(s) 'example_bash_operator' retrieved from /home/airflow/.local/lib/python3.12/site-packages/airflow/example_dags/example_bash_operator.py
[2025-02-13T04:16:04.087+0000] {logging_mixin.py:190} INFO - [2025-02-13T04:16:04.086+0000] {dag.py:3239} INFO - Sync 1 DAGs
[2025-02-13T04:16:04.110+0000] {logging_mixin.py:190} INFO - [2025-02-13T04:16:04.110+0000] {dag.py:4180} INFO - Setting next_dagrun for example_bash_operator to 2025-02-12 00:00:00+00:00, run_after=2025-02-13 00:00:00+00:00
[2025-02-13T04:16:04.127+0000] {processor.py:208} INFO - Processing /home/airflow/.local/lib/python3.12/site-packages/airflow/example_dags/example_bash_operator.py took 0.094 seconds
[2025-02-13T04:16:34.756+0000] {processor.py:186} INFO - Started process (PID=246) to work on /home/airflow/.local/lib/python3.12/site-packages/airflow/example_dags/example_bash_operator.py
[2025-02-13T04:16:34.757+0000] {processor.py:914} INFO - Processing file /home/airflow/.local/lib/python3.12/site-packages/airflow/example_dags/example_bash_operator.py for tasks to queue
[2025-02-13T04:16:34.759+0000] {logging_mixin.py:190} INFO - [2025-02-13T04:16:34.759+0000] {dagbag.py:588} INFO - Filling up the DagBag from /home/airflow/.local/lib/python3.12/site-packages/airflow/example_dags/example_bash_operator.py
[2025-02-13T04:16:34.771+0000] {processor.py:925} INFO - DAG(s) 'example_bash_operator' retrieved from /home/airflow/.local/lib/python3.12/site-packages/airflow/example_dags/example_bash_operator.py
[2025-02-13T04:16:34.800+0000] {logging_mixin.py:190} INFO - [2025-02-13T04:16:34.800+0000] {dag.py:3239} INFO - Sync 1 DAGs
[2025-02-13T04:16:34.823+0000] {logging_mixin.py:190} INFO - [2025-02-13T04:16:34.823+0000] {dag.py:4180} INFO - Setting next_dagrun for example_bash_operator to 2025-02-12 00:00:00+00:00, run_after=2025-02-13 00:00:00+00:00
[2025-02-13T04:16:34.842+0000] {processor.py:208} INFO - Processing /home/airflow/.local/lib/python3.12/site-packages/airflow/example_dags/example_bash_operator.py took 0.092 seconds
[2025-02-13T04:17:06.251+0000] {processor.py:186} INFO - Started process (PID=312) to work on /home/airflow/.local/lib/python3.12/site-packages/airflow/example_dags/example_bash_operator.py
[2025-02-13T04:17:06.252+0000] {processor.py:914} INFO - Processing file /home/airflow/.local/lib/python3.12/site-packages/airflow/example_dags/example_bash_operator.py for tasks to queue
[2025-02-13T04:17:06.255+0000] {logging_mixin.py:190} INFO - [2025-02-13T04:17:06.255+0000] {dagbag.py:588} INFO - Filling up the DagBag from /home/airflow/.local/lib/python3.12/site-packages/airflow/example_dags/example_bash_operator.py
[2025-02-13T04:17:06.270+0000] {processor.py:925} INFO - DAG(s) 'example_bash_operator' retrieved from /home/airflow/.local/lib/python3.12/site-packages/airflow/example_dags/example_bash_operator.py
[2025-02-13T04:17:06.298+0000] {logging_mixin.py:190} INFO - [2025-02-13T04:17:06.297+0000] {dag.py:3239} INFO - Sync 1 DAGs
[2025-02-13T04:17:06.321+0000] {logging_mixin.py:190} INFO - [2025-02-13T04:17:06.320+0000] {dag.py:4180} INFO - Setting next_dagrun for example_bash_operator to 2025-02-12 00:00:00+00:00, run_after=2025-02-13 00:00:00+00:00
[2025-02-13T04:17:06.338+0000] {processor.py:208} INFO - Processing /home/airflow/.local/lib/python3.12/site-packages/airflow/example_dags/example_bash_operator.py took 0.094 seconds
[2025-02-13T04:17:37.776+0000] {processor.py:186} INFO - Started process (PID=378) to work on /home/airflow/.local/lib/python3.12/site-packages/airflow/example_dags/example_bash_operator.py
[2025-02-13T04:17:37.777+0000] {processor.py:914} INFO - Processing file /home/airflow/.local/lib/python3.12/site-packages/airflow/example_dags/example_bash_operator.py for tasks to queue
[2025-02-13T04:17:37.780+0000] {logging_mixin.py:190} INFO - [2025-02-13T04:17:37.779+0000] {dagbag.py:588} INFO - Filling up the DagBag from /home/airflow/.local/lib/python3.12/site-packages/airflow/example_dags/example_bash_operator.py
[2025-02-13T04:17:37.796+0000] {processor.py:925} INFO - DAG(s) 'example_bash_operator' retrieved from /home/airflow/.local/lib/python3.12/site-packages/airflow/example_dags/example_bash_operator.py
[2025-02-13T04:17:37.829+0000] {logging_mixin.py:190} INFO - [2025-02-13T04:17:37.828+0000] {dag.py:3239} INFO - Sync 1 DAGs
[2025-02-13T04:17:37.857+0000] {logging_mixin.py:190} INFO - [2025-02-13T04:17:37.857+0000] {dag.py:4180} INFO - Setting next_dagrun for example_bash_operator to 2025-02-12 00:00:00+00:00, run_after=2025-02-13 00:00:00+00:00
[2025-02-13T04:17:37.877+0000] {processor.py:208} INFO - Processing /home/airflow/.local/lib/python3.12/site-packages/airflow/example_dags/example_bash_operator.py took 0.107 seconds
[2025-02-13T04:18:09.066+0000] {processor.py:186} INFO - Started process (PID=444) to work on /home/airflow/.local/lib/python3.12/site-packages/airflow/example_dags/example_bash_operator.py
[2025-02-13T04:18:09.067+0000] {processor.py:914} INFO - Processing file /home/airflow/.local/lib/python3.12/site-packages/airflow/example_dags/example_bash_operator.py for tasks to queue
[2025-02-13T04:18:09.070+0000] {logging_mixin.py:190} INFO - [2025-02-13T04:18:09.070+0000] {dagbag.py:588} INFO - Filling up the DagBag from /home/airflow/.local/lib/python3.12/site-packages/airflow/example_dags/example_bash_operator.py
[2025-02-13T04:18:09.084+0000] {processor.py:925} INFO - DAG(s) 'example_bash_operator' retrieved from /home/airflow/.local/lib/python3.12/site-packages/airflow/example_dags/example_bash_operator.py
[2025-02-13T04:18:09.116+0000] {logging_mixin.py:190} INFO - [2025-02-13T04:18:09.115+0000] {dag.py:3239} INFO - Sync 1 DAGs
[2025-02-13T04:18:09.146+0000] {logging_mixin.py:190} INFO - [2025-02-13T04:18:09.146+0000] {dag.py:4180} INFO - Setting next_dagrun for example_bash_operator to 2025-02-12 00:00:00+00:00, run_after=2025-02-13 00:00:00+00:00
[2025-02-13T04:18:09.167+0000] {processor.py:208} INFO - Processing /home/airflow/.local/lib/python3.12/site-packages/airflow/example_dags/example_bash_operator.py took 0.108 seconds
[2025-02-13T04:18:40.315+0000] {processor.py:186} INFO - Started process (PID=510) to work on /home/airflow/.local/lib/python3.12/site-packages/airflow/example_dags/example_bash_operator.py
[2025-02-13T04:18:40.316+0000] {processor.py:914} INFO - Processing file /home/airflow/.local/lib/python3.12/site-packages/airflow/example_dags/example_bash_operator.py for tasks to queue
[2025-02-13T04:18:40.319+0000] {logging_mixin.py:190} INFO - [2025-02-13T04:18:40.318+0000] {dagbag.py:588} INFO - Filling up the DagBag from /home/airflow/.local/lib/python3.12/site-packages/airflow/example_dags/example_bash_operator.py
[2025-02-13T04:18:40.333+0000] {processor.py:925} INFO - DAG(s) 'example_bash_operator' retrieved from /home/airflow/.local/lib/python3.12/site-packages/airflow/example_dags/example_bash_operator.py
[2025-02-13T04:18:40.366+0000] {logging_mixin.py:190} INFO - [2025-02-13T04:18:40.366+0000] {dag.py:3239} INFO - Sync 1 DAGs
[2025-02-13T04:18:40.393+0000] {logging_mixin.py:190} INFO - [2025-02-13T04:18:40.392+0000] {dag.py:4180} INFO - Setting next_dagrun for example_bash_operator to 2025-02-12 00:00:00+00:00, run_after=2025-02-13 00:00:00+00:00
[2025-02-13T04:18:40.415+0000] {processor.py:208} INFO - Processing /home/airflow/.local/lib/python3.12/site-packages/airflow/example_dags/example_bash_operator.py took 0.107 seconds
[2025-02-13T04:19:11.433+0000] {processor.py:186} INFO - Started process (PID=576) to work on /home/airflow/.local/lib/python3.12/site-packages/airflow/example_dags/example_bash_operator.py
[2025-02-13T04:19:11.434+0000] {processor.py:914} INFO - Processing file /home/airflow/.local/lib/python3.12/site-packages/airflow/example_dags/example_bash_operator.py for tasks to queue
[2025-02-13T04:19:11.436+0000] {logging_mixin.py:190} INFO - [2025-02-13T04:19:11.436+0000] {dagbag.py:588} INFO - Filling up the DagBag from /home/airflow/.local/lib/python3.12/site-packages/airflow/example_dags/example_bash_operator.py
[2025-02-13T04:19:11.448+0000] {processor.py:925} INFO - DAG(s) 'example_bash_operator' retrieved from /home/airflow/.local/lib/python3.12/site-packages/airflow/example_dags/example_bash_operator.py
[2025-02-13T04:19:11.474+0000] {logging_mixin.py:190} INFO - [2025-02-13T04:19:11.474+0000] {dag.py:3239} INFO - Sync 1 DAGs
[2025-02-13T04:19:11.498+0000] {logging_mixin.py:190} INFO - [2025-02-13T04:19:11.498+0000] {dag.py:4180} INFO - Setting next_dagrun for example_bash_operator to 2025-02-12 00:00:00+00:00, run_after=2025-02-13 00:00:00+00:00
[2025-02-13T04:19:11.518+0000] {processor.py:208} INFO - Processing /home/airflow/.local/lib/python3.12/site-packages/airflow/example_dags/example_bash_operator.py took 0.091 seconds
[2025-02-13T04:19:42.851+0000] {processor.py:186} INFO - Started process (PID=642) to work on /home/airflow/.local/lib/python3.12/site-packages/airflow/example_dags/example_bash_operator.py
[2025-02-13T04:19:42.852+0000] {processor.py:914} INFO - Processing file /home/airflow/.local/lib/python3.12/site-packages/airflow/example_dags/example_bash_operator.py for tasks to queue
[2025-02-13T04:19:42.856+0000] {logging_mixin.py:190} INFO - [2025-02-13T04:19:42.855+0000] {dagbag.py:588} INFO - Filling up the DagBag from /home/airflow/.local/lib/python3.12/site-packages/airflow/example_dags/example_bash_operator.py
[2025-02-13T04:19:42.871+0000] {processor.py:925} INFO - DAG(s) 'example_bash_operator' retrieved from /home/airflow/.local/lib/python3.12/site-packages/airflow/example_dags/example_bash_operator.py
[2025-02-13T04:19:42.898+0000] {logging_mixin.py:190} INFO - [2025-02-13T04:19:42.898+0000] {dag.py:3239} INFO - Sync 1 DAGs
[2025-02-13T04:19:42.925+0000] {logging_mixin.py:190} INFO - [2025-02-13T04:19:42.924+0000] {dag.py:4180} INFO - Setting next_dagrun for example_bash_operator to 2025-02-12 00:00:00+00:00, run_after=2025-02-13 00:00:00+00:00
[2025-02-13T04:19:42.944+0000] {processor.py:208} INFO - Processing /home/airflow/.local/lib/python3.12/site-packages/airflow/example_dags/example_bash_operator.py took 0.099 seconds
[2025-02-13T04:20:14.083+0000] {processor.py:186} INFO - Started process (PID=708) to work on /home/airflow/.local/lib/python3.12/site-packages/airflow/example_dags/example_bash_operator.py
[2025-02-13T04:20:14.085+0000] {processor.py:914} INFO - Processing file /home/airflow/.local/lib/python3.12/site-packages/airflow/example_dags/example_bash_operator.py for tasks to queue
[2025-02-13T04:20:14.087+0000] {logging_mixin.py:190} INFO - [2025-02-13T04:20:14.087+0000] {dagbag.py:588} INFO - Filling up the DagBag from /home/airflow/.local/lib/python3.12/site-packages/airflow/example_dags/example_bash_operator.py
[2025-02-13T04:20:14.104+0000] {processor.py:925} INFO - DAG(s) 'example_bash_operator' retrieved from /home/airflow/.local/lib/python3.12/site-packages/airflow/example_dags/example_bash_operator.py
[2025-02-13T04:20:14.135+0000] {logging_mixin.py:190} INFO - [2025-02-13T04:20:14.135+0000] {dag.py:3239} INFO - Sync 1 DAGs
[2025-02-13T04:20:14.162+0000] {logging_mixin.py:190} INFO - [2025-02-13T04:20:14.162+0000] {dag.py:4180} INFO - Setting next_dagrun for example_bash_operator to 2025-02-12 00:00:00+00:00, run_after=2025-02-13 00:00:00+00:00
[2025-02-13T04:20:14.182+0000] {processor.py:208} INFO - Processing /home/airflow/.local/lib/python3.12/site-packages/airflow/example_dags/example_bash_operator.py took 0.105 seconds
[2025-02-13T04:20:44.947+0000] {processor.py:186} INFO - Started process (PID=774) to work on /home/airflow/.local/lib/python3.12/site-packages/airflow/example_dags/example_bash_operator.py
[2025-02-13T04:20:44.948+0000] {processor.py:914} INFO - Processing file /home/airflow/.local/lib/python3.12/site-packages/airflow/example_dags/example_bash_operator.py for tasks to queue
[2025-02-13T04:20:44.950+0000] {logging_mixin.py:190} INFO - [2025-02-13T04:20:44.950+0000] {dagbag.py:588} INFO - Filling up the DagBag from /home/airflow/.local/lib/python3.12/site-packages/airflow/example_dags/example_bash_operator.py
[2025-02-13T04:20:44.965+0000] {processor.py:925} INFO - DAG(s) 'example_bash_operator' retrieved from /home/airflow/.local/lib/python3.12/site-packages/airflow/example_dags/example_bash_operator.py
[2025-02-13T04:20:44.995+0000] {logging_mixin.py:190} INFO - [2025-02-13T04:20:44.994+0000] {dag.py:3239} INFO - Sync 1 DAGs
[2025-02-13T04:20:45.021+0000] {logging_mixin.py:190} INFO - [2025-02-13T04:20:45.021+0000] {dag.py:4180} INFO - Setting next_dagrun for example_bash_operator to 2025-02-12 00:00:00+00:00, run_after=2025-02-13 00:00:00+00:00
[2025-02-13T04:20:45.040+0000] {processor.py:208} INFO - Processing /home/airflow/.local/lib/python3.12/site-packages/airflow/example_dags/example_bash_operator.py took 0.099 seconds
[2025-02-13T04:21:15.874+0000] {processor.py:186} INFO - Started process (PID=840) to work on /home/airflow/.local/lib/python3.12/site-packages/airflow/example_dags/example_bash_operator.py
[2025-02-13T04:21:15.875+0000] {processor.py:914} INFO - Processing file /home/airflow/.local/lib/python3.12/site-packages/airflow/example_dags/example_bash_operator.py for tasks to queue
[2025-02-13T04:21:15.878+0000] {logging_mixin.py:190} INFO - [2025-02-13T04:21:15.878+0000] {dagbag.py:588} INFO - Filling up the DagBag from /home/airflow/.local/lib/python3.12/site-packages/airflow/example_dags/example_bash_operator.py
[2025-02-13T04:21:15.891+0000] {processor.py:925} INFO - DAG(s) 'example_bash_operator' retrieved from /home/airflow/.local/lib/python3.12/site-packages/airflow/example_dags/example_bash_operator.py
[2025-02-13T04:21:15.921+0000] {logging_mixin.py:190} INFO - [2025-02-13T04:21:15.921+0000] {dag.py:3239} INFO - Sync 1 DAGs
[2025-02-13T04:21:15.949+0000] {logging_mixin.py:190} INFO - [2025-02-13T04:21:15.949+0000] {dag.py:4180} INFO - Setting next_dagrun for example_bash_operator to 2025-02-12 00:00:00+00:00, run_after=2025-02-13 00:00:00+00:00
[2025-02-13T04:21:15.970+0000] {processor.py:208} INFO - Processing /home/airflow/.local/lib/python3.12/site-packages/airflow/example_dags/example_bash_operator.py took 0.101 seconds
[2025-02-13T04:21:46.970+0000] {processor.py:186} INFO - Started process (PID=906) to work on /home/airflow/.local/lib/python3.12/site-packages/airflow/example_dags/example_bash_operator.py
[2025-02-13T04:21:46.971+0000] {processor.py:914} INFO - Processing file /home/airflow/.local/lib/python3.12/site-packages/airflow/example_dags/example_bash_operator.py for tasks to queue
[2025-02-13T04:21:46.973+0000] {logging_mixin.py:190} INFO - [2025-02-13T04:21:46.973+0000] {dagbag.py:588} INFO - Filling up the DagBag from /home/airflow/.local/lib/python3.12/site-packages/airflow/example_dags/example_bash_operator.py
[2025-02-13T04:21:46.985+0000] {processor.py:925} INFO - DAG(s) 'example_bash_operator' retrieved from /home/airflow/.local/lib/python3.12/site-packages/airflow/example_dags/example_bash_operator.py
[2025-02-13T04:21:47.012+0000] {logging_mixin.py:190} INFO - [2025-02-13T04:21:47.012+0000] {dag.py:3239} INFO - Sync 1 DAGs
[2025-02-13T04:21:47.037+0000] {logging_mixin.py:190} INFO - [2025-02-13T04:21:47.037+0000] {dag.py:4180} INFO - Setting next_dagrun for example_bash_operator to 2025-02-12 00:00:00+00:00, run_after=2025-02-13 00:00:00+00:00
[2025-02-13T04:21:47.057+0000] {processor.py:208} INFO - Processing /home/airflow/.local/lib/python3.12/site-packages/airflow/example_dags/example_bash_operator.py took 0.092 seconds
[2025-02-13T04:22:17.698+0000] {processor.py:186} INFO - Started process (PID=972) to work on /home/airflow/.local/lib/python3.12/site-packages/airflow/example_dags/example_bash_operator.py
[2025-02-13T04:22:17.699+0000] {processor.py:914} INFO - Processing file /home/airflow/.local/lib/python3.12/site-packages/airflow/example_dags/example_bash_operator.py for tasks to queue
[2025-02-13T04:22:17.701+0000] {logging_mixin.py:190} INFO - [2025-02-13T04:22:17.701+0000] {dagbag.py:588} INFO - Filling up the DagBag from /home/airflow/.local/lib/python3.12/site-packages/airflow/example_dags/example_bash_operator.py
[2025-02-13T04:22:17.714+0000] {processor.py:925} INFO - DAG(s) 'example_bash_operator' retrieved from /home/airflow/.local/lib/python3.12/site-packages/airflow/example_dags/example_bash_operator.py
[2025-02-13T04:22:17.741+0000] {logging_mixin.py:190} INFO - [2025-02-13T04:22:17.741+0000] {dag.py:3239} INFO - Sync 1 DAGs
[2025-02-13T04:22:17.768+0000] {logging_mixin.py:190} INFO - [2025-02-13T04:22:17.768+0000] {dag.py:4180} INFO - Setting next_dagrun for example_bash_operator to 2025-02-12 00:00:00+00:00, run_after=2025-02-13 00:00:00+00:00
[2025-02-13T04:22:17.791+0000] {processor.py:208} INFO - Processing /home/airflow/.local/lib/python3.12/site-packages/airflow/example_dags/example_bash_operator.py took 0.099 seconds
[2025-02-13T04:22:48.617+0000] {processor.py:186} INFO - Started process (PID=1038) to work on /home/airflow/.local/lib/python3.12/site-packages/airflow/example_dags/example_bash_operator.py
[2025-02-13T04:22:48.618+0000] {processor.py:914} INFO - Processing file /home/airflow/.local/lib/python3.12/site-packages/airflow/example_dags/example_bash_operator.py for tasks to queue
[2025-02-13T04:22:48.621+0000] {logging_mixin.py:190} INFO - [2025-02-13T04:22:48.620+0000] {dagbag.py:588} INFO - Filling up the DagBag from /home/airflow/.local/lib/python3.12/site-packages/airflow/example_dags/example_bash_operator.py
[2025-02-13T04:22:48.633+0000] {processor.py:925} INFO - DAG(s) 'example_bash_operator' retrieved from /home/airflow/.local/lib/python3.12/site-packages/airflow/example_dags/example_bash_operator.py
[2025-02-13T04:22:48.660+0000] {logging_mixin.py:190} INFO - [2025-02-13T04:22:48.659+0000] {dag.py:3239} INFO - Sync 1 DAGs
[2025-02-13T04:22:48.684+0000] {logging_mixin.py:190} INFO - [2025-02-13T04:22:48.684+0000] {dag.py:4180} INFO - Setting next_dagrun for example_bash_operator to 2025-02-12 00:00:00+00:00, run_after=2025-02-13 00:00:00+00:00
[2025-02-13T04:22:48.705+0000] {processor.py:208} INFO - Processing /home/airflow/.local/lib/python3.12/site-packages/airflow/example_dags/example_bash_operator.py took 0.093 seconds
[2025-02-13T04:23:19.543+0000] {processor.py:186} INFO - Started process (PID=1104) to work on /home/airflow/.local/lib/python3.12/site-packages/airflow/example_dags/example_bash_operator.py
[2025-02-13T04:23:19.544+0000] {processor.py:914} INFO - Processing file /home/airflow/.local/lib/python3.12/site-packages/airflow/example_dags/example_bash_operator.py for tasks to queue
[2025-02-13T04:23:19.547+0000] {logging_mixin.py:190} INFO - [2025-02-13T04:23:19.546+0000] {dagbag.py:588} INFO - Filling up the DagBag from /home/airflow/.local/lib/python3.12/site-packages/airflow/example_dags/example_bash_operator.py
[2025-02-13T04:23:19.560+0000] {processor.py:925} INFO - DAG(s) 'example_bash_operator' retrieved from /home/airflow/.local/lib/python3.12/site-packages/airflow/example_dags/example_bash_operator.py
[2025-02-13T04:23:19.589+0000] {logging_mixin.py:190} INFO - [2025-02-13T04:23:19.588+0000] {dag.py:3239} INFO - Sync 1 DAGs
[2025-02-13T04:23:19.616+0000] {logging_mixin.py:190} INFO - [2025-02-13T04:23:19.616+0000] {dag.py:4180} INFO - Setting next_dagrun for example_bash_operator to 2025-02-12 00:00:00+00:00, run_after=2025-02-13 00:00:00+00:00
[2025-02-13T04:23:19.636+0000] {processor.py:208} INFO - Processing /home/airflow/.local/lib/python3.12/site-packages/airflow/example_dags/example_bash_operator.py took 0.099 seconds
[2025-02-13T04:23:50.985+0000] {processor.py:186} INFO - Started process (PID=1170) to work on /home/airflow/.local/lib/python3.12/site-packages/airflow/example_dags/example_bash_operator.py
[2025-02-13T04:23:50.986+0000] {processor.py:914} INFO - Processing file /home/airflow/.local/lib/python3.12/site-packages/airflow/example_dags/example_bash_operator.py for tasks to queue
[2025-02-13T04:23:50.989+0000] {logging_mixin.py:190} INFO - [2025-02-13T04:23:50.988+0000] {dagbag.py:588} INFO - Filling up the DagBag from /home/airflow/.local/lib/python3.12/site-packages/airflow/example_dags/example_bash_operator.py
[2025-02-13T04:23:51.002+0000] {processor.py:925} INFO - DAG(s) 'example_bash_operator' retrieved from /home/airflow/.local/lib/python3.12/site-packages/airflow/example_dags/example_bash_operator.py
[2025-02-13T04:23:51.027+0000] {logging_mixin.py:190} INFO - [2025-02-13T04:23:51.026+0000] {dag.py:3239} INFO - Sync 1 DAGs
[2025-02-13T04:23:51.049+0000] {logging_mixin.py:190} INFO - [2025-02-13T04:23:51.048+0000] {dag.py:4180} INFO - Setting next_dagrun for example_bash_operator to 2025-02-12 00:00:00+00:00, run_after=2025-02-13 00:00:00+00:00
[2025-02-13T04:23:51.066+0000] {processor.py:208} INFO - Processing /home/airflow/.local/lib/python3.12/site-packages/airflow/example_dags/example_bash_operator.py took 0.087 seconds
[2025-02-13T04:24:22.121+0000] {processor.py:186} INFO - Started process (PID=1236) to work on /home/airflow/.local/lib/python3.12/site-packages/airflow/example_dags/example_bash_operator.py
[2025-02-13T04:24:22.122+0000] {processor.py:914} INFO - Processing file /home/airflow/.local/lib/python3.12/site-packages/airflow/example_dags/example_bash_operator.py for tasks to queue
[2025-02-13T04:24:22.124+0000] {logging_mixin.py:190} INFO - [2025-02-13T04:24:22.124+0000] {dagbag.py:588} INFO - Filling up the DagBag from /home/airflow/.local/lib/python3.12/site-packages/airflow/example_dags/example_bash_operator.py
[2025-02-13T04:24:22.138+0000] {processor.py:925} INFO - DAG(s) 'example_bash_operator' retrieved from /home/airflow/.local/lib/python3.12/site-packages/airflow/example_dags/example_bash_operator.py
[2025-02-13T04:24:22.166+0000] {logging_mixin.py:190} INFO - [2025-02-13T04:24:22.166+0000] {dag.py:3239} INFO - Sync 1 DAGs
[2025-02-13T04:24:22.193+0000] {logging_mixin.py:190} INFO - [2025-02-13T04:24:22.193+0000] {dag.py:4180} INFO - Setting next_dagrun for example_bash_operator to 2025-02-12 00:00:00+00:00, run_after=2025-02-13 00:00:00+00:00
[2025-02-13T04:24:22.214+0000] {processor.py:208} INFO - Processing /home/airflow/.local/lib/python3.12/site-packages/airflow/example_dags/example_bash_operator.py took 0.099 seconds
[2025-02-13T04:24:53.635+0000] {processor.py:186} INFO - Started process (PID=1302) to work on /home/airflow/.local/lib/python3.12/site-packages/airflow/example_dags/example_bash_operator.py
[2025-02-13T04:24:53.636+0000] {processor.py:914} INFO - Processing file /home/airflow/.local/lib/python3.12/site-packages/airflow/example_dags/example_bash_operator.py for tasks to queue
[2025-02-13T04:24:53.638+0000] {logging_mixin.py:190} INFO - [2025-02-13T04:24:53.638+0000] {dagbag.py:588} INFO - Filling up the DagBag from /home/airflow/.local/lib/python3.12/site-packages/airflow/example_dags/example_bash_operator.py
[2025-02-13T04:24:53.651+0000] {processor.py:925} INFO - DAG(s) 'example_bash_operator' retrieved from /home/airflow/.local/lib/python3.12/site-packages/airflow/example_dags/example_bash_operator.py
[2025-02-13T04:24:53.675+0000] {logging_mixin.py:190} INFO - [2025-02-13T04:24:53.674+0000] {dag.py:3239} INFO - Sync 1 DAGs
[2025-02-13T04:24:53.695+0000] {logging_mixin.py:190} INFO - [2025-02-13T04:24:53.695+0000] {dag.py:4180} INFO - Setting next_dagrun for example_bash_operator to 2025-02-12 00:00:00+00:00, run_after=2025-02-13 00:00:00+00:00
[2025-02-13T04:24:53.712+0000] {processor.py:208} INFO - Processing /home/airflow/.local/lib/python3.12/site-packages/airflow/example_dags/example_bash_operator.py took 0.083 seconds
[2025-02-13T04:25:24.793+0000] {processor.py:186} INFO - Started process (PID=1374) to work on /home/airflow/.local/lib/python3.12/site-packages/airflow/example_dags/example_bash_operator.py
[2025-02-13T04:25:24.793+0000] {processor.py:914} INFO - Processing file /home/airflow/.local/lib/python3.12/site-packages/airflow/example_dags/example_bash_operator.py for tasks to queue
[2025-02-13T04:25:24.796+0000] {logging_mixin.py:190} INFO - [2025-02-13T04:25:24.795+0000] {dagbag.py:588} INFO - Filling up the DagBag from /home/airflow/.local/lib/python3.12/site-packages/airflow/example_dags/example_bash_operator.py
[2025-02-13T04:25:24.811+0000] {processor.py:925} INFO - DAG(s) 'example_bash_operator' retrieved from /home/airflow/.local/lib/python3.12/site-packages/airflow/example_dags/example_bash_operator.py
[2025-02-13T04:25:24.838+0000] {logging_mixin.py:190} INFO - [2025-02-13T04:25:24.838+0000] {dag.py:3239} INFO - Sync 1 DAGs
[2025-02-13T04:25:24.859+0000] {logging_mixin.py:190} INFO - [2025-02-13T04:25:24.859+0000] {dag.py:4180} INFO - Setting next_dagrun for example_bash_operator to 2025-02-12 00:00:00+00:00, run_after=2025-02-13 00:00:00+00:00
[2025-02-13T04:25:24.876+0000] {processor.py:208} INFO - Processing /home/airflow/.local/lib/python3.12/site-packages/airflow/example_dags/example_bash_operator.py took 0.090 seconds
[2025-02-13T04:25:56.340+0000] {processor.py:186} INFO - Started process (PID=1439) to work on /home/airflow/.local/lib/python3.12/site-packages/airflow/example_dags/example_bash_operator.py
[2025-02-13T04:25:56.341+0000] {processor.py:914} INFO - Processing file /home/airflow/.local/lib/python3.12/site-packages/airflow/example_dags/example_bash_operator.py for tasks to queue
[2025-02-13T04:25:56.344+0000] {logging_mixin.py:190} INFO - [2025-02-13T04:25:56.343+0000] {dagbag.py:588} INFO - Filling up the DagBag from /home/airflow/.local/lib/python3.12/site-packages/airflow/example_dags/example_bash_operator.py
[2025-02-13T04:25:56.356+0000] {processor.py:925} INFO - DAG(s) 'example_bash_operator' retrieved from /home/airflow/.local/lib/python3.12/site-packages/airflow/example_dags/example_bash_operator.py
[2025-02-13T04:25:56.384+0000] {logging_mixin.py:190} INFO - [2025-02-13T04:25:56.384+0000] {dag.py:3239} INFO - Sync 1 DAGs
[2025-02-13T04:25:56.409+0000] {logging_mixin.py:190} INFO - [2025-02-13T04:25:56.409+0000] {dag.py:4180} INFO - Setting next_dagrun for example_bash_operator to 2025-02-12 00:00:00+00:00, run_after=2025-02-13 00:00:00+00:00
[2025-02-13T04:25:56.431+0000] {processor.py:208} INFO - Processing /home/airflow/.local/lib/python3.12/site-packages/airflow/example_dags/example_bash_operator.py took 0.096 seconds
[2025-02-13T04:26:27.097+0000] {processor.py:186} INFO - Started process (PID=1505) to work on /home/airflow/.local/lib/python3.12/site-packages/airflow/example_dags/example_bash_operator.py
[2025-02-13T04:26:27.098+0000] {processor.py:914} INFO - Processing file /home/airflow/.local/lib/python3.12/site-packages/airflow/example_dags/example_bash_operator.py for tasks to queue
[2025-02-13T04:26:27.100+0000] {logging_mixin.py:190} INFO - [2025-02-13T04:26:27.100+0000] {dagbag.py:588} INFO - Filling up the DagBag from /home/airflow/.local/lib/python3.12/site-packages/airflow/example_dags/example_bash_operator.py
[2025-02-13T04:26:27.117+0000] {processor.py:925} INFO - DAG(s) 'example_bash_operator' retrieved from /home/airflow/.local/lib/python3.12/site-packages/airflow/example_dags/example_bash_operator.py
[2025-02-13T04:26:27.151+0000] {logging_mixin.py:190} INFO - [2025-02-13T04:26:27.150+0000] {dag.py:3239} INFO - Sync 1 DAGs
[2025-02-13T04:26:27.182+0000] {logging_mixin.py:190} INFO - [2025-02-13T04:26:27.182+0000] {dag.py:4180} INFO - Setting next_dagrun for example_bash_operator to 2025-02-12 00:00:00+00:00, run_after=2025-02-13 00:00:00+00:00
[2025-02-13T04:26:27.208+0000] {processor.py:208} INFO - Processing /home/airflow/.local/lib/python3.12/site-packages/airflow/example_dags/example_bash_operator.py took 0.118 seconds
[2025-02-13T04:26:58.065+0000] {processor.py:186} INFO - Started process (PID=1571) to work on /home/airflow/.local/lib/python3.12/site-packages/airflow/example_dags/example_bash_operator.py
[2025-02-13T04:26:58.066+0000] {processor.py:914} INFO - Processing file /home/airflow/.local/lib/python3.12/site-packages/airflow/example_dags/example_bash_operator.py for tasks to queue
[2025-02-13T04:26:58.069+0000] {logging_mixin.py:190} INFO - [2025-02-13T04:26:58.069+0000] {dagbag.py:588} INFO - Filling up the DagBag from /home/airflow/.local/lib/python3.12/site-packages/airflow/example_dags/example_bash_operator.py
[2025-02-13T04:26:58.087+0000] {processor.py:925} INFO - DAG(s) 'example_bash_operator' retrieved from /home/airflow/.local/lib/python3.12/site-packages/airflow/example_dags/example_bash_operator.py
[2025-02-13T04:26:58.117+0000] {logging_mixin.py:190} INFO - [2025-02-13T04:26:58.117+0000] {dag.py:3239} INFO - Sync 1 DAGs
[2025-02-13T04:26:58.140+0000] {logging_mixin.py:190} INFO - [2025-02-13T04:26:58.140+0000] {dag.py:4180} INFO - Setting next_dagrun for example_bash_operator to 2025-02-12 00:00:00+00:00, run_after=2025-02-13 00:00:00+00:00
[2025-02-13T04:26:58.158+0000] {processor.py:208} INFO - Processing /home/airflow/.local/lib/python3.12/site-packages/airflow/example_dags/example_bash_operator.py took 0.101 seconds
[2025-02-13T04:27:28.805+0000] {processor.py:186} INFO - Started process (PID=1637) to work on /home/airflow/.local/lib/python3.12/site-packages/airflow/example_dags/example_bash_operator.py
[2025-02-13T04:27:28.806+0000] {processor.py:914} INFO - Processing file /home/airflow/.local/lib/python3.12/site-packages/airflow/example_dags/example_bash_operator.py for tasks to queue
[2025-02-13T04:27:28.809+0000] {logging_mixin.py:190} INFO - [2025-02-13T04:27:28.808+0000] {dagbag.py:588} INFO - Filling up the DagBag from /home/airflow/.local/lib/python3.12/site-packages/airflow/example_dags/example_bash_operator.py
[2025-02-13T04:27:28.823+0000] {processor.py:925} INFO - DAG(s) 'example_bash_operator' retrieved from /home/airflow/.local/lib/python3.12/site-packages/airflow/example_dags/example_bash_operator.py
[2025-02-13T04:27:28.856+0000] {logging_mixin.py:190} INFO - [2025-02-13T04:27:28.856+0000] {dag.py:3239} INFO - Sync 1 DAGs
[2025-02-13T04:27:28.884+0000] {logging_mixin.py:190} INFO - [2025-02-13T04:27:28.884+0000] {dag.py:4180} INFO - Setting next_dagrun for example_bash_operator to 2025-02-12 00:00:00+00:00, run_after=2025-02-13 00:00:00+00:00
[2025-02-13T04:27:28.902+0000] {processor.py:208} INFO - Processing /home/airflow/.local/lib/python3.12/site-packages/airflow/example_dags/example_bash_operator.py took 0.103 seconds
[2025-02-13T04:27:59.661+0000] {processor.py:186} INFO - Started process (PID=1703) to work on /home/airflow/.local/lib/python3.12/site-packages/airflow/example_dags/example_bash_operator.py
[2025-02-13T04:27:59.662+0000] {processor.py:914} INFO - Processing file /home/airflow/.local/lib/python3.12/site-packages/airflow/example_dags/example_bash_operator.py for tasks to queue
[2025-02-13T04:27:59.665+0000] {logging_mixin.py:190} INFO - [2025-02-13T04:27:59.665+0000] {dagbag.py:588} INFO - Filling up the DagBag from /home/airflow/.local/lib/python3.12/site-packages/airflow/example_dags/example_bash_operator.py
[2025-02-13T04:27:59.679+0000] {processor.py:925} INFO - DAG(s) 'example_bash_operator' retrieved from /home/airflow/.local/lib/python3.12/site-packages/airflow/example_dags/example_bash_operator.py
[2025-02-13T04:27:59.708+0000] {logging_mixin.py:190} INFO - [2025-02-13T04:27:59.708+0000] {dag.py:3239} INFO - Sync 1 DAGs
[2025-02-13T04:27:59.733+0000] {logging_mixin.py:190} INFO - [2025-02-13T04:27:59.733+0000] {dag.py:4180} INFO - Setting next_dagrun for example_bash_operator to 2025-02-12 00:00:00+00:00, run_after=2025-02-13 00:00:00+00:00
[2025-02-13T04:27:59.750+0000] {processor.py:208} INFO - Processing /home/airflow/.local/lib/python3.12/site-packages/airflow/example_dags/example_bash_operator.py took 0.095 seconds
[2025-02-13T04:28:30.501+0000] {processor.py:186} INFO - Started process (PID=1769) to work on /home/airflow/.local/lib/python3.12/site-packages/airflow/example_dags/example_bash_operator.py
[2025-02-13T04:28:30.502+0000] {processor.py:914} INFO - Processing file /home/airflow/.local/lib/python3.12/site-packages/airflow/example_dags/example_bash_operator.py for tasks to queue
[2025-02-13T04:28:30.505+0000] {logging_mixin.py:190} INFO - [2025-02-13T04:28:30.504+0000] {dagbag.py:588} INFO - Filling up the DagBag from /home/airflow/.local/lib/python3.12/site-packages/airflow/example_dags/example_bash_operator.py
[2025-02-13T04:28:30.520+0000] {processor.py:925} INFO - DAG(s) 'example_bash_operator' retrieved from /home/airflow/.local/lib/python3.12/site-packages/airflow/example_dags/example_bash_operator.py
[2025-02-13T04:28:30.552+0000] {logging_mixin.py:190} INFO - [2025-02-13T04:28:30.552+0000] {dag.py:3239} INFO - Sync 1 DAGs
[2025-02-13T04:28:30.580+0000] {logging_mixin.py:190} INFO - [2025-02-13T04:28:30.580+0000] {dag.py:4180} INFO - Setting next_dagrun for example_bash_operator to 2025-02-12 00:00:00+00:00, run_after=2025-02-13 00:00:00+00:00
[2025-02-13T04:28:30.602+0000] {processor.py:208} INFO - Processing /home/airflow/.local/lib/python3.12/site-packages/airflow/example_dags/example_bash_operator.py took 0.108 seconds
[2025-02-13T04:29:01.718+0000] {processor.py:186} INFO - Started process (PID=1835) to work on /home/airflow/.local/lib/python3.12/site-packages/airflow/example_dags/example_bash_operator.py
[2025-02-13T04:29:01.719+0000] {processor.py:914} INFO - Processing file /home/airflow/.local/lib/python3.12/site-packages/airflow/example_dags/example_bash_operator.py for tasks to queue
[2025-02-13T04:29:01.722+0000] {logging_mixin.py:190} INFO - [2025-02-13T04:29:01.721+0000] {dagbag.py:588} INFO - Filling up the DagBag from /home/airflow/.local/lib/python3.12/site-packages/airflow/example_dags/example_bash_operator.py
[2025-02-13T04:29:01.733+0000] {processor.py:925} INFO - DAG(s) 'example_bash_operator' retrieved from /home/airflow/.local/lib/python3.12/site-packages/airflow/example_dags/example_bash_operator.py
[2025-02-13T04:29:01.758+0000] {logging_mixin.py:190} INFO - [2025-02-13T04:29:01.757+0000] {dag.py:3239} INFO - Sync 1 DAGs
[2025-02-13T04:29:01.778+0000] {logging_mixin.py:190} INFO - [2025-02-13T04:29:01.778+0000] {dag.py:4180} INFO - Setting next_dagrun for example_bash_operator to 2025-02-12 00:00:00+00:00, run_after=2025-02-13 00:00:00+00:00
[2025-02-13T04:29:01.797+0000] {processor.py:208} INFO - Processing /home/airflow/.local/lib/python3.12/site-packages/airflow/example_dags/example_bash_operator.py took 0.085 seconds
[2025-02-13T04:29:33.334+0000] {processor.py:186} INFO - Started process (PID=1902) to work on /home/airflow/.local/lib/python3.12/site-packages/airflow/example_dags/example_bash_operator.py
[2025-02-13T04:29:33.335+0000] {processor.py:914} INFO - Processing file /home/airflow/.local/lib/python3.12/site-packages/airflow/example_dags/example_bash_operator.py for tasks to queue
[2025-02-13T04:29:33.337+0000] {logging_mixin.py:190} INFO - [2025-02-13T04:29:33.337+0000] {dagbag.py:588} INFO - Filling up the DagBag from /home/airflow/.local/lib/python3.12/site-packages/airflow/example_dags/example_bash_operator.py
[2025-02-13T04:29:33.349+0000] {processor.py:925} INFO - DAG(s) 'example_bash_operator' retrieved from /home/airflow/.local/lib/python3.12/site-packages/airflow/example_dags/example_bash_operator.py
[2025-02-13T04:29:33.376+0000] {logging_mixin.py:190} INFO - [2025-02-13T04:29:33.376+0000] {dag.py:3239} INFO - Sync 1 DAGs
[2025-02-13T04:29:33.401+0000] {logging_mixin.py:190} INFO - [2025-02-13T04:29:33.401+0000] {dag.py:4180} INFO - Setting next_dagrun for example_bash_operator to 2025-02-12 00:00:00+00:00, run_after=2025-02-13 00:00:00+00:00
[2025-02-13T04:29:33.421+0000] {processor.py:208} INFO - Processing /home/airflow/.local/lib/python3.12/site-packages/airflow/example_dags/example_bash_operator.py took 0.094 seconds
[2025-02-13T04:30:04.745+0000] {processor.py:186} INFO - Started process (PID=1968) to work on /home/airflow/.local/lib/python3.12/site-packages/airflow/example_dags/example_bash_operator.py
[2025-02-13T04:30:04.746+0000] {processor.py:914} INFO - Processing file /home/airflow/.local/lib/python3.12/site-packages/airflow/example_dags/example_bash_operator.py for tasks to queue
[2025-02-13T04:30:04.748+0000] {logging_mixin.py:190} INFO - [2025-02-13T04:30:04.748+0000] {dagbag.py:588} INFO - Filling up the DagBag from /home/airflow/.local/lib/python3.12/site-packages/airflow/example_dags/example_bash_operator.py
[2025-02-13T04:30:04.764+0000] {processor.py:925} INFO - DAG(s) 'example_bash_operator' retrieved from /home/airflow/.local/lib/python3.12/site-packages/airflow/example_dags/example_bash_operator.py
[2025-02-13T04:30:04.799+0000] {logging_mixin.py:190} INFO - [2025-02-13T04:30:04.799+0000] {dag.py:3239} INFO - Sync 1 DAGs
[2025-02-13T04:30:04.829+0000] {logging_mixin.py:190} INFO - [2025-02-13T04:30:04.828+0000] {dag.py:4180} INFO - Setting next_dagrun for example_bash_operator to 2025-02-12 00:00:00+00:00, run_after=2025-02-13 00:00:00+00:00
[2025-02-13T04:30:04.847+0000] {processor.py:208} INFO - Processing /home/airflow/.local/lib/python3.12/site-packages/airflow/example_dags/example_bash_operator.py took 0.110 seconds
[2025-02-13T04:30:35.611+0000] {processor.py:186} INFO - Started process (PID=2034) to work on /home/airflow/.local/lib/python3.12/site-packages/airflow/example_dags/example_bash_operator.py
[2025-02-13T04:30:35.612+0000] {processor.py:914} INFO - Processing file /home/airflow/.local/lib/python3.12/site-packages/airflow/example_dags/example_bash_operator.py for tasks to queue
[2025-02-13T04:30:35.614+0000] {logging_mixin.py:190} INFO - [2025-02-13T04:30:35.614+0000] {dagbag.py:588} INFO - Filling up the DagBag from /home/airflow/.local/lib/python3.12/site-packages/airflow/example_dags/example_bash_operator.py
[2025-02-13T04:30:35.630+0000] {processor.py:925} INFO - DAG(s) 'example_bash_operator' retrieved from /home/airflow/.local/lib/python3.12/site-packages/airflow/example_dags/example_bash_operator.py
[2025-02-13T04:30:35.660+0000] {logging_mixin.py:190} INFO - [2025-02-13T04:30:35.660+0000] {dag.py:3239} INFO - Sync 1 DAGs
[2025-02-13T04:30:35.685+0000] {logging_mixin.py:190} INFO - [2025-02-13T04:30:35.684+0000] {dag.py:4180} INFO - Setting next_dagrun for example_bash_operator to 2025-02-12 00:00:00+00:00, run_after=2025-02-13 00:00:00+00:00
[2025-02-13T04:30:35.700+0000] {processor.py:208} INFO - Processing /home/airflow/.local/lib/python3.12/site-packages/airflow/example_dags/example_bash_operator.py took 0.096 seconds
[2025-02-13T04:31:06.310+0000] {processor.py:186} INFO - Started process (PID=2100) to work on /home/airflow/.local/lib/python3.12/site-packages/airflow/example_dags/example_bash_operator.py
[2025-02-13T04:31:06.311+0000] {processor.py:914} INFO - Processing file /home/airflow/.local/lib/python3.12/site-packages/airflow/example_dags/example_bash_operator.py for tasks to queue
[2025-02-13T04:31:06.314+0000] {logging_mixin.py:190} INFO - [2025-02-13T04:31:06.313+0000] {dagbag.py:588} INFO - Filling up the DagBag from /home/airflow/.local/lib/python3.12/site-packages/airflow/example_dags/example_bash_operator.py
[2025-02-13T04:31:06.328+0000] {processor.py:925} INFO - DAG(s) 'example_bash_operator' retrieved from /home/airflow/.local/lib/python3.12/site-packages/airflow/example_dags/example_bash_operator.py
[2025-02-13T04:31:06.354+0000] {logging_mixin.py:190} INFO - [2025-02-13T04:31:06.354+0000] {dag.py:3239} INFO - Sync 1 DAGs
[2025-02-13T04:31:06.378+0000] {logging_mixin.py:190} INFO - [2025-02-13T04:31:06.378+0000] {dag.py:4180} INFO - Setting next_dagrun for example_bash_operator to 2025-02-12 00:00:00+00:00, run_after=2025-02-13 00:00:00+00:00
[2025-02-13T04:31:06.397+0000] {processor.py:208} INFO - Processing /home/airflow/.local/lib/python3.12/site-packages/airflow/example_dags/example_bash_operator.py took 0.093 seconds
[2025-02-13T04:31:38.016+0000] {processor.py:186} INFO - Started process (PID=2166) to work on /home/airflow/.local/lib/python3.12/site-packages/airflow/example_dags/example_bash_operator.py
[2025-02-13T04:31:38.017+0000] {processor.py:914} INFO - Processing file /home/airflow/.local/lib/python3.12/site-packages/airflow/example_dags/example_bash_operator.py for tasks to queue
[2025-02-13T04:31:38.019+0000] {logging_mixin.py:190} INFO - [2025-02-13T04:31:38.019+0000] {dagbag.py:588} INFO - Filling up the DagBag from /home/airflow/.local/lib/python3.12/site-packages/airflow/example_dags/example_bash_operator.py
[2025-02-13T04:31:38.032+0000] {processor.py:925} INFO - DAG(s) 'example_bash_operator' retrieved from /home/airflow/.local/lib/python3.12/site-packages/airflow/example_dags/example_bash_operator.py
[2025-02-13T04:31:38.056+0000] {logging_mixin.py:190} INFO - [2025-02-13T04:31:38.056+0000] {dag.py:3239} INFO - Sync 1 DAGs
[2025-02-13T04:31:38.079+0000] {logging_mixin.py:190} INFO - [2025-02-13T04:31:38.079+0000] {dag.py:4180} INFO - Setting next_dagrun for example_bash_operator to 2025-02-12 00:00:00+00:00, run_after=2025-02-13 00:00:00+00:00
[2025-02-13T04:31:38.098+0000] {processor.py:208} INFO - Processing /home/airflow/.local/lib/python3.12/site-packages/airflow/example_dags/example_bash_operator.py took 0.088 seconds
[2025-02-13T04:32:10.332+0000] {processor.py:186} INFO - Started process (PID=2232) to work on /home/airflow/.local/lib/python3.12/site-packages/airflow/example_dags/example_bash_operator.py
[2025-02-13T04:32:10.333+0000] {processor.py:914} INFO - Processing file /home/airflow/.local/lib/python3.12/site-packages/airflow/example_dags/example_bash_operator.py for tasks to queue
[2025-02-13T04:32:10.336+0000] {logging_mixin.py:190} INFO - [2025-02-13T04:32:10.335+0000] {dagbag.py:588} INFO - Filling up the DagBag from /home/airflow/.local/lib/python3.12/site-packages/airflow/example_dags/example_bash_operator.py
[2025-02-13T04:32:10.350+0000] {processor.py:925} INFO - DAG(s) 'example_bash_operator' retrieved from /home/airflow/.local/lib/python3.12/site-packages/airflow/example_dags/example_bash_operator.py
[2025-02-13T04:32:10.378+0000] {logging_mixin.py:190} INFO - [2025-02-13T04:32:10.378+0000] {dag.py:3239} INFO - Sync 1 DAGs
[2025-02-13T04:32:10.574+0000] {logging_mixin.py:190} INFO - [2025-02-13T04:32:10.574+0000] {dag.py:4180} INFO - Setting next_dagrun for example_bash_operator to 2025-02-12 00:00:00+00:00, run_after=2025-02-13 00:00:00+00:00
[2025-02-13T04:32:10.591+0000] {processor.py:208} INFO - Processing /home/airflow/.local/lib/python3.12/site-packages/airflow/example_dags/example_bash_operator.py took 0.265 seconds
[2025-02-13T04:32:41.463+0000] {processor.py:186} INFO - Started process (PID=2298) to work on /home/airflow/.local/lib/python3.12/site-packages/airflow/example_dags/example_bash_operator.py
[2025-02-13T04:32:41.464+0000] {processor.py:914} INFO - Processing file /home/airflow/.local/lib/python3.12/site-packages/airflow/example_dags/example_bash_operator.py for tasks to queue
[2025-02-13T04:32:41.466+0000] {logging_mixin.py:190} INFO - [2025-02-13T04:32:41.465+0000] {dagbag.py:588} INFO - Filling up the DagBag from /home/airflow/.local/lib/python3.12/site-packages/airflow/example_dags/example_bash_operator.py
[2025-02-13T04:32:41.477+0000] {processor.py:925} INFO - DAG(s) 'example_bash_operator' retrieved from /home/airflow/.local/lib/python3.12/site-packages/airflow/example_dags/example_bash_operator.py
[2025-02-13T04:32:41.501+0000] {logging_mixin.py:190} INFO - [2025-02-13T04:32:41.500+0000] {dag.py:3239} INFO - Sync 1 DAGs
[2025-02-13T04:32:41.690+0000] {logging_mixin.py:190} INFO - [2025-02-13T04:32:41.690+0000] {dag.py:4180} INFO - Setting next_dagrun for example_bash_operator to 2025-02-12 00:00:00+00:00, run_after=2025-02-13 00:00:00+00:00
[2025-02-13T04:32:41.714+0000] {processor.py:208} INFO - Processing /home/airflow/.local/lib/python3.12/site-packages/airflow/example_dags/example_bash_operator.py took 0.257 seconds
[2025-02-13T04:33:11.831+0000] {processor.py:186} INFO - Started process (PID=2364) to work on /home/airflow/.local/lib/python3.12/site-packages/airflow/example_dags/example_bash_operator.py
[2025-02-13T04:33:11.832+0000] {processor.py:914} INFO - Processing file /home/airflow/.local/lib/python3.12/site-packages/airflow/example_dags/example_bash_operator.py for tasks to queue
[2025-02-13T04:33:11.835+0000] {logging_mixin.py:190} INFO - [2025-02-13T04:33:11.835+0000] {dagbag.py:588} INFO - Filling up the DagBag from /home/airflow/.local/lib/python3.12/site-packages/airflow/example_dags/example_bash_operator.py
[2025-02-13T04:33:11.850+0000] {processor.py:925} INFO - DAG(s) 'example_bash_operator' retrieved from /home/airflow/.local/lib/python3.12/site-packages/airflow/example_dags/example_bash_operator.py
[2025-02-13T04:33:11.881+0000] {logging_mixin.py:190} INFO - [2025-02-13T04:33:11.881+0000] {dag.py:3239} INFO - Sync 1 DAGs
[2025-02-13T04:33:11.908+0000] {logging_mixin.py:190} INFO - [2025-02-13T04:33:11.907+0000] {dag.py:4180} INFO - Setting next_dagrun for example_bash_operator to 2025-02-12 00:00:00+00:00, run_after=2025-02-13 00:00:00+00:00
[2025-02-13T04:33:11.927+0000] {processor.py:208} INFO - Processing /home/airflow/.local/lib/python3.12/site-packages/airflow/example_dags/example_bash_operator.py took 0.105 seconds
[2025-02-13T04:33:42.175+0000] {processor.py:186} INFO - Started process (PID=2430) to work on /home/airflow/.local/lib/python3.12/site-packages/airflow/example_dags/example_bash_operator.py
[2025-02-13T04:33:42.176+0000] {processor.py:914} INFO - Processing file /home/airflow/.local/lib/python3.12/site-packages/airflow/example_dags/example_bash_operator.py for tasks to queue
[2025-02-13T04:33:42.179+0000] {logging_mixin.py:190} INFO - [2025-02-13T04:33:42.179+0000] {dagbag.py:588} INFO - Filling up the DagBag from /home/airflow/.local/lib/python3.12/site-packages/airflow/example_dags/example_bash_operator.py
[2025-02-13T04:33:42.191+0000] {processor.py:925} INFO - DAG(s) 'example_bash_operator' retrieved from /home/airflow/.local/lib/python3.12/site-packages/airflow/example_dags/example_bash_operator.py
[2025-02-13T04:33:42.215+0000] {logging_mixin.py:190} INFO - [2025-02-13T04:33:42.215+0000] {dag.py:3239} INFO - Sync 1 DAGs
[2025-02-13T04:33:42.236+0000] {logging_mixin.py:190} INFO - [2025-02-13T04:33:42.236+0000] {dag.py:4180} INFO - Setting next_dagrun for example_bash_operator to 2025-02-12 00:00:00+00:00, run_after=2025-02-13 00:00:00+00:00
[2025-02-13T04:33:42.253+0000] {processor.py:208} INFO - Processing /home/airflow/.local/lib/python3.12/site-packages/airflow/example_dags/example_bash_operator.py took 0.083 seconds
[2025-02-13T04:34:12.381+0000] {processor.py:186} INFO - Started process (PID=2496) to work on /home/airflow/.local/lib/python3.12/site-packages/airflow/example_dags/example_bash_operator.py
[2025-02-13T04:34:12.382+0000] {processor.py:914} INFO - Processing file /home/airflow/.local/lib/python3.12/site-packages/airflow/example_dags/example_bash_operator.py for tasks to queue
[2025-02-13T04:34:12.385+0000] {logging_mixin.py:190} INFO - [2025-02-13T04:34:12.385+0000] {dagbag.py:588} INFO - Filling up the DagBag from /home/airflow/.local/lib/python3.12/site-packages/airflow/example_dags/example_bash_operator.py
[2025-02-13T04:34:12.401+0000] {processor.py:925} INFO - DAG(s) 'example_bash_operator' retrieved from /home/airflow/.local/lib/python3.12/site-packages/airflow/example_dags/example_bash_operator.py
[2025-02-13T04:34:12.430+0000] {logging_mixin.py:190} INFO - [2025-02-13T04:34:12.430+0000] {dag.py:3239} INFO - Sync 1 DAGs
[2025-02-13T04:34:12.454+0000] {logging_mixin.py:190} INFO - [2025-02-13T04:34:12.454+0000] {dag.py:4180} INFO - Setting next_dagrun for example_bash_operator to 2025-02-12 00:00:00+00:00, run_after=2025-02-13 00:00:00+00:00
[2025-02-13T04:34:12.474+0000] {processor.py:208} INFO - Processing /home/airflow/.local/lib/python3.12/site-packages/airflow/example_dags/example_bash_operator.py took 0.100 seconds
[2025-02-13T04:34:43.638+0000] {processor.py:186} INFO - Started process (PID=2562) to work on /home/airflow/.local/lib/python3.12/site-packages/airflow/example_dags/example_bash_operator.py
[2025-02-13T04:34:43.639+0000] {processor.py:914} INFO - Processing file /home/airflow/.local/lib/python3.12/site-packages/airflow/example_dags/example_bash_operator.py for tasks to queue
[2025-02-13T04:34:43.642+0000] {logging_mixin.py:190} INFO - [2025-02-13T04:34:43.641+0000] {dagbag.py:588} INFO - Filling up the DagBag from /home/airflow/.local/lib/python3.12/site-packages/airflow/example_dags/example_bash_operator.py
[2025-02-13T04:34:43.654+0000] {processor.py:925} INFO - DAG(s) 'example_bash_operator' retrieved from /home/airflow/.local/lib/python3.12/site-packages/airflow/example_dags/example_bash_operator.py
[2025-02-13T04:34:43.681+0000] {logging_mixin.py:190} INFO - [2025-02-13T04:34:43.680+0000] {dag.py:3239} INFO - Sync 1 DAGs
[2025-02-13T04:34:43.704+0000] {logging_mixin.py:190} INFO - [2025-02-13T04:34:43.704+0000] {dag.py:4180} INFO - Setting next_dagrun for example_bash_operator to 2025-02-12 00:00:00+00:00, run_after=2025-02-13 00:00:00+00:00
[2025-02-13T04:34:43.723+0000] {processor.py:208} INFO - Processing /home/airflow/.local/lib/python3.12/site-packages/airflow/example_dags/example_bash_operator.py took 0.090 seconds
[2025-02-13T04:35:14.917+0000] {processor.py:186} INFO - Started process (PID=2628) to work on /home/airflow/.local/lib/python3.12/site-packages/airflow/example_dags/example_bash_operator.py
[2025-02-13T04:35:14.917+0000] {processor.py:914} INFO - Processing file /home/airflow/.local/lib/python3.12/site-packages/airflow/example_dags/example_bash_operator.py for tasks to queue
[2025-02-13T04:35:14.920+0000] {logging_mixin.py:190} INFO - [2025-02-13T04:35:14.920+0000] {dagbag.py:588} INFO - Filling up the DagBag from /home/airflow/.local/lib/python3.12/site-packages/airflow/example_dags/example_bash_operator.py
[2025-02-13T04:35:14.933+0000] {processor.py:925} INFO - DAG(s) 'example_bash_operator' retrieved from /home/airflow/.local/lib/python3.12/site-packages/airflow/example_dags/example_bash_operator.py
[2025-02-13T04:35:14.960+0000] {logging_mixin.py:190} INFO - [2025-02-13T04:35:14.959+0000] {dag.py:3239} INFO - Sync 1 DAGs
[2025-02-13T04:35:14.986+0000] {logging_mixin.py:190} INFO - [2025-02-13T04:35:14.986+0000] {dag.py:4180} INFO - Setting next_dagrun for example_bash_operator to 2025-02-12 00:00:00+00:00, run_after=2025-02-13 00:00:00+00:00
[2025-02-13T04:35:15.007+0000] {processor.py:208} INFO - Processing /home/airflow/.local/lib/python3.12/site-packages/airflow/example_dags/example_bash_operator.py took 0.096 seconds
[2025-02-13T04:35:45.334+0000] {processor.py:186} INFO - Started process (PID=2694) to work on /home/airflow/.local/lib/python3.12/site-packages/airflow/example_dags/example_bash_operator.py
[2025-02-13T04:35:45.334+0000] {processor.py:914} INFO - Processing file /home/airflow/.local/lib/python3.12/site-packages/airflow/example_dags/example_bash_operator.py for tasks to queue
[2025-02-13T04:35:45.337+0000] {logging_mixin.py:190} INFO - [2025-02-13T04:35:45.336+0000] {dagbag.py:588} INFO - Filling up the DagBag from /home/airflow/.local/lib/python3.12/site-packages/airflow/example_dags/example_bash_operator.py
[2025-02-13T04:35:45.349+0000] {processor.py:925} INFO - DAG(s) 'example_bash_operator' retrieved from /home/airflow/.local/lib/python3.12/site-packages/airflow/example_dags/example_bash_operator.py
[2025-02-13T04:35:45.375+0000] {logging_mixin.py:190} INFO - [2025-02-13T04:35:45.375+0000] {dag.py:3239} INFO - Sync 1 DAGs
[2025-02-13T04:35:45.401+0000] {logging_mixin.py:190} INFO - [2025-02-13T04:35:45.401+0000] {dag.py:4180} INFO - Setting next_dagrun for example_bash_operator to 2025-02-12 00:00:00+00:00, run_after=2025-02-13 00:00:00+00:00
[2025-02-13T04:35:45.422+0000] {processor.py:208} INFO - Processing /home/airflow/.local/lib/python3.12/site-packages/airflow/example_dags/example_bash_operator.py took 0.093 seconds
[2025-02-13T04:36:15.983+0000] {processor.py:186} INFO - Started process (PID=2760) to work on /home/airflow/.local/lib/python3.12/site-packages/airflow/example_dags/example_bash_operator.py
[2025-02-13T04:36:15.984+0000] {processor.py:914} INFO - Processing file /home/airflow/.local/lib/python3.12/site-packages/airflow/example_dags/example_bash_operator.py for tasks to queue
[2025-02-13T04:36:15.987+0000] {logging_mixin.py:190} INFO - [2025-02-13T04:36:15.986+0000] {dagbag.py:588} INFO - Filling up the DagBag from /home/airflow/.local/lib/python3.12/site-packages/airflow/example_dags/example_bash_operator.py
[2025-02-13T04:36:16.002+0000] {processor.py:925} INFO - DAG(s) 'example_bash_operator' retrieved from /home/airflow/.local/lib/python3.12/site-packages/airflow/example_dags/example_bash_operator.py
[2025-02-13T04:36:16.029+0000] {logging_mixin.py:190} INFO - [2025-02-13T04:36:16.029+0000] {dag.py:3239} INFO - Sync 1 DAGs
[2025-02-13T04:36:16.054+0000] {logging_mixin.py:190} INFO - [2025-02-13T04:36:16.054+0000] {dag.py:4180} INFO - Setting next_dagrun for example_bash_operator to 2025-02-12 00:00:00+00:00, run_after=2025-02-13 00:00:00+00:00
[2025-02-13T04:36:16.076+0000] {processor.py:208} INFO - Processing /home/airflow/.local/lib/python3.12/site-packages/airflow/example_dags/example_bash_operator.py took 0.100 seconds
[2025-02-13T04:36:46.602+0000] {processor.py:186} INFO - Started process (PID=2826) to work on /home/airflow/.local/lib/python3.12/site-packages/airflow/example_dags/example_bash_operator.py
[2025-02-13T04:36:46.603+0000] {processor.py:914} INFO - Processing file /home/airflow/.local/lib/python3.12/site-packages/airflow/example_dags/example_bash_operator.py for tasks to queue
[2025-02-13T04:36:46.607+0000] {logging_mixin.py:190} INFO - [2025-02-13T04:36:46.606+0000] {dagbag.py:588} INFO - Filling up the DagBag from /home/airflow/.local/lib/python3.12/site-packages/airflow/example_dags/example_bash_operator.py
[2025-02-13T04:36:46.623+0000] {processor.py:925} INFO - DAG(s) 'example_bash_operator' retrieved from /home/airflow/.local/lib/python3.12/site-packages/airflow/example_dags/example_bash_operator.py
[2025-02-13T04:36:46.662+0000] {logging_mixin.py:190} INFO - [2025-02-13T04:36:46.662+0000] {dag.py:3239} INFO - Sync 1 DAGs
[2025-02-13T04:36:46.692+0000] {logging_mixin.py:190} INFO - [2025-02-13T04:36:46.692+0000] {dag.py:4180} INFO - Setting next_dagrun for example_bash_operator to 2025-02-12 00:00:00+00:00, run_after=2025-02-13 00:00:00+00:00
[2025-02-13T04:36:46.715+0000] {processor.py:208} INFO - Processing /home/airflow/.local/lib/python3.12/site-packages/airflow/example_dags/example_bash_operator.py took 0.120 seconds
[2025-02-13T04:37:17.128+0000] {processor.py:186} INFO - Started process (PID=2892) to work on /home/airflow/.local/lib/python3.12/site-packages/airflow/example_dags/example_bash_operator.py
[2025-02-13T04:37:17.129+0000] {processor.py:914} INFO - Processing file /home/airflow/.local/lib/python3.12/site-packages/airflow/example_dags/example_bash_operator.py for tasks to queue
[2025-02-13T04:37:17.133+0000] {logging_mixin.py:190} INFO - [2025-02-13T04:37:17.132+0000] {dagbag.py:588} INFO - Filling up the DagBag from /home/airflow/.local/lib/python3.12/site-packages/airflow/example_dags/example_bash_operator.py
[2025-02-13T04:37:17.153+0000] {processor.py:925} INFO - DAG(s) 'example_bash_operator' retrieved from /home/airflow/.local/lib/python3.12/site-packages/airflow/example_dags/example_bash_operator.py
[2025-02-13T04:37:17.196+0000] {logging_mixin.py:190} INFO - [2025-02-13T04:37:17.195+0000] {dag.py:3239} INFO - Sync 1 DAGs
[2025-02-13T04:37:17.256+0000] {logging_mixin.py:190} INFO - [2025-02-13T04:37:17.255+0000] {dag.py:4180} INFO - Setting next_dagrun for example_bash_operator to 2025-02-12 00:00:00+00:00, run_after=2025-02-13 00:00:00+00:00
[2025-02-13T04:37:17.293+0000] {processor.py:208} INFO - Processing /home/airflow/.local/lib/python3.12/site-packages/airflow/example_dags/example_bash_operator.py took 0.174 seconds
