[2025-02-13T04:15:30.783+0000] {processor.py:186} INFO - Started process (PID=96) to work on /home/airflow/.local/lib/python3.12/site-packages/airflow/example_dags/example_dataset_alias.py
[2025-02-13T04:15:30.784+0000] {processor.py:914} INFO - Processing file /home/airflow/.local/lib/python3.12/site-packages/airflow/example_dags/example_dataset_alias.py for tasks to queue
[2025-02-13T04:15:30.786+0000] {logging_mixin.py:190} INFO - [2025-02-13T04:15:30.786+0000] {dagbag.py:588} INFO - Filling up the DagBag from /home/airflow/.local/lib/python3.12/site-packages/airflow/example_dags/example_dataset_alias.py
[2025-02-13T04:15:31.600+0000] {processor.py:925} INFO - DAG(s) 'dataset_s3_bucket_consumer', 'dataset_s3_bucket_producer', 'dataset_alias_example_alias_consumer', 'dataset_alias_example_alias_producer' retrieved from /home/airflow/.local/lib/python3.12/site-packages/airflow/example_dags/example_dataset_alias.py
[2025-02-13T04:15:31.651+0000] {logging_mixin.py:190} INFO - [2025-02-13T04:15:31.650+0000] {dag.py:3239} INFO - Sync 4 DAGs
[2025-02-13T04:15:31.687+0000] {logging_mixin.py:190} INFO - [2025-02-13T04:15:31.686+0000] {dag.py:4180} INFO - Setting next_dagrun for dataset_alias_example_alias_consumer to None, run_after=None
[2025-02-13T04:15:31.691+0000] {logging_mixin.py:190} INFO - [2025-02-13T04:15:31.691+0000] {dag.py:4180} INFO - Setting next_dagrun for dataset_alias_example_alias_producer to None, run_after=None
[2025-02-13T04:15:31.693+0000] {logging_mixin.py:190} INFO - [2025-02-13T04:15:31.693+0000] {dag.py:4180} INFO - Setting next_dagrun for dataset_s3_bucket_consumer to None, run_after=None
[2025-02-13T04:15:31.696+0000] {logging_mixin.py:190} INFO - [2025-02-13T04:15:31.695+0000] {dag.py:4180} INFO - Setting next_dagrun for dataset_s3_bucket_producer to None, run_after=None
[2025-02-13T04:15:31.736+0000] {processor.py:208} INFO - Processing /home/airflow/.local/lib/python3.12/site-packages/airflow/example_dags/example_dataset_alias.py took 0.960 seconds
[2025-02-13T04:16:02.436+0000] {processor.py:186} INFO - Started process (PID=162) to work on /home/airflow/.local/lib/python3.12/site-packages/airflow/example_dags/example_dataset_alias.py
[2025-02-13T04:16:02.437+0000] {processor.py:914} INFO - Processing file /home/airflow/.local/lib/python3.12/site-packages/airflow/example_dags/example_dataset_alias.py for tasks to queue
[2025-02-13T04:16:02.439+0000] {logging_mixin.py:190} INFO - [2025-02-13T04:16:02.439+0000] {dagbag.py:588} INFO - Filling up the DagBag from /home/airflow/.local/lib/python3.12/site-packages/airflow/example_dags/example_dataset_alias.py
[2025-02-13T04:16:02.924+0000] {processor.py:925} INFO - DAG(s) 'dataset_alias_example_alias_consumer', 'dataset_s3_bucket_consumer', 'dataset_s3_bucket_producer', 'dataset_alias_example_alias_producer' retrieved from /home/airflow/.local/lib/python3.12/site-packages/airflow/example_dags/example_dataset_alias.py
[2025-02-13T04:16:02.944+0000] {logging_mixin.py:190} INFO - [2025-02-13T04:16:02.944+0000] {dag.py:3239} INFO - Sync 4 DAGs
[2025-02-13T04:16:02.968+0000] {logging_mixin.py:190} INFO - [2025-02-13T04:16:02.968+0000] {dag.py:4180} INFO - Setting next_dagrun for dataset_alias_example_alias_consumer to None, run_after=None
[2025-02-13T04:16:02.971+0000] {logging_mixin.py:190} INFO - [2025-02-13T04:16:02.971+0000] {dag.py:4180} INFO - Setting next_dagrun for dataset_alias_example_alias_producer to None, run_after=None
[2025-02-13T04:16:02.972+0000] {logging_mixin.py:190} INFO - [2025-02-13T04:16:02.972+0000] {dag.py:4180} INFO - Setting next_dagrun for dataset_s3_bucket_consumer to None, run_after=None
[2025-02-13T04:16:02.974+0000] {logging_mixin.py:190} INFO - [2025-02-13T04:16:02.974+0000] {dag.py:4180} INFO - Setting next_dagrun for dataset_s3_bucket_producer to None, run_after=None
[2025-02-13T04:16:02.995+0000] {processor.py:208} INFO - Processing /home/airflow/.local/lib/python3.12/site-packages/airflow/example_dags/example_dataset_alias.py took 0.566 seconds
[2025-02-13T04:16:33.243+0000] {processor.py:186} INFO - Started process (PID=228) to work on /home/airflow/.local/lib/python3.12/site-packages/airflow/example_dags/example_dataset_alias.py
[2025-02-13T04:16:33.244+0000] {processor.py:914} INFO - Processing file /home/airflow/.local/lib/python3.12/site-packages/airflow/example_dags/example_dataset_alias.py for tasks to queue
[2025-02-13T04:16:33.246+0000] {logging_mixin.py:190} INFO - [2025-02-13T04:16:33.246+0000] {dagbag.py:588} INFO - Filling up the DagBag from /home/airflow/.local/lib/python3.12/site-packages/airflow/example_dags/example_dataset_alias.py
[2025-02-13T04:16:33.701+0000] {processor.py:925} INFO - DAG(s) 'dataset_alias_example_alias_consumer', 'dataset_s3_bucket_producer', 'dataset_alias_example_alias_producer', 'dataset_s3_bucket_consumer' retrieved from /home/airflow/.local/lib/python3.12/site-packages/airflow/example_dags/example_dataset_alias.py
[2025-02-13T04:16:33.720+0000] {logging_mixin.py:190} INFO - [2025-02-13T04:16:33.720+0000] {dag.py:3239} INFO - Sync 4 DAGs
[2025-02-13T04:16:33.742+0000] {logging_mixin.py:190} INFO - [2025-02-13T04:16:33.741+0000] {dag.py:4180} INFO - Setting next_dagrun for dataset_alias_example_alias_consumer to None, run_after=None
[2025-02-13T04:16:33.744+0000] {logging_mixin.py:190} INFO - [2025-02-13T04:16:33.744+0000] {dag.py:4180} INFO - Setting next_dagrun for dataset_alias_example_alias_producer to None, run_after=None
[2025-02-13T04:16:33.745+0000] {logging_mixin.py:190} INFO - [2025-02-13T04:16:33.745+0000] {dag.py:4180} INFO - Setting next_dagrun for dataset_s3_bucket_consumer to None, run_after=None
[2025-02-13T04:16:33.747+0000] {logging_mixin.py:190} INFO - [2025-02-13T04:16:33.747+0000] {dag.py:4180} INFO - Setting next_dagrun for dataset_s3_bucket_producer to None, run_after=None
[2025-02-13T04:16:33.766+0000] {processor.py:208} INFO - Processing /home/airflow/.local/lib/python3.12/site-packages/airflow/example_dags/example_dataset_alias.py took 0.528 seconds
[2025-02-13T04:17:04.682+0000] {processor.py:186} INFO - Started process (PID=294) to work on /home/airflow/.local/lib/python3.12/site-packages/airflow/example_dags/example_dataset_alias.py
[2025-02-13T04:17:04.683+0000] {processor.py:914} INFO - Processing file /home/airflow/.local/lib/python3.12/site-packages/airflow/example_dags/example_dataset_alias.py for tasks to queue
[2025-02-13T04:17:04.685+0000] {logging_mixin.py:190} INFO - [2025-02-13T04:17:04.685+0000] {dagbag.py:588} INFO - Filling up the DagBag from /home/airflow/.local/lib/python3.12/site-packages/airflow/example_dags/example_dataset_alias.py
[2025-02-13T04:17:05.170+0000] {processor.py:925} INFO - DAG(s) 'dataset_s3_bucket_consumer', 'dataset_alias_example_alias_producer', 'dataset_s3_bucket_producer', 'dataset_alias_example_alias_consumer' retrieved from /home/airflow/.local/lib/python3.12/site-packages/airflow/example_dags/example_dataset_alias.py
[2025-02-13T04:17:05.189+0000] {logging_mixin.py:190} INFO - [2025-02-13T04:17:05.189+0000] {dag.py:3239} INFO - Sync 4 DAGs
[2025-02-13T04:17:05.212+0000] {logging_mixin.py:190} INFO - [2025-02-13T04:17:05.211+0000] {dag.py:4180} INFO - Setting next_dagrun for dataset_alias_example_alias_consumer to None, run_after=None
[2025-02-13T04:17:05.214+0000] {logging_mixin.py:190} INFO - [2025-02-13T04:17:05.214+0000] {dag.py:4180} INFO - Setting next_dagrun for dataset_alias_example_alias_producer to None, run_after=None
[2025-02-13T04:17:05.215+0000] {logging_mixin.py:190} INFO - [2025-02-13T04:17:05.215+0000] {dag.py:4180} INFO - Setting next_dagrun for dataset_s3_bucket_consumer to None, run_after=None
[2025-02-13T04:17:05.217+0000] {logging_mixin.py:190} INFO - [2025-02-13T04:17:05.216+0000] {dag.py:4180} INFO - Setting next_dagrun for dataset_s3_bucket_producer to None, run_after=None
[2025-02-13T04:17:05.235+0000] {processor.py:208} INFO - Processing /home/airflow/.local/lib/python3.12/site-packages/airflow/example_dags/example_dataset_alias.py took 0.559 seconds
[2025-02-13T04:17:35.940+0000] {processor.py:186} INFO - Started process (PID=360) to work on /home/airflow/.local/lib/python3.12/site-packages/airflow/example_dags/example_dataset_alias.py
[2025-02-13T04:17:35.941+0000] {processor.py:914} INFO - Processing file /home/airflow/.local/lib/python3.12/site-packages/airflow/example_dags/example_dataset_alias.py for tasks to queue
[2025-02-13T04:17:35.943+0000] {logging_mixin.py:190} INFO - [2025-02-13T04:17:35.942+0000] {dagbag.py:588} INFO - Filling up the DagBag from /home/airflow/.local/lib/python3.12/site-packages/airflow/example_dags/example_dataset_alias.py
[2025-02-13T04:17:36.488+0000] {processor.py:925} INFO - DAG(s) 'dataset_alias_example_alias_producer', 'dataset_s3_bucket_consumer', 'dataset_alias_example_alias_consumer', 'dataset_s3_bucket_producer' retrieved from /home/airflow/.local/lib/python3.12/site-packages/airflow/example_dags/example_dataset_alias.py
[2025-02-13T04:17:36.509+0000] {logging_mixin.py:190} INFO - [2025-02-13T04:17:36.509+0000] {dag.py:3239} INFO - Sync 4 DAGs
[2025-02-13T04:17:36.533+0000] {logging_mixin.py:190} INFO - [2025-02-13T04:17:36.533+0000] {dag.py:4180} INFO - Setting next_dagrun for dataset_alias_example_alias_consumer to None, run_after=None
[2025-02-13T04:17:36.536+0000] {logging_mixin.py:190} INFO - [2025-02-13T04:17:36.536+0000] {dag.py:4180} INFO - Setting next_dagrun for dataset_alias_example_alias_producer to None, run_after=None
[2025-02-13T04:17:36.538+0000] {logging_mixin.py:190} INFO - [2025-02-13T04:17:36.537+0000] {dag.py:4180} INFO - Setting next_dagrun for dataset_s3_bucket_consumer to None, run_after=None
[2025-02-13T04:17:36.539+0000] {logging_mixin.py:190} INFO - [2025-02-13T04:17:36.539+0000] {dag.py:4180} INFO - Setting next_dagrun for dataset_s3_bucket_producer to None, run_after=None
[2025-02-13T04:17:36.557+0000] {processor.py:208} INFO - Processing /home/airflow/.local/lib/python3.12/site-packages/airflow/example_dags/example_dataset_alias.py took 0.624 seconds
[2025-02-13T04:18:07.473+0000] {processor.py:186} INFO - Started process (PID=426) to work on /home/airflow/.local/lib/python3.12/site-packages/airflow/example_dags/example_dataset_alias.py
[2025-02-13T04:18:07.474+0000] {processor.py:914} INFO - Processing file /home/airflow/.local/lib/python3.12/site-packages/airflow/example_dags/example_dataset_alias.py for tasks to queue
[2025-02-13T04:18:07.477+0000] {logging_mixin.py:190} INFO - [2025-02-13T04:18:07.476+0000] {dagbag.py:588} INFO - Filling up the DagBag from /home/airflow/.local/lib/python3.12/site-packages/airflow/example_dags/example_dataset_alias.py
[2025-02-13T04:18:07.957+0000] {processor.py:925} INFO - DAG(s) 'dataset_alias_example_alias_producer', 'dataset_alias_example_alias_consumer', 'dataset_s3_bucket_consumer', 'dataset_s3_bucket_producer' retrieved from /home/airflow/.local/lib/python3.12/site-packages/airflow/example_dags/example_dataset_alias.py
[2025-02-13T04:18:07.978+0000] {logging_mixin.py:190} INFO - [2025-02-13T04:18:07.977+0000] {dag.py:3239} INFO - Sync 4 DAGs
[2025-02-13T04:18:07.999+0000] {logging_mixin.py:190} INFO - [2025-02-13T04:18:07.999+0000] {dag.py:4180} INFO - Setting next_dagrun for dataset_alias_example_alias_consumer to None, run_after=None
[2025-02-13T04:18:08.002+0000] {logging_mixin.py:190} INFO - [2025-02-13T04:18:08.001+0000] {dag.py:4180} INFO - Setting next_dagrun for dataset_alias_example_alias_producer to None, run_after=None
[2025-02-13T04:18:08.003+0000] {logging_mixin.py:190} INFO - [2025-02-13T04:18:08.003+0000] {dag.py:4180} INFO - Setting next_dagrun for dataset_s3_bucket_consumer to None, run_after=None
[2025-02-13T04:18:08.005+0000] {logging_mixin.py:190} INFO - [2025-02-13T04:18:08.005+0000] {dag.py:4180} INFO - Setting next_dagrun for dataset_s3_bucket_producer to None, run_after=None
[2025-02-13T04:18:08.026+0000] {processor.py:208} INFO - Processing /home/airflow/.local/lib/python3.12/site-packages/airflow/example_dags/example_dataset_alias.py took 0.558 seconds
[2025-02-13T04:18:38.349+0000] {processor.py:186} INFO - Started process (PID=492) to work on /home/airflow/.local/lib/python3.12/site-packages/airflow/example_dags/example_dataset_alias.py
[2025-02-13T04:18:38.350+0000] {processor.py:914} INFO - Processing file /home/airflow/.local/lib/python3.12/site-packages/airflow/example_dags/example_dataset_alias.py for tasks to queue
[2025-02-13T04:18:38.353+0000] {logging_mixin.py:190} INFO - [2025-02-13T04:18:38.353+0000] {dagbag.py:588} INFO - Filling up the DagBag from /home/airflow/.local/lib/python3.12/site-packages/airflow/example_dags/example_dataset_alias.py
[2025-02-13T04:18:38.985+0000] {processor.py:925} INFO - DAG(s) 'dataset_alias_example_alias_producer', 'dataset_alias_example_alias_consumer', 'dataset_s3_bucket_consumer', 'dataset_s3_bucket_producer' retrieved from /home/airflow/.local/lib/python3.12/site-packages/airflow/example_dags/example_dataset_alias.py
[2025-02-13T04:18:39.027+0000] {logging_mixin.py:190} INFO - [2025-02-13T04:18:39.027+0000] {dag.py:3239} INFO - Sync 4 DAGs
[2025-02-13T04:18:39.061+0000] {logging_mixin.py:190} INFO - [2025-02-13T04:18:39.060+0000] {dag.py:4180} INFO - Setting next_dagrun for dataset_alias_example_alias_consumer to None, run_after=None
[2025-02-13T04:18:39.064+0000] {logging_mixin.py:190} INFO - [2025-02-13T04:18:39.064+0000] {dag.py:4180} INFO - Setting next_dagrun for dataset_alias_example_alias_producer to None, run_after=None
[2025-02-13T04:18:39.066+0000] {logging_mixin.py:190} INFO - [2025-02-13T04:18:39.066+0000] {dag.py:4180} INFO - Setting next_dagrun for dataset_s3_bucket_consumer to None, run_after=None
[2025-02-13T04:18:39.068+0000] {logging_mixin.py:190} INFO - [2025-02-13T04:18:39.068+0000] {dag.py:4180} INFO - Setting next_dagrun for dataset_s3_bucket_producer to None, run_after=None
[2025-02-13T04:18:39.095+0000] {processor.py:208} INFO - Processing /home/airflow/.local/lib/python3.12/site-packages/airflow/example_dags/example_dataset_alias.py took 0.755 seconds
[2025-02-13T04:19:09.757+0000] {processor.py:186} INFO - Started process (PID=558) to work on /home/airflow/.local/lib/python3.12/site-packages/airflow/example_dags/example_dataset_alias.py
[2025-02-13T04:19:09.758+0000] {processor.py:914} INFO - Processing file /home/airflow/.local/lib/python3.12/site-packages/airflow/example_dags/example_dataset_alias.py for tasks to queue
[2025-02-13T04:19:09.760+0000] {logging_mixin.py:190} INFO - [2025-02-13T04:19:09.759+0000] {dagbag.py:588} INFO - Filling up the DagBag from /home/airflow/.local/lib/python3.12/site-packages/airflow/example_dags/example_dataset_alias.py
[2025-02-13T04:19:10.233+0000] {processor.py:925} INFO - DAG(s) 'dataset_alias_example_alias_consumer', 'dataset_alias_example_alias_producer', 'dataset_s3_bucket_consumer', 'dataset_s3_bucket_producer' retrieved from /home/airflow/.local/lib/python3.12/site-packages/airflow/example_dags/example_dataset_alias.py
[2025-02-13T04:19:10.260+0000] {logging_mixin.py:190} INFO - [2025-02-13T04:19:10.259+0000] {dag.py:3239} INFO - Sync 4 DAGs
[2025-02-13T04:19:10.282+0000] {logging_mixin.py:190} INFO - [2025-02-13T04:19:10.281+0000] {dag.py:4180} INFO - Setting next_dagrun for dataset_alias_example_alias_consumer to None, run_after=None
[2025-02-13T04:19:10.286+0000] {logging_mixin.py:190} INFO - [2025-02-13T04:19:10.285+0000] {dag.py:4180} INFO - Setting next_dagrun for dataset_alias_example_alias_producer to None, run_after=None
[2025-02-13T04:19:10.288+0000] {logging_mixin.py:190} INFO - [2025-02-13T04:19:10.288+0000] {dag.py:4180} INFO - Setting next_dagrun for dataset_s3_bucket_consumer to None, run_after=None
[2025-02-13T04:19:10.290+0000] {logging_mixin.py:190} INFO - [2025-02-13T04:19:10.290+0000] {dag.py:4180} INFO - Setting next_dagrun for dataset_s3_bucket_producer to None, run_after=None
[2025-02-13T04:19:10.312+0000] {processor.py:208} INFO - Processing /home/airflow/.local/lib/python3.12/site-packages/airflow/example_dags/example_dataset_alias.py took 0.561 seconds
[2025-02-13T04:19:41.106+0000] {processor.py:186} INFO - Started process (PID=624) to work on /home/airflow/.local/lib/python3.12/site-packages/airflow/example_dags/example_dataset_alias.py
[2025-02-13T04:19:41.107+0000] {processor.py:914} INFO - Processing file /home/airflow/.local/lib/python3.12/site-packages/airflow/example_dags/example_dataset_alias.py for tasks to queue
[2025-02-13T04:19:41.109+0000] {logging_mixin.py:190} INFO - [2025-02-13T04:19:41.108+0000] {dagbag.py:588} INFO - Filling up the DagBag from /home/airflow/.local/lib/python3.12/site-packages/airflow/example_dags/example_dataset_alias.py
[2025-02-13T04:19:41.589+0000] {processor.py:925} INFO - DAG(s) 'dataset_alias_example_alias_consumer', 'dataset_alias_example_alias_producer', 'dataset_s3_bucket_consumer', 'dataset_s3_bucket_producer' retrieved from /home/airflow/.local/lib/python3.12/site-packages/airflow/example_dags/example_dataset_alias.py
[2025-02-13T04:19:41.609+0000] {logging_mixin.py:190} INFO - [2025-02-13T04:19:41.609+0000] {dag.py:3239} INFO - Sync 4 DAGs
[2025-02-13T04:19:41.630+0000] {logging_mixin.py:190} INFO - [2025-02-13T04:19:41.630+0000] {dag.py:4180} INFO - Setting next_dagrun for dataset_alias_example_alias_consumer to None, run_after=None
[2025-02-13T04:19:41.633+0000] {logging_mixin.py:190} INFO - [2025-02-13T04:19:41.633+0000] {dag.py:4180} INFO - Setting next_dagrun for dataset_alias_example_alias_producer to None, run_after=None
[2025-02-13T04:19:41.635+0000] {logging_mixin.py:190} INFO - [2025-02-13T04:19:41.635+0000] {dag.py:4180} INFO - Setting next_dagrun for dataset_s3_bucket_consumer to None, run_after=None
[2025-02-13T04:19:41.636+0000] {logging_mixin.py:190} INFO - [2025-02-13T04:19:41.636+0000] {dag.py:4180} INFO - Setting next_dagrun for dataset_s3_bucket_producer to None, run_after=None
[2025-02-13T04:19:41.656+0000] {processor.py:208} INFO - Processing /home/airflow/.local/lib/python3.12/site-packages/airflow/example_dags/example_dataset_alias.py took 0.557 seconds
[2025-02-13T04:20:12.490+0000] {processor.py:186} INFO - Started process (PID=690) to work on /home/airflow/.local/lib/python3.12/site-packages/airflow/example_dags/example_dataset_alias.py
[2025-02-13T04:20:12.491+0000] {processor.py:914} INFO - Processing file /home/airflow/.local/lib/python3.12/site-packages/airflow/example_dags/example_dataset_alias.py for tasks to queue
[2025-02-13T04:20:12.493+0000] {logging_mixin.py:190} INFO - [2025-02-13T04:20:12.493+0000] {dagbag.py:588} INFO - Filling up the DagBag from /home/airflow/.local/lib/python3.12/site-packages/airflow/example_dags/example_dataset_alias.py
[2025-02-13T04:20:12.989+0000] {processor.py:925} INFO - DAG(s) 'dataset_alias_example_alias_producer', 'dataset_alias_example_alias_consumer', 'dataset_s3_bucket_producer', 'dataset_s3_bucket_consumer' retrieved from /home/airflow/.local/lib/python3.12/site-packages/airflow/example_dags/example_dataset_alias.py
[2025-02-13T04:20:13.011+0000] {logging_mixin.py:190} INFO - [2025-02-13T04:20:13.010+0000] {dag.py:3239} INFO - Sync 4 DAGs
[2025-02-13T04:20:13.030+0000] {logging_mixin.py:190} INFO - [2025-02-13T04:20:13.030+0000] {dag.py:4180} INFO - Setting next_dagrun for dataset_alias_example_alias_consumer to None, run_after=None
[2025-02-13T04:20:13.033+0000] {logging_mixin.py:190} INFO - [2025-02-13T04:20:13.032+0000] {dag.py:4180} INFO - Setting next_dagrun for dataset_alias_example_alias_producer to None, run_after=None
[2025-02-13T04:20:13.034+0000] {logging_mixin.py:190} INFO - [2025-02-13T04:20:13.034+0000] {dag.py:4180} INFO - Setting next_dagrun for dataset_s3_bucket_consumer to None, run_after=None
[2025-02-13T04:20:13.036+0000] {logging_mixin.py:190} INFO - [2025-02-13T04:20:13.036+0000] {dag.py:4180} INFO - Setting next_dagrun for dataset_s3_bucket_producer to None, run_after=None
[2025-02-13T04:20:13.056+0000] {processor.py:208} INFO - Processing /home/airflow/.local/lib/python3.12/site-packages/airflow/example_dags/example_dataset_alias.py took 0.572 seconds
[2025-02-13T04:20:43.275+0000] {processor.py:186} INFO - Started process (PID=756) to work on /home/airflow/.local/lib/python3.12/site-packages/airflow/example_dags/example_dataset_alias.py
[2025-02-13T04:20:43.276+0000] {processor.py:914} INFO - Processing file /home/airflow/.local/lib/python3.12/site-packages/airflow/example_dags/example_dataset_alias.py for tasks to queue
[2025-02-13T04:20:43.278+0000] {logging_mixin.py:190} INFO - [2025-02-13T04:20:43.277+0000] {dagbag.py:588} INFO - Filling up the DagBag from /home/airflow/.local/lib/python3.12/site-packages/airflow/example_dags/example_dataset_alias.py
[2025-02-13T04:20:43.777+0000] {processor.py:925} INFO - DAG(s) 'dataset_s3_bucket_consumer', 'dataset_alias_example_alias_consumer', 'dataset_alias_example_alias_producer', 'dataset_s3_bucket_producer' retrieved from /home/airflow/.local/lib/python3.12/site-packages/airflow/example_dags/example_dataset_alias.py
[2025-02-13T04:20:43.802+0000] {logging_mixin.py:190} INFO - [2025-02-13T04:20:43.801+0000] {dag.py:3239} INFO - Sync 4 DAGs
[2025-02-13T04:20:43.823+0000] {logging_mixin.py:190} INFO - [2025-02-13T04:20:43.823+0000] {dag.py:4180} INFO - Setting next_dagrun for dataset_alias_example_alias_consumer to None, run_after=None
[2025-02-13T04:20:43.826+0000] {logging_mixin.py:190} INFO - [2025-02-13T04:20:43.826+0000] {dag.py:4180} INFO - Setting next_dagrun for dataset_alias_example_alias_producer to None, run_after=None
[2025-02-13T04:20:43.828+0000] {logging_mixin.py:190} INFO - [2025-02-13T04:20:43.827+0000] {dag.py:4180} INFO - Setting next_dagrun for dataset_s3_bucket_consumer to None, run_after=None
[2025-02-13T04:20:43.829+0000] {logging_mixin.py:190} INFO - [2025-02-13T04:20:43.829+0000] {dag.py:4180} INFO - Setting next_dagrun for dataset_s3_bucket_producer to None, run_after=None
[2025-02-13T04:20:43.850+0000] {processor.py:208} INFO - Processing /home/airflow/.local/lib/python3.12/site-packages/airflow/example_dags/example_dataset_alias.py took 0.581 seconds
[2025-02-13T04:21:14.073+0000] {processor.py:186} INFO - Started process (PID=822) to work on /home/airflow/.local/lib/python3.12/site-packages/airflow/example_dags/example_dataset_alias.py
[2025-02-13T04:21:14.074+0000] {processor.py:914} INFO - Processing file /home/airflow/.local/lib/python3.12/site-packages/airflow/example_dags/example_dataset_alias.py for tasks to queue
[2025-02-13T04:21:14.076+0000] {logging_mixin.py:190} INFO - [2025-02-13T04:21:14.076+0000] {dagbag.py:588} INFO - Filling up the DagBag from /home/airflow/.local/lib/python3.12/site-packages/airflow/example_dags/example_dataset_alias.py
[2025-02-13T04:21:14.601+0000] {processor.py:925} INFO - DAG(s) 'dataset_s3_bucket_consumer', 'dataset_s3_bucket_producer', 'dataset_alias_example_alias_producer', 'dataset_alias_example_alias_consumer' retrieved from /home/airflow/.local/lib/python3.12/site-packages/airflow/example_dags/example_dataset_alias.py
[2025-02-13T04:21:14.630+0000] {logging_mixin.py:190} INFO - [2025-02-13T04:21:14.629+0000] {dag.py:3239} INFO - Sync 4 DAGs
[2025-02-13T04:21:14.656+0000] {logging_mixin.py:190} INFO - [2025-02-13T04:21:14.656+0000] {dag.py:4180} INFO - Setting next_dagrun for dataset_alias_example_alias_consumer to None, run_after=None
[2025-02-13T04:21:14.659+0000] {logging_mixin.py:190} INFO - [2025-02-13T04:21:14.659+0000] {dag.py:4180} INFO - Setting next_dagrun for dataset_alias_example_alias_producer to None, run_after=None
[2025-02-13T04:21:14.661+0000] {logging_mixin.py:190} INFO - [2025-02-13T04:21:14.660+0000] {dag.py:4180} INFO - Setting next_dagrun for dataset_s3_bucket_consumer to None, run_after=None
[2025-02-13T04:21:14.662+0000] {logging_mixin.py:190} INFO - [2025-02-13T04:21:14.662+0000] {dag.py:4180} INFO - Setting next_dagrun for dataset_s3_bucket_producer to None, run_after=None
[2025-02-13T04:21:14.685+0000] {processor.py:208} INFO - Processing /home/airflow/.local/lib/python3.12/site-packages/airflow/example_dags/example_dataset_alias.py took 0.618 seconds
[2025-02-13T04:21:45.393+0000] {processor.py:186} INFO - Started process (PID=888) to work on /home/airflow/.local/lib/python3.12/site-packages/airflow/example_dags/example_dataset_alias.py
[2025-02-13T04:21:45.394+0000] {processor.py:914} INFO - Processing file /home/airflow/.local/lib/python3.12/site-packages/airflow/example_dags/example_dataset_alias.py for tasks to queue
[2025-02-13T04:21:45.396+0000] {logging_mixin.py:190} INFO - [2025-02-13T04:21:45.396+0000] {dagbag.py:588} INFO - Filling up the DagBag from /home/airflow/.local/lib/python3.12/site-packages/airflow/example_dags/example_dataset_alias.py
[2025-02-13T04:21:45.867+0000] {processor.py:925} INFO - DAG(s) 'dataset_alias_example_alias_producer', 'dataset_alias_example_alias_consumer', 'dataset_s3_bucket_producer', 'dataset_s3_bucket_consumer' retrieved from /home/airflow/.local/lib/python3.12/site-packages/airflow/example_dags/example_dataset_alias.py
[2025-02-13T04:21:45.887+0000] {logging_mixin.py:190} INFO - [2025-02-13T04:21:45.887+0000] {dag.py:3239} INFO - Sync 4 DAGs
[2025-02-13T04:21:45.910+0000] {logging_mixin.py:190} INFO - [2025-02-13T04:21:45.910+0000] {dag.py:4180} INFO - Setting next_dagrun for dataset_alias_example_alias_consumer to None, run_after=None
[2025-02-13T04:21:45.913+0000] {logging_mixin.py:190} INFO - [2025-02-13T04:21:45.913+0000] {dag.py:4180} INFO - Setting next_dagrun for dataset_alias_example_alias_producer to None, run_after=None
[2025-02-13T04:21:45.915+0000] {logging_mixin.py:190} INFO - [2025-02-13T04:21:45.914+0000] {dag.py:4180} INFO - Setting next_dagrun for dataset_s3_bucket_consumer to None, run_after=None
[2025-02-13T04:21:45.916+0000] {logging_mixin.py:190} INFO - [2025-02-13T04:21:45.916+0000] {dag.py:4180} INFO - Setting next_dagrun for dataset_s3_bucket_producer to None, run_after=None
[2025-02-13T04:21:45.944+0000] {processor.py:208} INFO - Processing /home/airflow/.local/lib/python3.12/site-packages/airflow/example_dags/example_dataset_alias.py took 0.557 seconds
[2025-02-13T04:22:16.088+0000] {processor.py:186} INFO - Started process (PID=954) to work on /home/airflow/.local/lib/python3.12/site-packages/airflow/example_dags/example_dataset_alias.py
[2025-02-13T04:22:16.090+0000] {processor.py:914} INFO - Processing file /home/airflow/.local/lib/python3.12/site-packages/airflow/example_dags/example_dataset_alias.py for tasks to queue
[2025-02-13T04:22:16.092+0000] {logging_mixin.py:190} INFO - [2025-02-13T04:22:16.092+0000] {dagbag.py:588} INFO - Filling up the DagBag from /home/airflow/.local/lib/python3.12/site-packages/airflow/example_dags/example_dataset_alias.py
[2025-02-13T04:22:16.578+0000] {processor.py:925} INFO - DAG(s) 'dataset_s3_bucket_consumer', 'dataset_alias_example_alias_consumer', 'dataset_alias_example_alias_producer', 'dataset_s3_bucket_producer' retrieved from /home/airflow/.local/lib/python3.12/site-packages/airflow/example_dags/example_dataset_alias.py
[2025-02-13T04:22:16.598+0000] {logging_mixin.py:190} INFO - [2025-02-13T04:22:16.598+0000] {dag.py:3239} INFO - Sync 4 DAGs
[2025-02-13T04:22:16.621+0000] {logging_mixin.py:190} INFO - [2025-02-13T04:22:16.620+0000] {dag.py:4180} INFO - Setting next_dagrun for dataset_alias_example_alias_consumer to None, run_after=None
[2025-02-13T04:22:16.623+0000] {logging_mixin.py:190} INFO - [2025-02-13T04:22:16.623+0000] {dag.py:4180} INFO - Setting next_dagrun for dataset_alias_example_alias_producer to None, run_after=None
[2025-02-13T04:22:16.625+0000] {logging_mixin.py:190} INFO - [2025-02-13T04:22:16.624+0000] {dag.py:4180} INFO - Setting next_dagrun for dataset_s3_bucket_consumer to None, run_after=None
[2025-02-13T04:22:16.626+0000] {logging_mixin.py:190} INFO - [2025-02-13T04:22:16.626+0000] {dag.py:4180} INFO - Setting next_dagrun for dataset_s3_bucket_producer to None, run_after=None
[2025-02-13T04:22:16.654+0000] {processor.py:208} INFO - Processing /home/airflow/.local/lib/python3.12/site-packages/airflow/example_dags/example_dataset_alias.py took 0.571 seconds
[2025-02-13T04:22:46.709+0000] {processor.py:186} INFO - Started process (PID=1019) to work on /home/airflow/.local/lib/python3.12/site-packages/airflow/example_dags/example_dataset_alias.py
[2025-02-13T04:22:46.710+0000] {processor.py:914} INFO - Processing file /home/airflow/.local/lib/python3.12/site-packages/airflow/example_dags/example_dataset_alias.py for tasks to queue
[2025-02-13T04:22:46.712+0000] {logging_mixin.py:190} INFO - [2025-02-13T04:22:46.712+0000] {dagbag.py:588} INFO - Filling up the DagBag from /home/airflow/.local/lib/python3.12/site-packages/airflow/example_dags/example_dataset_alias.py
[2025-02-13T04:22:47.164+0000] {processor.py:925} INFO - DAG(s) 'dataset_alias_example_alias_consumer', 'dataset_alias_example_alias_producer', 'dataset_s3_bucket_consumer', 'dataset_s3_bucket_producer' retrieved from /home/airflow/.local/lib/python3.12/site-packages/airflow/example_dags/example_dataset_alias.py
[2025-02-13T04:22:47.183+0000] {logging_mixin.py:190} INFO - [2025-02-13T04:22:47.183+0000] {dag.py:3239} INFO - Sync 4 DAGs
[2025-02-13T04:22:47.205+0000] {logging_mixin.py:190} INFO - [2025-02-13T04:22:47.205+0000] {dag.py:4180} INFO - Setting next_dagrun for dataset_alias_example_alias_consumer to None, run_after=None
[2025-02-13T04:22:47.207+0000] {logging_mixin.py:190} INFO - [2025-02-13T04:22:47.207+0000] {dag.py:4180} INFO - Setting next_dagrun for dataset_alias_example_alias_producer to None, run_after=None
[2025-02-13T04:22:47.210+0000] {logging_mixin.py:190} INFO - [2025-02-13T04:22:47.210+0000] {dag.py:4180} INFO - Setting next_dagrun for dataset_s3_bucket_consumer to None, run_after=None
[2025-02-13T04:22:47.211+0000] {logging_mixin.py:190} INFO - [2025-02-13T04:22:47.211+0000] {dag.py:4180} INFO - Setting next_dagrun for dataset_s3_bucket_producer to None, run_after=None
[2025-02-13T04:22:47.238+0000] {processor.py:208} INFO - Processing /home/airflow/.local/lib/python3.12/site-packages/airflow/example_dags/example_dataset_alias.py took 0.534 seconds
[2025-02-13T04:23:17.914+0000] {processor.py:186} INFO - Started process (PID=1085) to work on /home/airflow/.local/lib/python3.12/site-packages/airflow/example_dags/example_dataset_alias.py
[2025-02-13T04:23:17.915+0000] {processor.py:914} INFO - Processing file /home/airflow/.local/lib/python3.12/site-packages/airflow/example_dags/example_dataset_alias.py for tasks to queue
[2025-02-13T04:23:17.917+0000] {logging_mixin.py:190} INFO - [2025-02-13T04:23:17.917+0000] {dagbag.py:588} INFO - Filling up the DagBag from /home/airflow/.local/lib/python3.12/site-packages/airflow/example_dags/example_dataset_alias.py
[2025-02-13T04:23:18.444+0000] {processor.py:925} INFO - DAG(s) 'dataset_alias_example_alias_consumer', 'dataset_alias_example_alias_producer', 'dataset_s3_bucket_producer', 'dataset_s3_bucket_consumer' retrieved from /home/airflow/.local/lib/python3.12/site-packages/airflow/example_dags/example_dataset_alias.py
[2025-02-13T04:23:18.467+0000] {logging_mixin.py:190} INFO - [2025-02-13T04:23:18.467+0000] {dag.py:3239} INFO - Sync 4 DAGs
[2025-02-13T04:23:18.488+0000] {logging_mixin.py:190} INFO - [2025-02-13T04:23:18.488+0000] {dag.py:4180} INFO - Setting next_dagrun for dataset_alias_example_alias_consumer to None, run_after=None
[2025-02-13T04:23:18.491+0000] {logging_mixin.py:190} INFO - [2025-02-13T04:23:18.491+0000] {dag.py:4180} INFO - Setting next_dagrun for dataset_alias_example_alias_producer to None, run_after=None
[2025-02-13T04:23:18.494+0000] {logging_mixin.py:190} INFO - [2025-02-13T04:23:18.494+0000] {dag.py:4180} INFO - Setting next_dagrun for dataset_s3_bucket_consumer to None, run_after=None
[2025-02-13T04:23:18.496+0000] {logging_mixin.py:190} INFO - [2025-02-13T04:23:18.495+0000] {dag.py:4180} INFO - Setting next_dagrun for dataset_s3_bucket_producer to None, run_after=None
[2025-02-13T04:23:18.514+0000] {processor.py:208} INFO - Processing /home/airflow/.local/lib/python3.12/site-packages/airflow/example_dags/example_dataset_alias.py took 0.606 seconds
[2025-02-13T04:23:49.199+0000] {processor.py:186} INFO - Started process (PID=1154) to work on /home/airflow/.local/lib/python3.12/site-packages/airflow/example_dags/example_dataset_alias.py
[2025-02-13T04:23:49.200+0000] {processor.py:914} INFO - Processing file /home/airflow/.local/lib/python3.12/site-packages/airflow/example_dags/example_dataset_alias.py for tasks to queue
[2025-02-13T04:23:49.202+0000] {logging_mixin.py:190} INFO - [2025-02-13T04:23:49.201+0000] {dagbag.py:588} INFO - Filling up the DagBag from /home/airflow/.local/lib/python3.12/site-packages/airflow/example_dags/example_dataset_alias.py
[2025-02-13T04:23:49.709+0000] {processor.py:925} INFO - DAG(s) 'dataset_s3_bucket_producer', 'dataset_alias_example_alias_consumer', 'dataset_alias_example_alias_producer', 'dataset_s3_bucket_consumer' retrieved from /home/airflow/.local/lib/python3.12/site-packages/airflow/example_dags/example_dataset_alias.py
[2025-02-13T04:23:49.729+0000] {logging_mixin.py:190} INFO - [2025-02-13T04:23:49.729+0000] {dag.py:3239} INFO - Sync 4 DAGs
[2025-02-13T04:23:49.748+0000] {logging_mixin.py:190} INFO - [2025-02-13T04:23:49.748+0000] {dag.py:4180} INFO - Setting next_dagrun for dataset_alias_example_alias_consumer to None, run_after=None
[2025-02-13T04:23:49.750+0000] {logging_mixin.py:190} INFO - [2025-02-13T04:23:49.750+0000] {dag.py:4180} INFO - Setting next_dagrun for dataset_alias_example_alias_producer to None, run_after=None
[2025-02-13T04:23:49.752+0000] {logging_mixin.py:190} INFO - [2025-02-13T04:23:49.752+0000] {dag.py:4180} INFO - Setting next_dagrun for dataset_s3_bucket_consumer to None, run_after=None
[2025-02-13T04:23:49.753+0000] {logging_mixin.py:190} INFO - [2025-02-13T04:23:49.753+0000] {dag.py:4180} INFO - Setting next_dagrun for dataset_s3_bucket_producer to None, run_after=None
[2025-02-13T04:23:49.782+0000] {processor.py:208} INFO - Processing /home/airflow/.local/lib/python3.12/site-packages/airflow/example_dags/example_dataset_alias.py took 0.588 seconds
[2025-02-13T04:24:20.630+0000] {processor.py:186} INFO - Started process (PID=1220) to work on /home/airflow/.local/lib/python3.12/site-packages/airflow/example_dags/example_dataset_alias.py
[2025-02-13T04:24:20.631+0000] {processor.py:914} INFO - Processing file /home/airflow/.local/lib/python3.12/site-packages/airflow/example_dags/example_dataset_alias.py for tasks to queue
[2025-02-13T04:24:20.633+0000] {logging_mixin.py:190} INFO - [2025-02-13T04:24:20.633+0000] {dagbag.py:588} INFO - Filling up the DagBag from /home/airflow/.local/lib/python3.12/site-packages/airflow/example_dags/example_dataset_alias.py
[2025-02-13T04:24:21.096+0000] {processor.py:925} INFO - DAG(s) 'dataset_s3_bucket_consumer', 'dataset_alias_example_alias_consumer', 'dataset_s3_bucket_producer', 'dataset_alias_example_alias_producer' retrieved from /home/airflow/.local/lib/python3.12/site-packages/airflow/example_dags/example_dataset_alias.py
[2025-02-13T04:24:21.117+0000] {logging_mixin.py:190} INFO - [2025-02-13T04:24:21.117+0000] {dag.py:3239} INFO - Sync 4 DAGs
[2025-02-13T04:24:21.138+0000] {logging_mixin.py:190} INFO - [2025-02-13T04:24:21.138+0000] {dag.py:4180} INFO - Setting next_dagrun for dataset_alias_example_alias_consumer to None, run_after=None
[2025-02-13T04:24:21.141+0000] {logging_mixin.py:190} INFO - [2025-02-13T04:24:21.140+0000] {dag.py:4180} INFO - Setting next_dagrun for dataset_alias_example_alias_producer to None, run_after=None
[2025-02-13T04:24:21.142+0000] {logging_mixin.py:190} INFO - [2025-02-13T04:24:21.142+0000] {dag.py:4180} INFO - Setting next_dagrun for dataset_s3_bucket_consumer to None, run_after=None
[2025-02-13T04:24:21.143+0000] {logging_mixin.py:190} INFO - [2025-02-13T04:24:21.143+0000] {dag.py:4180} INFO - Setting next_dagrun for dataset_s3_bucket_producer to None, run_after=None
[2025-02-13T04:24:21.164+0000] {processor.py:208} INFO - Processing /home/airflow/.local/lib/python3.12/site-packages/airflow/example_dags/example_dataset_alias.py took 0.539 seconds
[2025-02-13T04:24:52.014+0000] {processor.py:186} INFO - Started process (PID=1286) to work on /home/airflow/.local/lib/python3.12/site-packages/airflow/example_dags/example_dataset_alias.py
[2025-02-13T04:24:52.015+0000] {processor.py:914} INFO - Processing file /home/airflow/.local/lib/python3.12/site-packages/airflow/example_dags/example_dataset_alias.py for tasks to queue
[2025-02-13T04:24:52.018+0000] {logging_mixin.py:190} INFO - [2025-02-13T04:24:52.017+0000] {dagbag.py:588} INFO - Filling up the DagBag from /home/airflow/.local/lib/python3.12/site-packages/airflow/example_dags/example_dataset_alias.py
[2025-02-13T04:24:52.473+0000] {processor.py:925} INFO - DAG(s) 'dataset_alias_example_alias_producer', 'dataset_alias_example_alias_consumer', 'dataset_s3_bucket_producer', 'dataset_s3_bucket_consumer' retrieved from /home/airflow/.local/lib/python3.12/site-packages/airflow/example_dags/example_dataset_alias.py
[2025-02-13T04:24:52.493+0000] {logging_mixin.py:190} INFO - [2025-02-13T04:24:52.492+0000] {dag.py:3239} INFO - Sync 4 DAGs
[2025-02-13T04:24:52.514+0000] {logging_mixin.py:190} INFO - [2025-02-13T04:24:52.514+0000] {dag.py:4180} INFO - Setting next_dagrun for dataset_alias_example_alias_consumer to None, run_after=None
[2025-02-13T04:24:52.516+0000] {logging_mixin.py:190} INFO - [2025-02-13T04:24:52.516+0000] {dag.py:4180} INFO - Setting next_dagrun for dataset_alias_example_alias_producer to None, run_after=None
[2025-02-13T04:24:52.518+0000] {logging_mixin.py:190} INFO - [2025-02-13T04:24:52.518+0000] {dag.py:4180} INFO - Setting next_dagrun for dataset_s3_bucket_consumer to None, run_after=None
[2025-02-13T04:24:52.519+0000] {logging_mixin.py:190} INFO - [2025-02-13T04:24:52.519+0000] {dag.py:4180} INFO - Setting next_dagrun for dataset_s3_bucket_producer to None, run_after=None
[2025-02-13T04:24:52.546+0000] {processor.py:208} INFO - Processing /home/airflow/.local/lib/python3.12/site-packages/airflow/example_dags/example_dataset_alias.py took 0.537 seconds
[2025-02-13T04:25:23.246+0000] {processor.py:186} INFO - Started process (PID=1352) to work on /home/airflow/.local/lib/python3.12/site-packages/airflow/example_dags/example_dataset_alias.py
[2025-02-13T04:25:23.246+0000] {processor.py:914} INFO - Processing file /home/airflow/.local/lib/python3.12/site-packages/airflow/example_dags/example_dataset_alias.py for tasks to queue
[2025-02-13T04:25:23.248+0000] {logging_mixin.py:190} INFO - [2025-02-13T04:25:23.248+0000] {dagbag.py:588} INFO - Filling up the DagBag from /home/airflow/.local/lib/python3.12/site-packages/airflow/example_dags/example_dataset_alias.py
[2025-02-13T04:25:23.742+0000] {processor.py:925} INFO - DAG(s) 'dataset_s3_bucket_producer', 'dataset_alias_example_alias_consumer', 'dataset_s3_bucket_consumer', 'dataset_alias_example_alias_producer' retrieved from /home/airflow/.local/lib/python3.12/site-packages/airflow/example_dags/example_dataset_alias.py
[2025-02-13T04:25:23.763+0000] {logging_mixin.py:190} INFO - [2025-02-13T04:25:23.762+0000] {dag.py:3239} INFO - Sync 4 DAGs
[2025-02-13T04:25:23.784+0000] {logging_mixin.py:190} INFO - [2025-02-13T04:25:23.783+0000] {dag.py:4180} INFO - Setting next_dagrun for dataset_alias_example_alias_consumer to None, run_after=None
[2025-02-13T04:25:23.787+0000] {logging_mixin.py:190} INFO - [2025-02-13T04:25:23.786+0000] {dag.py:4180} INFO - Setting next_dagrun for dataset_alias_example_alias_producer to None, run_after=None
[2025-02-13T04:25:23.788+0000] {logging_mixin.py:190} INFO - [2025-02-13T04:25:23.788+0000] {dag.py:4180} INFO - Setting next_dagrun for dataset_s3_bucket_consumer to None, run_after=None
[2025-02-13T04:25:23.789+0000] {logging_mixin.py:190} INFO - [2025-02-13T04:25:23.789+0000] {dag.py:4180} INFO - Setting next_dagrun for dataset_s3_bucket_producer to None, run_after=None
[2025-02-13T04:25:23.818+0000] {processor.py:208} INFO - Processing /home/airflow/.local/lib/python3.12/site-packages/airflow/example_dags/example_dataset_alias.py took 0.578 seconds
[2025-02-13T04:25:54.792+0000] {processor.py:186} INFO - Started process (PID=1423) to work on /home/airflow/.local/lib/python3.12/site-packages/airflow/example_dags/example_dataset_alias.py
[2025-02-13T04:25:54.793+0000] {processor.py:914} INFO - Processing file /home/airflow/.local/lib/python3.12/site-packages/airflow/example_dags/example_dataset_alias.py for tasks to queue
[2025-02-13T04:25:54.795+0000] {logging_mixin.py:190} INFO - [2025-02-13T04:25:54.795+0000] {dagbag.py:588} INFO - Filling up the DagBag from /home/airflow/.local/lib/python3.12/site-packages/airflow/example_dags/example_dataset_alias.py
[2025-02-13T04:25:55.281+0000] {processor.py:925} INFO - DAG(s) 'dataset_alias_example_alias_producer', 'dataset_s3_bucket_consumer', 'dataset_alias_example_alias_consumer', 'dataset_s3_bucket_producer' retrieved from /home/airflow/.local/lib/python3.12/site-packages/airflow/example_dags/example_dataset_alias.py
[2025-02-13T04:25:55.301+0000] {logging_mixin.py:190} INFO - [2025-02-13T04:25:55.301+0000] {dag.py:3239} INFO - Sync 4 DAGs
[2025-02-13T04:25:55.322+0000] {logging_mixin.py:190} INFO - [2025-02-13T04:25:55.321+0000] {dag.py:4180} INFO - Setting next_dagrun for dataset_alias_example_alias_consumer to None, run_after=None
[2025-02-13T04:25:55.324+0000] {logging_mixin.py:190} INFO - [2025-02-13T04:25:55.324+0000] {dag.py:4180} INFO - Setting next_dagrun for dataset_alias_example_alias_producer to None, run_after=None
[2025-02-13T04:25:55.326+0000] {logging_mixin.py:190} INFO - [2025-02-13T04:25:55.325+0000] {dag.py:4180} INFO - Setting next_dagrun for dataset_s3_bucket_consumer to None, run_after=None
[2025-02-13T04:25:55.327+0000] {logging_mixin.py:190} INFO - [2025-02-13T04:25:55.327+0000] {dag.py:4180} INFO - Setting next_dagrun for dataset_s3_bucket_producer to None, run_after=None
[2025-02-13T04:25:55.356+0000] {processor.py:208} INFO - Processing /home/airflow/.local/lib/python3.12/site-packages/airflow/example_dags/example_dataset_alias.py took 0.568 seconds
[2025-02-13T04:26:25.661+0000] {processor.py:186} INFO - Started process (PID=1489) to work on /home/airflow/.local/lib/python3.12/site-packages/airflow/example_dags/example_dataset_alias.py
[2025-02-13T04:26:25.662+0000] {processor.py:914} INFO - Processing file /home/airflow/.local/lib/python3.12/site-packages/airflow/example_dags/example_dataset_alias.py for tasks to queue
[2025-02-13T04:26:25.663+0000] {logging_mixin.py:190} INFO - [2025-02-13T04:26:25.663+0000] {dagbag.py:588} INFO - Filling up the DagBag from /home/airflow/.local/lib/python3.12/site-packages/airflow/example_dags/example_dataset_alias.py
[2025-02-13T04:26:26.119+0000] {processor.py:925} INFO - DAG(s) 'dataset_alias_example_alias_producer', 'dataset_alias_example_alias_consumer', 'dataset_s3_bucket_consumer', 'dataset_s3_bucket_producer' retrieved from /home/airflow/.local/lib/python3.12/site-packages/airflow/example_dags/example_dataset_alias.py
[2025-02-13T04:26:26.141+0000] {logging_mixin.py:190} INFO - [2025-02-13T04:26:26.140+0000] {dag.py:3239} INFO - Sync 4 DAGs
[2025-02-13T04:26:26.161+0000] {logging_mixin.py:190} INFO - [2025-02-13T04:26:26.161+0000] {dag.py:4180} INFO - Setting next_dagrun for dataset_alias_example_alias_consumer to None, run_after=None
[2025-02-13T04:26:26.164+0000] {logging_mixin.py:190} INFO - [2025-02-13T04:26:26.164+0000] {dag.py:4180} INFO - Setting next_dagrun for dataset_alias_example_alias_producer to None, run_after=None
[2025-02-13T04:26:26.165+0000] {logging_mixin.py:190} INFO - [2025-02-13T04:26:26.165+0000] {dag.py:4180} INFO - Setting next_dagrun for dataset_s3_bucket_consumer to None, run_after=None
[2025-02-13T04:26:26.167+0000] {logging_mixin.py:190} INFO - [2025-02-13T04:26:26.167+0000] {dag.py:4180} INFO - Setting next_dagrun for dataset_s3_bucket_producer to None, run_after=None
[2025-02-13T04:26:26.186+0000] {processor.py:208} INFO - Processing /home/airflow/.local/lib/python3.12/site-packages/airflow/example_dags/example_dataset_alias.py took 0.531 seconds
[2025-02-13T04:26:56.401+0000] {processor.py:186} INFO - Started process (PID=1555) to work on /home/airflow/.local/lib/python3.12/site-packages/airflow/example_dags/example_dataset_alias.py
[2025-02-13T04:26:56.402+0000] {processor.py:914} INFO - Processing file /home/airflow/.local/lib/python3.12/site-packages/airflow/example_dags/example_dataset_alias.py for tasks to queue
[2025-02-13T04:26:56.404+0000] {logging_mixin.py:190} INFO - [2025-02-13T04:26:56.404+0000] {dagbag.py:588} INFO - Filling up the DagBag from /home/airflow/.local/lib/python3.12/site-packages/airflow/example_dags/example_dataset_alias.py
[2025-02-13T04:26:56.872+0000] {processor.py:925} INFO - DAG(s) 'dataset_alias_example_alias_consumer', 'dataset_s3_bucket_producer', 'dataset_s3_bucket_consumer', 'dataset_alias_example_alias_producer' retrieved from /home/airflow/.local/lib/python3.12/site-packages/airflow/example_dags/example_dataset_alias.py
[2025-02-13T04:26:56.898+0000] {logging_mixin.py:190} INFO - [2025-02-13T04:26:56.896+0000] {dag.py:3239} INFO - Sync 4 DAGs
[2025-02-13T04:26:56.922+0000] {logging_mixin.py:190} INFO - [2025-02-13T04:26:56.921+0000] {dag.py:4180} INFO - Setting next_dagrun for dataset_alias_example_alias_consumer to None, run_after=None
[2025-02-13T04:26:56.924+0000] {logging_mixin.py:190} INFO - [2025-02-13T04:26:56.924+0000] {dag.py:4180} INFO - Setting next_dagrun for dataset_alias_example_alias_producer to None, run_after=None
[2025-02-13T04:26:56.926+0000] {logging_mixin.py:190} INFO - [2025-02-13T04:26:56.926+0000] {dag.py:4180} INFO - Setting next_dagrun for dataset_s3_bucket_consumer to None, run_after=None
[2025-02-13T04:26:56.927+0000] {logging_mixin.py:190} INFO - [2025-02-13T04:26:56.927+0000] {dag.py:4180} INFO - Setting next_dagrun for dataset_s3_bucket_producer to None, run_after=None
[2025-02-13T04:26:56.956+0000] {processor.py:208} INFO - Processing /home/airflow/.local/lib/python3.12/site-packages/airflow/example_dags/example_dataset_alias.py took 0.561 seconds
[2025-02-13T04:27:27.248+0000] {processor.py:186} INFO - Started process (PID=1621) to work on /home/airflow/.local/lib/python3.12/site-packages/airflow/example_dags/example_dataset_alias.py
[2025-02-13T04:27:27.249+0000] {processor.py:914} INFO - Processing file /home/airflow/.local/lib/python3.12/site-packages/airflow/example_dags/example_dataset_alias.py for tasks to queue
[2025-02-13T04:27:27.250+0000] {logging_mixin.py:190} INFO - [2025-02-13T04:27:27.250+0000] {dagbag.py:588} INFO - Filling up the DagBag from /home/airflow/.local/lib/python3.12/site-packages/airflow/example_dags/example_dataset_alias.py
[2025-02-13T04:27:27.725+0000] {processor.py:925} INFO - DAG(s) 'dataset_s3_bucket_producer', 'dataset_alias_example_alias_producer', 'dataset_alias_example_alias_consumer', 'dataset_s3_bucket_consumer' retrieved from /home/airflow/.local/lib/python3.12/site-packages/airflow/example_dags/example_dataset_alias.py
[2025-02-13T04:27:27.746+0000] {logging_mixin.py:190} INFO - [2025-02-13T04:27:27.745+0000] {dag.py:3239} INFO - Sync 4 DAGs
[2025-02-13T04:27:27.767+0000] {logging_mixin.py:190} INFO - [2025-02-13T04:27:27.767+0000] {dag.py:4180} INFO - Setting next_dagrun for dataset_alias_example_alias_consumer to None, run_after=None
[2025-02-13T04:27:27.770+0000] {logging_mixin.py:190} INFO - [2025-02-13T04:27:27.769+0000] {dag.py:4180} INFO - Setting next_dagrun for dataset_alias_example_alias_producer to None, run_after=None
[2025-02-13T04:27:27.771+0000] {logging_mixin.py:190} INFO - [2025-02-13T04:27:27.771+0000] {dag.py:4180} INFO - Setting next_dagrun for dataset_s3_bucket_consumer to None, run_after=None
[2025-02-13T04:27:27.773+0000] {logging_mixin.py:190} INFO - [2025-02-13T04:27:27.772+0000] {dag.py:4180} INFO - Setting next_dagrun for dataset_s3_bucket_producer to None, run_after=None
[2025-02-13T04:27:27.791+0000] {processor.py:208} INFO - Processing /home/airflow/.local/lib/python3.12/site-packages/airflow/example_dags/example_dataset_alias.py took 0.549 seconds
[2025-02-13T04:27:58.035+0000] {processor.py:186} INFO - Started process (PID=1687) to work on /home/airflow/.local/lib/python3.12/site-packages/airflow/example_dags/example_dataset_alias.py
[2025-02-13T04:27:58.036+0000] {processor.py:914} INFO - Processing file /home/airflow/.local/lib/python3.12/site-packages/airflow/example_dags/example_dataset_alias.py for tasks to queue
[2025-02-13T04:27:58.038+0000] {logging_mixin.py:190} INFO - [2025-02-13T04:27:58.037+0000] {dagbag.py:588} INFO - Filling up the DagBag from /home/airflow/.local/lib/python3.12/site-packages/airflow/example_dags/example_dataset_alias.py
[2025-02-13T04:27:58.530+0000] {processor.py:925} INFO - DAG(s) 'dataset_alias_example_alias_consumer', 'dataset_s3_bucket_producer', 'dataset_s3_bucket_consumer', 'dataset_alias_example_alias_producer' retrieved from /home/airflow/.local/lib/python3.12/site-packages/airflow/example_dags/example_dataset_alias.py
[2025-02-13T04:27:58.551+0000] {logging_mixin.py:190} INFO - [2025-02-13T04:27:58.550+0000] {dag.py:3239} INFO - Sync 4 DAGs
[2025-02-13T04:27:58.575+0000] {logging_mixin.py:190} INFO - [2025-02-13T04:27:58.575+0000] {dag.py:4180} INFO - Setting next_dagrun for dataset_alias_example_alias_consumer to None, run_after=None
[2025-02-13T04:27:58.578+0000] {logging_mixin.py:190} INFO - [2025-02-13T04:27:58.577+0000] {dag.py:4180} INFO - Setting next_dagrun for dataset_alias_example_alias_producer to None, run_after=None
[2025-02-13T04:27:58.580+0000] {logging_mixin.py:190} INFO - [2025-02-13T04:27:58.579+0000] {dag.py:4180} INFO - Setting next_dagrun for dataset_s3_bucket_consumer to None, run_after=None
[2025-02-13T04:27:58.581+0000] {logging_mixin.py:190} INFO - [2025-02-13T04:27:58.581+0000] {dag.py:4180} INFO - Setting next_dagrun for dataset_s3_bucket_producer to None, run_after=None
[2025-02-13T04:27:58.604+0000] {processor.py:208} INFO - Processing /home/airflow/.local/lib/python3.12/site-packages/airflow/example_dags/example_dataset_alias.py took 0.574 seconds
[2025-02-13T04:28:28.938+0000] {processor.py:186} INFO - Started process (PID=1753) to work on /home/airflow/.local/lib/python3.12/site-packages/airflow/example_dags/example_dataset_alias.py
[2025-02-13T04:28:28.939+0000] {processor.py:914} INFO - Processing file /home/airflow/.local/lib/python3.12/site-packages/airflow/example_dags/example_dataset_alias.py for tasks to queue
[2025-02-13T04:28:28.942+0000] {logging_mixin.py:190} INFO - [2025-02-13T04:28:28.941+0000] {dagbag.py:588} INFO - Filling up the DagBag from /home/airflow/.local/lib/python3.12/site-packages/airflow/example_dags/example_dataset_alias.py
[2025-02-13T04:28:29.434+0000] {processor.py:925} INFO - DAG(s) 'dataset_alias_example_alias_consumer', 'dataset_alias_example_alias_producer', 'dataset_s3_bucket_consumer', 'dataset_s3_bucket_producer' retrieved from /home/airflow/.local/lib/python3.12/site-packages/airflow/example_dags/example_dataset_alias.py
[2025-02-13T04:28:29.455+0000] {logging_mixin.py:190} INFO - [2025-02-13T04:28:29.455+0000] {dag.py:3239} INFO - Sync 4 DAGs
[2025-02-13T04:28:29.478+0000] {logging_mixin.py:190} INFO - [2025-02-13T04:28:29.478+0000] {dag.py:4180} INFO - Setting next_dagrun for dataset_alias_example_alias_consumer to None, run_after=None
[2025-02-13T04:28:29.481+0000] {logging_mixin.py:190} INFO - [2025-02-13T04:28:29.481+0000] {dag.py:4180} INFO - Setting next_dagrun for dataset_alias_example_alias_producer to None, run_after=None
[2025-02-13T04:28:29.483+0000] {logging_mixin.py:190} INFO - [2025-02-13T04:28:29.482+0000] {dag.py:4180} INFO - Setting next_dagrun for dataset_s3_bucket_consumer to None, run_after=None
[2025-02-13T04:28:29.484+0000] {logging_mixin.py:190} INFO - [2025-02-13T04:28:29.484+0000] {dag.py:4180} INFO - Setting next_dagrun for dataset_s3_bucket_producer to None, run_after=None
[2025-02-13T04:28:29.513+0000] {processor.py:208} INFO - Processing /home/airflow/.local/lib/python3.12/site-packages/airflow/example_dags/example_dataset_alias.py took 0.580 seconds
[2025-02-13T04:28:59.983+0000] {processor.py:186} INFO - Started process (PID=1819) to work on /home/airflow/.local/lib/python3.12/site-packages/airflow/example_dags/example_dataset_alias.py
[2025-02-13T04:28:59.984+0000] {processor.py:914} INFO - Processing file /home/airflow/.local/lib/python3.12/site-packages/airflow/example_dags/example_dataset_alias.py for tasks to queue
[2025-02-13T04:28:59.986+0000] {logging_mixin.py:190} INFO - [2025-02-13T04:28:59.986+0000] {dagbag.py:588} INFO - Filling up the DagBag from /home/airflow/.local/lib/python3.12/site-packages/airflow/example_dags/example_dataset_alias.py
[2025-02-13T04:29:00.459+0000] {processor.py:925} INFO - DAG(s) 'dataset_s3_bucket_consumer', 'dataset_alias_example_alias_consumer', 'dataset_alias_example_alias_producer', 'dataset_s3_bucket_producer' retrieved from /home/airflow/.local/lib/python3.12/site-packages/airflow/example_dags/example_dataset_alias.py
[2025-02-13T04:29:00.480+0000] {logging_mixin.py:190} INFO - [2025-02-13T04:29:00.480+0000] {dag.py:3239} INFO - Sync 4 DAGs
[2025-02-13T04:29:00.501+0000] {logging_mixin.py:190} INFO - [2025-02-13T04:29:00.501+0000] {dag.py:4180} INFO - Setting next_dagrun for dataset_alias_example_alias_consumer to None, run_after=None
[2025-02-13T04:29:00.504+0000] {logging_mixin.py:190} INFO - [2025-02-13T04:29:00.504+0000] {dag.py:4180} INFO - Setting next_dagrun for dataset_alias_example_alias_producer to None, run_after=None
[2025-02-13T04:29:00.505+0000] {logging_mixin.py:190} INFO - [2025-02-13T04:29:00.505+0000] {dag.py:4180} INFO - Setting next_dagrun for dataset_s3_bucket_consumer to None, run_after=None
[2025-02-13T04:29:00.507+0000] {logging_mixin.py:190} INFO - [2025-02-13T04:29:00.506+0000] {dag.py:4180} INFO - Setting next_dagrun for dataset_s3_bucket_producer to None, run_after=None
[2025-02-13T04:29:00.535+0000] {processor.py:208} INFO - Processing /home/airflow/.local/lib/python3.12/site-packages/airflow/example_dags/example_dataset_alias.py took 0.557 seconds
[2025-02-13T04:29:31.371+0000] {processor.py:186} INFO - Started process (PID=1885) to work on /home/airflow/.local/lib/python3.12/site-packages/airflow/example_dags/example_dataset_alias.py
[2025-02-13T04:29:31.372+0000] {processor.py:914} INFO - Processing file /home/airflow/.local/lib/python3.12/site-packages/airflow/example_dags/example_dataset_alias.py for tasks to queue
[2025-02-13T04:29:31.375+0000] {logging_mixin.py:190} INFO - [2025-02-13T04:29:31.375+0000] {dagbag.py:588} INFO - Filling up the DagBag from /home/airflow/.local/lib/python3.12/site-packages/airflow/example_dags/example_dataset_alias.py
[2025-02-13T04:29:31.966+0000] {processor.py:925} INFO - DAG(s) 'dataset_alias_example_alias_producer', 'dataset_s3_bucket_consumer', 'dataset_alias_example_alias_consumer', 'dataset_s3_bucket_producer' retrieved from /home/airflow/.local/lib/python3.12/site-packages/airflow/example_dags/example_dataset_alias.py
[2025-02-13T04:29:31.992+0000] {logging_mixin.py:190} INFO - [2025-02-13T04:29:31.992+0000] {dag.py:3239} INFO - Sync 4 DAGs
[2025-02-13T04:29:32.017+0000] {logging_mixin.py:190} INFO - [2025-02-13T04:29:32.017+0000] {dag.py:4180} INFO - Setting next_dagrun for dataset_alias_example_alias_consumer to None, run_after=None
[2025-02-13T04:29:32.020+0000] {logging_mixin.py:190} INFO - [2025-02-13T04:29:32.020+0000] {dag.py:4180} INFO - Setting next_dagrun for dataset_alias_example_alias_producer to None, run_after=None
[2025-02-13T04:29:32.022+0000] {logging_mixin.py:190} INFO - [2025-02-13T04:29:32.022+0000] {dag.py:4180} INFO - Setting next_dagrun for dataset_s3_bucket_consumer to None, run_after=None
[2025-02-13T04:29:32.023+0000] {logging_mixin.py:190} INFO - [2025-02-13T04:29:32.023+0000] {dag.py:4180} INFO - Setting next_dagrun for dataset_s3_bucket_producer to None, run_after=None
[2025-02-13T04:29:32.047+0000] {processor.py:208} INFO - Processing /home/airflow/.local/lib/python3.12/site-packages/airflow/example_dags/example_dataset_alias.py took 0.682 seconds
[2025-02-13T04:30:02.769+0000] {processor.py:186} INFO - Started process (PID=1951) to work on /home/airflow/.local/lib/python3.12/site-packages/airflow/example_dags/example_dataset_alias.py
[2025-02-13T04:30:02.769+0000] {processor.py:914} INFO - Processing file /home/airflow/.local/lib/python3.12/site-packages/airflow/example_dags/example_dataset_alias.py for tasks to queue
[2025-02-13T04:30:02.771+0000] {logging_mixin.py:190} INFO - [2025-02-13T04:30:02.771+0000] {dagbag.py:588} INFO - Filling up the DagBag from /home/airflow/.local/lib/python3.12/site-packages/airflow/example_dags/example_dataset_alias.py
[2025-02-13T04:30:03.301+0000] {processor.py:925} INFO - DAG(s) 'dataset_s3_bucket_producer', 'dataset_alias_example_alias_producer', 'dataset_alias_example_alias_consumer', 'dataset_s3_bucket_consumer' retrieved from /home/airflow/.local/lib/python3.12/site-packages/airflow/example_dags/example_dataset_alias.py
[2025-02-13T04:30:03.323+0000] {logging_mixin.py:190} INFO - [2025-02-13T04:30:03.322+0000] {dag.py:3239} INFO - Sync 4 DAGs
[2025-02-13T04:30:03.344+0000] {logging_mixin.py:190} INFO - [2025-02-13T04:30:03.344+0000] {dag.py:4180} INFO - Setting next_dagrun for dataset_alias_example_alias_consumer to None, run_after=None
[2025-02-13T04:30:03.347+0000] {logging_mixin.py:190} INFO - [2025-02-13T04:30:03.347+0000] {dag.py:4180} INFO - Setting next_dagrun for dataset_alias_example_alias_producer to None, run_after=None
[2025-02-13T04:30:03.350+0000] {logging_mixin.py:190} INFO - [2025-02-13T04:30:03.350+0000] {dag.py:4180} INFO - Setting next_dagrun for dataset_s3_bucket_consumer to None, run_after=None
[2025-02-13T04:30:03.352+0000] {logging_mixin.py:190} INFO - [2025-02-13T04:30:03.351+0000] {dag.py:4180} INFO - Setting next_dagrun for dataset_s3_bucket_producer to None, run_after=None
[2025-02-13T04:30:03.376+0000] {processor.py:208} INFO - Processing /home/airflow/.local/lib/python3.12/site-packages/airflow/example_dags/example_dataset_alias.py took 0.613 seconds
[2025-02-13T04:30:33.847+0000] {processor.py:186} INFO - Started process (PID=2017) to work on /home/airflow/.local/lib/python3.12/site-packages/airflow/example_dags/example_dataset_alias.py
[2025-02-13T04:30:33.848+0000] {processor.py:914} INFO - Processing file /home/airflow/.local/lib/python3.12/site-packages/airflow/example_dags/example_dataset_alias.py for tasks to queue
[2025-02-13T04:30:33.850+0000] {logging_mixin.py:190} INFO - [2025-02-13T04:30:33.850+0000] {dagbag.py:588} INFO - Filling up the DagBag from /home/airflow/.local/lib/python3.12/site-packages/airflow/example_dags/example_dataset_alias.py
[2025-02-13T04:30:34.350+0000] {processor.py:925} INFO - DAG(s) 'dataset_s3_bucket_consumer', 'dataset_s3_bucket_producer', 'dataset_alias_example_alias_producer', 'dataset_alias_example_alias_consumer' retrieved from /home/airflow/.local/lib/python3.12/site-packages/airflow/example_dags/example_dataset_alias.py
[2025-02-13T04:30:34.372+0000] {logging_mixin.py:190} INFO - [2025-02-13T04:30:34.372+0000] {dag.py:3239} INFO - Sync 4 DAGs
[2025-02-13T04:30:34.395+0000] {logging_mixin.py:190} INFO - [2025-02-13T04:30:34.394+0000] {dag.py:4180} INFO - Setting next_dagrun for dataset_alias_example_alias_consumer to None, run_after=None
[2025-02-13T04:30:34.397+0000] {logging_mixin.py:190} INFO - [2025-02-13T04:30:34.397+0000] {dag.py:4180} INFO - Setting next_dagrun for dataset_alias_example_alias_producer to None, run_after=None
[2025-02-13T04:30:34.399+0000] {logging_mixin.py:190} INFO - [2025-02-13T04:30:34.398+0000] {dag.py:4180} INFO - Setting next_dagrun for dataset_s3_bucket_consumer to None, run_after=None
[2025-02-13T04:30:34.400+0000] {logging_mixin.py:190} INFO - [2025-02-13T04:30:34.400+0000] {dag.py:4180} INFO - Setting next_dagrun for dataset_s3_bucket_producer to None, run_after=None
[2025-02-13T04:30:34.421+0000] {processor.py:208} INFO - Processing /home/airflow/.local/lib/python3.12/site-packages/airflow/example_dags/example_dataset_alias.py took 0.579 seconds
[2025-02-13T04:31:04.615+0000] {processor.py:186} INFO - Started process (PID=2083) to work on /home/airflow/.local/lib/python3.12/site-packages/airflow/example_dags/example_dataset_alias.py
[2025-02-13T04:31:04.616+0000] {processor.py:914} INFO - Processing file /home/airflow/.local/lib/python3.12/site-packages/airflow/example_dags/example_dataset_alias.py for tasks to queue
[2025-02-13T04:31:04.618+0000] {logging_mixin.py:190} INFO - [2025-02-13T04:31:04.618+0000] {dagbag.py:588} INFO - Filling up the DagBag from /home/airflow/.local/lib/python3.12/site-packages/airflow/example_dags/example_dataset_alias.py
[2025-02-13T04:31:05.080+0000] {processor.py:925} INFO - DAG(s) 'dataset_s3_bucket_producer', 'dataset_alias_example_alias_consumer', 'dataset_s3_bucket_consumer', 'dataset_alias_example_alias_producer' retrieved from /home/airflow/.local/lib/python3.12/site-packages/airflow/example_dags/example_dataset_alias.py
[2025-02-13T04:31:05.100+0000] {logging_mixin.py:190} INFO - [2025-02-13T04:31:05.099+0000] {dag.py:3239} INFO - Sync 4 DAGs
[2025-02-13T04:31:05.118+0000] {logging_mixin.py:190} INFO - [2025-02-13T04:31:05.118+0000] {dag.py:4180} INFO - Setting next_dagrun for dataset_alias_example_alias_consumer to None, run_after=None
[2025-02-13T04:31:05.121+0000] {logging_mixin.py:190} INFO - [2025-02-13T04:31:05.121+0000] {dag.py:4180} INFO - Setting next_dagrun for dataset_alias_example_alias_producer to None, run_after=None
[2025-02-13T04:31:05.122+0000] {logging_mixin.py:190} INFO - [2025-02-13T04:31:05.122+0000] {dag.py:4180} INFO - Setting next_dagrun for dataset_s3_bucket_consumer to None, run_after=None
[2025-02-13T04:31:05.123+0000] {logging_mixin.py:190} INFO - [2025-02-13T04:31:05.123+0000] {dag.py:4180} INFO - Setting next_dagrun for dataset_s3_bucket_producer to None, run_after=None
[2025-02-13T04:31:05.143+0000] {processor.py:208} INFO - Processing /home/airflow/.local/lib/python3.12/site-packages/airflow/example_dags/example_dataset_alias.py took 0.533 seconds
[2025-02-13T04:31:36.499+0000] {processor.py:186} INFO - Started process (PID=2150) to work on /home/airflow/.local/lib/python3.12/site-packages/airflow/example_dags/example_dataset_alias.py
[2025-02-13T04:31:36.499+0000] {processor.py:914} INFO - Processing file /home/airflow/.local/lib/python3.12/site-packages/airflow/example_dags/example_dataset_alias.py for tasks to queue
[2025-02-13T04:31:36.501+0000] {logging_mixin.py:190} INFO - [2025-02-13T04:31:36.501+0000] {dagbag.py:588} INFO - Filling up the DagBag from /home/airflow/.local/lib/python3.12/site-packages/airflow/example_dags/example_dataset_alias.py
[2025-02-13T04:31:37.038+0000] {processor.py:925} INFO - DAG(s) 'dataset_alias_example_alias_producer', 'dataset_s3_bucket_producer', 'dataset_s3_bucket_consumer', 'dataset_alias_example_alias_consumer' retrieved from /home/airflow/.local/lib/python3.12/site-packages/airflow/example_dags/example_dataset_alias.py
[2025-02-13T04:31:37.064+0000] {logging_mixin.py:190} INFO - [2025-02-13T04:31:37.063+0000] {dag.py:3239} INFO - Sync 4 DAGs
[2025-02-13T04:31:37.088+0000] {logging_mixin.py:190} INFO - [2025-02-13T04:31:37.088+0000] {dag.py:4180} INFO - Setting next_dagrun for dataset_alias_example_alias_consumer to None, run_after=None
[2025-02-13T04:31:37.091+0000] {logging_mixin.py:190} INFO - [2025-02-13T04:31:37.091+0000] {dag.py:4180} INFO - Setting next_dagrun for dataset_alias_example_alias_producer to None, run_after=None
[2025-02-13T04:31:37.093+0000] {logging_mixin.py:190} INFO - [2025-02-13T04:31:37.093+0000] {dag.py:4180} INFO - Setting next_dagrun for dataset_s3_bucket_consumer to None, run_after=None
[2025-02-13T04:31:37.095+0000] {logging_mixin.py:190} INFO - [2025-02-13T04:31:37.095+0000] {dag.py:4180} INFO - Setting next_dagrun for dataset_s3_bucket_producer to None, run_after=None
[2025-02-13T04:31:37.117+0000] {processor.py:208} INFO - Processing /home/airflow/.local/lib/python3.12/site-packages/airflow/example_dags/example_dataset_alias.py took 0.624 seconds
[2025-02-13T04:32:07.541+0000] {processor.py:186} INFO - Started process (PID=2216) to work on /home/airflow/.local/lib/python3.12/site-packages/airflow/example_dags/example_dataset_alias.py
[2025-02-13T04:32:07.542+0000] {processor.py:914} INFO - Processing file /home/airflow/.local/lib/python3.12/site-packages/airflow/example_dags/example_dataset_alias.py for tasks to queue
[2025-02-13T04:32:07.544+0000] {logging_mixin.py:190} INFO - [2025-02-13T04:32:07.544+0000] {dagbag.py:588} INFO - Filling up the DagBag from /home/airflow/.local/lib/python3.12/site-packages/airflow/example_dags/example_dataset_alias.py
[2025-02-13T04:32:08.033+0000] {processor.py:925} INFO - DAG(s) 'dataset_alias_example_alias_producer', 'dataset_alias_example_alias_consumer', 'dataset_s3_bucket_producer', 'dataset_s3_bucket_consumer' retrieved from /home/airflow/.local/lib/python3.12/site-packages/airflow/example_dags/example_dataset_alias.py
[2025-02-13T04:32:08.059+0000] {logging_mixin.py:190} INFO - [2025-02-13T04:32:08.058+0000] {dag.py:3239} INFO - Sync 4 DAGs
[2025-02-13T04:32:08.082+0000] {logging_mixin.py:190} INFO - [2025-02-13T04:32:08.082+0000] {dag.py:4180} INFO - Setting next_dagrun for dataset_alias_example_alias_consumer to None, run_after=None
[2025-02-13T04:32:08.085+0000] {logging_mixin.py:190} INFO - [2025-02-13T04:32:08.084+0000] {dag.py:4180} INFO - Setting next_dagrun for dataset_alias_example_alias_producer to None, run_after=None
[2025-02-13T04:32:08.086+0000] {logging_mixin.py:190} INFO - [2025-02-13T04:32:08.086+0000] {dag.py:4180} INFO - Setting next_dagrun for dataset_s3_bucket_consumer to None, run_after=None
[2025-02-13T04:32:08.088+0000] {logging_mixin.py:190} INFO - [2025-02-13T04:32:08.088+0000] {dag.py:4180} INFO - Setting next_dagrun for dataset_s3_bucket_producer to None, run_after=None
[2025-02-13T04:32:08.118+0000] {processor.py:208} INFO - Processing /home/airflow/.local/lib/python3.12/site-packages/airflow/example_dags/example_dataset_alias.py took 0.582 seconds
[2025-02-13T04:32:38.384+0000] {processor.py:186} INFO - Started process (PID=2282) to work on /home/airflow/.local/lib/python3.12/site-packages/airflow/example_dags/example_dataset_alias.py
[2025-02-13T04:32:38.385+0000] {processor.py:914} INFO - Processing file /home/airflow/.local/lib/python3.12/site-packages/airflow/example_dags/example_dataset_alias.py for tasks to queue
[2025-02-13T04:32:38.387+0000] {logging_mixin.py:190} INFO - [2025-02-13T04:32:38.387+0000] {dagbag.py:588} INFO - Filling up the DagBag from /home/airflow/.local/lib/python3.12/site-packages/airflow/example_dags/example_dataset_alias.py
[2025-02-13T04:32:38.868+0000] {processor.py:925} INFO - DAG(s) 'dataset_s3_bucket_producer', 'dataset_alias_example_alias_consumer', 'dataset_alias_example_alias_producer', 'dataset_s3_bucket_consumer' retrieved from /home/airflow/.local/lib/python3.12/site-packages/airflow/example_dags/example_dataset_alias.py
[2025-02-13T04:32:38.894+0000] {logging_mixin.py:190} INFO - [2025-02-13T04:32:38.894+0000] {dag.py:3239} INFO - Sync 4 DAGs
[2025-02-13T04:32:38.918+0000] {logging_mixin.py:190} INFO - [2025-02-13T04:32:38.918+0000] {dag.py:4180} INFO - Setting next_dagrun for dataset_alias_example_alias_consumer to None, run_after=None
[2025-02-13T04:32:38.921+0000] {logging_mixin.py:190} INFO - [2025-02-13T04:32:38.921+0000] {dag.py:4180} INFO - Setting next_dagrun for dataset_alias_example_alias_producer to None, run_after=None
[2025-02-13T04:32:38.923+0000] {logging_mixin.py:190} INFO - [2025-02-13T04:32:38.922+0000] {dag.py:4180} INFO - Setting next_dagrun for dataset_s3_bucket_consumer to None, run_after=None
[2025-02-13T04:32:38.924+0000] {logging_mixin.py:190} INFO - [2025-02-13T04:32:38.924+0000] {dag.py:4180} INFO - Setting next_dagrun for dataset_s3_bucket_producer to None, run_after=None
[2025-02-13T04:32:38.954+0000] {processor.py:208} INFO - Processing /home/airflow/.local/lib/python3.12/site-packages/airflow/example_dags/example_dataset_alias.py took 0.575 seconds
[2025-02-13T04:33:09.110+0000] {processor.py:186} INFO - Started process (PID=2348) to work on /home/airflow/.local/lib/python3.12/site-packages/airflow/example_dags/example_dataset_alias.py
[2025-02-13T04:33:09.112+0000] {processor.py:914} INFO - Processing file /home/airflow/.local/lib/python3.12/site-packages/airflow/example_dags/example_dataset_alias.py for tasks to queue
[2025-02-13T04:33:09.114+0000] {logging_mixin.py:190} INFO - [2025-02-13T04:33:09.114+0000] {dagbag.py:588} INFO - Filling up the DagBag from /home/airflow/.local/lib/python3.12/site-packages/airflow/example_dags/example_dataset_alias.py
[2025-02-13T04:33:09.499+0000] {processor.py:925} INFO - DAG(s) 'dataset_alias_example_alias_producer', 'dataset_s3_bucket_consumer', 'dataset_alias_example_alias_consumer', 'dataset_s3_bucket_producer' retrieved from /home/airflow/.local/lib/python3.12/site-packages/airflow/example_dags/example_dataset_alias.py
[2025-02-13T04:33:09.530+0000] {logging_mixin.py:190} INFO - [2025-02-13T04:33:09.529+0000] {dag.py:3239} INFO - Sync 4 DAGs
[2025-02-13T04:33:09.556+0000] {logging_mixin.py:190} INFO - [2025-02-13T04:33:09.555+0000] {dag.py:4180} INFO - Setting next_dagrun for dataset_alias_example_alias_consumer to None, run_after=None
[2025-02-13T04:33:09.559+0000] {logging_mixin.py:190} INFO - [2025-02-13T04:33:09.558+0000] {dag.py:4180} INFO - Setting next_dagrun for dataset_alias_example_alias_producer to None, run_after=None
[2025-02-13T04:33:09.561+0000] {logging_mixin.py:190} INFO - [2025-02-13T04:33:09.560+0000] {dag.py:4180} INFO - Setting next_dagrun for dataset_s3_bucket_consumer to None, run_after=None
[2025-02-13T04:33:09.562+0000] {logging_mixin.py:190} INFO - [2025-02-13T04:33:09.562+0000] {dag.py:4180} INFO - Setting next_dagrun for dataset_s3_bucket_producer to None, run_after=None
[2025-02-13T04:33:09.588+0000] {processor.py:208} INFO - Processing /home/airflow/.local/lib/python3.12/site-packages/airflow/example_dags/example_dataset_alias.py took 0.484 seconds
[2025-02-13T04:33:39.632+0000] {processor.py:186} INFO - Started process (PID=2413) to work on /home/airflow/.local/lib/python3.12/site-packages/airflow/example_dags/example_dataset_alias.py
[2025-02-13T04:33:39.633+0000] {processor.py:914} INFO - Processing file /home/airflow/.local/lib/python3.12/site-packages/airflow/example_dags/example_dataset_alias.py for tasks to queue
[2025-02-13T04:33:39.635+0000] {logging_mixin.py:190} INFO - [2025-02-13T04:33:39.635+0000] {dagbag.py:588} INFO - Filling up the DagBag from /home/airflow/.local/lib/python3.12/site-packages/airflow/example_dags/example_dataset_alias.py
[2025-02-13T04:33:39.981+0000] {processor.py:925} INFO - DAG(s) 'dataset_s3_bucket_consumer', 'dataset_alias_example_alias_consumer', 'dataset_alias_example_alias_producer', 'dataset_s3_bucket_producer' retrieved from /home/airflow/.local/lib/python3.12/site-packages/airflow/example_dags/example_dataset_alias.py
[2025-02-13T04:33:40.006+0000] {logging_mixin.py:190} INFO - [2025-02-13T04:33:40.004+0000] {dag.py:3239} INFO - Sync 4 DAGs
[2025-02-13T04:33:40.029+0000] {logging_mixin.py:190} INFO - [2025-02-13T04:33:40.029+0000] {dag.py:4180} INFO - Setting next_dagrun for dataset_alias_example_alias_consumer to None, run_after=None
[2025-02-13T04:33:40.032+0000] {logging_mixin.py:190} INFO - [2025-02-13T04:33:40.032+0000] {dag.py:4180} INFO - Setting next_dagrun for dataset_alias_example_alias_producer to None, run_after=None
[2025-02-13T04:33:40.034+0000] {logging_mixin.py:190} INFO - [2025-02-13T04:33:40.033+0000] {dag.py:4180} INFO - Setting next_dagrun for dataset_s3_bucket_consumer to None, run_after=None
[2025-02-13T04:33:40.035+0000] {logging_mixin.py:190} INFO - [2025-02-13T04:33:40.035+0000] {dag.py:4180} INFO - Setting next_dagrun for dataset_s3_bucket_producer to None, run_after=None
[2025-02-13T04:33:40.064+0000] {processor.py:208} INFO - Processing /home/airflow/.local/lib/python3.12/site-packages/airflow/example_dags/example_dataset_alias.py took 0.438 seconds
[2025-02-13T04:34:11.014+0000] {processor.py:186} INFO - Started process (PID=2480) to work on /home/airflow/.local/lib/python3.12/site-packages/airflow/example_dags/example_dataset_alias.py
[2025-02-13T04:34:11.015+0000] {processor.py:914} INFO - Processing file /home/airflow/.local/lib/python3.12/site-packages/airflow/example_dags/example_dataset_alias.py for tasks to queue
[2025-02-13T04:34:11.017+0000] {logging_mixin.py:190} INFO - [2025-02-13T04:34:11.017+0000] {dagbag.py:588} INFO - Filling up the DagBag from /home/airflow/.local/lib/python3.12/site-packages/airflow/example_dags/example_dataset_alias.py
[2025-02-13T04:34:11.355+0000] {processor.py:925} INFO - DAG(s) 'dataset_alias_example_alias_consumer', 'dataset_s3_bucket_producer', 'dataset_alias_example_alias_producer', 'dataset_s3_bucket_consumer' retrieved from /home/airflow/.local/lib/python3.12/site-packages/airflow/example_dags/example_dataset_alias.py
[2025-02-13T04:34:11.378+0000] {logging_mixin.py:190} INFO - [2025-02-13T04:34:11.378+0000] {dag.py:3239} INFO - Sync 4 DAGs
[2025-02-13T04:34:11.405+0000] {logging_mixin.py:190} INFO - [2025-02-13T04:34:11.405+0000] {dag.py:4180} INFO - Setting next_dagrun for dataset_alias_example_alias_consumer to None, run_after=None
[2025-02-13T04:34:11.409+0000] {logging_mixin.py:190} INFO - [2025-02-13T04:34:11.408+0000] {dag.py:4180} INFO - Setting next_dagrun for dataset_alias_example_alias_producer to None, run_after=None
[2025-02-13T04:34:11.410+0000] {logging_mixin.py:190} INFO - [2025-02-13T04:34:11.410+0000] {dag.py:4180} INFO - Setting next_dagrun for dataset_s3_bucket_consumer to None, run_after=None
[2025-02-13T04:34:11.412+0000] {logging_mixin.py:190} INFO - [2025-02-13T04:34:11.412+0000] {dag.py:4180} INFO - Setting next_dagrun for dataset_s3_bucket_producer to None, run_after=None
[2025-02-13T04:34:11.446+0000] {processor.py:208} INFO - Processing /home/airflow/.local/lib/python3.12/site-packages/airflow/example_dags/example_dataset_alias.py took 0.439 seconds
[2025-02-13T04:34:42.135+0000] {processor.py:186} INFO - Started process (PID=2546) to work on /home/airflow/.local/lib/python3.12/site-packages/airflow/example_dags/example_dataset_alias.py
[2025-02-13T04:34:42.136+0000] {processor.py:914} INFO - Processing file /home/airflow/.local/lib/python3.12/site-packages/airflow/example_dags/example_dataset_alias.py for tasks to queue
[2025-02-13T04:34:42.138+0000] {logging_mixin.py:190} INFO - [2025-02-13T04:34:42.137+0000] {dagbag.py:588} INFO - Filling up the DagBag from /home/airflow/.local/lib/python3.12/site-packages/airflow/example_dags/example_dataset_alias.py
[2025-02-13T04:34:42.439+0000] {processor.py:925} INFO - DAG(s) 'dataset_s3_bucket_consumer', 'dataset_s3_bucket_producer', 'dataset_alias_example_alias_consumer', 'dataset_alias_example_alias_producer' retrieved from /home/airflow/.local/lib/python3.12/site-packages/airflow/example_dags/example_dataset_alias.py
[2025-02-13T04:34:42.461+0000] {logging_mixin.py:190} INFO - [2025-02-13T04:34:42.461+0000] {dag.py:3239} INFO - Sync 4 DAGs
[2025-02-13T04:34:42.484+0000] {logging_mixin.py:190} INFO - [2025-02-13T04:34:42.483+0000] {dag.py:4180} INFO - Setting next_dagrun for dataset_alias_example_alias_consumer to None, run_after=None
[2025-02-13T04:34:42.486+0000] {logging_mixin.py:190} INFO - [2025-02-13T04:34:42.486+0000] {dag.py:4180} INFO - Setting next_dagrun for dataset_alias_example_alias_producer to None, run_after=None
[2025-02-13T04:34:42.488+0000] {logging_mixin.py:190} INFO - [2025-02-13T04:34:42.487+0000] {dag.py:4180} INFO - Setting next_dagrun for dataset_s3_bucket_consumer to None, run_after=None
[2025-02-13T04:34:42.489+0000] {logging_mixin.py:190} INFO - [2025-02-13T04:34:42.488+0000] {dag.py:4180} INFO - Setting next_dagrun for dataset_s3_bucket_producer to None, run_after=None
[2025-02-13T04:34:42.509+0000] {processor.py:208} INFO - Processing /home/airflow/.local/lib/python3.12/site-packages/airflow/example_dags/example_dataset_alias.py took 0.381 seconds
[2025-02-13T04:35:13.368+0000] {processor.py:186} INFO - Started process (PID=2612) to work on /home/airflow/.local/lib/python3.12/site-packages/airflow/example_dags/example_dataset_alias.py
[2025-02-13T04:35:13.369+0000] {processor.py:914} INFO - Processing file /home/airflow/.local/lib/python3.12/site-packages/airflow/example_dags/example_dataset_alias.py for tasks to queue
[2025-02-13T04:35:13.371+0000] {logging_mixin.py:190} INFO - [2025-02-13T04:35:13.371+0000] {dagbag.py:588} INFO - Filling up the DagBag from /home/airflow/.local/lib/python3.12/site-packages/airflow/example_dags/example_dataset_alias.py
[2025-02-13T04:35:13.698+0000] {processor.py:925} INFO - DAG(s) 'dataset_alias_example_alias_producer', 'dataset_s3_bucket_consumer', 'dataset_alias_example_alias_consumer', 'dataset_s3_bucket_producer' retrieved from /home/airflow/.local/lib/python3.12/site-packages/airflow/example_dags/example_dataset_alias.py
[2025-02-13T04:35:13.720+0000] {logging_mixin.py:190} INFO - [2025-02-13T04:35:13.719+0000] {dag.py:3239} INFO - Sync 4 DAGs
[2025-02-13T04:35:13.742+0000] {logging_mixin.py:190} INFO - [2025-02-13T04:35:13.742+0000] {dag.py:4180} INFO - Setting next_dagrun for dataset_alias_example_alias_consumer to None, run_after=None
[2025-02-13T04:35:13.745+0000] {logging_mixin.py:190} INFO - [2025-02-13T04:35:13.744+0000] {dag.py:4180} INFO - Setting next_dagrun for dataset_alias_example_alias_producer to None, run_after=None
[2025-02-13T04:35:13.748+0000] {logging_mixin.py:190} INFO - [2025-02-13T04:35:13.748+0000] {dag.py:4180} INFO - Setting next_dagrun for dataset_s3_bucket_consumer to None, run_after=None
[2025-02-13T04:35:13.749+0000] {logging_mixin.py:190} INFO - [2025-02-13T04:35:13.749+0000] {dag.py:4180} INFO - Setting next_dagrun for dataset_s3_bucket_producer to None, run_after=None
[2025-02-13T04:35:13.777+0000] {processor.py:208} INFO - Processing /home/airflow/.local/lib/python3.12/site-packages/airflow/example_dags/example_dataset_alias.py took 0.416 seconds
[2025-02-13T04:35:43.980+0000] {processor.py:186} INFO - Started process (PID=2678) to work on /home/airflow/.local/lib/python3.12/site-packages/airflow/example_dags/example_dataset_alias.py
[2025-02-13T04:35:43.981+0000] {processor.py:914} INFO - Processing file /home/airflow/.local/lib/python3.12/site-packages/airflow/example_dags/example_dataset_alias.py for tasks to queue
[2025-02-13T04:35:43.984+0000] {logging_mixin.py:190} INFO - [2025-02-13T04:35:43.983+0000] {dagbag.py:588} INFO - Filling up the DagBag from /home/airflow/.local/lib/python3.12/site-packages/airflow/example_dags/example_dataset_alias.py
[2025-02-13T04:35:44.289+0000] {processor.py:925} INFO - DAG(s) 'dataset_s3_bucket_consumer', 'dataset_s3_bucket_producer', 'dataset_alias_example_alias_consumer', 'dataset_alias_example_alias_producer' retrieved from /home/airflow/.local/lib/python3.12/site-packages/airflow/example_dags/example_dataset_alias.py
[2025-02-13T04:35:44.315+0000] {logging_mixin.py:190} INFO - [2025-02-13T04:35:44.314+0000] {dag.py:3239} INFO - Sync 4 DAGs
[2025-02-13T04:35:44.337+0000] {logging_mixin.py:190} INFO - [2025-02-13T04:35:44.336+0000] {dag.py:4180} INFO - Setting next_dagrun for dataset_alias_example_alias_consumer to None, run_after=None
[2025-02-13T04:35:44.339+0000] {logging_mixin.py:190} INFO - [2025-02-13T04:35:44.339+0000] {dag.py:4180} INFO - Setting next_dagrun for dataset_alias_example_alias_producer to None, run_after=None
[2025-02-13T04:35:44.341+0000] {logging_mixin.py:190} INFO - [2025-02-13T04:35:44.341+0000] {dag.py:4180} INFO - Setting next_dagrun for dataset_s3_bucket_consumer to None, run_after=None
[2025-02-13T04:35:44.342+0000] {logging_mixin.py:190} INFO - [2025-02-13T04:35:44.342+0000] {dag.py:4180} INFO - Setting next_dagrun for dataset_s3_bucket_producer to None, run_after=None
[2025-02-13T04:35:44.373+0000] {processor.py:208} INFO - Processing /home/airflow/.local/lib/python3.12/site-packages/airflow/example_dags/example_dataset_alias.py took 0.399 seconds
[2025-02-13T04:36:14.517+0000] {processor.py:186} INFO - Started process (PID=2744) to work on /home/airflow/.local/lib/python3.12/site-packages/airflow/example_dags/example_dataset_alias.py
[2025-02-13T04:36:14.518+0000] {processor.py:914} INFO - Processing file /home/airflow/.local/lib/python3.12/site-packages/airflow/example_dags/example_dataset_alias.py for tasks to queue
[2025-02-13T04:36:14.520+0000] {logging_mixin.py:190} INFO - [2025-02-13T04:36:14.519+0000] {dagbag.py:588} INFO - Filling up the DagBag from /home/airflow/.local/lib/python3.12/site-packages/airflow/example_dags/example_dataset_alias.py
[2025-02-13T04:36:14.846+0000] {processor.py:925} INFO - DAG(s) 'dataset_alias_example_alias_producer', 'dataset_s3_bucket_producer', 'dataset_s3_bucket_consumer', 'dataset_alias_example_alias_consumer' retrieved from /home/airflow/.local/lib/python3.12/site-packages/airflow/example_dags/example_dataset_alias.py
[2025-02-13T04:36:14.867+0000] {logging_mixin.py:190} INFO - [2025-02-13T04:36:14.866+0000] {dag.py:3239} INFO - Sync 4 DAGs
[2025-02-13T04:36:14.890+0000] {logging_mixin.py:190} INFO - [2025-02-13T04:36:14.890+0000] {dag.py:4180} INFO - Setting next_dagrun for dataset_alias_example_alias_consumer to None, run_after=None
[2025-02-13T04:36:14.893+0000] {logging_mixin.py:190} INFO - [2025-02-13T04:36:14.892+0000] {dag.py:4180} INFO - Setting next_dagrun for dataset_alias_example_alias_producer to None, run_after=None
[2025-02-13T04:36:14.894+0000] {logging_mixin.py:190} INFO - [2025-02-13T04:36:14.894+0000] {dag.py:4180} INFO - Setting next_dagrun for dataset_s3_bucket_consumer to None, run_after=None
[2025-02-13T04:36:14.896+0000] {logging_mixin.py:190} INFO - [2025-02-13T04:36:14.895+0000] {dag.py:4180} INFO - Setting next_dagrun for dataset_s3_bucket_producer to None, run_after=None
[2025-02-13T04:36:14.916+0000] {processor.py:208} INFO - Processing /home/airflow/.local/lib/python3.12/site-packages/airflow/example_dags/example_dataset_alias.py took 0.405 seconds
[2025-02-13T04:36:45.092+0000] {processor.py:186} INFO - Started process (PID=2810) to work on /home/airflow/.local/lib/python3.12/site-packages/airflow/example_dags/example_dataset_alias.py
[2025-02-13T04:36:45.093+0000] {processor.py:914} INFO - Processing file /home/airflow/.local/lib/python3.12/site-packages/airflow/example_dags/example_dataset_alias.py for tasks to queue
[2025-02-13T04:36:45.095+0000] {logging_mixin.py:190} INFO - [2025-02-13T04:36:45.095+0000] {dagbag.py:588} INFO - Filling up the DagBag from /home/airflow/.local/lib/python3.12/site-packages/airflow/example_dags/example_dataset_alias.py
[2025-02-13T04:36:45.414+0000] {processor.py:925} INFO - DAG(s) 'dataset_s3_bucket_producer', 'dataset_s3_bucket_consumer', 'dataset_alias_example_alias_producer', 'dataset_alias_example_alias_consumer' retrieved from /home/airflow/.local/lib/python3.12/site-packages/airflow/example_dags/example_dataset_alias.py
[2025-02-13T04:36:45.442+0000] {logging_mixin.py:190} INFO - [2025-02-13T04:36:45.441+0000] {dag.py:3239} INFO - Sync 4 DAGs
[2025-02-13T04:36:45.466+0000] {logging_mixin.py:190} INFO - [2025-02-13T04:36:45.465+0000] {dag.py:4180} INFO - Setting next_dagrun for dataset_alias_example_alias_consumer to None, run_after=None
[2025-02-13T04:36:45.468+0000] {logging_mixin.py:190} INFO - [2025-02-13T04:36:45.468+0000] {dag.py:4180} INFO - Setting next_dagrun for dataset_alias_example_alias_producer to None, run_after=None
[2025-02-13T04:36:45.470+0000] {logging_mixin.py:190} INFO - [2025-02-13T04:36:45.470+0000] {dag.py:4180} INFO - Setting next_dagrun for dataset_s3_bucket_consumer to None, run_after=None
[2025-02-13T04:36:45.471+0000] {logging_mixin.py:190} INFO - [2025-02-13T04:36:45.471+0000] {dag.py:4180} INFO - Setting next_dagrun for dataset_s3_bucket_producer to None, run_after=None
[2025-02-13T04:36:45.494+0000] {processor.py:208} INFO - Processing /home/airflow/.local/lib/python3.12/site-packages/airflow/example_dags/example_dataset_alias.py took 0.409 seconds
[2025-02-13T04:37:15.586+0000] {processor.py:186} INFO - Started process (PID=2876) to work on /home/airflow/.local/lib/python3.12/site-packages/airflow/example_dags/example_dataset_alias.py
[2025-02-13T04:37:15.587+0000] {processor.py:914} INFO - Processing file /home/airflow/.local/lib/python3.12/site-packages/airflow/example_dags/example_dataset_alias.py for tasks to queue
[2025-02-13T04:37:15.590+0000] {logging_mixin.py:190} INFO - [2025-02-13T04:37:15.589+0000] {dagbag.py:588} INFO - Filling up the DagBag from /home/airflow/.local/lib/python3.12/site-packages/airflow/example_dags/example_dataset_alias.py
[2025-02-13T04:37:15.884+0000] {processor.py:925} INFO - DAG(s) 'dataset_alias_example_alias_consumer', 'dataset_s3_bucket_consumer', 'dataset_s3_bucket_producer', 'dataset_alias_example_alias_producer' retrieved from /home/airflow/.local/lib/python3.12/site-packages/airflow/example_dags/example_dataset_alias.py
[2025-02-13T04:37:15.911+0000] {logging_mixin.py:190} INFO - [2025-02-13T04:37:15.910+0000] {dag.py:3239} INFO - Sync 4 DAGs
[2025-02-13T04:37:15.934+0000] {logging_mixin.py:190} INFO - [2025-02-13T04:37:15.934+0000] {dag.py:4180} INFO - Setting next_dagrun for dataset_alias_example_alias_consumer to None, run_after=None
[2025-02-13T04:37:15.937+0000] {logging_mixin.py:190} INFO - [2025-02-13T04:37:15.937+0000] {dag.py:4180} INFO - Setting next_dagrun for dataset_alias_example_alias_producer to None, run_after=None
[2025-02-13T04:37:15.938+0000] {logging_mixin.py:190} INFO - [2025-02-13T04:37:15.938+0000] {dag.py:4180} INFO - Setting next_dagrun for dataset_s3_bucket_consumer to None, run_after=None
[2025-02-13T04:37:15.940+0000] {logging_mixin.py:190} INFO - [2025-02-13T04:37:15.940+0000] {dag.py:4180} INFO - Setting next_dagrun for dataset_s3_bucket_producer to None, run_after=None
[2025-02-13T04:37:15.965+0000] {processor.py:208} INFO - Processing /home/airflow/.local/lib/python3.12/site-packages/airflow/example_dags/example_dataset_alias.py took 0.385 seconds
