[2025-02-13T04:15:35.416+0000] {processor.py:186} INFO - Started process (PID=130) to work on /home/airflow/.local/lib/python3.12/site-packages/airflow/example_dags/example_outlet_event_extra.py
[2025-02-13T04:15:35.418+0000] {processor.py:914} INFO - Processing file /home/airflow/.local/lib/python3.12/site-packages/airflow/example_dags/example_outlet_event_extra.py for tasks to queue
[2025-02-13T04:15:35.422+0000] {logging_mixin.py:190} INFO - [2025-02-13T04:15:35.421+0000] {dagbag.py:588} INFO - Filling up the DagBag from /home/airflow/.local/lib/python3.12/site-packages/airflow/example_dags/example_outlet_event_extra.py
[2025-02-13T04:15:36.015+0000] {processor.py:925} INFO - DAG(s) 'dataset_with_extra_by_yield', 'dataset_with_extra_from_classic_operator', 'dataset_with_extra_by_context' retrieved from /home/airflow/.local/lib/python3.12/site-packages/airflow/example_dags/example_outlet_event_extra.py
[2025-02-13T04:15:36.040+0000] {logging_mixin.py:190} INFO - [2025-02-13T04:15:36.039+0000] {dag.py:3239} INFO - Sync 3 DAGs
[2025-02-13T04:15:36.066+0000] {logging_mixin.py:190} INFO - [2025-02-13T04:15:36.066+0000] {dag.py:4180} INFO - Setting next_dagrun for dataset_with_extra_by_context to 2025-02-12 00:00:00+00:00, run_after=2025-02-13 00:00:00+00:00
[2025-02-13T04:15:36.071+0000] {logging_mixin.py:190} INFO - [2025-02-13T04:15:36.071+0000] {dag.py:4180} INFO - Setting next_dagrun for dataset_with_extra_by_yield to 2025-02-12 00:00:00+00:00, run_after=2025-02-13 00:00:00+00:00
[2025-02-13T04:15:36.074+0000] {logging_mixin.py:190} INFO - [2025-02-13T04:15:36.074+0000] {dag.py:4180} INFO - Setting next_dagrun for dataset_with_extra_from_classic_operator to 2025-02-12 00:00:00+00:00, run_after=2025-02-13 00:00:00+00:00
[2025-02-13T04:15:36.097+0000] {processor.py:208} INFO - Processing /home/airflow/.local/lib/python3.12/site-packages/airflow/example_dags/example_outlet_event_extra.py took 0.689 seconds
[2025-02-13T04:16:06.650+0000] {processor.py:186} INFO - Started process (PID=196) to work on /home/airflow/.local/lib/python3.12/site-packages/airflow/example_dags/example_outlet_event_extra.py
[2025-02-13T04:16:06.651+0000] {processor.py:914} INFO - Processing file /home/airflow/.local/lib/python3.12/site-packages/airflow/example_dags/example_outlet_event_extra.py for tasks to queue
[2025-02-13T04:16:06.654+0000] {logging_mixin.py:190} INFO - [2025-02-13T04:16:06.653+0000] {dagbag.py:588} INFO - Filling up the DagBag from /home/airflow/.local/lib/python3.12/site-packages/airflow/example_dags/example_outlet_event_extra.py
[2025-02-13T04:16:07.188+0000] {processor.py:925} INFO - DAG(s) 'dataset_with_extra_by_yield', 'dataset_with_extra_from_classic_operator', 'dataset_with_extra_by_context' retrieved from /home/airflow/.local/lib/python3.12/site-packages/airflow/example_dags/example_outlet_event_extra.py
[2025-02-13T04:16:07.218+0000] {logging_mixin.py:190} INFO - [2025-02-13T04:16:07.218+0000] {dag.py:3239} INFO - Sync 3 DAGs
[2025-02-13T04:16:07.244+0000] {logging_mixin.py:190} INFO - [2025-02-13T04:16:07.244+0000] {dag.py:4180} INFO - Setting next_dagrun for dataset_with_extra_by_context to 2025-02-12 00:00:00+00:00, run_after=2025-02-13 00:00:00+00:00
[2025-02-13T04:16:07.249+0000] {logging_mixin.py:190} INFO - [2025-02-13T04:16:07.249+0000] {dag.py:4180} INFO - Setting next_dagrun for dataset_with_extra_by_yield to 2025-02-12 00:00:00+00:00, run_after=2025-02-13 00:00:00+00:00
[2025-02-13T04:16:07.252+0000] {logging_mixin.py:190} INFO - [2025-02-13T04:16:07.252+0000] {dag.py:4180} INFO - Setting next_dagrun for dataset_with_extra_from_classic_operator to 2025-02-12 00:00:00+00:00, run_after=2025-02-13 00:00:00+00:00
[2025-02-13T04:16:07.273+0000] {processor.py:208} INFO - Processing /home/airflow/.local/lib/python3.12/site-packages/airflow/example_dags/example_outlet_event_extra.py took 0.629 seconds
[2025-02-13T04:16:37.404+0000] {processor.py:186} INFO - Started process (PID=269) to work on /home/airflow/.local/lib/python3.12/site-packages/airflow/example_dags/example_outlet_event_extra.py
[2025-02-13T04:16:37.404+0000] {processor.py:914} INFO - Processing file /home/airflow/.local/lib/python3.12/site-packages/airflow/example_dags/example_outlet_event_extra.py for tasks to queue
[2025-02-13T04:16:37.406+0000] {logging_mixin.py:190} INFO - [2025-02-13T04:16:37.406+0000] {dagbag.py:588} INFO - Filling up the DagBag from /home/airflow/.local/lib/python3.12/site-packages/airflow/example_dags/example_outlet_event_extra.py
[2025-02-13T04:16:37.866+0000] {processor.py:925} INFO - DAG(s) 'dataset_with_extra_by_yield', 'dataset_with_extra_from_classic_operator', 'dataset_with_extra_by_context' retrieved from /home/airflow/.local/lib/python3.12/site-packages/airflow/example_dags/example_outlet_event_extra.py
[2025-02-13T04:16:37.890+0000] {logging_mixin.py:190} INFO - [2025-02-13T04:16:37.890+0000] {dag.py:3239} INFO - Sync 3 DAGs
[2025-02-13T04:16:37.912+0000] {logging_mixin.py:190} INFO - [2025-02-13T04:16:37.912+0000] {dag.py:4180} INFO - Setting next_dagrun for dataset_with_extra_by_context to 2025-02-12 00:00:00+00:00, run_after=2025-02-13 00:00:00+00:00
[2025-02-13T04:16:37.916+0000] {logging_mixin.py:190} INFO - [2025-02-13T04:16:37.916+0000] {dag.py:4180} INFO - Setting next_dagrun for dataset_with_extra_by_yield to 2025-02-12 00:00:00+00:00, run_after=2025-02-13 00:00:00+00:00
[2025-02-13T04:16:37.919+0000] {logging_mixin.py:190} INFO - [2025-02-13T04:16:37.919+0000] {dag.py:4180} INFO - Setting next_dagrun for dataset_with_extra_from_classic_operator to 2025-02-12 00:00:00+00:00, run_after=2025-02-13 00:00:00+00:00
[2025-02-13T04:16:37.938+0000] {processor.py:208} INFO - Processing /home/airflow/.local/lib/python3.12/site-packages/airflow/example_dags/example_outlet_event_extra.py took 0.540 seconds
[2025-02-13T04:17:08.309+0000] {processor.py:186} INFO - Started process (PID=335) to work on /home/airflow/.local/lib/python3.12/site-packages/airflow/example_dags/example_outlet_event_extra.py
[2025-02-13T04:17:08.310+0000] {processor.py:914} INFO - Processing file /home/airflow/.local/lib/python3.12/site-packages/airflow/example_dags/example_outlet_event_extra.py for tasks to queue
[2025-02-13T04:17:08.312+0000] {logging_mixin.py:190} INFO - [2025-02-13T04:17:08.312+0000] {dagbag.py:588} INFO - Filling up the DagBag from /home/airflow/.local/lib/python3.12/site-packages/airflow/example_dags/example_outlet_event_extra.py
[2025-02-13T04:17:08.769+0000] {processor.py:925} INFO - DAG(s) 'dataset_with_extra_from_classic_operator', 'dataset_with_extra_by_yield', 'dataset_with_extra_by_context' retrieved from /home/airflow/.local/lib/python3.12/site-packages/airflow/example_dags/example_outlet_event_extra.py
[2025-02-13T04:17:08.794+0000] {logging_mixin.py:190} INFO - [2025-02-13T04:17:08.794+0000] {dag.py:3239} INFO - Sync 3 DAGs
[2025-02-13T04:17:08.817+0000] {logging_mixin.py:190} INFO - [2025-02-13T04:17:08.817+0000] {dag.py:4180} INFO - Setting next_dagrun for dataset_with_extra_by_context to 2025-02-12 00:00:00+00:00, run_after=2025-02-13 00:00:00+00:00
[2025-02-13T04:17:08.822+0000] {logging_mixin.py:190} INFO - [2025-02-13T04:17:08.822+0000] {dag.py:4180} INFO - Setting next_dagrun for dataset_with_extra_by_yield to 2025-02-12 00:00:00+00:00, run_after=2025-02-13 00:00:00+00:00
[2025-02-13T04:17:08.825+0000] {logging_mixin.py:190} INFO - [2025-02-13T04:17:08.824+0000] {dag.py:4180} INFO - Setting next_dagrun for dataset_with_extra_from_classic_operator to 2025-02-12 00:00:00+00:00, run_after=2025-02-13 00:00:00+00:00
[2025-02-13T04:17:08.847+0000] {processor.py:208} INFO - Processing /home/airflow/.local/lib/python3.12/site-packages/airflow/example_dags/example_outlet_event_extra.py took 0.543 seconds
[2025-02-13T04:17:39.744+0000] {processor.py:186} INFO - Started process (PID=401) to work on /home/airflow/.local/lib/python3.12/site-packages/airflow/example_dags/example_outlet_event_extra.py
[2025-02-13T04:17:39.745+0000] {processor.py:914} INFO - Processing file /home/airflow/.local/lib/python3.12/site-packages/airflow/example_dags/example_outlet_event_extra.py for tasks to queue
[2025-02-13T04:17:39.747+0000] {logging_mixin.py:190} INFO - [2025-02-13T04:17:39.747+0000] {dagbag.py:588} INFO - Filling up the DagBag from /home/airflow/.local/lib/python3.12/site-packages/airflow/example_dags/example_outlet_event_extra.py
[2025-02-13T04:17:40.238+0000] {processor.py:925} INFO - DAG(s) 'dataset_with_extra_from_classic_operator', 'dataset_with_extra_by_yield', 'dataset_with_extra_by_context' retrieved from /home/airflow/.local/lib/python3.12/site-packages/airflow/example_dags/example_outlet_event_extra.py
[2025-02-13T04:17:40.263+0000] {logging_mixin.py:190} INFO - [2025-02-13T04:17:40.263+0000] {dag.py:3239} INFO - Sync 3 DAGs
[2025-02-13T04:17:40.286+0000] {logging_mixin.py:190} INFO - [2025-02-13T04:17:40.286+0000] {dag.py:4180} INFO - Setting next_dagrun for dataset_with_extra_by_context to 2025-02-12 00:00:00+00:00, run_after=2025-02-13 00:00:00+00:00
[2025-02-13T04:17:40.291+0000] {logging_mixin.py:190} INFO - [2025-02-13T04:17:40.290+0000] {dag.py:4180} INFO - Setting next_dagrun for dataset_with_extra_by_yield to 2025-02-12 00:00:00+00:00, run_after=2025-02-13 00:00:00+00:00
[2025-02-13T04:17:40.293+0000] {logging_mixin.py:190} INFO - [2025-02-13T04:17:40.293+0000] {dag.py:4180} INFO - Setting next_dagrun for dataset_with_extra_from_classic_operator to 2025-02-12 00:00:00+00:00, run_after=2025-02-13 00:00:00+00:00
[2025-02-13T04:17:40.314+0000] {processor.py:208} INFO - Processing /home/airflow/.local/lib/python3.12/site-packages/airflow/example_dags/example_outlet_event_extra.py took 0.576 seconds
[2025-02-13T04:18:10.880+0000] {processor.py:186} INFO - Started process (PID=467) to work on /home/airflow/.local/lib/python3.12/site-packages/airflow/example_dags/example_outlet_event_extra.py
[2025-02-13T04:18:10.881+0000] {processor.py:914} INFO - Processing file /home/airflow/.local/lib/python3.12/site-packages/airflow/example_dags/example_outlet_event_extra.py for tasks to queue
[2025-02-13T04:18:10.883+0000] {logging_mixin.py:190} INFO - [2025-02-13T04:18:10.882+0000] {dagbag.py:588} INFO - Filling up the DagBag from /home/airflow/.local/lib/python3.12/site-packages/airflow/example_dags/example_outlet_event_extra.py
[2025-02-13T04:18:11.330+0000] {processor.py:925} INFO - DAG(s) 'dataset_with_extra_from_classic_operator', 'dataset_with_extra_by_yield', 'dataset_with_extra_by_context' retrieved from /home/airflow/.local/lib/python3.12/site-packages/airflow/example_dags/example_outlet_event_extra.py
[2025-02-13T04:18:11.354+0000] {logging_mixin.py:190} INFO - [2025-02-13T04:18:11.353+0000] {dag.py:3239} INFO - Sync 3 DAGs
[2025-02-13T04:18:11.379+0000] {logging_mixin.py:190} INFO - [2025-02-13T04:18:11.379+0000] {dag.py:4180} INFO - Setting next_dagrun for dataset_with_extra_by_context to 2025-02-12 00:00:00+00:00, run_after=2025-02-13 00:00:00+00:00
[2025-02-13T04:18:11.384+0000] {logging_mixin.py:190} INFO - [2025-02-13T04:18:11.384+0000] {dag.py:4180} INFO - Setting next_dagrun for dataset_with_extra_by_yield to 2025-02-12 00:00:00+00:00, run_after=2025-02-13 00:00:00+00:00
[2025-02-13T04:18:11.386+0000] {logging_mixin.py:190} INFO - [2025-02-13T04:18:11.386+0000] {dag.py:4180} INFO - Setting next_dagrun for dataset_with_extra_from_classic_operator to 2025-02-12 00:00:00+00:00, run_after=2025-02-13 00:00:00+00:00
[2025-02-13T04:18:11.407+0000] {processor.py:208} INFO - Processing /home/airflow/.local/lib/python3.12/site-packages/airflow/example_dags/example_outlet_event_extra.py took 0.532 seconds
[2025-02-13T04:18:41.604+0000] {processor.py:186} INFO - Started process (PID=526) to work on /home/airflow/.local/lib/python3.12/site-packages/airflow/example_dags/example_outlet_event_extra.py
[2025-02-13T04:18:41.605+0000] {processor.py:914} INFO - Processing file /home/airflow/.local/lib/python3.12/site-packages/airflow/example_dags/example_outlet_event_extra.py for tasks to queue
[2025-02-13T04:18:41.608+0000] {logging_mixin.py:190} INFO - [2025-02-13T04:18:41.607+0000] {dagbag.py:588} INFO - Filling up the DagBag from /home/airflow/.local/lib/python3.12/site-packages/airflow/example_dags/example_outlet_event_extra.py
[2025-02-13T04:18:42.092+0000] {processor.py:925} INFO - DAG(s) 'dataset_with_extra_by_context', 'dataset_with_extra_by_yield', 'dataset_with_extra_from_classic_operator' retrieved from /home/airflow/.local/lib/python3.12/site-packages/airflow/example_dags/example_outlet_event_extra.py
[2025-02-13T04:18:42.122+0000] {logging_mixin.py:190} INFO - [2025-02-13T04:18:42.121+0000] {dag.py:3239} INFO - Sync 3 DAGs
[2025-02-13T04:18:42.149+0000] {logging_mixin.py:190} INFO - [2025-02-13T04:18:42.149+0000] {dag.py:4180} INFO - Setting next_dagrun for dataset_with_extra_by_context to 2025-02-12 00:00:00+00:00, run_after=2025-02-13 00:00:00+00:00
[2025-02-13T04:18:42.155+0000] {logging_mixin.py:190} INFO - [2025-02-13T04:18:42.155+0000] {dag.py:4180} INFO - Setting next_dagrun for dataset_with_extra_by_yield to 2025-02-12 00:00:00+00:00, run_after=2025-02-13 00:00:00+00:00
[2025-02-13T04:18:42.158+0000] {logging_mixin.py:190} INFO - [2025-02-13T04:18:42.158+0000] {dag.py:4180} INFO - Setting next_dagrun for dataset_with_extra_from_classic_operator to 2025-02-12 00:00:00+00:00, run_after=2025-02-13 00:00:00+00:00
[2025-02-13T04:18:42.180+0000] {processor.py:208} INFO - Processing /home/airflow/.local/lib/python3.12/site-packages/airflow/example_dags/example_outlet_event_extra.py took 0.583 seconds
[2025-02-13T04:19:13.310+0000] {processor.py:186} INFO - Started process (PID=592) to work on /home/airflow/.local/lib/python3.12/site-packages/airflow/example_dags/example_outlet_event_extra.py
[2025-02-13T04:19:13.311+0000] {processor.py:914} INFO - Processing file /home/airflow/.local/lib/python3.12/site-packages/airflow/example_dags/example_outlet_event_extra.py for tasks to queue
[2025-02-13T04:19:13.313+0000] {logging_mixin.py:190} INFO - [2025-02-13T04:19:13.313+0000] {dagbag.py:588} INFO - Filling up the DagBag from /home/airflow/.local/lib/python3.12/site-packages/airflow/example_dags/example_outlet_event_extra.py
[2025-02-13T04:19:13.973+0000] {processor.py:925} INFO - DAG(s) 'dataset_with_extra_from_classic_operator', 'dataset_with_extra_by_context', 'dataset_with_extra_by_yield' retrieved from /home/airflow/.local/lib/python3.12/site-packages/airflow/example_dags/example_outlet_event_extra.py
[2025-02-13T04:19:14.004+0000] {logging_mixin.py:190} INFO - [2025-02-13T04:19:14.004+0000] {dag.py:3239} INFO - Sync 3 DAGs
[2025-02-13T04:19:14.035+0000] {logging_mixin.py:190} INFO - [2025-02-13T04:19:14.035+0000] {dag.py:4180} INFO - Setting next_dagrun for dataset_with_extra_by_context to 2025-02-12 00:00:00+00:00, run_after=2025-02-13 00:00:00+00:00
[2025-02-13T04:19:14.042+0000] {logging_mixin.py:190} INFO - [2025-02-13T04:19:14.041+0000] {dag.py:4180} INFO - Setting next_dagrun for dataset_with_extra_by_yield to 2025-02-12 00:00:00+00:00, run_after=2025-02-13 00:00:00+00:00
[2025-02-13T04:19:14.045+0000] {logging_mixin.py:190} INFO - [2025-02-13T04:19:14.045+0000] {dag.py:4180} INFO - Setting next_dagrun for dataset_with_extra_from_classic_operator to 2025-02-12 00:00:00+00:00, run_after=2025-02-13 00:00:00+00:00
[2025-02-13T04:19:14.073+0000] {processor.py:208} INFO - Processing /home/airflow/.local/lib/python3.12/site-packages/airflow/example_dags/example_outlet_event_extra.py took 0.768 seconds
[2025-02-13T04:19:44.388+0000] {processor.py:186} INFO - Started process (PID=659) to work on /home/airflow/.local/lib/python3.12/site-packages/airflow/example_dags/example_outlet_event_extra.py
[2025-02-13T04:19:44.390+0000] {processor.py:914} INFO - Processing file /home/airflow/.local/lib/python3.12/site-packages/airflow/example_dags/example_outlet_event_extra.py for tasks to queue
[2025-02-13T04:19:44.393+0000] {logging_mixin.py:190} INFO - [2025-02-13T04:19:44.393+0000] {dagbag.py:588} INFO - Filling up the DagBag from /home/airflow/.local/lib/python3.12/site-packages/airflow/example_dags/example_outlet_event_extra.py
[2025-02-13T04:19:45.011+0000] {processor.py:925} INFO - DAG(s) 'dataset_with_extra_by_context', 'dataset_with_extra_from_classic_operator', 'dataset_with_extra_by_yield' retrieved from /home/airflow/.local/lib/python3.12/site-packages/airflow/example_dags/example_outlet_event_extra.py
[2025-02-13T04:19:45.056+0000] {logging_mixin.py:190} INFO - [2025-02-13T04:19:45.055+0000] {dag.py:3239} INFO - Sync 3 DAGs
[2025-02-13T04:19:45.099+0000] {logging_mixin.py:190} INFO - [2025-02-13T04:19:45.099+0000] {dag.py:4180} INFO - Setting next_dagrun for dataset_with_extra_by_context to 2025-02-12 00:00:00+00:00, run_after=2025-02-13 00:00:00+00:00
[2025-02-13T04:19:45.107+0000] {logging_mixin.py:190} INFO - [2025-02-13T04:19:45.106+0000] {dag.py:4180} INFO - Setting next_dagrun for dataset_with_extra_by_yield to 2025-02-12 00:00:00+00:00, run_after=2025-02-13 00:00:00+00:00
[2025-02-13T04:19:45.111+0000] {logging_mixin.py:190} INFO - [2025-02-13T04:19:45.111+0000] {dag.py:4180} INFO - Setting next_dagrun for dataset_with_extra_from_classic_operator to 2025-02-12 00:00:00+00:00, run_after=2025-02-13 00:00:00+00:00
[2025-02-13T04:19:45.140+0000] {processor.py:208} INFO - Processing /home/airflow/.local/lib/python3.12/site-packages/airflow/example_dags/example_outlet_event_extra.py took 0.760 seconds
[2025-02-13T04:20:15.345+0000] {processor.py:186} INFO - Started process (PID=725) to work on /home/airflow/.local/lib/python3.12/site-packages/airflow/example_dags/example_outlet_event_extra.py
[2025-02-13T04:20:15.346+0000] {processor.py:914} INFO - Processing file /home/airflow/.local/lib/python3.12/site-packages/airflow/example_dags/example_outlet_event_extra.py for tasks to queue
[2025-02-13T04:20:15.348+0000] {logging_mixin.py:190} INFO - [2025-02-13T04:20:15.348+0000] {dagbag.py:588} INFO - Filling up the DagBag from /home/airflow/.local/lib/python3.12/site-packages/airflow/example_dags/example_outlet_event_extra.py
[2025-02-13T04:20:15.833+0000] {processor.py:925} INFO - DAG(s) 'dataset_with_extra_by_yield', 'dataset_with_extra_from_classic_operator', 'dataset_with_extra_by_context' retrieved from /home/airflow/.local/lib/python3.12/site-packages/airflow/example_dags/example_outlet_event_extra.py
[2025-02-13T04:20:15.856+0000] {logging_mixin.py:190} INFO - [2025-02-13T04:20:15.855+0000] {dag.py:3239} INFO - Sync 3 DAGs
[2025-02-13T04:20:15.877+0000] {logging_mixin.py:190} INFO - [2025-02-13T04:20:15.877+0000] {dag.py:4180} INFO - Setting next_dagrun for dataset_with_extra_by_context to 2025-02-12 00:00:00+00:00, run_after=2025-02-13 00:00:00+00:00
[2025-02-13T04:20:15.881+0000] {logging_mixin.py:190} INFO - [2025-02-13T04:20:15.881+0000] {dag.py:4180} INFO - Setting next_dagrun for dataset_with_extra_by_yield to 2025-02-12 00:00:00+00:00, run_after=2025-02-13 00:00:00+00:00
[2025-02-13T04:20:15.884+0000] {logging_mixin.py:190} INFO - [2025-02-13T04:20:15.884+0000] {dag.py:4180} INFO - Setting next_dagrun for dataset_with_extra_from_classic_operator to 2025-02-12 00:00:00+00:00, run_after=2025-02-13 00:00:00+00:00
[2025-02-13T04:20:15.903+0000] {processor.py:208} INFO - Processing /home/airflow/.local/lib/python3.12/site-packages/airflow/example_dags/example_outlet_event_extra.py took 0.565 seconds
[2025-02-13T04:20:46.137+0000] {processor.py:186} INFO - Started process (PID=791) to work on /home/airflow/.local/lib/python3.12/site-packages/airflow/example_dags/example_outlet_event_extra.py
[2025-02-13T04:20:46.138+0000] {processor.py:914} INFO - Processing file /home/airflow/.local/lib/python3.12/site-packages/airflow/example_dags/example_outlet_event_extra.py for tasks to queue
[2025-02-13T04:20:46.141+0000] {logging_mixin.py:190} INFO - [2025-02-13T04:20:46.140+0000] {dagbag.py:588} INFO - Filling up the DagBag from /home/airflow/.local/lib/python3.12/site-packages/airflow/example_dags/example_outlet_event_extra.py
[2025-02-13T04:20:46.622+0000] {processor.py:925} INFO - DAG(s) 'dataset_with_extra_by_yield', 'dataset_with_extra_by_context', 'dataset_with_extra_from_classic_operator' retrieved from /home/airflow/.local/lib/python3.12/site-packages/airflow/example_dags/example_outlet_event_extra.py
[2025-02-13T04:20:46.647+0000] {logging_mixin.py:190} INFO - [2025-02-13T04:20:46.646+0000] {dag.py:3239} INFO - Sync 3 DAGs
[2025-02-13T04:20:46.670+0000] {logging_mixin.py:190} INFO - [2025-02-13T04:20:46.670+0000] {dag.py:4180} INFO - Setting next_dagrun for dataset_with_extra_by_context to 2025-02-12 00:00:00+00:00, run_after=2025-02-13 00:00:00+00:00
[2025-02-13T04:20:46.674+0000] {logging_mixin.py:190} INFO - [2025-02-13T04:20:46.674+0000] {dag.py:4180} INFO - Setting next_dagrun for dataset_with_extra_by_yield to 2025-02-12 00:00:00+00:00, run_after=2025-02-13 00:00:00+00:00
[2025-02-13T04:20:46.677+0000] {logging_mixin.py:190} INFO - [2025-02-13T04:20:46.677+0000] {dag.py:4180} INFO - Setting next_dagrun for dataset_with_extra_from_classic_operator to 2025-02-12 00:00:00+00:00, run_after=2025-02-13 00:00:00+00:00
[2025-02-13T04:20:46.695+0000] {processor.py:208} INFO - Processing /home/airflow/.local/lib/python3.12/site-packages/airflow/example_dags/example_outlet_event_extra.py took 0.564 seconds
[2025-02-13T04:21:17.857+0000] {processor.py:186} INFO - Started process (PID=857) to work on /home/airflow/.local/lib/python3.12/site-packages/airflow/example_dags/example_outlet_event_extra.py
[2025-02-13T04:21:17.858+0000] {processor.py:914} INFO - Processing file /home/airflow/.local/lib/python3.12/site-packages/airflow/example_dags/example_outlet_event_extra.py for tasks to queue
[2025-02-13T04:21:17.860+0000] {logging_mixin.py:190} INFO - [2025-02-13T04:21:17.860+0000] {dagbag.py:588} INFO - Filling up the DagBag from /home/airflow/.local/lib/python3.12/site-packages/airflow/example_dags/example_outlet_event_extra.py
[2025-02-13T04:21:18.407+0000] {processor.py:925} INFO - DAG(s) 'dataset_with_extra_by_context', 'dataset_with_extra_by_yield', 'dataset_with_extra_from_classic_operator' retrieved from /home/airflow/.local/lib/python3.12/site-packages/airflow/example_dags/example_outlet_event_extra.py
[2025-02-13T04:21:18.431+0000] {logging_mixin.py:190} INFO - [2025-02-13T04:21:18.431+0000] {dag.py:3239} INFO - Sync 3 DAGs
[2025-02-13T04:21:18.456+0000] {logging_mixin.py:190} INFO - [2025-02-13T04:21:18.456+0000] {dag.py:4180} INFO - Setting next_dagrun for dataset_with_extra_by_context to 2025-02-12 00:00:00+00:00, run_after=2025-02-13 00:00:00+00:00
[2025-02-13T04:21:18.461+0000] {logging_mixin.py:190} INFO - [2025-02-13T04:21:18.461+0000] {dag.py:4180} INFO - Setting next_dagrun for dataset_with_extra_by_yield to 2025-02-12 00:00:00+00:00, run_after=2025-02-13 00:00:00+00:00
[2025-02-13T04:21:18.465+0000] {logging_mixin.py:190} INFO - [2025-02-13T04:21:18.465+0000] {dag.py:4180} INFO - Setting next_dagrun for dataset_with_extra_from_classic_operator to 2025-02-12 00:00:00+00:00, run_after=2025-02-13 00:00:00+00:00
[2025-02-13T04:21:18.493+0000] {processor.py:208} INFO - Processing /home/airflow/.local/lib/python3.12/site-packages/airflow/example_dags/example_outlet_event_extra.py took 0.641 seconds
[2025-02-13T04:21:48.690+0000] {processor.py:186} INFO - Started process (PID=929) to work on /home/airflow/.local/lib/python3.12/site-packages/airflow/example_dags/example_outlet_event_extra.py
[2025-02-13T04:21:48.691+0000] {processor.py:914} INFO - Processing file /home/airflow/.local/lib/python3.12/site-packages/airflow/example_dags/example_outlet_event_extra.py for tasks to queue
[2025-02-13T04:21:48.693+0000] {logging_mixin.py:190} INFO - [2025-02-13T04:21:48.693+0000] {dagbag.py:588} INFO - Filling up the DagBag from /home/airflow/.local/lib/python3.12/site-packages/airflow/example_dags/example_outlet_event_extra.py
[2025-02-13T04:21:49.238+0000] {processor.py:925} INFO - DAG(s) 'dataset_with_extra_from_classic_operator', 'dataset_with_extra_by_context', 'dataset_with_extra_by_yield' retrieved from /home/airflow/.local/lib/python3.12/site-packages/airflow/example_dags/example_outlet_event_extra.py
[2025-02-13T04:21:49.262+0000] {logging_mixin.py:190} INFO - [2025-02-13T04:21:49.261+0000] {dag.py:3239} INFO - Sync 3 DAGs
[2025-02-13T04:21:49.285+0000] {logging_mixin.py:190} INFO - [2025-02-13T04:21:49.285+0000] {dag.py:4180} INFO - Setting next_dagrun for dataset_with_extra_by_context to 2025-02-12 00:00:00+00:00, run_after=2025-02-13 00:00:00+00:00
[2025-02-13T04:21:49.290+0000] {logging_mixin.py:190} INFO - [2025-02-13T04:21:49.290+0000] {dag.py:4180} INFO - Setting next_dagrun for dataset_with_extra_by_yield to 2025-02-12 00:00:00+00:00, run_after=2025-02-13 00:00:00+00:00
[2025-02-13T04:21:49.292+0000] {logging_mixin.py:190} INFO - [2025-02-13T04:21:49.292+0000] {dag.py:4180} INFO - Setting next_dagrun for dataset_with_extra_from_classic_operator to 2025-02-12 00:00:00+00:00, run_after=2025-02-13 00:00:00+00:00
[2025-02-13T04:21:49.313+0000] {processor.py:208} INFO - Processing /home/airflow/.local/lib/python3.12/site-packages/airflow/example_dags/example_outlet_event_extra.py took 0.630 seconds
[2025-02-13T04:22:19.371+0000] {processor.py:186} INFO - Started process (PID=995) to work on /home/airflow/.local/lib/python3.12/site-packages/airflow/example_dags/example_outlet_event_extra.py
[2025-02-13T04:22:19.372+0000] {processor.py:914} INFO - Processing file /home/airflow/.local/lib/python3.12/site-packages/airflow/example_dags/example_outlet_event_extra.py for tasks to queue
[2025-02-13T04:22:19.375+0000] {logging_mixin.py:190} INFO - [2025-02-13T04:22:19.374+0000] {dagbag.py:588} INFO - Filling up the DagBag from /home/airflow/.local/lib/python3.12/site-packages/airflow/example_dags/example_outlet_event_extra.py
[2025-02-13T04:22:19.851+0000] {processor.py:925} INFO - DAG(s) 'dataset_with_extra_by_context', 'dataset_with_extra_from_classic_operator', 'dataset_with_extra_by_yield' retrieved from /home/airflow/.local/lib/python3.12/site-packages/airflow/example_dags/example_outlet_event_extra.py
[2025-02-13T04:22:19.874+0000] {logging_mixin.py:190} INFO - [2025-02-13T04:22:19.874+0000] {dag.py:3239} INFO - Sync 3 DAGs
[2025-02-13T04:22:19.896+0000] {logging_mixin.py:190} INFO - [2025-02-13T04:22:19.896+0000] {dag.py:4180} INFO - Setting next_dagrun for dataset_with_extra_by_context to 2025-02-12 00:00:00+00:00, run_after=2025-02-13 00:00:00+00:00
[2025-02-13T04:22:19.900+0000] {logging_mixin.py:190} INFO - [2025-02-13T04:22:19.900+0000] {dag.py:4180} INFO - Setting next_dagrun for dataset_with_extra_by_yield to 2025-02-12 00:00:00+00:00, run_after=2025-02-13 00:00:00+00:00
[2025-02-13T04:22:19.903+0000] {logging_mixin.py:190} INFO - [2025-02-13T04:22:19.903+0000] {dag.py:4180} INFO - Setting next_dagrun for dataset_with_extra_from_classic_operator to 2025-02-12 00:00:00+00:00, run_after=2025-02-13 00:00:00+00:00
[2025-02-13T04:22:19.922+0000] {processor.py:208} INFO - Processing /home/airflow/.local/lib/python3.12/site-packages/airflow/example_dags/example_outlet_event_extra.py took 0.556 seconds
[2025-02-13T04:22:50.143+0000] {processor.py:186} INFO - Started process (PID=1061) to work on /home/airflow/.local/lib/python3.12/site-packages/airflow/example_dags/example_outlet_event_extra.py
[2025-02-13T04:22:50.144+0000] {processor.py:914} INFO - Processing file /home/airflow/.local/lib/python3.12/site-packages/airflow/example_dags/example_outlet_event_extra.py for tasks to queue
[2025-02-13T04:22:50.146+0000] {logging_mixin.py:190} INFO - [2025-02-13T04:22:50.146+0000] {dagbag.py:588} INFO - Filling up the DagBag from /home/airflow/.local/lib/python3.12/site-packages/airflow/example_dags/example_outlet_event_extra.py
[2025-02-13T04:22:50.665+0000] {processor.py:925} INFO - DAG(s) 'dataset_with_extra_by_yield', 'dataset_with_extra_by_context', 'dataset_with_extra_from_classic_operator' retrieved from /home/airflow/.local/lib/python3.12/site-packages/airflow/example_dags/example_outlet_event_extra.py
[2025-02-13T04:22:50.693+0000] {logging_mixin.py:190} INFO - [2025-02-13T04:22:50.693+0000] {dag.py:3239} INFO - Sync 3 DAGs
[2025-02-13T04:22:50.717+0000] {logging_mixin.py:190} INFO - [2025-02-13T04:22:50.717+0000] {dag.py:4180} INFO - Setting next_dagrun for dataset_with_extra_by_context to 2025-02-12 00:00:00+00:00, run_after=2025-02-13 00:00:00+00:00
[2025-02-13T04:22:50.723+0000] {logging_mixin.py:190} INFO - [2025-02-13T04:22:50.723+0000] {dag.py:4180} INFO - Setting next_dagrun for dataset_with_extra_by_yield to 2025-02-12 00:00:00+00:00, run_after=2025-02-13 00:00:00+00:00
[2025-02-13T04:22:50.726+0000] {logging_mixin.py:190} INFO - [2025-02-13T04:22:50.726+0000] {dag.py:4180} INFO - Setting next_dagrun for dataset_with_extra_from_classic_operator to 2025-02-12 00:00:00+00:00, run_after=2025-02-13 00:00:00+00:00
[2025-02-13T04:22:50.745+0000] {processor.py:208} INFO - Processing /home/airflow/.local/lib/python3.12/site-packages/airflow/example_dags/example_outlet_event_extra.py took 0.608 seconds
[2025-02-13T04:23:21.542+0000] {processor.py:186} INFO - Started process (PID=1127) to work on /home/airflow/.local/lib/python3.12/site-packages/airflow/example_dags/example_outlet_event_extra.py
[2025-02-13T04:23:21.543+0000] {processor.py:914} INFO - Processing file /home/airflow/.local/lib/python3.12/site-packages/airflow/example_dags/example_outlet_event_extra.py for tasks to queue
[2025-02-13T04:23:21.545+0000] {logging_mixin.py:190} INFO - [2025-02-13T04:23:21.545+0000] {dagbag.py:588} INFO - Filling up the DagBag from /home/airflow/.local/lib/python3.12/site-packages/airflow/example_dags/example_outlet_event_extra.py
[2025-02-13T04:23:21.986+0000] {processor.py:925} INFO - DAG(s) 'dataset_with_extra_from_classic_operator', 'dataset_with_extra_by_yield', 'dataset_with_extra_by_context' retrieved from /home/airflow/.local/lib/python3.12/site-packages/airflow/example_dags/example_outlet_event_extra.py
[2025-02-13T04:23:22.009+0000] {logging_mixin.py:190} INFO - [2025-02-13T04:23:22.009+0000] {dag.py:3239} INFO - Sync 3 DAGs
[2025-02-13T04:23:22.032+0000] {logging_mixin.py:190} INFO - [2025-02-13T04:23:22.032+0000] {dag.py:4180} INFO - Setting next_dagrun for dataset_with_extra_by_context to 2025-02-12 00:00:00+00:00, run_after=2025-02-13 00:00:00+00:00
[2025-02-13T04:23:22.037+0000] {logging_mixin.py:190} INFO - [2025-02-13T04:23:22.037+0000] {dag.py:4180} INFO - Setting next_dagrun for dataset_with_extra_by_yield to 2025-02-12 00:00:00+00:00, run_after=2025-02-13 00:00:00+00:00
[2025-02-13T04:23:22.039+0000] {logging_mixin.py:190} INFO - [2025-02-13T04:23:22.039+0000] {dag.py:4180} INFO - Setting next_dagrun for dataset_with_extra_from_classic_operator to 2025-02-12 00:00:00+00:00, run_after=2025-02-13 00:00:00+00:00
[2025-02-13T04:23:22.066+0000] {processor.py:208} INFO - Processing /home/airflow/.local/lib/python3.12/site-packages/airflow/example_dags/example_outlet_event_extra.py took 0.529 seconds
[2025-02-13T04:23:52.741+0000] {processor.py:186} INFO - Started process (PID=1193) to work on /home/airflow/.local/lib/python3.12/site-packages/airflow/example_dags/example_outlet_event_extra.py
[2025-02-13T04:23:52.742+0000] {processor.py:914} INFO - Processing file /home/airflow/.local/lib/python3.12/site-packages/airflow/example_dags/example_outlet_event_extra.py for tasks to queue
[2025-02-13T04:23:52.744+0000] {logging_mixin.py:190} INFO - [2025-02-13T04:23:52.744+0000] {dagbag.py:588} INFO - Filling up the DagBag from /home/airflow/.local/lib/python3.12/site-packages/airflow/example_dags/example_outlet_event_extra.py
[2025-02-13T04:23:53.301+0000] {processor.py:925} INFO - DAG(s) 'dataset_with_extra_by_yield', 'dataset_with_extra_by_context', 'dataset_with_extra_from_classic_operator' retrieved from /home/airflow/.local/lib/python3.12/site-packages/airflow/example_dags/example_outlet_event_extra.py
[2025-02-13T04:23:53.325+0000] {logging_mixin.py:190} INFO - [2025-02-13T04:23:53.325+0000] {dag.py:3239} INFO - Sync 3 DAGs
[2025-02-13T04:23:53.350+0000] {logging_mixin.py:190} INFO - [2025-02-13T04:23:53.349+0000] {dag.py:4180} INFO - Setting next_dagrun for dataset_with_extra_by_context to 2025-02-12 00:00:00+00:00, run_after=2025-02-13 00:00:00+00:00
[2025-02-13T04:23:53.355+0000] {logging_mixin.py:190} INFO - [2025-02-13T04:23:53.355+0000] {dag.py:4180} INFO - Setting next_dagrun for dataset_with_extra_by_yield to 2025-02-12 00:00:00+00:00, run_after=2025-02-13 00:00:00+00:00
[2025-02-13T04:23:53.358+0000] {logging_mixin.py:190} INFO - [2025-02-13T04:23:53.358+0000] {dag.py:4180} INFO - Setting next_dagrun for dataset_with_extra_from_classic_operator to 2025-02-12 00:00:00+00:00, run_after=2025-02-13 00:00:00+00:00
[2025-02-13T04:23:53.377+0000] {processor.py:208} INFO - Processing /home/airflow/.local/lib/python3.12/site-packages/airflow/example_dags/example_outlet_event_extra.py took 0.642 seconds
[2025-02-13T04:24:24.070+0000] {processor.py:186} INFO - Started process (PID=1259) to work on /home/airflow/.local/lib/python3.12/site-packages/airflow/example_dags/example_outlet_event_extra.py
[2025-02-13T04:24:24.071+0000] {processor.py:914} INFO - Processing file /home/airflow/.local/lib/python3.12/site-packages/airflow/example_dags/example_outlet_event_extra.py for tasks to queue
[2025-02-13T04:24:24.075+0000] {logging_mixin.py:190} INFO - [2025-02-13T04:24:24.074+0000] {dagbag.py:588} INFO - Filling up the DagBag from /home/airflow/.local/lib/python3.12/site-packages/airflow/example_dags/example_outlet_event_extra.py
[2025-02-13T04:24:24.626+0000] {processor.py:925} INFO - DAG(s) 'dataset_with_extra_from_classic_operator', 'dataset_with_extra_by_context', 'dataset_with_extra_by_yield' retrieved from /home/airflow/.local/lib/python3.12/site-packages/airflow/example_dags/example_outlet_event_extra.py
[2025-02-13T04:24:24.649+0000] {logging_mixin.py:190} INFO - [2025-02-13T04:24:24.648+0000] {dag.py:3239} INFO - Sync 3 DAGs
[2025-02-13T04:24:24.674+0000] {logging_mixin.py:190} INFO - [2025-02-13T04:24:24.673+0000] {dag.py:4180} INFO - Setting next_dagrun for dataset_with_extra_by_context to 2025-02-12 00:00:00+00:00, run_after=2025-02-13 00:00:00+00:00
[2025-02-13T04:24:24.679+0000] {logging_mixin.py:190} INFO - [2025-02-13T04:24:24.678+0000] {dag.py:4180} INFO - Setting next_dagrun for dataset_with_extra_by_yield to 2025-02-12 00:00:00+00:00, run_after=2025-02-13 00:00:00+00:00
[2025-02-13T04:24:24.681+0000] {logging_mixin.py:190} INFO - [2025-02-13T04:24:24.681+0000] {dag.py:4180} INFO - Setting next_dagrun for dataset_with_extra_from_classic_operator to 2025-02-12 00:00:00+00:00, run_after=2025-02-13 00:00:00+00:00
[2025-02-13T04:24:24.700+0000] {processor.py:208} INFO - Processing /home/airflow/.local/lib/python3.12/site-packages/airflow/example_dags/example_outlet_event_extra.py took 0.637 seconds
[2025-02-13T04:24:55.437+0000] {processor.py:186} INFO - Started process (PID=1331) to work on /home/airflow/.local/lib/python3.12/site-packages/airflow/example_dags/example_outlet_event_extra.py
[2025-02-13T04:24:55.438+0000] {processor.py:914} INFO - Processing file /home/airflow/.local/lib/python3.12/site-packages/airflow/example_dags/example_outlet_event_extra.py for tasks to queue
[2025-02-13T04:24:55.441+0000] {logging_mixin.py:190} INFO - [2025-02-13T04:24:55.440+0000] {dagbag.py:588} INFO - Filling up the DagBag from /home/airflow/.local/lib/python3.12/site-packages/airflow/example_dags/example_outlet_event_extra.py
[2025-02-13T04:24:55.901+0000] {processor.py:925} INFO - DAG(s) 'dataset_with_extra_by_context', 'dataset_with_extra_from_classic_operator', 'dataset_with_extra_by_yield' retrieved from /home/airflow/.local/lib/python3.12/site-packages/airflow/example_dags/example_outlet_event_extra.py
[2025-02-13T04:24:55.925+0000] {logging_mixin.py:190} INFO - [2025-02-13T04:24:55.925+0000] {dag.py:3239} INFO - Sync 3 DAGs
[2025-02-13T04:24:55.948+0000] {logging_mixin.py:190} INFO - [2025-02-13T04:24:55.948+0000] {dag.py:4180} INFO - Setting next_dagrun for dataset_with_extra_by_context to 2025-02-12 00:00:00+00:00, run_after=2025-02-13 00:00:00+00:00
[2025-02-13T04:24:55.952+0000] {logging_mixin.py:190} INFO - [2025-02-13T04:24:55.952+0000] {dag.py:4180} INFO - Setting next_dagrun for dataset_with_extra_by_yield to 2025-02-12 00:00:00+00:00, run_after=2025-02-13 00:00:00+00:00
[2025-02-13T04:24:55.956+0000] {logging_mixin.py:190} INFO - [2025-02-13T04:24:55.956+0000] {dag.py:4180} INFO - Setting next_dagrun for dataset_with_extra_from_classic_operator to 2025-02-12 00:00:00+00:00, run_after=2025-02-13 00:00:00+00:00
[2025-02-13T04:24:55.975+0000] {processor.py:208} INFO - Processing /home/airflow/.local/lib/python3.12/site-packages/airflow/example_dags/example_outlet_event_extra.py took 0.546 seconds
[2025-02-13T04:25:26.464+0000] {processor.py:186} INFO - Started process (PID=1396) to work on /home/airflow/.local/lib/python3.12/site-packages/airflow/example_dags/example_outlet_event_extra.py
[2025-02-13T04:25:26.465+0000] {processor.py:914} INFO - Processing file /home/airflow/.local/lib/python3.12/site-packages/airflow/example_dags/example_outlet_event_extra.py for tasks to queue
[2025-02-13T04:25:26.468+0000] {logging_mixin.py:190} INFO - [2025-02-13T04:25:26.467+0000] {dagbag.py:588} INFO - Filling up the DagBag from /home/airflow/.local/lib/python3.12/site-packages/airflow/example_dags/example_outlet_event_extra.py
[2025-02-13T04:25:26.934+0000] {processor.py:925} INFO - DAG(s) 'dataset_with_extra_by_yield', 'dataset_with_extra_from_classic_operator', 'dataset_with_extra_by_context' retrieved from /home/airflow/.local/lib/python3.12/site-packages/airflow/example_dags/example_outlet_event_extra.py
[2025-02-13T04:25:26.957+0000] {logging_mixin.py:190} INFO - [2025-02-13T04:25:26.957+0000] {dag.py:3239} INFO - Sync 3 DAGs
[2025-02-13T04:25:26.980+0000] {logging_mixin.py:190} INFO - [2025-02-13T04:25:26.979+0000] {dag.py:4180} INFO - Setting next_dagrun for dataset_with_extra_by_context to 2025-02-12 00:00:00+00:00, run_after=2025-02-13 00:00:00+00:00
[2025-02-13T04:25:26.984+0000] {logging_mixin.py:190} INFO - [2025-02-13T04:25:26.984+0000] {dag.py:4180} INFO - Setting next_dagrun for dataset_with_extra_by_yield to 2025-02-12 00:00:00+00:00, run_after=2025-02-13 00:00:00+00:00
[2025-02-13T04:25:26.989+0000] {logging_mixin.py:190} INFO - [2025-02-13T04:25:26.988+0000] {dag.py:4180} INFO - Setting next_dagrun for dataset_with_extra_from_classic_operator to 2025-02-12 00:00:00+00:00, run_after=2025-02-13 00:00:00+00:00
[2025-02-13T04:25:27.007+0000] {processor.py:208} INFO - Processing /home/airflow/.local/lib/python3.12/site-packages/airflow/example_dags/example_outlet_event_extra.py took 0.549 seconds
[2025-02-13T04:25:57.780+0000] {processor.py:186} INFO - Started process (PID=1457) to work on /home/airflow/.local/lib/python3.12/site-packages/airflow/example_dags/example_outlet_event_extra.py
[2025-02-13T04:25:57.781+0000] {processor.py:914} INFO - Processing file /home/airflow/.local/lib/python3.12/site-packages/airflow/example_dags/example_outlet_event_extra.py for tasks to queue
[2025-02-13T04:25:57.783+0000] {logging_mixin.py:190} INFO - [2025-02-13T04:25:57.783+0000] {dagbag.py:588} INFO - Filling up the DagBag from /home/airflow/.local/lib/python3.12/site-packages/airflow/example_dags/example_outlet_event_extra.py
[2025-02-13T04:25:58.248+0000] {processor.py:925} INFO - DAG(s) 'dataset_with_extra_by_context', 'dataset_with_extra_by_yield', 'dataset_with_extra_from_classic_operator' retrieved from /home/airflow/.local/lib/python3.12/site-packages/airflow/example_dags/example_outlet_event_extra.py
[2025-02-13T04:25:58.273+0000] {logging_mixin.py:190} INFO - [2025-02-13T04:25:58.273+0000] {dag.py:3239} INFO - Sync 3 DAGs
[2025-02-13T04:25:58.300+0000] {logging_mixin.py:190} INFO - [2025-02-13T04:25:58.300+0000] {dag.py:4180} INFO - Setting next_dagrun for dataset_with_extra_by_context to 2025-02-12 00:00:00+00:00, run_after=2025-02-13 00:00:00+00:00
[2025-02-13T04:25:58.305+0000] {logging_mixin.py:190} INFO - [2025-02-13T04:25:58.305+0000] {dag.py:4180} INFO - Setting next_dagrun for dataset_with_extra_by_yield to 2025-02-12 00:00:00+00:00, run_after=2025-02-13 00:00:00+00:00
[2025-02-13T04:25:58.308+0000] {logging_mixin.py:190} INFO - [2025-02-13T04:25:58.308+0000] {dag.py:4180} INFO - Setting next_dagrun for dataset_with_extra_from_classic_operator to 2025-02-12 00:00:00+00:00, run_after=2025-02-13 00:00:00+00:00
[2025-02-13T04:25:58.336+0000] {processor.py:208} INFO - Processing /home/airflow/.local/lib/python3.12/site-packages/airflow/example_dags/example_outlet_event_extra.py took 0.561 seconds
[2025-02-13T04:26:28.508+0000] {processor.py:186} INFO - Started process (PID=1523) to work on /home/airflow/.local/lib/python3.12/site-packages/airflow/example_dags/example_outlet_event_extra.py
[2025-02-13T04:26:28.509+0000] {processor.py:914} INFO - Processing file /home/airflow/.local/lib/python3.12/site-packages/airflow/example_dags/example_outlet_event_extra.py for tasks to queue
[2025-02-13T04:26:28.512+0000] {logging_mixin.py:190} INFO - [2025-02-13T04:26:28.511+0000] {dagbag.py:588} INFO - Filling up the DagBag from /home/airflow/.local/lib/python3.12/site-packages/airflow/example_dags/example_outlet_event_extra.py
[2025-02-13T04:26:28.981+0000] {processor.py:925} INFO - DAG(s) 'dataset_with_extra_from_classic_operator', 'dataset_with_extra_by_yield', 'dataset_with_extra_by_context' retrieved from /home/airflow/.local/lib/python3.12/site-packages/airflow/example_dags/example_outlet_event_extra.py
[2025-02-13T04:26:29.004+0000] {logging_mixin.py:190} INFO - [2025-02-13T04:26:29.003+0000] {dag.py:3239} INFO - Sync 3 DAGs
[2025-02-13T04:26:29.025+0000] {logging_mixin.py:190} INFO - [2025-02-13T04:26:29.025+0000] {dag.py:4180} INFO - Setting next_dagrun for dataset_with_extra_by_context to 2025-02-12 00:00:00+00:00, run_after=2025-02-13 00:00:00+00:00
[2025-02-13T04:26:29.029+0000] {logging_mixin.py:190} INFO - [2025-02-13T04:26:29.029+0000] {dag.py:4180} INFO - Setting next_dagrun for dataset_with_extra_by_yield to 2025-02-12 00:00:00+00:00, run_after=2025-02-13 00:00:00+00:00
[2025-02-13T04:26:29.032+0000] {logging_mixin.py:190} INFO - [2025-02-13T04:26:29.032+0000] {dag.py:4180} INFO - Setting next_dagrun for dataset_with_extra_from_classic_operator to 2025-02-12 00:00:00+00:00, run_after=2025-02-13 00:00:00+00:00
[2025-02-13T04:26:29.051+0000] {processor.py:208} INFO - Processing /home/airflow/.local/lib/python3.12/site-packages/airflow/example_dags/example_outlet_event_extra.py took 0.550 seconds
[2025-02-13T04:26:59.325+0000] {processor.py:186} INFO - Started process (PID=1589) to work on /home/airflow/.local/lib/python3.12/site-packages/airflow/example_dags/example_outlet_event_extra.py
[2025-02-13T04:26:59.327+0000] {processor.py:914} INFO - Processing file /home/airflow/.local/lib/python3.12/site-packages/airflow/example_dags/example_outlet_event_extra.py for tasks to queue
[2025-02-13T04:26:59.329+0000] {logging_mixin.py:190} INFO - [2025-02-13T04:26:59.329+0000] {dagbag.py:588} INFO - Filling up the DagBag from /home/airflow/.local/lib/python3.12/site-packages/airflow/example_dags/example_outlet_event_extra.py
[2025-02-13T04:26:59.800+0000] {processor.py:925} INFO - DAG(s) 'dataset_with_extra_by_context', 'dataset_with_extra_by_yield', 'dataset_with_extra_from_classic_operator' retrieved from /home/airflow/.local/lib/python3.12/site-packages/airflow/example_dags/example_outlet_event_extra.py
[2025-02-13T04:26:59.825+0000] {logging_mixin.py:190} INFO - [2025-02-13T04:26:59.825+0000] {dag.py:3239} INFO - Sync 3 DAGs
[2025-02-13T04:26:59.847+0000] {logging_mixin.py:190} INFO - [2025-02-13T04:26:59.847+0000] {dag.py:4180} INFO - Setting next_dagrun for dataset_with_extra_by_context to 2025-02-12 00:00:00+00:00, run_after=2025-02-13 00:00:00+00:00
[2025-02-13T04:26:59.852+0000] {logging_mixin.py:190} INFO - [2025-02-13T04:26:59.852+0000] {dag.py:4180} INFO - Setting next_dagrun for dataset_with_extra_by_yield to 2025-02-12 00:00:00+00:00, run_after=2025-02-13 00:00:00+00:00
[2025-02-13T04:26:59.855+0000] {logging_mixin.py:190} INFO - [2025-02-13T04:26:59.855+0000] {dag.py:4180} INFO - Setting next_dagrun for dataset_with_extra_from_classic_operator to 2025-02-12 00:00:00+00:00, run_after=2025-02-13 00:00:00+00:00
[2025-02-13T04:26:59.877+0000] {processor.py:208} INFO - Processing /home/airflow/.local/lib/python3.12/site-packages/airflow/example_dags/example_outlet_event_extra.py took 0.560 seconds
[2025-02-13T04:27:30.340+0000] {processor.py:186} INFO - Started process (PID=1656) to work on /home/airflow/.local/lib/python3.12/site-packages/airflow/example_dags/example_outlet_event_extra.py
[2025-02-13T04:27:30.341+0000] {processor.py:914} INFO - Processing file /home/airflow/.local/lib/python3.12/site-packages/airflow/example_dags/example_outlet_event_extra.py for tasks to queue
[2025-02-13T04:27:30.343+0000] {logging_mixin.py:190} INFO - [2025-02-13T04:27:30.343+0000] {dagbag.py:588} INFO - Filling up the DagBag from /home/airflow/.local/lib/python3.12/site-packages/airflow/example_dags/example_outlet_event_extra.py
[2025-02-13T04:27:30.869+0000] {processor.py:925} INFO - DAG(s) 'dataset_with_extra_from_classic_operator', 'dataset_with_extra_by_context', 'dataset_with_extra_by_yield' retrieved from /home/airflow/.local/lib/python3.12/site-packages/airflow/example_dags/example_outlet_event_extra.py
[2025-02-13T04:27:30.893+0000] {logging_mixin.py:190} INFO - [2025-02-13T04:27:30.893+0000] {dag.py:3239} INFO - Sync 3 DAGs
[2025-02-13T04:27:30.914+0000] {logging_mixin.py:190} INFO - [2025-02-13T04:27:30.914+0000] {dag.py:4180} INFO - Setting next_dagrun for dataset_with_extra_by_context to 2025-02-12 00:00:00+00:00, run_after=2025-02-13 00:00:00+00:00
[2025-02-13T04:27:30.919+0000] {logging_mixin.py:190} INFO - [2025-02-13T04:27:30.919+0000] {dag.py:4180} INFO - Setting next_dagrun for dataset_with_extra_by_yield to 2025-02-12 00:00:00+00:00, run_after=2025-02-13 00:00:00+00:00
[2025-02-13T04:27:30.921+0000] {logging_mixin.py:190} INFO - [2025-02-13T04:27:30.921+0000] {dag.py:4180} INFO - Setting next_dagrun for dataset_with_extra_from_classic_operator to 2025-02-12 00:00:00+00:00, run_after=2025-02-13 00:00:00+00:00
[2025-02-13T04:27:30.955+0000] {processor.py:208} INFO - Processing /home/airflow/.local/lib/python3.12/site-packages/airflow/example_dags/example_outlet_event_extra.py took 0.622 seconds
[2025-02-13T04:28:01.129+0000] {processor.py:186} INFO - Started process (PID=1722) to work on /home/airflow/.local/lib/python3.12/site-packages/airflow/example_dags/example_outlet_event_extra.py
[2025-02-13T04:28:01.130+0000] {processor.py:914} INFO - Processing file /home/airflow/.local/lib/python3.12/site-packages/airflow/example_dags/example_outlet_event_extra.py for tasks to queue
[2025-02-13T04:28:01.133+0000] {logging_mixin.py:190} INFO - [2025-02-13T04:28:01.132+0000] {dagbag.py:588} INFO - Filling up the DagBag from /home/airflow/.local/lib/python3.12/site-packages/airflow/example_dags/example_outlet_event_extra.py
[2025-02-13T04:28:01.651+0000] {processor.py:925} INFO - DAG(s) 'dataset_with_extra_by_context', 'dataset_with_extra_by_yield', 'dataset_with_extra_from_classic_operator' retrieved from /home/airflow/.local/lib/python3.12/site-packages/airflow/example_dags/example_outlet_event_extra.py
[2025-02-13T04:28:01.677+0000] {logging_mixin.py:190} INFO - [2025-02-13T04:28:01.676+0000] {dag.py:3239} INFO - Sync 3 DAGs
[2025-02-13T04:28:01.700+0000] {logging_mixin.py:190} INFO - [2025-02-13T04:28:01.700+0000] {dag.py:4180} INFO - Setting next_dagrun for dataset_with_extra_by_context to 2025-02-12 00:00:00+00:00, run_after=2025-02-13 00:00:00+00:00
[2025-02-13T04:28:01.705+0000] {logging_mixin.py:190} INFO - [2025-02-13T04:28:01.705+0000] {dag.py:4180} INFO - Setting next_dagrun for dataset_with_extra_by_yield to 2025-02-12 00:00:00+00:00, run_after=2025-02-13 00:00:00+00:00
[2025-02-13T04:28:01.708+0000] {logging_mixin.py:190} INFO - [2025-02-13T04:28:01.708+0000] {dag.py:4180} INFO - Setting next_dagrun for dataset_with_extra_from_classic_operator to 2025-02-12 00:00:00+00:00, run_after=2025-02-13 00:00:00+00:00
[2025-02-13T04:28:01.727+0000] {processor.py:208} INFO - Processing /home/airflow/.local/lib/python3.12/site-packages/airflow/example_dags/example_outlet_event_extra.py took 0.605 seconds
[2025-02-13T04:28:32.060+0000] {processor.py:186} INFO - Started process (PID=1788) to work on /home/airflow/.local/lib/python3.12/site-packages/airflow/example_dags/example_outlet_event_extra.py
[2025-02-13T04:28:32.061+0000] {processor.py:914} INFO - Processing file /home/airflow/.local/lib/python3.12/site-packages/airflow/example_dags/example_outlet_event_extra.py for tasks to queue
[2025-02-13T04:28:32.064+0000] {logging_mixin.py:190} INFO - [2025-02-13T04:28:32.064+0000] {dagbag.py:588} INFO - Filling up the DagBag from /home/airflow/.local/lib/python3.12/site-packages/airflow/example_dags/example_outlet_event_extra.py
[2025-02-13T04:28:32.535+0000] {processor.py:925} INFO - DAG(s) 'dataset_with_extra_from_classic_operator', 'dataset_with_extra_by_context', 'dataset_with_extra_by_yield' retrieved from /home/airflow/.local/lib/python3.12/site-packages/airflow/example_dags/example_outlet_event_extra.py
[2025-02-13T04:28:32.557+0000] {logging_mixin.py:190} INFO - [2025-02-13T04:28:32.557+0000] {dag.py:3239} INFO - Sync 3 DAGs
[2025-02-13T04:28:32.582+0000] {logging_mixin.py:190} INFO - [2025-02-13T04:28:32.582+0000] {dag.py:4180} INFO - Setting next_dagrun for dataset_with_extra_by_context to 2025-02-12 00:00:00+00:00, run_after=2025-02-13 00:00:00+00:00
[2025-02-13T04:28:32.586+0000] {logging_mixin.py:190} INFO - [2025-02-13T04:28:32.586+0000] {dag.py:4180} INFO - Setting next_dagrun for dataset_with_extra_by_yield to 2025-02-12 00:00:00+00:00, run_after=2025-02-13 00:00:00+00:00
[2025-02-13T04:28:32.589+0000] {logging_mixin.py:190} INFO - [2025-02-13T04:28:32.589+0000] {dag.py:4180} INFO - Setting next_dagrun for dataset_with_extra_from_classic_operator to 2025-02-12 00:00:00+00:00, run_after=2025-02-13 00:00:00+00:00
[2025-02-13T04:28:32.616+0000] {processor.py:208} INFO - Processing /home/airflow/.local/lib/python3.12/site-packages/airflow/example_dags/example_outlet_event_extra.py took 0.563 seconds
[2025-02-13T04:29:03.458+0000] {processor.py:186} INFO - Started process (PID=1855) to work on /home/airflow/.local/lib/python3.12/site-packages/airflow/example_dags/example_outlet_event_extra.py
[2025-02-13T04:29:03.460+0000] {processor.py:914} INFO - Processing file /home/airflow/.local/lib/python3.12/site-packages/airflow/example_dags/example_outlet_event_extra.py for tasks to queue
[2025-02-13T04:29:03.462+0000] {logging_mixin.py:190} INFO - [2025-02-13T04:29:03.462+0000] {dagbag.py:588} INFO - Filling up the DagBag from /home/airflow/.local/lib/python3.12/site-packages/airflow/example_dags/example_outlet_event_extra.py
[2025-02-13T04:29:03.984+0000] {processor.py:925} INFO - DAG(s) 'dataset_with_extra_by_yield', 'dataset_with_extra_from_classic_operator', 'dataset_with_extra_by_context' retrieved from /home/airflow/.local/lib/python3.12/site-packages/airflow/example_dags/example_outlet_event_extra.py
[2025-02-13T04:29:04.008+0000] {logging_mixin.py:190} INFO - [2025-02-13T04:29:04.008+0000] {dag.py:3239} INFO - Sync 3 DAGs
[2025-02-13T04:29:04.033+0000] {logging_mixin.py:190} INFO - [2025-02-13T04:29:04.033+0000] {dag.py:4180} INFO - Setting next_dagrun for dataset_with_extra_by_context to 2025-02-12 00:00:00+00:00, run_after=2025-02-13 00:00:00+00:00
[2025-02-13T04:29:04.039+0000] {logging_mixin.py:190} INFO - [2025-02-13T04:29:04.039+0000] {dag.py:4180} INFO - Setting next_dagrun for dataset_with_extra_by_yield to 2025-02-12 00:00:00+00:00, run_after=2025-02-13 00:00:00+00:00
[2025-02-13T04:29:04.042+0000] {logging_mixin.py:190} INFO - [2025-02-13T04:29:04.042+0000] {dag.py:4180} INFO - Setting next_dagrun for dataset_with_extra_from_classic_operator to 2025-02-12 00:00:00+00:00, run_after=2025-02-13 00:00:00+00:00
[2025-02-13T04:29:04.064+0000] {processor.py:208} INFO - Processing /home/airflow/.local/lib/python3.12/site-packages/airflow/example_dags/example_outlet_event_extra.py took 0.613 seconds
[2025-02-13T04:29:34.742+0000] {processor.py:186} INFO - Started process (PID=1921) to work on /home/airflow/.local/lib/python3.12/site-packages/airflow/example_dags/example_outlet_event_extra.py
[2025-02-13T04:29:34.743+0000] {processor.py:914} INFO - Processing file /home/airflow/.local/lib/python3.12/site-packages/airflow/example_dags/example_outlet_event_extra.py for tasks to queue
[2025-02-13T04:29:34.745+0000] {logging_mixin.py:190} INFO - [2025-02-13T04:29:34.745+0000] {dagbag.py:588} INFO - Filling up the DagBag from /home/airflow/.local/lib/python3.12/site-packages/airflow/example_dags/example_outlet_event_extra.py
[2025-02-13T04:29:35.222+0000] {processor.py:925} INFO - DAG(s) 'dataset_with_extra_from_classic_operator', 'dataset_with_extra_by_context', 'dataset_with_extra_by_yield' retrieved from /home/airflow/.local/lib/python3.12/site-packages/airflow/example_dags/example_outlet_event_extra.py
[2025-02-13T04:29:35.246+0000] {logging_mixin.py:190} INFO - [2025-02-13T04:29:35.246+0000] {dag.py:3239} INFO - Sync 3 DAGs
[2025-02-13T04:29:35.271+0000] {logging_mixin.py:190} INFO - [2025-02-13T04:29:35.271+0000] {dag.py:4180} INFO - Setting next_dagrun for dataset_with_extra_by_context to 2025-02-12 00:00:00+00:00, run_after=2025-02-13 00:00:00+00:00
[2025-02-13T04:29:35.276+0000] {logging_mixin.py:190} INFO - [2025-02-13T04:29:35.275+0000] {dag.py:4180} INFO - Setting next_dagrun for dataset_with_extra_by_yield to 2025-02-12 00:00:00+00:00, run_after=2025-02-13 00:00:00+00:00
[2025-02-13T04:29:35.279+0000] {logging_mixin.py:190} INFO - [2025-02-13T04:29:35.278+0000] {dag.py:4180} INFO - Setting next_dagrun for dataset_with_extra_from_classic_operator to 2025-02-12 00:00:00+00:00, run_after=2025-02-13 00:00:00+00:00
[2025-02-13T04:29:35.298+0000] {processor.py:208} INFO - Processing /home/airflow/.local/lib/python3.12/site-packages/airflow/example_dags/example_outlet_event_extra.py took 0.563 seconds
[2025-02-13T04:30:06.203+0000] {processor.py:186} INFO - Started process (PID=1984) to work on /home/airflow/.local/lib/python3.12/site-packages/airflow/example_dags/example_outlet_event_extra.py
[2025-02-13T04:30:06.204+0000] {processor.py:914} INFO - Processing file /home/airflow/.local/lib/python3.12/site-packages/airflow/example_dags/example_outlet_event_extra.py for tasks to queue
[2025-02-13T04:30:06.206+0000] {logging_mixin.py:190} INFO - [2025-02-13T04:30:06.206+0000] {dagbag.py:588} INFO - Filling up the DagBag from /home/airflow/.local/lib/python3.12/site-packages/airflow/example_dags/example_outlet_event_extra.py
[2025-02-13T04:30:06.725+0000] {processor.py:925} INFO - DAG(s) 'dataset_with_extra_by_context', 'dataset_with_extra_from_classic_operator', 'dataset_with_extra_by_yield' retrieved from /home/airflow/.local/lib/python3.12/site-packages/airflow/example_dags/example_outlet_event_extra.py
[2025-02-13T04:30:06.751+0000] {logging_mixin.py:190} INFO - [2025-02-13T04:30:06.751+0000] {dag.py:3239} INFO - Sync 3 DAGs
[2025-02-13T04:30:06.780+0000] {logging_mixin.py:190} INFO - [2025-02-13T04:30:06.780+0000] {dag.py:4180} INFO - Setting next_dagrun for dataset_with_extra_by_context to 2025-02-12 00:00:00+00:00, run_after=2025-02-13 00:00:00+00:00
[2025-02-13T04:30:06.787+0000] {logging_mixin.py:190} INFO - [2025-02-13T04:30:06.786+0000] {dag.py:4180} INFO - Setting next_dagrun for dataset_with_extra_by_yield to 2025-02-12 00:00:00+00:00, run_after=2025-02-13 00:00:00+00:00
[2025-02-13T04:30:06.793+0000] {logging_mixin.py:190} INFO - [2025-02-13T04:30:06.793+0000] {dag.py:4180} INFO - Setting next_dagrun for dataset_with_extra_from_classic_operator to 2025-02-12 00:00:00+00:00, run_after=2025-02-13 00:00:00+00:00
[2025-02-13T04:30:06.817+0000] {processor.py:208} INFO - Processing /home/airflow/.local/lib/python3.12/site-packages/airflow/example_dags/example_outlet_event_extra.py took 0.621 seconds
[2025-02-13T04:30:36.970+0000] {processor.py:186} INFO - Started process (PID=2050) to work on /home/airflow/.local/lib/python3.12/site-packages/airflow/example_dags/example_outlet_event_extra.py
[2025-02-13T04:30:36.970+0000] {processor.py:914} INFO - Processing file /home/airflow/.local/lib/python3.12/site-packages/airflow/example_dags/example_outlet_event_extra.py for tasks to queue
[2025-02-13T04:30:36.973+0000] {logging_mixin.py:190} INFO - [2025-02-13T04:30:36.972+0000] {dagbag.py:588} INFO - Filling up the DagBag from /home/airflow/.local/lib/python3.12/site-packages/airflow/example_dags/example_outlet_event_extra.py
[2025-02-13T04:30:37.452+0000] {processor.py:925} INFO - DAG(s) 'dataset_with_extra_from_classic_operator', 'dataset_with_extra_by_yield', 'dataset_with_extra_by_context' retrieved from /home/airflow/.local/lib/python3.12/site-packages/airflow/example_dags/example_outlet_event_extra.py
[2025-02-13T04:30:37.485+0000] {logging_mixin.py:190} INFO - [2025-02-13T04:30:37.485+0000] {dag.py:3239} INFO - Sync 3 DAGs
[2025-02-13T04:30:37.516+0000] {logging_mixin.py:190} INFO - [2025-02-13T04:30:37.516+0000] {dag.py:4180} INFO - Setting next_dagrun for dataset_with_extra_by_context to 2025-02-12 00:00:00+00:00, run_after=2025-02-13 00:00:00+00:00
[2025-02-13T04:30:37.522+0000] {logging_mixin.py:190} INFO - [2025-02-13T04:30:37.522+0000] {dag.py:4180} INFO - Setting next_dagrun for dataset_with_extra_by_yield to 2025-02-12 00:00:00+00:00, run_after=2025-02-13 00:00:00+00:00
[2025-02-13T04:30:37.529+0000] {logging_mixin.py:190} INFO - [2025-02-13T04:30:37.528+0000] {dag.py:4180} INFO - Setting next_dagrun for dataset_with_extra_from_classic_operator to 2025-02-12 00:00:00+00:00, run_after=2025-02-13 00:00:00+00:00
[2025-02-13T04:30:37.558+0000] {processor.py:208} INFO - Processing /home/airflow/.local/lib/python3.12/site-packages/airflow/example_dags/example_outlet_event_extra.py took 0.593 seconds
[2025-02-13T04:31:07.754+0000] {processor.py:186} INFO - Started process (PID=2116) to work on /home/airflow/.local/lib/python3.12/site-packages/airflow/example_dags/example_outlet_event_extra.py
[2025-02-13T04:31:07.755+0000] {processor.py:914} INFO - Processing file /home/airflow/.local/lib/python3.12/site-packages/airflow/example_dags/example_outlet_event_extra.py for tasks to queue
[2025-02-13T04:31:07.758+0000] {logging_mixin.py:190} INFO - [2025-02-13T04:31:07.757+0000] {dagbag.py:588} INFO - Filling up the DagBag from /home/airflow/.local/lib/python3.12/site-packages/airflow/example_dags/example_outlet_event_extra.py
[2025-02-13T04:31:08.269+0000] {processor.py:925} INFO - DAG(s) 'dataset_with_extra_from_classic_operator', 'dataset_with_extra_by_context', 'dataset_with_extra_by_yield' retrieved from /home/airflow/.local/lib/python3.12/site-packages/airflow/example_dags/example_outlet_event_extra.py
[2025-02-13T04:31:08.296+0000] {logging_mixin.py:190} INFO - [2025-02-13T04:31:08.296+0000] {dag.py:3239} INFO - Sync 3 DAGs
[2025-02-13T04:31:08.321+0000] {logging_mixin.py:190} INFO - [2025-02-13T04:31:08.320+0000] {dag.py:4180} INFO - Setting next_dagrun for dataset_with_extra_by_context to 2025-02-12 00:00:00+00:00, run_after=2025-02-13 00:00:00+00:00
[2025-02-13T04:31:08.326+0000] {logging_mixin.py:190} INFO - [2025-02-13T04:31:08.326+0000] {dag.py:4180} INFO - Setting next_dagrun for dataset_with_extra_by_yield to 2025-02-12 00:00:00+00:00, run_after=2025-02-13 00:00:00+00:00
[2025-02-13T04:31:08.329+0000] {logging_mixin.py:190} INFO - [2025-02-13T04:31:08.329+0000] {dag.py:4180} INFO - Setting next_dagrun for dataset_with_extra_from_classic_operator to 2025-02-12 00:00:00+00:00, run_after=2025-02-13 00:00:00+00:00
[2025-02-13T04:31:08.352+0000] {processor.py:208} INFO - Processing /home/airflow/.local/lib/python3.12/site-packages/airflow/example_dags/example_outlet_event_extra.py took 0.603 seconds
[2025-02-13T04:31:39.382+0000] {processor.py:186} INFO - Started process (PID=2182) to work on /home/airflow/.local/lib/python3.12/site-packages/airflow/example_dags/example_outlet_event_extra.py
[2025-02-13T04:31:39.383+0000] {processor.py:914} INFO - Processing file /home/airflow/.local/lib/python3.12/site-packages/airflow/example_dags/example_outlet_event_extra.py for tasks to queue
[2025-02-13T04:31:39.386+0000] {logging_mixin.py:190} INFO - [2025-02-13T04:31:39.385+0000] {dagbag.py:588} INFO - Filling up the DagBag from /home/airflow/.local/lib/python3.12/site-packages/airflow/example_dags/example_outlet_event_extra.py
[2025-02-13T04:31:39.954+0000] {processor.py:925} INFO - DAG(s) 'dataset_with_extra_from_classic_operator', 'dataset_with_extra_by_yield', 'dataset_with_extra_by_context' retrieved from /home/airflow/.local/lib/python3.12/site-packages/airflow/example_dags/example_outlet_event_extra.py
[2025-02-13T04:31:39.982+0000] {logging_mixin.py:190} INFO - [2025-02-13T04:31:39.982+0000] {dag.py:3239} INFO - Sync 3 DAGs
[2025-02-13T04:31:40.008+0000] {logging_mixin.py:190} INFO - [2025-02-13T04:31:40.008+0000] {dag.py:4180} INFO - Setting next_dagrun for dataset_with_extra_by_context to 2025-02-12 00:00:00+00:00, run_after=2025-02-13 00:00:00+00:00
[2025-02-13T04:31:40.015+0000] {logging_mixin.py:190} INFO - [2025-02-13T04:31:40.014+0000] {dag.py:4180} INFO - Setting next_dagrun for dataset_with_extra_by_yield to 2025-02-12 00:00:00+00:00, run_after=2025-02-13 00:00:00+00:00
[2025-02-13T04:31:40.018+0000] {logging_mixin.py:190} INFO - [2025-02-13T04:31:40.018+0000] {dag.py:4180} INFO - Setting next_dagrun for dataset_with_extra_from_classic_operator to 2025-02-12 00:00:00+00:00, run_after=2025-02-13 00:00:00+00:00
[2025-02-13T04:31:40.039+0000] {processor.py:208} INFO - Processing /home/airflow/.local/lib/python3.12/site-packages/airflow/example_dags/example_outlet_event_extra.py took 0.662 seconds
[2025-02-13T04:32:13.004+0000] {processor.py:186} INFO - Started process (PID=2248) to work on /home/airflow/.local/lib/python3.12/site-packages/airflow/example_dags/example_outlet_event_extra.py
[2025-02-13T04:32:13.005+0000] {processor.py:914} INFO - Processing file /home/airflow/.local/lib/python3.12/site-packages/airflow/example_dags/example_outlet_event_extra.py for tasks to queue
[2025-02-13T04:32:13.008+0000] {logging_mixin.py:190} INFO - [2025-02-13T04:32:13.007+0000] {dagbag.py:588} INFO - Filling up the DagBag from /home/airflow/.local/lib/python3.12/site-packages/airflow/example_dags/example_outlet_event_extra.py
[2025-02-13T04:32:13.530+0000] {processor.py:925} INFO - DAG(s) 'dataset_with_extra_from_classic_operator', 'dataset_with_extra_by_yield', 'dataset_with_extra_by_context' retrieved from /home/airflow/.local/lib/python3.12/site-packages/airflow/example_dags/example_outlet_event_extra.py
[2025-02-13T04:32:13.563+0000] {logging_mixin.py:190} INFO - [2025-02-13T04:32:13.563+0000] {dag.py:3239} INFO - Sync 3 DAGs
[2025-02-13T04:32:13.589+0000] {logging_mixin.py:190} INFO - [2025-02-13T04:32:13.589+0000] {dag.py:4180} INFO - Setting next_dagrun for dataset_with_extra_by_context to 2025-02-12 00:00:00+00:00, run_after=2025-02-13 00:00:00+00:00
[2025-02-13T04:32:13.594+0000] {logging_mixin.py:190} INFO - [2025-02-13T04:32:13.594+0000] {dag.py:4180} INFO - Setting next_dagrun for dataset_with_extra_by_yield to 2025-02-12 00:00:00+00:00, run_after=2025-02-13 00:00:00+00:00
[2025-02-13T04:32:13.597+0000] {logging_mixin.py:190} INFO - [2025-02-13T04:32:13.597+0000] {dag.py:4180} INFO - Setting next_dagrun for dataset_with_extra_from_classic_operator to 2025-02-12 00:00:00+00:00, run_after=2025-02-13 00:00:00+00:00
[2025-02-13T04:32:13.618+0000] {processor.py:208} INFO - Processing /home/airflow/.local/lib/python3.12/site-packages/airflow/example_dags/example_outlet_event_extra.py took 0.619 seconds
[2025-02-13T04:32:44.373+0000] {processor.py:186} INFO - Started process (PID=2314) to work on /home/airflow/.local/lib/python3.12/site-packages/airflow/example_dags/example_outlet_event_extra.py
[2025-02-13T04:32:44.374+0000] {processor.py:914} INFO - Processing file /home/airflow/.local/lib/python3.12/site-packages/airflow/example_dags/example_outlet_event_extra.py for tasks to queue
[2025-02-13T04:32:44.376+0000] {logging_mixin.py:190} INFO - [2025-02-13T04:32:44.376+0000] {dagbag.py:588} INFO - Filling up the DagBag from /home/airflow/.local/lib/python3.12/site-packages/airflow/example_dags/example_outlet_event_extra.py
[2025-02-13T04:32:44.870+0000] {processor.py:925} INFO - DAG(s) 'dataset_with_extra_by_context', 'dataset_with_extra_from_classic_operator', 'dataset_with_extra_by_yield' retrieved from /home/airflow/.local/lib/python3.12/site-packages/airflow/example_dags/example_outlet_event_extra.py
[2025-02-13T04:32:44.892+0000] {logging_mixin.py:190} INFO - [2025-02-13T04:32:44.892+0000] {dag.py:3239} INFO - Sync 3 DAGs
[2025-02-13T04:32:44.916+0000] {logging_mixin.py:190} INFO - [2025-02-13T04:32:44.916+0000] {dag.py:4180} INFO - Setting next_dagrun for dataset_with_extra_by_context to 2025-02-12 00:00:00+00:00, run_after=2025-02-13 00:00:00+00:00
[2025-02-13T04:32:44.921+0000] {logging_mixin.py:190} INFO - [2025-02-13T04:32:44.920+0000] {dag.py:4180} INFO - Setting next_dagrun for dataset_with_extra_by_yield to 2025-02-12 00:00:00+00:00, run_after=2025-02-13 00:00:00+00:00
[2025-02-13T04:32:44.923+0000] {logging_mixin.py:190} INFO - [2025-02-13T04:32:44.923+0000] {dag.py:4180} INFO - Setting next_dagrun for dataset_with_extra_from_classic_operator to 2025-02-12 00:00:00+00:00, run_after=2025-02-13 00:00:00+00:00
[2025-02-13T04:32:44.952+0000] {processor.py:208} INFO - Processing /home/airflow/.local/lib/python3.12/site-packages/airflow/example_dags/example_outlet_event_extra.py took 0.584 seconds
[2025-02-13T04:33:15.384+0000] {processor.py:186} INFO - Started process (PID=2380) to work on /home/airflow/.local/lib/python3.12/site-packages/airflow/example_dags/example_outlet_event_extra.py
[2025-02-13T04:33:15.385+0000] {processor.py:914} INFO - Processing file /home/airflow/.local/lib/python3.12/site-packages/airflow/example_dags/example_outlet_event_extra.py for tasks to queue
[2025-02-13T04:33:15.389+0000] {logging_mixin.py:190} INFO - [2025-02-13T04:33:15.389+0000] {dagbag.py:588} INFO - Filling up the DagBag from /home/airflow/.local/lib/python3.12/site-packages/airflow/example_dags/example_outlet_event_extra.py
[2025-02-13T04:33:15.777+0000] {processor.py:925} INFO - DAG(s) 'dataset_with_extra_by_context', 'dataset_with_extra_by_yield', 'dataset_with_extra_from_classic_operator' retrieved from /home/airflow/.local/lib/python3.12/site-packages/airflow/example_dags/example_outlet_event_extra.py
[2025-02-13T04:33:15.821+0000] {logging_mixin.py:190} INFO - [2025-02-13T04:33:15.821+0000] {dag.py:3239} INFO - Sync 3 DAGs
[2025-02-13T04:33:15.856+0000] {logging_mixin.py:190} INFO - [2025-02-13T04:33:15.856+0000] {dag.py:4180} INFO - Setting next_dagrun for dataset_with_extra_by_context to 2025-02-12 00:00:00+00:00, run_after=2025-02-13 00:00:00+00:00
[2025-02-13T04:33:15.862+0000] {logging_mixin.py:190} INFO - [2025-02-13T04:33:15.862+0000] {dag.py:4180} INFO - Setting next_dagrun for dataset_with_extra_by_yield to 2025-02-12 00:00:00+00:00, run_after=2025-02-13 00:00:00+00:00
[2025-02-13T04:33:15.865+0000] {logging_mixin.py:190} INFO - [2025-02-13T04:33:15.865+0000] {dag.py:4180} INFO - Setting next_dagrun for dataset_with_extra_from_classic_operator to 2025-02-12 00:00:00+00:00, run_after=2025-02-13 00:00:00+00:00
[2025-02-13T04:33:15.889+0000] {processor.py:208} INFO - Processing /home/airflow/.local/lib/python3.12/site-packages/airflow/example_dags/example_outlet_event_extra.py took 0.511 seconds
[2025-02-13T04:33:46.186+0000] {processor.py:186} INFO - Started process (PID=2446) to work on /home/airflow/.local/lib/python3.12/site-packages/airflow/example_dags/example_outlet_event_extra.py
[2025-02-13T04:33:46.187+0000] {processor.py:914} INFO - Processing file /home/airflow/.local/lib/python3.12/site-packages/airflow/example_dags/example_outlet_event_extra.py for tasks to queue
[2025-02-13T04:33:46.190+0000] {logging_mixin.py:190} INFO - [2025-02-13T04:33:46.190+0000] {dagbag.py:588} INFO - Filling up the DagBag from /home/airflow/.local/lib/python3.12/site-packages/airflow/example_dags/example_outlet_event_extra.py
[2025-02-13T04:33:46.489+0000] {processor.py:925} INFO - DAG(s) 'dataset_with_extra_by_context', 'dataset_with_extra_by_yield', 'dataset_with_extra_from_classic_operator' retrieved from /home/airflow/.local/lib/python3.12/site-packages/airflow/example_dags/example_outlet_event_extra.py
[2025-02-13T04:33:46.518+0000] {logging_mixin.py:190} INFO - [2025-02-13T04:33:46.517+0000] {dag.py:3239} INFO - Sync 3 DAGs
[2025-02-13T04:33:46.546+0000] {logging_mixin.py:190} INFO - [2025-02-13T04:33:46.546+0000] {dag.py:4180} INFO - Setting next_dagrun for dataset_with_extra_by_context to 2025-02-12 00:00:00+00:00, run_after=2025-02-13 00:00:00+00:00
[2025-02-13T04:33:46.551+0000] {logging_mixin.py:190} INFO - [2025-02-13T04:33:46.550+0000] {dag.py:4180} INFO - Setting next_dagrun for dataset_with_extra_by_yield to 2025-02-12 00:00:00+00:00, run_after=2025-02-13 00:00:00+00:00
[2025-02-13T04:33:46.553+0000] {logging_mixin.py:190} INFO - [2025-02-13T04:33:46.553+0000] {dag.py:4180} INFO - Setting next_dagrun for dataset_with_extra_from_classic_operator to 2025-02-12 00:00:00+00:00, run_after=2025-02-13 00:00:00+00:00
[2025-02-13T04:33:46.573+0000] {processor.py:208} INFO - Processing /home/airflow/.local/lib/python3.12/site-packages/airflow/example_dags/example_outlet_event_extra.py took 0.392 seconds
[2025-02-13T04:34:17.282+0000] {processor.py:186} INFO - Started process (PID=2512) to work on /home/airflow/.local/lib/python3.12/site-packages/airflow/example_dags/example_outlet_event_extra.py
[2025-02-13T04:34:17.283+0000] {processor.py:914} INFO - Processing file /home/airflow/.local/lib/python3.12/site-packages/airflow/example_dags/example_outlet_event_extra.py for tasks to queue
[2025-02-13T04:34:17.286+0000] {logging_mixin.py:190} INFO - [2025-02-13T04:34:17.285+0000] {dagbag.py:588} INFO - Filling up the DagBag from /home/airflow/.local/lib/python3.12/site-packages/airflow/example_dags/example_outlet_event_extra.py
[2025-02-13T04:34:17.586+0000] {processor.py:925} INFO - DAG(s) 'dataset_with_extra_by_yield', 'dataset_with_extra_from_classic_operator', 'dataset_with_extra_by_context' retrieved from /home/airflow/.local/lib/python3.12/site-packages/airflow/example_dags/example_outlet_event_extra.py
[2025-02-13T04:34:17.613+0000] {logging_mixin.py:190} INFO - [2025-02-13T04:34:17.613+0000] {dag.py:3239} INFO - Sync 3 DAGs
[2025-02-13T04:34:17.639+0000] {logging_mixin.py:190} INFO - [2025-02-13T04:34:17.639+0000] {dag.py:4180} INFO - Setting next_dagrun for dataset_with_extra_by_context to 2025-02-12 00:00:00+00:00, run_after=2025-02-13 00:00:00+00:00
[2025-02-13T04:34:17.643+0000] {logging_mixin.py:190} INFO - [2025-02-13T04:34:17.643+0000] {dag.py:4180} INFO - Setting next_dagrun for dataset_with_extra_by_yield to 2025-02-12 00:00:00+00:00, run_after=2025-02-13 00:00:00+00:00
[2025-02-13T04:34:17.647+0000] {logging_mixin.py:190} INFO - [2025-02-13T04:34:17.646+0000] {dag.py:4180} INFO - Setting next_dagrun for dataset_with_extra_from_classic_operator to 2025-02-12 00:00:00+00:00, run_after=2025-02-13 00:00:00+00:00
[2025-02-13T04:34:17.668+0000] {processor.py:208} INFO - Processing /home/airflow/.local/lib/python3.12/site-packages/airflow/example_dags/example_outlet_event_extra.py took 0.391 seconds
[2025-02-13T04:34:48.573+0000] {processor.py:186} INFO - Started process (PID=2578) to work on /home/airflow/.local/lib/python3.12/site-packages/airflow/example_dags/example_outlet_event_extra.py
[2025-02-13T04:34:48.574+0000] {processor.py:914} INFO - Processing file /home/airflow/.local/lib/python3.12/site-packages/airflow/example_dags/example_outlet_event_extra.py for tasks to queue
[2025-02-13T04:34:48.577+0000] {logging_mixin.py:190} INFO - [2025-02-13T04:34:48.577+0000] {dagbag.py:588} INFO - Filling up the DagBag from /home/airflow/.local/lib/python3.12/site-packages/airflow/example_dags/example_outlet_event_extra.py
[2025-02-13T04:34:48.888+0000] {processor.py:925} INFO - DAG(s) 'dataset_with_extra_from_classic_operator', 'dataset_with_extra_by_context', 'dataset_with_extra_by_yield' retrieved from /home/airflow/.local/lib/python3.12/site-packages/airflow/example_dags/example_outlet_event_extra.py
[2025-02-13T04:34:48.914+0000] {logging_mixin.py:190} INFO - [2025-02-13T04:34:48.913+0000] {dag.py:3239} INFO - Sync 3 DAGs
[2025-02-13T04:34:48.940+0000] {logging_mixin.py:190} INFO - [2025-02-13T04:34:48.940+0000] {dag.py:4180} INFO - Setting next_dagrun for dataset_with_extra_by_context to 2025-02-12 00:00:00+00:00, run_after=2025-02-13 00:00:00+00:00
[2025-02-13T04:34:48.945+0000] {logging_mixin.py:190} INFO - [2025-02-13T04:34:48.944+0000] {dag.py:4180} INFO - Setting next_dagrun for dataset_with_extra_by_yield to 2025-02-12 00:00:00+00:00, run_after=2025-02-13 00:00:00+00:00
[2025-02-13T04:34:48.947+0000] {logging_mixin.py:190} INFO - [2025-02-13T04:34:48.947+0000] {dag.py:4180} INFO - Setting next_dagrun for dataset_with_extra_from_classic_operator to 2025-02-12 00:00:00+00:00, run_after=2025-02-13 00:00:00+00:00
[2025-02-13T04:34:48.967+0000] {processor.py:208} INFO - Processing /home/airflow/.local/lib/python3.12/site-packages/airflow/example_dags/example_outlet_event_extra.py took 0.400 seconds
[2025-02-13T04:35:19.174+0000] {processor.py:186} INFO - Started process (PID=2644) to work on /home/airflow/.local/lib/python3.12/site-packages/airflow/example_dags/example_outlet_event_extra.py
[2025-02-13T04:35:19.175+0000] {processor.py:914} INFO - Processing file /home/airflow/.local/lib/python3.12/site-packages/airflow/example_dags/example_outlet_event_extra.py for tasks to queue
[2025-02-13T04:35:19.177+0000] {logging_mixin.py:190} INFO - [2025-02-13T04:35:19.177+0000] {dagbag.py:588} INFO - Filling up the DagBag from /home/airflow/.local/lib/python3.12/site-packages/airflow/example_dags/example_outlet_event_extra.py
[2025-02-13T04:35:19.454+0000] {processor.py:925} INFO - DAG(s) 'dataset_with_extra_from_classic_operator', 'dataset_with_extra_by_context', 'dataset_with_extra_by_yield' retrieved from /home/airflow/.local/lib/python3.12/site-packages/airflow/example_dags/example_outlet_event_extra.py
[2025-02-13T04:35:19.481+0000] {logging_mixin.py:190} INFO - [2025-02-13T04:35:19.481+0000] {dag.py:3239} INFO - Sync 3 DAGs
[2025-02-13T04:35:19.506+0000] {logging_mixin.py:190} INFO - [2025-02-13T04:35:19.505+0000] {dag.py:4180} INFO - Setting next_dagrun for dataset_with_extra_by_context to 2025-02-12 00:00:00+00:00, run_after=2025-02-13 00:00:00+00:00
[2025-02-13T04:35:19.511+0000] {logging_mixin.py:190} INFO - [2025-02-13T04:35:19.510+0000] {dag.py:4180} INFO - Setting next_dagrun for dataset_with_extra_by_yield to 2025-02-12 00:00:00+00:00, run_after=2025-02-13 00:00:00+00:00
[2025-02-13T04:35:19.513+0000] {logging_mixin.py:190} INFO - [2025-02-13T04:35:19.513+0000] {dag.py:4180} INFO - Setting next_dagrun for dataset_with_extra_from_classic_operator to 2025-02-12 00:00:00+00:00, run_after=2025-02-13 00:00:00+00:00
[2025-02-13T04:35:19.542+0000] {processor.py:208} INFO - Processing /home/airflow/.local/lib/python3.12/site-packages/airflow/example_dags/example_outlet_event_extra.py took 0.373 seconds
[2025-02-13T04:35:49.676+0000] {processor.py:186} INFO - Started process (PID=2710) to work on /home/airflow/.local/lib/python3.12/site-packages/airflow/example_dags/example_outlet_event_extra.py
[2025-02-13T04:35:49.677+0000] {processor.py:914} INFO - Processing file /home/airflow/.local/lib/python3.12/site-packages/airflow/example_dags/example_outlet_event_extra.py for tasks to queue
[2025-02-13T04:35:49.680+0000] {logging_mixin.py:190} INFO - [2025-02-13T04:35:49.679+0000] {dagbag.py:588} INFO - Filling up the DagBag from /home/airflow/.local/lib/python3.12/site-packages/airflow/example_dags/example_outlet_event_extra.py
[2025-02-13T04:35:49.956+0000] {processor.py:925} INFO - DAG(s) 'dataset_with_extra_by_context', 'dataset_with_extra_by_yield', 'dataset_with_extra_from_classic_operator' retrieved from /home/airflow/.local/lib/python3.12/site-packages/airflow/example_dags/example_outlet_event_extra.py
[2025-02-13T04:35:49.981+0000] {logging_mixin.py:190} INFO - [2025-02-13T04:35:49.981+0000] {dag.py:3239} INFO - Sync 3 DAGs
[2025-02-13T04:35:50.010+0000] {logging_mixin.py:190} INFO - [2025-02-13T04:35:50.010+0000] {dag.py:4180} INFO - Setting next_dagrun for dataset_with_extra_by_context to 2025-02-12 00:00:00+00:00, run_after=2025-02-13 00:00:00+00:00
[2025-02-13T04:35:50.016+0000] {logging_mixin.py:190} INFO - [2025-02-13T04:35:50.015+0000] {dag.py:4180} INFO - Setting next_dagrun for dataset_with_extra_by_yield to 2025-02-12 00:00:00+00:00, run_after=2025-02-13 00:00:00+00:00
[2025-02-13T04:35:50.019+0000] {logging_mixin.py:190} INFO - [2025-02-13T04:35:50.018+0000] {dag.py:4180} INFO - Setting next_dagrun for dataset_with_extra_from_classic_operator to 2025-02-12 00:00:00+00:00, run_after=2025-02-13 00:00:00+00:00
[2025-02-13T04:35:50.042+0000] {processor.py:208} INFO - Processing /home/airflow/.local/lib/python3.12/site-packages/airflow/example_dags/example_outlet_event_extra.py took 0.371 seconds
[2025-02-13T04:36:20.344+0000] {processor.py:186} INFO - Started process (PID=2777) to work on /home/airflow/.local/lib/python3.12/site-packages/airflow/example_dags/example_outlet_event_extra.py
[2025-02-13T04:36:20.345+0000] {processor.py:914} INFO - Processing file /home/airflow/.local/lib/python3.12/site-packages/airflow/example_dags/example_outlet_event_extra.py for tasks to queue
[2025-02-13T04:36:20.347+0000] {logging_mixin.py:190} INFO - [2025-02-13T04:36:20.347+0000] {dagbag.py:588} INFO - Filling up the DagBag from /home/airflow/.local/lib/python3.12/site-packages/airflow/example_dags/example_outlet_event_extra.py
[2025-02-13T04:36:20.649+0000] {processor.py:925} INFO - DAG(s) 'dataset_with_extra_by_yield', 'dataset_with_extra_by_context', 'dataset_with_extra_from_classic_operator' retrieved from /home/airflow/.local/lib/python3.12/site-packages/airflow/example_dags/example_outlet_event_extra.py
[2025-02-13T04:36:20.678+0000] {logging_mixin.py:190} INFO - [2025-02-13T04:36:20.678+0000] {dag.py:3239} INFO - Sync 3 DAGs
[2025-02-13T04:36:20.708+0000] {logging_mixin.py:190} INFO - [2025-02-13T04:36:20.708+0000] {dag.py:4180} INFO - Setting next_dagrun for dataset_with_extra_by_context to 2025-02-12 00:00:00+00:00, run_after=2025-02-13 00:00:00+00:00
[2025-02-13T04:36:20.713+0000] {logging_mixin.py:190} INFO - [2025-02-13T04:36:20.713+0000] {dag.py:4180} INFO - Setting next_dagrun for dataset_with_extra_by_yield to 2025-02-12 00:00:00+00:00, run_after=2025-02-13 00:00:00+00:00
[2025-02-13T04:36:20.715+0000] {logging_mixin.py:190} INFO - [2025-02-13T04:36:20.715+0000] {dag.py:4180} INFO - Setting next_dagrun for dataset_with_extra_from_classic_operator to 2025-02-12 00:00:00+00:00, run_after=2025-02-13 00:00:00+00:00
[2025-02-13T04:36:20.740+0000] {processor.py:208} INFO - Processing /home/airflow/.local/lib/python3.12/site-packages/airflow/example_dags/example_outlet_event_extra.py took 0.402 seconds
[2025-02-13T04:36:50.871+0000] {processor.py:186} INFO - Started process (PID=2844) to work on /home/airflow/.local/lib/python3.12/site-packages/airflow/example_dags/example_outlet_event_extra.py
[2025-02-13T04:36:50.872+0000] {processor.py:914} INFO - Processing file /home/airflow/.local/lib/python3.12/site-packages/airflow/example_dags/example_outlet_event_extra.py for tasks to queue
[2025-02-13T04:36:50.874+0000] {logging_mixin.py:190} INFO - [2025-02-13T04:36:50.873+0000] {dagbag.py:588} INFO - Filling up the DagBag from /home/airflow/.local/lib/python3.12/site-packages/airflow/example_dags/example_outlet_event_extra.py
[2025-02-13T04:36:51.175+0000] {processor.py:925} INFO - DAG(s) 'dataset_with_extra_by_yield', 'dataset_with_extra_by_context', 'dataset_with_extra_from_classic_operator' retrieved from /home/airflow/.local/lib/python3.12/site-packages/airflow/example_dags/example_outlet_event_extra.py
[2025-02-13T04:36:51.201+0000] {logging_mixin.py:190} INFO - [2025-02-13T04:36:51.201+0000] {dag.py:3239} INFO - Sync 3 DAGs
[2025-02-13T04:36:51.226+0000] {logging_mixin.py:190} INFO - [2025-02-13T04:36:51.226+0000] {dag.py:4180} INFO - Setting next_dagrun for dataset_with_extra_by_context to 2025-02-12 00:00:00+00:00, run_after=2025-02-13 00:00:00+00:00
[2025-02-13T04:36:51.231+0000] {logging_mixin.py:190} INFO - [2025-02-13T04:36:51.231+0000] {dag.py:4180} INFO - Setting next_dagrun for dataset_with_extra_by_yield to 2025-02-12 00:00:00+00:00, run_after=2025-02-13 00:00:00+00:00
[2025-02-13T04:36:51.234+0000] {logging_mixin.py:190} INFO - [2025-02-13T04:36:51.234+0000] {dag.py:4180} INFO - Setting next_dagrun for dataset_with_extra_from_classic_operator to 2025-02-12 00:00:00+00:00, run_after=2025-02-13 00:00:00+00:00
[2025-02-13T04:36:51.258+0000] {processor.py:208} INFO - Processing /home/airflow/.local/lib/python3.12/site-packages/airflow/example_dags/example_outlet_event_extra.py took 0.393 seconds
