[2025-02-13T04:15:34.222+0000] {processor.py:186} INFO - Started process (PID=120) to work on /home/airflow/.local/lib/python3.12/site-packages/airflow/example_dags/example_display_name.py
[2025-02-13T04:15:34.223+0000] {processor.py:914} INFO - Processing file /home/airflow/.local/lib/python3.12/site-packages/airflow/example_dags/example_display_name.py for tasks to queue
[2025-02-13T04:15:34.226+0000] {logging_mixin.py:190} INFO - [2025-02-13T04:15:34.226+0000] {dagbag.py:588} INFO - Filling up the DagBag from /home/airflow/.local/lib/python3.12/site-packages/airflow/example_dags/example_display_name.py
[2025-02-13T04:15:34.237+0000] {processor.py:925} INFO - DAG(s) 'example_display_name' retrieved from /home/airflow/.local/lib/python3.12/site-packages/airflow/example_dags/example_display_name.py
[2025-02-13T04:15:34.263+0000] {logging_mixin.py:190} INFO - [2025-02-13T04:15:34.262+0000] {dag.py:3239} INFO - Sync 1 DAGs
[2025-02-13T04:15:34.283+0000] {logging_mixin.py:190} INFO - [2025-02-13T04:15:34.283+0000] {dag.py:4180} INFO - Setting next_dagrun for example_display_name to None, run_after=None
[2025-02-13T04:15:34.304+0000] {processor.py:208} INFO - Processing /home/airflow/.local/lib/python3.12/site-packages/airflow/example_dags/example_display_name.py took 0.089 seconds
[2025-02-13T04:16:04.363+0000] {processor.py:186} INFO - Started process (PID=185) to work on /home/airflow/.local/lib/python3.12/site-packages/airflow/example_dags/example_display_name.py
[2025-02-13T04:16:04.364+0000] {processor.py:914} INFO - Processing file /home/airflow/.local/lib/python3.12/site-packages/airflow/example_dags/example_display_name.py for tasks to queue
[2025-02-13T04:16:04.366+0000] {logging_mixin.py:190} INFO - [2025-02-13T04:16:04.365+0000] {dagbag.py:588} INFO - Filling up the DagBag from /home/airflow/.local/lib/python3.12/site-packages/airflow/example_dags/example_display_name.py
[2025-02-13T04:16:04.373+0000] {processor.py:925} INFO - DAG(s) 'example_display_name' retrieved from /home/airflow/.local/lib/python3.12/site-packages/airflow/example_dags/example_display_name.py
[2025-02-13T04:16:04.392+0000] {logging_mixin.py:190} INFO - [2025-02-13T04:16:04.392+0000] {dag.py:3239} INFO - Sync 1 DAGs
[2025-02-13T04:16:04.405+0000] {logging_mixin.py:190} INFO - [2025-02-13T04:16:04.404+0000] {dag.py:4180} INFO - Setting next_dagrun for example_display_name to None, run_after=None
[2025-02-13T04:16:04.422+0000] {processor.py:208} INFO - Processing /home/airflow/.local/lib/python3.12/site-packages/airflow/example_dags/example_display_name.py took 0.064 seconds
[2025-02-13T04:16:35.084+0000] {processor.py:186} INFO - Started process (PID=251) to work on /home/airflow/.local/lib/python3.12/site-packages/airflow/example_dags/example_display_name.py
[2025-02-13T04:16:35.085+0000] {processor.py:914} INFO - Processing file /home/airflow/.local/lib/python3.12/site-packages/airflow/example_dags/example_display_name.py for tasks to queue
[2025-02-13T04:16:35.088+0000] {logging_mixin.py:190} INFO - [2025-02-13T04:16:35.088+0000] {dagbag.py:588} INFO - Filling up the DagBag from /home/airflow/.local/lib/python3.12/site-packages/airflow/example_dags/example_display_name.py
[2025-02-13T04:16:35.099+0000] {processor.py:925} INFO - DAG(s) 'example_display_name' retrieved from /home/airflow/.local/lib/python3.12/site-packages/airflow/example_dags/example_display_name.py
[2025-02-13T04:16:35.119+0000] {logging_mixin.py:190} INFO - [2025-02-13T04:16:35.118+0000] {dag.py:3239} INFO - Sync 1 DAGs
[2025-02-13T04:16:35.134+0000] {logging_mixin.py:190} INFO - [2025-02-13T04:16:35.134+0000] {dag.py:4180} INFO - Setting next_dagrun for example_display_name to None, run_after=None
[2025-02-13T04:16:35.149+0000] {processor.py:208} INFO - Processing /home/airflow/.local/lib/python3.12/site-packages/airflow/example_dags/example_display_name.py took 0.074 seconds
[2025-02-13T04:17:06.560+0000] {processor.py:186} INFO - Started process (PID=317) to work on /home/airflow/.local/lib/python3.12/site-packages/airflow/example_dags/example_display_name.py
[2025-02-13T04:17:06.561+0000] {processor.py:914} INFO - Processing file /home/airflow/.local/lib/python3.12/site-packages/airflow/example_dags/example_display_name.py for tasks to queue
[2025-02-13T04:17:06.563+0000] {logging_mixin.py:190} INFO - [2025-02-13T04:17:06.563+0000] {dagbag.py:588} INFO - Filling up the DagBag from /home/airflow/.local/lib/python3.12/site-packages/airflow/example_dags/example_display_name.py
[2025-02-13T04:17:06.572+0000] {processor.py:925} INFO - DAG(s) 'example_display_name' retrieved from /home/airflow/.local/lib/python3.12/site-packages/airflow/example_dags/example_display_name.py
[2025-02-13T04:17:06.592+0000] {logging_mixin.py:190} INFO - [2025-02-13T04:17:06.592+0000] {dag.py:3239} INFO - Sync 1 DAGs
[2025-02-13T04:17:06.606+0000] {logging_mixin.py:190} INFO - [2025-02-13T04:17:06.606+0000] {dag.py:4180} INFO - Setting next_dagrun for example_display_name to None, run_after=None
[2025-02-13T04:17:06.625+0000] {processor.py:208} INFO - Processing /home/airflow/.local/lib/python3.12/site-packages/airflow/example_dags/example_display_name.py took 0.070 seconds
[2025-02-13T04:17:38.135+0000] {processor.py:186} INFO - Started process (PID=383) to work on /home/airflow/.local/lib/python3.12/site-packages/airflow/example_dags/example_display_name.py
[2025-02-13T04:17:38.136+0000] {processor.py:914} INFO - Processing file /home/airflow/.local/lib/python3.12/site-packages/airflow/example_dags/example_display_name.py for tasks to queue
[2025-02-13T04:17:38.139+0000] {logging_mixin.py:190} INFO - [2025-02-13T04:17:38.138+0000] {dagbag.py:588} INFO - Filling up the DagBag from /home/airflow/.local/lib/python3.12/site-packages/airflow/example_dags/example_display_name.py
[2025-02-13T04:17:38.147+0000] {processor.py:925} INFO - DAG(s) 'example_display_name' retrieved from /home/airflow/.local/lib/python3.12/site-packages/airflow/example_dags/example_display_name.py
[2025-02-13T04:17:38.166+0000] {logging_mixin.py:190} INFO - [2025-02-13T04:17:38.166+0000] {dag.py:3239} INFO - Sync 1 DAGs
[2025-02-13T04:17:38.182+0000] {logging_mixin.py:190} INFO - [2025-02-13T04:17:38.181+0000] {dag.py:4180} INFO - Setting next_dagrun for example_display_name to None, run_after=None
[2025-02-13T04:17:38.199+0000] {processor.py:208} INFO - Processing /home/airflow/.local/lib/python3.12/site-packages/airflow/example_dags/example_display_name.py took 0.070 seconds
[2025-02-13T04:18:09.436+0000] {processor.py:186} INFO - Started process (PID=449) to work on /home/airflow/.local/lib/python3.12/site-packages/airflow/example_dags/example_display_name.py
[2025-02-13T04:18:09.437+0000] {processor.py:914} INFO - Processing file /home/airflow/.local/lib/python3.12/site-packages/airflow/example_dags/example_display_name.py for tasks to queue
[2025-02-13T04:18:09.440+0000] {logging_mixin.py:190} INFO - [2025-02-13T04:18:09.439+0000] {dagbag.py:588} INFO - Filling up the DagBag from /home/airflow/.local/lib/python3.12/site-packages/airflow/example_dags/example_display_name.py
[2025-02-13T04:18:09.449+0000] {processor.py:925} INFO - DAG(s) 'example_display_name' retrieved from /home/airflow/.local/lib/python3.12/site-packages/airflow/example_dags/example_display_name.py
[2025-02-13T04:18:09.471+0000] {logging_mixin.py:190} INFO - [2025-02-13T04:18:09.471+0000] {dag.py:3239} INFO - Sync 1 DAGs
[2025-02-13T04:18:09.487+0000] {logging_mixin.py:190} INFO - [2025-02-13T04:18:09.487+0000] {dag.py:4180} INFO - Setting next_dagrun for example_display_name to None, run_after=None
[2025-02-13T04:18:09.508+0000] {processor.py:208} INFO - Processing /home/airflow/.local/lib/python3.12/site-packages/airflow/example_dags/example_display_name.py took 0.079 seconds
[2025-02-13T04:18:40.803+0000] {processor.py:186} INFO - Started process (PID=516) to work on /home/airflow/.local/lib/python3.12/site-packages/airflow/example_dags/example_display_name.py
[2025-02-13T04:18:40.804+0000] {processor.py:914} INFO - Processing file /home/airflow/.local/lib/python3.12/site-packages/airflow/example_dags/example_display_name.py for tasks to queue
[2025-02-13T04:18:40.806+0000] {logging_mixin.py:190} INFO - [2025-02-13T04:18:40.806+0000] {dagbag.py:588} INFO - Filling up the DagBag from /home/airflow/.local/lib/python3.12/site-packages/airflow/example_dags/example_display_name.py
[2025-02-13T04:18:40.816+0000] {processor.py:925} INFO - DAG(s) 'example_display_name' retrieved from /home/airflow/.local/lib/python3.12/site-packages/airflow/example_dags/example_display_name.py
[2025-02-13T04:18:40.843+0000] {logging_mixin.py:190} INFO - [2025-02-13T04:18:40.843+0000] {dag.py:3239} INFO - Sync 1 DAGs
[2025-02-13T04:18:40.863+0000] {logging_mixin.py:190} INFO - [2025-02-13T04:18:40.863+0000] {dag.py:4180} INFO - Setting next_dagrun for example_display_name to None, run_after=None
[2025-02-13T04:18:40.888+0000] {processor.py:208} INFO - Processing /home/airflow/.local/lib/python3.12/site-packages/airflow/example_dags/example_display_name.py took 0.092 seconds
[2025-02-13T04:19:11.784+0000] {processor.py:186} INFO - Started process (PID=582) to work on /home/airflow/.local/lib/python3.12/site-packages/airflow/example_dags/example_display_name.py
[2025-02-13T04:19:11.785+0000] {processor.py:914} INFO - Processing file /home/airflow/.local/lib/python3.12/site-packages/airflow/example_dags/example_display_name.py for tasks to queue
[2025-02-13T04:19:11.787+0000] {logging_mixin.py:190} INFO - [2025-02-13T04:19:11.787+0000] {dagbag.py:588} INFO - Filling up the DagBag from /home/airflow/.local/lib/python3.12/site-packages/airflow/example_dags/example_display_name.py
[2025-02-13T04:19:11.797+0000] {processor.py:925} INFO - DAG(s) 'example_display_name' retrieved from /home/airflow/.local/lib/python3.12/site-packages/airflow/example_dags/example_display_name.py
[2025-02-13T04:19:11.818+0000] {logging_mixin.py:190} INFO - [2025-02-13T04:19:11.818+0000] {dag.py:3239} INFO - Sync 1 DAGs
[2025-02-13T04:19:11.832+0000] {logging_mixin.py:190} INFO - [2025-02-13T04:19:11.832+0000] {dag.py:4180} INFO - Setting next_dagrun for example_display_name to None, run_after=None
[2025-02-13T04:19:11.853+0000] {processor.py:208} INFO - Processing /home/airflow/.local/lib/python3.12/site-packages/airflow/example_dags/example_display_name.py took 0.076 seconds
[2025-02-13T04:19:43.204+0000] {processor.py:186} INFO - Started process (PID=647) to work on /home/airflow/.local/lib/python3.12/site-packages/airflow/example_dags/example_display_name.py
[2025-02-13T04:19:43.205+0000] {processor.py:914} INFO - Processing file /home/airflow/.local/lib/python3.12/site-packages/airflow/example_dags/example_display_name.py for tasks to queue
[2025-02-13T04:19:43.208+0000] {logging_mixin.py:190} INFO - [2025-02-13T04:19:43.208+0000] {dagbag.py:588} INFO - Filling up the DagBag from /home/airflow/.local/lib/python3.12/site-packages/airflow/example_dags/example_display_name.py
[2025-02-13T04:19:43.220+0000] {processor.py:925} INFO - DAG(s) 'example_display_name' retrieved from /home/airflow/.local/lib/python3.12/site-packages/airflow/example_dags/example_display_name.py
[2025-02-13T04:19:43.243+0000] {logging_mixin.py:190} INFO - [2025-02-13T04:19:43.242+0000] {dag.py:3239} INFO - Sync 1 DAGs
[2025-02-13T04:19:43.262+0000] {logging_mixin.py:190} INFO - [2025-02-13T04:19:43.261+0000] {dag.py:4180} INFO - Setting next_dagrun for example_display_name to None, run_after=None
[2025-02-13T04:19:43.285+0000] {processor.py:208} INFO - Processing /home/airflow/.local/lib/python3.12/site-packages/airflow/example_dags/example_display_name.py took 0.089 seconds
[2025-02-13T04:20:14.397+0000] {processor.py:186} INFO - Started process (PID=713) to work on /home/airflow/.local/lib/python3.12/site-packages/airflow/example_dags/example_display_name.py
[2025-02-13T04:20:14.398+0000] {processor.py:914} INFO - Processing file /home/airflow/.local/lib/python3.12/site-packages/airflow/example_dags/example_display_name.py for tasks to queue
[2025-02-13T04:20:14.400+0000] {logging_mixin.py:190} INFO - [2025-02-13T04:20:14.400+0000] {dagbag.py:588} INFO - Filling up the DagBag from /home/airflow/.local/lib/python3.12/site-packages/airflow/example_dags/example_display_name.py
[2025-02-13T04:20:14.410+0000] {processor.py:925} INFO - DAG(s) 'example_display_name' retrieved from /home/airflow/.local/lib/python3.12/site-packages/airflow/example_dags/example_display_name.py
[2025-02-13T04:20:14.432+0000] {logging_mixin.py:190} INFO - [2025-02-13T04:20:14.432+0000] {dag.py:3239} INFO - Sync 1 DAGs
[2025-02-13T04:20:14.449+0000] {logging_mixin.py:190} INFO - [2025-02-13T04:20:14.449+0000] {dag.py:4180} INFO - Setting next_dagrun for example_display_name to None, run_after=None
[2025-02-13T04:20:14.469+0000] {processor.py:208} INFO - Processing /home/airflow/.local/lib/python3.12/site-packages/airflow/example_dags/example_display_name.py took 0.079 seconds
[2025-02-13T04:20:45.233+0000] {processor.py:186} INFO - Started process (PID=779) to work on /home/airflow/.local/lib/python3.12/site-packages/airflow/example_dags/example_display_name.py
[2025-02-13T04:20:45.234+0000] {processor.py:914} INFO - Processing file /home/airflow/.local/lib/python3.12/site-packages/airflow/example_dags/example_display_name.py for tasks to queue
[2025-02-13T04:20:45.236+0000] {logging_mixin.py:190} INFO - [2025-02-13T04:20:45.236+0000] {dagbag.py:588} INFO - Filling up the DagBag from /home/airflow/.local/lib/python3.12/site-packages/airflow/example_dags/example_display_name.py
[2025-02-13T04:20:45.245+0000] {processor.py:925} INFO - DAG(s) 'example_display_name' retrieved from /home/airflow/.local/lib/python3.12/site-packages/airflow/example_dags/example_display_name.py
[2025-02-13T04:20:45.267+0000] {logging_mixin.py:190} INFO - [2025-02-13T04:20:45.267+0000] {dag.py:3239} INFO - Sync 1 DAGs
[2025-02-13T04:20:45.281+0000] {logging_mixin.py:190} INFO - [2025-02-13T04:20:45.281+0000] {dag.py:4180} INFO - Setting next_dagrun for example_display_name to None, run_after=None
[2025-02-13T04:20:45.298+0000] {processor.py:208} INFO - Processing /home/airflow/.local/lib/python3.12/site-packages/airflow/example_dags/example_display_name.py took 0.072 seconds
[2025-02-13T04:21:16.225+0000] {processor.py:186} INFO - Started process (PID=845) to work on /home/airflow/.local/lib/python3.12/site-packages/airflow/example_dags/example_display_name.py
[2025-02-13T04:21:16.226+0000] {processor.py:914} INFO - Processing file /home/airflow/.local/lib/python3.12/site-packages/airflow/example_dags/example_display_name.py for tasks to queue
[2025-02-13T04:21:16.229+0000] {logging_mixin.py:190} INFO - [2025-02-13T04:21:16.228+0000] {dagbag.py:588} INFO - Filling up the DagBag from /home/airflow/.local/lib/python3.12/site-packages/airflow/example_dags/example_display_name.py
[2025-02-13T04:21:16.240+0000] {processor.py:925} INFO - DAG(s) 'example_display_name' retrieved from /home/airflow/.local/lib/python3.12/site-packages/airflow/example_dags/example_display_name.py
[2025-02-13T04:21:16.264+0000] {logging_mixin.py:190} INFO - [2025-02-13T04:21:16.263+0000] {dag.py:3239} INFO - Sync 1 DAGs
[2025-02-13T04:21:16.281+0000] {logging_mixin.py:190} INFO - [2025-02-13T04:21:16.280+0000] {dag.py:4180} INFO - Setting next_dagrun for example_display_name to None, run_after=None
[2025-02-13T04:21:16.302+0000] {processor.py:208} INFO - Processing /home/airflow/.local/lib/python3.12/site-packages/airflow/example_dags/example_display_name.py took 0.085 seconds
[2025-02-13T04:21:47.264+0000] {processor.py:186} INFO - Started process (PID=911) to work on /home/airflow/.local/lib/python3.12/site-packages/airflow/example_dags/example_display_name.py
[2025-02-13T04:21:47.265+0000] {processor.py:914} INFO - Processing file /home/airflow/.local/lib/python3.12/site-packages/airflow/example_dags/example_display_name.py for tasks to queue
[2025-02-13T04:21:47.267+0000] {logging_mixin.py:190} INFO - [2025-02-13T04:21:47.267+0000] {dagbag.py:588} INFO - Filling up the DagBag from /home/airflow/.local/lib/python3.12/site-packages/airflow/example_dags/example_display_name.py
[2025-02-13T04:21:47.276+0000] {processor.py:925} INFO - DAG(s) 'example_display_name' retrieved from /home/airflow/.local/lib/python3.12/site-packages/airflow/example_dags/example_display_name.py
[2025-02-13T04:21:47.298+0000] {logging_mixin.py:190} INFO - [2025-02-13T04:21:47.298+0000] {dag.py:3239} INFO - Sync 1 DAGs
[2025-02-13T04:21:47.316+0000] {logging_mixin.py:190} INFO - [2025-02-13T04:21:47.315+0000] {dag.py:4180} INFO - Setting next_dagrun for example_display_name to None, run_after=None
[2025-02-13T04:21:47.337+0000] {processor.py:208} INFO - Processing /home/airflow/.local/lib/python3.12/site-packages/airflow/example_dags/example_display_name.py took 0.080 seconds
[2025-02-13T04:22:18.002+0000] {processor.py:186} INFO - Started process (PID=977) to work on /home/airflow/.local/lib/python3.12/site-packages/airflow/example_dags/example_display_name.py
[2025-02-13T04:22:18.003+0000] {processor.py:914} INFO - Processing file /home/airflow/.local/lib/python3.12/site-packages/airflow/example_dags/example_display_name.py for tasks to queue
[2025-02-13T04:22:18.005+0000] {logging_mixin.py:190} INFO - [2025-02-13T04:22:18.005+0000] {dagbag.py:588} INFO - Filling up the DagBag from /home/airflow/.local/lib/python3.12/site-packages/airflow/example_dags/example_display_name.py
[2025-02-13T04:22:18.013+0000] {processor.py:925} INFO - DAG(s) 'example_display_name' retrieved from /home/airflow/.local/lib/python3.12/site-packages/airflow/example_dags/example_display_name.py
[2025-02-13T04:22:18.034+0000] {logging_mixin.py:190} INFO - [2025-02-13T04:22:18.033+0000] {dag.py:3239} INFO - Sync 1 DAGs
[2025-02-13T04:22:18.050+0000] {logging_mixin.py:190} INFO - [2025-02-13T04:22:18.049+0000] {dag.py:4180} INFO - Setting next_dagrun for example_display_name to None, run_after=None
[2025-02-13T04:22:18.071+0000] {processor.py:208} INFO - Processing /home/airflow/.local/lib/python3.12/site-packages/airflow/example_dags/example_display_name.py took 0.075 seconds
[2025-02-13T04:22:48.883+0000] {processor.py:186} INFO - Started process (PID=1043) to work on /home/airflow/.local/lib/python3.12/site-packages/airflow/example_dags/example_display_name.py
[2025-02-13T04:22:48.884+0000] {processor.py:914} INFO - Processing file /home/airflow/.local/lib/python3.12/site-packages/airflow/example_dags/example_display_name.py for tasks to queue
[2025-02-13T04:22:48.886+0000] {logging_mixin.py:190} INFO - [2025-02-13T04:22:48.886+0000] {dagbag.py:588} INFO - Filling up the DagBag from /home/airflow/.local/lib/python3.12/site-packages/airflow/example_dags/example_display_name.py
[2025-02-13T04:22:48.894+0000] {processor.py:925} INFO - DAG(s) 'example_display_name' retrieved from /home/airflow/.local/lib/python3.12/site-packages/airflow/example_dags/example_display_name.py
[2025-02-13T04:22:48.914+0000] {logging_mixin.py:190} INFO - [2025-02-13T04:22:48.914+0000] {dag.py:3239} INFO - Sync 1 DAGs
[2025-02-13T04:22:48.929+0000] {logging_mixin.py:190} INFO - [2025-02-13T04:22:48.928+0000] {dag.py:4180} INFO - Setting next_dagrun for example_display_name to None, run_after=None
[2025-02-13T04:22:48.947+0000] {processor.py:208} INFO - Processing /home/airflow/.local/lib/python3.12/site-packages/airflow/example_dags/example_display_name.py took 0.070 seconds
[2025-02-13T04:23:19.853+0000] {processor.py:186} INFO - Started process (PID=1109) to work on /home/airflow/.local/lib/python3.12/site-packages/airflow/example_dags/example_display_name.py
[2025-02-13T04:23:19.854+0000] {processor.py:914} INFO - Processing file /home/airflow/.local/lib/python3.12/site-packages/airflow/example_dags/example_display_name.py for tasks to queue
[2025-02-13T04:23:19.856+0000] {logging_mixin.py:190} INFO - [2025-02-13T04:23:19.856+0000] {dagbag.py:588} INFO - Filling up the DagBag from /home/airflow/.local/lib/python3.12/site-packages/airflow/example_dags/example_display_name.py
[2025-02-13T04:23:19.863+0000] {processor.py:925} INFO - DAG(s) 'example_display_name' retrieved from /home/airflow/.local/lib/python3.12/site-packages/airflow/example_dags/example_display_name.py
[2025-02-13T04:23:19.882+0000] {logging_mixin.py:190} INFO - [2025-02-13T04:23:19.881+0000] {dag.py:3239} INFO - Sync 1 DAGs
[2025-02-13T04:23:19.895+0000] {logging_mixin.py:190} INFO - [2025-02-13T04:23:19.894+0000] {dag.py:4180} INFO - Setting next_dagrun for example_display_name to None, run_after=None
[2025-02-13T04:23:19.912+0000] {processor.py:208} INFO - Processing /home/airflow/.local/lib/python3.12/site-packages/airflow/example_dags/example_display_name.py took 0.065 seconds
[2025-02-13T04:23:51.314+0000] {processor.py:186} INFO - Started process (PID=1175) to work on /home/airflow/.local/lib/python3.12/site-packages/airflow/example_dags/example_display_name.py
[2025-02-13T04:23:51.315+0000] {processor.py:914} INFO - Processing file /home/airflow/.local/lib/python3.12/site-packages/airflow/example_dags/example_display_name.py for tasks to queue
[2025-02-13T04:23:51.317+0000] {logging_mixin.py:190} INFO - [2025-02-13T04:23:51.317+0000] {dagbag.py:588} INFO - Filling up the DagBag from /home/airflow/.local/lib/python3.12/site-packages/airflow/example_dags/example_display_name.py
[2025-02-13T04:23:51.326+0000] {processor.py:925} INFO - DAG(s) 'example_display_name' retrieved from /home/airflow/.local/lib/python3.12/site-packages/airflow/example_dags/example_display_name.py
[2025-02-13T04:23:51.348+0000] {logging_mixin.py:190} INFO - [2025-02-13T04:23:51.347+0000] {dag.py:3239} INFO - Sync 1 DAGs
[2025-02-13T04:23:51.365+0000] {logging_mixin.py:190} INFO - [2025-02-13T04:23:51.365+0000] {dag.py:4180} INFO - Setting next_dagrun for example_display_name to None, run_after=None
[2025-02-13T04:23:51.387+0000] {processor.py:208} INFO - Processing /home/airflow/.local/lib/python3.12/site-packages/airflow/example_dags/example_display_name.py took 0.078 seconds
[2025-02-13T04:24:22.434+0000] {processor.py:186} INFO - Started process (PID=1241) to work on /home/airflow/.local/lib/python3.12/site-packages/airflow/example_dags/example_display_name.py
[2025-02-13T04:24:22.435+0000] {processor.py:914} INFO - Processing file /home/airflow/.local/lib/python3.12/site-packages/airflow/example_dags/example_display_name.py for tasks to queue
[2025-02-13T04:24:22.438+0000] {logging_mixin.py:190} INFO - [2025-02-13T04:24:22.438+0000] {dagbag.py:588} INFO - Filling up the DagBag from /home/airflow/.local/lib/python3.12/site-packages/airflow/example_dags/example_display_name.py
[2025-02-13T04:24:22.447+0000] {processor.py:925} INFO - DAG(s) 'example_display_name' retrieved from /home/airflow/.local/lib/python3.12/site-packages/airflow/example_dags/example_display_name.py
[2025-02-13T04:24:22.470+0000] {logging_mixin.py:190} INFO - [2025-02-13T04:24:22.469+0000] {dag.py:3239} INFO - Sync 1 DAGs
[2025-02-13T04:24:22.486+0000] {logging_mixin.py:190} INFO - [2025-02-13T04:24:22.486+0000] {dag.py:4180} INFO - Setting next_dagrun for example_display_name to None, run_after=None
[2025-02-13T04:24:22.503+0000] {processor.py:208} INFO - Processing /home/airflow/.local/lib/python3.12/site-packages/airflow/example_dags/example_display_name.py took 0.077 seconds
[2025-02-13T04:24:53.940+0000] {processor.py:186} INFO - Started process (PID=1307) to work on /home/airflow/.local/lib/python3.12/site-packages/airflow/example_dags/example_display_name.py
[2025-02-13T04:24:53.941+0000] {processor.py:914} INFO - Processing file /home/airflow/.local/lib/python3.12/site-packages/airflow/example_dags/example_display_name.py for tasks to queue
[2025-02-13T04:24:53.943+0000] {logging_mixin.py:190} INFO - [2025-02-13T04:24:53.943+0000] {dagbag.py:588} INFO - Filling up the DagBag from /home/airflow/.local/lib/python3.12/site-packages/airflow/example_dags/example_display_name.py
[2025-02-13T04:24:53.950+0000] {processor.py:925} INFO - DAG(s) 'example_display_name' retrieved from /home/airflow/.local/lib/python3.12/site-packages/airflow/example_dags/example_display_name.py
[2025-02-13T04:24:53.969+0000] {logging_mixin.py:190} INFO - [2025-02-13T04:24:53.969+0000] {dag.py:3239} INFO - Sync 1 DAGs
[2025-02-13T04:24:53.982+0000] {logging_mixin.py:190} INFO - [2025-02-13T04:24:53.982+0000] {dag.py:4180} INFO - Setting next_dagrun for example_display_name to None, run_after=None
[2025-02-13T04:24:53.998+0000] {processor.py:208} INFO - Processing /home/airflow/.local/lib/python3.12/site-packages/airflow/example_dags/example_display_name.py took 0.063 seconds
[2025-02-13T04:25:25.083+0000] {processor.py:186} INFO - Started process (PID=1379) to work on /home/airflow/.local/lib/python3.12/site-packages/airflow/example_dags/example_display_name.py
[2025-02-13T04:25:25.084+0000] {processor.py:914} INFO - Processing file /home/airflow/.local/lib/python3.12/site-packages/airflow/example_dags/example_display_name.py for tasks to queue
[2025-02-13T04:25:25.086+0000] {logging_mixin.py:190} INFO - [2025-02-13T04:25:25.086+0000] {dagbag.py:588} INFO - Filling up the DagBag from /home/airflow/.local/lib/python3.12/site-packages/airflow/example_dags/example_display_name.py
[2025-02-13T04:25:25.094+0000] {processor.py:925} INFO - DAG(s) 'example_display_name' retrieved from /home/airflow/.local/lib/python3.12/site-packages/airflow/example_dags/example_display_name.py
[2025-02-13T04:25:25.112+0000] {logging_mixin.py:190} INFO - [2025-02-13T04:25:25.112+0000] {dag.py:3239} INFO - Sync 1 DAGs
[2025-02-13T04:25:25.124+0000] {logging_mixin.py:190} INFO - [2025-02-13T04:25:25.124+0000] {dag.py:4180} INFO - Setting next_dagrun for example_display_name to None, run_after=None
[2025-02-13T04:25:25.140+0000] {processor.py:208} INFO - Processing /home/airflow/.local/lib/python3.12/site-packages/airflow/example_dags/example_display_name.py took 0.062 seconds
[2025-02-13T04:25:56.800+0000] {processor.py:186} INFO - Started process (PID=1445) to work on /home/airflow/.local/lib/python3.12/site-packages/airflow/example_dags/example_display_name.py
[2025-02-13T04:25:56.801+0000] {processor.py:914} INFO - Processing file /home/airflow/.local/lib/python3.12/site-packages/airflow/example_dags/example_display_name.py for tasks to queue
[2025-02-13T04:25:56.804+0000] {logging_mixin.py:190} INFO - [2025-02-13T04:25:56.804+0000] {dagbag.py:588} INFO - Filling up the DagBag from /home/airflow/.local/lib/python3.12/site-packages/airflow/example_dags/example_display_name.py
[2025-02-13T04:25:56.814+0000] {processor.py:925} INFO - DAG(s) 'example_display_name' retrieved from /home/airflow/.local/lib/python3.12/site-packages/airflow/example_dags/example_display_name.py
[2025-02-13T04:25:56.841+0000] {logging_mixin.py:190} INFO - [2025-02-13T04:25:56.841+0000] {dag.py:3239} INFO - Sync 1 DAGs
[2025-02-13T04:25:56.860+0000] {logging_mixin.py:190} INFO - [2025-02-13T04:25:56.860+0000] {dag.py:4180} INFO - Setting next_dagrun for example_display_name to None, run_after=None
[2025-02-13T04:25:56.882+0000] {processor.py:208} INFO - Processing /home/airflow/.local/lib/python3.12/site-packages/airflow/example_dags/example_display_name.py took 0.088 seconds
[2025-02-13T04:26:27.407+0000] {processor.py:186} INFO - Started process (PID=1510) to work on /home/airflow/.local/lib/python3.12/site-packages/airflow/example_dags/example_display_name.py
[2025-02-13T04:26:27.408+0000] {processor.py:914} INFO - Processing file /home/airflow/.local/lib/python3.12/site-packages/airflow/example_dags/example_display_name.py for tasks to queue
[2025-02-13T04:26:27.410+0000] {logging_mixin.py:190} INFO - [2025-02-13T04:26:27.410+0000] {dagbag.py:588} INFO - Filling up the DagBag from /home/airflow/.local/lib/python3.12/site-packages/airflow/example_dags/example_display_name.py
[2025-02-13T04:26:27.419+0000] {processor.py:925} INFO - DAG(s) 'example_display_name' retrieved from /home/airflow/.local/lib/python3.12/site-packages/airflow/example_dags/example_display_name.py
[2025-02-13T04:26:27.440+0000] {logging_mixin.py:190} INFO - [2025-02-13T04:26:27.439+0000] {dag.py:3239} INFO - Sync 1 DAGs
[2025-02-13T04:26:27.455+0000] {logging_mixin.py:190} INFO - [2025-02-13T04:26:27.454+0000] {dag.py:4180} INFO - Setting next_dagrun for example_display_name to None, run_after=None
[2025-02-13T04:26:27.476+0000] {processor.py:208} INFO - Processing /home/airflow/.local/lib/python3.12/site-packages/airflow/example_dags/example_display_name.py took 0.075 seconds
[2025-02-13T04:26:58.321+0000] {processor.py:186} INFO - Started process (PID=1576) to work on /home/airflow/.local/lib/python3.12/site-packages/airflow/example_dags/example_display_name.py
[2025-02-13T04:26:58.322+0000] {processor.py:914} INFO - Processing file /home/airflow/.local/lib/python3.12/site-packages/airflow/example_dags/example_display_name.py for tasks to queue
[2025-02-13T04:26:58.325+0000] {logging_mixin.py:190} INFO - [2025-02-13T04:26:58.325+0000] {dagbag.py:588} INFO - Filling up the DagBag from /home/airflow/.local/lib/python3.12/site-packages/airflow/example_dags/example_display_name.py
[2025-02-13T04:26:58.333+0000] {processor.py:925} INFO - DAG(s) 'example_display_name' retrieved from /home/airflow/.local/lib/python3.12/site-packages/airflow/example_dags/example_display_name.py
[2025-02-13T04:26:58.356+0000] {logging_mixin.py:190} INFO - [2025-02-13T04:26:58.355+0000] {dag.py:3239} INFO - Sync 1 DAGs
[2025-02-13T04:26:58.369+0000] {logging_mixin.py:190} INFO - [2025-02-13T04:26:58.368+0000] {dag.py:4180} INFO - Setting next_dagrun for example_display_name to None, run_after=None
[2025-02-13T04:26:58.384+0000] {processor.py:208} INFO - Processing /home/airflow/.local/lib/python3.12/site-packages/airflow/example_dags/example_display_name.py took 0.069 seconds
[2025-02-13T04:27:29.111+0000] {processor.py:186} INFO - Started process (PID=1642) to work on /home/airflow/.local/lib/python3.12/site-packages/airflow/example_dags/example_display_name.py
[2025-02-13T04:27:29.112+0000] {processor.py:914} INFO - Processing file /home/airflow/.local/lib/python3.12/site-packages/airflow/example_dags/example_display_name.py for tasks to queue
[2025-02-13T04:27:29.114+0000] {logging_mixin.py:190} INFO - [2025-02-13T04:27:29.114+0000] {dagbag.py:588} INFO - Filling up the DagBag from /home/airflow/.local/lib/python3.12/site-packages/airflow/example_dags/example_display_name.py
[2025-02-13T04:27:29.122+0000] {processor.py:925} INFO - DAG(s) 'example_display_name' retrieved from /home/airflow/.local/lib/python3.12/site-packages/airflow/example_dags/example_display_name.py
[2025-02-13T04:27:29.144+0000] {logging_mixin.py:190} INFO - [2025-02-13T04:27:29.144+0000] {dag.py:3239} INFO - Sync 1 DAGs
[2025-02-13T04:27:29.160+0000] {logging_mixin.py:190} INFO - [2025-02-13T04:27:29.160+0000] {dag.py:4180} INFO - Setting next_dagrun for example_display_name to None, run_after=None
[2025-02-13T04:27:29.181+0000] {processor.py:208} INFO - Processing /home/airflow/.local/lib/python3.12/site-packages/airflow/example_dags/example_display_name.py took 0.077 seconds
[2025-02-13T04:28:00.089+0000] {processor.py:186} INFO - Started process (PID=1708) to work on /home/airflow/.local/lib/python3.12/site-packages/airflow/example_dags/example_display_name.py
[2025-02-13T04:28:00.090+0000] {processor.py:914} INFO - Processing file /home/airflow/.local/lib/python3.12/site-packages/airflow/example_dags/example_display_name.py for tasks to queue
[2025-02-13T04:28:00.093+0000] {logging_mixin.py:190} INFO - [2025-02-13T04:28:00.092+0000] {dagbag.py:588} INFO - Filling up the DagBag from /home/airflow/.local/lib/python3.12/site-packages/airflow/example_dags/example_display_name.py
[2025-02-13T04:28:00.102+0000] {processor.py:925} INFO - DAG(s) 'example_display_name' retrieved from /home/airflow/.local/lib/python3.12/site-packages/airflow/example_dags/example_display_name.py
[2025-02-13T04:28:00.121+0000] {logging_mixin.py:190} INFO - [2025-02-13T04:28:00.121+0000] {dag.py:3239} INFO - Sync 1 DAGs
[2025-02-13T04:28:00.134+0000] {logging_mixin.py:190} INFO - [2025-02-13T04:28:00.134+0000] {dag.py:4180} INFO - Setting next_dagrun for example_display_name to None, run_after=None
[2025-02-13T04:28:00.152+0000] {processor.py:208} INFO - Processing /home/airflow/.local/lib/python3.12/site-packages/airflow/example_dags/example_display_name.py took 0.070 seconds
[2025-02-13T04:28:30.910+0000] {processor.py:186} INFO - Started process (PID=1774) to work on /home/airflow/.local/lib/python3.12/site-packages/airflow/example_dags/example_display_name.py
[2025-02-13T04:28:30.911+0000] {processor.py:914} INFO - Processing file /home/airflow/.local/lib/python3.12/site-packages/airflow/example_dags/example_display_name.py for tasks to queue
[2025-02-13T04:28:30.913+0000] {logging_mixin.py:190} INFO - [2025-02-13T04:28:30.912+0000] {dagbag.py:588} INFO - Filling up the DagBag from /home/airflow/.local/lib/python3.12/site-packages/airflow/example_dags/example_display_name.py
[2025-02-13T04:28:30.920+0000] {processor.py:925} INFO - DAG(s) 'example_display_name' retrieved from /home/airflow/.local/lib/python3.12/site-packages/airflow/example_dags/example_display_name.py
[2025-02-13T04:28:30.938+0000] {logging_mixin.py:190} INFO - [2025-02-13T04:28:30.938+0000] {dag.py:3239} INFO - Sync 1 DAGs
[2025-02-13T04:28:30.951+0000] {logging_mixin.py:190} INFO - [2025-02-13T04:28:30.951+0000] {dag.py:4180} INFO - Setting next_dagrun for example_display_name to None, run_after=None
[2025-02-13T04:28:30.971+0000] {processor.py:208} INFO - Processing /home/airflow/.local/lib/python3.12/site-packages/airflow/example_dags/example_display_name.py took 0.067 seconds
[2025-02-13T04:29:02.055+0000] {processor.py:186} INFO - Started process (PID=1840) to work on /home/airflow/.local/lib/python3.12/site-packages/airflow/example_dags/example_display_name.py
[2025-02-13T04:29:02.056+0000] {processor.py:914} INFO - Processing file /home/airflow/.local/lib/python3.12/site-packages/airflow/example_dags/example_display_name.py for tasks to queue
[2025-02-13T04:29:02.058+0000] {logging_mixin.py:190} INFO - [2025-02-13T04:29:02.058+0000] {dagbag.py:588} INFO - Filling up the DagBag from /home/airflow/.local/lib/python3.12/site-packages/airflow/example_dags/example_display_name.py
[2025-02-13T04:29:02.067+0000] {processor.py:925} INFO - DAG(s) 'example_display_name' retrieved from /home/airflow/.local/lib/python3.12/site-packages/airflow/example_dags/example_display_name.py
[2025-02-13T04:29:02.087+0000] {logging_mixin.py:190} INFO - [2025-02-13T04:29:02.086+0000] {dag.py:3239} INFO - Sync 1 DAGs
[2025-02-13T04:29:02.101+0000] {logging_mixin.py:190} INFO - [2025-02-13T04:29:02.101+0000] {dag.py:4180} INFO - Setting next_dagrun for example_display_name to None, run_after=None
[2025-02-13T04:29:02.117+0000] {processor.py:208} INFO - Processing /home/airflow/.local/lib/python3.12/site-packages/airflow/example_dags/example_display_name.py took 0.067 seconds
[2025-02-13T04:29:33.637+0000] {processor.py:186} INFO - Started process (PID=1907) to work on /home/airflow/.local/lib/python3.12/site-packages/airflow/example_dags/example_display_name.py
[2025-02-13T04:29:33.638+0000] {processor.py:914} INFO - Processing file /home/airflow/.local/lib/python3.12/site-packages/airflow/example_dags/example_display_name.py for tasks to queue
[2025-02-13T04:29:33.641+0000] {logging_mixin.py:190} INFO - [2025-02-13T04:29:33.640+0000] {dagbag.py:588} INFO - Filling up the DagBag from /home/airflow/.local/lib/python3.12/site-packages/airflow/example_dags/example_display_name.py
[2025-02-13T04:29:33.651+0000] {processor.py:925} INFO - DAG(s) 'example_display_name' retrieved from /home/airflow/.local/lib/python3.12/site-packages/airflow/example_dags/example_display_name.py
[2025-02-13T04:29:33.672+0000] {logging_mixin.py:190} INFO - [2025-02-13T04:29:33.672+0000] {dag.py:3239} INFO - Sync 1 DAGs
[2025-02-13T04:29:33.691+0000] {logging_mixin.py:190} INFO - [2025-02-13T04:29:33.691+0000] {dag.py:4180} INFO - Setting next_dagrun for example_display_name to None, run_after=None
[2025-02-13T04:29:33.715+0000] {processor.py:208} INFO - Processing /home/airflow/.local/lib/python3.12/site-packages/airflow/example_dags/example_display_name.py took 0.086 seconds
[2025-02-13T04:30:05.111+0000] {processor.py:186} INFO - Started process (PID=1973) to work on /home/airflow/.local/lib/python3.12/site-packages/airflow/example_dags/example_display_name.py
[2025-02-13T04:30:05.112+0000] {processor.py:914} INFO - Processing file /home/airflow/.local/lib/python3.12/site-packages/airflow/example_dags/example_display_name.py for tasks to queue
[2025-02-13T04:30:05.114+0000] {logging_mixin.py:190} INFO - [2025-02-13T04:30:05.114+0000] {dagbag.py:588} INFO - Filling up the DagBag from /home/airflow/.local/lib/python3.12/site-packages/airflow/example_dags/example_display_name.py
[2025-02-13T04:30:05.122+0000] {processor.py:925} INFO - DAG(s) 'example_display_name' retrieved from /home/airflow/.local/lib/python3.12/site-packages/airflow/example_dags/example_display_name.py
[2025-02-13T04:30:05.143+0000] {logging_mixin.py:190} INFO - [2025-02-13T04:30:05.143+0000] {dag.py:3239} INFO - Sync 1 DAGs
[2025-02-13T04:30:05.160+0000] {logging_mixin.py:190} INFO - [2025-02-13T04:30:05.160+0000] {dag.py:4180} INFO - Setting next_dagrun for example_display_name to None, run_after=None
[2025-02-13T04:30:05.182+0000] {processor.py:208} INFO - Processing /home/airflow/.local/lib/python3.12/site-packages/airflow/example_dags/example_display_name.py took 0.077 seconds
[2025-02-13T04:30:35.898+0000] {processor.py:186} INFO - Started process (PID=2039) to work on /home/airflow/.local/lib/python3.12/site-packages/airflow/example_dags/example_display_name.py
[2025-02-13T04:30:35.899+0000] {processor.py:914} INFO - Processing file /home/airflow/.local/lib/python3.12/site-packages/airflow/example_dags/example_display_name.py for tasks to queue
[2025-02-13T04:30:35.901+0000] {logging_mixin.py:190} INFO - [2025-02-13T04:30:35.900+0000] {dagbag.py:588} INFO - Filling up the DagBag from /home/airflow/.local/lib/python3.12/site-packages/airflow/example_dags/example_display_name.py
[2025-02-13T04:30:35.910+0000] {processor.py:925} INFO - DAG(s) 'example_display_name' retrieved from /home/airflow/.local/lib/python3.12/site-packages/airflow/example_dags/example_display_name.py
[2025-02-13T04:30:35.932+0000] {logging_mixin.py:190} INFO - [2025-02-13T04:30:35.931+0000] {dag.py:3239} INFO - Sync 1 DAGs
[2025-02-13T04:30:35.946+0000] {logging_mixin.py:190} INFO - [2025-02-13T04:30:35.946+0000] {dag.py:4180} INFO - Setting next_dagrun for example_display_name to None, run_after=None
[2025-02-13T04:30:35.968+0000] {processor.py:208} INFO - Processing /home/airflow/.local/lib/python3.12/site-packages/airflow/example_dags/example_display_name.py took 0.077 seconds
[2025-02-13T04:31:06.637+0000] {processor.py:186} INFO - Started process (PID=2105) to work on /home/airflow/.local/lib/python3.12/site-packages/airflow/example_dags/example_display_name.py
[2025-02-13T04:31:06.638+0000] {processor.py:914} INFO - Processing file /home/airflow/.local/lib/python3.12/site-packages/airflow/example_dags/example_display_name.py for tasks to queue
[2025-02-13T04:31:06.642+0000] {logging_mixin.py:190} INFO - [2025-02-13T04:31:06.641+0000] {dagbag.py:588} INFO - Filling up the DagBag from /home/airflow/.local/lib/python3.12/site-packages/airflow/example_dags/example_display_name.py
[2025-02-13T04:31:06.652+0000] {processor.py:925} INFO - DAG(s) 'example_display_name' retrieved from /home/airflow/.local/lib/python3.12/site-packages/airflow/example_dags/example_display_name.py
[2025-02-13T04:31:06.677+0000] {logging_mixin.py:190} INFO - [2025-02-13T04:31:06.676+0000] {dag.py:3239} INFO - Sync 1 DAGs
[2025-02-13T04:31:06.694+0000] {logging_mixin.py:190} INFO - [2025-02-13T04:31:06.694+0000] {dag.py:4180} INFO - Setting next_dagrun for example_display_name to None, run_after=None
[2025-02-13T04:31:06.712+0000] {processor.py:208} INFO - Processing /home/airflow/.local/lib/python3.12/site-packages/airflow/example_dags/example_display_name.py took 0.082 seconds
[2025-02-13T04:31:38.288+0000] {processor.py:186} INFO - Started process (PID=2171) to work on /home/airflow/.local/lib/python3.12/site-packages/airflow/example_dags/example_display_name.py
[2025-02-13T04:31:38.288+0000] {processor.py:914} INFO - Processing file /home/airflow/.local/lib/python3.12/site-packages/airflow/example_dags/example_display_name.py for tasks to queue
[2025-02-13T04:31:38.291+0000] {logging_mixin.py:190} INFO - [2025-02-13T04:31:38.290+0000] {dagbag.py:588} INFO - Filling up the DagBag from /home/airflow/.local/lib/python3.12/site-packages/airflow/example_dags/example_display_name.py
[2025-02-13T04:31:38.300+0000] {processor.py:925} INFO - DAG(s) 'example_display_name' retrieved from /home/airflow/.local/lib/python3.12/site-packages/airflow/example_dags/example_display_name.py
[2025-02-13T04:31:38.321+0000] {logging_mixin.py:190} INFO - [2025-02-13T04:31:38.320+0000] {dag.py:3239} INFO - Sync 1 DAGs
[2025-02-13T04:31:38.335+0000] {logging_mixin.py:190} INFO - [2025-02-13T04:31:38.335+0000] {dag.py:4180} INFO - Setting next_dagrun for example_display_name to None, run_after=None
[2025-02-13T04:31:38.356+0000] {processor.py:208} INFO - Processing /home/airflow/.local/lib/python3.12/site-packages/airflow/example_dags/example_display_name.py took 0.074 seconds
[2025-02-13T04:32:11.155+0000] {processor.py:186} INFO - Started process (PID=2237) to work on /home/airflow/.local/lib/python3.12/site-packages/airflow/example_dags/example_display_name.py
[2025-02-13T04:32:11.155+0000] {processor.py:914} INFO - Processing file /home/airflow/.local/lib/python3.12/site-packages/airflow/example_dags/example_display_name.py for tasks to queue
[2025-02-13T04:32:11.157+0000] {logging_mixin.py:190} INFO - [2025-02-13T04:32:11.157+0000] {dagbag.py:588} INFO - Filling up the DagBag from /home/airflow/.local/lib/python3.12/site-packages/airflow/example_dags/example_display_name.py
[2025-02-13T04:32:11.165+0000] {processor.py:925} INFO - DAG(s) 'example_display_name' retrieved from /home/airflow/.local/lib/python3.12/site-packages/airflow/example_dags/example_display_name.py
[2025-02-13T04:32:11.185+0000] {logging_mixin.py:190} INFO - [2025-02-13T04:32:11.185+0000] {dag.py:3239} INFO - Sync 1 DAGs
[2025-02-13T04:32:11.408+0000] {logging_mixin.py:190} INFO - [2025-02-13T04:32:11.408+0000] {dag.py:4180} INFO - Setting next_dagrun for example_display_name to None, run_after=None
[2025-02-13T04:32:11.424+0000] {processor.py:208} INFO - Processing /home/airflow/.local/lib/python3.12/site-packages/airflow/example_dags/example_display_name.py took 0.275 seconds
[2025-02-13T04:32:42.337+0000] {processor.py:186} INFO - Started process (PID=2303) to work on /home/airflow/.local/lib/python3.12/site-packages/airflow/example_dags/example_display_name.py
[2025-02-13T04:32:42.338+0000] {processor.py:914} INFO - Processing file /home/airflow/.local/lib/python3.12/site-packages/airflow/example_dags/example_display_name.py for tasks to queue
[2025-02-13T04:32:42.340+0000] {logging_mixin.py:190} INFO - [2025-02-13T04:32:42.339+0000] {dagbag.py:588} INFO - Filling up the DagBag from /home/airflow/.local/lib/python3.12/site-packages/airflow/example_dags/example_display_name.py
[2025-02-13T04:32:42.348+0000] {processor.py:925} INFO - DAG(s) 'example_display_name' retrieved from /home/airflow/.local/lib/python3.12/site-packages/airflow/example_dags/example_display_name.py
[2025-02-13T04:32:42.368+0000] {logging_mixin.py:190} INFO - [2025-02-13T04:32:42.368+0000] {dag.py:3239} INFO - Sync 1 DAGs
[2025-02-13T04:32:42.562+0000] {logging_mixin.py:190} INFO - [2025-02-13T04:32:42.562+0000] {dag.py:4180} INFO - Setting next_dagrun for example_display_name to None, run_after=None
[2025-02-13T04:32:42.585+0000] {processor.py:208} INFO - Processing /home/airflow/.local/lib/python3.12/site-packages/airflow/example_dags/example_display_name.py took 0.253 seconds
[2025-02-13T04:33:13.102+0000] {processor.py:186} INFO - Started process (PID=2369) to work on /home/airflow/.local/lib/python3.12/site-packages/airflow/example_dags/example_display_name.py
[2025-02-13T04:33:13.103+0000] {processor.py:914} INFO - Processing file /home/airflow/.local/lib/python3.12/site-packages/airflow/example_dags/example_display_name.py for tasks to queue
[2025-02-13T04:33:13.106+0000] {logging_mixin.py:190} INFO - [2025-02-13T04:33:13.106+0000] {dagbag.py:588} INFO - Filling up the DagBag from /home/airflow/.local/lib/python3.12/site-packages/airflow/example_dags/example_display_name.py
[2025-02-13T04:33:13.119+0000] {processor.py:925} INFO - DAG(s) 'example_display_name' retrieved from /home/airflow/.local/lib/python3.12/site-packages/airflow/example_dags/example_display_name.py
[2025-02-13T04:33:13.144+0000] {logging_mixin.py:190} INFO - [2025-02-13T04:33:13.144+0000] {dag.py:3239} INFO - Sync 1 DAGs
[2025-02-13T04:33:13.165+0000] {logging_mixin.py:190} INFO - [2025-02-13T04:33:13.164+0000] {dag.py:4180} INFO - Setting next_dagrun for example_display_name to None, run_after=None
[2025-02-13T04:33:13.192+0000] {processor.py:208} INFO - Processing /home/airflow/.local/lib/python3.12/site-packages/airflow/example_dags/example_display_name.py took 0.098 seconds
[2025-02-13T04:33:43.439+0000] {processor.py:186} INFO - Started process (PID=2435) to work on /home/airflow/.local/lib/python3.12/site-packages/airflow/example_dags/example_display_name.py
[2025-02-13T04:33:43.440+0000] {processor.py:914} INFO - Processing file /home/airflow/.local/lib/python3.12/site-packages/airflow/example_dags/example_display_name.py for tasks to queue
[2025-02-13T04:33:43.442+0000] {logging_mixin.py:190} INFO - [2025-02-13T04:33:43.441+0000] {dagbag.py:588} INFO - Filling up the DagBag from /home/airflow/.local/lib/python3.12/site-packages/airflow/example_dags/example_display_name.py
[2025-02-13T04:33:43.450+0000] {processor.py:925} INFO - DAG(s) 'example_display_name' retrieved from /home/airflow/.local/lib/python3.12/site-packages/airflow/example_dags/example_display_name.py
[2025-02-13T04:33:43.467+0000] {logging_mixin.py:190} INFO - [2025-02-13T04:33:43.467+0000] {dag.py:3239} INFO - Sync 1 DAGs
[2025-02-13T04:33:43.480+0000] {logging_mixin.py:190} INFO - [2025-02-13T04:33:43.479+0000] {dag.py:4180} INFO - Setting next_dagrun for example_display_name to None, run_after=None
[2025-02-13T04:33:43.497+0000] {processor.py:208} INFO - Processing /home/airflow/.local/lib/python3.12/site-packages/airflow/example_dags/example_display_name.py took 0.065 seconds
[2025-02-13T04:34:13.672+0000] {processor.py:186} INFO - Started process (PID=2501) to work on /home/airflow/.local/lib/python3.12/site-packages/airflow/example_dags/example_display_name.py
[2025-02-13T04:34:13.673+0000] {processor.py:914} INFO - Processing file /home/airflow/.local/lib/python3.12/site-packages/airflow/example_dags/example_display_name.py for tasks to queue
[2025-02-13T04:34:13.675+0000] {logging_mixin.py:190} INFO - [2025-02-13T04:34:13.675+0000] {dagbag.py:588} INFO - Filling up the DagBag from /home/airflow/.local/lib/python3.12/site-packages/airflow/example_dags/example_display_name.py
[2025-02-13T04:34:13.685+0000] {processor.py:925} INFO - DAG(s) 'example_display_name' retrieved from /home/airflow/.local/lib/python3.12/site-packages/airflow/example_dags/example_display_name.py
[2025-02-13T04:34:13.705+0000] {logging_mixin.py:190} INFO - [2025-02-13T04:34:13.705+0000] {dag.py:3239} INFO - Sync 1 DAGs
[2025-02-13T04:34:13.717+0000] {logging_mixin.py:190} INFO - [2025-02-13T04:34:13.717+0000] {dag.py:4180} INFO - Setting next_dagrun for example_display_name to None, run_after=None
[2025-02-13T04:34:13.735+0000] {processor.py:208} INFO - Processing /home/airflow/.local/lib/python3.12/site-packages/airflow/example_dags/example_display_name.py took 0.069 seconds
[2025-02-13T04:34:43.995+0000] {processor.py:186} INFO - Started process (PID=2567) to work on /home/airflow/.local/lib/python3.12/site-packages/airflow/example_dags/example_display_name.py
[2025-02-13T04:34:43.996+0000] {processor.py:914} INFO - Processing file /home/airflow/.local/lib/python3.12/site-packages/airflow/example_dags/example_display_name.py for tasks to queue
[2025-02-13T04:34:43.999+0000] {logging_mixin.py:190} INFO - [2025-02-13T04:34:43.999+0000] {dagbag.py:588} INFO - Filling up the DagBag from /home/airflow/.local/lib/python3.12/site-packages/airflow/example_dags/example_display_name.py
[2025-02-13T04:34:44.010+0000] {processor.py:925} INFO - DAG(s) 'example_display_name' retrieved from /home/airflow/.local/lib/python3.12/site-packages/airflow/example_dags/example_display_name.py
[2025-02-13T04:34:44.036+0000] {logging_mixin.py:190} INFO - [2025-02-13T04:34:44.036+0000] {dag.py:3239} INFO - Sync 1 DAGs
[2025-02-13T04:34:44.056+0000] {logging_mixin.py:190} INFO - [2025-02-13T04:34:44.055+0000] {dag.py:4180} INFO - Setting next_dagrun for example_display_name to None, run_after=None
[2025-02-13T04:34:44.079+0000] {processor.py:208} INFO - Processing /home/airflow/.local/lib/python3.12/site-packages/airflow/example_dags/example_display_name.py took 0.091 seconds
[2025-02-13T04:35:15.246+0000] {processor.py:186} INFO - Started process (PID=2633) to work on /home/airflow/.local/lib/python3.12/site-packages/airflow/example_dags/example_display_name.py
[2025-02-13T04:35:15.246+0000] {processor.py:914} INFO - Processing file /home/airflow/.local/lib/python3.12/site-packages/airflow/example_dags/example_display_name.py for tasks to queue
[2025-02-13T04:35:15.249+0000] {logging_mixin.py:190} INFO - [2025-02-13T04:35:15.248+0000] {dagbag.py:588} INFO - Filling up the DagBag from /home/airflow/.local/lib/python3.12/site-packages/airflow/example_dags/example_display_name.py
[2025-02-13T04:35:15.256+0000] {processor.py:925} INFO - DAG(s) 'example_display_name' retrieved from /home/airflow/.local/lib/python3.12/site-packages/airflow/example_dags/example_display_name.py
[2025-02-13T04:35:15.277+0000] {logging_mixin.py:190} INFO - [2025-02-13T04:35:15.277+0000] {dag.py:3239} INFO - Sync 1 DAGs
[2025-02-13T04:35:15.291+0000] {logging_mixin.py:190} INFO - [2025-02-13T04:35:15.291+0000] {dag.py:4180} INFO - Setting next_dagrun for example_display_name to None, run_after=None
[2025-02-13T04:35:15.308+0000] {processor.py:208} INFO - Processing /home/airflow/.local/lib/python3.12/site-packages/airflow/example_dags/example_display_name.py took 0.067 seconds
[2025-02-13T04:35:45.644+0000] {processor.py:186} INFO - Started process (PID=2699) to work on /home/airflow/.local/lib/python3.12/site-packages/airflow/example_dags/example_display_name.py
[2025-02-13T04:35:45.645+0000] {processor.py:914} INFO - Processing file /home/airflow/.local/lib/python3.12/site-packages/airflow/example_dags/example_display_name.py for tasks to queue
[2025-02-13T04:35:45.648+0000] {logging_mixin.py:190} INFO - [2025-02-13T04:35:45.647+0000] {dagbag.py:588} INFO - Filling up the DagBag from /home/airflow/.local/lib/python3.12/site-packages/airflow/example_dags/example_display_name.py
[2025-02-13T04:35:45.657+0000] {processor.py:925} INFO - DAG(s) 'example_display_name' retrieved from /home/airflow/.local/lib/python3.12/site-packages/airflow/example_dags/example_display_name.py
[2025-02-13T04:35:45.676+0000] {logging_mixin.py:190} INFO - [2025-02-13T04:35:45.676+0000] {dag.py:3239} INFO - Sync 1 DAGs
[2025-02-13T04:35:45.692+0000] {logging_mixin.py:190} INFO - [2025-02-13T04:35:45.692+0000] {dag.py:4180} INFO - Setting next_dagrun for example_display_name to None, run_after=None
[2025-02-13T04:35:45.712+0000] {processor.py:208} INFO - Processing /home/airflow/.local/lib/python3.12/site-packages/airflow/example_dags/example_display_name.py took 0.074 seconds
[2025-02-13T04:36:16.284+0000] {processor.py:186} INFO - Started process (PID=2765) to work on /home/airflow/.local/lib/python3.12/site-packages/airflow/example_dags/example_display_name.py
[2025-02-13T04:36:16.285+0000] {processor.py:914} INFO - Processing file /home/airflow/.local/lib/python3.12/site-packages/airflow/example_dags/example_display_name.py for tasks to queue
[2025-02-13T04:36:16.287+0000] {logging_mixin.py:190} INFO - [2025-02-13T04:36:16.287+0000] {dagbag.py:588} INFO - Filling up the DagBag from /home/airflow/.local/lib/python3.12/site-packages/airflow/example_dags/example_display_name.py
[2025-02-13T04:36:16.297+0000] {processor.py:925} INFO - DAG(s) 'example_display_name' retrieved from /home/airflow/.local/lib/python3.12/site-packages/airflow/example_dags/example_display_name.py
[2025-02-13T04:36:16.320+0000] {logging_mixin.py:190} INFO - [2025-02-13T04:36:16.320+0000] {dag.py:3239} INFO - Sync 1 DAGs
[2025-02-13T04:36:16.337+0000] {logging_mixin.py:190} INFO - [2025-02-13T04:36:16.337+0000] {dag.py:4180} INFO - Setting next_dagrun for example_display_name to None, run_after=None
[2025-02-13T04:36:16.364+0000] {processor.py:208} INFO - Processing /home/airflow/.local/lib/python3.12/site-packages/airflow/example_dags/example_display_name.py took 0.087 seconds
[2025-02-13T04:36:46.975+0000] {processor.py:186} INFO - Started process (PID=2831) to work on /home/airflow/.local/lib/python3.12/site-packages/airflow/example_dags/example_display_name.py
[2025-02-13T04:36:46.976+0000] {processor.py:914} INFO - Processing file /home/airflow/.local/lib/python3.12/site-packages/airflow/example_dags/example_display_name.py for tasks to queue
[2025-02-13T04:36:46.979+0000] {logging_mixin.py:190} INFO - [2025-02-13T04:36:46.978+0000] {dagbag.py:588} INFO - Filling up the DagBag from /home/airflow/.local/lib/python3.12/site-packages/airflow/example_dags/example_display_name.py
[2025-02-13T04:36:46.989+0000] {processor.py:925} INFO - DAG(s) 'example_display_name' retrieved from /home/airflow/.local/lib/python3.12/site-packages/airflow/example_dags/example_display_name.py
[2025-02-13T04:36:47.009+0000] {logging_mixin.py:190} INFO - [2025-02-13T04:36:47.009+0000] {dag.py:3239} INFO - Sync 1 DAGs
[2025-02-13T04:36:47.023+0000] {logging_mixin.py:190} INFO - [2025-02-13T04:36:47.023+0000] {dag.py:4180} INFO - Setting next_dagrun for example_display_name to None, run_after=None
[2025-02-13T04:36:47.044+0000] {processor.py:208} INFO - Processing /home/airflow/.local/lib/python3.12/site-packages/airflow/example_dags/example_display_name.py took 0.077 seconds
[2025-02-13T04:37:17.772+0000] {processor.py:186} INFO - Started process (PID=2897) to work on /home/airflow/.local/lib/python3.12/site-packages/airflow/example_dags/example_display_name.py
[2025-02-13T04:37:17.774+0000] {processor.py:914} INFO - Processing file /home/airflow/.local/lib/python3.12/site-packages/airflow/example_dags/example_display_name.py for tasks to queue
[2025-02-13T04:37:17.777+0000] {logging_mixin.py:190} INFO - [2025-02-13T04:37:17.776+0000] {dagbag.py:588} INFO - Filling up the DagBag from /home/airflow/.local/lib/python3.12/site-packages/airflow/example_dags/example_display_name.py
[2025-02-13T04:37:17.789+0000] {processor.py:925} INFO - DAG(s) 'example_display_name' retrieved from /home/airflow/.local/lib/python3.12/site-packages/airflow/example_dags/example_display_name.py
[2025-02-13T04:37:17.819+0000] {logging_mixin.py:190} INFO - [2025-02-13T04:37:17.818+0000] {dag.py:3239} INFO - Sync 1 DAGs
[2025-02-13T04:37:17.843+0000] {logging_mixin.py:190} INFO - [2025-02-13T04:37:17.843+0000] {dag.py:4180} INFO - Setting next_dagrun for example_display_name to None, run_after=None
[2025-02-13T04:37:17.872+0000] {processor.py:208} INFO - Processing /home/airflow/.local/lib/python3.12/site-packages/airflow/example_dags/example_display_name.py took 0.108 seconds
