[2025-02-13T04:15:32.775+0000] {processor.py:186} INFO - Started process (PID=107) to work on /home/airflow/.local/lib/python3.12/site-packages/airflow/example_dags/tutorial_taskflow_templates.py
[2025-02-13T04:15:32.775+0000] {processor.py:914} INFO - Processing file /home/airflow/.local/lib/python3.12/site-packages/airflow/example_dags/tutorial_taskflow_templates.py for tasks to queue
[2025-02-13T04:15:32.778+0000] {logging_mixin.py:190} INFO - [2025-02-13T04:15:32.777+0000] {dagbag.py:588} INFO - Filling up the DagBag from /home/airflow/.local/lib/python3.12/site-packages/airflow/example_dags/tutorial_taskflow_templates.py
[2025-02-13T04:15:32.795+0000] {processor.py:925} INFO - DAG(s) 'tutorial_taskflow_templates' retrieved from /home/airflow/.local/lib/python3.12/site-packages/airflow/example_dags/tutorial_taskflow_templates.py
[2025-02-13T04:15:32.826+0000] {logging_mixin.py:190} INFO - [2025-02-13T04:15:32.825+0000] {dag.py:3239} INFO - Sync 1 DAGs
[2025-02-13T04:15:32.854+0000] {logging_mixin.py:190} INFO - [2025-02-13T04:15:32.853+0000] {dag.py:4180} INFO - Setting next_dagrun for tutorial_taskflow_templates to 2025-02-12 00:00:00+00:00, run_after=2025-02-13 00:00:00+00:00
[2025-02-13T04:15:32.879+0000] {processor.py:208} INFO - Processing /home/airflow/.local/lib/python3.12/site-packages/airflow/example_dags/tutorial_taskflow_templates.py took 0.111 seconds
[2025-02-13T04:16:03.566+0000] {processor.py:186} INFO - Started process (PID=173) to work on /home/airflow/.local/lib/python3.12/site-packages/airflow/example_dags/tutorial_taskflow_templates.py
[2025-02-13T04:16:03.567+0000] {processor.py:914} INFO - Processing file /home/airflow/.local/lib/python3.12/site-packages/airflow/example_dags/tutorial_taskflow_templates.py for tasks to queue
[2025-02-13T04:16:03.569+0000] {logging_mixin.py:190} INFO - [2025-02-13T04:16:03.568+0000] {dagbag.py:588} INFO - Filling up the DagBag from /home/airflow/.local/lib/python3.12/site-packages/airflow/example_dags/tutorial_taskflow_templates.py
[2025-02-13T04:16:03.584+0000] {processor.py:925} INFO - DAG(s) 'tutorial_taskflow_templates' retrieved from /home/airflow/.local/lib/python3.12/site-packages/airflow/example_dags/tutorial_taskflow_templates.py
[2025-02-13T04:16:03.606+0000] {logging_mixin.py:190} INFO - [2025-02-13T04:16:03.606+0000] {dag.py:3239} INFO - Sync 1 DAGs
[2025-02-13T04:16:03.632+0000] {logging_mixin.py:190} INFO - [2025-02-13T04:16:03.632+0000] {dag.py:4180} INFO - Setting next_dagrun for tutorial_taskflow_templates to 2025-02-12 00:00:00+00:00, run_after=2025-02-13 00:00:00+00:00
[2025-02-13T04:16:03.649+0000] {processor.py:208} INFO - Processing /home/airflow/.local/lib/python3.12/site-packages/airflow/example_dags/tutorial_taskflow_templates.py took 0.090 seconds
[2025-02-13T04:16:34.422+0000] {processor.py:186} INFO - Started process (PID=239) to work on /home/airflow/.local/lib/python3.12/site-packages/airflow/example_dags/tutorial_taskflow_templates.py
[2025-02-13T04:16:34.423+0000] {processor.py:914} INFO - Processing file /home/airflow/.local/lib/python3.12/site-packages/airflow/example_dags/tutorial_taskflow_templates.py for tasks to queue
[2025-02-13T04:16:34.425+0000] {logging_mixin.py:190} INFO - [2025-02-13T04:16:34.425+0000] {dagbag.py:588} INFO - Filling up the DagBag from /home/airflow/.local/lib/python3.12/site-packages/airflow/example_dags/tutorial_taskflow_templates.py
[2025-02-13T04:16:34.438+0000] {processor.py:925} INFO - DAG(s) 'tutorial_taskflow_templates' retrieved from /home/airflow/.local/lib/python3.12/site-packages/airflow/example_dags/tutorial_taskflow_templates.py
[2025-02-13T04:16:34.456+0000] {logging_mixin.py:190} INFO - [2025-02-13T04:16:34.456+0000] {dag.py:3239} INFO - Sync 1 DAGs
[2025-02-13T04:16:34.481+0000] {logging_mixin.py:190} INFO - [2025-02-13T04:16:34.481+0000] {dag.py:4180} INFO - Setting next_dagrun for tutorial_taskflow_templates to 2025-02-12 00:00:00+00:00, run_after=2025-02-13 00:00:00+00:00
[2025-02-13T04:16:34.501+0000] {processor.py:208} INFO - Processing /home/airflow/.local/lib/python3.12/site-packages/airflow/example_dags/tutorial_taskflow_templates.py took 0.085 seconds
[2025-02-13T04:17:05.816+0000] {processor.py:186} INFO - Started process (PID=305) to work on /home/airflow/.local/lib/python3.12/site-packages/airflow/example_dags/tutorial_taskflow_templates.py
[2025-02-13T04:17:05.817+0000] {processor.py:914} INFO - Processing file /home/airflow/.local/lib/python3.12/site-packages/airflow/example_dags/tutorial_taskflow_templates.py for tasks to queue
[2025-02-13T04:17:05.820+0000] {logging_mixin.py:190} INFO - [2025-02-13T04:17:05.819+0000] {dagbag.py:588} INFO - Filling up the DagBag from /home/airflow/.local/lib/python3.12/site-packages/airflow/example_dags/tutorial_taskflow_templates.py
[2025-02-13T04:17:05.834+0000] {processor.py:925} INFO - DAG(s) 'tutorial_taskflow_templates' retrieved from /home/airflow/.local/lib/python3.12/site-packages/airflow/example_dags/tutorial_taskflow_templates.py
[2025-02-13T04:17:05.854+0000] {logging_mixin.py:190} INFO - [2025-02-13T04:17:05.854+0000] {dag.py:3239} INFO - Sync 1 DAGs
[2025-02-13T04:17:05.877+0000] {logging_mixin.py:190} INFO - [2025-02-13T04:17:05.877+0000] {dag.py:4180} INFO - Setting next_dagrun for tutorial_taskflow_templates to 2025-02-12 00:00:00+00:00, run_after=2025-02-13 00:00:00+00:00
[2025-02-13T04:17:05.893+0000] {processor.py:208} INFO - Processing /home/airflow/.local/lib/python3.12/site-packages/airflow/example_dags/tutorial_taskflow_templates.py took 0.083 seconds
[2025-02-13T04:17:37.165+0000] {processor.py:186} INFO - Started process (PID=371) to work on /home/airflow/.local/lib/python3.12/site-packages/airflow/example_dags/tutorial_taskflow_templates.py
[2025-02-13T04:17:37.166+0000] {processor.py:914} INFO - Processing file /home/airflow/.local/lib/python3.12/site-packages/airflow/example_dags/tutorial_taskflow_templates.py for tasks to queue
[2025-02-13T04:17:37.169+0000] {logging_mixin.py:190} INFO - [2025-02-13T04:17:37.168+0000] {dagbag.py:588} INFO - Filling up the DagBag from /home/airflow/.local/lib/python3.12/site-packages/airflow/example_dags/tutorial_taskflow_templates.py
[2025-02-13T04:17:37.184+0000] {processor.py:925} INFO - DAG(s) 'tutorial_taskflow_templates' retrieved from /home/airflow/.local/lib/python3.12/site-packages/airflow/example_dags/tutorial_taskflow_templates.py
[2025-02-13T04:17:37.208+0000] {logging_mixin.py:190} INFO - [2025-02-13T04:17:37.207+0000] {dag.py:3239} INFO - Sync 1 DAGs
[2025-02-13T04:17:37.233+0000] {logging_mixin.py:190} INFO - [2025-02-13T04:17:37.233+0000] {dag.py:4180} INFO - Setting next_dagrun for tutorial_taskflow_templates to 2025-02-12 00:00:00+00:00, run_after=2025-02-13 00:00:00+00:00
[2025-02-13T04:17:37.252+0000] {processor.py:208} INFO - Processing /home/airflow/.local/lib/python3.12/site-packages/airflow/example_dags/tutorial_taskflow_templates.py took 0.094 seconds
[2025-02-13T04:18:08.616+0000] {processor.py:186} INFO - Started process (PID=437) to work on /home/airflow/.local/lib/python3.12/site-packages/airflow/example_dags/tutorial_taskflow_templates.py
[2025-02-13T04:18:08.617+0000] {processor.py:914} INFO - Processing file /home/airflow/.local/lib/python3.12/site-packages/airflow/example_dags/tutorial_taskflow_templates.py for tasks to queue
[2025-02-13T04:18:08.619+0000] {logging_mixin.py:190} INFO - [2025-02-13T04:18:08.619+0000] {dagbag.py:588} INFO - Filling up the DagBag from /home/airflow/.local/lib/python3.12/site-packages/airflow/example_dags/tutorial_taskflow_templates.py
[2025-02-13T04:18:08.636+0000] {processor.py:925} INFO - DAG(s) 'tutorial_taskflow_templates' retrieved from /home/airflow/.local/lib/python3.12/site-packages/airflow/example_dags/tutorial_taskflow_templates.py
[2025-02-13T04:18:08.658+0000] {logging_mixin.py:190} INFO - [2025-02-13T04:18:08.658+0000] {dag.py:3239} INFO - Sync 1 DAGs
[2025-02-13T04:18:08.682+0000] {logging_mixin.py:190} INFO - [2025-02-13T04:18:08.682+0000] {dag.py:4180} INFO - Setting next_dagrun for tutorial_taskflow_templates to 2025-02-12 00:00:00+00:00, run_after=2025-02-13 00:00:00+00:00
[2025-02-13T04:18:08.704+0000] {processor.py:208} INFO - Processing /home/airflow/.local/lib/python3.12/site-packages/airflow/example_dags/tutorial_taskflow_templates.py took 0.094 seconds
[2025-02-13T04:18:39.732+0000] {processor.py:186} INFO - Started process (PID=503) to work on /home/airflow/.local/lib/python3.12/site-packages/airflow/example_dags/tutorial_taskflow_templates.py
[2025-02-13T04:18:39.733+0000] {processor.py:914} INFO - Processing file /home/airflow/.local/lib/python3.12/site-packages/airflow/example_dags/tutorial_taskflow_templates.py for tasks to queue
[2025-02-13T04:18:39.736+0000] {logging_mixin.py:190} INFO - [2025-02-13T04:18:39.735+0000] {dagbag.py:588} INFO - Filling up the DagBag from /home/airflow/.local/lib/python3.12/site-packages/airflow/example_dags/tutorial_taskflow_templates.py
[2025-02-13T04:18:39.750+0000] {processor.py:925} INFO - DAG(s) 'tutorial_taskflow_templates' retrieved from /home/airflow/.local/lib/python3.12/site-packages/airflow/example_dags/tutorial_taskflow_templates.py
[2025-02-13T04:18:39.771+0000] {logging_mixin.py:190} INFO - [2025-02-13T04:18:39.771+0000] {dag.py:3239} INFO - Sync 1 DAGs
[2025-02-13T04:18:39.797+0000] {logging_mixin.py:190} INFO - [2025-02-13T04:18:39.796+0000] {dag.py:4180} INFO - Setting next_dagrun for tutorial_taskflow_templates to 2025-02-12 00:00:00+00:00, run_after=2025-02-13 00:00:00+00:00
[2025-02-13T04:18:39.816+0000] {processor.py:208} INFO - Processing /home/airflow/.local/lib/python3.12/site-packages/airflow/example_dags/tutorial_taskflow_templates.py took 0.090 seconds
[2025-02-13T04:19:10.955+0000] {processor.py:186} INFO - Started process (PID=569) to work on /home/airflow/.local/lib/python3.12/site-packages/airflow/example_dags/tutorial_taskflow_templates.py
[2025-02-13T04:19:10.956+0000] {processor.py:914} INFO - Processing file /home/airflow/.local/lib/python3.12/site-packages/airflow/example_dags/tutorial_taskflow_templates.py for tasks to queue
[2025-02-13T04:19:10.958+0000] {logging_mixin.py:190} INFO - [2025-02-13T04:19:10.958+0000] {dagbag.py:588} INFO - Filling up the DagBag from /home/airflow/.local/lib/python3.12/site-packages/airflow/example_dags/tutorial_taskflow_templates.py
[2025-02-13T04:19:10.973+0000] {processor.py:925} INFO - DAG(s) 'tutorial_taskflow_templates' retrieved from /home/airflow/.local/lib/python3.12/site-packages/airflow/example_dags/tutorial_taskflow_templates.py
[2025-02-13T04:19:10.994+0000] {logging_mixin.py:190} INFO - [2025-02-13T04:19:10.993+0000] {dag.py:3239} INFO - Sync 1 DAGs
[2025-02-13T04:19:11.018+0000] {logging_mixin.py:190} INFO - [2025-02-13T04:19:11.017+0000] {dag.py:4180} INFO - Setting next_dagrun for tutorial_taskflow_templates to 2025-02-12 00:00:00+00:00, run_after=2025-02-13 00:00:00+00:00
[2025-02-13T04:19:11.036+0000] {processor.py:208} INFO - Processing /home/airflow/.local/lib/python3.12/site-packages/airflow/example_dags/tutorial_taskflow_templates.py took 0.088 seconds
[2025-02-13T04:19:42.333+0000] {processor.py:186} INFO - Started process (PID=635) to work on /home/airflow/.local/lib/python3.12/site-packages/airflow/example_dags/tutorial_taskflow_templates.py
[2025-02-13T04:19:42.334+0000] {processor.py:914} INFO - Processing file /home/airflow/.local/lib/python3.12/site-packages/airflow/example_dags/tutorial_taskflow_templates.py for tasks to queue
[2025-02-13T04:19:42.337+0000] {logging_mixin.py:190} INFO - [2025-02-13T04:19:42.336+0000] {dagbag.py:588} INFO - Filling up the DagBag from /home/airflow/.local/lib/python3.12/site-packages/airflow/example_dags/tutorial_taskflow_templates.py
[2025-02-13T04:19:42.349+0000] {processor.py:925} INFO - DAG(s) 'tutorial_taskflow_templates' retrieved from /home/airflow/.local/lib/python3.12/site-packages/airflow/example_dags/tutorial_taskflow_templates.py
[2025-02-13T04:19:42.376+0000] {logging_mixin.py:190} INFO - [2025-02-13T04:19:42.375+0000] {dag.py:3239} INFO - Sync 1 DAGs
[2025-02-13T04:19:42.402+0000] {logging_mixin.py:190} INFO - [2025-02-13T04:19:42.401+0000] {dag.py:4180} INFO - Setting next_dagrun for tutorial_taskflow_templates to 2025-02-12 00:00:00+00:00, run_after=2025-02-13 00:00:00+00:00
[2025-02-13T04:19:42.424+0000] {processor.py:208} INFO - Processing /home/airflow/.local/lib/python3.12/site-packages/airflow/example_dags/tutorial_taskflow_templates.py took 0.096 seconds
[2025-02-13T04:20:13.637+0000] {processor.py:186} INFO - Started process (PID=701) to work on /home/airflow/.local/lib/python3.12/site-packages/airflow/example_dags/tutorial_taskflow_templates.py
[2025-02-13T04:20:13.637+0000] {processor.py:914} INFO - Processing file /home/airflow/.local/lib/python3.12/site-packages/airflow/example_dags/tutorial_taskflow_templates.py for tasks to queue
[2025-02-13T04:20:13.640+0000] {logging_mixin.py:190} INFO - [2025-02-13T04:20:13.639+0000] {dagbag.py:588} INFO - Filling up the DagBag from /home/airflow/.local/lib/python3.12/site-packages/airflow/example_dags/tutorial_taskflow_templates.py
[2025-02-13T04:20:13.652+0000] {processor.py:925} INFO - DAG(s) 'tutorial_taskflow_templates' retrieved from /home/airflow/.local/lib/python3.12/site-packages/airflow/example_dags/tutorial_taskflow_templates.py
[2025-02-13T04:20:13.672+0000] {logging_mixin.py:190} INFO - [2025-02-13T04:20:13.672+0000] {dag.py:3239} INFO - Sync 1 DAGs
[2025-02-13T04:20:13.694+0000] {logging_mixin.py:190} INFO - [2025-02-13T04:20:13.694+0000] {dag.py:4180} INFO - Setting next_dagrun for tutorial_taskflow_templates to 2025-02-12 00:00:00+00:00, run_after=2025-02-13 00:00:00+00:00
[2025-02-13T04:20:13.713+0000] {processor.py:208} INFO - Processing /home/airflow/.local/lib/python3.12/site-packages/airflow/example_dags/tutorial_taskflow_templates.py took 0.083 seconds
[2025-02-13T04:20:44.497+0000] {processor.py:186} INFO - Started process (PID=767) to work on /home/airflow/.local/lib/python3.12/site-packages/airflow/example_dags/tutorial_taskflow_templates.py
[2025-02-13T04:20:44.498+0000] {processor.py:914} INFO - Processing file /home/airflow/.local/lib/python3.12/site-packages/airflow/example_dags/tutorial_taskflow_templates.py for tasks to queue
[2025-02-13T04:20:44.501+0000] {logging_mixin.py:190} INFO - [2025-02-13T04:20:44.500+0000] {dagbag.py:588} INFO - Filling up the DagBag from /home/airflow/.local/lib/python3.12/site-packages/airflow/example_dags/tutorial_taskflow_templates.py
[2025-02-13T04:20:44.519+0000] {processor.py:925} INFO - DAG(s) 'tutorial_taskflow_templates' retrieved from /home/airflow/.local/lib/python3.12/site-packages/airflow/example_dags/tutorial_taskflow_templates.py
[2025-02-13T04:20:44.544+0000] {logging_mixin.py:190} INFO - [2025-02-13T04:20:44.544+0000] {dag.py:3239} INFO - Sync 1 DAGs
[2025-02-13T04:20:44.570+0000] {logging_mixin.py:190} INFO - [2025-02-13T04:20:44.569+0000] {dag.py:4180} INFO - Setting next_dagrun for tutorial_taskflow_templates to 2025-02-12 00:00:00+00:00, run_after=2025-02-13 00:00:00+00:00
[2025-02-13T04:20:44.585+0000] {processor.py:208} INFO - Processing /home/airflow/.local/lib/python3.12/site-packages/airflow/example_dags/tutorial_taskflow_templates.py took 0.095 seconds
[2025-02-13T04:21:15.360+0000] {processor.py:186} INFO - Started process (PID=833) to work on /home/airflow/.local/lib/python3.12/site-packages/airflow/example_dags/tutorial_taskflow_templates.py
[2025-02-13T04:21:15.361+0000] {processor.py:914} INFO - Processing file /home/airflow/.local/lib/python3.12/site-packages/airflow/example_dags/tutorial_taskflow_templates.py for tasks to queue
[2025-02-13T04:21:15.364+0000] {logging_mixin.py:190} INFO - [2025-02-13T04:21:15.363+0000] {dagbag.py:588} INFO - Filling up the DagBag from /home/airflow/.local/lib/python3.12/site-packages/airflow/example_dags/tutorial_taskflow_templates.py
[2025-02-13T04:21:15.379+0000] {processor.py:925} INFO - DAG(s) 'tutorial_taskflow_templates' retrieved from /home/airflow/.local/lib/python3.12/site-packages/airflow/example_dags/tutorial_taskflow_templates.py
[2025-02-13T04:21:15.400+0000] {logging_mixin.py:190} INFO - [2025-02-13T04:21:15.399+0000] {dag.py:3239} INFO - Sync 1 DAGs
[2025-02-13T04:21:15.428+0000] {logging_mixin.py:190} INFO - [2025-02-13T04:21:15.428+0000] {dag.py:4180} INFO - Setting next_dagrun for tutorial_taskflow_templates to 2025-02-12 00:00:00+00:00, run_after=2025-02-13 00:00:00+00:00
[2025-02-13T04:21:15.449+0000] {processor.py:208} INFO - Processing /home/airflow/.local/lib/python3.12/site-packages/airflow/example_dags/tutorial_taskflow_templates.py took 0.097 seconds
[2025-02-13T04:21:46.541+0000] {processor.py:186} INFO - Started process (PID=899) to work on /home/airflow/.local/lib/python3.12/site-packages/airflow/example_dags/tutorial_taskflow_templates.py
[2025-02-13T04:21:46.542+0000] {processor.py:914} INFO - Processing file /home/airflow/.local/lib/python3.12/site-packages/airflow/example_dags/tutorial_taskflow_templates.py for tasks to queue
[2025-02-13T04:21:46.544+0000] {logging_mixin.py:190} INFO - [2025-02-13T04:21:46.544+0000] {dagbag.py:588} INFO - Filling up the DagBag from /home/airflow/.local/lib/python3.12/site-packages/airflow/example_dags/tutorial_taskflow_templates.py
[2025-02-13T04:21:46.558+0000] {processor.py:925} INFO - DAG(s) 'tutorial_taskflow_templates' retrieved from /home/airflow/.local/lib/python3.12/site-packages/airflow/example_dags/tutorial_taskflow_templates.py
[2025-02-13T04:21:46.578+0000] {logging_mixin.py:190} INFO - [2025-02-13T04:21:46.578+0000] {dag.py:3239} INFO - Sync 1 DAGs
[2025-02-13T04:21:46.601+0000] {logging_mixin.py:190} INFO - [2025-02-13T04:21:46.601+0000] {dag.py:4180} INFO - Setting next_dagrun for tutorial_taskflow_templates to 2025-02-12 00:00:00+00:00, run_after=2025-02-13 00:00:00+00:00
[2025-02-13T04:21:46.621+0000] {processor.py:208} INFO - Processing /home/airflow/.local/lib/python3.12/site-packages/airflow/example_dags/tutorial_taskflow_templates.py took 0.087 seconds
[2025-02-13T04:22:17.251+0000] {processor.py:186} INFO - Started process (PID=965) to work on /home/airflow/.local/lib/python3.12/site-packages/airflow/example_dags/tutorial_taskflow_templates.py
[2025-02-13T04:22:17.252+0000] {processor.py:914} INFO - Processing file /home/airflow/.local/lib/python3.12/site-packages/airflow/example_dags/tutorial_taskflow_templates.py for tasks to queue
[2025-02-13T04:22:17.254+0000] {logging_mixin.py:190} INFO - [2025-02-13T04:22:17.254+0000] {dagbag.py:588} INFO - Filling up the DagBag from /home/airflow/.local/lib/python3.12/site-packages/airflow/example_dags/tutorial_taskflow_templates.py
[2025-02-13T04:22:17.268+0000] {processor.py:925} INFO - DAG(s) 'tutorial_taskflow_templates' retrieved from /home/airflow/.local/lib/python3.12/site-packages/airflow/example_dags/tutorial_taskflow_templates.py
[2025-02-13T04:22:17.289+0000] {logging_mixin.py:190} INFO - [2025-02-13T04:22:17.288+0000] {dag.py:3239} INFO - Sync 1 DAGs
[2025-02-13T04:22:17.313+0000] {logging_mixin.py:190} INFO - [2025-02-13T04:22:17.313+0000] {dag.py:4180} INFO - Setting next_dagrun for tutorial_taskflow_templates to 2025-02-12 00:00:00+00:00, run_after=2025-02-13 00:00:00+00:00
[2025-02-13T04:22:17.334+0000] {processor.py:208} INFO - Processing /home/airflow/.local/lib/python3.12/site-packages/airflow/example_dags/tutorial_taskflow_templates.py took 0.089 seconds
[2025-02-13T04:22:48.171+0000] {processor.py:186} INFO - Started process (PID=1031) to work on /home/airflow/.local/lib/python3.12/site-packages/airflow/example_dags/tutorial_taskflow_templates.py
[2025-02-13T04:22:48.172+0000] {processor.py:914} INFO - Processing file /home/airflow/.local/lib/python3.12/site-packages/airflow/example_dags/tutorial_taskflow_templates.py for tasks to queue
[2025-02-13T04:22:48.174+0000] {logging_mixin.py:190} INFO - [2025-02-13T04:22:48.174+0000] {dagbag.py:588} INFO - Filling up the DagBag from /home/airflow/.local/lib/python3.12/site-packages/airflow/example_dags/tutorial_taskflow_templates.py
[2025-02-13T04:22:48.187+0000] {processor.py:925} INFO - DAG(s) 'tutorial_taskflow_templates' retrieved from /home/airflow/.local/lib/python3.12/site-packages/airflow/example_dags/tutorial_taskflow_templates.py
[2025-02-13T04:22:48.208+0000] {logging_mixin.py:190} INFO - [2025-02-13T04:22:48.208+0000] {dag.py:3239} INFO - Sync 1 DAGs
[2025-02-13T04:22:48.233+0000] {logging_mixin.py:190} INFO - [2025-02-13T04:22:48.233+0000] {dag.py:4180} INFO - Setting next_dagrun for tutorial_taskflow_templates to 2025-02-12 00:00:00+00:00, run_after=2025-02-13 00:00:00+00:00
[2025-02-13T04:22:48.254+0000] {processor.py:208} INFO - Processing /home/airflow/.local/lib/python3.12/site-packages/airflow/example_dags/tutorial_taskflow_templates.py took 0.089 seconds
[2025-02-13T04:23:19.112+0000] {processor.py:186} INFO - Started process (PID=1097) to work on /home/airflow/.local/lib/python3.12/site-packages/airflow/example_dags/tutorial_taskflow_templates.py
[2025-02-13T04:23:19.113+0000] {processor.py:914} INFO - Processing file /home/airflow/.local/lib/python3.12/site-packages/airflow/example_dags/tutorial_taskflow_templates.py for tasks to queue
[2025-02-13T04:23:19.115+0000] {logging_mixin.py:190} INFO - [2025-02-13T04:23:19.115+0000] {dagbag.py:588} INFO - Filling up the DagBag from /home/airflow/.local/lib/python3.12/site-packages/airflow/example_dags/tutorial_taskflow_templates.py
[2025-02-13T04:23:19.128+0000] {processor.py:925} INFO - DAG(s) 'tutorial_taskflow_templates' retrieved from /home/airflow/.local/lib/python3.12/site-packages/airflow/example_dags/tutorial_taskflow_templates.py
[2025-02-13T04:23:19.150+0000] {logging_mixin.py:190} INFO - [2025-02-13T04:23:19.150+0000] {dag.py:3239} INFO - Sync 1 DAGs
[2025-02-13T04:23:19.174+0000] {logging_mixin.py:190} INFO - [2025-02-13T04:23:19.173+0000] {dag.py:4180} INFO - Setting next_dagrun for tutorial_taskflow_templates to 2025-02-12 00:00:00+00:00, run_after=2025-02-13 00:00:00+00:00
[2025-02-13T04:23:19.190+0000] {processor.py:208} INFO - Processing /home/airflow/.local/lib/python3.12/site-packages/airflow/example_dags/tutorial_taskflow_templates.py took 0.085 seconds
[2025-02-13T04:23:50.476+0000] {processor.py:186} INFO - Started process (PID=1163) to work on /home/airflow/.local/lib/python3.12/site-packages/airflow/example_dags/tutorial_taskflow_templates.py
[2025-02-13T04:23:50.477+0000] {processor.py:914} INFO - Processing file /home/airflow/.local/lib/python3.12/site-packages/airflow/example_dags/tutorial_taskflow_templates.py for tasks to queue
[2025-02-13T04:23:50.479+0000] {logging_mixin.py:190} INFO - [2025-02-13T04:23:50.479+0000] {dagbag.py:588} INFO - Filling up the DagBag from /home/airflow/.local/lib/python3.12/site-packages/airflow/example_dags/tutorial_taskflow_templates.py
[2025-02-13T04:23:50.492+0000] {processor.py:925} INFO - DAG(s) 'tutorial_taskflow_templates' retrieved from /home/airflow/.local/lib/python3.12/site-packages/airflow/example_dags/tutorial_taskflow_templates.py
[2025-02-13T04:23:50.511+0000] {logging_mixin.py:190} INFO - [2025-02-13T04:23:50.511+0000] {dag.py:3239} INFO - Sync 1 DAGs
[2025-02-13T04:23:50.533+0000] {logging_mixin.py:190} INFO - [2025-02-13T04:23:50.533+0000] {dag.py:4180} INFO - Setting next_dagrun for tutorial_taskflow_templates to 2025-02-12 00:00:00+00:00, run_after=2025-02-13 00:00:00+00:00
[2025-02-13T04:23:50.550+0000] {processor.py:208} INFO - Processing /home/airflow/.local/lib/python3.12/site-packages/airflow/example_dags/tutorial_taskflow_templates.py took 0.079 seconds
[2025-02-13T04:24:21.643+0000] {processor.py:186} INFO - Started process (PID=1229) to work on /home/airflow/.local/lib/python3.12/site-packages/airflow/example_dags/tutorial_taskflow_templates.py
[2025-02-13T04:24:21.644+0000] {processor.py:914} INFO - Processing file /home/airflow/.local/lib/python3.12/site-packages/airflow/example_dags/tutorial_taskflow_templates.py for tasks to queue
[2025-02-13T04:24:21.646+0000] {logging_mixin.py:190} INFO - [2025-02-13T04:24:21.646+0000] {dagbag.py:588} INFO - Filling up the DagBag from /home/airflow/.local/lib/python3.12/site-packages/airflow/example_dags/tutorial_taskflow_templates.py
[2025-02-13T04:24:21.662+0000] {processor.py:925} INFO - DAG(s) 'tutorial_taskflow_templates' retrieved from /home/airflow/.local/lib/python3.12/site-packages/airflow/example_dags/tutorial_taskflow_templates.py
[2025-02-13T04:24:21.684+0000] {logging_mixin.py:190} INFO - [2025-02-13T04:24:21.684+0000] {dag.py:3239} INFO - Sync 1 DAGs
[2025-02-13T04:24:21.710+0000] {logging_mixin.py:190} INFO - [2025-02-13T04:24:21.709+0000] {dag.py:4180} INFO - Setting next_dagrun for tutorial_taskflow_templates to 2025-02-12 00:00:00+00:00, run_after=2025-02-13 00:00:00+00:00
[2025-02-13T04:24:21.728+0000] {processor.py:208} INFO - Processing /home/airflow/.local/lib/python3.12/site-packages/airflow/example_dags/tutorial_taskflow_templates.py took 0.093 seconds
[2025-02-13T04:24:53.114+0000] {processor.py:186} INFO - Started process (PID=1295) to work on /home/airflow/.local/lib/python3.12/site-packages/airflow/example_dags/tutorial_taskflow_templates.py
[2025-02-13T04:24:53.115+0000] {processor.py:914} INFO - Processing file /home/airflow/.local/lib/python3.12/site-packages/airflow/example_dags/tutorial_taskflow_templates.py for tasks to queue
[2025-02-13T04:24:53.118+0000] {logging_mixin.py:190} INFO - [2025-02-13T04:24:53.118+0000] {dagbag.py:588} INFO - Filling up the DagBag from /home/airflow/.local/lib/python3.12/site-packages/airflow/example_dags/tutorial_taskflow_templates.py
[2025-02-13T04:24:53.135+0000] {processor.py:925} INFO - DAG(s) 'tutorial_taskflow_templates' retrieved from /home/airflow/.local/lib/python3.12/site-packages/airflow/example_dags/tutorial_taskflow_templates.py
[2025-02-13T04:24:53.158+0000] {logging_mixin.py:190} INFO - [2025-02-13T04:24:53.158+0000] {dag.py:3239} INFO - Sync 1 DAGs
[2025-02-13T04:24:53.182+0000] {logging_mixin.py:190} INFO - [2025-02-13T04:24:53.181+0000] {dag.py:4180} INFO - Setting next_dagrun for tutorial_taskflow_templates to 2025-02-12 00:00:00+00:00, run_after=2025-02-13 00:00:00+00:00
[2025-02-13T04:24:53.197+0000] {processor.py:208} INFO - Processing /home/airflow/.local/lib/python3.12/site-packages/airflow/example_dags/tutorial_taskflow_templates.py took 0.090 seconds
[2025-02-13T04:25:24.318+0000] {processor.py:186} INFO - Started process (PID=1361) to work on /home/airflow/.local/lib/python3.12/site-packages/airflow/example_dags/tutorial_taskflow_templates.py
[2025-02-13T04:25:24.319+0000] {processor.py:914} INFO - Processing file /home/airflow/.local/lib/python3.12/site-packages/airflow/example_dags/tutorial_taskflow_templates.py for tasks to queue
[2025-02-13T04:25:24.321+0000] {logging_mixin.py:190} INFO - [2025-02-13T04:25:24.321+0000] {dagbag.py:588} INFO - Filling up the DagBag from /home/airflow/.local/lib/python3.12/site-packages/airflow/example_dags/tutorial_taskflow_templates.py
[2025-02-13T04:25:24.334+0000] {processor.py:925} INFO - DAG(s) 'tutorial_taskflow_templates' retrieved from /home/airflow/.local/lib/python3.12/site-packages/airflow/example_dags/tutorial_taskflow_templates.py
[2025-02-13T04:25:24.360+0000] {logging_mixin.py:190} INFO - [2025-02-13T04:25:24.359+0000] {dag.py:3239} INFO - Sync 1 DAGs
[2025-02-13T04:25:24.385+0000] {logging_mixin.py:190} INFO - [2025-02-13T04:25:24.385+0000] {dag.py:4180} INFO - Setting next_dagrun for tutorial_taskflow_templates to 2025-02-12 00:00:00+00:00, run_after=2025-02-13 00:00:00+00:00
[2025-02-13T04:25:24.405+0000] {processor.py:208} INFO - Processing /home/airflow/.local/lib/python3.12/site-packages/airflow/example_dags/tutorial_taskflow_templates.py took 0.093 seconds
[2025-02-13T04:25:55.928+0000] {processor.py:186} INFO - Started process (PID=1432) to work on /home/airflow/.local/lib/python3.12/site-packages/airflow/example_dags/tutorial_taskflow_templates.py
[2025-02-13T04:25:55.929+0000] {processor.py:914} INFO - Processing file /home/airflow/.local/lib/python3.12/site-packages/airflow/example_dags/tutorial_taskflow_templates.py for tasks to queue
[2025-02-13T04:25:55.931+0000] {logging_mixin.py:190} INFO - [2025-02-13T04:25:55.931+0000] {dagbag.py:588} INFO - Filling up the DagBag from /home/airflow/.local/lib/python3.12/site-packages/airflow/example_dags/tutorial_taskflow_templates.py
[2025-02-13T04:25:55.943+0000] {processor.py:925} INFO - DAG(s) 'tutorial_taskflow_templates' retrieved from /home/airflow/.local/lib/python3.12/site-packages/airflow/example_dags/tutorial_taskflow_templates.py
[2025-02-13T04:25:55.963+0000] {logging_mixin.py:190} INFO - [2025-02-13T04:25:55.962+0000] {dag.py:3239} INFO - Sync 1 DAGs
[2025-02-13T04:25:55.986+0000] {logging_mixin.py:190} INFO - [2025-02-13T04:25:55.985+0000] {dag.py:4180} INFO - Setting next_dagrun for tutorial_taskflow_templates to 2025-02-12 00:00:00+00:00, run_after=2025-02-13 00:00:00+00:00
[2025-02-13T04:25:56.004+0000] {processor.py:208} INFO - Processing /home/airflow/.local/lib/python3.12/site-packages/airflow/example_dags/tutorial_taskflow_templates.py took 0.081 seconds
[2025-02-13T04:26:26.667+0000] {processor.py:186} INFO - Started process (PID=1498) to work on /home/airflow/.local/lib/python3.12/site-packages/airflow/example_dags/tutorial_taskflow_templates.py
[2025-02-13T04:26:26.668+0000] {processor.py:914} INFO - Processing file /home/airflow/.local/lib/python3.12/site-packages/airflow/example_dags/tutorial_taskflow_templates.py for tasks to queue
[2025-02-13T04:26:26.671+0000] {logging_mixin.py:190} INFO - [2025-02-13T04:26:26.670+0000] {dagbag.py:588} INFO - Filling up the DagBag from /home/airflow/.local/lib/python3.12/site-packages/airflow/example_dags/tutorial_taskflow_templates.py
[2025-02-13T04:26:26.684+0000] {processor.py:925} INFO - DAG(s) 'tutorial_taskflow_templates' retrieved from /home/airflow/.local/lib/python3.12/site-packages/airflow/example_dags/tutorial_taskflow_templates.py
[2025-02-13T04:26:26.706+0000] {logging_mixin.py:190} INFO - [2025-02-13T04:26:26.705+0000] {dag.py:3239} INFO - Sync 1 DAGs
[2025-02-13T04:26:26.729+0000] {logging_mixin.py:190} INFO - [2025-02-13T04:26:26.729+0000] {dag.py:4180} INFO - Setting next_dagrun for tutorial_taskflow_templates to 2025-02-12 00:00:00+00:00, run_after=2025-02-13 00:00:00+00:00
[2025-02-13T04:26:26.745+0000] {processor.py:208} INFO - Processing /home/airflow/.local/lib/python3.12/site-packages/airflow/example_dags/tutorial_taskflow_templates.py took 0.084 seconds
[2025-02-13T04:26:57.509+0000] {processor.py:186} INFO - Started process (PID=1564) to work on /home/airflow/.local/lib/python3.12/site-packages/airflow/example_dags/tutorial_taskflow_templates.py
[2025-02-13T04:26:57.510+0000] {processor.py:914} INFO - Processing file /home/airflow/.local/lib/python3.12/site-packages/airflow/example_dags/tutorial_taskflow_templates.py for tasks to queue
[2025-02-13T04:26:57.512+0000] {logging_mixin.py:190} INFO - [2025-02-13T04:26:57.511+0000] {dagbag.py:588} INFO - Filling up the DagBag from /home/airflow/.local/lib/python3.12/site-packages/airflow/example_dags/tutorial_taskflow_templates.py
[2025-02-13T04:26:57.525+0000] {processor.py:925} INFO - DAG(s) 'tutorial_taskflow_templates' retrieved from /home/airflow/.local/lib/python3.12/site-packages/airflow/example_dags/tutorial_taskflow_templates.py
[2025-02-13T04:26:57.544+0000] {logging_mixin.py:190} INFO - [2025-02-13T04:26:57.543+0000] {dag.py:3239} INFO - Sync 1 DAGs
[2025-02-13T04:26:57.566+0000] {logging_mixin.py:190} INFO - [2025-02-13T04:26:57.565+0000] {dag.py:4180} INFO - Setting next_dagrun for tutorial_taskflow_templates to 2025-02-12 00:00:00+00:00, run_after=2025-02-13 00:00:00+00:00
[2025-02-13T04:26:57.583+0000] {processor.py:208} INFO - Processing /home/airflow/.local/lib/python3.12/site-packages/airflow/example_dags/tutorial_taskflow_templates.py took 0.080 seconds
[2025-02-13T04:27:28.259+0000] {processor.py:186} INFO - Started process (PID=1630) to work on /home/airflow/.local/lib/python3.12/site-packages/airflow/example_dags/tutorial_taskflow_templates.py
[2025-02-13T04:27:28.261+0000] {processor.py:914} INFO - Processing file /home/airflow/.local/lib/python3.12/site-packages/airflow/example_dags/tutorial_taskflow_templates.py for tasks to queue
[2025-02-13T04:27:28.263+0000] {logging_mixin.py:190} INFO - [2025-02-13T04:27:28.263+0000] {dagbag.py:588} INFO - Filling up the DagBag from /home/airflow/.local/lib/python3.12/site-packages/airflow/example_dags/tutorial_taskflow_templates.py
[2025-02-13T04:27:28.275+0000] {processor.py:925} INFO - DAG(s) 'tutorial_taskflow_templates' retrieved from /home/airflow/.local/lib/python3.12/site-packages/airflow/example_dags/tutorial_taskflow_templates.py
[2025-02-13T04:27:28.294+0000] {logging_mixin.py:190} INFO - [2025-02-13T04:27:28.294+0000] {dag.py:3239} INFO - Sync 1 DAGs
[2025-02-13T04:27:28.317+0000] {logging_mixin.py:190} INFO - [2025-02-13T04:27:28.317+0000] {dag.py:4180} INFO - Setting next_dagrun for tutorial_taskflow_templates to 2025-02-12 00:00:00+00:00, run_after=2025-02-13 00:00:00+00:00
[2025-02-13T04:27:28.334+0000] {processor.py:208} INFO - Processing /home/airflow/.local/lib/python3.12/site-packages/airflow/example_dags/tutorial_taskflow_templates.py took 0.080 seconds
[2025-02-13T04:27:59.243+0000] {processor.py:186} INFO - Started process (PID=1696) to work on /home/airflow/.local/lib/python3.12/site-packages/airflow/example_dags/tutorial_taskflow_templates.py
[2025-02-13T04:27:59.244+0000] {processor.py:914} INFO - Processing file /home/airflow/.local/lib/python3.12/site-packages/airflow/example_dags/tutorial_taskflow_templates.py for tasks to queue
[2025-02-13T04:27:59.246+0000] {logging_mixin.py:190} INFO - [2025-02-13T04:27:59.246+0000] {dagbag.py:588} INFO - Filling up the DagBag from /home/airflow/.local/lib/python3.12/site-packages/airflow/example_dags/tutorial_taskflow_templates.py
[2025-02-13T04:27:59.261+0000] {processor.py:925} INFO - DAG(s) 'tutorial_taskflow_templates' retrieved from /home/airflow/.local/lib/python3.12/site-packages/airflow/example_dags/tutorial_taskflow_templates.py
[2025-02-13T04:27:59.279+0000] {logging_mixin.py:190} INFO - [2025-02-13T04:27:59.279+0000] {dag.py:3239} INFO - Sync 1 DAGs
[2025-02-13T04:27:59.301+0000] {logging_mixin.py:190} INFO - [2025-02-13T04:27:59.301+0000] {dag.py:4180} INFO - Setting next_dagrun for tutorial_taskflow_templates to 2025-02-12 00:00:00+00:00, run_after=2025-02-13 00:00:00+00:00
[2025-02-13T04:27:59.321+0000] {processor.py:208} INFO - Processing /home/airflow/.local/lib/python3.12/site-packages/airflow/example_dags/tutorial_taskflow_templates.py took 0.085 seconds
[2025-02-13T04:28:30.044+0000] {processor.py:186} INFO - Started process (PID=1762) to work on /home/airflow/.local/lib/python3.12/site-packages/airflow/example_dags/tutorial_taskflow_templates.py
[2025-02-13T04:28:30.045+0000] {processor.py:914} INFO - Processing file /home/airflow/.local/lib/python3.12/site-packages/airflow/example_dags/tutorial_taskflow_templates.py for tasks to queue
[2025-02-13T04:28:30.048+0000] {logging_mixin.py:190} INFO - [2025-02-13T04:28:30.047+0000] {dagbag.py:588} INFO - Filling up the DagBag from /home/airflow/.local/lib/python3.12/site-packages/airflow/example_dags/tutorial_taskflow_templates.py
[2025-02-13T04:28:30.061+0000] {processor.py:925} INFO - DAG(s) 'tutorial_taskflow_templates' retrieved from /home/airflow/.local/lib/python3.12/site-packages/airflow/example_dags/tutorial_taskflow_templates.py
[2025-02-13T04:28:30.085+0000] {logging_mixin.py:190} INFO - [2025-02-13T04:28:30.085+0000] {dag.py:3239} INFO - Sync 1 DAGs
[2025-02-13T04:28:30.113+0000] {logging_mixin.py:190} INFO - [2025-02-13T04:28:30.113+0000] {dag.py:4180} INFO - Setting next_dagrun for tutorial_taskflow_templates to 2025-02-12 00:00:00+00:00, run_after=2025-02-13 00:00:00+00:00
[2025-02-13T04:28:30.138+0000] {processor.py:208} INFO - Processing /home/airflow/.local/lib/python3.12/site-packages/airflow/example_dags/tutorial_taskflow_templates.py took 0.101 seconds
[2025-02-13T04:29:01.195+0000] {processor.py:186} INFO - Started process (PID=1828) to work on /home/airflow/.local/lib/python3.12/site-packages/airflow/example_dags/tutorial_taskflow_templates.py
[2025-02-13T04:29:01.196+0000] {processor.py:914} INFO - Processing file /home/airflow/.local/lib/python3.12/site-packages/airflow/example_dags/tutorial_taskflow_templates.py for tasks to queue
[2025-02-13T04:29:01.198+0000] {logging_mixin.py:190} INFO - [2025-02-13T04:29:01.197+0000] {dagbag.py:588} INFO - Filling up the DagBag from /home/airflow/.local/lib/python3.12/site-packages/airflow/example_dags/tutorial_taskflow_templates.py
[2025-02-13T04:29:01.210+0000] {processor.py:925} INFO - DAG(s) 'tutorial_taskflow_templates' retrieved from /home/airflow/.local/lib/python3.12/site-packages/airflow/example_dags/tutorial_taskflow_templates.py
[2025-02-13T04:29:01.229+0000] {logging_mixin.py:190} INFO - [2025-02-13T04:29:01.229+0000] {dag.py:3239} INFO - Sync 1 DAGs
[2025-02-13T04:29:01.250+0000] {logging_mixin.py:190} INFO - [2025-02-13T04:29:01.250+0000] {dag.py:4180} INFO - Setting next_dagrun for tutorial_taskflow_templates to 2025-02-12 00:00:00+00:00, run_after=2025-02-13 00:00:00+00:00
[2025-02-13T04:29:01.268+0000] {processor.py:208} INFO - Processing /home/airflow/.local/lib/python3.12/site-packages/airflow/example_dags/tutorial_taskflow_templates.py took 0.078 seconds
[2025-02-13T04:29:32.719+0000] {processor.py:186} INFO - Started process (PID=1894) to work on /home/airflow/.local/lib/python3.12/site-packages/airflow/example_dags/tutorial_taskflow_templates.py
[2025-02-13T04:29:32.720+0000] {processor.py:914} INFO - Processing file /home/airflow/.local/lib/python3.12/site-packages/airflow/example_dags/tutorial_taskflow_templates.py for tasks to queue
[2025-02-13T04:29:32.722+0000] {logging_mixin.py:190} INFO - [2025-02-13T04:29:32.722+0000] {dagbag.py:588} INFO - Filling up the DagBag from /home/airflow/.local/lib/python3.12/site-packages/airflow/example_dags/tutorial_taskflow_templates.py
[2025-02-13T04:29:32.737+0000] {processor.py:925} INFO - DAG(s) 'tutorial_taskflow_templates' retrieved from /home/airflow/.local/lib/python3.12/site-packages/airflow/example_dags/tutorial_taskflow_templates.py
[2025-02-13T04:29:32.760+0000] {logging_mixin.py:190} INFO - [2025-02-13T04:29:32.760+0000] {dag.py:3239} INFO - Sync 1 DAGs
[2025-02-13T04:29:32.789+0000] {logging_mixin.py:190} INFO - [2025-02-13T04:29:32.789+0000] {dag.py:4180} INFO - Setting next_dagrun for tutorial_taskflow_templates to 2025-02-12 00:00:00+00:00, run_after=2025-02-13 00:00:00+00:00
[2025-02-13T04:29:32.810+0000] {processor.py:208} INFO - Processing /home/airflow/.local/lib/python3.12/site-packages/airflow/example_dags/tutorial_taskflow_templates.py took 0.098 seconds
[2025-02-13T04:30:04.084+0000] {processor.py:186} INFO - Started process (PID=1961) to work on /home/airflow/.local/lib/python3.12/site-packages/airflow/example_dags/tutorial_taskflow_templates.py
[2025-02-13T04:30:04.085+0000] {processor.py:914} INFO - Processing file /home/airflow/.local/lib/python3.12/site-packages/airflow/example_dags/tutorial_taskflow_templates.py for tasks to queue
[2025-02-13T04:30:04.087+0000] {logging_mixin.py:190} INFO - [2025-02-13T04:30:04.087+0000] {dagbag.py:588} INFO - Filling up the DagBag from /home/airflow/.local/lib/python3.12/site-packages/airflow/example_dags/tutorial_taskflow_templates.py
[2025-02-13T04:30:04.102+0000] {processor.py:925} INFO - DAG(s) 'tutorial_taskflow_templates' retrieved from /home/airflow/.local/lib/python3.12/site-packages/airflow/example_dags/tutorial_taskflow_templates.py
[2025-02-13T04:30:04.125+0000] {logging_mixin.py:190} INFO - [2025-02-13T04:30:04.125+0000] {dag.py:3239} INFO - Sync 1 DAGs
[2025-02-13T04:30:04.153+0000] {logging_mixin.py:190} INFO - [2025-02-13T04:30:04.153+0000] {dag.py:4180} INFO - Setting next_dagrun for tutorial_taskflow_templates to 2025-02-12 00:00:00+00:00, run_after=2025-02-13 00:00:00+00:00
[2025-02-13T04:30:04.177+0000] {processor.py:208} INFO - Processing /home/airflow/.local/lib/python3.12/site-packages/airflow/example_dags/tutorial_taskflow_templates.py took 0.100 seconds
[2025-02-13T04:30:35.075+0000] {processor.py:186} INFO - Started process (PID=2027) to work on /home/airflow/.local/lib/python3.12/site-packages/airflow/example_dags/tutorial_taskflow_templates.py
[2025-02-13T04:30:35.076+0000] {processor.py:914} INFO - Processing file /home/airflow/.local/lib/python3.12/site-packages/airflow/example_dags/tutorial_taskflow_templates.py for tasks to queue
[2025-02-13T04:30:35.079+0000] {logging_mixin.py:190} INFO - [2025-02-13T04:30:35.079+0000] {dagbag.py:588} INFO - Filling up the DagBag from /home/airflow/.local/lib/python3.12/site-packages/airflow/example_dags/tutorial_taskflow_templates.py
[2025-02-13T04:30:35.095+0000] {processor.py:925} INFO - DAG(s) 'tutorial_taskflow_templates' retrieved from /home/airflow/.local/lib/python3.12/site-packages/airflow/example_dags/tutorial_taskflow_templates.py
[2025-02-13T04:30:35.121+0000] {logging_mixin.py:190} INFO - [2025-02-13T04:30:35.121+0000] {dag.py:3239} INFO - Sync 1 DAGs
[2025-02-13T04:30:35.149+0000] {logging_mixin.py:190} INFO - [2025-02-13T04:30:35.148+0000] {dag.py:4180} INFO - Setting next_dagrun for tutorial_taskflow_templates to 2025-02-12 00:00:00+00:00, run_after=2025-02-13 00:00:00+00:00
[2025-02-13T04:30:35.165+0000] {processor.py:208} INFO - Processing /home/airflow/.local/lib/python3.12/site-packages/airflow/example_dags/tutorial_taskflow_templates.py took 0.097 seconds
[2025-02-13T04:31:05.747+0000] {processor.py:186} INFO - Started process (PID=2093) to work on /home/airflow/.local/lib/python3.12/site-packages/airflow/example_dags/tutorial_taskflow_templates.py
[2025-02-13T04:31:05.748+0000] {processor.py:914} INFO - Processing file /home/airflow/.local/lib/python3.12/site-packages/airflow/example_dags/tutorial_taskflow_templates.py for tasks to queue
[2025-02-13T04:31:05.750+0000] {logging_mixin.py:190} INFO - [2025-02-13T04:31:05.750+0000] {dagbag.py:588} INFO - Filling up the DagBag from /home/airflow/.local/lib/python3.12/site-packages/airflow/example_dags/tutorial_taskflow_templates.py
[2025-02-13T04:31:05.763+0000] {processor.py:925} INFO - DAG(s) 'tutorial_taskflow_templates' retrieved from /home/airflow/.local/lib/python3.12/site-packages/airflow/example_dags/tutorial_taskflow_templates.py
[2025-02-13T04:31:05.782+0000] {logging_mixin.py:190} INFO - [2025-02-13T04:31:05.782+0000] {dag.py:3239} INFO - Sync 1 DAGs
[2025-02-13T04:31:05.803+0000] {logging_mixin.py:190} INFO - [2025-02-13T04:31:05.803+0000] {dag.py:4180} INFO - Setting next_dagrun for tutorial_taskflow_templates to 2025-02-12 00:00:00+00:00, run_after=2025-02-13 00:00:00+00:00
[2025-02-13T04:31:05.820+0000] {processor.py:208} INFO - Processing /home/airflow/.local/lib/python3.12/site-packages/airflow/example_dags/tutorial_taskflow_templates.py took 0.081 seconds
[2025-02-13T04:31:37.456+0000] {processor.py:186} INFO - Started process (PID=2159) to work on /home/airflow/.local/lib/python3.12/site-packages/airflow/example_dags/tutorial_taskflow_templates.py
[2025-02-13T04:31:37.457+0000] {processor.py:914} INFO - Processing file /home/airflow/.local/lib/python3.12/site-packages/airflow/example_dags/tutorial_taskflow_templates.py for tasks to queue
[2025-02-13T04:31:37.460+0000] {logging_mixin.py:190} INFO - [2025-02-13T04:31:37.460+0000] {dagbag.py:588} INFO - Filling up the DagBag from /home/airflow/.local/lib/python3.12/site-packages/airflow/example_dags/tutorial_taskflow_templates.py
[2025-02-13T04:31:37.473+0000] {processor.py:925} INFO - DAG(s) 'tutorial_taskflow_templates' retrieved from /home/airflow/.local/lib/python3.12/site-packages/airflow/example_dags/tutorial_taskflow_templates.py
[2025-02-13T04:31:37.492+0000] {logging_mixin.py:190} INFO - [2025-02-13T04:31:37.491+0000] {dag.py:3239} INFO - Sync 1 DAGs
[2025-02-13T04:31:37.516+0000] {logging_mixin.py:190} INFO - [2025-02-13T04:31:37.516+0000] {dag.py:4180} INFO - Setting next_dagrun for tutorial_taskflow_templates to 2025-02-12 00:00:00+00:00, run_after=2025-02-13 00:00:00+00:00
[2025-02-13T04:31:37.534+0000] {processor.py:208} INFO - Processing /home/airflow/.local/lib/python3.12/site-packages/airflow/example_dags/tutorial_taskflow_templates.py took 0.084 seconds
[2025-02-13T04:32:09.310+0000] {processor.py:186} INFO - Started process (PID=2225) to work on /home/airflow/.local/lib/python3.12/site-packages/airflow/example_dags/tutorial_taskflow_templates.py
[2025-02-13T04:32:09.311+0000] {processor.py:914} INFO - Processing file /home/airflow/.local/lib/python3.12/site-packages/airflow/example_dags/tutorial_taskflow_templates.py for tasks to queue
[2025-02-13T04:32:09.313+0000] {logging_mixin.py:190} INFO - [2025-02-13T04:32:09.313+0000] {dagbag.py:588} INFO - Filling up the DagBag from /home/airflow/.local/lib/python3.12/site-packages/airflow/example_dags/tutorial_taskflow_templates.py
[2025-02-13T04:32:09.326+0000] {processor.py:925} INFO - DAG(s) 'tutorial_taskflow_templates' retrieved from /home/airflow/.local/lib/python3.12/site-packages/airflow/example_dags/tutorial_taskflow_templates.py
[2025-02-13T04:32:09.345+0000] {logging_mixin.py:190} INFO - [2025-02-13T04:32:09.345+0000] {dag.py:3239} INFO - Sync 1 DAGs
[2025-02-13T04:32:09.552+0000] {logging_mixin.py:190} INFO - [2025-02-13T04:32:09.552+0000] {dag.py:4180} INFO - Setting next_dagrun for tutorial_taskflow_templates to 2025-02-12 00:00:00+00:00, run_after=2025-02-13 00:00:00+00:00
[2025-02-13T04:32:09.568+0000] {processor.py:208} INFO - Processing /home/airflow/.local/lib/python3.12/site-packages/airflow/example_dags/tutorial_taskflow_templates.py took 0.263 seconds
[2025-02-13T04:32:39.918+0000] {processor.py:186} INFO - Started process (PID=2291) to work on /home/airflow/.local/lib/python3.12/site-packages/airflow/example_dags/tutorial_taskflow_templates.py
[2025-02-13T04:32:39.918+0000] {processor.py:914} INFO - Processing file /home/airflow/.local/lib/python3.12/site-packages/airflow/example_dags/tutorial_taskflow_templates.py for tasks to queue
[2025-02-13T04:32:39.920+0000] {logging_mixin.py:190} INFO - [2025-02-13T04:32:39.920+0000] {dagbag.py:588} INFO - Filling up the DagBag from /home/airflow/.local/lib/python3.12/site-packages/airflow/example_dags/tutorial_taskflow_templates.py
[2025-02-13T04:32:39.933+0000] {processor.py:925} INFO - DAG(s) 'tutorial_taskflow_templates' retrieved from /home/airflow/.local/lib/python3.12/site-packages/airflow/example_dags/tutorial_taskflow_templates.py
[2025-02-13T04:32:39.954+0000] {logging_mixin.py:190} INFO - [2025-02-13T04:32:39.954+0000] {dag.py:3239} INFO - Sync 1 DAGs
[2025-02-13T04:32:40.173+0000] {logging_mixin.py:190} INFO - [2025-02-13T04:32:40.172+0000] {dag.py:4180} INFO - Setting next_dagrun for tutorial_taskflow_templates to 2025-02-12 00:00:00+00:00, run_after=2025-02-13 00:00:00+00:00
[2025-02-13T04:32:40.189+0000] {processor.py:208} INFO - Processing /home/airflow/.local/lib/python3.12/site-packages/airflow/example_dags/tutorial_taskflow_templates.py took 0.278 seconds
[2025-02-13T04:33:11.110+0000] {processor.py:186} INFO - Started process (PID=2357) to work on /home/airflow/.local/lib/python3.12/site-packages/airflow/example_dags/tutorial_taskflow_templates.py
[2025-02-13T04:33:11.111+0000] {processor.py:914} INFO - Processing file /home/airflow/.local/lib/python3.12/site-packages/airflow/example_dags/tutorial_taskflow_templates.py for tasks to queue
[2025-02-13T04:33:11.113+0000] {logging_mixin.py:190} INFO - [2025-02-13T04:33:11.113+0000] {dagbag.py:588} INFO - Filling up the DagBag from /home/airflow/.local/lib/python3.12/site-packages/airflow/example_dags/tutorial_taskflow_templates.py
[2025-02-13T04:33:11.128+0000] {processor.py:925} INFO - DAG(s) 'tutorial_taskflow_templates' retrieved from /home/airflow/.local/lib/python3.12/site-packages/airflow/example_dags/tutorial_taskflow_templates.py
[2025-02-13T04:33:11.147+0000] {logging_mixin.py:190} INFO - [2025-02-13T04:33:11.147+0000] {dag.py:3239} INFO - Sync 1 DAGs
[2025-02-13T04:33:11.170+0000] {logging_mixin.py:190} INFO - [2025-02-13T04:33:11.170+0000] {dag.py:4180} INFO - Setting next_dagrun for tutorial_taskflow_templates to 2025-02-12 00:00:00+00:00, run_after=2025-02-13 00:00:00+00:00
[2025-02-13T04:33:11.186+0000] {processor.py:208} INFO - Processing /home/airflow/.local/lib/python3.12/site-packages/airflow/example_dags/tutorial_taskflow_templates.py took 0.082 seconds
[2025-02-13T04:33:41.537+0000] {processor.py:186} INFO - Started process (PID=2423) to work on /home/airflow/.local/lib/python3.12/site-packages/airflow/example_dags/tutorial_taskflow_templates.py
[2025-02-13T04:33:41.538+0000] {processor.py:914} INFO - Processing file /home/airflow/.local/lib/python3.12/site-packages/airflow/example_dags/tutorial_taskflow_templates.py for tasks to queue
[2025-02-13T04:33:41.540+0000] {logging_mixin.py:190} INFO - [2025-02-13T04:33:41.539+0000] {dagbag.py:588} INFO - Filling up the DagBag from /home/airflow/.local/lib/python3.12/site-packages/airflow/example_dags/tutorial_taskflow_templates.py
[2025-02-13T04:33:41.553+0000] {processor.py:925} INFO - DAG(s) 'tutorial_taskflow_templates' retrieved from /home/airflow/.local/lib/python3.12/site-packages/airflow/example_dags/tutorial_taskflow_templates.py
[2025-02-13T04:33:41.574+0000] {logging_mixin.py:190} INFO - [2025-02-13T04:33:41.574+0000] {dag.py:3239} INFO - Sync 1 DAGs
[2025-02-13T04:33:41.599+0000] {logging_mixin.py:190} INFO - [2025-02-13T04:33:41.599+0000] {dag.py:4180} INFO - Setting next_dagrun for tutorial_taskflow_templates to 2025-02-12 00:00:00+00:00, run_after=2025-02-13 00:00:00+00:00
[2025-02-13T04:33:41.614+0000] {processor.py:208} INFO - Processing /home/airflow/.local/lib/python3.12/site-packages/airflow/example_dags/tutorial_taskflow_templates.py took 0.083 seconds
[2025-02-13T04:34:11.912+0000] {processor.py:186} INFO - Started process (PID=2489) to work on /home/airflow/.local/lib/python3.12/site-packages/airflow/example_dags/tutorial_taskflow_templates.py
[2025-02-13T04:34:11.912+0000] {processor.py:914} INFO - Processing file /home/airflow/.local/lib/python3.12/site-packages/airflow/example_dags/tutorial_taskflow_templates.py for tasks to queue
[2025-02-13T04:34:11.914+0000] {logging_mixin.py:190} INFO - [2025-02-13T04:34:11.914+0000] {dagbag.py:588} INFO - Filling up the DagBag from /home/airflow/.local/lib/python3.12/site-packages/airflow/example_dags/tutorial_taskflow_templates.py
[2025-02-13T04:34:11.926+0000] {processor.py:925} INFO - DAG(s) 'tutorial_taskflow_templates' retrieved from /home/airflow/.local/lib/python3.12/site-packages/airflow/example_dags/tutorial_taskflow_templates.py
[2025-02-13T04:34:11.946+0000] {logging_mixin.py:190} INFO - [2025-02-13T04:34:11.945+0000] {dag.py:3239} INFO - Sync 1 DAGs
[2025-02-13T04:34:11.968+0000] {logging_mixin.py:190} INFO - [2025-02-13T04:34:11.967+0000] {dag.py:4180} INFO - Setting next_dagrun for tutorial_taskflow_templates to 2025-02-12 00:00:00+00:00, run_after=2025-02-13 00:00:00+00:00
[2025-02-13T04:34:11.985+0000] {processor.py:208} INFO - Processing /home/airflow/.local/lib/python3.12/site-packages/airflow/example_dags/tutorial_taskflow_templates.py took 0.079 seconds
[2025-02-13T04:34:43.096+0000] {processor.py:186} INFO - Started process (PID=2555) to work on /home/airflow/.local/lib/python3.12/site-packages/airflow/example_dags/tutorial_taskflow_templates.py
[2025-02-13T04:34:43.097+0000] {processor.py:914} INFO - Processing file /home/airflow/.local/lib/python3.12/site-packages/airflow/example_dags/tutorial_taskflow_templates.py for tasks to queue
[2025-02-13T04:34:43.100+0000] {logging_mixin.py:190} INFO - [2025-02-13T04:34:43.100+0000] {dagbag.py:588} INFO - Filling up the DagBag from /home/airflow/.local/lib/python3.12/site-packages/airflow/example_dags/tutorial_taskflow_templates.py
[2025-02-13T04:34:43.115+0000] {processor.py:925} INFO - DAG(s) 'tutorial_taskflow_templates' retrieved from /home/airflow/.local/lib/python3.12/site-packages/airflow/example_dags/tutorial_taskflow_templates.py
[2025-02-13T04:34:43.135+0000] {logging_mixin.py:190} INFO - [2025-02-13T04:34:43.135+0000] {dag.py:3239} INFO - Sync 1 DAGs
[2025-02-13T04:34:43.159+0000] {logging_mixin.py:190} INFO - [2025-02-13T04:34:43.159+0000] {dag.py:4180} INFO - Setting next_dagrun for tutorial_taskflow_templates to 2025-02-12 00:00:00+00:00, run_after=2025-02-13 00:00:00+00:00
[2025-02-13T04:34:43.177+0000] {processor.py:208} INFO - Processing /home/airflow/.local/lib/python3.12/site-packages/airflow/example_dags/tutorial_taskflow_templates.py took 0.087 seconds
[2025-02-13T04:35:14.350+0000] {processor.py:186} INFO - Started process (PID=2621) to work on /home/airflow/.local/lib/python3.12/site-packages/airflow/example_dags/tutorial_taskflow_templates.py
[2025-02-13T04:35:14.350+0000] {processor.py:914} INFO - Processing file /home/airflow/.local/lib/python3.12/site-packages/airflow/example_dags/tutorial_taskflow_templates.py for tasks to queue
[2025-02-13T04:35:14.353+0000] {logging_mixin.py:190} INFO - [2025-02-13T04:35:14.352+0000] {dagbag.py:588} INFO - Filling up the DagBag from /home/airflow/.local/lib/python3.12/site-packages/airflow/example_dags/tutorial_taskflow_templates.py
[2025-02-13T04:35:14.369+0000] {processor.py:925} INFO - DAG(s) 'tutorial_taskflow_templates' retrieved from /home/airflow/.local/lib/python3.12/site-packages/airflow/example_dags/tutorial_taskflow_templates.py
[2025-02-13T04:35:14.400+0000] {logging_mixin.py:190} INFO - [2025-02-13T04:35:14.400+0000] {dag.py:3239} INFO - Sync 1 DAGs
[2025-02-13T04:35:14.426+0000] {logging_mixin.py:190} INFO - [2025-02-13T04:35:14.426+0000] {dag.py:4180} INFO - Setting next_dagrun for tutorial_taskflow_templates to 2025-02-12 00:00:00+00:00, run_after=2025-02-13 00:00:00+00:00
[2025-02-13T04:35:14.445+0000] {processor.py:208} INFO - Processing /home/airflow/.local/lib/python3.12/site-packages/airflow/example_dags/tutorial_taskflow_templates.py took 0.102 seconds
[2025-02-13T04:35:44.895+0000] {processor.py:186} INFO - Started process (PID=2687) to work on /home/airflow/.local/lib/python3.12/site-packages/airflow/example_dags/tutorial_taskflow_templates.py
[2025-02-13T04:35:44.896+0000] {processor.py:914} INFO - Processing file /home/airflow/.local/lib/python3.12/site-packages/airflow/example_dags/tutorial_taskflow_templates.py for tasks to queue
[2025-02-13T04:35:44.898+0000] {logging_mixin.py:190} INFO - [2025-02-13T04:35:44.898+0000] {dagbag.py:588} INFO - Filling up the DagBag from /home/airflow/.local/lib/python3.12/site-packages/airflow/example_dags/tutorial_taskflow_templates.py
[2025-02-13T04:35:44.911+0000] {processor.py:925} INFO - DAG(s) 'tutorial_taskflow_templates' retrieved from /home/airflow/.local/lib/python3.12/site-packages/airflow/example_dags/tutorial_taskflow_templates.py
[2025-02-13T04:35:44.933+0000] {logging_mixin.py:190} INFO - [2025-02-13T04:35:44.933+0000] {dag.py:3239} INFO - Sync 1 DAGs
[2025-02-13T04:35:44.956+0000] {logging_mixin.py:190} INFO - [2025-02-13T04:35:44.956+0000] {dag.py:4180} INFO - Setting next_dagrun for tutorial_taskflow_templates to 2025-02-12 00:00:00+00:00, run_after=2025-02-13 00:00:00+00:00
[2025-02-13T04:35:44.974+0000] {processor.py:208} INFO - Processing /home/airflow/.local/lib/python3.12/site-packages/airflow/example_dags/tutorial_taskflow_templates.py took 0.085 seconds
[2025-02-13T04:36:15.471+0000] {processor.py:186} INFO - Started process (PID=2753) to work on /home/airflow/.local/lib/python3.12/site-packages/airflow/example_dags/tutorial_taskflow_templates.py
[2025-02-13T04:36:15.472+0000] {processor.py:914} INFO - Processing file /home/airflow/.local/lib/python3.12/site-packages/airflow/example_dags/tutorial_taskflow_templates.py for tasks to queue
[2025-02-13T04:36:15.475+0000] {logging_mixin.py:190} INFO - [2025-02-13T04:36:15.474+0000] {dagbag.py:588} INFO - Filling up the DagBag from /home/airflow/.local/lib/python3.12/site-packages/airflow/example_dags/tutorial_taskflow_templates.py
[2025-02-13T04:36:15.492+0000] {processor.py:925} INFO - DAG(s) 'tutorial_taskflow_templates' retrieved from /home/airflow/.local/lib/python3.12/site-packages/airflow/example_dags/tutorial_taskflow_templates.py
[2025-02-13T04:36:15.520+0000] {logging_mixin.py:190} INFO - [2025-02-13T04:36:15.520+0000] {dag.py:3239} INFO - Sync 1 DAGs
[2025-02-13T04:36:15.548+0000] {logging_mixin.py:190} INFO - [2025-02-13T04:36:15.548+0000] {dag.py:4180} INFO - Setting next_dagrun for tutorial_taskflow_templates to 2025-02-12 00:00:00+00:00, run_after=2025-02-13 00:00:00+00:00
[2025-02-13T04:36:15.569+0000] {processor.py:208} INFO - Processing /home/airflow/.local/lib/python3.12/site-packages/airflow/example_dags/tutorial_taskflow_templates.py took 0.107 seconds
[2025-02-13T04:36:46.089+0000] {processor.py:186} INFO - Started process (PID=2819) to work on /home/airflow/.local/lib/python3.12/site-packages/airflow/example_dags/tutorial_taskflow_templates.py
[2025-02-13T04:36:46.090+0000] {processor.py:914} INFO - Processing file /home/airflow/.local/lib/python3.12/site-packages/airflow/example_dags/tutorial_taskflow_templates.py for tasks to queue
[2025-02-13T04:36:46.093+0000] {logging_mixin.py:190} INFO - [2025-02-13T04:36:46.093+0000] {dagbag.py:588} INFO - Filling up the DagBag from /home/airflow/.local/lib/python3.12/site-packages/airflow/example_dags/tutorial_taskflow_templates.py
[2025-02-13T04:36:46.109+0000] {processor.py:925} INFO - DAG(s) 'tutorial_taskflow_templates' retrieved from /home/airflow/.local/lib/python3.12/site-packages/airflow/example_dags/tutorial_taskflow_templates.py
[2025-02-13T04:36:46.132+0000] {logging_mixin.py:190} INFO - [2025-02-13T04:36:46.132+0000] {dag.py:3239} INFO - Sync 1 DAGs
[2025-02-13T04:36:46.165+0000] {logging_mixin.py:190} INFO - [2025-02-13T04:36:46.164+0000] {dag.py:4180} INFO - Setting next_dagrun for tutorial_taskflow_templates to 2025-02-12 00:00:00+00:00, run_after=2025-02-13 00:00:00+00:00
[2025-02-13T04:36:46.190+0000] {processor.py:208} INFO - Processing /home/airflow/.local/lib/python3.12/site-packages/airflow/example_dags/tutorial_taskflow_templates.py took 0.107 seconds
[2025-02-13T04:37:16.552+0000] {processor.py:186} INFO - Started process (PID=2885) to work on /home/airflow/.local/lib/python3.12/site-packages/airflow/example_dags/tutorial_taskflow_templates.py
[2025-02-13T04:37:16.553+0000] {processor.py:914} INFO - Processing file /home/airflow/.local/lib/python3.12/site-packages/airflow/example_dags/tutorial_taskflow_templates.py for tasks to queue
[2025-02-13T04:37:16.555+0000] {logging_mixin.py:190} INFO - [2025-02-13T04:37:16.555+0000] {dagbag.py:588} INFO - Filling up the DagBag from /home/airflow/.local/lib/python3.12/site-packages/airflow/example_dags/tutorial_taskflow_templates.py
[2025-02-13T04:37:16.569+0000] {processor.py:925} INFO - DAG(s) 'tutorial_taskflow_templates' retrieved from /home/airflow/.local/lib/python3.12/site-packages/airflow/example_dags/tutorial_taskflow_templates.py
[2025-02-13T04:37:16.592+0000] {logging_mixin.py:190} INFO - [2025-02-13T04:37:16.592+0000] {dag.py:3239} INFO - Sync 1 DAGs
[2025-02-13T04:37:16.620+0000] {logging_mixin.py:190} INFO - [2025-02-13T04:37:16.620+0000] {dag.py:4180} INFO - Setting next_dagrun for tutorial_taskflow_templates to 2025-02-12 00:00:00+00:00, run_after=2025-02-13 00:00:00+00:00
[2025-02-13T04:37:16.640+0000] {processor.py:208} INFO - Processing /home/airflow/.local/lib/python3.12/site-packages/airflow/example_dags/tutorial_taskflow_templates.py took 0.094 seconds
