[2025-02-19T10:11:41.942+0000] {processor.py:186} INFO - Started process (PID=76) to work on /opt/airflow/dags/sample_dag.py
[2025-02-19T10:11:41.943+0000] {processor.py:914} INFO - Processing file /opt/airflow/dags/sample_dag.py for tasks to queue
[2025-02-19T10:11:41.946+0000] {logging_mixin.py:190} INFO - [2025-02-19T10:11:41.946+0000] {dagbag.py:588} INFO - Filling up the DagBag from /opt/airflow/dags/sample_dag.py
[2025-02-19T10:11:41.957+0000] {processor.py:925} INFO - DAG(s) 'simple_dag' retrieved from /opt/airflow/dags/sample_dag.py
[2025-02-19T10:11:41.992+0000] {logging_mixin.py:190} INFO - [2025-02-19T10:11:41.992+0000] {dag.py:3239} INFO - Sync 1 DAGs
[2025-02-19T10:11:42.016+0000] {logging_mixin.py:190} INFO - [2025-02-19T10:11:42.016+0000] {dag.py:4180} INFO - Setting next_dagrun for simple_dag to None, run_after=None
[2025-02-19T10:11:42.043+0000] {processor.py:208} INFO - Processing /opt/airflow/dags/sample_dag.py took 0.109 seconds
[2025-02-19T10:12:12.122+0000] {processor.py:186} INFO - Started process (PID=142) to work on /opt/airflow/dags/sample_dag.py
[2025-02-19T10:12:12.123+0000] {processor.py:914} INFO - Processing file /opt/airflow/dags/sample_dag.py for tasks to queue
[2025-02-19T10:12:12.126+0000] {logging_mixin.py:190} INFO - [2025-02-19T10:12:12.126+0000] {dagbag.py:588} INFO - Filling up the DagBag from /opt/airflow/dags/sample_dag.py
[2025-02-19T10:12:12.135+0000] {processor.py:925} INFO - DAG(s) 'simple_dag' retrieved from /opt/airflow/dags/sample_dag.py
[2025-02-19T10:12:12.157+0000] {logging_mixin.py:190} INFO - [2025-02-19T10:12:12.157+0000] {dag.py:3239} INFO - Sync 1 DAGs
[2025-02-19T10:12:12.173+0000] {logging_mixin.py:190} INFO - [2025-02-19T10:12:12.173+0000] {dag.py:4180} INFO - Setting next_dagrun for simple_dag to None, run_after=None
[2025-02-19T10:12:12.197+0000] {processor.py:208} INFO - Processing /opt/airflow/dags/sample_dag.py took 0.084 seconds
[2025-02-19T10:12:42.884+0000] {processor.py:186} INFO - Started process (PID=208) to work on /opt/airflow/dags/sample_dag.py
[2025-02-19T10:12:42.885+0000] {processor.py:914} INFO - Processing file /opt/airflow/dags/sample_dag.py for tasks to queue
[2025-02-19T10:12:42.888+0000] {logging_mixin.py:190} INFO - [2025-02-19T10:12:42.887+0000] {dagbag.py:588} INFO - Filling up the DagBag from /opt/airflow/dags/sample_dag.py
[2025-02-19T10:12:42.895+0000] {processor.py:925} INFO - DAG(s) 'simple_dag' retrieved from /opt/airflow/dags/sample_dag.py
[2025-02-19T10:12:42.916+0000] {logging_mixin.py:190} INFO - [2025-02-19T10:12:42.916+0000] {dag.py:3239} INFO - Sync 1 DAGs
[2025-02-19T10:12:42.929+0000] {logging_mixin.py:190} INFO - [2025-02-19T10:12:42.929+0000] {dag.py:4180} INFO - Setting next_dagrun for simple_dag to None, run_after=None
[2025-02-19T10:12:42.947+0000] {processor.py:208} INFO - Processing /opt/airflow/dags/sample_dag.py took 0.069 seconds
[2025-02-19T10:13:13.506+0000] {processor.py:186} INFO - Started process (PID=281) to work on /opt/airflow/dags/sample_dag.py
[2025-02-19T10:13:13.507+0000] {processor.py:914} INFO - Processing file /opt/airflow/dags/sample_dag.py for tasks to queue
[2025-02-19T10:13:13.510+0000] {logging_mixin.py:190} INFO - [2025-02-19T10:13:13.510+0000] {dagbag.py:588} INFO - Filling up the DagBag from /opt/airflow/dags/sample_dag.py
[2025-02-19T10:13:13.519+0000] {processor.py:925} INFO - DAG(s) 'simple_dag' retrieved from /opt/airflow/dags/sample_dag.py
[2025-02-19T10:13:13.544+0000] {logging_mixin.py:190} INFO - [2025-02-19T10:13:13.543+0000] {dag.py:3239} INFO - Sync 1 DAGs
[2025-02-19T10:13:13.560+0000] {logging_mixin.py:190} INFO - [2025-02-19T10:13:13.560+0000] {dag.py:4180} INFO - Setting next_dagrun for simple_dag to None, run_after=None
[2025-02-19T10:13:13.579+0000] {processor.py:208} INFO - Processing /opt/airflow/dags/sample_dag.py took 0.079 seconds
[2025-02-19T10:13:43.785+0000] {processor.py:186} INFO - Started process (PID=348) to work on /opt/airflow/dags/sample_dag.py
[2025-02-19T10:13:43.786+0000] {processor.py:914} INFO - Processing file /opt/airflow/dags/sample_dag.py for tasks to queue
[2025-02-19T10:13:43.789+0000] {logging_mixin.py:190} INFO - [2025-02-19T10:13:43.789+0000] {dagbag.py:588} INFO - Filling up the DagBag from /opt/airflow/dags/sample_dag.py
[2025-02-19T10:13:43.803+0000] {processor.py:925} INFO - DAG(s) 'simple_dag' retrieved from /opt/airflow/dags/sample_dag.py
[2025-02-19T10:13:43.836+0000] {logging_mixin.py:190} INFO - [2025-02-19T10:13:43.835+0000] {dag.py:3239} INFO - Sync 1 DAGs
[2025-02-19T10:13:43.863+0000] {logging_mixin.py:190} INFO - [2025-02-19T10:13:43.863+0000] {dag.py:4180} INFO - Setting next_dagrun for simple_dag to None, run_after=None
[2025-02-19T10:13:43.891+0000] {processor.py:208} INFO - Processing /opt/airflow/dags/sample_dag.py took 0.115 seconds
[2025-02-19T10:15:01.399+0000] {processor.py:186} INFO - Started process (PID=66) to work on /opt/airflow/dags/sample_dag.py
[2025-02-19T10:15:01.400+0000] {processor.py:914} INFO - Processing file /opt/airflow/dags/sample_dag.py for tasks to queue
[2025-02-19T10:15:01.403+0000] {logging_mixin.py:190} INFO - [2025-02-19T10:15:01.402+0000] {dagbag.py:588} INFO - Filling up the DagBag from /opt/airflow/dags/sample_dag.py
[2025-02-19T10:15:01.419+0000] {processor.py:925} INFO - DAG(s) 'simple_dag' retrieved from /opt/airflow/dags/sample_dag.py
[2025-02-19T10:15:01.447+0000] {logging_mixin.py:190} INFO - [2025-02-19T10:15:01.447+0000] {dag.py:3239} INFO - Sync 1 DAGs
[2025-02-19T10:15:01.470+0000] {logging_mixin.py:190} INFO - [2025-02-19T10:15:01.470+0000] {dag.py:4180} INFO - Setting next_dagrun for simple_dag to None, run_after=None
[2025-02-19T10:15:01.499+0000] {processor.py:208} INFO - Processing /opt/airflow/dags/sample_dag.py took 0.108 seconds
[2025-02-19T10:15:32.436+0000] {processor.py:186} INFO - Started process (PID=133) to work on /opt/airflow/dags/sample_dag.py
[2025-02-19T10:15:32.436+0000] {processor.py:914} INFO - Processing file /opt/airflow/dags/sample_dag.py for tasks to queue
[2025-02-19T10:15:32.439+0000] {logging_mixin.py:190} INFO - [2025-02-19T10:15:32.438+0000] {dagbag.py:588} INFO - Filling up the DagBag from /opt/airflow/dags/sample_dag.py
[2025-02-19T10:15:32.445+0000] {processor.py:925} INFO - DAG(s) 'simple_dag' retrieved from /opt/airflow/dags/sample_dag.py
[2025-02-19T10:15:32.462+0000] {logging_mixin.py:190} INFO - [2025-02-19T10:15:32.462+0000] {dag.py:3239} INFO - Sync 1 DAGs
[2025-02-19T10:15:32.477+0000] {logging_mixin.py:190} INFO - [2025-02-19T10:15:32.477+0000] {dag.py:4180} INFO - Setting next_dagrun for simple_dag to None, run_after=None
[2025-02-19T10:15:32.499+0000] {processor.py:208} INFO - Processing /opt/airflow/dags/sample_dag.py took 0.069 seconds
[2025-02-19T10:16:03.354+0000] {processor.py:186} INFO - Started process (PID=200) to work on /opt/airflow/dags/sample_dag.py
[2025-02-19T10:16:03.355+0000] {processor.py:914} INFO - Processing file /opt/airflow/dags/sample_dag.py for tasks to queue
[2025-02-19T10:16:03.358+0000] {logging_mixin.py:190} INFO - [2025-02-19T10:16:03.358+0000] {dagbag.py:588} INFO - Filling up the DagBag from /opt/airflow/dags/sample_dag.py
[2025-02-19T10:16:03.366+0000] {processor.py:925} INFO - DAG(s) 'simple_dag' retrieved from /opt/airflow/dags/sample_dag.py
[2025-02-19T10:16:03.385+0000] {logging_mixin.py:190} INFO - [2025-02-19T10:16:03.385+0000] {dag.py:3239} INFO - Sync 1 DAGs
[2025-02-19T10:16:03.398+0000] {logging_mixin.py:190} INFO - [2025-02-19T10:16:03.398+0000] {dag.py:4180} INFO - Setting next_dagrun for simple_dag to None, run_after=None
[2025-02-19T10:16:03.417+0000] {processor.py:208} INFO - Processing /opt/airflow/dags/sample_dag.py took 0.069 seconds
[2025-02-19T10:16:33.549+0000] {processor.py:186} INFO - Started process (PID=266) to work on /opt/airflow/dags/sample_dag.py
[2025-02-19T10:16:33.550+0000] {processor.py:914} INFO - Processing file /opt/airflow/dags/sample_dag.py for tasks to queue
[2025-02-19T10:16:33.552+0000] {logging_mixin.py:190} INFO - [2025-02-19T10:16:33.552+0000] {dagbag.py:588} INFO - Filling up the DagBag from /opt/airflow/dags/sample_dag.py
[2025-02-19T10:16:33.558+0000] {processor.py:925} INFO - DAG(s) 'simple_dag' retrieved from /opt/airflow/dags/sample_dag.py
[2025-02-19T10:16:33.575+0000] {logging_mixin.py:190} INFO - [2025-02-19T10:16:33.575+0000] {dag.py:3239} INFO - Sync 1 DAGs
[2025-02-19T10:16:33.589+0000] {logging_mixin.py:190} INFO - [2025-02-19T10:16:33.588+0000] {dag.py:4180} INFO - Setting next_dagrun for simple_dag to None, run_after=None
[2025-02-19T10:16:33.605+0000] {processor.py:208} INFO - Processing /opt/airflow/dags/sample_dag.py took 0.062 seconds
[2025-02-19T10:17:04.326+0000] {processor.py:186} INFO - Started process (PID=333) to work on /opt/airflow/dags/sample_dag.py
[2025-02-19T10:17:04.327+0000] {processor.py:914} INFO - Processing file /opt/airflow/dags/sample_dag.py for tasks to queue
[2025-02-19T10:17:04.330+0000] {logging_mixin.py:190} INFO - [2025-02-19T10:17:04.330+0000] {dagbag.py:588} INFO - Filling up the DagBag from /opt/airflow/dags/sample_dag.py
[2025-02-19T10:17:04.336+0000] {processor.py:925} INFO - DAG(s) 'simple_dag' retrieved from /opt/airflow/dags/sample_dag.py
[2025-02-19T10:17:04.356+0000] {logging_mixin.py:190} INFO - [2025-02-19T10:17:04.356+0000] {dag.py:3239} INFO - Sync 1 DAGs
[2025-02-19T10:17:04.371+0000] {logging_mixin.py:190} INFO - [2025-02-19T10:17:04.371+0000] {dag.py:4180} INFO - Setting next_dagrun for simple_dag to None, run_after=None
[2025-02-19T10:17:04.390+0000] {processor.py:208} INFO - Processing /opt/airflow/dags/sample_dag.py took 0.069 seconds
[2025-02-19T10:17:34.455+0000] {processor.py:186} INFO - Started process (PID=400) to work on /opt/airflow/dags/sample_dag.py
[2025-02-19T10:17:34.456+0000] {processor.py:914} INFO - Processing file /opt/airflow/dags/sample_dag.py for tasks to queue
[2025-02-19T10:17:34.458+0000] {logging_mixin.py:190} INFO - [2025-02-19T10:17:34.458+0000] {dagbag.py:588} INFO - Filling up the DagBag from /opt/airflow/dags/sample_dag.py
[2025-02-19T10:17:34.466+0000] {processor.py:925} INFO - DAG(s) 'simple_dag' retrieved from /opt/airflow/dags/sample_dag.py
[2025-02-19T10:17:34.492+0000] {logging_mixin.py:190} INFO - [2025-02-19T10:17:34.492+0000] {dag.py:3239} INFO - Sync 1 DAGs
[2025-02-19T10:17:34.506+0000] {logging_mixin.py:190} INFO - [2025-02-19T10:17:34.506+0000] {dag.py:4180} INFO - Setting next_dagrun for simple_dag to None, run_after=None
[2025-02-19T10:17:34.521+0000] {processor.py:208} INFO - Processing /opt/airflow/dags/sample_dag.py took 0.071 seconds
[2025-02-19T10:18:04.863+0000] {processor.py:186} INFO - Started process (PID=473) to work on /opt/airflow/dags/sample_dag.py
[2025-02-19T10:18:04.864+0000] {processor.py:914} INFO - Processing file /opt/airflow/dags/sample_dag.py for tasks to queue
[2025-02-19T10:18:04.866+0000] {logging_mixin.py:190} INFO - [2025-02-19T10:18:04.866+0000] {dagbag.py:588} INFO - Filling up the DagBag from /opt/airflow/dags/sample_dag.py
[2025-02-19T10:18:04.872+0000] {processor.py:925} INFO - DAG(s) 'simple_dag' retrieved from /opt/airflow/dags/sample_dag.py
[2025-02-19T10:18:04.891+0000] {logging_mixin.py:190} INFO - [2025-02-19T10:18:04.891+0000] {dag.py:3239} INFO - Sync 1 DAGs
[2025-02-19T10:18:04.904+0000] {logging_mixin.py:190} INFO - [2025-02-19T10:18:04.904+0000] {dag.py:4180} INFO - Setting next_dagrun for simple_dag to None, run_after=None
[2025-02-19T10:18:04.919+0000] {processor.py:208} INFO - Processing /opt/airflow/dags/sample_dag.py took 0.062 seconds
[2025-02-19T10:18:35.385+0000] {processor.py:186} INFO - Started process (PID=540) to work on /opt/airflow/dags/sample_dag.py
[2025-02-19T10:18:35.386+0000] {processor.py:914} INFO - Processing file /opt/airflow/dags/sample_dag.py for tasks to queue
[2025-02-19T10:18:35.388+0000] {logging_mixin.py:190} INFO - [2025-02-19T10:18:35.387+0000] {dagbag.py:588} INFO - Filling up the DagBag from /opt/airflow/dags/sample_dag.py
[2025-02-19T10:18:35.395+0000] {processor.py:925} INFO - DAG(s) 'simple_dag' retrieved from /opt/airflow/dags/sample_dag.py
[2025-02-19T10:18:35.412+0000] {logging_mixin.py:190} INFO - [2025-02-19T10:18:35.412+0000] {dag.py:3239} INFO - Sync 1 DAGs
[2025-02-19T10:18:35.424+0000] {logging_mixin.py:190} INFO - [2025-02-19T10:18:35.424+0000] {dag.py:4180} INFO - Setting next_dagrun for simple_dag to None, run_after=None
[2025-02-19T10:18:35.442+0000] {processor.py:208} INFO - Processing /opt/airflow/dags/sample_dag.py took 0.062 seconds
[2025-02-19T10:19:05.778+0000] {processor.py:186} INFO - Started process (PID=607) to work on /opt/airflow/dags/sample_dag.py
[2025-02-19T10:19:05.780+0000] {processor.py:914} INFO - Processing file /opt/airflow/dags/sample_dag.py for tasks to queue
[2025-02-19T10:19:05.782+0000] {logging_mixin.py:190} INFO - [2025-02-19T10:19:05.782+0000] {dagbag.py:588} INFO - Filling up the DagBag from /opt/airflow/dags/sample_dag.py
[2025-02-19T10:19:05.790+0000] {processor.py:925} INFO - DAG(s) 'simple_dag' retrieved from /opt/airflow/dags/sample_dag.py
[2025-02-19T10:19:05.822+0000] {logging_mixin.py:190} INFO - [2025-02-19T10:19:05.821+0000] {dag.py:3239} INFO - Sync 1 DAGs
[2025-02-19T10:19:05.842+0000] {logging_mixin.py:190} INFO - [2025-02-19T10:19:05.842+0000] {dag.py:4180} INFO - Setting next_dagrun for simple_dag to None, run_after=None
[2025-02-19T10:19:05.868+0000] {processor.py:208} INFO - Processing /opt/airflow/dags/sample_dag.py took 0.096 seconds
[2025-02-19T10:19:36.025+0000] {processor.py:186} INFO - Started process (PID=674) to work on /opt/airflow/dags/sample_dag.py
[2025-02-19T10:19:36.026+0000] {processor.py:914} INFO - Processing file /opt/airflow/dags/sample_dag.py for tasks to queue
[2025-02-19T10:19:36.029+0000] {logging_mixin.py:190} INFO - [2025-02-19T10:19:36.029+0000] {dagbag.py:588} INFO - Filling up the DagBag from /opt/airflow/dags/sample_dag.py
[2025-02-19T10:19:36.040+0000] {processor.py:925} INFO - DAG(s) 'simple_dag' retrieved from /opt/airflow/dags/sample_dag.py
[2025-02-19T10:19:36.060+0000] {logging_mixin.py:190} INFO - [2025-02-19T10:19:36.060+0000] {dag.py:3239} INFO - Sync 1 DAGs
[2025-02-19T10:19:36.075+0000] {logging_mixin.py:190} INFO - [2025-02-19T10:19:36.074+0000] {dag.py:4180} INFO - Setting next_dagrun for simple_dag to None, run_after=None
[2025-02-19T10:19:36.092+0000] {processor.py:208} INFO - Processing /opt/airflow/dags/sample_dag.py took 0.072 seconds
[2025-02-19T10:20:06.230+0000] {processor.py:186} INFO - Started process (PID=741) to work on /opt/airflow/dags/sample_dag.py
[2025-02-19T10:20:06.231+0000] {processor.py:914} INFO - Processing file /opt/airflow/dags/sample_dag.py for tasks to queue
[2025-02-19T10:20:06.235+0000] {logging_mixin.py:190} INFO - [2025-02-19T10:20:06.234+0000] {dagbag.py:588} INFO - Filling up the DagBag from /opt/airflow/dags/sample_dag.py
[2025-02-19T10:20:06.242+0000] {processor.py:925} INFO - DAG(s) 'simple_dag' retrieved from /opt/airflow/dags/sample_dag.py
[2025-02-19T10:20:06.272+0000] {logging_mixin.py:190} INFO - [2025-02-19T10:20:06.272+0000] {dag.py:3239} INFO - Sync 1 DAGs
[2025-02-19T10:20:06.289+0000] {logging_mixin.py:190} INFO - [2025-02-19T10:20:06.289+0000] {dag.py:4180} INFO - Setting next_dagrun for simple_dag to None, run_after=None
[2025-02-19T10:20:06.311+0000] {processor.py:208} INFO - Processing /opt/airflow/dags/sample_dag.py took 0.088 seconds
[2025-02-19T10:20:36.444+0000] {processor.py:186} INFO - Started process (PID=808) to work on /opt/airflow/dags/sample_dag.py
[2025-02-19T10:20:36.445+0000] {processor.py:914} INFO - Processing file /opt/airflow/dags/sample_dag.py for tasks to queue
[2025-02-19T10:20:36.448+0000] {logging_mixin.py:190} INFO - [2025-02-19T10:20:36.447+0000] {dagbag.py:588} INFO - Filling up the DagBag from /opt/airflow/dags/sample_dag.py
[2025-02-19T10:20:36.454+0000] {processor.py:925} INFO - DAG(s) 'simple_dag' retrieved from /opt/airflow/dags/sample_dag.py
[2025-02-19T10:20:36.472+0000] {logging_mixin.py:190} INFO - [2025-02-19T10:20:36.472+0000] {dag.py:3239} INFO - Sync 1 DAGs
[2025-02-19T10:20:36.485+0000] {logging_mixin.py:190} INFO - [2025-02-19T10:20:36.485+0000] {dag.py:4180} INFO - Setting next_dagrun for simple_dag to None, run_after=None
[2025-02-19T10:20:36.501+0000] {processor.py:208} INFO - Processing /opt/airflow/dags/sample_dag.py took 0.062 seconds
[2025-02-19T10:21:06.968+0000] {processor.py:186} INFO - Started process (PID=874) to work on /opt/airflow/dags/sample_dag.py
[2025-02-19T10:21:06.969+0000] {processor.py:914} INFO - Processing file /opt/airflow/dags/sample_dag.py for tasks to queue
[2025-02-19T10:21:06.971+0000] {logging_mixin.py:190} INFO - [2025-02-19T10:21:06.971+0000] {dagbag.py:588} INFO - Filling up the DagBag from /opt/airflow/dags/sample_dag.py
[2025-02-19T10:21:06.977+0000] {processor.py:925} INFO - DAG(s) 'simple_dag' retrieved from /opt/airflow/dags/sample_dag.py
[2025-02-19T10:21:06.998+0000] {logging_mixin.py:190} INFO - [2025-02-19T10:21:06.998+0000] {dag.py:3239} INFO - Sync 1 DAGs
[2025-02-19T10:21:07.014+0000] {logging_mixin.py:190} INFO - [2025-02-19T10:21:07.014+0000] {dag.py:4180} INFO - Setting next_dagrun for simple_dag to None, run_after=None
[2025-02-19T10:21:07.034+0000] {processor.py:208} INFO - Processing /opt/airflow/dags/sample_dag.py took 0.071 seconds
[2025-02-19T10:21:37.861+0000] {processor.py:186} INFO - Started process (PID=941) to work on /opt/airflow/dags/sample_dag.py
[2025-02-19T10:21:37.862+0000] {processor.py:914} INFO - Processing file /opt/airflow/dags/sample_dag.py for tasks to queue
[2025-02-19T10:21:37.866+0000] {logging_mixin.py:190} INFO - [2025-02-19T10:21:37.865+0000] {dagbag.py:588} INFO - Filling up the DagBag from /opt/airflow/dags/sample_dag.py
[2025-02-19T10:21:37.873+0000] {processor.py:925} INFO - DAG(s) 'simple_dag' retrieved from /opt/airflow/dags/sample_dag.py
[2025-02-19T10:21:37.897+0000] {logging_mixin.py:190} INFO - [2025-02-19T10:21:37.897+0000] {dag.py:3239} INFO - Sync 1 DAGs
[2025-02-19T10:21:37.912+0000] {logging_mixin.py:190} INFO - [2025-02-19T10:21:37.911+0000] {dag.py:4180} INFO - Setting next_dagrun for simple_dag to None, run_after=None
[2025-02-19T10:21:37.933+0000] {processor.py:208} INFO - Processing /opt/airflow/dags/sample_dag.py took 0.079 seconds
[2025-02-19T10:22:08.132+0000] {processor.py:186} INFO - Started process (PID=1008) to work on /opt/airflow/dags/sample_dag.py
[2025-02-19T10:22:08.134+0000] {processor.py:914} INFO - Processing file /opt/airflow/dags/sample_dag.py for tasks to queue
[2025-02-19T10:22:08.136+0000] {logging_mixin.py:190} INFO - [2025-02-19T10:22:08.136+0000] {dagbag.py:588} INFO - Filling up the DagBag from /opt/airflow/dags/sample_dag.py
[2025-02-19T10:22:08.145+0000] {processor.py:925} INFO - DAG(s) 'simple_dag' retrieved from /opt/airflow/dags/sample_dag.py
[2025-02-19T10:22:08.166+0000] {logging_mixin.py:190} INFO - [2025-02-19T10:22:08.165+0000] {dag.py:3239} INFO - Sync 1 DAGs
[2025-02-19T10:22:08.179+0000] {logging_mixin.py:190} INFO - [2025-02-19T10:22:08.179+0000] {dag.py:4180} INFO - Setting next_dagrun for simple_dag to None, run_after=None
[2025-02-19T10:22:08.201+0000] {processor.py:208} INFO - Processing /opt/airflow/dags/sample_dag.py took 0.077 seconds
[2025-02-19T10:22:38.549+0000] {processor.py:186} INFO - Started process (PID=1074) to work on /opt/airflow/dags/sample_dag.py
[2025-02-19T10:22:38.550+0000] {processor.py:914} INFO - Processing file /opt/airflow/dags/sample_dag.py for tasks to queue
[2025-02-19T10:22:38.552+0000] {logging_mixin.py:190} INFO - [2025-02-19T10:22:38.552+0000] {dagbag.py:588} INFO - Filling up the DagBag from /opt/airflow/dags/sample_dag.py
[2025-02-19T10:22:38.560+0000] {processor.py:925} INFO - DAG(s) 'simple_dag' retrieved from /opt/airflow/dags/sample_dag.py
[2025-02-19T10:22:38.584+0000] {logging_mixin.py:190} INFO - [2025-02-19T10:22:38.583+0000] {dag.py:3239} INFO - Sync 1 DAGs
[2025-02-19T10:22:38.598+0000] {logging_mixin.py:190} INFO - [2025-02-19T10:22:38.598+0000] {dag.py:4180} INFO - Setting next_dagrun for simple_dag to None, run_after=None
[2025-02-19T10:22:38.618+0000] {processor.py:208} INFO - Processing /opt/airflow/dags/sample_dag.py took 0.076 seconds
[2025-02-19T10:23:08.690+0000] {processor.py:186} INFO - Started process (PID=1141) to work on /opt/airflow/dags/sample_dag.py
[2025-02-19T10:23:08.691+0000] {processor.py:914} INFO - Processing file /opt/airflow/dags/sample_dag.py for tasks to queue
[2025-02-19T10:23:08.692+0000] {logging_mixin.py:190} INFO - [2025-02-19T10:23:08.692+0000] {dagbag.py:588} INFO - Filling up the DagBag from /opt/airflow/dags/sample_dag.py
[2025-02-19T10:23:08.700+0000] {processor.py:925} INFO - DAG(s) 'simple_dag' retrieved from /opt/airflow/dags/sample_dag.py
[2025-02-19T10:23:08.718+0000] {logging_mixin.py:190} INFO - [2025-02-19T10:23:08.718+0000] {dag.py:3239} INFO - Sync 1 DAGs
[2025-02-19T10:23:08.730+0000] {logging_mixin.py:190} INFO - [2025-02-19T10:23:08.730+0000] {dag.py:4180} INFO - Setting next_dagrun for simple_dag to None, run_after=None
[2025-02-19T10:23:08.744+0000] {processor.py:208} INFO - Processing /opt/airflow/dags/sample_dag.py took 0.060 seconds
[2025-02-19T10:23:38.883+0000] {processor.py:186} INFO - Started process (PID=1208) to work on /opt/airflow/dags/sample_dag.py
[2025-02-19T10:23:38.884+0000] {processor.py:914} INFO - Processing file /opt/airflow/dags/sample_dag.py for tasks to queue
[2025-02-19T10:23:38.886+0000] {logging_mixin.py:190} INFO - [2025-02-19T10:23:38.885+0000] {dagbag.py:588} INFO - Filling up the DagBag from /opt/airflow/dags/sample_dag.py
[2025-02-19T10:23:38.892+0000] {processor.py:925} INFO - DAG(s) 'simple_dag' retrieved from /opt/airflow/dags/sample_dag.py
[2025-02-19T10:23:38.910+0000] {logging_mixin.py:190} INFO - [2025-02-19T10:23:38.910+0000] {dag.py:3239} INFO - Sync 1 DAGs
[2025-02-19T10:23:38.923+0000] {logging_mixin.py:190} INFO - [2025-02-19T10:23:38.922+0000] {dag.py:4180} INFO - Setting next_dagrun for simple_dag to None, run_after=None
[2025-02-19T10:23:38.940+0000] {processor.py:208} INFO - Processing /opt/airflow/dags/sample_dag.py took 0.063 seconds
[2025-02-19T10:24:09.119+0000] {processor.py:186} INFO - Started process (PID=1275) to work on /opt/airflow/dags/sample_dag.py
[2025-02-19T10:24:09.120+0000] {processor.py:914} INFO - Processing file /opt/airflow/dags/sample_dag.py for tasks to queue
[2025-02-19T10:24:09.122+0000] {logging_mixin.py:190} INFO - [2025-02-19T10:24:09.122+0000] {dagbag.py:588} INFO - Filling up the DagBag from /opt/airflow/dags/sample_dag.py
[2025-02-19T10:24:09.128+0000] {processor.py:925} INFO - DAG(s) 'simple_dag' retrieved from /opt/airflow/dags/sample_dag.py
[2025-02-19T10:24:09.149+0000] {logging_mixin.py:190} INFO - [2025-02-19T10:24:09.149+0000] {dag.py:3239} INFO - Sync 1 DAGs
[2025-02-19T10:24:09.162+0000] {logging_mixin.py:190} INFO - [2025-02-19T10:24:09.162+0000] {dag.py:4180} INFO - Setting next_dagrun for simple_dag to None, run_after=None
[2025-02-19T10:24:09.181+0000] {processor.py:208} INFO - Processing /opt/airflow/dags/sample_dag.py took 0.068 seconds
[2025-02-19T10:24:39.743+0000] {processor.py:186} INFO - Started process (PID=1342) to work on /opt/airflow/dags/sample_dag.py
[2025-02-19T10:24:39.743+0000] {processor.py:914} INFO - Processing file /opt/airflow/dags/sample_dag.py for tasks to queue
[2025-02-19T10:24:39.745+0000] {logging_mixin.py:190} INFO - [2025-02-19T10:24:39.745+0000] {dagbag.py:588} INFO - Filling up the DagBag from /opt/airflow/dags/sample_dag.py
[2025-02-19T10:24:39.751+0000] {processor.py:925} INFO - DAG(s) 'simple_dag' retrieved from /opt/airflow/dags/sample_dag.py
[2025-02-19T10:24:39.768+0000] {logging_mixin.py:190} INFO - [2025-02-19T10:24:39.768+0000] {dag.py:3239} INFO - Sync 1 DAGs
[2025-02-19T10:24:39.781+0000] {logging_mixin.py:190} INFO - [2025-02-19T10:24:39.780+0000] {dag.py:4180} INFO - Setting next_dagrun for simple_dag to None, run_after=None
[2025-02-19T10:24:39.799+0000] {processor.py:208} INFO - Processing /opt/airflow/dags/sample_dag.py took 0.061 seconds
[2025-02-19T10:25:09.877+0000] {processor.py:186} INFO - Started process (PID=1408) to work on /opt/airflow/dags/sample_dag.py
[2025-02-19T10:25:09.878+0000] {processor.py:914} INFO - Processing file /opt/airflow/dags/sample_dag.py for tasks to queue
[2025-02-19T10:25:09.880+0000] {logging_mixin.py:190} INFO - [2025-02-19T10:25:09.880+0000] {dagbag.py:588} INFO - Filling up the DagBag from /opt/airflow/dags/sample_dag.py
[2025-02-19T10:25:09.886+0000] {processor.py:925} INFO - DAG(s) 'simple_dag' retrieved from /opt/airflow/dags/sample_dag.py
[2025-02-19T10:25:09.904+0000] {logging_mixin.py:190} INFO - [2025-02-19T10:25:09.904+0000] {dag.py:3239} INFO - Sync 1 DAGs
[2025-02-19T10:25:09.917+0000] {logging_mixin.py:190} INFO - [2025-02-19T10:25:09.916+0000] {dag.py:4180} INFO - Setting next_dagrun for simple_dag to None, run_after=None
[2025-02-19T10:25:09.933+0000] {processor.py:208} INFO - Processing /opt/airflow/dags/sample_dag.py took 0.062 seconds
[2025-02-19T10:25:40.691+0000] {processor.py:186} INFO - Started process (PID=1475) to work on /opt/airflow/dags/sample_dag.py
[2025-02-19T10:25:40.692+0000] {processor.py:914} INFO - Processing file /opt/airflow/dags/sample_dag.py for tasks to queue
[2025-02-19T10:25:40.694+0000] {logging_mixin.py:190} INFO - [2025-02-19T10:25:40.694+0000] {dagbag.py:588} INFO - Filling up the DagBag from /opt/airflow/dags/sample_dag.py
[2025-02-19T10:25:40.701+0000] {processor.py:925} INFO - DAG(s) 'simple_dag' retrieved from /opt/airflow/dags/sample_dag.py
[2025-02-19T10:25:40.721+0000] {logging_mixin.py:190} INFO - [2025-02-19T10:25:40.721+0000] {dag.py:3239} INFO - Sync 1 DAGs
[2025-02-19T10:25:40.733+0000] {logging_mixin.py:190} INFO - [2025-02-19T10:25:40.733+0000] {dag.py:4180} INFO - Setting next_dagrun for simple_dag to None, run_after=None
[2025-02-19T10:25:40.752+0000] {processor.py:208} INFO - Processing /opt/airflow/dags/sample_dag.py took 0.067 seconds
[2025-02-19T10:26:11.437+0000] {processor.py:186} INFO - Started process (PID=1542) to work on /opt/airflow/dags/sample_dag.py
[2025-02-19T10:26:11.439+0000] {processor.py:914} INFO - Processing file /opt/airflow/dags/sample_dag.py for tasks to queue
[2025-02-19T10:26:11.443+0000] {logging_mixin.py:190} INFO - [2025-02-19T10:26:11.442+0000] {dagbag.py:588} INFO - Filling up the DagBag from /opt/airflow/dags/sample_dag.py
[2025-02-19T10:26:11.452+0000] {processor.py:925} INFO - DAG(s) 'simple_dag' retrieved from /opt/airflow/dags/sample_dag.py
[2025-02-19T10:26:11.480+0000] {logging_mixin.py:190} INFO - [2025-02-19T10:26:11.480+0000] {dag.py:3239} INFO - Sync 1 DAGs
[2025-02-19T10:26:11.498+0000] {logging_mixin.py:190} INFO - [2025-02-19T10:26:11.497+0000] {dag.py:4180} INFO - Setting next_dagrun for simple_dag to None, run_after=None
[2025-02-19T10:26:11.522+0000] {processor.py:208} INFO - Processing /opt/airflow/dags/sample_dag.py took 0.096 seconds
[2025-02-19T10:26:41.683+0000] {processor.py:186} INFO - Started process (PID=1609) to work on /opt/airflow/dags/sample_dag.py
[2025-02-19T10:26:41.684+0000] {processor.py:914} INFO - Processing file /opt/airflow/dags/sample_dag.py for tasks to queue
[2025-02-19T10:26:41.687+0000] {logging_mixin.py:190} INFO - [2025-02-19T10:26:41.687+0000] {dagbag.py:588} INFO - Filling up the DagBag from /opt/airflow/dags/sample_dag.py
[2025-02-19T10:26:41.694+0000] {processor.py:925} INFO - DAG(s) 'simple_dag' retrieved from /opt/airflow/dags/sample_dag.py
[2025-02-19T10:26:41.714+0000] {logging_mixin.py:190} INFO - [2025-02-19T10:26:41.714+0000] {dag.py:3239} INFO - Sync 1 DAGs
[2025-02-19T10:26:41.726+0000] {logging_mixin.py:190} INFO - [2025-02-19T10:26:41.726+0000] {dag.py:4180} INFO - Setting next_dagrun for simple_dag to None, run_after=None
[2025-02-19T10:26:41.744+0000] {processor.py:208} INFO - Processing /opt/airflow/dags/sample_dag.py took 0.067 seconds
[2025-02-19T10:27:12.373+0000] {processor.py:186} INFO - Started process (PID=1676) to work on /opt/airflow/dags/sample_dag.py
[2025-02-19T10:27:12.374+0000] {processor.py:914} INFO - Processing file /opt/airflow/dags/sample_dag.py for tasks to queue
[2025-02-19T10:27:12.376+0000] {logging_mixin.py:190} INFO - [2025-02-19T10:27:12.376+0000] {dagbag.py:588} INFO - Filling up the DagBag from /opt/airflow/dags/sample_dag.py
[2025-02-19T10:27:12.382+0000] {processor.py:925} INFO - DAG(s) 'simple_dag' retrieved from /opt/airflow/dags/sample_dag.py
[2025-02-19T10:27:12.402+0000] {logging_mixin.py:190} INFO - [2025-02-19T10:27:12.402+0000] {dag.py:3239} INFO - Sync 1 DAGs
[2025-02-19T10:27:12.415+0000] {logging_mixin.py:190} INFO - [2025-02-19T10:27:12.415+0000] {dag.py:4180} INFO - Setting next_dagrun for simple_dag to None, run_after=None
[2025-02-19T10:27:12.431+0000] {processor.py:208} INFO - Processing /opt/airflow/dags/sample_dag.py took 0.067 seconds
[2025-02-19T10:27:42.725+0000] {processor.py:186} INFO - Started process (PID=1743) to work on /opt/airflow/dags/sample_dag.py
[2025-02-19T10:27:42.726+0000] {processor.py:914} INFO - Processing file /opt/airflow/dags/sample_dag.py for tasks to queue
[2025-02-19T10:27:42.730+0000] {logging_mixin.py:190} INFO - [2025-02-19T10:27:42.729+0000] {dagbag.py:588} INFO - Filling up the DagBag from /opt/airflow/dags/sample_dag.py
[2025-02-19T10:27:42.736+0000] {processor.py:925} INFO - DAG(s) 'simple_dag' retrieved from /opt/airflow/dags/sample_dag.py
[2025-02-19T10:27:42.755+0000] {logging_mixin.py:190} INFO - [2025-02-19T10:27:42.755+0000] {dag.py:3239} INFO - Sync 1 DAGs
[2025-02-19T10:27:42.768+0000] {logging_mixin.py:190} INFO - [2025-02-19T10:27:42.768+0000] {dag.py:4180} INFO - Setting next_dagrun for simple_dag to None, run_after=None
[2025-02-19T10:27:42.784+0000] {processor.py:208} INFO - Processing /opt/airflow/dags/sample_dag.py took 0.064 seconds
[2025-02-19T10:28:12.975+0000] {processor.py:186} INFO - Started process (PID=1810) to work on /opt/airflow/dags/sample_dag.py
[2025-02-19T10:28:12.976+0000] {processor.py:914} INFO - Processing file /opt/airflow/dags/sample_dag.py for tasks to queue
[2025-02-19T10:28:12.979+0000] {logging_mixin.py:190} INFO - [2025-02-19T10:28:12.978+0000] {dagbag.py:588} INFO - Filling up the DagBag from /opt/airflow/dags/sample_dag.py
[2025-02-19T10:28:12.987+0000] {processor.py:925} INFO - DAG(s) 'simple_dag' retrieved from /opt/airflow/dags/sample_dag.py
[2025-02-19T10:28:13.006+0000] {logging_mixin.py:190} INFO - [2025-02-19T10:28:13.006+0000] {dag.py:3239} INFO - Sync 1 DAGs
[2025-02-19T10:28:13.020+0000] {logging_mixin.py:190} INFO - [2025-02-19T10:28:13.019+0000] {dag.py:4180} INFO - Setting next_dagrun for simple_dag to None, run_after=None
[2025-02-19T10:28:13.037+0000] {processor.py:208} INFO - Processing /opt/airflow/dags/sample_dag.py took 0.067 seconds
[2025-02-19T10:28:43.272+0000] {processor.py:186} INFO - Started process (PID=1877) to work on /opt/airflow/dags/sample_dag.py
[2025-02-19T10:28:43.273+0000] {processor.py:914} INFO - Processing file /opt/airflow/dags/sample_dag.py for tasks to queue
[2025-02-19T10:28:43.275+0000] {logging_mixin.py:190} INFO - [2025-02-19T10:28:43.275+0000] {dagbag.py:588} INFO - Filling up the DagBag from /opt/airflow/dags/sample_dag.py
[2025-02-19T10:28:43.284+0000] {processor.py:925} INFO - DAG(s) 'simple_dag' retrieved from /opt/airflow/dags/sample_dag.py
[2025-02-19T10:28:43.301+0000] {logging_mixin.py:190} INFO - [2025-02-19T10:28:43.301+0000] {dag.py:3239} INFO - Sync 1 DAGs
[2025-02-19T10:28:43.315+0000] {logging_mixin.py:190} INFO - [2025-02-19T10:28:43.315+0000] {dag.py:4180} INFO - Setting next_dagrun for simple_dag to None, run_after=None
[2025-02-19T10:28:43.331+0000] {processor.py:208} INFO - Processing /opt/airflow/dags/sample_dag.py took 0.065 seconds
[2025-02-19T10:29:13.576+0000] {processor.py:186} INFO - Started process (PID=1943) to work on /opt/airflow/dags/sample_dag.py
[2025-02-19T10:29:13.578+0000] {processor.py:914} INFO - Processing file /opt/airflow/dags/sample_dag.py for tasks to queue
[2025-02-19T10:29:13.582+0000] {logging_mixin.py:190} INFO - [2025-02-19T10:29:13.582+0000] {dagbag.py:588} INFO - Filling up the DagBag from /opt/airflow/dags/sample_dag.py
[2025-02-19T10:29:13.594+0000] {processor.py:925} INFO - DAG(s) 'simple_dag' retrieved from /opt/airflow/dags/sample_dag.py
[2025-02-19T10:29:13.610+0000] {logging_mixin.py:190} INFO - [2025-02-19T10:29:13.610+0000] {dag.py:3239} INFO - Sync 1 DAGs
[2025-02-19T10:29:13.626+0000] {logging_mixin.py:190} INFO - [2025-02-19T10:29:13.626+0000] {dag.py:4180} INFO - Setting next_dagrun for simple_dag to None, run_after=None
[2025-02-19T10:29:13.642+0000] {processor.py:208} INFO - Processing /opt/airflow/dags/sample_dag.py took 0.073 seconds
[2025-02-19T10:29:43.742+0000] {processor.py:186} INFO - Started process (PID=2010) to work on /opt/airflow/dags/sample_dag.py
[2025-02-19T10:29:43.743+0000] {processor.py:914} INFO - Processing file /opt/airflow/dags/sample_dag.py for tasks to queue
[2025-02-19T10:29:43.746+0000] {logging_mixin.py:190} INFO - [2025-02-19T10:29:43.745+0000] {dagbag.py:588} INFO - Filling up the DagBag from /opt/airflow/dags/sample_dag.py
[2025-02-19T10:29:43.754+0000] {processor.py:925} INFO - DAG(s) 'simple_dag' retrieved from /opt/airflow/dags/sample_dag.py
[2025-02-19T10:29:43.771+0000] {logging_mixin.py:190} INFO - [2025-02-19T10:29:43.771+0000] {dag.py:3239} INFO - Sync 1 DAGs
[2025-02-19T10:29:43.784+0000] {logging_mixin.py:190} INFO - [2025-02-19T10:29:43.783+0000] {dag.py:4180} INFO - Setting next_dagrun for simple_dag to None, run_after=None
[2025-02-19T10:29:43.801+0000] {processor.py:208} INFO - Processing /opt/airflow/dags/sample_dag.py took 0.064 seconds
[2025-02-19T10:30:14.800+0000] {processor.py:186} INFO - Started process (PID=2077) to work on /opt/airflow/dags/sample_dag.py
[2025-02-19T10:30:14.801+0000] {processor.py:914} INFO - Processing file /opt/airflow/dags/sample_dag.py for tasks to queue
[2025-02-19T10:30:14.804+0000] {logging_mixin.py:190} INFO - [2025-02-19T10:30:14.804+0000] {dagbag.py:588} INFO - Filling up the DagBag from /opt/airflow/dags/sample_dag.py
[2025-02-19T10:30:14.813+0000] {processor.py:925} INFO - DAG(s) 'simple_dag' retrieved from /opt/airflow/dags/sample_dag.py
[2025-02-19T10:30:14.832+0000] {logging_mixin.py:190} INFO - [2025-02-19T10:30:14.831+0000] {dag.py:3239} INFO - Sync 1 DAGs
[2025-02-19T10:30:14.847+0000] {logging_mixin.py:190} INFO - [2025-02-19T10:30:14.847+0000] {dag.py:4180} INFO - Setting next_dagrun for simple_dag to None, run_after=None
[2025-02-19T10:30:14.862+0000] {processor.py:208} INFO - Processing /opt/airflow/dags/sample_dag.py took 0.067 seconds
[2025-02-19T10:30:45.721+0000] {processor.py:186} INFO - Started process (PID=2143) to work on /opt/airflow/dags/sample_dag.py
[2025-02-19T10:30:45.722+0000] {processor.py:914} INFO - Processing file /opt/airflow/dags/sample_dag.py for tasks to queue
[2025-02-19T10:30:45.726+0000] {logging_mixin.py:190} INFO - [2025-02-19T10:30:45.725+0000] {dagbag.py:588} INFO - Filling up the DagBag from /opt/airflow/dags/sample_dag.py
[2025-02-19T10:30:45.737+0000] {processor.py:925} INFO - DAG(s) 'simple_dag' retrieved from /opt/airflow/dags/sample_dag.py
[2025-02-19T10:30:45.761+0000] {logging_mixin.py:190} INFO - [2025-02-19T10:30:45.761+0000] {dag.py:3239} INFO - Sync 1 DAGs
[2025-02-19T10:30:45.783+0000] {logging_mixin.py:190} INFO - [2025-02-19T10:30:45.783+0000] {dag.py:4180} INFO - Setting next_dagrun for simple_dag to None, run_after=None
[2025-02-19T10:30:45.809+0000] {processor.py:208} INFO - Processing /opt/airflow/dags/sample_dag.py took 0.094 seconds
[2025-02-19T10:31:16.667+0000] {processor.py:186} INFO - Started process (PID=2210) to work on /opt/airflow/dags/sample_dag.py
[2025-02-19T10:31:16.667+0000] {processor.py:914} INFO - Processing file /opt/airflow/dags/sample_dag.py for tasks to queue
[2025-02-19T10:31:16.670+0000] {logging_mixin.py:190} INFO - [2025-02-19T10:31:16.669+0000] {dagbag.py:588} INFO - Filling up the DagBag from /opt/airflow/dags/sample_dag.py
[2025-02-19T10:31:16.679+0000] {processor.py:925} INFO - DAG(s) 'simple_dag' retrieved from /opt/airflow/dags/sample_dag.py
[2025-02-19T10:31:16.699+0000] {logging_mixin.py:190} INFO - [2025-02-19T10:31:16.699+0000] {dag.py:3239} INFO - Sync 1 DAGs
[2025-02-19T10:31:16.713+0000] {logging_mixin.py:190} INFO - [2025-02-19T10:31:16.713+0000] {dag.py:4180} INFO - Setting next_dagrun for simple_dag to None, run_after=None
[2025-02-19T10:31:16.731+0000] {processor.py:208} INFO - Processing /opt/airflow/dags/sample_dag.py took 0.070 seconds
[2025-02-19T10:31:47.567+0000] {processor.py:186} INFO - Started process (PID=2284) to work on /opt/airflow/dags/sample_dag.py
[2025-02-19T10:31:47.568+0000] {processor.py:914} INFO - Processing file /opt/airflow/dags/sample_dag.py for tasks to queue
[2025-02-19T10:31:47.572+0000] {logging_mixin.py:190} INFO - [2025-02-19T10:31:47.571+0000] {dagbag.py:588} INFO - Filling up the DagBag from /opt/airflow/dags/sample_dag.py
[2025-02-19T10:31:47.583+0000] {processor.py:925} INFO - DAG(s) 'simple_dag' retrieved from /opt/airflow/dags/sample_dag.py
[2025-02-19T10:31:47.603+0000] {logging_mixin.py:190} INFO - [2025-02-19T10:31:47.602+0000] {dag.py:3239} INFO - Sync 1 DAGs
[2025-02-19T10:31:47.624+0000] {logging_mixin.py:190} INFO - [2025-02-19T10:31:47.624+0000] {dag.py:4180} INFO - Setting next_dagrun for simple_dag to None, run_after=None
[2025-02-19T10:31:47.648+0000] {processor.py:208} INFO - Processing /opt/airflow/dags/sample_dag.py took 0.087 seconds
[2025-02-19T10:32:17.750+0000] {processor.py:186} INFO - Started process (PID=2353) to work on /opt/airflow/dags/sample_dag.py
[2025-02-19T10:32:17.751+0000] {processor.py:914} INFO - Processing file /opt/airflow/dags/sample_dag.py for tasks to queue
[2025-02-19T10:32:17.753+0000] {logging_mixin.py:190} INFO - [2025-02-19T10:32:17.753+0000] {dagbag.py:588} INFO - Filling up the DagBag from /opt/airflow/dags/sample_dag.py
[2025-02-19T10:32:17.761+0000] {processor.py:925} INFO - DAG(s) 'simple_dag' retrieved from /opt/airflow/dags/sample_dag.py
[2025-02-19T10:32:17.785+0000] {logging_mixin.py:190} INFO - [2025-02-19T10:32:17.785+0000] {dag.py:3239} INFO - Sync 1 DAGs
[2025-02-19T10:32:17.802+0000] {logging_mixin.py:190} INFO - [2025-02-19T10:32:17.801+0000] {dag.py:4180} INFO - Setting next_dagrun for simple_dag to None, run_after=None
[2025-02-19T10:32:17.824+0000] {processor.py:208} INFO - Processing /opt/airflow/dags/sample_dag.py took 0.081 seconds
[2025-02-19T10:32:48.421+0000] {processor.py:186} INFO - Started process (PID=2410) to work on /opt/airflow/dags/sample_dag.py
[2025-02-19T10:32:48.422+0000] {processor.py:914} INFO - Processing file /opt/airflow/dags/sample_dag.py for tasks to queue
[2025-02-19T10:32:48.425+0000] {logging_mixin.py:190} INFO - [2025-02-19T10:32:48.425+0000] {dagbag.py:588} INFO - Filling up the DagBag from /opt/airflow/dags/sample_dag.py
[2025-02-19T10:32:48.434+0000] {processor.py:925} INFO - DAG(s) 'simple_dag' retrieved from /opt/airflow/dags/sample_dag.py
[2025-02-19T10:32:48.453+0000] {logging_mixin.py:190} INFO - [2025-02-19T10:32:48.453+0000] {dag.py:3239} INFO - Sync 1 DAGs
[2025-02-19T10:32:48.467+0000] {logging_mixin.py:190} INFO - [2025-02-19T10:32:48.467+0000] {dag.py:4180} INFO - Setting next_dagrun for simple_dag to None, run_after=None
[2025-02-19T10:32:48.677+0000] {processor.py:208} INFO - Processing /opt/airflow/dags/sample_dag.py took 0.262 seconds
[2025-02-19T10:33:19.443+0000] {processor.py:186} INFO - Started process (PID=2479) to work on /opt/airflow/dags/sample_dag.py
[2025-02-19T10:33:19.444+0000] {processor.py:914} INFO - Processing file /opt/airflow/dags/sample_dag.py for tasks to queue
[2025-02-19T10:33:19.448+0000] {logging_mixin.py:190} INFO - [2025-02-19T10:33:19.447+0000] {dagbag.py:588} INFO - Filling up the DagBag from /opt/airflow/dags/sample_dag.py
[2025-02-19T10:33:19.461+0000] {processor.py:925} INFO - DAG(s) 'simple_dag' retrieved from /opt/airflow/dags/sample_dag.py
[2025-02-19T10:33:19.487+0000] {logging_mixin.py:190} INFO - [2025-02-19T10:33:19.486+0000] {dag.py:3239} INFO - Sync 1 DAGs
[2025-02-19T10:33:19.507+0000] {logging_mixin.py:190} INFO - [2025-02-19T10:33:19.506+0000] {dag.py:4180} INFO - Setting next_dagrun for simple_dag to None, run_after=None
[2025-02-19T10:33:19.537+0000] {processor.py:208} INFO - Processing /opt/airflow/dags/sample_dag.py took 0.102 seconds
[2025-02-19T10:33:49.683+0000] {processor.py:186} INFO - Started process (PID=2544) to work on /opt/airflow/dags/sample_dag.py
[2025-02-19T10:33:49.685+0000] {processor.py:914} INFO - Processing file /opt/airflow/dags/sample_dag.py for tasks to queue
[2025-02-19T10:33:49.687+0000] {logging_mixin.py:190} INFO - [2025-02-19T10:33:49.686+0000] {dagbag.py:588} INFO - Filling up the DagBag from /opt/airflow/dags/sample_dag.py
[2025-02-19T10:33:49.693+0000] {processor.py:925} INFO - DAG(s) 'simple_dag' retrieved from /opt/airflow/dags/sample_dag.py
[2025-02-19T10:33:49.713+0000] {logging_mixin.py:190} INFO - [2025-02-19T10:33:49.712+0000] {dag.py:3239} INFO - Sync 1 DAGs
[2025-02-19T10:33:49.727+0000] {logging_mixin.py:190} INFO - [2025-02-19T10:33:49.727+0000] {dag.py:4180} INFO - Setting next_dagrun for simple_dag to None, run_after=None
[2025-02-19T10:33:49.748+0000] {processor.py:208} INFO - Processing /opt/airflow/dags/sample_dag.py took 0.070 seconds
[2025-02-19T10:34:21.165+0000] {processor.py:186} INFO - Started process (PID=2608) to work on /opt/airflow/dags/sample_dag.py
[2025-02-19T10:34:21.166+0000] {processor.py:914} INFO - Processing file /opt/airflow/dags/sample_dag.py for tasks to queue
[2025-02-19T10:34:21.168+0000] {logging_mixin.py:190} INFO - [2025-02-19T10:34:21.168+0000] {dagbag.py:588} INFO - Filling up the DagBag from /opt/airflow/dags/sample_dag.py
[2025-02-19T10:34:21.337+0000] {processor.py:925} INFO - DAG(s) 'simple_dag' retrieved from /opt/airflow/dags/sample_dag.py
[2025-02-19T10:34:21.354+0000] {logging_mixin.py:190} INFO - [2025-02-19T10:34:21.353+0000] {dag.py:3239} INFO - Sync 1 DAGs
[2025-02-19T10:34:21.364+0000] {logging_mixin.py:190} INFO - [2025-02-19T10:34:21.364+0000] {dag.py:4180} INFO - Setting next_dagrun for simple_dag to None, run_after=None
[2025-02-19T10:34:21.387+0000] {processor.py:208} INFO - Processing /opt/airflow/dags/sample_dag.py took 0.227 seconds
[2025-02-19T10:34:51.799+0000] {processor.py:186} INFO - Started process (PID=2674) to work on /opt/airflow/dags/sample_dag.py
[2025-02-19T10:34:51.800+0000] {processor.py:914} INFO - Processing file /opt/airflow/dags/sample_dag.py for tasks to queue
[2025-02-19T10:34:51.802+0000] {logging_mixin.py:190} INFO - [2025-02-19T10:34:51.802+0000] {dagbag.py:588} INFO - Filling up the DagBag from /opt/airflow/dags/sample_dag.py
[2025-02-19T10:34:51.809+0000] {processor.py:925} INFO - DAG(s) 'simple_dag' retrieved from /opt/airflow/dags/sample_dag.py
[2025-02-19T10:34:51.828+0000] {logging_mixin.py:190} INFO - [2025-02-19T10:34:51.828+0000] {dag.py:3239} INFO - Sync 1 DAGs
[2025-02-19T10:34:51.842+0000] {logging_mixin.py:190} INFO - [2025-02-19T10:34:51.842+0000] {dag.py:4180} INFO - Setting next_dagrun for simple_dag to None, run_after=None
[2025-02-19T10:34:51.859+0000] {processor.py:208} INFO - Processing /opt/airflow/dags/sample_dag.py took 0.065 seconds
[2025-02-19T10:35:22.359+0000] {processor.py:186} INFO - Started process (PID=2741) to work on /opt/airflow/dags/sample_dag.py
[2025-02-19T10:35:22.360+0000] {processor.py:914} INFO - Processing file /opt/airflow/dags/sample_dag.py for tasks to queue
[2025-02-19T10:35:22.362+0000] {logging_mixin.py:190} INFO - [2025-02-19T10:35:22.361+0000] {dagbag.py:588} INFO - Filling up the DagBag from /opt/airflow/dags/sample_dag.py
[2025-02-19T10:35:22.368+0000] {processor.py:925} INFO - DAG(s) 'simple_dag' retrieved from /opt/airflow/dags/sample_dag.py
[2025-02-19T10:35:22.386+0000] {logging_mixin.py:190} INFO - [2025-02-19T10:35:22.386+0000] {dag.py:3239} INFO - Sync 1 DAGs
[2025-02-19T10:35:22.398+0000] {logging_mixin.py:190} INFO - [2025-02-19T10:35:22.398+0000] {dag.py:4180} INFO - Setting next_dagrun for simple_dag to None, run_after=None
[2025-02-19T10:35:22.413+0000] {processor.py:208} INFO - Processing /opt/airflow/dags/sample_dag.py took 0.059 seconds
[2025-02-19T10:35:53.245+0000] {processor.py:186} INFO - Started process (PID=2808) to work on /opt/airflow/dags/sample_dag.py
[2025-02-19T10:35:53.246+0000] {processor.py:914} INFO - Processing file /opt/airflow/dags/sample_dag.py for tasks to queue
[2025-02-19T10:35:53.249+0000] {logging_mixin.py:190} INFO - [2025-02-19T10:35:53.248+0000] {dagbag.py:588} INFO - Filling up the DagBag from /opt/airflow/dags/sample_dag.py
[2025-02-19T10:35:53.256+0000] {processor.py:925} INFO - DAG(s) 'simple_dag' retrieved from /opt/airflow/dags/sample_dag.py
[2025-02-19T10:35:53.275+0000] {logging_mixin.py:190} INFO - [2025-02-19T10:35:53.275+0000] {dag.py:3239} INFO - Sync 1 DAGs
[2025-02-19T10:35:53.288+0000] {logging_mixin.py:190} INFO - [2025-02-19T10:35:53.288+0000] {dag.py:4180} INFO - Setting next_dagrun for simple_dag to None, run_after=None
[2025-02-19T10:35:53.303+0000] {processor.py:208} INFO - Processing /opt/airflow/dags/sample_dag.py took 0.064 seconds
[2025-02-19T10:36:23.604+0000] {processor.py:186} INFO - Started process (PID=2875) to work on /opt/airflow/dags/sample_dag.py
[2025-02-19T10:36:23.605+0000] {processor.py:914} INFO - Processing file /opt/airflow/dags/sample_dag.py for tasks to queue
[2025-02-19T10:36:23.607+0000] {logging_mixin.py:190} INFO - [2025-02-19T10:36:23.607+0000] {dagbag.py:588} INFO - Filling up the DagBag from /opt/airflow/dags/sample_dag.py
[2025-02-19T10:36:23.615+0000] {processor.py:925} INFO - DAG(s) 'simple_dag' retrieved from /opt/airflow/dags/sample_dag.py
[2025-02-19T10:36:23.635+0000] {logging_mixin.py:190} INFO - [2025-02-19T10:36:23.635+0000] {dag.py:3239} INFO - Sync 1 DAGs
[2025-02-19T10:36:23.652+0000] {logging_mixin.py:190} INFO - [2025-02-19T10:36:23.651+0000] {dag.py:4180} INFO - Setting next_dagrun for simple_dag to None, run_after=None
[2025-02-19T10:36:23.677+0000] {processor.py:208} INFO - Processing /opt/airflow/dags/sample_dag.py took 0.080 seconds
[2025-02-19T10:36:53.850+0000] {processor.py:186} INFO - Started process (PID=2942) to work on /opt/airflow/dags/sample_dag.py
[2025-02-19T10:36:53.851+0000] {processor.py:914} INFO - Processing file /opt/airflow/dags/sample_dag.py for tasks to queue
[2025-02-19T10:36:53.854+0000] {logging_mixin.py:190} INFO - [2025-02-19T10:36:53.853+0000] {dagbag.py:588} INFO - Filling up the DagBag from /opt/airflow/dags/sample_dag.py
[2025-02-19T10:36:53.862+0000] {processor.py:925} INFO - DAG(s) 'simple_dag' retrieved from /opt/airflow/dags/sample_dag.py
[2025-02-19T10:36:53.880+0000] {logging_mixin.py:190} INFO - [2025-02-19T10:36:53.880+0000] {dag.py:3239} INFO - Sync 1 DAGs
[2025-02-19T10:36:53.894+0000] {logging_mixin.py:190} INFO - [2025-02-19T10:36:53.894+0000] {dag.py:4180} INFO - Setting next_dagrun for simple_dag to None, run_after=None
[2025-02-19T10:36:53.910+0000] {processor.py:208} INFO - Processing /opt/airflow/dags/sample_dag.py took 0.069 seconds
[2025-02-19T10:37:23.997+0000] {processor.py:186} INFO - Started process (PID=3008) to work on /opt/airflow/dags/sample_dag.py
[2025-02-19T10:37:23.998+0000] {processor.py:914} INFO - Processing file /opt/airflow/dags/sample_dag.py for tasks to queue
[2025-02-19T10:37:24.000+0000] {logging_mixin.py:190} INFO - [2025-02-19T10:37:23.999+0000] {dagbag.py:588} INFO - Filling up the DagBag from /opt/airflow/dags/sample_dag.py
[2025-02-19T10:37:24.007+0000] {processor.py:925} INFO - DAG(s) 'simple_dag' retrieved from /opt/airflow/dags/sample_dag.py
[2025-02-19T10:37:24.026+0000] {logging_mixin.py:190} INFO - [2025-02-19T10:37:24.026+0000] {dag.py:3239} INFO - Sync 1 DAGs
[2025-02-19T10:37:24.040+0000] {logging_mixin.py:190} INFO - [2025-02-19T10:37:24.040+0000] {dag.py:4180} INFO - Setting next_dagrun for simple_dag to None, run_after=None
[2025-02-19T10:37:24.057+0000] {processor.py:208} INFO - Processing /opt/airflow/dags/sample_dag.py took 0.065 seconds
