[2025-02-13T04:15:38.670+0000] {local_task_job_runner.py:123} INFO - ::group::Pre task execution logs
[2025-02-13T04:15:38.686+0000] {taskinstance.py:2613} INFO - Dependencies all met for dep_context=non-requeueable deps ti=<TaskInstance: example_dag.final_task scheduled__2025-02-11T12:00:00+00:00 [queued]>
[2025-02-13T04:15:38.695+0000] {taskinstance.py:2613} INFO - Dependencies all met for dep_context=requeueable deps ti=<TaskInstance: example_dag.final_task scheduled__2025-02-11T12:00:00+00:00 [queued]>
[2025-02-13T04:15:38.695+0000] {taskinstance.py:2866} INFO - Starting attempt 1 of 3
[2025-02-13T04:15:38.708+0000] {taskinstance.py:2889} INFO - Executing <Task(BashOperator): final_task> on 2025-02-11 12:00:00+00:00
[2025-02-13T04:15:38.720+0000] {warnings.py:112} WARNING - /home/***/.local/lib/python3.12/site-packages/***/task/task_runner/standard_task_runner.py:70: DeprecationWarning: This process (pid=85) is multi-threaded, use of fork() may lead to deadlocks in the child.
  pid = os.fork()

[2025-02-13T04:15:38.721+0000] {standard_task_runner.py:72} INFO - Started process 87 to run task
[2025-02-13T04:15:38.722+0000] {standard_task_runner.py:104} INFO - Running: ['***', 'tasks', 'run', 'example_dag', 'final_task', 'scheduled__2025-02-11T12:00:00+00:00', '--job-id', '131', '--raw', '--subdir', 'DAGS_FOLDER/sample2_dag.py', '--cfg-path', '/tmp/tmpk6wnmu3_']
[2025-02-13T04:15:38.723+0000] {standard_task_runner.py:105} INFO - Job 131: Subtask final_task
[2025-02-13T04:15:38.955+0000] {task_command.py:467} INFO - Running <TaskInstance: example_dag.final_task scheduled__2025-02-11T12:00:00+00:00 [running]> on host 182dcabfe56a
[2025-02-13T04:15:39.035+0000] {taskinstance.py:3132} INFO - Exporting env vars: AIRFLOW_CTX_DAG_OWNER='***' AIRFLOW_CTX_DAG_ID='example_dag' AIRFLOW_CTX_TASK_ID='final_task' AIRFLOW_CTX_EXECUTION_DATE='2025-02-11T12:00:00+00:00' AIRFLOW_CTX_TRY_NUMBER='1' AIRFLOW_CTX_DAG_RUN_ID='scheduled__2025-02-11T12:00:00+00:00'
[2025-02-13T04:15:39.036+0000] {logging_mixin.py:190} INFO - Task instance is in running state
[2025-02-13T04:15:39.036+0000] {logging_mixin.py:190} INFO -  Previous state of the Task instance: queued
[2025-02-13T04:15:39.036+0000] {logging_mixin.py:190} INFO - Current task name:final_task state:running start_date:2025-02-13 04:15:38.686896+00:00
[2025-02-13T04:15:39.037+0000] {logging_mixin.py:190} INFO - Dag name:example_dag and current dag run status:running
[2025-02-13T04:15:39.037+0000] {taskinstance.py:731} INFO - ::endgroup::
[2025-02-13T04:15:39.037+0000] {subprocess.py:78} INFO - Tmp dir root location: /tmp
[2025-02-13T04:15:39.038+0000] {subprocess.py:88} INFO - Running command: ['/usr/bin/bash', '-c', "echo 'All tasks are complete!'"]
[2025-02-13T04:15:39.057+0000] {subprocess.py:99} INFO - Output:
[2025-02-13T04:15:39.060+0000] {subprocess.py:106} INFO - All tasks are complete!
[2025-02-13T04:15:39.060+0000] {subprocess.py:110} INFO - Command exited with return code 0
[2025-02-13T04:15:39.087+0000] {taskinstance.py:340} INFO - ::group::Post task execution logs
[2025-02-13T04:15:39.087+0000] {taskinstance.py:352} INFO - Marking task as SUCCESS. dag_id=example_dag, task_id=final_task, run_id=scheduled__2025-02-11T12:00:00+00:00, execution_date=20250211T120000, start_date=20250213T041538, end_date=20250213T041539
[2025-02-13T04:15:39.096+0000] {logging_mixin.py:190} INFO - Task instance in success state
[2025-02-13T04:15:39.096+0000] {logging_mixin.py:190} INFO -  Previous state of the Task instance: running
[2025-02-13T04:15:39.097+0000] {logging_mixin.py:190} INFO - Dag name:example_dag queued_at:2025-02-13 04:15:27.294811+00:00
[2025-02-13T04:15:39.097+0000] {logging_mixin.py:190} INFO - Task hostname:182dcabfe56a operator:BashOperator
[2025-02-13T04:15:39.136+0000] {local_task_job_runner.py:266} INFO - Task exited with return code 0
[2025-02-13T04:15:39.301+0000] {taskinstance.py:3895} INFO - 0 downstream tasks scheduled from follow-on schedule check
[2025-02-13T04:15:39.303+0000] {local_task_job_runner.py:245} INFO - ::endgroup::
