[2025-02-19T10:11:48.555+0000] {processor.py:186} INFO - Started process (PID=126) to work on /home/airflow/.local/lib/python3.12/site-packages/airflow/example_dags/example_nested_branch_dag.py
[2025-02-19T10:11:48.556+0000] {processor.py:914} INFO - Processing file /home/airflow/.local/lib/python3.12/site-packages/airflow/example_dags/example_nested_branch_dag.py for tasks to queue
[2025-02-19T10:11:48.561+0000] {logging_mixin.py:190} INFO - [2025-02-19T10:11:48.560+0000] {dagbag.py:588} INFO - Filling up the DagBag from /home/airflow/.local/lib/python3.12/site-packages/airflow/example_dags/example_nested_branch_dag.py
[2025-02-19T10:11:48.584+0000] {processor.py:925} INFO - DAG(s) 'example_nested_branch_dag' retrieved from /home/airflow/.local/lib/python3.12/site-packages/airflow/example_dags/example_nested_branch_dag.py
[2025-02-19T10:11:48.628+0000] {logging_mixin.py:190} INFO - [2025-02-19T10:11:48.628+0000] {dag.py:3239} INFO - Sync 1 DAGs
[2025-02-19T10:11:48.682+0000] {logging_mixin.py:190} INFO - [2025-02-19T10:11:48.682+0000] {dag.py:4180} INFO - Setting next_dagrun for example_nested_branch_dag to 2025-02-18 00:00:00+00:00, run_after=2025-02-19 00:00:00+00:00
[2025-02-19T10:11:48.714+0000] {processor.py:208} INFO - Processing /home/airflow/.local/lib/python3.12/site-packages/airflow/example_dags/example_nested_branch_dag.py took 0.169 seconds
[2025-02-19T10:12:19.908+0000] {processor.py:186} INFO - Started process (PID=191) to work on /home/airflow/.local/lib/python3.12/site-packages/airflow/example_dags/example_nested_branch_dag.py
[2025-02-19T10:12:19.909+0000] {processor.py:914} INFO - Processing file /home/airflow/.local/lib/python3.12/site-packages/airflow/example_dags/example_nested_branch_dag.py for tasks to queue
[2025-02-19T10:12:19.912+0000] {logging_mixin.py:190} INFO - [2025-02-19T10:12:19.912+0000] {dagbag.py:588} INFO - Filling up the DagBag from /home/airflow/.local/lib/python3.12/site-packages/airflow/example_dags/example_nested_branch_dag.py
[2025-02-19T10:12:19.929+0000] {processor.py:925} INFO - DAG(s) 'example_nested_branch_dag' retrieved from /home/airflow/.local/lib/python3.12/site-packages/airflow/example_dags/example_nested_branch_dag.py
[2025-02-19T10:12:19.958+0000] {logging_mixin.py:190} INFO - [2025-02-19T10:12:19.958+0000] {dag.py:3239} INFO - Sync 1 DAGs
[2025-02-19T10:12:19.988+0000] {logging_mixin.py:190} INFO - [2025-02-19T10:12:19.988+0000] {dag.py:4180} INFO - Setting next_dagrun for example_nested_branch_dag to 2025-02-18 00:00:00+00:00, run_after=2025-02-19 00:00:00+00:00
[2025-02-19T10:12:20.006+0000] {processor.py:208} INFO - Processing /home/airflow/.local/lib/python3.12/site-packages/airflow/example_dags/example_nested_branch_dag.py took 0.106 seconds
[2025-02-19T10:12:50.913+0000] {processor.py:186} INFO - Started process (PID=259) to work on /home/airflow/.local/lib/python3.12/site-packages/airflow/example_dags/example_nested_branch_dag.py
[2025-02-19T10:12:50.914+0000] {processor.py:914} INFO - Processing file /home/airflow/.local/lib/python3.12/site-packages/airflow/example_dags/example_nested_branch_dag.py for tasks to queue
[2025-02-19T10:12:50.917+0000] {logging_mixin.py:190} INFO - [2025-02-19T10:12:50.917+0000] {dagbag.py:588} INFO - Filling up the DagBag from /home/airflow/.local/lib/python3.12/site-packages/airflow/example_dags/example_nested_branch_dag.py
[2025-02-19T10:12:50.929+0000] {processor.py:925} INFO - DAG(s) 'example_nested_branch_dag' retrieved from /home/airflow/.local/lib/python3.12/site-packages/airflow/example_dags/example_nested_branch_dag.py
[2025-02-19T10:12:50.952+0000] {logging_mixin.py:190} INFO - [2025-02-19T10:12:50.952+0000] {dag.py:3239} INFO - Sync 1 DAGs
[2025-02-19T10:12:50.979+0000] {logging_mixin.py:190} INFO - [2025-02-19T10:12:50.978+0000] {dag.py:4180} INFO - Setting next_dagrun for example_nested_branch_dag to 2025-02-18 00:00:00+00:00, run_after=2025-02-19 00:00:00+00:00
[2025-02-19T10:12:51.000+0000] {processor.py:208} INFO - Processing /home/airflow/.local/lib/python3.12/site-packages/airflow/example_dags/example_nested_branch_dag.py took 0.094 seconds
[2025-02-19T10:13:22.317+0000] {processor.py:186} INFO - Started process (PID=325) to work on /home/airflow/.local/lib/python3.12/site-packages/airflow/example_dags/example_nested_branch_dag.py
[2025-02-19T10:13:22.318+0000] {processor.py:914} INFO - Processing file /home/airflow/.local/lib/python3.12/site-packages/airflow/example_dags/example_nested_branch_dag.py for tasks to queue
[2025-02-19T10:13:22.322+0000] {logging_mixin.py:190} INFO - [2025-02-19T10:13:22.321+0000] {dagbag.py:588} INFO - Filling up the DagBag from /home/airflow/.local/lib/python3.12/site-packages/airflow/example_dags/example_nested_branch_dag.py
[2025-02-19T10:13:22.342+0000] {processor.py:925} INFO - DAG(s) 'example_nested_branch_dag' retrieved from /home/airflow/.local/lib/python3.12/site-packages/airflow/example_dags/example_nested_branch_dag.py
[2025-02-19T10:13:22.374+0000] {logging_mixin.py:190} INFO - [2025-02-19T10:13:22.374+0000] {dag.py:3239} INFO - Sync 1 DAGs
[2025-02-19T10:13:22.411+0000] {logging_mixin.py:190} INFO - [2025-02-19T10:13:22.411+0000] {dag.py:4180} INFO - Setting next_dagrun for example_nested_branch_dag to 2025-02-18 00:00:00+00:00, run_after=2025-02-19 00:00:00+00:00
[2025-02-19T10:13:22.436+0000] {processor.py:208} INFO - Processing /home/airflow/.local/lib/python3.12/site-packages/airflow/example_dags/example_nested_branch_dag.py took 0.129 seconds
[2025-02-19T10:13:58.643+0000] {processor.py:186} INFO - Started process (PID=393) to work on /home/airflow/.local/lib/python3.12/site-packages/airflow/example_dags/example_nested_branch_dag.py
[2025-02-19T10:13:58.644+0000] {processor.py:914} INFO - Processing file /home/airflow/.local/lib/python3.12/site-packages/airflow/example_dags/example_nested_branch_dag.py for tasks to queue
[2025-02-19T10:13:58.648+0000] {logging_mixin.py:190} INFO - [2025-02-19T10:13:58.648+0000] {dagbag.py:588} INFO - Filling up the DagBag from /home/airflow/.local/lib/python3.12/site-packages/airflow/example_dags/example_nested_branch_dag.py
[2025-02-19T10:13:58.663+0000] {processor.py:925} INFO - DAG(s) 'example_nested_branch_dag' retrieved from /home/airflow/.local/lib/python3.12/site-packages/airflow/example_dags/example_nested_branch_dag.py
[2025-02-19T10:13:58.689+0000] {logging_mixin.py:190} INFO - [2025-02-19T10:13:58.689+0000] {dag.py:3239} INFO - Sync 1 DAGs
[2025-02-19T10:13:58.723+0000] {logging_mixin.py:190} INFO - [2025-02-19T10:13:58.723+0000] {dag.py:4180} INFO - Setting next_dagrun for example_nested_branch_dag to 2025-02-18 00:00:00+00:00, run_after=2025-02-19 00:00:00+00:00
[2025-02-19T10:13:58.755+0000] {processor.py:208} INFO - Processing /home/airflow/.local/lib/python3.12/site-packages/airflow/example_dags/example_nested_branch_dag.py took 0.120 seconds
[2025-02-19T10:15:06.762+0000] {processor.py:186} INFO - Started process (PID=117) to work on /home/airflow/.local/lib/python3.12/site-packages/airflow/example_dags/example_nested_branch_dag.py
[2025-02-19T10:15:06.763+0000] {processor.py:914} INFO - Processing file /home/airflow/.local/lib/python3.12/site-packages/airflow/example_dags/example_nested_branch_dag.py for tasks to queue
[2025-02-19T10:15:06.765+0000] {logging_mixin.py:190} INFO - [2025-02-19T10:15:06.765+0000] {dagbag.py:588} INFO - Filling up the DagBag from /home/airflow/.local/lib/python3.12/site-packages/airflow/example_dags/example_nested_branch_dag.py
[2025-02-19T10:15:06.778+0000] {processor.py:925} INFO - DAG(s) 'example_nested_branch_dag' retrieved from /home/airflow/.local/lib/python3.12/site-packages/airflow/example_dags/example_nested_branch_dag.py
[2025-02-19T10:15:06.805+0000] {logging_mixin.py:190} INFO - [2025-02-19T10:15:06.805+0000] {dag.py:3239} INFO - Sync 1 DAGs
[2025-02-19T10:15:06.832+0000] {logging_mixin.py:190} INFO - [2025-02-19T10:15:06.832+0000] {dag.py:4180} INFO - Setting next_dagrun for example_nested_branch_dag to 2025-02-18 00:00:00+00:00, run_after=2025-02-19 00:00:00+00:00
[2025-02-19T10:15:06.860+0000] {processor.py:208} INFO - Processing /home/airflow/.local/lib/python3.12/site-packages/airflow/example_dags/example_nested_branch_dag.py took 0.105 seconds
[2025-02-19T10:15:37.326+0000] {processor.py:186} INFO - Started process (PID=184) to work on /home/airflow/.local/lib/python3.12/site-packages/airflow/example_dags/example_nested_branch_dag.py
[2025-02-19T10:15:37.327+0000] {processor.py:914} INFO - Processing file /home/airflow/.local/lib/python3.12/site-packages/airflow/example_dags/example_nested_branch_dag.py for tasks to queue
[2025-02-19T10:15:37.329+0000] {logging_mixin.py:190} INFO - [2025-02-19T10:15:37.329+0000] {dagbag.py:588} INFO - Filling up the DagBag from /home/airflow/.local/lib/python3.12/site-packages/airflow/example_dags/example_nested_branch_dag.py
[2025-02-19T10:15:37.344+0000] {processor.py:925} INFO - DAG(s) 'example_nested_branch_dag' retrieved from /home/airflow/.local/lib/python3.12/site-packages/airflow/example_dags/example_nested_branch_dag.py
[2025-02-19T10:15:37.372+0000] {logging_mixin.py:190} INFO - [2025-02-19T10:15:37.371+0000] {dag.py:3239} INFO - Sync 1 DAGs
[2025-02-19T10:15:37.401+0000] {logging_mixin.py:190} INFO - [2025-02-19T10:15:37.400+0000] {dag.py:4180} INFO - Setting next_dagrun for example_nested_branch_dag to 2025-02-18 00:00:00+00:00, run_after=2025-02-19 00:00:00+00:00
[2025-02-19T10:15:37.426+0000] {processor.py:208} INFO - Processing /home/airflow/.local/lib/python3.12/site-packages/airflow/example_dags/example_nested_branch_dag.py took 0.106 seconds
[2025-02-19T10:16:08.807+0000] {processor.py:186} INFO - Started process (PID=251) to work on /home/airflow/.local/lib/python3.12/site-packages/airflow/example_dags/example_nested_branch_dag.py
[2025-02-19T10:16:08.808+0000] {processor.py:914} INFO - Processing file /home/airflow/.local/lib/python3.12/site-packages/airflow/example_dags/example_nested_branch_dag.py for tasks to queue
[2025-02-19T10:16:08.810+0000] {logging_mixin.py:190} INFO - [2025-02-19T10:16:08.810+0000] {dagbag.py:588} INFO - Filling up the DagBag from /home/airflow/.local/lib/python3.12/site-packages/airflow/example_dags/example_nested_branch_dag.py
[2025-02-19T10:16:08.823+0000] {processor.py:925} INFO - DAG(s) 'example_nested_branch_dag' retrieved from /home/airflow/.local/lib/python3.12/site-packages/airflow/example_dags/example_nested_branch_dag.py
[2025-02-19T10:16:08.849+0000] {logging_mixin.py:190} INFO - [2025-02-19T10:16:08.849+0000] {dag.py:3239} INFO - Sync 1 DAGs
[2025-02-19T10:16:08.877+0000] {logging_mixin.py:190} INFO - [2025-02-19T10:16:08.877+0000] {dag.py:4180} INFO - Setting next_dagrun for example_nested_branch_dag to 2025-02-18 00:00:00+00:00, run_after=2025-02-19 00:00:00+00:00
[2025-02-19T10:16:08.897+0000] {processor.py:208} INFO - Processing /home/airflow/.local/lib/python3.12/site-packages/airflow/example_dags/example_nested_branch_dag.py took 0.097 seconds
[2025-02-19T10:16:39.330+0000] {processor.py:186} INFO - Started process (PID=318) to work on /home/airflow/.local/lib/python3.12/site-packages/airflow/example_dags/example_nested_branch_dag.py
[2025-02-19T10:16:39.331+0000] {processor.py:914} INFO - Processing file /home/airflow/.local/lib/python3.12/site-packages/airflow/example_dags/example_nested_branch_dag.py for tasks to queue
[2025-02-19T10:16:39.333+0000] {logging_mixin.py:190} INFO - [2025-02-19T10:16:39.333+0000] {dagbag.py:588} INFO - Filling up the DagBag from /home/airflow/.local/lib/python3.12/site-packages/airflow/example_dags/example_nested_branch_dag.py
[2025-02-19T10:16:39.345+0000] {processor.py:925} INFO - DAG(s) 'example_nested_branch_dag' retrieved from /home/airflow/.local/lib/python3.12/site-packages/airflow/example_dags/example_nested_branch_dag.py
[2025-02-19T10:16:39.368+0000] {logging_mixin.py:190} INFO - [2025-02-19T10:16:39.368+0000] {dag.py:3239} INFO - Sync 1 DAGs
[2025-02-19T10:16:39.395+0000] {logging_mixin.py:190} INFO - [2025-02-19T10:16:39.395+0000] {dag.py:4180} INFO - Setting next_dagrun for example_nested_branch_dag to 2025-02-18 00:00:00+00:00, run_after=2025-02-19 00:00:00+00:00
[2025-02-19T10:16:39.417+0000] {processor.py:208} INFO - Processing /home/airflow/.local/lib/python3.12/site-packages/airflow/example_dags/example_nested_branch_dag.py took 0.093 seconds
[2025-02-19T10:17:09.964+0000] {processor.py:186} INFO - Started process (PID=384) to work on /home/airflow/.local/lib/python3.12/site-packages/airflow/example_dags/example_nested_branch_dag.py
[2025-02-19T10:17:09.966+0000] {processor.py:914} INFO - Processing file /home/airflow/.local/lib/python3.12/site-packages/airflow/example_dags/example_nested_branch_dag.py for tasks to queue
[2025-02-19T10:17:09.969+0000] {logging_mixin.py:190} INFO - [2025-02-19T10:17:09.969+0000] {dagbag.py:588} INFO - Filling up the DagBag from /home/airflow/.local/lib/python3.12/site-packages/airflow/example_dags/example_nested_branch_dag.py
[2025-02-19T10:17:09.990+0000] {processor.py:925} INFO - DAG(s) 'example_nested_branch_dag' retrieved from /home/airflow/.local/lib/python3.12/site-packages/airflow/example_dags/example_nested_branch_dag.py
[2025-02-19T10:17:10.020+0000] {logging_mixin.py:190} INFO - [2025-02-19T10:17:10.020+0000] {dag.py:3239} INFO - Sync 1 DAGs
[2025-02-19T10:17:10.054+0000] {logging_mixin.py:190} INFO - [2025-02-19T10:17:10.053+0000] {dag.py:4180} INFO - Setting next_dagrun for example_nested_branch_dag to 2025-02-18 00:00:00+00:00, run_after=2025-02-19 00:00:00+00:00
[2025-02-19T10:17:10.075+0000] {processor.py:208} INFO - Processing /home/airflow/.local/lib/python3.12/site-packages/airflow/example_dags/example_nested_branch_dag.py took 0.121 seconds
[2025-02-19T10:17:40.888+0000] {processor.py:186} INFO - Started process (PID=451) to work on /home/airflow/.local/lib/python3.12/site-packages/airflow/example_dags/example_nested_branch_dag.py
[2025-02-19T10:17:40.889+0000] {processor.py:914} INFO - Processing file /home/airflow/.local/lib/python3.12/site-packages/airflow/example_dags/example_nested_branch_dag.py for tasks to queue
[2025-02-19T10:17:40.891+0000] {logging_mixin.py:190} INFO - [2025-02-19T10:17:40.891+0000] {dagbag.py:588} INFO - Filling up the DagBag from /home/airflow/.local/lib/python3.12/site-packages/airflow/example_dags/example_nested_branch_dag.py
[2025-02-19T10:17:40.902+0000] {processor.py:925} INFO - DAG(s) 'example_nested_branch_dag' retrieved from /home/airflow/.local/lib/python3.12/site-packages/airflow/example_dags/example_nested_branch_dag.py
[2025-02-19T10:17:40.924+0000] {logging_mixin.py:190} INFO - [2025-02-19T10:17:40.924+0000] {dag.py:3239} INFO - Sync 1 DAGs
[2025-02-19T10:17:40.949+0000] {logging_mixin.py:190} INFO - [2025-02-19T10:17:40.949+0000] {dag.py:4180} INFO - Setting next_dagrun for example_nested_branch_dag to 2025-02-18 00:00:00+00:00, run_after=2025-02-19 00:00:00+00:00
[2025-02-19T10:17:40.967+0000] {processor.py:208} INFO - Processing /home/airflow/.local/lib/python3.12/site-packages/airflow/example_dags/example_nested_branch_dag.py took 0.084 seconds
[2025-02-19T10:18:11.472+0000] {processor.py:186} INFO - Started process (PID=518) to work on /home/airflow/.local/lib/python3.12/site-packages/airflow/example_dags/example_nested_branch_dag.py
[2025-02-19T10:18:11.473+0000] {processor.py:914} INFO - Processing file /home/airflow/.local/lib/python3.12/site-packages/airflow/example_dags/example_nested_branch_dag.py for tasks to queue
[2025-02-19T10:18:11.475+0000] {logging_mixin.py:190} INFO - [2025-02-19T10:18:11.475+0000] {dagbag.py:588} INFO - Filling up the DagBag from /home/airflow/.local/lib/python3.12/site-packages/airflow/example_dags/example_nested_branch_dag.py
[2025-02-19T10:18:11.487+0000] {processor.py:925} INFO - DAG(s) 'example_nested_branch_dag' retrieved from /home/airflow/.local/lib/python3.12/site-packages/airflow/example_dags/example_nested_branch_dag.py
[2025-02-19T10:18:11.511+0000] {logging_mixin.py:190} INFO - [2025-02-19T10:18:11.511+0000] {dag.py:3239} INFO - Sync 1 DAGs
[2025-02-19T10:18:11.537+0000] {logging_mixin.py:190} INFO - [2025-02-19T10:18:11.537+0000] {dag.py:4180} INFO - Setting next_dagrun for example_nested_branch_dag to 2025-02-18 00:00:00+00:00, run_after=2025-02-19 00:00:00+00:00
[2025-02-19T10:18:11.558+0000] {processor.py:208} INFO - Processing /home/airflow/.local/lib/python3.12/site-packages/airflow/example_dags/example_nested_branch_dag.py took 0.092 seconds
[2025-02-19T10:18:42.903+0000] {processor.py:186} INFO - Started process (PID=585) to work on /home/airflow/.local/lib/python3.12/site-packages/airflow/example_dags/example_nested_branch_dag.py
[2025-02-19T10:18:42.904+0000] {processor.py:914} INFO - Processing file /home/airflow/.local/lib/python3.12/site-packages/airflow/example_dags/example_nested_branch_dag.py for tasks to queue
[2025-02-19T10:18:42.907+0000] {logging_mixin.py:190} INFO - [2025-02-19T10:18:42.907+0000] {dagbag.py:588} INFO - Filling up the DagBag from /home/airflow/.local/lib/python3.12/site-packages/airflow/example_dags/example_nested_branch_dag.py
[2025-02-19T10:18:42.923+0000] {processor.py:925} INFO - DAG(s) 'example_nested_branch_dag' retrieved from /home/airflow/.local/lib/python3.12/site-packages/airflow/example_dags/example_nested_branch_dag.py
[2025-02-19T10:18:42.947+0000] {logging_mixin.py:190} INFO - [2025-02-19T10:18:42.947+0000] {dag.py:3239} INFO - Sync 1 DAGs
[2025-02-19T10:18:42.974+0000] {logging_mixin.py:190} INFO - [2025-02-19T10:18:42.974+0000] {dag.py:4180} INFO - Setting next_dagrun for example_nested_branch_dag to 2025-02-18 00:00:00+00:00, run_after=2025-02-19 00:00:00+00:00
[2025-02-19T10:18:42.996+0000] {processor.py:208} INFO - Processing /home/airflow/.local/lib/python3.12/site-packages/airflow/example_dags/example_nested_branch_dag.py took 0.099 seconds
[2025-02-19T10:19:14.464+0000] {processor.py:186} INFO - Started process (PID=652) to work on /home/airflow/.local/lib/python3.12/site-packages/airflow/example_dags/example_nested_branch_dag.py
[2025-02-19T10:19:14.465+0000] {processor.py:914} INFO - Processing file /home/airflow/.local/lib/python3.12/site-packages/airflow/example_dags/example_nested_branch_dag.py for tasks to queue
[2025-02-19T10:19:14.468+0000] {logging_mixin.py:190} INFO - [2025-02-19T10:19:14.467+0000] {dagbag.py:588} INFO - Filling up the DagBag from /home/airflow/.local/lib/python3.12/site-packages/airflow/example_dags/example_nested_branch_dag.py
[2025-02-19T10:19:14.484+0000] {processor.py:925} INFO - DAG(s) 'example_nested_branch_dag' retrieved from /home/airflow/.local/lib/python3.12/site-packages/airflow/example_dags/example_nested_branch_dag.py
[2025-02-19T10:19:14.515+0000] {logging_mixin.py:190} INFO - [2025-02-19T10:19:14.515+0000] {dag.py:3239} INFO - Sync 1 DAGs
[2025-02-19T10:19:14.543+0000] {logging_mixin.py:190} INFO - [2025-02-19T10:19:14.543+0000] {dag.py:4180} INFO - Setting next_dagrun for example_nested_branch_dag to 2025-02-18 00:00:00+00:00, run_after=2025-02-19 00:00:00+00:00
[2025-02-19T10:19:14.568+0000] {processor.py:208} INFO - Processing /home/airflow/.local/lib/python3.12/site-packages/airflow/example_dags/example_nested_branch_dag.py took 0.112 seconds
[2025-02-19T10:19:45.142+0000] {processor.py:186} INFO - Started process (PID=719) to work on /home/airflow/.local/lib/python3.12/site-packages/airflow/example_dags/example_nested_branch_dag.py
[2025-02-19T10:19:45.144+0000] {processor.py:914} INFO - Processing file /home/airflow/.local/lib/python3.12/site-packages/airflow/example_dags/example_nested_branch_dag.py for tasks to queue
[2025-02-19T10:19:45.148+0000] {logging_mixin.py:190} INFO - [2025-02-19T10:19:45.148+0000] {dagbag.py:588} INFO - Filling up the DagBag from /home/airflow/.local/lib/python3.12/site-packages/airflow/example_dags/example_nested_branch_dag.py
[2025-02-19T10:19:45.162+0000] {processor.py:925} INFO - DAG(s) 'example_nested_branch_dag' retrieved from /home/airflow/.local/lib/python3.12/site-packages/airflow/example_dags/example_nested_branch_dag.py
[2025-02-19T10:19:45.187+0000] {logging_mixin.py:190} INFO - [2025-02-19T10:19:45.187+0000] {dag.py:3239} INFO - Sync 1 DAGs
[2025-02-19T10:19:45.215+0000] {logging_mixin.py:190} INFO - [2025-02-19T10:19:45.215+0000] {dag.py:4180} INFO - Setting next_dagrun for example_nested_branch_dag to 2025-02-18 00:00:00+00:00, run_after=2025-02-19 00:00:00+00:00
[2025-02-19T10:19:45.242+0000] {processor.py:208} INFO - Processing /home/airflow/.local/lib/python3.12/site-packages/airflow/example_dags/example_nested_branch_dag.py took 0.106 seconds
[2025-02-19T10:20:16.222+0000] {processor.py:186} INFO - Started process (PID=786) to work on /home/airflow/.local/lib/python3.12/site-packages/airflow/example_dags/example_nested_branch_dag.py
[2025-02-19T10:20:16.223+0000] {processor.py:914} INFO - Processing file /home/airflow/.local/lib/python3.12/site-packages/airflow/example_dags/example_nested_branch_dag.py for tasks to queue
[2025-02-19T10:20:16.226+0000] {logging_mixin.py:190} INFO - [2025-02-19T10:20:16.225+0000] {dagbag.py:588} INFO - Filling up the DagBag from /home/airflow/.local/lib/python3.12/site-packages/airflow/example_dags/example_nested_branch_dag.py
[2025-02-19T10:20:16.242+0000] {processor.py:925} INFO - DAG(s) 'example_nested_branch_dag' retrieved from /home/airflow/.local/lib/python3.12/site-packages/airflow/example_dags/example_nested_branch_dag.py
[2025-02-19T10:20:16.270+0000] {logging_mixin.py:190} INFO - [2025-02-19T10:20:16.270+0000] {dag.py:3239} INFO - Sync 1 DAGs
[2025-02-19T10:20:16.310+0000] {logging_mixin.py:190} INFO - [2025-02-19T10:20:16.309+0000] {dag.py:4180} INFO - Setting next_dagrun for example_nested_branch_dag to 2025-02-18 00:00:00+00:00, run_after=2025-02-19 00:00:00+00:00
[2025-02-19T10:20:16.335+0000] {processor.py:208} INFO - Processing /home/airflow/.local/lib/python3.12/site-packages/airflow/example_dags/example_nested_branch_dag.py took 0.119 seconds
[2025-02-19T10:20:46.707+0000] {processor.py:186} INFO - Started process (PID=853) to work on /home/airflow/.local/lib/python3.12/site-packages/airflow/example_dags/example_nested_branch_dag.py
[2025-02-19T10:20:46.708+0000] {processor.py:914} INFO - Processing file /home/airflow/.local/lib/python3.12/site-packages/airflow/example_dags/example_nested_branch_dag.py for tasks to queue
[2025-02-19T10:20:46.710+0000] {logging_mixin.py:190} INFO - [2025-02-19T10:20:46.709+0000] {dagbag.py:588} INFO - Filling up the DagBag from /home/airflow/.local/lib/python3.12/site-packages/airflow/example_dags/example_nested_branch_dag.py
[2025-02-19T10:20:46.720+0000] {processor.py:925} INFO - DAG(s) 'example_nested_branch_dag' retrieved from /home/airflow/.local/lib/python3.12/site-packages/airflow/example_dags/example_nested_branch_dag.py
[2025-02-19T10:20:46.743+0000] {logging_mixin.py:190} INFO - [2025-02-19T10:20:46.743+0000] {dag.py:3239} INFO - Sync 1 DAGs
[2025-02-19T10:20:46.770+0000] {logging_mixin.py:190} INFO - [2025-02-19T10:20:46.770+0000] {dag.py:4180} INFO - Setting next_dagrun for example_nested_branch_dag to 2025-02-18 00:00:00+00:00, run_after=2025-02-19 00:00:00+00:00
[2025-02-19T10:20:46.786+0000] {processor.py:208} INFO - Processing /home/airflow/.local/lib/python3.12/site-packages/airflow/example_dags/example_nested_branch_dag.py took 0.085 seconds
[2025-02-19T10:21:18.141+0000] {processor.py:186} INFO - Started process (PID=919) to work on /home/airflow/.local/lib/python3.12/site-packages/airflow/example_dags/example_nested_branch_dag.py
[2025-02-19T10:21:18.142+0000] {processor.py:914} INFO - Processing file /home/airflow/.local/lib/python3.12/site-packages/airflow/example_dags/example_nested_branch_dag.py for tasks to queue
[2025-02-19T10:21:18.144+0000] {logging_mixin.py:190} INFO - [2025-02-19T10:21:18.144+0000] {dagbag.py:588} INFO - Filling up the DagBag from /home/airflow/.local/lib/python3.12/site-packages/airflow/example_dags/example_nested_branch_dag.py
[2025-02-19T10:21:18.154+0000] {processor.py:925} INFO - DAG(s) 'example_nested_branch_dag' retrieved from /home/airflow/.local/lib/python3.12/site-packages/airflow/example_dags/example_nested_branch_dag.py
[2025-02-19T10:21:18.174+0000] {logging_mixin.py:190} INFO - [2025-02-19T10:21:18.174+0000] {dag.py:3239} INFO - Sync 1 DAGs
[2025-02-19T10:21:18.197+0000] {logging_mixin.py:190} INFO - [2025-02-19T10:21:18.196+0000] {dag.py:4180} INFO - Setting next_dagrun for example_nested_branch_dag to 2025-02-18 00:00:00+00:00, run_after=2025-02-19 00:00:00+00:00
[2025-02-19T10:21:18.214+0000] {processor.py:208} INFO - Processing /home/airflow/.local/lib/python3.12/site-packages/airflow/example_dags/example_nested_branch_dag.py took 0.077 seconds
[2025-02-19T10:21:49.513+0000] {processor.py:186} INFO - Started process (PID=986) to work on /home/airflow/.local/lib/python3.12/site-packages/airflow/example_dags/example_nested_branch_dag.py
[2025-02-19T10:21:49.515+0000] {processor.py:914} INFO - Processing file /home/airflow/.local/lib/python3.12/site-packages/airflow/example_dags/example_nested_branch_dag.py for tasks to queue
[2025-02-19T10:21:49.518+0000] {logging_mixin.py:190} INFO - [2025-02-19T10:21:49.518+0000] {dagbag.py:588} INFO - Filling up the DagBag from /home/airflow/.local/lib/python3.12/site-packages/airflow/example_dags/example_nested_branch_dag.py
[2025-02-19T10:21:49.534+0000] {processor.py:925} INFO - DAG(s) 'example_nested_branch_dag' retrieved from /home/airflow/.local/lib/python3.12/site-packages/airflow/example_dags/example_nested_branch_dag.py
[2025-02-19T10:21:49.565+0000] {logging_mixin.py:190} INFO - [2025-02-19T10:21:49.564+0000] {dag.py:3239} INFO - Sync 1 DAGs
[2025-02-19T10:21:49.598+0000] {logging_mixin.py:190} INFO - [2025-02-19T10:21:49.598+0000] {dag.py:4180} INFO - Setting next_dagrun for example_nested_branch_dag to 2025-02-18 00:00:00+00:00, run_after=2025-02-19 00:00:00+00:00
[2025-02-19T10:21:49.621+0000] {processor.py:208} INFO - Processing /home/airflow/.local/lib/python3.12/site-packages/airflow/example_dags/example_nested_branch_dag.py took 0.116 seconds
[2025-02-19T10:22:20.845+0000] {processor.py:186} INFO - Started process (PID=1053) to work on /home/airflow/.local/lib/python3.12/site-packages/airflow/example_dags/example_nested_branch_dag.py
[2025-02-19T10:22:20.846+0000] {processor.py:914} INFO - Processing file /home/airflow/.local/lib/python3.12/site-packages/airflow/example_dags/example_nested_branch_dag.py for tasks to queue
[2025-02-19T10:22:20.849+0000] {logging_mixin.py:190} INFO - [2025-02-19T10:22:20.849+0000] {dagbag.py:588} INFO - Filling up the DagBag from /home/airflow/.local/lib/python3.12/site-packages/airflow/example_dags/example_nested_branch_dag.py
[2025-02-19T10:22:20.870+0000] {processor.py:925} INFO - DAG(s) 'example_nested_branch_dag' retrieved from /home/airflow/.local/lib/python3.12/site-packages/airflow/example_dags/example_nested_branch_dag.py
[2025-02-19T10:22:20.902+0000] {logging_mixin.py:190} INFO - [2025-02-19T10:22:20.902+0000] {dag.py:3239} INFO - Sync 1 DAGs
[2025-02-19T10:22:20.938+0000] {logging_mixin.py:190} INFO - [2025-02-19T10:22:20.938+0000] {dag.py:4180} INFO - Setting next_dagrun for example_nested_branch_dag to 2025-02-18 00:00:00+00:00, run_after=2025-02-19 00:00:00+00:00
[2025-02-19T10:22:20.965+0000] {processor.py:208} INFO - Processing /home/airflow/.local/lib/python3.12/site-packages/airflow/example_dags/example_nested_branch_dag.py took 0.128 seconds
[2025-02-19T10:22:52.250+0000] {processor.py:186} INFO - Started process (PID=1119) to work on /home/airflow/.local/lib/python3.12/site-packages/airflow/example_dags/example_nested_branch_dag.py
[2025-02-19T10:22:52.251+0000] {processor.py:914} INFO - Processing file /home/airflow/.local/lib/python3.12/site-packages/airflow/example_dags/example_nested_branch_dag.py for tasks to queue
[2025-02-19T10:22:52.255+0000] {logging_mixin.py:190} INFO - [2025-02-19T10:22:52.254+0000] {dagbag.py:588} INFO - Filling up the DagBag from /home/airflow/.local/lib/python3.12/site-packages/airflow/example_dags/example_nested_branch_dag.py
[2025-02-19T10:22:52.274+0000] {processor.py:925} INFO - DAG(s) 'example_nested_branch_dag' retrieved from /home/airflow/.local/lib/python3.12/site-packages/airflow/example_dags/example_nested_branch_dag.py
[2025-02-19T10:22:52.306+0000] {logging_mixin.py:190} INFO - [2025-02-19T10:22:52.305+0000] {dag.py:3239} INFO - Sync 1 DAGs
[2025-02-19T10:22:52.340+0000] {logging_mixin.py:190} INFO - [2025-02-19T10:22:52.339+0000] {dag.py:4180} INFO - Setting next_dagrun for example_nested_branch_dag to 2025-02-18 00:00:00+00:00, run_after=2025-02-19 00:00:00+00:00
[2025-02-19T10:22:52.363+0000] {processor.py:208} INFO - Processing /home/airflow/.local/lib/python3.12/site-packages/airflow/example_dags/example_nested_branch_dag.py took 0.122 seconds
[2025-02-19T10:23:22.496+0000] {processor.py:186} INFO - Started process (PID=1186) to work on /home/airflow/.local/lib/python3.12/site-packages/airflow/example_dags/example_nested_branch_dag.py
[2025-02-19T10:23:22.497+0000] {processor.py:914} INFO - Processing file /home/airflow/.local/lib/python3.12/site-packages/airflow/example_dags/example_nested_branch_dag.py for tasks to queue
[2025-02-19T10:23:22.499+0000] {logging_mixin.py:190} INFO - [2025-02-19T10:23:22.499+0000] {dagbag.py:588} INFO - Filling up the DagBag from /home/airflow/.local/lib/python3.12/site-packages/airflow/example_dags/example_nested_branch_dag.py
[2025-02-19T10:23:22.510+0000] {processor.py:925} INFO - DAG(s) 'example_nested_branch_dag' retrieved from /home/airflow/.local/lib/python3.12/site-packages/airflow/example_dags/example_nested_branch_dag.py
[2025-02-19T10:23:22.532+0000] {logging_mixin.py:190} INFO - [2025-02-19T10:23:22.532+0000] {dag.py:3239} INFO - Sync 1 DAGs
[2025-02-19T10:23:22.557+0000] {logging_mixin.py:190} INFO - [2025-02-19T10:23:22.557+0000] {dag.py:4180} INFO - Setting next_dagrun for example_nested_branch_dag to 2025-02-18 00:00:00+00:00, run_after=2025-02-19 00:00:00+00:00
[2025-02-19T10:23:22.576+0000] {processor.py:208} INFO - Processing /home/airflow/.local/lib/python3.12/site-packages/airflow/example_dags/example_nested_branch_dag.py took 0.086 seconds
[2025-02-19T10:23:53.815+0000] {processor.py:186} INFO - Started process (PID=1253) to work on /home/airflow/.local/lib/python3.12/site-packages/airflow/example_dags/example_nested_branch_dag.py
[2025-02-19T10:23:53.816+0000] {processor.py:914} INFO - Processing file /home/airflow/.local/lib/python3.12/site-packages/airflow/example_dags/example_nested_branch_dag.py for tasks to queue
[2025-02-19T10:23:53.818+0000] {logging_mixin.py:190} INFO - [2025-02-19T10:23:53.818+0000] {dagbag.py:588} INFO - Filling up the DagBag from /home/airflow/.local/lib/python3.12/site-packages/airflow/example_dags/example_nested_branch_dag.py
[2025-02-19T10:23:53.830+0000] {processor.py:925} INFO - DAG(s) 'example_nested_branch_dag' retrieved from /home/airflow/.local/lib/python3.12/site-packages/airflow/example_dags/example_nested_branch_dag.py
[2025-02-19T10:23:53.850+0000] {logging_mixin.py:190} INFO - [2025-02-19T10:23:53.849+0000] {dag.py:3239} INFO - Sync 1 DAGs
[2025-02-19T10:23:53.873+0000] {logging_mixin.py:190} INFO - [2025-02-19T10:23:53.873+0000] {dag.py:4180} INFO - Setting next_dagrun for example_nested_branch_dag to 2025-02-18 00:00:00+00:00, run_after=2025-02-19 00:00:00+00:00
[2025-02-19T10:23:53.891+0000] {processor.py:208} INFO - Processing /home/airflow/.local/lib/python3.12/site-packages/airflow/example_dags/example_nested_branch_dag.py took 0.082 seconds
[2025-02-19T10:24:24.974+0000] {processor.py:186} INFO - Started process (PID=1320) to work on /home/airflow/.local/lib/python3.12/site-packages/airflow/example_dags/example_nested_branch_dag.py
[2025-02-19T10:24:24.975+0000] {processor.py:914} INFO - Processing file /home/airflow/.local/lib/python3.12/site-packages/airflow/example_dags/example_nested_branch_dag.py for tasks to queue
[2025-02-19T10:24:24.977+0000] {logging_mixin.py:190} INFO - [2025-02-19T10:24:24.976+0000] {dagbag.py:588} INFO - Filling up the DagBag from /home/airflow/.local/lib/python3.12/site-packages/airflow/example_dags/example_nested_branch_dag.py
[2025-02-19T10:24:24.987+0000] {processor.py:925} INFO - DAG(s) 'example_nested_branch_dag' retrieved from /home/airflow/.local/lib/python3.12/site-packages/airflow/example_dags/example_nested_branch_dag.py
[2025-02-19T10:24:25.010+0000] {logging_mixin.py:190} INFO - [2025-02-19T10:24:25.009+0000] {dag.py:3239} INFO - Sync 1 DAGs
[2025-02-19T10:24:25.031+0000] {logging_mixin.py:190} INFO - [2025-02-19T10:24:25.031+0000] {dag.py:4180} INFO - Setting next_dagrun for example_nested_branch_dag to 2025-02-18 00:00:00+00:00, run_after=2025-02-19 00:00:00+00:00
[2025-02-19T10:24:25.050+0000] {processor.py:208} INFO - Processing /home/airflow/.local/lib/python3.12/site-packages/airflow/example_dags/example_nested_branch_dag.py took 0.082 seconds
[2025-02-19T10:24:55.620+0000] {processor.py:186} INFO - Started process (PID=1387) to work on /home/airflow/.local/lib/python3.12/site-packages/airflow/example_dags/example_nested_branch_dag.py
[2025-02-19T10:24:55.621+0000] {processor.py:914} INFO - Processing file /home/airflow/.local/lib/python3.12/site-packages/airflow/example_dags/example_nested_branch_dag.py for tasks to queue
[2025-02-19T10:24:55.623+0000] {logging_mixin.py:190} INFO - [2025-02-19T10:24:55.622+0000] {dagbag.py:588} INFO - Filling up the DagBag from /home/airflow/.local/lib/python3.12/site-packages/airflow/example_dags/example_nested_branch_dag.py
[2025-02-19T10:24:55.634+0000] {processor.py:925} INFO - DAG(s) 'example_nested_branch_dag' retrieved from /home/airflow/.local/lib/python3.12/site-packages/airflow/example_dags/example_nested_branch_dag.py
[2025-02-19T10:24:55.654+0000] {logging_mixin.py:190} INFO - [2025-02-19T10:24:55.654+0000] {dag.py:3239} INFO - Sync 1 DAGs
[2025-02-19T10:24:55.680+0000] {logging_mixin.py:190} INFO - [2025-02-19T10:24:55.680+0000] {dag.py:4180} INFO - Setting next_dagrun for example_nested_branch_dag to 2025-02-18 00:00:00+00:00, run_after=2025-02-19 00:00:00+00:00
[2025-02-19T10:24:55.699+0000] {processor.py:208} INFO - Processing /home/airflow/.local/lib/python3.12/site-packages/airflow/example_dags/example_nested_branch_dag.py took 0.084 seconds
[2025-02-19T10:25:27.402+0000] {processor.py:186} INFO - Started process (PID=1453) to work on /home/airflow/.local/lib/python3.12/site-packages/airflow/example_dags/example_nested_branch_dag.py
[2025-02-19T10:25:27.403+0000] {processor.py:914} INFO - Processing file /home/airflow/.local/lib/python3.12/site-packages/airflow/example_dags/example_nested_branch_dag.py for tasks to queue
[2025-02-19T10:25:27.406+0000] {logging_mixin.py:190} INFO - [2025-02-19T10:25:27.406+0000] {dagbag.py:588} INFO - Filling up the DagBag from /home/airflow/.local/lib/python3.12/site-packages/airflow/example_dags/example_nested_branch_dag.py
[2025-02-19T10:25:27.422+0000] {processor.py:925} INFO - DAG(s) 'example_nested_branch_dag' retrieved from /home/airflow/.local/lib/python3.12/site-packages/airflow/example_dags/example_nested_branch_dag.py
[2025-02-19T10:25:27.453+0000] {logging_mixin.py:190} INFO - [2025-02-19T10:25:27.453+0000] {dag.py:3239} INFO - Sync 1 DAGs
[2025-02-19T10:25:27.484+0000] {logging_mixin.py:190} INFO - [2025-02-19T10:25:27.483+0000] {dag.py:4180} INFO - Setting next_dagrun for example_nested_branch_dag to 2025-02-18 00:00:00+00:00, run_after=2025-02-19 00:00:00+00:00
[2025-02-19T10:25:27.509+0000] {processor.py:208} INFO - Processing /home/airflow/.local/lib/python3.12/site-packages/airflow/example_dags/example_nested_branch_dag.py took 0.114 seconds
[2025-02-19T10:25:58.206+0000] {processor.py:186} INFO - Started process (PID=1520) to work on /home/airflow/.local/lib/python3.12/site-packages/airflow/example_dags/example_nested_branch_dag.py
[2025-02-19T10:25:58.207+0000] {processor.py:914} INFO - Processing file /home/airflow/.local/lib/python3.12/site-packages/airflow/example_dags/example_nested_branch_dag.py for tasks to queue
[2025-02-19T10:25:58.209+0000] {logging_mixin.py:190} INFO - [2025-02-19T10:25:58.209+0000] {dagbag.py:588} INFO - Filling up the DagBag from /home/airflow/.local/lib/python3.12/site-packages/airflow/example_dags/example_nested_branch_dag.py
[2025-02-19T10:25:58.222+0000] {processor.py:925} INFO - DAG(s) 'example_nested_branch_dag' retrieved from /home/airflow/.local/lib/python3.12/site-packages/airflow/example_dags/example_nested_branch_dag.py
[2025-02-19T10:25:58.252+0000] {logging_mixin.py:190} INFO - [2025-02-19T10:25:58.251+0000] {dag.py:3239} INFO - Sync 1 DAGs
[2025-02-19T10:25:58.283+0000] {logging_mixin.py:190} INFO - [2025-02-19T10:25:58.282+0000] {dag.py:4180} INFO - Setting next_dagrun for example_nested_branch_dag to 2025-02-18 00:00:00+00:00, run_after=2025-02-19 00:00:00+00:00
[2025-02-19T10:25:58.304+0000] {processor.py:208} INFO - Processing /home/airflow/.local/lib/python3.12/site-packages/airflow/example_dags/example_nested_branch_dag.py took 0.109 seconds
[2025-02-19T10:26:29.732+0000] {processor.py:186} INFO - Started process (PID=1587) to work on /home/airflow/.local/lib/python3.12/site-packages/airflow/example_dags/example_nested_branch_dag.py
[2025-02-19T10:26:29.733+0000] {processor.py:914} INFO - Processing file /home/airflow/.local/lib/python3.12/site-packages/airflow/example_dags/example_nested_branch_dag.py for tasks to queue
[2025-02-19T10:26:29.736+0000] {logging_mixin.py:190} INFO - [2025-02-19T10:26:29.736+0000] {dagbag.py:588} INFO - Filling up the DagBag from /home/airflow/.local/lib/python3.12/site-packages/airflow/example_dags/example_nested_branch_dag.py
[2025-02-19T10:26:29.751+0000] {processor.py:925} INFO - DAG(s) 'example_nested_branch_dag' retrieved from /home/airflow/.local/lib/python3.12/site-packages/airflow/example_dags/example_nested_branch_dag.py
[2025-02-19T10:26:29.777+0000] {logging_mixin.py:190} INFO - [2025-02-19T10:26:29.777+0000] {dag.py:3239} INFO - Sync 1 DAGs
[2025-02-19T10:26:29.804+0000] {logging_mixin.py:190} INFO - [2025-02-19T10:26:29.804+0000] {dag.py:4180} INFO - Setting next_dagrun for example_nested_branch_dag to 2025-02-18 00:00:00+00:00, run_after=2025-02-19 00:00:00+00:00
[2025-02-19T10:26:29.824+0000] {processor.py:208} INFO - Processing /home/airflow/.local/lib/python3.12/site-packages/airflow/example_dags/example_nested_branch_dag.py took 0.099 seconds
[2025-02-19T10:27:01.264+0000] {processor.py:186} INFO - Started process (PID=1654) to work on /home/airflow/.local/lib/python3.12/site-packages/airflow/example_dags/example_nested_branch_dag.py
[2025-02-19T10:27:01.266+0000] {processor.py:914} INFO - Processing file /home/airflow/.local/lib/python3.12/site-packages/airflow/example_dags/example_nested_branch_dag.py for tasks to queue
[2025-02-19T10:27:01.269+0000] {logging_mixin.py:190} INFO - [2025-02-19T10:27:01.268+0000] {dagbag.py:588} INFO - Filling up the DagBag from /home/airflow/.local/lib/python3.12/site-packages/airflow/example_dags/example_nested_branch_dag.py
[2025-02-19T10:27:01.287+0000] {processor.py:925} INFO - DAG(s) 'example_nested_branch_dag' retrieved from /home/airflow/.local/lib/python3.12/site-packages/airflow/example_dags/example_nested_branch_dag.py
[2025-02-19T10:27:01.313+0000] {logging_mixin.py:190} INFO - [2025-02-19T10:27:01.313+0000] {dag.py:3239} INFO - Sync 1 DAGs
[2025-02-19T10:27:01.344+0000] {logging_mixin.py:190} INFO - [2025-02-19T10:27:01.343+0000] {dag.py:4180} INFO - Setting next_dagrun for example_nested_branch_dag to 2025-02-18 00:00:00+00:00, run_after=2025-02-19 00:00:00+00:00
[2025-02-19T10:27:01.364+0000] {processor.py:208} INFO - Processing /home/airflow/.local/lib/python3.12/site-packages/airflow/example_dags/example_nested_branch_dag.py took 0.109 seconds
[2025-02-19T10:27:32.938+0000] {processor.py:186} INFO - Started process (PID=1721) to work on /home/airflow/.local/lib/python3.12/site-packages/airflow/example_dags/example_nested_branch_dag.py
[2025-02-19T10:27:32.939+0000] {processor.py:914} INFO - Processing file /home/airflow/.local/lib/python3.12/site-packages/airflow/example_dags/example_nested_branch_dag.py for tasks to queue
[2025-02-19T10:27:32.943+0000] {logging_mixin.py:190} INFO - [2025-02-19T10:27:32.942+0000] {dagbag.py:588} INFO - Filling up the DagBag from /home/airflow/.local/lib/python3.12/site-packages/airflow/example_dags/example_nested_branch_dag.py
[2025-02-19T10:27:32.954+0000] {processor.py:925} INFO - DAG(s) 'example_nested_branch_dag' retrieved from /home/airflow/.local/lib/python3.12/site-packages/airflow/example_dags/example_nested_branch_dag.py
[2025-02-19T10:27:32.976+0000] {logging_mixin.py:190} INFO - [2025-02-19T10:27:32.975+0000] {dag.py:3239} INFO - Sync 1 DAGs
[2025-02-19T10:27:32.999+0000] {logging_mixin.py:190} INFO - [2025-02-19T10:27:32.999+0000] {dag.py:4180} INFO - Setting next_dagrun for example_nested_branch_dag to 2025-02-18 00:00:00+00:00, run_after=2025-02-19 00:00:00+00:00
[2025-02-19T10:27:33.019+0000] {processor.py:208} INFO - Processing /home/airflow/.local/lib/python3.12/site-packages/airflow/example_dags/example_nested_branch_dag.py took 0.086 seconds
[2025-02-19T10:28:04.018+0000] {processor.py:186} INFO - Started process (PID=1788) to work on /home/airflow/.local/lib/python3.12/site-packages/airflow/example_dags/example_nested_branch_dag.py
[2025-02-19T10:28:04.019+0000] {processor.py:914} INFO - Processing file /home/airflow/.local/lib/python3.12/site-packages/airflow/example_dags/example_nested_branch_dag.py for tasks to queue
[2025-02-19T10:28:04.022+0000] {logging_mixin.py:190} INFO - [2025-02-19T10:28:04.022+0000] {dagbag.py:588} INFO - Filling up the DagBag from /home/airflow/.local/lib/python3.12/site-packages/airflow/example_dags/example_nested_branch_dag.py
[2025-02-19T10:28:04.036+0000] {processor.py:925} INFO - DAG(s) 'example_nested_branch_dag' retrieved from /home/airflow/.local/lib/python3.12/site-packages/airflow/example_dags/example_nested_branch_dag.py
[2025-02-19T10:28:04.062+0000] {logging_mixin.py:190} INFO - [2025-02-19T10:28:04.062+0000] {dag.py:3239} INFO - Sync 1 DAGs
[2025-02-19T10:28:04.086+0000] {logging_mixin.py:190} INFO - [2025-02-19T10:28:04.086+0000] {dag.py:4180} INFO - Setting next_dagrun for example_nested_branch_dag to 2025-02-18 00:00:00+00:00, run_after=2025-02-19 00:00:00+00:00
[2025-02-19T10:28:04.102+0000] {processor.py:208} INFO - Processing /home/airflow/.local/lib/python3.12/site-packages/airflow/example_dags/example_nested_branch_dag.py took 0.092 seconds
[2025-02-19T10:28:35.251+0000] {processor.py:186} INFO - Started process (PID=1855) to work on /home/airflow/.local/lib/python3.12/site-packages/airflow/example_dags/example_nested_branch_dag.py
[2025-02-19T10:28:35.252+0000] {processor.py:914} INFO - Processing file /home/airflow/.local/lib/python3.12/site-packages/airflow/example_dags/example_nested_branch_dag.py for tasks to queue
[2025-02-19T10:28:35.255+0000] {logging_mixin.py:190} INFO - [2025-02-19T10:28:35.255+0000] {dagbag.py:588} INFO - Filling up the DagBag from /home/airflow/.local/lib/python3.12/site-packages/airflow/example_dags/example_nested_branch_dag.py
[2025-02-19T10:28:35.267+0000] {processor.py:925} INFO - DAG(s) 'example_nested_branch_dag' retrieved from /home/airflow/.local/lib/python3.12/site-packages/airflow/example_dags/example_nested_branch_dag.py
[2025-02-19T10:28:35.290+0000] {logging_mixin.py:190} INFO - [2025-02-19T10:28:35.290+0000] {dag.py:3239} INFO - Sync 1 DAGs
[2025-02-19T10:28:35.321+0000] {logging_mixin.py:190} INFO - [2025-02-19T10:28:35.320+0000] {dag.py:4180} INFO - Setting next_dagrun for example_nested_branch_dag to 2025-02-18 00:00:00+00:00, run_after=2025-02-19 00:00:00+00:00
[2025-02-19T10:28:35.339+0000] {processor.py:208} INFO - Processing /home/airflow/.local/lib/python3.12/site-packages/airflow/example_dags/example_nested_branch_dag.py took 0.095 seconds
[2025-02-19T10:29:06.574+0000] {processor.py:186} INFO - Started process (PID=1927) to work on /home/airflow/.local/lib/python3.12/site-packages/airflow/example_dags/example_nested_branch_dag.py
[2025-02-19T10:29:06.575+0000] {processor.py:914} INFO - Processing file /home/airflow/.local/lib/python3.12/site-packages/airflow/example_dags/example_nested_branch_dag.py for tasks to queue
[2025-02-19T10:29:06.578+0000] {logging_mixin.py:190} INFO - [2025-02-19T10:29:06.578+0000] {dagbag.py:588} INFO - Filling up the DagBag from /home/airflow/.local/lib/python3.12/site-packages/airflow/example_dags/example_nested_branch_dag.py
[2025-02-19T10:29:06.590+0000] {processor.py:925} INFO - DAG(s) 'example_nested_branch_dag' retrieved from /home/airflow/.local/lib/python3.12/site-packages/airflow/example_dags/example_nested_branch_dag.py
[2025-02-19T10:29:06.612+0000] {logging_mixin.py:190} INFO - [2025-02-19T10:29:06.612+0000] {dag.py:3239} INFO - Sync 1 DAGs
[2025-02-19T10:29:06.638+0000] {logging_mixin.py:190} INFO - [2025-02-19T10:29:06.638+0000] {dag.py:4180} INFO - Setting next_dagrun for example_nested_branch_dag to 2025-02-18 00:00:00+00:00, run_after=2025-02-19 00:00:00+00:00
[2025-02-19T10:29:06.657+0000] {processor.py:208} INFO - Processing /home/airflow/.local/lib/python3.12/site-packages/airflow/example_dags/example_nested_branch_dag.py took 0.088 seconds
[2025-02-19T10:29:37.815+0000] {processor.py:186} INFO - Started process (PID=1994) to work on /home/airflow/.local/lib/python3.12/site-packages/airflow/example_dags/example_nested_branch_dag.py
[2025-02-19T10:29:37.816+0000] {processor.py:914} INFO - Processing file /home/airflow/.local/lib/python3.12/site-packages/airflow/example_dags/example_nested_branch_dag.py for tasks to queue
[2025-02-19T10:29:37.818+0000] {logging_mixin.py:190} INFO - [2025-02-19T10:29:37.818+0000] {dagbag.py:588} INFO - Filling up the DagBag from /home/airflow/.local/lib/python3.12/site-packages/airflow/example_dags/example_nested_branch_dag.py
[2025-02-19T10:29:37.830+0000] {processor.py:925} INFO - DAG(s) 'example_nested_branch_dag' retrieved from /home/airflow/.local/lib/python3.12/site-packages/airflow/example_dags/example_nested_branch_dag.py
[2025-02-19T10:29:37.857+0000] {logging_mixin.py:190} INFO - [2025-02-19T10:29:37.856+0000] {dag.py:3239} INFO - Sync 1 DAGs
[2025-02-19T10:29:37.884+0000] {logging_mixin.py:190} INFO - [2025-02-19T10:29:37.884+0000] {dag.py:4180} INFO - Setting next_dagrun for example_nested_branch_dag to 2025-02-18 00:00:00+00:00, run_after=2025-02-19 00:00:00+00:00
[2025-02-19T10:29:37.906+0000] {processor.py:208} INFO - Processing /home/airflow/.local/lib/python3.12/site-packages/airflow/example_dags/example_nested_branch_dag.py took 0.097 seconds
[2025-02-19T10:30:10.283+0000] {processor.py:186} INFO - Started process (PID=2062) to work on /home/airflow/.local/lib/python3.12/site-packages/airflow/example_dags/example_nested_branch_dag.py
[2025-02-19T10:30:10.284+0000] {processor.py:914} INFO - Processing file /home/airflow/.local/lib/python3.12/site-packages/airflow/example_dags/example_nested_branch_dag.py for tasks to queue
[2025-02-19T10:30:10.287+0000] {logging_mixin.py:190} INFO - [2025-02-19T10:30:10.287+0000] {dagbag.py:588} INFO - Filling up the DagBag from /home/airflow/.local/lib/python3.12/site-packages/airflow/example_dags/example_nested_branch_dag.py
[2025-02-19T10:30:10.308+0000] {processor.py:925} INFO - DAG(s) 'example_nested_branch_dag' retrieved from /home/airflow/.local/lib/python3.12/site-packages/airflow/example_dags/example_nested_branch_dag.py
[2025-02-19T10:30:10.347+0000] {logging_mixin.py:190} INFO - [2025-02-19T10:30:10.347+0000] {dag.py:3239} INFO - Sync 1 DAGs
[2025-02-19T10:30:10.388+0000] {logging_mixin.py:190} INFO - [2025-02-19T10:30:10.388+0000] {dag.py:4180} INFO - Setting next_dagrun for example_nested_branch_dag to 2025-02-18 00:00:00+00:00, run_after=2025-02-19 00:00:00+00:00
[2025-02-19T10:30:10.427+0000] {processor.py:208} INFO - Processing /home/airflow/.local/lib/python3.12/site-packages/airflow/example_dags/example_nested_branch_dag.py took 0.154 seconds
[2025-02-19T10:30:41.438+0000] {processor.py:186} INFO - Started process (PID=2128) to work on /home/airflow/.local/lib/python3.12/site-packages/airflow/example_dags/example_nested_branch_dag.py
[2025-02-19T10:30:41.439+0000] {processor.py:914} INFO - Processing file /home/airflow/.local/lib/python3.12/site-packages/airflow/example_dags/example_nested_branch_dag.py for tasks to queue
[2025-02-19T10:30:41.444+0000] {logging_mixin.py:190} INFO - [2025-02-19T10:30:41.443+0000] {dagbag.py:588} INFO - Filling up the DagBag from /home/airflow/.local/lib/python3.12/site-packages/airflow/example_dags/example_nested_branch_dag.py
[2025-02-19T10:30:41.470+0000] {processor.py:925} INFO - DAG(s) 'example_nested_branch_dag' retrieved from /home/airflow/.local/lib/python3.12/site-packages/airflow/example_dags/example_nested_branch_dag.py
[2025-02-19T10:30:41.517+0000] {logging_mixin.py:190} INFO - [2025-02-19T10:30:41.517+0000] {dag.py:3239} INFO - Sync 1 DAGs
[2025-02-19T10:30:41.585+0000] {logging_mixin.py:190} INFO - [2025-02-19T10:30:41.584+0000] {dag.py:4180} INFO - Setting next_dagrun for example_nested_branch_dag to 2025-02-18 00:00:00+00:00, run_after=2025-02-19 00:00:00+00:00
[2025-02-19T10:30:41.617+0000] {processor.py:208} INFO - Processing /home/airflow/.local/lib/python3.12/site-packages/airflow/example_dags/example_nested_branch_dag.py took 0.193 seconds
[2025-02-19T10:31:12.131+0000] {processor.py:186} INFO - Started process (PID=2195) to work on /home/airflow/.local/lib/python3.12/site-packages/airflow/example_dags/example_nested_branch_dag.py
[2025-02-19T10:31:12.132+0000] {processor.py:914} INFO - Processing file /home/airflow/.local/lib/python3.12/site-packages/airflow/example_dags/example_nested_branch_dag.py for tasks to queue
[2025-02-19T10:31:12.134+0000] {logging_mixin.py:190} INFO - [2025-02-19T10:31:12.134+0000] {dagbag.py:588} INFO - Filling up the DagBag from /home/airflow/.local/lib/python3.12/site-packages/airflow/example_dags/example_nested_branch_dag.py
[2025-02-19T10:31:12.147+0000] {processor.py:925} INFO - DAG(s) 'example_nested_branch_dag' retrieved from /home/airflow/.local/lib/python3.12/site-packages/airflow/example_dags/example_nested_branch_dag.py
[2025-02-19T10:31:12.173+0000] {logging_mixin.py:190} INFO - [2025-02-19T10:31:12.172+0000] {dag.py:3239} INFO - Sync 1 DAGs
[2025-02-19T10:31:12.204+0000] {logging_mixin.py:190} INFO - [2025-02-19T10:31:12.203+0000] {dag.py:4180} INFO - Setting next_dagrun for example_nested_branch_dag to 2025-02-18 00:00:00+00:00, run_after=2025-02-19 00:00:00+00:00
[2025-02-19T10:31:12.227+0000] {processor.py:208} INFO - Processing /home/airflow/.local/lib/python3.12/site-packages/airflow/example_dags/example_nested_branch_dag.py took 0.101 seconds
[2025-02-19T10:31:43.654+0000] {processor.py:186} INFO - Started process (PID=2269) to work on /home/airflow/.local/lib/python3.12/site-packages/airflow/example_dags/example_nested_branch_dag.py
[2025-02-19T10:31:43.655+0000] {processor.py:914} INFO - Processing file /home/airflow/.local/lib/python3.12/site-packages/airflow/example_dags/example_nested_branch_dag.py for tasks to queue
[2025-02-19T10:31:43.660+0000] {logging_mixin.py:190} INFO - [2025-02-19T10:31:43.659+0000] {dagbag.py:588} INFO - Filling up the DagBag from /home/airflow/.local/lib/python3.12/site-packages/airflow/example_dags/example_nested_branch_dag.py
[2025-02-19T10:31:43.678+0000] {processor.py:925} INFO - DAG(s) 'example_nested_branch_dag' retrieved from /home/airflow/.local/lib/python3.12/site-packages/airflow/example_dags/example_nested_branch_dag.py
[2025-02-19T10:31:43.712+0000] {logging_mixin.py:190} INFO - [2025-02-19T10:31:43.711+0000] {dag.py:3239} INFO - Sync 1 DAGs
[2025-02-19T10:31:43.744+0000] {logging_mixin.py:190} INFO - [2025-02-19T10:31:43.744+0000] {dag.py:4180} INFO - Setting next_dagrun for example_nested_branch_dag to 2025-02-18 00:00:00+00:00, run_after=2025-02-19 00:00:00+00:00
[2025-02-19T10:31:43.771+0000] {processor.py:208} INFO - Processing /home/airflow/.local/lib/python3.12/site-packages/airflow/example_dags/example_nested_branch_dag.py took 0.124 seconds
[2025-02-19T10:32:14.821+0000] {processor.py:186} INFO - Started process (PID=2338) to work on /home/airflow/.local/lib/python3.12/site-packages/airflow/example_dags/example_nested_branch_dag.py
[2025-02-19T10:32:14.821+0000] {processor.py:914} INFO - Processing file /home/airflow/.local/lib/python3.12/site-packages/airflow/example_dags/example_nested_branch_dag.py for tasks to queue
[2025-02-19T10:32:14.824+0000] {logging_mixin.py:190} INFO - [2025-02-19T10:32:14.823+0000] {dagbag.py:588} INFO - Filling up the DagBag from /home/airflow/.local/lib/python3.12/site-packages/airflow/example_dags/example_nested_branch_dag.py
[2025-02-19T10:32:14.837+0000] {processor.py:925} INFO - DAG(s) 'example_nested_branch_dag' retrieved from /home/airflow/.local/lib/python3.12/site-packages/airflow/example_dags/example_nested_branch_dag.py
[2025-02-19T10:32:14.860+0000] {logging_mixin.py:190} INFO - [2025-02-19T10:32:14.860+0000] {dag.py:3239} INFO - Sync 1 DAGs
[2025-02-19T10:32:14.887+0000] {logging_mixin.py:190} INFO - [2025-02-19T10:32:14.887+0000] {dag.py:4180} INFO - Setting next_dagrun for example_nested_branch_dag to 2025-02-18 00:00:00+00:00, run_after=2025-02-19 00:00:00+00:00
[2025-02-19T10:32:14.913+0000] {processor.py:208} INFO - Processing /home/airflow/.local/lib/python3.12/site-packages/airflow/example_dags/example_nested_branch_dag.py took 0.097 seconds
[2025-02-19T10:32:47.706+0000] {processor.py:186} INFO - Started process (PID=2405) to work on /home/airflow/.local/lib/python3.12/site-packages/airflow/example_dags/example_nested_branch_dag.py
[2025-02-19T10:32:47.707+0000] {processor.py:914} INFO - Processing file /home/airflow/.local/lib/python3.12/site-packages/airflow/example_dags/example_nested_branch_dag.py for tasks to queue
[2025-02-19T10:32:47.709+0000] {logging_mixin.py:190} INFO - [2025-02-19T10:32:47.708+0000] {dagbag.py:588} INFO - Filling up the DagBag from /home/airflow/.local/lib/python3.12/site-packages/airflow/example_dags/example_nested_branch_dag.py
[2025-02-19T10:32:47.720+0000] {processor.py:925} INFO - DAG(s) 'example_nested_branch_dag' retrieved from /home/airflow/.local/lib/python3.12/site-packages/airflow/example_dags/example_nested_branch_dag.py
[2025-02-19T10:32:47.741+0000] {logging_mixin.py:190} INFO - [2025-02-19T10:32:47.741+0000] {dag.py:3239} INFO - Sync 1 DAGs
[2025-02-19T10:32:47.971+0000] {logging_mixin.py:190} INFO - [2025-02-19T10:32:47.971+0000] {dag.py:4180} INFO - Setting next_dagrun for example_nested_branch_dag to 2025-02-18 00:00:00+00:00, run_after=2025-02-19 00:00:00+00:00
[2025-02-19T10:32:47.991+0000] {processor.py:208} INFO - Processing /home/airflow/.local/lib/python3.12/site-packages/airflow/example_dags/example_nested_branch_dag.py took 0.291 seconds
[2025-02-19T10:33:18.901+0000] {processor.py:186} INFO - Started process (PID=2475) to work on /home/airflow/.local/lib/python3.12/site-packages/airflow/example_dags/example_nested_branch_dag.py
[2025-02-19T10:33:18.902+0000] {processor.py:914} INFO - Processing file /home/airflow/.local/lib/python3.12/site-packages/airflow/example_dags/example_nested_branch_dag.py for tasks to queue
[2025-02-19T10:33:18.904+0000] {logging_mixin.py:190} INFO - [2025-02-19T10:33:18.903+0000] {dagbag.py:588} INFO - Filling up the DagBag from /home/airflow/.local/lib/python3.12/site-packages/airflow/example_dags/example_nested_branch_dag.py
[2025-02-19T10:33:18.916+0000] {processor.py:925} INFO - DAG(s) 'example_nested_branch_dag' retrieved from /home/airflow/.local/lib/python3.12/site-packages/airflow/example_dags/example_nested_branch_dag.py
[2025-02-19T10:33:18.942+0000] {logging_mixin.py:190} INFO - [2025-02-19T10:33:18.941+0000] {dag.py:3239} INFO - Sync 1 DAGs
[2025-02-19T10:33:18.968+0000] {logging_mixin.py:190} INFO - [2025-02-19T10:33:18.968+0000] {dag.py:4180} INFO - Setting next_dagrun for example_nested_branch_dag to 2025-02-18 00:00:00+00:00, run_after=2025-02-19 00:00:00+00:00
[2025-02-19T10:33:19.282+0000] {processor.py:208} INFO - Processing /home/airflow/.local/lib/python3.12/site-packages/airflow/example_dags/example_nested_branch_dag.py took 0.387 seconds
[2025-02-19T10:33:49.578+0000] {processor.py:186} INFO - Started process (PID=2542) to work on /home/airflow/.local/lib/python3.12/site-packages/airflow/example_dags/example_nested_branch_dag.py
[2025-02-19T10:33:49.579+0000] {processor.py:914} INFO - Processing file /home/airflow/.local/lib/python3.12/site-packages/airflow/example_dags/example_nested_branch_dag.py for tasks to queue
[2025-02-19T10:33:49.582+0000] {logging_mixin.py:190} INFO - [2025-02-19T10:33:49.582+0000] {dagbag.py:588} INFO - Filling up the DagBag from /home/airflow/.local/lib/python3.12/site-packages/airflow/example_dags/example_nested_branch_dag.py
[2025-02-19T10:33:49.594+0000] {processor.py:925} INFO - DAG(s) 'example_nested_branch_dag' retrieved from /home/airflow/.local/lib/python3.12/site-packages/airflow/example_dags/example_nested_branch_dag.py
[2025-02-19T10:33:49.615+0000] {logging_mixin.py:190} INFO - [2025-02-19T10:33:49.615+0000] {dag.py:3239} INFO - Sync 1 DAGs
[2025-02-19T10:33:49.636+0000] {logging_mixin.py:190} INFO - [2025-02-19T10:33:49.636+0000] {dag.py:4180} INFO - Setting next_dagrun for example_nested_branch_dag to 2025-02-18 00:00:00+00:00, run_after=2025-02-19 00:00:00+00:00
[2025-02-19T10:33:49.653+0000] {processor.py:208} INFO - Processing /home/airflow/.local/lib/python3.12/site-packages/airflow/example_dags/example_nested_branch_dag.py took 0.080 seconds
[2025-02-19T10:34:22.273+0000] {processor.py:186} INFO - Started process (PID=2614) to work on /home/airflow/.local/lib/python3.12/site-packages/airflow/example_dags/example_nested_branch_dag.py
[2025-02-19T10:34:22.274+0000] {processor.py:914} INFO - Processing file /home/airflow/.local/lib/python3.12/site-packages/airflow/example_dags/example_nested_branch_dag.py for tasks to queue
[2025-02-19T10:34:22.277+0000] {logging_mixin.py:190} INFO - [2025-02-19T10:34:22.276+0000] {dagbag.py:588} INFO - Filling up the DagBag from /home/airflow/.local/lib/python3.12/site-packages/airflow/example_dags/example_nested_branch_dag.py
[2025-02-19T10:34:22.447+0000] {processor.py:925} INFO - DAG(s) 'example_nested_branch_dag' retrieved from /home/airflow/.local/lib/python3.12/site-packages/airflow/example_dags/example_nested_branch_dag.py
[2025-02-19T10:34:22.466+0000] {logging_mixin.py:190} INFO - [2025-02-19T10:34:22.465+0000] {dag.py:3239} INFO - Sync 1 DAGs
[2025-02-19T10:34:22.484+0000] {logging_mixin.py:190} INFO - [2025-02-19T10:34:22.484+0000] {dag.py:4180} INFO - Setting next_dagrun for example_nested_branch_dag to 2025-02-18 00:00:00+00:00, run_after=2025-02-19 00:00:00+00:00
[2025-02-19T10:34:22.498+0000] {processor.py:208} INFO - Processing /home/airflow/.local/lib/python3.12/site-packages/airflow/example_dags/example_nested_branch_dag.py took 0.230 seconds
[2025-02-19T10:34:53.312+0000] {processor.py:186} INFO - Started process (PID=2682) to work on /home/airflow/.local/lib/python3.12/site-packages/airflow/example_dags/example_nested_branch_dag.py
[2025-02-19T10:34:53.313+0000] {processor.py:914} INFO - Processing file /home/airflow/.local/lib/python3.12/site-packages/airflow/example_dags/example_nested_branch_dag.py for tasks to queue
[2025-02-19T10:34:53.315+0000] {logging_mixin.py:190} INFO - [2025-02-19T10:34:53.315+0000] {dagbag.py:588} INFO - Filling up the DagBag from /home/airflow/.local/lib/python3.12/site-packages/airflow/example_dags/example_nested_branch_dag.py
[2025-02-19T10:34:53.327+0000] {processor.py:925} INFO - DAG(s) 'example_nested_branch_dag' retrieved from /home/airflow/.local/lib/python3.12/site-packages/airflow/example_dags/example_nested_branch_dag.py
[2025-02-19T10:34:53.348+0000] {logging_mixin.py:190} INFO - [2025-02-19T10:34:53.348+0000] {dag.py:3239} INFO - Sync 1 DAGs
[2025-02-19T10:34:53.371+0000] {logging_mixin.py:190} INFO - [2025-02-19T10:34:53.371+0000] {dag.py:4180} INFO - Setting next_dagrun for example_nested_branch_dag to 2025-02-18 00:00:00+00:00, run_after=2025-02-19 00:00:00+00:00
[2025-02-19T10:34:53.387+0000] {processor.py:208} INFO - Processing /home/airflow/.local/lib/python3.12/site-packages/airflow/example_dags/example_nested_branch_dag.py took 0.081 seconds
[2025-02-19T10:35:23.909+0000] {processor.py:186} INFO - Started process (PID=2751) to work on /home/airflow/.local/lib/python3.12/site-packages/airflow/example_dags/example_nested_branch_dag.py
[2025-02-19T10:35:23.910+0000] {processor.py:914} INFO - Processing file /home/airflow/.local/lib/python3.12/site-packages/airflow/example_dags/example_nested_branch_dag.py for tasks to queue
[2025-02-19T10:35:23.913+0000] {logging_mixin.py:190} INFO - [2025-02-19T10:35:23.912+0000] {dagbag.py:588} INFO - Filling up the DagBag from /home/airflow/.local/lib/python3.12/site-packages/airflow/example_dags/example_nested_branch_dag.py
[2025-02-19T10:35:23.926+0000] {processor.py:925} INFO - DAG(s) 'example_nested_branch_dag' retrieved from /home/airflow/.local/lib/python3.12/site-packages/airflow/example_dags/example_nested_branch_dag.py
[2025-02-19T10:35:23.947+0000] {logging_mixin.py:190} INFO - [2025-02-19T10:35:23.946+0000] {dag.py:3239} INFO - Sync 1 DAGs
[2025-02-19T10:35:23.970+0000] {logging_mixin.py:190} INFO - [2025-02-19T10:35:23.970+0000] {dag.py:4180} INFO - Setting next_dagrun for example_nested_branch_dag to 2025-02-18 00:00:00+00:00, run_after=2025-02-19 00:00:00+00:00
[2025-02-19T10:35:23.987+0000] {processor.py:208} INFO - Processing /home/airflow/.local/lib/python3.12/site-packages/airflow/example_dags/example_nested_branch_dag.py took 0.083 seconds
[2025-02-19T10:35:55.007+0000] {processor.py:186} INFO - Started process (PID=2820) to work on /home/airflow/.local/lib/python3.12/site-packages/airflow/example_dags/example_nested_branch_dag.py
[2025-02-19T10:35:55.008+0000] {processor.py:914} INFO - Processing file /home/airflow/.local/lib/python3.12/site-packages/airflow/example_dags/example_nested_branch_dag.py for tasks to queue
[2025-02-19T10:35:55.010+0000] {logging_mixin.py:190} INFO - [2025-02-19T10:35:55.010+0000] {dagbag.py:588} INFO - Filling up the DagBag from /home/airflow/.local/lib/python3.12/site-packages/airflow/example_dags/example_nested_branch_dag.py
[2025-02-19T10:35:55.021+0000] {processor.py:925} INFO - DAG(s) 'example_nested_branch_dag' retrieved from /home/airflow/.local/lib/python3.12/site-packages/airflow/example_dags/example_nested_branch_dag.py
[2025-02-19T10:35:55.040+0000] {logging_mixin.py:190} INFO - [2025-02-19T10:35:55.040+0000] {dag.py:3239} INFO - Sync 1 DAGs
[2025-02-19T10:35:55.062+0000] {logging_mixin.py:190} INFO - [2025-02-19T10:35:55.062+0000] {dag.py:4180} INFO - Setting next_dagrun for example_nested_branch_dag to 2025-02-18 00:00:00+00:00, run_after=2025-02-19 00:00:00+00:00
[2025-02-19T10:35:55.078+0000] {processor.py:208} INFO - Processing /home/airflow/.local/lib/python3.12/site-packages/airflow/example_dags/example_nested_branch_dag.py took 0.076 seconds
[2025-02-19T10:36:25.510+0000] {processor.py:186} INFO - Started process (PID=2887) to work on /home/airflow/.local/lib/python3.12/site-packages/airflow/example_dags/example_nested_branch_dag.py
[2025-02-19T10:36:25.511+0000] {processor.py:914} INFO - Processing file /home/airflow/.local/lib/python3.12/site-packages/airflow/example_dags/example_nested_branch_dag.py for tasks to queue
[2025-02-19T10:36:25.514+0000] {logging_mixin.py:190} INFO - [2025-02-19T10:36:25.514+0000] {dagbag.py:588} INFO - Filling up the DagBag from /home/airflow/.local/lib/python3.12/site-packages/airflow/example_dags/example_nested_branch_dag.py
[2025-02-19T10:36:25.527+0000] {processor.py:925} INFO - DAG(s) 'example_nested_branch_dag' retrieved from /home/airflow/.local/lib/python3.12/site-packages/airflow/example_dags/example_nested_branch_dag.py
[2025-02-19T10:36:25.552+0000] {logging_mixin.py:190} INFO - [2025-02-19T10:36:25.552+0000] {dag.py:3239} INFO - Sync 1 DAGs
[2025-02-19T10:36:25.586+0000] {logging_mixin.py:190} INFO - [2025-02-19T10:36:25.585+0000] {dag.py:4180} INFO - Setting next_dagrun for example_nested_branch_dag to 2025-02-18 00:00:00+00:00, run_after=2025-02-19 00:00:00+00:00
[2025-02-19T10:36:25.608+0000] {processor.py:208} INFO - Processing /home/airflow/.local/lib/python3.12/site-packages/airflow/example_dags/example_nested_branch_dag.py took 0.105 seconds
[2025-02-19T10:36:55.751+0000] {processor.py:186} INFO - Started process (PID=2954) to work on /home/airflow/.local/lib/python3.12/site-packages/airflow/example_dags/example_nested_branch_dag.py
[2025-02-19T10:36:55.752+0000] {processor.py:914} INFO - Processing file /home/airflow/.local/lib/python3.12/site-packages/airflow/example_dags/example_nested_branch_dag.py for tasks to queue
[2025-02-19T10:36:55.755+0000] {logging_mixin.py:190} INFO - [2025-02-19T10:36:55.754+0000] {dagbag.py:588} INFO - Filling up the DagBag from /home/airflow/.local/lib/python3.12/site-packages/airflow/example_dags/example_nested_branch_dag.py
[2025-02-19T10:36:55.769+0000] {processor.py:925} INFO - DAG(s) 'example_nested_branch_dag' retrieved from /home/airflow/.local/lib/python3.12/site-packages/airflow/example_dags/example_nested_branch_dag.py
[2025-02-19T10:36:55.796+0000] {logging_mixin.py:190} INFO - [2025-02-19T10:36:55.796+0000] {dag.py:3239} INFO - Sync 1 DAGs
[2025-02-19T10:36:55.826+0000] {logging_mixin.py:190} INFO - [2025-02-19T10:36:55.825+0000] {dag.py:4180} INFO - Setting next_dagrun for example_nested_branch_dag to 2025-02-18 00:00:00+00:00, run_after=2025-02-19 00:00:00+00:00
[2025-02-19T10:36:55.853+0000] {processor.py:208} INFO - Processing /home/airflow/.local/lib/python3.12/site-packages/airflow/example_dags/example_nested_branch_dag.py took 0.109 seconds
[2025-02-19T10:37:26.879+0000] {processor.py:186} INFO - Started process (PID=3022) to work on /home/airflow/.local/lib/python3.12/site-packages/airflow/example_dags/example_nested_branch_dag.py
[2025-02-19T10:37:26.880+0000] {processor.py:914} INFO - Processing file /home/airflow/.local/lib/python3.12/site-packages/airflow/example_dags/example_nested_branch_dag.py for tasks to queue
[2025-02-19T10:37:26.882+0000] {logging_mixin.py:190} INFO - [2025-02-19T10:37:26.882+0000] {dagbag.py:588} INFO - Filling up the DagBag from /home/airflow/.local/lib/python3.12/site-packages/airflow/example_dags/example_nested_branch_dag.py
[2025-02-19T10:37:26.896+0000] {processor.py:925} INFO - DAG(s) 'example_nested_branch_dag' retrieved from /home/airflow/.local/lib/python3.12/site-packages/airflow/example_dags/example_nested_branch_dag.py
[2025-02-19T10:37:26.918+0000] {logging_mixin.py:190} INFO - [2025-02-19T10:37:26.917+0000] {dag.py:3239} INFO - Sync 1 DAGs
[2025-02-19T10:37:26.943+0000] {logging_mixin.py:190} INFO - [2025-02-19T10:37:26.943+0000] {dag.py:4180} INFO - Setting next_dagrun for example_nested_branch_dag to 2025-02-18 00:00:00+00:00, run_after=2025-02-19 00:00:00+00:00
[2025-02-19T10:37:26.964+0000] {processor.py:208} INFO - Processing /home/airflow/.local/lib/python3.12/site-packages/airflow/example_dags/example_nested_branch_dag.py took 0.093 seconds
