[2025-02-19T10:11:45.393+0000] {processor.py:186} INFO - Started process (PID=99) to work on /home/airflow/.local/lib/python3.12/site-packages/airflow/example_dags/example_local_kubernetes_executor.py
[2025-02-19T10:11:45.394+0000] {processor.py:914} INFO - Processing file /home/airflow/.local/lib/python3.12/site-packages/airflow/example_dags/example_local_kubernetes_executor.py for tasks to queue
[2025-02-19T10:11:45.398+0000] {logging_mixin.py:190} INFO - [2025-02-19T10:11:45.398+0000] {dagbag.py:588} INFO - Filling up the DagBag from /home/airflow/.local/lib/python3.12/site-packages/airflow/example_dags/example_local_kubernetes_executor.py
[2025-02-19T10:11:45.417+0000] {processor.py:925} INFO - DAG(s) 'example_local_kubernetes_executor' retrieved from /home/airflow/.local/lib/python3.12/site-packages/airflow/example_dags/example_local_kubernetes_executor.py
[2025-02-19T10:11:45.455+0000] {logging_mixin.py:190} INFO - [2025-02-19T10:11:45.454+0000] {dag.py:3239} INFO - Sync 1 DAGs
[2025-02-19T10:11:45.479+0000] {logging_mixin.py:190} INFO - [2025-02-19T10:11:45.479+0000] {dag.py:4180} INFO - Setting next_dagrun for example_local_kubernetes_executor to None, run_after=None
[2025-02-19T10:11:45.511+0000] {processor.py:208} INFO - Processing /home/airflow/.local/lib/python3.12/site-packages/airflow/example_dags/example_local_kubernetes_executor.py took 0.129 seconds
[2025-02-19T10:12:17.204+0000] {processor.py:186} INFO - Started process (PID=165) to work on /home/airflow/.local/lib/python3.12/site-packages/airflow/example_dags/example_local_kubernetes_executor.py
[2025-02-19T10:12:17.206+0000] {processor.py:914} INFO - Processing file /home/airflow/.local/lib/python3.12/site-packages/airflow/example_dags/example_local_kubernetes_executor.py for tasks to queue
[2025-02-19T10:12:17.210+0000] {logging_mixin.py:190} INFO - [2025-02-19T10:12:17.209+0000] {dagbag.py:588} INFO - Filling up the DagBag from /home/airflow/.local/lib/python3.12/site-packages/airflow/example_dags/example_local_kubernetes_executor.py
[2025-02-19T10:12:17.230+0000] {processor.py:925} INFO - DAG(s) 'example_local_kubernetes_executor' retrieved from /home/airflow/.local/lib/python3.12/site-packages/airflow/example_dags/example_local_kubernetes_executor.py
[2025-02-19T10:12:17.271+0000] {logging_mixin.py:190} INFO - [2025-02-19T10:12:17.270+0000] {dag.py:3239} INFO - Sync 1 DAGs
[2025-02-19T10:12:17.294+0000] {logging_mixin.py:190} INFO - [2025-02-19T10:12:17.294+0000] {dag.py:4180} INFO - Setting next_dagrun for example_local_kubernetes_executor to None, run_after=None
[2025-02-19T10:12:17.324+0000] {processor.py:208} INFO - Processing /home/airflow/.local/lib/python3.12/site-packages/airflow/example_dags/example_local_kubernetes_executor.py took 0.130 seconds
[2025-02-19T10:12:48.690+0000] {processor.py:186} INFO - Started process (PID=232) to work on /home/airflow/.local/lib/python3.12/site-packages/airflow/example_dags/example_local_kubernetes_executor.py
[2025-02-19T10:12:48.691+0000] {processor.py:914} INFO - Processing file /home/airflow/.local/lib/python3.12/site-packages/airflow/example_dags/example_local_kubernetes_executor.py for tasks to queue
[2025-02-19T10:12:48.693+0000] {logging_mixin.py:190} INFO - [2025-02-19T10:12:48.693+0000] {dagbag.py:588} INFO - Filling up the DagBag from /home/airflow/.local/lib/python3.12/site-packages/airflow/example_dags/example_local_kubernetes_executor.py
[2025-02-19T10:12:48.704+0000] {processor.py:925} INFO - DAG(s) 'example_local_kubernetes_executor' retrieved from /home/airflow/.local/lib/python3.12/site-packages/airflow/example_dags/example_local_kubernetes_executor.py
[2025-02-19T10:12:48.726+0000] {logging_mixin.py:190} INFO - [2025-02-19T10:12:48.726+0000] {dag.py:3239} INFO - Sync 1 DAGs
[2025-02-19T10:12:48.742+0000] {logging_mixin.py:190} INFO - [2025-02-19T10:12:48.741+0000] {dag.py:4180} INFO - Setting next_dagrun for example_local_kubernetes_executor to None, run_after=None
[2025-02-19T10:12:48.762+0000] {processor.py:208} INFO - Processing /home/airflow/.local/lib/python3.12/site-packages/airflow/example_dags/example_local_kubernetes_executor.py took 0.078 seconds
[2025-02-19T10:13:19.926+0000] {processor.py:186} INFO - Started process (PID=299) to work on /home/airflow/.local/lib/python3.12/site-packages/airflow/example_dags/example_local_kubernetes_executor.py
[2025-02-19T10:13:19.927+0000] {processor.py:914} INFO - Processing file /home/airflow/.local/lib/python3.12/site-packages/airflow/example_dags/example_local_kubernetes_executor.py for tasks to queue
[2025-02-19T10:13:19.930+0000] {logging_mixin.py:190} INFO - [2025-02-19T10:13:19.929+0000] {dagbag.py:588} INFO - Filling up the DagBag from /home/airflow/.local/lib/python3.12/site-packages/airflow/example_dags/example_local_kubernetes_executor.py
[2025-02-19T10:13:19.944+0000] {processor.py:925} INFO - DAG(s) 'example_local_kubernetes_executor' retrieved from /home/airflow/.local/lib/python3.12/site-packages/airflow/example_dags/example_local_kubernetes_executor.py
[2025-02-19T10:13:19.985+0000] {logging_mixin.py:190} INFO - [2025-02-19T10:13:19.984+0000] {dag.py:3239} INFO - Sync 1 DAGs
[2025-02-19T10:13:20.007+0000] {logging_mixin.py:190} INFO - [2025-02-19T10:13:20.007+0000] {dag.py:4180} INFO - Setting next_dagrun for example_local_kubernetes_executor to None, run_after=None
[2025-02-19T10:13:20.039+0000] {processor.py:208} INFO - Processing /home/airflow/.local/lib/python3.12/site-packages/airflow/example_dags/example_local_kubernetes_executor.py took 0.122 seconds
[2025-02-19T10:13:55.934+0000] {processor.py:186} INFO - Started process (PID=366) to work on /home/airflow/.local/lib/python3.12/site-packages/airflow/example_dags/example_local_kubernetes_executor.py
[2025-02-19T10:13:55.937+0000] {processor.py:914} INFO - Processing file /home/airflow/.local/lib/python3.12/site-packages/airflow/example_dags/example_local_kubernetes_executor.py for tasks to queue
[2025-02-19T10:13:55.943+0000] {logging_mixin.py:190} INFO - [2025-02-19T10:13:55.942+0000] {dagbag.py:588} INFO - Filling up the DagBag from /home/airflow/.local/lib/python3.12/site-packages/airflow/example_dags/example_local_kubernetes_executor.py
[2025-02-19T10:13:55.974+0000] {processor.py:925} INFO - DAG(s) 'example_local_kubernetes_executor' retrieved from /home/airflow/.local/lib/python3.12/site-packages/airflow/example_dags/example_local_kubernetes_executor.py
[2025-02-19T10:13:56.079+0000] {logging_mixin.py:190} INFO - [2025-02-19T10:13:56.079+0000] {dag.py:3239} INFO - Sync 1 DAGs
[2025-02-19T10:13:56.124+0000] {logging_mixin.py:190} INFO - [2025-02-19T10:13:56.122+0000] {dag.py:4180} INFO - Setting next_dagrun for example_local_kubernetes_executor to None, run_after=None
[2025-02-19T10:13:56.165+0000] {processor.py:208} INFO - Processing /home/airflow/.local/lib/python3.12/site-packages/airflow/example_dags/example_local_kubernetes_executor.py took 0.248 seconds
[2025-02-19T10:15:04.077+0000] {processor.py:186} INFO - Started process (PID=84) to work on /home/airflow/.local/lib/python3.12/site-packages/airflow/example_dags/example_local_kubernetes_executor.py
[2025-02-19T10:15:04.078+0000] {processor.py:914} INFO - Processing file /home/airflow/.local/lib/python3.12/site-packages/airflow/example_dags/example_local_kubernetes_executor.py for tasks to queue
[2025-02-19T10:15:04.080+0000] {logging_mixin.py:190} INFO - [2025-02-19T10:15:04.080+0000] {dagbag.py:588} INFO - Filling up the DagBag from /home/airflow/.local/lib/python3.12/site-packages/airflow/example_dags/example_local_kubernetes_executor.py
[2025-02-19T10:15:04.093+0000] {processor.py:925} INFO - DAG(s) 'example_local_kubernetes_executor' retrieved from /home/airflow/.local/lib/python3.12/site-packages/airflow/example_dags/example_local_kubernetes_executor.py
[2025-02-19T10:15:04.125+0000] {logging_mixin.py:190} INFO - [2025-02-19T10:15:04.125+0000] {dag.py:3239} INFO - Sync 1 DAGs
[2025-02-19T10:15:04.147+0000] {logging_mixin.py:190} INFO - [2025-02-19T10:15:04.147+0000] {dag.py:4180} INFO - Setting next_dagrun for example_local_kubernetes_executor to None, run_after=None
[2025-02-19T10:15:04.179+0000] {processor.py:208} INFO - Processing /home/airflow/.local/lib/python3.12/site-packages/airflow/example_dags/example_local_kubernetes_executor.py took 0.108 seconds
[2025-02-19T10:15:35.165+0000] {processor.py:186} INFO - Started process (PID=157) to work on /home/airflow/.local/lib/python3.12/site-packages/airflow/example_dags/example_local_kubernetes_executor.py
[2025-02-19T10:15:35.167+0000] {processor.py:914} INFO - Processing file /home/airflow/.local/lib/python3.12/site-packages/airflow/example_dags/example_local_kubernetes_executor.py for tasks to queue
[2025-02-19T10:15:35.169+0000] {logging_mixin.py:190} INFO - [2025-02-19T10:15:35.169+0000] {dagbag.py:588} INFO - Filling up the DagBag from /home/airflow/.local/lib/python3.12/site-packages/airflow/example_dags/example_local_kubernetes_executor.py
[2025-02-19T10:15:35.180+0000] {processor.py:925} INFO - DAG(s) 'example_local_kubernetes_executor' retrieved from /home/airflow/.local/lib/python3.12/site-packages/airflow/example_dags/example_local_kubernetes_executor.py
[2025-02-19T10:15:35.207+0000] {logging_mixin.py:190} INFO - [2025-02-19T10:15:35.207+0000] {dag.py:3239} INFO - Sync 1 DAGs
[2025-02-19T10:15:35.223+0000] {logging_mixin.py:190} INFO - [2025-02-19T10:15:35.223+0000] {dag.py:4180} INFO - Setting next_dagrun for example_local_kubernetes_executor to None, run_after=None
[2025-02-19T10:15:35.244+0000] {processor.py:208} INFO - Processing /home/airflow/.local/lib/python3.12/site-packages/airflow/example_dags/example_local_kubernetes_executor.py took 0.085 seconds
[2025-02-19T10:16:06.622+0000] {processor.py:186} INFO - Started process (PID=224) to work on /home/airflow/.local/lib/python3.12/site-packages/airflow/example_dags/example_local_kubernetes_executor.py
[2025-02-19T10:16:06.623+0000] {processor.py:914} INFO - Processing file /home/airflow/.local/lib/python3.12/site-packages/airflow/example_dags/example_local_kubernetes_executor.py for tasks to queue
[2025-02-19T10:16:06.625+0000] {logging_mixin.py:190} INFO - [2025-02-19T10:16:06.625+0000] {dagbag.py:588} INFO - Filling up the DagBag from /home/airflow/.local/lib/python3.12/site-packages/airflow/example_dags/example_local_kubernetes_executor.py
[2025-02-19T10:16:06.636+0000] {processor.py:925} INFO - DAG(s) 'example_local_kubernetes_executor' retrieved from /home/airflow/.local/lib/python3.12/site-packages/airflow/example_dags/example_local_kubernetes_executor.py
[2025-02-19T10:16:06.659+0000] {logging_mixin.py:190} INFO - [2025-02-19T10:16:06.658+0000] {dag.py:3239} INFO - Sync 1 DAGs
[2025-02-19T10:16:06.675+0000] {logging_mixin.py:190} INFO - [2025-02-19T10:16:06.675+0000] {dag.py:4180} INFO - Setting next_dagrun for example_local_kubernetes_executor to None, run_after=None
[2025-02-19T10:16:06.695+0000] {processor.py:208} INFO - Processing /home/airflow/.local/lib/python3.12/site-packages/airflow/example_dags/example_local_kubernetes_executor.py took 0.079 seconds
[2025-02-19T10:16:37.261+0000] {processor.py:186} INFO - Started process (PID=291) to work on /home/airflow/.local/lib/python3.12/site-packages/airflow/example_dags/example_local_kubernetes_executor.py
[2025-02-19T10:16:37.262+0000] {processor.py:914} INFO - Processing file /home/airflow/.local/lib/python3.12/site-packages/airflow/example_dags/example_local_kubernetes_executor.py for tasks to queue
[2025-02-19T10:16:37.264+0000] {logging_mixin.py:190} INFO - [2025-02-19T10:16:37.264+0000] {dagbag.py:588} INFO - Filling up the DagBag from /home/airflow/.local/lib/python3.12/site-packages/airflow/example_dags/example_local_kubernetes_executor.py
[2025-02-19T10:16:37.276+0000] {processor.py:925} INFO - DAG(s) 'example_local_kubernetes_executor' retrieved from /home/airflow/.local/lib/python3.12/site-packages/airflow/example_dags/example_local_kubernetes_executor.py
[2025-02-19T10:16:37.301+0000] {logging_mixin.py:190} INFO - [2025-02-19T10:16:37.301+0000] {dag.py:3239} INFO - Sync 1 DAGs
[2025-02-19T10:16:37.316+0000] {logging_mixin.py:190} INFO - [2025-02-19T10:16:37.316+0000] {dag.py:4180} INFO - Setting next_dagrun for example_local_kubernetes_executor to None, run_after=None
[2025-02-19T10:16:37.337+0000] {processor.py:208} INFO - Processing /home/airflow/.local/lib/python3.12/site-packages/airflow/example_dags/example_local_kubernetes_executor.py took 0.082 seconds
[2025-02-19T10:17:07.898+0000] {processor.py:186} INFO - Started process (PID=358) to work on /home/airflow/.local/lib/python3.12/site-packages/airflow/example_dags/example_local_kubernetes_executor.py
[2025-02-19T10:17:07.900+0000] {processor.py:914} INFO - Processing file /home/airflow/.local/lib/python3.12/site-packages/airflow/example_dags/example_local_kubernetes_executor.py for tasks to queue
[2025-02-19T10:17:07.902+0000] {logging_mixin.py:190} INFO - [2025-02-19T10:17:07.901+0000] {dagbag.py:588} INFO - Filling up the DagBag from /home/airflow/.local/lib/python3.12/site-packages/airflow/example_dags/example_local_kubernetes_executor.py
[2025-02-19T10:17:07.911+0000] {processor.py:925} INFO - DAG(s) 'example_local_kubernetes_executor' retrieved from /home/airflow/.local/lib/python3.12/site-packages/airflow/example_dags/example_local_kubernetes_executor.py
[2025-02-19T10:17:07.935+0000] {logging_mixin.py:190} INFO - [2025-02-19T10:17:07.934+0000] {dag.py:3239} INFO - Sync 1 DAGs
[2025-02-19T10:17:07.951+0000] {logging_mixin.py:190} INFO - [2025-02-19T10:17:07.951+0000] {dag.py:4180} INFO - Setting next_dagrun for example_local_kubernetes_executor to None, run_after=None
[2025-02-19T10:17:07.972+0000] {processor.py:208} INFO - Processing /home/airflow/.local/lib/python3.12/site-packages/airflow/example_dags/example_local_kubernetes_executor.py took 0.079 seconds
[2025-02-19T10:17:38.552+0000] {processor.py:186} INFO - Started process (PID=424) to work on /home/airflow/.local/lib/python3.12/site-packages/airflow/example_dags/example_local_kubernetes_executor.py
[2025-02-19T10:17:38.553+0000] {processor.py:914} INFO - Processing file /home/airflow/.local/lib/python3.12/site-packages/airflow/example_dags/example_local_kubernetes_executor.py for tasks to queue
[2025-02-19T10:17:38.555+0000] {logging_mixin.py:190} INFO - [2025-02-19T10:17:38.555+0000] {dagbag.py:588} INFO - Filling up the DagBag from /home/airflow/.local/lib/python3.12/site-packages/airflow/example_dags/example_local_kubernetes_executor.py
[2025-02-19T10:17:38.564+0000] {processor.py:925} INFO - DAG(s) 'example_local_kubernetes_executor' retrieved from /home/airflow/.local/lib/python3.12/site-packages/airflow/example_dags/example_local_kubernetes_executor.py
[2025-02-19T10:17:38.583+0000] {logging_mixin.py:190} INFO - [2025-02-19T10:17:38.583+0000] {dag.py:3239} INFO - Sync 1 DAGs
[2025-02-19T10:17:38.595+0000] {logging_mixin.py:190} INFO - [2025-02-19T10:17:38.595+0000] {dag.py:4180} INFO - Setting next_dagrun for example_local_kubernetes_executor to None, run_after=None
[2025-02-19T10:17:38.613+0000] {processor.py:208} INFO - Processing /home/airflow/.local/lib/python3.12/site-packages/airflow/example_dags/example_local_kubernetes_executor.py took 0.067 seconds
[2025-02-19T10:18:08.955+0000] {processor.py:186} INFO - Started process (PID=490) to work on /home/airflow/.local/lib/python3.12/site-packages/airflow/example_dags/example_local_kubernetes_executor.py
[2025-02-19T10:18:08.964+0000] {processor.py:914} INFO - Processing file /home/airflow/.local/lib/python3.12/site-packages/airflow/example_dags/example_local_kubernetes_executor.py for tasks to queue
[2025-02-19T10:18:08.967+0000] {logging_mixin.py:190} INFO - [2025-02-19T10:18:08.967+0000] {dagbag.py:588} INFO - Filling up the DagBag from /home/airflow/.local/lib/python3.12/site-packages/airflow/example_dags/example_local_kubernetes_executor.py
[2025-02-19T10:18:08.976+0000] {processor.py:925} INFO - DAG(s) 'example_local_kubernetes_executor' retrieved from /home/airflow/.local/lib/python3.12/site-packages/airflow/example_dags/example_local_kubernetes_executor.py
[2025-02-19T10:18:08.997+0000] {logging_mixin.py:190} INFO - [2025-02-19T10:18:08.996+0000] {dag.py:3239} INFO - Sync 1 DAGs
[2025-02-19T10:18:09.009+0000] {logging_mixin.py:190} INFO - [2025-02-19T10:18:09.009+0000] {dag.py:4180} INFO - Setting next_dagrun for example_local_kubernetes_executor to None, run_after=None
[2025-02-19T10:18:09.025+0000] {processor.py:208} INFO - Processing /home/airflow/.local/lib/python3.12/site-packages/airflow/example_dags/example_local_kubernetes_executor.py took 0.076 seconds
[2025-02-19T10:18:39.493+0000] {processor.py:186} INFO - Started process (PID=557) to work on /home/airflow/.local/lib/python3.12/site-packages/airflow/example_dags/example_local_kubernetes_executor.py
[2025-02-19T10:18:39.502+0000] {processor.py:914} INFO - Processing file /home/airflow/.local/lib/python3.12/site-packages/airflow/example_dags/example_local_kubernetes_executor.py for tasks to queue
[2025-02-19T10:18:39.505+0000] {logging_mixin.py:190} INFO - [2025-02-19T10:18:39.504+0000] {dagbag.py:588} INFO - Filling up the DagBag from /home/airflow/.local/lib/python3.12/site-packages/airflow/example_dags/example_local_kubernetes_executor.py
[2025-02-19T10:18:39.515+0000] {processor.py:925} INFO - DAG(s) 'example_local_kubernetes_executor' retrieved from /home/airflow/.local/lib/python3.12/site-packages/airflow/example_dags/example_local_kubernetes_executor.py
[2025-02-19T10:18:39.536+0000] {logging_mixin.py:190} INFO - [2025-02-19T10:18:39.536+0000] {dag.py:3239} INFO - Sync 1 DAGs
[2025-02-19T10:18:39.549+0000] {logging_mixin.py:190} INFO - [2025-02-19T10:18:39.548+0000] {dag.py:4180} INFO - Setting next_dagrun for example_local_kubernetes_executor to None, run_after=None
[2025-02-19T10:18:39.565+0000] {processor.py:208} INFO - Processing /home/airflow/.local/lib/python3.12/site-packages/airflow/example_dags/example_local_kubernetes_executor.py took 0.077 seconds
[2025-02-19T10:19:10.242+0000] {processor.py:186} INFO - Started process (PID=624) to work on /home/airflow/.local/lib/python3.12/site-packages/airflow/example_dags/example_local_kubernetes_executor.py
[2025-02-19T10:19:10.244+0000] {processor.py:914} INFO - Processing file /home/airflow/.local/lib/python3.12/site-packages/airflow/example_dags/example_local_kubernetes_executor.py for tasks to queue
[2025-02-19T10:19:10.248+0000] {logging_mixin.py:190} INFO - [2025-02-19T10:19:10.248+0000] {dagbag.py:588} INFO - Filling up the DagBag from /home/airflow/.local/lib/python3.12/site-packages/airflow/example_dags/example_local_kubernetes_executor.py
[2025-02-19T10:19:10.262+0000] {processor.py:925} INFO - DAG(s) 'example_local_kubernetes_executor' retrieved from /home/airflow/.local/lib/python3.12/site-packages/airflow/example_dags/example_local_kubernetes_executor.py
[2025-02-19T10:19:10.289+0000] {logging_mixin.py:190} INFO - [2025-02-19T10:19:10.289+0000] {dag.py:3239} INFO - Sync 1 DAGs
[2025-02-19T10:19:10.303+0000] {logging_mixin.py:190} INFO - [2025-02-19T10:19:10.303+0000] {dag.py:4180} INFO - Setting next_dagrun for example_local_kubernetes_executor to None, run_after=None
[2025-02-19T10:19:10.326+0000] {processor.py:208} INFO - Processing /home/airflow/.local/lib/python3.12/site-packages/airflow/example_dags/example_local_kubernetes_executor.py took 0.093 seconds
[2025-02-19T10:19:40.451+0000] {processor.py:186} INFO - Started process (PID=691) to work on /home/airflow/.local/lib/python3.12/site-packages/airflow/example_dags/example_local_kubernetes_executor.py
[2025-02-19T10:19:40.453+0000] {processor.py:914} INFO - Processing file /home/airflow/.local/lib/python3.12/site-packages/airflow/example_dags/example_local_kubernetes_executor.py for tasks to queue
[2025-02-19T10:19:40.456+0000] {logging_mixin.py:190} INFO - [2025-02-19T10:19:40.455+0000] {dagbag.py:588} INFO - Filling up the DagBag from /home/airflow/.local/lib/python3.12/site-packages/airflow/example_dags/example_local_kubernetes_executor.py
[2025-02-19T10:19:40.472+0000] {processor.py:925} INFO - DAG(s) 'example_local_kubernetes_executor' retrieved from /home/airflow/.local/lib/python3.12/site-packages/airflow/example_dags/example_local_kubernetes_executor.py
[2025-02-19T10:19:40.496+0000] {logging_mixin.py:190} INFO - [2025-02-19T10:19:40.495+0000] {dag.py:3239} INFO - Sync 1 DAGs
[2025-02-19T10:19:40.511+0000] {logging_mixin.py:190} INFO - [2025-02-19T10:19:40.510+0000] {dag.py:4180} INFO - Setting next_dagrun for example_local_kubernetes_executor to None, run_after=None
[2025-02-19T10:19:40.533+0000] {processor.py:208} INFO - Processing /home/airflow/.local/lib/python3.12/site-packages/airflow/example_dags/example_local_kubernetes_executor.py took 0.086 seconds
[2025-02-19T10:20:10.852+0000] {processor.py:186} INFO - Started process (PID=758) to work on /home/airflow/.local/lib/python3.12/site-packages/airflow/example_dags/example_local_kubernetes_executor.py
[2025-02-19T10:20:10.854+0000] {processor.py:914} INFO - Processing file /home/airflow/.local/lib/python3.12/site-packages/airflow/example_dags/example_local_kubernetes_executor.py for tasks to queue
[2025-02-19T10:20:10.857+0000] {logging_mixin.py:190} INFO - [2025-02-19T10:20:10.857+0000] {dagbag.py:588} INFO - Filling up the DagBag from /home/airflow/.local/lib/python3.12/site-packages/airflow/example_dags/example_local_kubernetes_executor.py
[2025-02-19T10:20:10.868+0000] {processor.py:925} INFO - DAG(s) 'example_local_kubernetes_executor' retrieved from /home/airflow/.local/lib/python3.12/site-packages/airflow/example_dags/example_local_kubernetes_executor.py
[2025-02-19T10:20:10.894+0000] {logging_mixin.py:190} INFO - [2025-02-19T10:20:10.894+0000] {dag.py:3239} INFO - Sync 1 DAGs
[2025-02-19T10:20:10.912+0000] {logging_mixin.py:190} INFO - [2025-02-19T10:20:10.912+0000] {dag.py:4180} INFO - Setting next_dagrun for example_local_kubernetes_executor to None, run_after=None
[2025-02-19T10:20:10.937+0000] {processor.py:208} INFO - Processing /home/airflow/.local/lib/python3.12/site-packages/airflow/example_dags/example_local_kubernetes_executor.py took 0.090 seconds
[2025-02-19T10:20:41.682+0000] {processor.py:186} INFO - Started process (PID=825) to work on /home/airflow/.local/lib/python3.12/site-packages/airflow/example_dags/example_local_kubernetes_executor.py
[2025-02-19T10:20:41.683+0000] {processor.py:914} INFO - Processing file /home/airflow/.local/lib/python3.12/site-packages/airflow/example_dags/example_local_kubernetes_executor.py for tasks to queue
[2025-02-19T10:20:41.686+0000] {logging_mixin.py:190} INFO - [2025-02-19T10:20:41.685+0000] {dagbag.py:588} INFO - Filling up the DagBag from /home/airflow/.local/lib/python3.12/site-packages/airflow/example_dags/example_local_kubernetes_executor.py
[2025-02-19T10:20:41.698+0000] {processor.py:925} INFO - DAG(s) 'example_local_kubernetes_executor' retrieved from /home/airflow/.local/lib/python3.12/site-packages/airflow/example_dags/example_local_kubernetes_executor.py
[2025-02-19T10:20:41.721+0000] {logging_mixin.py:190} INFO - [2025-02-19T10:20:41.721+0000] {dag.py:3239} INFO - Sync 1 DAGs
[2025-02-19T10:20:41.734+0000] {logging_mixin.py:190} INFO - [2025-02-19T10:20:41.734+0000] {dag.py:4180} INFO - Setting next_dagrun for example_local_kubernetes_executor to None, run_after=None
[2025-02-19T10:20:41.752+0000] {processor.py:208} INFO - Processing /home/airflow/.local/lib/python3.12/site-packages/airflow/example_dags/example_local_kubernetes_executor.py took 0.075 seconds
[2025-02-19T10:21:11.974+0000] {processor.py:186} INFO - Started process (PID=891) to work on /home/airflow/.local/lib/python3.12/site-packages/airflow/example_dags/example_local_kubernetes_executor.py
[2025-02-19T10:21:11.983+0000] {processor.py:914} INFO - Processing file /home/airflow/.local/lib/python3.12/site-packages/airflow/example_dags/example_local_kubernetes_executor.py for tasks to queue
[2025-02-19T10:21:11.985+0000] {logging_mixin.py:190} INFO - [2025-02-19T10:21:11.985+0000] {dagbag.py:588} INFO - Filling up the DagBag from /home/airflow/.local/lib/python3.12/site-packages/airflow/example_dags/example_local_kubernetes_executor.py
[2025-02-19T10:21:11.997+0000] {processor.py:925} INFO - DAG(s) 'example_local_kubernetes_executor' retrieved from /home/airflow/.local/lib/python3.12/site-packages/airflow/example_dags/example_local_kubernetes_executor.py
[2025-02-19T10:21:12.020+0000] {logging_mixin.py:190} INFO - [2025-02-19T10:21:12.020+0000] {dag.py:3239} INFO - Sync 1 DAGs
[2025-02-19T10:21:12.036+0000] {logging_mixin.py:190} INFO - [2025-02-19T10:21:12.036+0000] {dag.py:4180} INFO - Setting next_dagrun for example_local_kubernetes_executor to None, run_after=None
[2025-02-19T10:21:12.056+0000] {processor.py:208} INFO - Processing /home/airflow/.local/lib/python3.12/site-packages/airflow/example_dags/example_local_kubernetes_executor.py took 0.087 seconds
[2025-02-19T10:21:42.861+0000] {processor.py:186} INFO - Started process (PID=958) to work on /home/airflow/.local/lib/python3.12/site-packages/airflow/example_dags/example_local_kubernetes_executor.py
[2025-02-19T10:21:42.862+0000] {processor.py:914} INFO - Processing file /home/airflow/.local/lib/python3.12/site-packages/airflow/example_dags/example_local_kubernetes_executor.py for tasks to queue
[2025-02-19T10:21:42.865+0000] {logging_mixin.py:190} INFO - [2025-02-19T10:21:42.865+0000] {dagbag.py:588} INFO - Filling up the DagBag from /home/airflow/.local/lib/python3.12/site-packages/airflow/example_dags/example_local_kubernetes_executor.py
[2025-02-19T10:21:42.875+0000] {processor.py:925} INFO - DAG(s) 'example_local_kubernetes_executor' retrieved from /home/airflow/.local/lib/python3.12/site-packages/airflow/example_dags/example_local_kubernetes_executor.py
[2025-02-19T10:21:42.899+0000] {logging_mixin.py:190} INFO - [2025-02-19T10:21:42.899+0000] {dag.py:3239} INFO - Sync 1 DAGs
[2025-02-19T10:21:42.914+0000] {logging_mixin.py:190} INFO - [2025-02-19T10:21:42.914+0000] {dag.py:4180} INFO - Setting next_dagrun for example_local_kubernetes_executor to None, run_after=None
[2025-02-19T10:21:42.931+0000] {processor.py:208} INFO - Processing /home/airflow/.local/lib/python3.12/site-packages/airflow/example_dags/example_local_kubernetes_executor.py took 0.075 seconds
[2025-02-19T10:22:13.641+0000] {processor.py:186} INFO - Started process (PID=1025) to work on /home/airflow/.local/lib/python3.12/site-packages/airflow/example_dags/example_local_kubernetes_executor.py
[2025-02-19T10:22:13.643+0000] {processor.py:914} INFO - Processing file /home/airflow/.local/lib/python3.12/site-packages/airflow/example_dags/example_local_kubernetes_executor.py for tasks to queue
[2025-02-19T10:22:13.647+0000] {logging_mixin.py:190} INFO - [2025-02-19T10:22:13.646+0000] {dagbag.py:588} INFO - Filling up the DagBag from /home/airflow/.local/lib/python3.12/site-packages/airflow/example_dags/example_local_kubernetes_executor.py
[2025-02-19T10:22:13.664+0000] {processor.py:925} INFO - DAG(s) 'example_local_kubernetes_executor' retrieved from /home/airflow/.local/lib/python3.12/site-packages/airflow/example_dags/example_local_kubernetes_executor.py
[2025-02-19T10:22:13.705+0000] {logging_mixin.py:190} INFO - [2025-02-19T10:22:13.704+0000] {dag.py:3239} INFO - Sync 1 DAGs
[2025-02-19T10:22:13.731+0000] {logging_mixin.py:190} INFO - [2025-02-19T10:22:13.731+0000] {dag.py:4180} INFO - Setting next_dagrun for example_local_kubernetes_executor to None, run_after=None
[2025-02-19T10:22:13.766+0000] {processor.py:208} INFO - Processing /home/airflow/.local/lib/python3.12/site-packages/airflow/example_dags/example_local_kubernetes_executor.py took 0.132 seconds
[2025-02-19T10:22:43.823+0000] {processor.py:186} INFO - Started process (PID=1091) to work on /home/airflow/.local/lib/python3.12/site-packages/airflow/example_dags/example_local_kubernetes_executor.py
[2025-02-19T10:22:43.824+0000] {processor.py:914} INFO - Processing file /home/airflow/.local/lib/python3.12/site-packages/airflow/example_dags/example_local_kubernetes_executor.py for tasks to queue
[2025-02-19T10:22:43.826+0000] {logging_mixin.py:190} INFO - [2025-02-19T10:22:43.826+0000] {dagbag.py:588} INFO - Filling up the DagBag from /home/airflow/.local/lib/python3.12/site-packages/airflow/example_dags/example_local_kubernetes_executor.py
[2025-02-19T10:22:43.836+0000] {processor.py:925} INFO - DAG(s) 'example_local_kubernetes_executor' retrieved from /home/airflow/.local/lib/python3.12/site-packages/airflow/example_dags/example_local_kubernetes_executor.py
[2025-02-19T10:22:43.859+0000] {logging_mixin.py:190} INFO - [2025-02-19T10:22:43.859+0000] {dag.py:3239} INFO - Sync 1 DAGs
[2025-02-19T10:22:43.872+0000] {logging_mixin.py:190} INFO - [2025-02-19T10:22:43.872+0000] {dag.py:4180} INFO - Setting next_dagrun for example_local_kubernetes_executor to None, run_after=None
[2025-02-19T10:22:43.892+0000] {processor.py:208} INFO - Processing /home/airflow/.local/lib/python3.12/site-packages/airflow/example_dags/example_local_kubernetes_executor.py took 0.076 seconds
[2025-02-19T10:23:14.520+0000] {processor.py:186} INFO - Started process (PID=1158) to work on /home/airflow/.local/lib/python3.12/site-packages/airflow/example_dags/example_local_kubernetes_executor.py
[2025-02-19T10:23:14.521+0000] {processor.py:914} INFO - Processing file /home/airflow/.local/lib/python3.12/site-packages/airflow/example_dags/example_local_kubernetes_executor.py for tasks to queue
[2025-02-19T10:23:14.523+0000] {logging_mixin.py:190} INFO - [2025-02-19T10:23:14.523+0000] {dagbag.py:588} INFO - Filling up the DagBag from /home/airflow/.local/lib/python3.12/site-packages/airflow/example_dags/example_local_kubernetes_executor.py
[2025-02-19T10:23:14.533+0000] {processor.py:925} INFO - DAG(s) 'example_local_kubernetes_executor' retrieved from /home/airflow/.local/lib/python3.12/site-packages/airflow/example_dags/example_local_kubernetes_executor.py
[2025-02-19T10:23:14.553+0000] {logging_mixin.py:190} INFO - [2025-02-19T10:23:14.553+0000] {dag.py:3239} INFO - Sync 1 DAGs
[2025-02-19T10:23:14.566+0000] {logging_mixin.py:190} INFO - [2025-02-19T10:23:14.566+0000] {dag.py:4180} INFO - Setting next_dagrun for example_local_kubernetes_executor to None, run_after=None
[2025-02-19T10:23:14.582+0000] {processor.py:208} INFO - Processing /home/airflow/.local/lib/python3.12/site-packages/airflow/example_dags/example_local_kubernetes_executor.py took 0.067 seconds
[2025-02-19T10:23:44.851+0000] {processor.py:186} INFO - Started process (PID=1225) to work on /home/airflow/.local/lib/python3.12/site-packages/airflow/example_dags/example_local_kubernetes_executor.py
[2025-02-19T10:23:44.852+0000] {processor.py:914} INFO - Processing file /home/airflow/.local/lib/python3.12/site-packages/airflow/example_dags/example_local_kubernetes_executor.py for tasks to queue
[2025-02-19T10:23:44.854+0000] {logging_mixin.py:190} INFO - [2025-02-19T10:23:44.853+0000] {dagbag.py:588} INFO - Filling up the DagBag from /home/airflow/.local/lib/python3.12/site-packages/airflow/example_dags/example_local_kubernetes_executor.py
[2025-02-19T10:23:44.863+0000] {processor.py:925} INFO - DAG(s) 'example_local_kubernetes_executor' retrieved from /home/airflow/.local/lib/python3.12/site-packages/airflow/example_dags/example_local_kubernetes_executor.py
[2025-02-19T10:23:44.882+0000] {logging_mixin.py:190} INFO - [2025-02-19T10:23:44.881+0000] {dag.py:3239} INFO - Sync 1 DAGs
[2025-02-19T10:23:44.894+0000] {logging_mixin.py:190} INFO - [2025-02-19T10:23:44.893+0000] {dag.py:4180} INFO - Setting next_dagrun for example_local_kubernetes_executor to None, run_after=None
[2025-02-19T10:23:44.909+0000] {processor.py:208} INFO - Processing /home/airflow/.local/lib/python3.12/site-packages/airflow/example_dags/example_local_kubernetes_executor.py took 0.064 seconds
[2025-02-19T10:24:14.996+0000] {processor.py:186} INFO - Started process (PID=1292) to work on /home/airflow/.local/lib/python3.12/site-packages/airflow/example_dags/example_local_kubernetes_executor.py
[2025-02-19T10:24:14.998+0000] {processor.py:914} INFO - Processing file /home/airflow/.local/lib/python3.12/site-packages/airflow/example_dags/example_local_kubernetes_executor.py for tasks to queue
[2025-02-19T10:24:15.000+0000] {logging_mixin.py:190} INFO - [2025-02-19T10:24:14.999+0000] {dagbag.py:588} INFO - Filling up the DagBag from /home/airflow/.local/lib/python3.12/site-packages/airflow/example_dags/example_local_kubernetes_executor.py
[2025-02-19T10:24:15.009+0000] {processor.py:925} INFO - DAG(s) 'example_local_kubernetes_executor' retrieved from /home/airflow/.local/lib/python3.12/site-packages/airflow/example_dags/example_local_kubernetes_executor.py
[2025-02-19T10:24:15.029+0000] {logging_mixin.py:190} INFO - [2025-02-19T10:24:15.029+0000] {dag.py:3239} INFO - Sync 1 DAGs
[2025-02-19T10:24:15.043+0000] {logging_mixin.py:190} INFO - [2025-02-19T10:24:15.042+0000] {dag.py:4180} INFO - Setting next_dagrun for example_local_kubernetes_executor to None, run_after=None
[2025-02-19T10:24:15.059+0000] {processor.py:208} INFO - Processing /home/airflow/.local/lib/python3.12/site-packages/airflow/example_dags/example_local_kubernetes_executor.py took 0.068 seconds
[2025-02-19T10:24:45.599+0000] {processor.py:186} INFO - Started process (PID=1359) to work on /home/airflow/.local/lib/python3.12/site-packages/airflow/example_dags/example_local_kubernetes_executor.py
[2025-02-19T10:24:45.600+0000] {processor.py:914} INFO - Processing file /home/airflow/.local/lib/python3.12/site-packages/airflow/example_dags/example_local_kubernetes_executor.py for tasks to queue
[2025-02-19T10:24:45.602+0000] {logging_mixin.py:190} INFO - [2025-02-19T10:24:45.602+0000] {dagbag.py:588} INFO - Filling up the DagBag from /home/airflow/.local/lib/python3.12/site-packages/airflow/example_dags/example_local_kubernetes_executor.py
[2025-02-19T10:24:45.612+0000] {processor.py:925} INFO - DAG(s) 'example_local_kubernetes_executor' retrieved from /home/airflow/.local/lib/python3.12/site-packages/airflow/example_dags/example_local_kubernetes_executor.py
[2025-02-19T10:24:45.637+0000] {logging_mixin.py:190} INFO - [2025-02-19T10:24:45.637+0000] {dag.py:3239} INFO - Sync 1 DAGs
[2025-02-19T10:24:45.652+0000] {logging_mixin.py:190} INFO - [2025-02-19T10:24:45.651+0000] {dag.py:4180} INFO - Setting next_dagrun for example_local_kubernetes_executor to None, run_after=None
[2025-02-19T10:24:45.668+0000] {processor.py:208} INFO - Processing /home/airflow/.local/lib/python3.12/site-packages/airflow/example_dags/example_local_kubernetes_executor.py took 0.074 seconds
[2025-02-19T10:25:15.858+0000] {processor.py:186} INFO - Started process (PID=1425) to work on /home/airflow/.local/lib/python3.12/site-packages/airflow/example_dags/example_local_kubernetes_executor.py
[2025-02-19T10:25:15.859+0000] {processor.py:914} INFO - Processing file /home/airflow/.local/lib/python3.12/site-packages/airflow/example_dags/example_local_kubernetes_executor.py for tasks to queue
[2025-02-19T10:25:15.862+0000] {logging_mixin.py:190} INFO - [2025-02-19T10:25:15.861+0000] {dagbag.py:588} INFO - Filling up the DagBag from /home/airflow/.local/lib/python3.12/site-packages/airflow/example_dags/example_local_kubernetes_executor.py
[2025-02-19T10:25:15.871+0000] {processor.py:925} INFO - DAG(s) 'example_local_kubernetes_executor' retrieved from /home/airflow/.local/lib/python3.12/site-packages/airflow/example_dags/example_local_kubernetes_executor.py
[2025-02-19T10:25:15.891+0000] {logging_mixin.py:190} INFO - [2025-02-19T10:25:15.891+0000] {dag.py:3239} INFO - Sync 1 DAGs
[2025-02-19T10:25:15.904+0000] {logging_mixin.py:190} INFO - [2025-02-19T10:25:15.903+0000] {dag.py:4180} INFO - Setting next_dagrun for example_local_kubernetes_executor to None, run_after=None
[2025-02-19T10:25:15.920+0000] {processor.py:208} INFO - Processing /home/airflow/.local/lib/python3.12/site-packages/airflow/example_dags/example_local_kubernetes_executor.py took 0.066 seconds
[2025-02-19T10:25:46.710+0000] {processor.py:186} INFO - Started process (PID=1492) to work on /home/airflow/.local/lib/python3.12/site-packages/airflow/example_dags/example_local_kubernetes_executor.py
[2025-02-19T10:25:46.711+0000] {processor.py:914} INFO - Processing file /home/airflow/.local/lib/python3.12/site-packages/airflow/example_dags/example_local_kubernetes_executor.py for tasks to queue
[2025-02-19T10:25:46.713+0000] {logging_mixin.py:190} INFO - [2025-02-19T10:25:46.713+0000] {dagbag.py:588} INFO - Filling up the DagBag from /home/airflow/.local/lib/python3.12/site-packages/airflow/example_dags/example_local_kubernetes_executor.py
[2025-02-19T10:25:46.727+0000] {processor.py:925} INFO - DAG(s) 'example_local_kubernetes_executor' retrieved from /home/airflow/.local/lib/python3.12/site-packages/airflow/example_dags/example_local_kubernetes_executor.py
[2025-02-19T10:25:46.752+0000] {logging_mixin.py:190} INFO - [2025-02-19T10:25:46.752+0000] {dag.py:3239} INFO - Sync 1 DAGs
[2025-02-19T10:25:46.765+0000] {logging_mixin.py:190} INFO - [2025-02-19T10:25:46.765+0000] {dag.py:4180} INFO - Setting next_dagrun for example_local_kubernetes_executor to None, run_after=None
[2025-02-19T10:25:46.787+0000] {processor.py:208} INFO - Processing /home/airflow/.local/lib/python3.12/site-packages/airflow/example_dags/example_local_kubernetes_executor.py took 0.082 seconds
[2025-02-19T10:26:17.393+0000] {processor.py:186} INFO - Started process (PID=1559) to work on /home/airflow/.local/lib/python3.12/site-packages/airflow/example_dags/example_local_kubernetes_executor.py
[2025-02-19T10:26:17.394+0000] {processor.py:914} INFO - Processing file /home/airflow/.local/lib/python3.12/site-packages/airflow/example_dags/example_local_kubernetes_executor.py for tasks to queue
[2025-02-19T10:26:17.398+0000] {logging_mixin.py:190} INFO - [2025-02-19T10:26:17.397+0000] {dagbag.py:588} INFO - Filling up the DagBag from /home/airflow/.local/lib/python3.12/site-packages/airflow/example_dags/example_local_kubernetes_executor.py
[2025-02-19T10:26:17.409+0000] {processor.py:925} INFO - DAG(s) 'example_local_kubernetes_executor' retrieved from /home/airflow/.local/lib/python3.12/site-packages/airflow/example_dags/example_local_kubernetes_executor.py
[2025-02-19T10:26:17.432+0000] {logging_mixin.py:190} INFO - [2025-02-19T10:26:17.432+0000] {dag.py:3239} INFO - Sync 1 DAGs
[2025-02-19T10:26:17.445+0000] {logging_mixin.py:190} INFO - [2025-02-19T10:26:17.445+0000] {dag.py:4180} INFO - Setting next_dagrun for example_local_kubernetes_executor to None, run_after=None
[2025-02-19T10:26:17.464+0000] {processor.py:208} INFO - Processing /home/airflow/.local/lib/python3.12/site-packages/airflow/example_dags/example_local_kubernetes_executor.py took 0.075 seconds
[2025-02-19T10:26:47.842+0000] {processor.py:186} INFO - Started process (PID=1626) to work on /home/airflow/.local/lib/python3.12/site-packages/airflow/example_dags/example_local_kubernetes_executor.py
[2025-02-19T10:26:47.844+0000] {processor.py:914} INFO - Processing file /home/airflow/.local/lib/python3.12/site-packages/airflow/example_dags/example_local_kubernetes_executor.py for tasks to queue
[2025-02-19T10:26:47.848+0000] {logging_mixin.py:190} INFO - [2025-02-19T10:26:47.848+0000] {dagbag.py:588} INFO - Filling up the DagBag from /home/airflow/.local/lib/python3.12/site-packages/airflow/example_dags/example_local_kubernetes_executor.py
[2025-02-19T10:26:47.860+0000] {processor.py:925} INFO - DAG(s) 'example_local_kubernetes_executor' retrieved from /home/airflow/.local/lib/python3.12/site-packages/airflow/example_dags/example_local_kubernetes_executor.py
[2025-02-19T10:26:47.884+0000] {logging_mixin.py:190} INFO - [2025-02-19T10:26:47.884+0000] {dag.py:3239} INFO - Sync 1 DAGs
[2025-02-19T10:26:47.900+0000] {logging_mixin.py:190} INFO - [2025-02-19T10:26:47.899+0000] {dag.py:4180} INFO - Setting next_dagrun for example_local_kubernetes_executor to None, run_after=None
[2025-02-19T10:26:47.916+0000] {processor.py:208} INFO - Processing /home/airflow/.local/lib/python3.12/site-packages/airflow/example_dags/example_local_kubernetes_executor.py took 0.080 seconds
[2025-02-19T10:27:18.316+0000] {processor.py:186} INFO - Started process (PID=1693) to work on /home/airflow/.local/lib/python3.12/site-packages/airflow/example_dags/example_local_kubernetes_executor.py
[2025-02-19T10:27:18.317+0000] {processor.py:914} INFO - Processing file /home/airflow/.local/lib/python3.12/site-packages/airflow/example_dags/example_local_kubernetes_executor.py for tasks to queue
[2025-02-19T10:27:18.320+0000] {logging_mixin.py:190} INFO - [2025-02-19T10:27:18.319+0000] {dagbag.py:588} INFO - Filling up the DagBag from /home/airflow/.local/lib/python3.12/site-packages/airflow/example_dags/example_local_kubernetes_executor.py
[2025-02-19T10:27:18.332+0000] {processor.py:925} INFO - DAG(s) 'example_local_kubernetes_executor' retrieved from /home/airflow/.local/lib/python3.12/site-packages/airflow/example_dags/example_local_kubernetes_executor.py
[2025-02-19T10:27:18.354+0000] {logging_mixin.py:190} INFO - [2025-02-19T10:27:18.354+0000] {dag.py:3239} INFO - Sync 1 DAGs
[2025-02-19T10:27:18.369+0000] {logging_mixin.py:190} INFO - [2025-02-19T10:27:18.369+0000] {dag.py:4180} INFO - Setting next_dagrun for example_local_kubernetes_executor to None, run_after=None
[2025-02-19T10:27:18.391+0000] {processor.py:208} INFO - Processing /home/airflow/.local/lib/python3.12/site-packages/airflow/example_dags/example_local_kubernetes_executor.py took 0.080 seconds
[2025-02-19T10:27:48.635+0000] {processor.py:186} INFO - Started process (PID=1760) to work on /home/airflow/.local/lib/python3.12/site-packages/airflow/example_dags/example_local_kubernetes_executor.py
[2025-02-19T10:27:48.645+0000] {processor.py:914} INFO - Processing file /home/airflow/.local/lib/python3.12/site-packages/airflow/example_dags/example_local_kubernetes_executor.py for tasks to queue
[2025-02-19T10:27:48.648+0000] {logging_mixin.py:190} INFO - [2025-02-19T10:27:48.647+0000] {dagbag.py:588} INFO - Filling up the DagBag from /home/airflow/.local/lib/python3.12/site-packages/airflow/example_dags/example_local_kubernetes_executor.py
[2025-02-19T10:27:48.657+0000] {processor.py:925} INFO - DAG(s) 'example_local_kubernetes_executor' retrieved from /home/airflow/.local/lib/python3.12/site-packages/airflow/example_dags/example_local_kubernetes_executor.py
[2025-02-19T10:27:48.681+0000] {logging_mixin.py:190} INFO - [2025-02-19T10:27:48.681+0000] {dag.py:3239} INFO - Sync 1 DAGs
[2025-02-19T10:27:48.693+0000] {logging_mixin.py:190} INFO - [2025-02-19T10:27:48.693+0000] {dag.py:4180} INFO - Setting next_dagrun for example_local_kubernetes_executor to None, run_after=None
[2025-02-19T10:27:48.713+0000] {processor.py:208} INFO - Processing /home/airflow/.local/lib/python3.12/site-packages/airflow/example_dags/example_local_kubernetes_executor.py took 0.084 seconds
[2025-02-19T10:28:18.881+0000] {processor.py:186} INFO - Started process (PID=1827) to work on /home/airflow/.local/lib/python3.12/site-packages/airflow/example_dags/example_local_kubernetes_executor.py
[2025-02-19T10:28:18.890+0000] {processor.py:914} INFO - Processing file /home/airflow/.local/lib/python3.12/site-packages/airflow/example_dags/example_local_kubernetes_executor.py for tasks to queue
[2025-02-19T10:28:18.893+0000] {logging_mixin.py:190} INFO - [2025-02-19T10:28:18.892+0000] {dagbag.py:588} INFO - Filling up the DagBag from /home/airflow/.local/lib/python3.12/site-packages/airflow/example_dags/example_local_kubernetes_executor.py
[2025-02-19T10:28:18.902+0000] {processor.py:925} INFO - DAG(s) 'example_local_kubernetes_executor' retrieved from /home/airflow/.local/lib/python3.12/site-packages/airflow/example_dags/example_local_kubernetes_executor.py
[2025-02-19T10:28:18.923+0000] {logging_mixin.py:190} INFO - [2025-02-19T10:28:18.923+0000] {dag.py:3239} INFO - Sync 1 DAGs
[2025-02-19T10:28:18.936+0000] {logging_mixin.py:190} INFO - [2025-02-19T10:28:18.936+0000] {dag.py:4180} INFO - Setting next_dagrun for example_local_kubernetes_executor to None, run_after=None
[2025-02-19T10:28:18.954+0000] {processor.py:208} INFO - Processing /home/airflow/.local/lib/python3.12/site-packages/airflow/example_dags/example_local_kubernetes_executor.py took 0.078 seconds
[2025-02-19T10:28:49.259+0000] {processor.py:186} INFO - Started process (PID=1894) to work on /home/airflow/.local/lib/python3.12/site-packages/airflow/example_dags/example_local_kubernetes_executor.py
[2025-02-19T10:28:49.260+0000] {processor.py:914} INFO - Processing file /home/airflow/.local/lib/python3.12/site-packages/airflow/example_dags/example_local_kubernetes_executor.py for tasks to queue
[2025-02-19T10:28:49.262+0000] {logging_mixin.py:190} INFO - [2025-02-19T10:28:49.262+0000] {dagbag.py:588} INFO - Filling up the DagBag from /home/airflow/.local/lib/python3.12/site-packages/airflow/example_dags/example_local_kubernetes_executor.py
[2025-02-19T10:28:49.272+0000] {processor.py:925} INFO - DAG(s) 'example_local_kubernetes_executor' retrieved from /home/airflow/.local/lib/python3.12/site-packages/airflow/example_dags/example_local_kubernetes_executor.py
[2025-02-19T10:28:49.296+0000] {logging_mixin.py:190} INFO - [2025-02-19T10:28:49.296+0000] {dag.py:3239} INFO - Sync 1 DAGs
[2025-02-19T10:28:49.308+0000] {logging_mixin.py:190} INFO - [2025-02-19T10:28:49.308+0000] {dag.py:4180} INFO - Setting next_dagrun for example_local_kubernetes_executor to None, run_after=None
[2025-02-19T10:28:49.327+0000] {processor.py:208} INFO - Processing /home/airflow/.local/lib/python3.12/site-packages/airflow/example_dags/example_local_kubernetes_executor.py took 0.075 seconds
[2025-02-19T10:29:19.536+0000] {processor.py:186} INFO - Started process (PID=1960) to work on /home/airflow/.local/lib/python3.12/site-packages/airflow/example_dags/example_local_kubernetes_executor.py
[2025-02-19T10:29:19.538+0000] {processor.py:914} INFO - Processing file /home/airflow/.local/lib/python3.12/site-packages/airflow/example_dags/example_local_kubernetes_executor.py for tasks to queue
[2025-02-19T10:29:19.540+0000] {logging_mixin.py:190} INFO - [2025-02-19T10:29:19.539+0000] {dagbag.py:588} INFO - Filling up the DagBag from /home/airflow/.local/lib/python3.12/site-packages/airflow/example_dags/example_local_kubernetes_executor.py
[2025-02-19T10:29:19.549+0000] {processor.py:925} INFO - DAG(s) 'example_local_kubernetes_executor' retrieved from /home/airflow/.local/lib/python3.12/site-packages/airflow/example_dags/example_local_kubernetes_executor.py
[2025-02-19T10:29:19.573+0000] {logging_mixin.py:190} INFO - [2025-02-19T10:29:19.573+0000] {dag.py:3239} INFO - Sync 1 DAGs
[2025-02-19T10:29:19.587+0000] {logging_mixin.py:190} INFO - [2025-02-19T10:29:19.587+0000] {dag.py:4180} INFO - Setting next_dagrun for example_local_kubernetes_executor to None, run_after=None
[2025-02-19T10:29:19.610+0000] {processor.py:208} INFO - Processing /home/airflow/.local/lib/python3.12/site-packages/airflow/example_dags/example_local_kubernetes_executor.py took 0.082 seconds
[2025-02-19T10:29:49.702+0000] {processor.py:186} INFO - Started process (PID=2027) to work on /home/airflow/.local/lib/python3.12/site-packages/airflow/example_dags/example_local_kubernetes_executor.py
[2025-02-19T10:29:49.703+0000] {processor.py:914} INFO - Processing file /home/airflow/.local/lib/python3.12/site-packages/airflow/example_dags/example_local_kubernetes_executor.py for tasks to queue
[2025-02-19T10:29:49.705+0000] {logging_mixin.py:190} INFO - [2025-02-19T10:29:49.705+0000] {dagbag.py:588} INFO - Filling up the DagBag from /home/airflow/.local/lib/python3.12/site-packages/airflow/example_dags/example_local_kubernetes_executor.py
[2025-02-19T10:29:49.716+0000] {processor.py:925} INFO - DAG(s) 'example_local_kubernetes_executor' retrieved from /home/airflow/.local/lib/python3.12/site-packages/airflow/example_dags/example_local_kubernetes_executor.py
[2025-02-19T10:29:49.738+0000] {logging_mixin.py:190} INFO - [2025-02-19T10:29:49.738+0000] {dag.py:3239} INFO - Sync 1 DAGs
[2025-02-19T10:29:49.752+0000] {logging_mixin.py:190} INFO - [2025-02-19T10:29:49.752+0000] {dag.py:4180} INFO - Setting next_dagrun for example_local_kubernetes_executor to None, run_after=None
[2025-02-19T10:29:49.768+0000] {processor.py:208} INFO - Processing /home/airflow/.local/lib/python3.12/site-packages/airflow/example_dags/example_local_kubernetes_executor.py took 0.071 seconds
[2025-02-19T10:30:20.039+0000] {processor.py:186} INFO - Started process (PID=2094) to work on /home/airflow/.local/lib/python3.12/site-packages/airflow/example_dags/example_local_kubernetes_executor.py
[2025-02-19T10:30:20.040+0000] {processor.py:914} INFO - Processing file /home/airflow/.local/lib/python3.12/site-packages/airflow/example_dags/example_local_kubernetes_executor.py for tasks to queue
[2025-02-19T10:30:20.043+0000] {logging_mixin.py:190} INFO - [2025-02-19T10:30:20.042+0000] {dagbag.py:588} INFO - Filling up the DagBag from /home/airflow/.local/lib/python3.12/site-packages/airflow/example_dags/example_local_kubernetes_executor.py
[2025-02-19T10:30:20.055+0000] {processor.py:925} INFO - DAG(s) 'example_local_kubernetes_executor' retrieved from /home/airflow/.local/lib/python3.12/site-packages/airflow/example_dags/example_local_kubernetes_executor.py
[2025-02-19T10:30:20.075+0000] {logging_mixin.py:190} INFO - [2025-02-19T10:30:20.075+0000] {dag.py:3239} INFO - Sync 1 DAGs
[2025-02-19T10:30:20.089+0000] {logging_mixin.py:190} INFO - [2025-02-19T10:30:20.089+0000] {dag.py:4180} INFO - Setting next_dagrun for example_local_kubernetes_executor to None, run_after=None
[2025-02-19T10:30:20.105+0000] {processor.py:208} INFO - Processing /home/airflow/.local/lib/python3.12/site-packages/airflow/example_dags/example_local_kubernetes_executor.py took 0.070 seconds
[2025-02-19T10:30:50.250+0000] {processor.py:186} INFO - Started process (PID=2160) to work on /home/airflow/.local/lib/python3.12/site-packages/airflow/example_dags/example_local_kubernetes_executor.py
[2025-02-19T10:30:50.251+0000] {processor.py:914} INFO - Processing file /home/airflow/.local/lib/python3.12/site-packages/airflow/example_dags/example_local_kubernetes_executor.py for tasks to queue
[2025-02-19T10:30:50.253+0000] {logging_mixin.py:190} INFO - [2025-02-19T10:30:50.252+0000] {dagbag.py:588} INFO - Filling up the DagBag from /home/airflow/.local/lib/python3.12/site-packages/airflow/example_dags/example_local_kubernetes_executor.py
[2025-02-19T10:30:50.264+0000] {processor.py:925} INFO - DAG(s) 'example_local_kubernetes_executor' retrieved from /home/airflow/.local/lib/python3.12/site-packages/airflow/example_dags/example_local_kubernetes_executor.py
[2025-02-19T10:30:50.285+0000] {logging_mixin.py:190} INFO - [2025-02-19T10:30:50.285+0000] {dag.py:3239} INFO - Sync 1 DAGs
[2025-02-19T10:30:50.302+0000] {logging_mixin.py:190} INFO - [2025-02-19T10:30:50.301+0000] {dag.py:4180} INFO - Setting next_dagrun for example_local_kubernetes_executor to None, run_after=None
[2025-02-19T10:30:50.318+0000] {processor.py:208} INFO - Processing /home/airflow/.local/lib/python3.12/site-packages/airflow/example_dags/example_local_kubernetes_executor.py took 0.072 seconds
[2025-02-19T10:31:21.143+0000] {processor.py:186} INFO - Started process (PID=2227) to work on /home/airflow/.local/lib/python3.12/site-packages/airflow/example_dags/example_local_kubernetes_executor.py
[2025-02-19T10:31:21.145+0000] {processor.py:914} INFO - Processing file /home/airflow/.local/lib/python3.12/site-packages/airflow/example_dags/example_local_kubernetes_executor.py for tasks to queue
[2025-02-19T10:31:21.147+0000] {logging_mixin.py:190} INFO - [2025-02-19T10:31:21.147+0000] {dagbag.py:588} INFO - Filling up the DagBag from /home/airflow/.local/lib/python3.12/site-packages/airflow/example_dags/example_local_kubernetes_executor.py
[2025-02-19T10:31:21.167+0000] {processor.py:925} INFO - DAG(s) 'example_local_kubernetes_executor' retrieved from /home/airflow/.local/lib/python3.12/site-packages/airflow/example_dags/example_local_kubernetes_executor.py
[2025-02-19T10:31:21.217+0000] {logging_mixin.py:190} INFO - [2025-02-19T10:31:21.216+0000] {dag.py:3239} INFO - Sync 1 DAGs
[2025-02-19T10:31:21.246+0000] {logging_mixin.py:190} INFO - [2025-02-19T10:31:21.246+0000] {dag.py:4180} INFO - Setting next_dagrun for example_local_kubernetes_executor to None, run_after=None
[2025-02-19T10:31:21.297+0000] {processor.py:208} INFO - Processing /home/airflow/.local/lib/python3.12/site-packages/airflow/example_dags/example_local_kubernetes_executor.py took 0.159 seconds
[2025-02-19T10:31:51.492+0000] {processor.py:186} INFO - Started process (PID=2301) to work on /home/airflow/.local/lib/python3.12/site-packages/airflow/example_dags/example_local_kubernetes_executor.py
[2025-02-19T10:31:51.493+0000] {processor.py:914} INFO - Processing file /home/airflow/.local/lib/python3.12/site-packages/airflow/example_dags/example_local_kubernetes_executor.py for tasks to queue
[2025-02-19T10:31:51.496+0000] {logging_mixin.py:190} INFO - [2025-02-19T10:31:51.495+0000] {dagbag.py:588} INFO - Filling up the DagBag from /home/airflow/.local/lib/python3.12/site-packages/airflow/example_dags/example_local_kubernetes_executor.py
[2025-02-19T10:31:51.509+0000] {processor.py:925} INFO - DAG(s) 'example_local_kubernetes_executor' retrieved from /home/airflow/.local/lib/python3.12/site-packages/airflow/example_dags/example_local_kubernetes_executor.py
[2025-02-19T10:31:51.533+0000] {logging_mixin.py:190} INFO - [2025-02-19T10:31:51.533+0000] {dag.py:3239} INFO - Sync 1 DAGs
[2025-02-19T10:31:51.547+0000] {logging_mixin.py:190} INFO - [2025-02-19T10:31:51.547+0000] {dag.py:4180} INFO - Setting next_dagrun for example_local_kubernetes_executor to None, run_after=None
[2025-02-19T10:31:51.566+0000] {processor.py:208} INFO - Processing /home/airflow/.local/lib/python3.12/site-packages/airflow/example_dags/example_local_kubernetes_executor.py took 0.079 seconds
[2025-02-19T10:32:22.164+0000] {processor.py:186} INFO - Started process (PID=2370) to work on /home/airflow/.local/lib/python3.12/site-packages/airflow/example_dags/example_local_kubernetes_executor.py
[2025-02-19T10:32:22.174+0000] {processor.py:914} INFO - Processing file /home/airflow/.local/lib/python3.12/site-packages/airflow/example_dags/example_local_kubernetes_executor.py for tasks to queue
[2025-02-19T10:32:22.177+0000] {logging_mixin.py:190} INFO - [2025-02-19T10:32:22.177+0000] {dagbag.py:588} INFO - Filling up the DagBag from /home/airflow/.local/lib/python3.12/site-packages/airflow/example_dags/example_local_kubernetes_executor.py
[2025-02-19T10:32:22.190+0000] {processor.py:925} INFO - DAG(s) 'example_local_kubernetes_executor' retrieved from /home/airflow/.local/lib/python3.12/site-packages/airflow/example_dags/example_local_kubernetes_executor.py
[2025-02-19T10:32:22.214+0000] {logging_mixin.py:190} INFO - [2025-02-19T10:32:22.214+0000] {dag.py:3239} INFO - Sync 1 DAGs
[2025-02-19T10:32:22.226+0000] {logging_mixin.py:190} INFO - [2025-02-19T10:32:22.226+0000] {dag.py:4180} INFO - Setting next_dagrun for example_local_kubernetes_executor to None, run_after=None
[2025-02-19T10:32:22.249+0000] {processor.py:208} INFO - Processing /home/airflow/.local/lib/python3.12/site-packages/airflow/example_dags/example_local_kubernetes_executor.py took 0.091 seconds
[2025-02-19T10:32:52.888+0000] {processor.py:186} INFO - Started process (PID=2440) to work on /home/airflow/.local/lib/python3.12/site-packages/airflow/example_dags/example_local_kubernetes_executor.py
[2025-02-19T10:32:52.889+0000] {processor.py:914} INFO - Processing file /home/airflow/.local/lib/python3.12/site-packages/airflow/example_dags/example_local_kubernetes_executor.py for tasks to queue
[2025-02-19T10:32:52.891+0000] {logging_mixin.py:190} INFO - [2025-02-19T10:32:52.891+0000] {dagbag.py:588} INFO - Filling up the DagBag from /home/airflow/.local/lib/python3.12/site-packages/airflow/example_dags/example_local_kubernetes_executor.py
[2025-02-19T10:32:52.900+0000] {processor.py:925} INFO - DAG(s) 'example_local_kubernetes_executor' retrieved from /home/airflow/.local/lib/python3.12/site-packages/airflow/example_dags/example_local_kubernetes_executor.py
[2025-02-19T10:32:52.922+0000] {logging_mixin.py:190} INFO - [2025-02-19T10:32:52.922+0000] {dag.py:3239} INFO - Sync 1 DAGs
[2025-02-19T10:32:52.935+0000] {logging_mixin.py:190} INFO - [2025-02-19T10:32:52.935+0000] {dag.py:4180} INFO - Setting next_dagrun for example_local_kubernetes_executor to None, run_after=None
[2025-02-19T10:32:52.954+0000] {processor.py:208} INFO - Processing /home/airflow/.local/lib/python3.12/site-packages/airflow/example_dags/example_local_kubernetes_executor.py took 0.071 seconds
[2025-02-19T10:33:23.946+0000] {processor.py:186} INFO - Started process (PID=2507) to work on /home/airflow/.local/lib/python3.12/site-packages/airflow/example_dags/example_local_kubernetes_executor.py
[2025-02-19T10:33:23.947+0000] {processor.py:914} INFO - Processing file /home/airflow/.local/lib/python3.12/site-packages/airflow/example_dags/example_local_kubernetes_executor.py for tasks to queue
[2025-02-19T10:33:23.950+0000] {logging_mixin.py:190} INFO - [2025-02-19T10:33:23.949+0000] {dagbag.py:588} INFO - Filling up the DagBag from /home/airflow/.local/lib/python3.12/site-packages/airflow/example_dags/example_local_kubernetes_executor.py
[2025-02-19T10:33:23.961+0000] {processor.py:925} INFO - DAG(s) 'example_local_kubernetes_executor' retrieved from /home/airflow/.local/lib/python3.12/site-packages/airflow/example_dags/example_local_kubernetes_executor.py
[2025-02-19T10:33:23.981+0000] {logging_mixin.py:190} INFO - [2025-02-19T10:33:23.981+0000] {dag.py:3239} INFO - Sync 1 DAGs
[2025-02-19T10:33:23.995+0000] {logging_mixin.py:190} INFO - [2025-02-19T10:33:23.995+0000] {dag.py:4180} INFO - Setting next_dagrun for example_local_kubernetes_executor to None, run_after=None
[2025-02-19T10:33:24.017+0000] {processor.py:208} INFO - Processing /home/airflow/.local/lib/python3.12/site-packages/airflow/example_dags/example_local_kubernetes_executor.py took 0.077 seconds
[2025-02-19T10:33:55.033+0000] {processor.py:186} INFO - Started process (PID=2574) to work on /home/airflow/.local/lib/python3.12/site-packages/airflow/example_dags/example_local_kubernetes_executor.py
[2025-02-19T10:33:55.034+0000] {processor.py:914} INFO - Processing file /home/airflow/.local/lib/python3.12/site-packages/airflow/example_dags/example_local_kubernetes_executor.py for tasks to queue
[2025-02-19T10:33:55.037+0000] {logging_mixin.py:190} INFO - [2025-02-19T10:33:55.036+0000] {dagbag.py:588} INFO - Filling up the DagBag from /home/airflow/.local/lib/python3.12/site-packages/airflow/example_dags/example_local_kubernetes_executor.py
[2025-02-19T10:33:55.048+0000] {processor.py:925} INFO - DAG(s) 'example_local_kubernetes_executor' retrieved from /home/airflow/.local/lib/python3.12/site-packages/airflow/example_dags/example_local_kubernetes_executor.py
[2025-02-19T10:33:55.072+0000] {logging_mixin.py:190} INFO - [2025-02-19T10:33:55.071+0000] {dag.py:3239} INFO - Sync 1 DAGs
[2025-02-19T10:33:55.269+0000] {logging_mixin.py:190} INFO - [2025-02-19T10:33:55.269+0000] {dag.py:4180} INFO - Setting next_dagrun for example_local_kubernetes_executor to None, run_after=None
[2025-02-19T10:33:55.285+0000] {processor.py:208} INFO - Processing /home/airflow/.local/lib/python3.12/site-packages/airflow/example_dags/example_local_kubernetes_executor.py took 0.258 seconds
[2025-02-19T10:34:25.831+0000] {processor.py:186} INFO - Started process (PID=2641) to work on /home/airflow/.local/lib/python3.12/site-packages/airflow/example_dags/example_local_kubernetes_executor.py
[2025-02-19T10:34:25.832+0000] {processor.py:914} INFO - Processing file /home/airflow/.local/lib/python3.12/site-packages/airflow/example_dags/example_local_kubernetes_executor.py for tasks to queue
[2025-02-19T10:34:25.835+0000] {logging_mixin.py:190} INFO - [2025-02-19T10:34:25.835+0000] {dagbag.py:588} INFO - Filling up the DagBag from /home/airflow/.local/lib/python3.12/site-packages/airflow/example_dags/example_local_kubernetes_executor.py
[2025-02-19T10:34:25.845+0000] {processor.py:925} INFO - DAG(s) 'example_local_kubernetes_executor' retrieved from /home/airflow/.local/lib/python3.12/site-packages/airflow/example_dags/example_local_kubernetes_executor.py
[2025-02-19T10:34:25.864+0000] {logging_mixin.py:190} INFO - [2025-02-19T10:34:25.864+0000] {dag.py:3239} INFO - Sync 1 DAGs
[2025-02-19T10:34:25.876+0000] {logging_mixin.py:190} INFO - [2025-02-19T10:34:25.876+0000] {dag.py:4180} INFO - Setting next_dagrun for example_local_kubernetes_executor to None, run_after=None
[2025-02-19T10:34:25.892+0000] {processor.py:208} INFO - Processing /home/airflow/.local/lib/python3.12/site-packages/airflow/example_dags/example_local_kubernetes_executor.py took 0.066 seconds
[2025-02-19T10:34:56.338+0000] {processor.py:186} INFO - Started process (PID=2708) to work on /home/airflow/.local/lib/python3.12/site-packages/airflow/example_dags/example_local_kubernetes_executor.py
[2025-02-19T10:34:56.339+0000] {processor.py:914} INFO - Processing file /home/airflow/.local/lib/python3.12/site-packages/airflow/example_dags/example_local_kubernetes_executor.py for tasks to queue
[2025-02-19T10:34:56.341+0000] {logging_mixin.py:190} INFO - [2025-02-19T10:34:56.341+0000] {dagbag.py:588} INFO - Filling up the DagBag from /home/airflow/.local/lib/python3.12/site-packages/airflow/example_dags/example_local_kubernetes_executor.py
[2025-02-19T10:34:56.351+0000] {processor.py:925} INFO - DAG(s) 'example_local_kubernetes_executor' retrieved from /home/airflow/.local/lib/python3.12/site-packages/airflow/example_dags/example_local_kubernetes_executor.py
[2025-02-19T10:34:56.370+0000] {logging_mixin.py:190} INFO - [2025-02-19T10:34:56.370+0000] {dag.py:3239} INFO - Sync 1 DAGs
[2025-02-19T10:34:56.383+0000] {logging_mixin.py:190} INFO - [2025-02-19T10:34:56.383+0000] {dag.py:4180} INFO - Setting next_dagrun for example_local_kubernetes_executor to None, run_after=None
[2025-02-19T10:34:56.402+0000] {processor.py:208} INFO - Processing /home/airflow/.local/lib/python3.12/site-packages/airflow/example_dags/example_local_kubernetes_executor.py took 0.071 seconds
[2025-02-19T10:35:26.881+0000] {processor.py:186} INFO - Started process (PID=2775) to work on /home/airflow/.local/lib/python3.12/site-packages/airflow/example_dags/example_local_kubernetes_executor.py
[2025-02-19T10:35:26.882+0000] {processor.py:914} INFO - Processing file /home/airflow/.local/lib/python3.12/site-packages/airflow/example_dags/example_local_kubernetes_executor.py for tasks to queue
[2025-02-19T10:35:26.885+0000] {logging_mixin.py:190} INFO - [2025-02-19T10:35:26.884+0000] {dagbag.py:588} INFO - Filling up the DagBag from /home/airflow/.local/lib/python3.12/site-packages/airflow/example_dags/example_local_kubernetes_executor.py
[2025-02-19T10:35:26.894+0000] {processor.py:925} INFO - DAG(s) 'example_local_kubernetes_executor' retrieved from /home/airflow/.local/lib/python3.12/site-packages/airflow/example_dags/example_local_kubernetes_executor.py
[2025-02-19T10:35:26.913+0000] {logging_mixin.py:190} INFO - [2025-02-19T10:35:26.913+0000] {dag.py:3239} INFO - Sync 1 DAGs
[2025-02-19T10:35:26.927+0000] {logging_mixin.py:190} INFO - [2025-02-19T10:35:26.927+0000] {dag.py:4180} INFO - Setting next_dagrun for example_local_kubernetes_executor to None, run_after=None
[2025-02-19T10:35:26.946+0000] {processor.py:208} INFO - Processing /home/airflow/.local/lib/python3.12/site-packages/airflow/example_dags/example_local_kubernetes_executor.py took 0.070 seconds
[2025-02-19T10:35:57.068+0000] {processor.py:186} INFO - Started process (PID=2842) to work on /home/airflow/.local/lib/python3.12/site-packages/airflow/example_dags/example_local_kubernetes_executor.py
[2025-02-19T10:35:57.069+0000] {processor.py:914} INFO - Processing file /home/airflow/.local/lib/python3.12/site-packages/airflow/example_dags/example_local_kubernetes_executor.py for tasks to queue
[2025-02-19T10:35:57.072+0000] {logging_mixin.py:190} INFO - [2025-02-19T10:35:57.071+0000] {dagbag.py:588} INFO - Filling up the DagBag from /home/airflow/.local/lib/python3.12/site-packages/airflow/example_dags/example_local_kubernetes_executor.py
[2025-02-19T10:35:57.083+0000] {processor.py:925} INFO - DAG(s) 'example_local_kubernetes_executor' retrieved from /home/airflow/.local/lib/python3.12/site-packages/airflow/example_dags/example_local_kubernetes_executor.py
[2025-02-19T10:35:57.106+0000] {logging_mixin.py:190} INFO - [2025-02-19T10:35:57.106+0000] {dag.py:3239} INFO - Sync 1 DAGs
[2025-02-19T10:35:57.122+0000] {logging_mixin.py:190} INFO - [2025-02-19T10:35:57.122+0000] {dag.py:4180} INFO - Setting next_dagrun for example_local_kubernetes_executor to None, run_after=None
[2025-02-19T10:35:57.139+0000] {processor.py:208} INFO - Processing /home/airflow/.local/lib/python3.12/site-packages/airflow/example_dags/example_local_kubernetes_executor.py took 0.077 seconds
[2025-02-19T10:36:27.631+0000] {processor.py:186} INFO - Started process (PID=2908) to work on /home/airflow/.local/lib/python3.12/site-packages/airflow/example_dags/example_local_kubernetes_executor.py
[2025-02-19T10:36:27.632+0000] {processor.py:914} INFO - Processing file /home/airflow/.local/lib/python3.12/site-packages/airflow/example_dags/example_local_kubernetes_executor.py for tasks to queue
[2025-02-19T10:36:27.634+0000] {logging_mixin.py:190} INFO - [2025-02-19T10:36:27.634+0000] {dagbag.py:588} INFO - Filling up the DagBag from /home/airflow/.local/lib/python3.12/site-packages/airflow/example_dags/example_local_kubernetes_executor.py
[2025-02-19T10:36:27.645+0000] {processor.py:925} INFO - DAG(s) 'example_local_kubernetes_executor' retrieved from /home/airflow/.local/lib/python3.12/site-packages/airflow/example_dags/example_local_kubernetes_executor.py
[2025-02-19T10:36:27.668+0000] {logging_mixin.py:190} INFO - [2025-02-19T10:36:27.667+0000] {dag.py:3239} INFO - Sync 1 DAGs
[2025-02-19T10:36:27.682+0000] {logging_mixin.py:190} INFO - [2025-02-19T10:36:27.681+0000] {dag.py:4180} INFO - Setting next_dagrun for example_local_kubernetes_executor to None, run_after=None
[2025-02-19T10:36:27.703+0000] {processor.py:208} INFO - Processing /home/airflow/.local/lib/python3.12/site-packages/airflow/example_dags/example_local_kubernetes_executor.py took 0.078 seconds
[2025-02-19T10:36:58.564+0000] {processor.py:186} INFO - Started process (PID=2975) to work on /home/airflow/.local/lib/python3.12/site-packages/airflow/example_dags/example_local_kubernetes_executor.py
[2025-02-19T10:36:58.565+0000] {processor.py:914} INFO - Processing file /home/airflow/.local/lib/python3.12/site-packages/airflow/example_dags/example_local_kubernetes_executor.py for tasks to queue
[2025-02-19T10:36:58.568+0000] {logging_mixin.py:190} INFO - [2025-02-19T10:36:58.568+0000] {dagbag.py:588} INFO - Filling up the DagBag from /home/airflow/.local/lib/python3.12/site-packages/airflow/example_dags/example_local_kubernetes_executor.py
[2025-02-19T10:36:58.586+0000] {processor.py:925} INFO - DAG(s) 'example_local_kubernetes_executor' retrieved from /home/airflow/.local/lib/python3.12/site-packages/airflow/example_dags/example_local_kubernetes_executor.py
[2025-02-19T10:36:58.620+0000] {logging_mixin.py:190} INFO - [2025-02-19T10:36:58.620+0000] {dag.py:3239} INFO - Sync 1 DAGs
[2025-02-19T10:36:58.642+0000] {logging_mixin.py:190} INFO - [2025-02-19T10:36:58.641+0000] {dag.py:4180} INFO - Setting next_dagrun for example_local_kubernetes_executor to None, run_after=None
[2025-02-19T10:36:58.668+0000] {processor.py:208} INFO - Processing /home/airflow/.local/lib/python3.12/site-packages/airflow/example_dags/example_local_kubernetes_executor.py took 0.114 seconds
[2025-02-19T10:37:28.991+0000] {processor.py:186} INFO - Started process (PID=3041) to work on /home/airflow/.local/lib/python3.12/site-packages/airflow/example_dags/example_local_kubernetes_executor.py
[2025-02-19T10:37:28.992+0000] {processor.py:914} INFO - Processing file /home/airflow/.local/lib/python3.12/site-packages/airflow/example_dags/example_local_kubernetes_executor.py for tasks to queue
[2025-02-19T10:37:28.994+0000] {logging_mixin.py:190} INFO - [2025-02-19T10:37:28.994+0000] {dagbag.py:588} INFO - Filling up the DagBag from /home/airflow/.local/lib/python3.12/site-packages/airflow/example_dags/example_local_kubernetes_executor.py
[2025-02-19T10:37:29.004+0000] {processor.py:925} INFO - DAG(s) 'example_local_kubernetes_executor' retrieved from /home/airflow/.local/lib/python3.12/site-packages/airflow/example_dags/example_local_kubernetes_executor.py
[2025-02-19T10:37:29.027+0000] {logging_mixin.py:190} INFO - [2025-02-19T10:37:29.026+0000] {dag.py:3239} INFO - Sync 1 DAGs
[2025-02-19T10:37:29.041+0000] {logging_mixin.py:190} INFO - [2025-02-19T10:37:29.041+0000] {dag.py:4180} INFO - Setting next_dagrun for example_local_kubernetes_executor to None, run_after=None
[2025-02-19T10:37:29.062+0000] {processor.py:208} INFO - Processing /home/airflow/.local/lib/python3.12/site-packages/airflow/example_dags/example_local_kubernetes_executor.py took 0.077 seconds
