[2025-02-19T10:11:46.579+0000] {processor.py:186} INFO - Started process (PID=110) to work on /home/airflow/.local/lib/python3.12/site-packages/airflow/example_dags/example_bash_decorator.py
[2025-02-19T10:11:46.580+0000] {processor.py:914} INFO - Processing file /home/airflow/.local/lib/python3.12/site-packages/airflow/example_dags/example_bash_decorator.py for tasks to queue
[2025-02-19T10:11:46.584+0000] {logging_mixin.py:190} INFO - [2025-02-19T10:11:46.583+0000] {dagbag.py:588} INFO - Filling up the DagBag from /home/airflow/.local/lib/python3.12/site-packages/airflow/example_dags/example_bash_decorator.py
[2025-02-19T10:11:46.612+0000] {processor.py:925} INFO - DAG(s) 'example_bash_decorator' retrieved from /home/airflow/.local/lib/python3.12/site-packages/airflow/example_dags/example_bash_decorator.py
[2025-02-19T10:11:46.785+0000] {logging_mixin.py:190} INFO - [2025-02-19T10:11:46.784+0000] {dag.py:3239} INFO - Sync 1 DAGs
[2025-02-19T10:11:46.801+0000] {logging_mixin.py:190} INFO - [2025-02-19T10:11:46.801+0000] {dag.py:4180} INFO - Setting next_dagrun for example_bash_decorator to None, run_after=None
[2025-02-19T10:11:46.825+0000] {processor.py:208} INFO - Processing /home/airflow/.local/lib/python3.12/site-packages/airflow/example_dags/example_bash_decorator.py took 0.256 seconds
[2025-02-19T10:12:18.189+0000] {processor.py:186} INFO - Started process (PID=176) to work on /home/airflow/.local/lib/python3.12/site-packages/airflow/example_dags/example_bash_decorator.py
[2025-02-19T10:12:18.190+0000] {processor.py:914} INFO - Processing file /home/airflow/.local/lib/python3.12/site-packages/airflow/example_dags/example_bash_decorator.py for tasks to queue
[2025-02-19T10:12:18.194+0000] {logging_mixin.py:190} INFO - [2025-02-19T10:12:18.193+0000] {dagbag.py:588} INFO - Filling up the DagBag from /home/airflow/.local/lib/python3.12/site-packages/airflow/example_dags/example_bash_decorator.py
[2025-02-19T10:12:18.214+0000] {processor.py:925} INFO - DAG(s) 'example_bash_decorator' retrieved from /home/airflow/.local/lib/python3.12/site-packages/airflow/example_dags/example_bash_decorator.py
[2025-02-19T10:12:18.245+0000] {logging_mixin.py:190} INFO - [2025-02-19T10:12:18.245+0000] {dag.py:3239} INFO - Sync 1 DAGs
[2025-02-19T10:12:18.263+0000] {logging_mixin.py:190} INFO - [2025-02-19T10:12:18.262+0000] {dag.py:4180} INFO - Setting next_dagrun for example_bash_decorator to None, run_after=None
[2025-02-19T10:12:18.286+0000] {processor.py:208} INFO - Processing /home/airflow/.local/lib/python3.12/site-packages/airflow/example_dags/example_bash_decorator.py took 0.109 seconds
[2025-02-19T10:12:49.463+0000] {processor.py:186} INFO - Started process (PID=243) to work on /home/airflow/.local/lib/python3.12/site-packages/airflow/example_dags/example_bash_decorator.py
[2025-02-19T10:12:49.465+0000] {processor.py:914} INFO - Processing file /home/airflow/.local/lib/python3.12/site-packages/airflow/example_dags/example_bash_decorator.py for tasks to queue
[2025-02-19T10:12:49.468+0000] {logging_mixin.py:190} INFO - [2025-02-19T10:12:49.467+0000] {dagbag.py:588} INFO - Filling up the DagBag from /home/airflow/.local/lib/python3.12/site-packages/airflow/example_dags/example_bash_decorator.py
[2025-02-19T10:12:49.489+0000] {processor.py:925} INFO - DAG(s) 'example_bash_decorator' retrieved from /home/airflow/.local/lib/python3.12/site-packages/airflow/example_dags/example_bash_decorator.py
[2025-02-19T10:12:49.527+0000] {logging_mixin.py:190} INFO - [2025-02-19T10:12:49.527+0000] {dag.py:3239} INFO - Sync 1 DAGs
[2025-02-19T10:12:49.546+0000] {logging_mixin.py:190} INFO - [2025-02-19T10:12:49.545+0000] {dag.py:4180} INFO - Setting next_dagrun for example_bash_decorator to None, run_after=None
[2025-02-19T10:12:49.568+0000] {processor.py:208} INFO - Processing /home/airflow/.local/lib/python3.12/site-packages/airflow/example_dags/example_bash_decorator.py took 0.112 seconds
[2025-02-19T10:13:20.912+0000] {processor.py:186} INFO - Started process (PID=310) to work on /home/airflow/.local/lib/python3.12/site-packages/airflow/example_dags/example_bash_decorator.py
[2025-02-19T10:13:20.913+0000] {processor.py:914} INFO - Processing file /home/airflow/.local/lib/python3.12/site-packages/airflow/example_dags/example_bash_decorator.py for tasks to queue
[2025-02-19T10:13:20.917+0000] {logging_mixin.py:190} INFO - [2025-02-19T10:13:20.916+0000] {dagbag.py:588} INFO - Filling up the DagBag from /home/airflow/.local/lib/python3.12/site-packages/airflow/example_dags/example_bash_decorator.py
[2025-02-19T10:13:20.938+0000] {processor.py:925} INFO - DAG(s) 'example_bash_decorator' retrieved from /home/airflow/.local/lib/python3.12/site-packages/airflow/example_dags/example_bash_decorator.py
[2025-02-19T10:13:20.972+0000] {logging_mixin.py:190} INFO - [2025-02-19T10:13:20.972+0000] {dag.py:3239} INFO - Sync 1 DAGs
[2025-02-19T10:13:20.991+0000] {logging_mixin.py:190} INFO - [2025-02-19T10:13:20.991+0000] {dag.py:4180} INFO - Setting next_dagrun for example_bash_decorator to None, run_after=None
[2025-02-19T10:13:21.018+0000] {processor.py:208} INFO - Processing /home/airflow/.local/lib/python3.12/site-packages/airflow/example_dags/example_bash_decorator.py took 0.114 seconds
[2025-02-19T10:13:57.101+0000] {processor.py:186} INFO - Started process (PID=377) to work on /home/airflow/.local/lib/python3.12/site-packages/airflow/example_dags/example_bash_decorator.py
[2025-02-19T10:13:57.102+0000] {processor.py:914} INFO - Processing file /home/airflow/.local/lib/python3.12/site-packages/airflow/example_dags/example_bash_decorator.py for tasks to queue
[2025-02-19T10:13:57.105+0000] {logging_mixin.py:190} INFO - [2025-02-19T10:13:57.104+0000] {dagbag.py:588} INFO - Filling up the DagBag from /home/airflow/.local/lib/python3.12/site-packages/airflow/example_dags/example_bash_decorator.py
[2025-02-19T10:13:57.122+0000] {processor.py:925} INFO - DAG(s) 'example_bash_decorator' retrieved from /home/airflow/.local/lib/python3.12/site-packages/airflow/example_dags/example_bash_decorator.py
[2025-02-19T10:13:57.161+0000] {logging_mixin.py:190} INFO - [2025-02-19T10:13:57.161+0000] {dag.py:3239} INFO - Sync 1 DAGs
[2025-02-19T10:13:57.182+0000] {logging_mixin.py:190} INFO - [2025-02-19T10:13:57.182+0000] {dag.py:4180} INFO - Setting next_dagrun for example_bash_decorator to None, run_after=None
[2025-02-19T10:13:57.207+0000] {processor.py:208} INFO - Processing /home/airflow/.local/lib/python3.12/site-packages/airflow/example_dags/example_bash_decorator.py took 0.114 seconds
[2025-02-19T10:15:05.454+0000] {processor.py:186} INFO - Started process (PID=101) to work on /home/airflow/.local/lib/python3.12/site-packages/airflow/example_dags/example_bash_decorator.py
[2025-02-19T10:15:05.455+0000] {processor.py:914} INFO - Processing file /home/airflow/.local/lib/python3.12/site-packages/airflow/example_dags/example_bash_decorator.py for tasks to queue
[2025-02-19T10:15:05.458+0000] {logging_mixin.py:190} INFO - [2025-02-19T10:15:05.457+0000] {dagbag.py:588} INFO - Filling up the DagBag from /home/airflow/.local/lib/python3.12/site-packages/airflow/example_dags/example_bash_decorator.py
[2025-02-19T10:15:05.472+0000] {processor.py:925} INFO - DAG(s) 'example_bash_decorator' retrieved from /home/airflow/.local/lib/python3.12/site-packages/airflow/example_dags/example_bash_decorator.py
[2025-02-19T10:15:05.622+0000] {logging_mixin.py:190} INFO - [2025-02-19T10:15:05.622+0000] {dag.py:3239} INFO - Sync 1 DAGs
[2025-02-19T10:15:05.635+0000] {logging_mixin.py:190} INFO - [2025-02-19T10:15:05.634+0000] {dag.py:4180} INFO - Setting next_dagrun for example_bash_decorator to None, run_after=None
[2025-02-19T10:15:05.656+0000] {processor.py:208} INFO - Processing /home/airflow/.local/lib/python3.12/site-packages/airflow/example_dags/example_bash_decorator.py took 0.209 seconds
[2025-02-19T10:15:36.026+0000] {processor.py:186} INFO - Started process (PID=168) to work on /home/airflow/.local/lib/python3.12/site-packages/airflow/example_dags/example_bash_decorator.py
[2025-02-19T10:15:36.027+0000] {processor.py:914} INFO - Processing file /home/airflow/.local/lib/python3.12/site-packages/airflow/example_dags/example_bash_decorator.py for tasks to queue
[2025-02-19T10:15:36.029+0000] {logging_mixin.py:190} INFO - [2025-02-19T10:15:36.029+0000] {dagbag.py:588} INFO - Filling up the DagBag from /home/airflow/.local/lib/python3.12/site-packages/airflow/example_dags/example_bash_decorator.py
[2025-02-19T10:15:36.045+0000] {processor.py:925} INFO - DAG(s) 'example_bash_decorator' retrieved from /home/airflow/.local/lib/python3.12/site-packages/airflow/example_dags/example_bash_decorator.py
[2025-02-19T10:15:36.076+0000] {logging_mixin.py:190} INFO - [2025-02-19T10:15:36.075+0000] {dag.py:3239} INFO - Sync 1 DAGs
[2025-02-19T10:15:36.094+0000] {logging_mixin.py:190} INFO - [2025-02-19T10:15:36.094+0000] {dag.py:4180} INFO - Setting next_dagrun for example_bash_decorator to None, run_after=None
[2025-02-19T10:15:36.121+0000] {processor.py:208} INFO - Processing /home/airflow/.local/lib/python3.12/site-packages/airflow/example_dags/example_bash_decorator.py took 0.102 seconds
[2025-02-19T10:16:07.482+0000] {processor.py:186} INFO - Started process (PID=235) to work on /home/airflow/.local/lib/python3.12/site-packages/airflow/example_dags/example_bash_decorator.py
[2025-02-19T10:16:07.483+0000] {processor.py:914} INFO - Processing file /home/airflow/.local/lib/python3.12/site-packages/airflow/example_dags/example_bash_decorator.py for tasks to queue
[2025-02-19T10:16:07.485+0000] {logging_mixin.py:190} INFO - [2025-02-19T10:16:07.485+0000] {dagbag.py:588} INFO - Filling up the DagBag from /home/airflow/.local/lib/python3.12/site-packages/airflow/example_dags/example_bash_decorator.py
[2025-02-19T10:16:07.499+0000] {processor.py:925} INFO - DAG(s) 'example_bash_decorator' retrieved from /home/airflow/.local/lib/python3.12/site-packages/airflow/example_dags/example_bash_decorator.py
[2025-02-19T10:16:07.522+0000] {logging_mixin.py:190} INFO - [2025-02-19T10:16:07.522+0000] {dag.py:3239} INFO - Sync 1 DAGs
[2025-02-19T10:16:07.536+0000] {logging_mixin.py:190} INFO - [2025-02-19T10:16:07.536+0000] {dag.py:4180} INFO - Setting next_dagrun for example_bash_decorator to None, run_after=None
[2025-02-19T10:16:07.553+0000] {processor.py:208} INFO - Processing /home/airflow/.local/lib/python3.12/site-packages/airflow/example_dags/example_bash_decorator.py took 0.077 seconds
[2025-02-19T10:16:38.290+0000] {processor.py:186} INFO - Started process (PID=302) to work on /home/airflow/.local/lib/python3.12/site-packages/airflow/example_dags/example_bash_decorator.py
[2025-02-19T10:16:38.291+0000] {processor.py:914} INFO - Processing file /home/airflow/.local/lib/python3.12/site-packages/airflow/example_dags/example_bash_decorator.py for tasks to queue
[2025-02-19T10:16:38.293+0000] {logging_mixin.py:190} INFO - [2025-02-19T10:16:38.293+0000] {dagbag.py:588} INFO - Filling up the DagBag from /home/airflow/.local/lib/python3.12/site-packages/airflow/example_dags/example_bash_decorator.py
[2025-02-19T10:16:38.307+0000] {processor.py:925} INFO - DAG(s) 'example_bash_decorator' retrieved from /home/airflow/.local/lib/python3.12/site-packages/airflow/example_dags/example_bash_decorator.py
[2025-02-19T10:16:38.330+0000] {logging_mixin.py:190} INFO - [2025-02-19T10:16:38.330+0000] {dag.py:3239} INFO - Sync 1 DAGs
[2025-02-19T10:16:38.343+0000] {logging_mixin.py:190} INFO - [2025-02-19T10:16:38.343+0000] {dag.py:4180} INFO - Setting next_dagrun for example_bash_decorator to None, run_after=None
[2025-02-19T10:16:38.360+0000] {processor.py:208} INFO - Processing /home/airflow/.local/lib/python3.12/site-packages/airflow/example_dags/example_bash_decorator.py took 0.075 seconds
[2025-02-19T10:17:08.867+0000] {processor.py:186} INFO - Started process (PID=369) to work on /home/airflow/.local/lib/python3.12/site-packages/airflow/example_dags/example_bash_decorator.py
[2025-02-19T10:17:08.869+0000] {processor.py:914} INFO - Processing file /home/airflow/.local/lib/python3.12/site-packages/airflow/example_dags/example_bash_decorator.py for tasks to queue
[2025-02-19T10:17:08.871+0000] {logging_mixin.py:190} INFO - [2025-02-19T10:17:08.871+0000] {dagbag.py:588} INFO - Filling up the DagBag from /home/airflow/.local/lib/python3.12/site-packages/airflow/example_dags/example_bash_decorator.py
[2025-02-19T10:17:08.893+0000] {processor.py:925} INFO - DAG(s) 'example_bash_decorator' retrieved from /home/airflow/.local/lib/python3.12/site-packages/airflow/example_dags/example_bash_decorator.py
[2025-02-19T10:17:08.922+0000] {logging_mixin.py:190} INFO - [2025-02-19T10:17:08.922+0000] {dag.py:3239} INFO - Sync 1 DAGs
[2025-02-19T10:17:08.939+0000] {logging_mixin.py:190} INFO - [2025-02-19T10:17:08.939+0000] {dag.py:4180} INFO - Setting next_dagrun for example_bash_decorator to None, run_after=None
[2025-02-19T10:17:08.965+0000] {processor.py:208} INFO - Processing /home/airflow/.local/lib/python3.12/site-packages/airflow/example_dags/example_bash_decorator.py took 0.106 seconds
[2025-02-19T10:17:39.933+0000] {processor.py:186} INFO - Started process (PID=436) to work on /home/airflow/.local/lib/python3.12/site-packages/airflow/example_dags/example_bash_decorator.py
[2025-02-19T10:17:39.934+0000] {processor.py:914} INFO - Processing file /home/airflow/.local/lib/python3.12/site-packages/airflow/example_dags/example_bash_decorator.py for tasks to queue
[2025-02-19T10:17:39.936+0000] {logging_mixin.py:190} INFO - [2025-02-19T10:17:39.936+0000] {dagbag.py:588} INFO - Filling up the DagBag from /home/airflow/.local/lib/python3.12/site-packages/airflow/example_dags/example_bash_decorator.py
[2025-02-19T10:17:39.950+0000] {processor.py:925} INFO - DAG(s) 'example_bash_decorator' retrieved from /home/airflow/.local/lib/python3.12/site-packages/airflow/example_dags/example_bash_decorator.py
[2025-02-19T10:17:39.973+0000] {logging_mixin.py:190} INFO - [2025-02-19T10:17:39.973+0000] {dag.py:3239} INFO - Sync 1 DAGs
[2025-02-19T10:17:39.987+0000] {logging_mixin.py:190} INFO - [2025-02-19T10:17:39.987+0000] {dag.py:4180} INFO - Setting next_dagrun for example_bash_decorator to None, run_after=None
[2025-02-19T10:17:40.004+0000] {processor.py:208} INFO - Processing /home/airflow/.local/lib/python3.12/site-packages/airflow/example_dags/example_bash_decorator.py took 0.076 seconds
[2025-02-19T10:18:10.535+0000] {processor.py:186} INFO - Started process (PID=503) to work on /home/airflow/.local/lib/python3.12/site-packages/airflow/example_dags/example_bash_decorator.py
[2025-02-19T10:18:10.536+0000] {processor.py:914} INFO - Processing file /home/airflow/.local/lib/python3.12/site-packages/airflow/example_dags/example_bash_decorator.py for tasks to queue
[2025-02-19T10:18:10.538+0000] {logging_mixin.py:190} INFO - [2025-02-19T10:18:10.538+0000] {dagbag.py:588} INFO - Filling up the DagBag from /home/airflow/.local/lib/python3.12/site-packages/airflow/example_dags/example_bash_decorator.py
[2025-02-19T10:18:10.554+0000] {processor.py:925} INFO - DAG(s) 'example_bash_decorator' retrieved from /home/airflow/.local/lib/python3.12/site-packages/airflow/example_dags/example_bash_decorator.py
[2025-02-19T10:18:10.581+0000] {logging_mixin.py:190} INFO - [2025-02-19T10:18:10.580+0000] {dag.py:3239} INFO - Sync 1 DAGs
[2025-02-19T10:18:10.597+0000] {logging_mixin.py:190} INFO - [2025-02-19T10:18:10.597+0000] {dag.py:4180} INFO - Setting next_dagrun for example_bash_decorator to None, run_after=None
[2025-02-19T10:18:10.617+0000] {processor.py:208} INFO - Processing /home/airflow/.local/lib/python3.12/site-packages/airflow/example_dags/example_bash_decorator.py took 0.089 seconds
[2025-02-19T10:18:41.843+0000] {processor.py:186} INFO - Started process (PID=570) to work on /home/airflow/.local/lib/python3.12/site-packages/airflow/example_dags/example_bash_decorator.py
[2025-02-19T10:18:41.844+0000] {processor.py:914} INFO - Processing file /home/airflow/.local/lib/python3.12/site-packages/airflow/example_dags/example_bash_decorator.py for tasks to queue
[2025-02-19T10:18:41.848+0000] {logging_mixin.py:190} INFO - [2025-02-19T10:18:41.847+0000] {dagbag.py:588} INFO - Filling up the DagBag from /home/airflow/.local/lib/python3.12/site-packages/airflow/example_dags/example_bash_decorator.py
[2025-02-19T10:18:41.867+0000] {processor.py:925} INFO - DAG(s) 'example_bash_decorator' retrieved from /home/airflow/.local/lib/python3.12/site-packages/airflow/example_dags/example_bash_decorator.py
[2025-02-19T10:18:41.900+0000] {logging_mixin.py:190} INFO - [2025-02-19T10:18:41.900+0000] {dag.py:3239} INFO - Sync 1 DAGs
[2025-02-19T10:18:41.921+0000] {logging_mixin.py:190} INFO - [2025-02-19T10:18:41.921+0000] {dag.py:4180} INFO - Setting next_dagrun for example_bash_decorator to None, run_after=None
[2025-02-19T10:18:41.946+0000] {processor.py:208} INFO - Processing /home/airflow/.local/lib/python3.12/site-packages/airflow/example_dags/example_bash_decorator.py took 0.110 seconds
[2025-02-19T10:19:13.173+0000] {processor.py:186} INFO - Started process (PID=637) to work on /home/airflow/.local/lib/python3.12/site-packages/airflow/example_dags/example_bash_decorator.py
[2025-02-19T10:19:13.175+0000] {processor.py:914} INFO - Processing file /home/airflow/.local/lib/python3.12/site-packages/airflow/example_dags/example_bash_decorator.py for tasks to queue
[2025-02-19T10:19:13.180+0000] {logging_mixin.py:190} INFO - [2025-02-19T10:19:13.180+0000] {dagbag.py:588} INFO - Filling up the DagBag from /home/airflow/.local/lib/python3.12/site-packages/airflow/example_dags/example_bash_decorator.py
[2025-02-19T10:19:13.207+0000] {processor.py:925} INFO - DAG(s) 'example_bash_decorator' retrieved from /home/airflow/.local/lib/python3.12/site-packages/airflow/example_dags/example_bash_decorator.py
[2025-02-19T10:19:13.242+0000] {logging_mixin.py:190} INFO - [2025-02-19T10:19:13.242+0000] {dag.py:3239} INFO - Sync 1 DAGs
[2025-02-19T10:19:13.261+0000] {logging_mixin.py:190} INFO - [2025-02-19T10:19:13.261+0000] {dag.py:4180} INFO - Setting next_dagrun for example_bash_decorator to None, run_after=None
[2025-02-19T10:19:13.288+0000] {processor.py:208} INFO - Processing /home/airflow/.local/lib/python3.12/site-packages/airflow/example_dags/example_bash_decorator.py took 0.125 seconds
[2025-02-19T10:19:43.945+0000] {processor.py:186} INFO - Started process (PID=704) to work on /home/airflow/.local/lib/python3.12/site-packages/airflow/example_dags/example_bash_decorator.py
[2025-02-19T10:19:43.946+0000] {processor.py:914} INFO - Processing file /home/airflow/.local/lib/python3.12/site-packages/airflow/example_dags/example_bash_decorator.py for tasks to queue
[2025-02-19T10:19:43.949+0000] {logging_mixin.py:190} INFO - [2025-02-19T10:19:43.949+0000] {dagbag.py:588} INFO - Filling up the DagBag from /home/airflow/.local/lib/python3.12/site-packages/airflow/example_dags/example_bash_decorator.py
[2025-02-19T10:19:43.972+0000] {processor.py:925} INFO - DAG(s) 'example_bash_decorator' retrieved from /home/airflow/.local/lib/python3.12/site-packages/airflow/example_dags/example_bash_decorator.py
[2025-02-19T10:19:44.006+0000] {logging_mixin.py:190} INFO - [2025-02-19T10:19:44.005+0000] {dag.py:3239} INFO - Sync 1 DAGs
[2025-02-19T10:19:44.025+0000] {logging_mixin.py:190} INFO - [2025-02-19T10:19:44.025+0000] {dag.py:4180} INFO - Setting next_dagrun for example_bash_decorator to None, run_after=None
[2025-02-19T10:19:44.053+0000] {processor.py:208} INFO - Processing /home/airflow/.local/lib/python3.12/site-packages/airflow/example_dags/example_bash_decorator.py took 0.115 seconds
[2025-02-19T10:20:15.229+0000] {processor.py:186} INFO - Started process (PID=771) to work on /home/airflow/.local/lib/python3.12/site-packages/airflow/example_dags/example_bash_decorator.py
[2025-02-19T10:20:15.231+0000] {processor.py:914} INFO - Processing file /home/airflow/.local/lib/python3.12/site-packages/airflow/example_dags/example_bash_decorator.py for tasks to queue
[2025-02-19T10:20:15.234+0000] {logging_mixin.py:190} INFO - [2025-02-19T10:20:15.233+0000] {dagbag.py:588} INFO - Filling up the DagBag from /home/airflow/.local/lib/python3.12/site-packages/airflow/example_dags/example_bash_decorator.py
[2025-02-19T10:20:15.250+0000] {processor.py:925} INFO - DAG(s) 'example_bash_decorator' retrieved from /home/airflow/.local/lib/python3.12/site-packages/airflow/example_dags/example_bash_decorator.py
[2025-02-19T10:20:15.277+0000] {logging_mixin.py:190} INFO - [2025-02-19T10:20:15.277+0000] {dag.py:3239} INFO - Sync 1 DAGs
[2025-02-19T10:20:15.290+0000] {logging_mixin.py:190} INFO - [2025-02-19T10:20:15.290+0000] {dag.py:4180} INFO - Setting next_dagrun for example_bash_decorator to None, run_after=None
[2025-02-19T10:20:15.312+0000] {processor.py:208} INFO - Processing /home/airflow/.local/lib/python3.12/site-packages/airflow/example_dags/example_bash_decorator.py took 0.090 seconds
[2025-02-19T10:20:45.894+0000] {processor.py:186} INFO - Started process (PID=838) to work on /home/airflow/.local/lib/python3.12/site-packages/airflow/example_dags/example_bash_decorator.py
[2025-02-19T10:20:45.894+0000] {processor.py:914} INFO - Processing file /home/airflow/.local/lib/python3.12/site-packages/airflow/example_dags/example_bash_decorator.py for tasks to queue
[2025-02-19T10:20:45.897+0000] {logging_mixin.py:190} INFO - [2025-02-19T10:20:45.896+0000] {dagbag.py:588} INFO - Filling up the DagBag from /home/airflow/.local/lib/python3.12/site-packages/airflow/example_dags/example_bash_decorator.py
[2025-02-19T10:20:45.912+0000] {processor.py:925} INFO - DAG(s) 'example_bash_decorator' retrieved from /home/airflow/.local/lib/python3.12/site-packages/airflow/example_dags/example_bash_decorator.py
[2025-02-19T10:20:45.934+0000] {logging_mixin.py:190} INFO - [2025-02-19T10:20:45.933+0000] {dag.py:3239} INFO - Sync 1 DAGs
[2025-02-19T10:20:45.947+0000] {logging_mixin.py:190} INFO - [2025-02-19T10:20:45.947+0000] {dag.py:4180} INFO - Setting next_dagrun for example_bash_decorator to None, run_after=None
[2025-02-19T10:20:45.962+0000] {processor.py:208} INFO - Processing /home/airflow/.local/lib/python3.12/site-packages/airflow/example_dags/example_bash_decorator.py took 0.074 seconds
[2025-02-19T10:21:17.306+0000] {processor.py:186} INFO - Started process (PID=904) to work on /home/airflow/.local/lib/python3.12/site-packages/airflow/example_dags/example_bash_decorator.py
[2025-02-19T10:21:17.307+0000] {processor.py:914} INFO - Processing file /home/airflow/.local/lib/python3.12/site-packages/airflow/example_dags/example_bash_decorator.py for tasks to queue
[2025-02-19T10:21:17.309+0000] {logging_mixin.py:190} INFO - [2025-02-19T10:21:17.308+0000] {dagbag.py:588} INFO - Filling up the DagBag from /home/airflow/.local/lib/python3.12/site-packages/airflow/example_dags/example_bash_decorator.py
[2025-02-19T10:21:17.321+0000] {processor.py:925} INFO - DAG(s) 'example_bash_decorator' retrieved from /home/airflow/.local/lib/python3.12/site-packages/airflow/example_dags/example_bash_decorator.py
[2025-02-19T10:21:17.343+0000] {logging_mixin.py:190} INFO - [2025-02-19T10:21:17.343+0000] {dag.py:3239} INFO - Sync 1 DAGs
[2025-02-19T10:21:17.356+0000] {logging_mixin.py:190} INFO - [2025-02-19T10:21:17.356+0000] {dag.py:4180} INFO - Setting next_dagrun for example_bash_decorator to None, run_after=None
[2025-02-19T10:21:17.375+0000] {processor.py:208} INFO - Processing /home/airflow/.local/lib/python3.12/site-packages/airflow/example_dags/example_bash_decorator.py took 0.074 seconds
[2025-02-19T10:21:48.353+0000] {processor.py:186} INFO - Started process (PID=971) to work on /home/airflow/.local/lib/python3.12/site-packages/airflow/example_dags/example_bash_decorator.py
[2025-02-19T10:21:48.354+0000] {processor.py:914} INFO - Processing file /home/airflow/.local/lib/python3.12/site-packages/airflow/example_dags/example_bash_decorator.py for tasks to queue
[2025-02-19T10:21:48.357+0000] {logging_mixin.py:190} INFO - [2025-02-19T10:21:48.356+0000] {dagbag.py:588} INFO - Filling up the DagBag from /home/airflow/.local/lib/python3.12/site-packages/airflow/example_dags/example_bash_decorator.py
[2025-02-19T10:21:48.378+0000] {processor.py:925} INFO - DAG(s) 'example_bash_decorator' retrieved from /home/airflow/.local/lib/python3.12/site-packages/airflow/example_dags/example_bash_decorator.py
[2025-02-19T10:21:48.408+0000] {logging_mixin.py:190} INFO - [2025-02-19T10:21:48.407+0000] {dag.py:3239} INFO - Sync 1 DAGs
[2025-02-19T10:21:48.426+0000] {logging_mixin.py:190} INFO - [2025-02-19T10:21:48.426+0000] {dag.py:4180} INFO - Setting next_dagrun for example_bash_decorator to None, run_after=None
[2025-02-19T10:21:48.452+0000] {processor.py:208} INFO - Processing /home/airflow/.local/lib/python3.12/site-packages/airflow/example_dags/example_bash_decorator.py took 0.106 seconds
[2025-02-19T10:22:19.630+0000] {processor.py:186} INFO - Started process (PID=1038) to work on /home/airflow/.local/lib/python3.12/site-packages/airflow/example_dags/example_bash_decorator.py
[2025-02-19T10:22:19.632+0000] {processor.py:914} INFO - Processing file /home/airflow/.local/lib/python3.12/site-packages/airflow/example_dags/example_bash_decorator.py for tasks to queue
[2025-02-19T10:22:19.636+0000] {logging_mixin.py:190} INFO - [2025-02-19T10:22:19.635+0000] {dagbag.py:588} INFO - Filling up the DagBag from /home/airflow/.local/lib/python3.12/site-packages/airflow/example_dags/example_bash_decorator.py
[2025-02-19T10:22:19.658+0000] {processor.py:925} INFO - DAG(s) 'example_bash_decorator' retrieved from /home/airflow/.local/lib/python3.12/site-packages/airflow/example_dags/example_bash_decorator.py
[2025-02-19T10:22:19.690+0000] {logging_mixin.py:190} INFO - [2025-02-19T10:22:19.690+0000] {dag.py:3239} INFO - Sync 1 DAGs
[2025-02-19T10:22:19.707+0000] {logging_mixin.py:190} INFO - [2025-02-19T10:22:19.707+0000] {dag.py:4180} INFO - Setting next_dagrun for example_bash_decorator to None, run_after=None
[2025-02-19T10:22:19.733+0000] {processor.py:208} INFO - Processing /home/airflow/.local/lib/python3.12/site-packages/airflow/example_dags/example_bash_decorator.py took 0.115 seconds
[2025-02-19T10:22:50.860+0000] {processor.py:186} INFO - Started process (PID=1104) to work on /home/airflow/.local/lib/python3.12/site-packages/airflow/example_dags/example_bash_decorator.py
[2025-02-19T10:22:50.862+0000] {processor.py:914} INFO - Processing file /home/airflow/.local/lib/python3.12/site-packages/airflow/example_dags/example_bash_decorator.py for tasks to queue
[2025-02-19T10:22:50.866+0000] {logging_mixin.py:190} INFO - [2025-02-19T10:22:50.865+0000] {dagbag.py:588} INFO - Filling up the DagBag from /home/airflow/.local/lib/python3.12/site-packages/airflow/example_dags/example_bash_decorator.py
[2025-02-19T10:22:50.899+0000] {processor.py:925} INFO - DAG(s) 'example_bash_decorator' retrieved from /home/airflow/.local/lib/python3.12/site-packages/airflow/example_dags/example_bash_decorator.py
[2025-02-19T10:22:50.939+0000] {logging_mixin.py:190} INFO - [2025-02-19T10:22:50.939+0000] {dag.py:3239} INFO - Sync 1 DAGs
[2025-02-19T10:22:50.963+0000] {logging_mixin.py:190} INFO - [2025-02-19T10:22:50.962+0000] {dag.py:4180} INFO - Setting next_dagrun for example_bash_decorator to None, run_after=None
[2025-02-19T10:22:50.994+0000] {processor.py:208} INFO - Processing /home/airflow/.local/lib/python3.12/site-packages/airflow/example_dags/example_bash_decorator.py took 0.143 seconds
[2025-02-19T10:23:21.655+0000] {processor.py:186} INFO - Started process (PID=1171) to work on /home/airflow/.local/lib/python3.12/site-packages/airflow/example_dags/example_bash_decorator.py
[2025-02-19T10:23:21.656+0000] {processor.py:914} INFO - Processing file /home/airflow/.local/lib/python3.12/site-packages/airflow/example_dags/example_bash_decorator.py for tasks to queue
[2025-02-19T10:23:21.658+0000] {logging_mixin.py:190} INFO - [2025-02-19T10:23:21.658+0000] {dagbag.py:588} INFO - Filling up the DagBag from /home/airflow/.local/lib/python3.12/site-packages/airflow/example_dags/example_bash_decorator.py
[2025-02-19T10:23:21.676+0000] {processor.py:925} INFO - DAG(s) 'example_bash_decorator' retrieved from /home/airflow/.local/lib/python3.12/site-packages/airflow/example_dags/example_bash_decorator.py
[2025-02-19T10:23:21.702+0000] {logging_mixin.py:190} INFO - [2025-02-19T10:23:21.702+0000] {dag.py:3239} INFO - Sync 1 DAGs
[2025-02-19T10:23:21.715+0000] {logging_mixin.py:190} INFO - [2025-02-19T10:23:21.715+0000] {dag.py:4180} INFO - Setting next_dagrun for example_bash_decorator to None, run_after=None
[2025-02-19T10:23:21.736+0000] {processor.py:208} INFO - Processing /home/airflow/.local/lib/python3.12/site-packages/airflow/example_dags/example_bash_decorator.py took 0.087 seconds
[2025-02-19T10:23:53.016+0000] {processor.py:186} INFO - Started process (PID=1238) to work on /home/airflow/.local/lib/python3.12/site-packages/airflow/example_dags/example_bash_decorator.py
[2025-02-19T10:23:53.017+0000] {processor.py:914} INFO - Processing file /home/airflow/.local/lib/python3.12/site-packages/airflow/example_dags/example_bash_decorator.py for tasks to queue
[2025-02-19T10:23:53.019+0000] {logging_mixin.py:190} INFO - [2025-02-19T10:23:53.019+0000] {dagbag.py:588} INFO - Filling up the DagBag from /home/airflow/.local/lib/python3.12/site-packages/airflow/example_dags/example_bash_decorator.py
[2025-02-19T10:23:53.033+0000] {processor.py:925} INFO - DAG(s) 'example_bash_decorator' retrieved from /home/airflow/.local/lib/python3.12/site-packages/airflow/example_dags/example_bash_decorator.py
[2025-02-19T10:23:53.053+0000] {logging_mixin.py:190} INFO - [2025-02-19T10:23:53.053+0000] {dag.py:3239} INFO - Sync 1 DAGs
[2025-02-19T10:23:53.065+0000] {logging_mixin.py:190} INFO - [2025-02-19T10:23:53.065+0000] {dag.py:4180} INFO - Setting next_dagrun for example_bash_decorator to None, run_after=None
[2025-02-19T10:23:53.080+0000] {processor.py:208} INFO - Processing /home/airflow/.local/lib/python3.12/site-packages/airflow/example_dags/example_bash_decorator.py took 0.070 seconds
[2025-02-19T10:24:24.158+0000] {processor.py:186} INFO - Started process (PID=1305) to work on /home/airflow/.local/lib/python3.12/site-packages/airflow/example_dags/example_bash_decorator.py
[2025-02-19T10:24:24.159+0000] {processor.py:914} INFO - Processing file /home/airflow/.local/lib/python3.12/site-packages/airflow/example_dags/example_bash_decorator.py for tasks to queue
[2025-02-19T10:24:24.162+0000] {logging_mixin.py:190} INFO - [2025-02-19T10:24:24.162+0000] {dagbag.py:588} INFO - Filling up the DagBag from /home/airflow/.local/lib/python3.12/site-packages/airflow/example_dags/example_bash_decorator.py
[2025-02-19T10:24:24.175+0000] {processor.py:925} INFO - DAG(s) 'example_bash_decorator' retrieved from /home/airflow/.local/lib/python3.12/site-packages/airflow/example_dags/example_bash_decorator.py
[2025-02-19T10:24:24.197+0000] {logging_mixin.py:190} INFO - [2025-02-19T10:24:24.197+0000] {dag.py:3239} INFO - Sync 1 DAGs
[2025-02-19T10:24:24.213+0000] {logging_mixin.py:190} INFO - [2025-02-19T10:24:24.213+0000] {dag.py:4180} INFO - Setting next_dagrun for example_bash_decorator to None, run_after=None
[2025-02-19T10:24:24.232+0000] {processor.py:208} INFO - Processing /home/airflow/.local/lib/python3.12/site-packages/airflow/example_dags/example_bash_decorator.py took 0.079 seconds
[2025-02-19T10:24:54.778+0000] {processor.py:186} INFO - Started process (PID=1372) to work on /home/airflow/.local/lib/python3.12/site-packages/airflow/example_dags/example_bash_decorator.py
[2025-02-19T10:24:54.778+0000] {processor.py:914} INFO - Processing file /home/airflow/.local/lib/python3.12/site-packages/airflow/example_dags/example_bash_decorator.py for tasks to queue
[2025-02-19T10:24:54.781+0000] {logging_mixin.py:190} INFO - [2025-02-19T10:24:54.780+0000] {dagbag.py:588} INFO - Filling up the DagBag from /home/airflow/.local/lib/python3.12/site-packages/airflow/example_dags/example_bash_decorator.py
[2025-02-19T10:24:54.794+0000] {processor.py:925} INFO - DAG(s) 'example_bash_decorator' retrieved from /home/airflow/.local/lib/python3.12/site-packages/airflow/example_dags/example_bash_decorator.py
[2025-02-19T10:24:54.815+0000] {logging_mixin.py:190} INFO - [2025-02-19T10:24:54.815+0000] {dag.py:3239} INFO - Sync 1 DAGs
[2025-02-19T10:24:54.828+0000] {logging_mixin.py:190} INFO - [2025-02-19T10:24:54.827+0000] {dag.py:4180} INFO - Setting next_dagrun for example_bash_decorator to None, run_after=None
[2025-02-19T10:24:54.844+0000] {processor.py:208} INFO - Processing /home/airflow/.local/lib/python3.12/site-packages/airflow/example_dags/example_bash_decorator.py took 0.071 seconds
[2025-02-19T10:25:26.331+0000] {processor.py:186} INFO - Started process (PID=1438) to work on /home/airflow/.local/lib/python3.12/site-packages/airflow/example_dags/example_bash_decorator.py
[2025-02-19T10:25:26.332+0000] {processor.py:914} INFO - Processing file /home/airflow/.local/lib/python3.12/site-packages/airflow/example_dags/example_bash_decorator.py for tasks to queue
[2025-02-19T10:25:26.334+0000] {logging_mixin.py:190} INFO - [2025-02-19T10:25:26.334+0000] {dagbag.py:588} INFO - Filling up the DagBag from /home/airflow/.local/lib/python3.12/site-packages/airflow/example_dags/example_bash_decorator.py
[2025-02-19T10:25:26.349+0000] {processor.py:925} INFO - DAG(s) 'example_bash_decorator' retrieved from /home/airflow/.local/lib/python3.12/site-packages/airflow/example_dags/example_bash_decorator.py
[2025-02-19T10:25:26.373+0000] {logging_mixin.py:190} INFO - [2025-02-19T10:25:26.373+0000] {dag.py:3239} INFO - Sync 1 DAGs
[2025-02-19T10:25:26.390+0000] {logging_mixin.py:190} INFO - [2025-02-19T10:25:26.389+0000] {dag.py:4180} INFO - Setting next_dagrun for example_bash_decorator to None, run_after=None
[2025-02-19T10:25:26.414+0000] {processor.py:208} INFO - Processing /home/airflow/.local/lib/python3.12/site-packages/airflow/example_dags/example_bash_decorator.py took 0.090 seconds
[2025-02-19T10:25:57.173+0000] {processor.py:186} INFO - Started process (PID=1505) to work on /home/airflow/.local/lib/python3.12/site-packages/airflow/example_dags/example_bash_decorator.py
[2025-02-19T10:25:57.175+0000] {processor.py:914} INFO - Processing file /home/airflow/.local/lib/python3.12/site-packages/airflow/example_dags/example_bash_decorator.py for tasks to queue
[2025-02-19T10:25:57.178+0000] {logging_mixin.py:190} INFO - [2025-02-19T10:25:57.177+0000] {dagbag.py:588} INFO - Filling up the DagBag from /home/airflow/.local/lib/python3.12/site-packages/airflow/example_dags/example_bash_decorator.py
[2025-02-19T10:25:57.197+0000] {processor.py:925} INFO - DAG(s) 'example_bash_decorator' retrieved from /home/airflow/.local/lib/python3.12/site-packages/airflow/example_dags/example_bash_decorator.py
[2025-02-19T10:25:57.221+0000] {logging_mixin.py:190} INFO - [2025-02-19T10:25:57.221+0000] {dag.py:3239} INFO - Sync 1 DAGs
[2025-02-19T10:25:57.233+0000] {logging_mixin.py:190} INFO - [2025-02-19T10:25:57.233+0000] {dag.py:4180} INFO - Setting next_dagrun for example_bash_decorator to None, run_after=None
[2025-02-19T10:25:57.251+0000] {processor.py:208} INFO - Processing /home/airflow/.local/lib/python3.12/site-packages/airflow/example_dags/example_bash_decorator.py took 0.084 seconds
[2025-02-19T10:26:28.730+0000] {processor.py:186} INFO - Started process (PID=1572) to work on /home/airflow/.local/lib/python3.12/site-packages/airflow/example_dags/example_bash_decorator.py
[2025-02-19T10:26:28.731+0000] {processor.py:914} INFO - Processing file /home/airflow/.local/lib/python3.12/site-packages/airflow/example_dags/example_bash_decorator.py for tasks to queue
[2025-02-19T10:26:28.733+0000] {logging_mixin.py:190} INFO - [2025-02-19T10:26:28.733+0000] {dagbag.py:588} INFO - Filling up the DagBag from /home/airflow/.local/lib/python3.12/site-packages/airflow/example_dags/example_bash_decorator.py
[2025-02-19T10:26:28.747+0000] {processor.py:925} INFO - DAG(s) 'example_bash_decorator' retrieved from /home/airflow/.local/lib/python3.12/site-packages/airflow/example_dags/example_bash_decorator.py
[2025-02-19T10:26:28.769+0000] {logging_mixin.py:190} INFO - [2025-02-19T10:26:28.768+0000] {dag.py:3239} INFO - Sync 1 DAGs
[2025-02-19T10:26:28.782+0000] {logging_mixin.py:190} INFO - [2025-02-19T10:26:28.782+0000] {dag.py:4180} INFO - Setting next_dagrun for example_bash_decorator to None, run_after=None
[2025-02-19T10:26:28.799+0000] {processor.py:208} INFO - Processing /home/airflow/.local/lib/python3.12/site-packages/airflow/example_dags/example_bash_decorator.py took 0.074 seconds
[2025-02-19T10:27:00.260+0000] {processor.py:186} INFO - Started process (PID=1639) to work on /home/airflow/.local/lib/python3.12/site-packages/airflow/example_dags/example_bash_decorator.py
[2025-02-19T10:27:00.262+0000] {processor.py:914} INFO - Processing file /home/airflow/.local/lib/python3.12/site-packages/airflow/example_dags/example_bash_decorator.py for tasks to queue
[2025-02-19T10:27:00.264+0000] {logging_mixin.py:190} INFO - [2025-02-19T10:27:00.264+0000] {dagbag.py:588} INFO - Filling up the DagBag from /home/airflow/.local/lib/python3.12/site-packages/airflow/example_dags/example_bash_decorator.py
[2025-02-19T10:27:00.279+0000] {processor.py:925} INFO - DAG(s) 'example_bash_decorator' retrieved from /home/airflow/.local/lib/python3.12/site-packages/airflow/example_dags/example_bash_decorator.py
[2025-02-19T10:27:00.302+0000] {logging_mixin.py:190} INFO - [2025-02-19T10:27:00.301+0000] {dag.py:3239} INFO - Sync 1 DAGs
[2025-02-19T10:27:00.316+0000] {logging_mixin.py:190} INFO - [2025-02-19T10:27:00.316+0000] {dag.py:4180} INFO - Setting next_dagrun for example_bash_decorator to None, run_after=None
[2025-02-19T10:27:00.332+0000] {processor.py:208} INFO - Processing /home/airflow/.local/lib/python3.12/site-packages/airflow/example_dags/example_bash_decorator.py took 0.077 seconds
[2025-02-19T10:27:32.014+0000] {processor.py:186} INFO - Started process (PID=1706) to work on /home/airflow/.local/lib/python3.12/site-packages/airflow/example_dags/example_bash_decorator.py
[2025-02-19T10:27:32.015+0000] {processor.py:914} INFO - Processing file /home/airflow/.local/lib/python3.12/site-packages/airflow/example_dags/example_bash_decorator.py for tasks to queue
[2025-02-19T10:27:32.017+0000] {logging_mixin.py:190} INFO - [2025-02-19T10:27:32.017+0000] {dagbag.py:588} INFO - Filling up the DagBag from /home/airflow/.local/lib/python3.12/site-packages/airflow/example_dags/example_bash_decorator.py
[2025-02-19T10:27:32.032+0000] {processor.py:925} INFO - DAG(s) 'example_bash_decorator' retrieved from /home/airflow/.local/lib/python3.12/site-packages/airflow/example_dags/example_bash_decorator.py
[2025-02-19T10:27:32.055+0000] {logging_mixin.py:190} INFO - [2025-02-19T10:27:32.054+0000] {dag.py:3239} INFO - Sync 1 DAGs
[2025-02-19T10:27:32.070+0000] {logging_mixin.py:190} INFO - [2025-02-19T10:27:32.070+0000] {dag.py:4180} INFO - Setting next_dagrun for example_bash_decorator to None, run_after=None
[2025-02-19T10:27:32.087+0000] {processor.py:208} INFO - Processing /home/airflow/.local/lib/python3.12/site-packages/airflow/example_dags/example_bash_decorator.py took 0.078 seconds
[2025-02-19T10:28:02.947+0000] {processor.py:186} INFO - Started process (PID=1773) to work on /home/airflow/.local/lib/python3.12/site-packages/airflow/example_dags/example_bash_decorator.py
[2025-02-19T10:28:02.949+0000] {processor.py:914} INFO - Processing file /home/airflow/.local/lib/python3.12/site-packages/airflow/example_dags/example_bash_decorator.py for tasks to queue
[2025-02-19T10:28:02.951+0000] {logging_mixin.py:190} INFO - [2025-02-19T10:28:02.950+0000] {dagbag.py:588} INFO - Filling up the DagBag from /home/airflow/.local/lib/python3.12/site-packages/airflow/example_dags/example_bash_decorator.py
[2025-02-19T10:28:02.966+0000] {processor.py:925} INFO - DAG(s) 'example_bash_decorator' retrieved from /home/airflow/.local/lib/python3.12/site-packages/airflow/example_dags/example_bash_decorator.py
[2025-02-19T10:28:02.993+0000] {logging_mixin.py:190} INFO - [2025-02-19T10:28:02.993+0000] {dag.py:3239} INFO - Sync 1 DAGs
[2025-02-19T10:28:03.011+0000] {logging_mixin.py:190} INFO - [2025-02-19T10:28:03.010+0000] {dag.py:4180} INFO - Setting next_dagrun for example_bash_decorator to None, run_after=None
[2025-02-19T10:28:03.031+0000] {processor.py:208} INFO - Processing /home/airflow/.local/lib/python3.12/site-packages/airflow/example_dags/example_bash_decorator.py took 0.089 seconds
[2025-02-19T10:28:34.108+0000] {processor.py:186} INFO - Started process (PID=1839) to work on /home/airflow/.local/lib/python3.12/site-packages/airflow/example_dags/example_bash_decorator.py
[2025-02-19T10:28:34.109+0000] {processor.py:914} INFO - Processing file /home/airflow/.local/lib/python3.12/site-packages/airflow/example_dags/example_bash_decorator.py for tasks to queue
[2025-02-19T10:28:34.111+0000] {logging_mixin.py:190} INFO - [2025-02-19T10:28:34.111+0000] {dagbag.py:588} INFO - Filling up the DagBag from /home/airflow/.local/lib/python3.12/site-packages/airflow/example_dags/example_bash_decorator.py
[2025-02-19T10:28:34.127+0000] {processor.py:925} INFO - DAG(s) 'example_bash_decorator' retrieved from /home/airflow/.local/lib/python3.12/site-packages/airflow/example_dags/example_bash_decorator.py
[2025-02-19T10:28:34.150+0000] {logging_mixin.py:190} INFO - [2025-02-19T10:28:34.149+0000] {dag.py:3239} INFO - Sync 1 DAGs
[2025-02-19T10:28:34.168+0000] {logging_mixin.py:190} INFO - [2025-02-19T10:28:34.168+0000] {dag.py:4180} INFO - Setting next_dagrun for example_bash_decorator to None, run_after=None
[2025-02-19T10:28:34.187+0000] {processor.py:208} INFO - Processing /home/airflow/.local/lib/python3.12/site-packages/airflow/example_dags/example_bash_decorator.py took 0.084 seconds
[2025-02-19T10:29:05.502+0000] {processor.py:186} INFO - Started process (PID=1906) to work on /home/airflow/.local/lib/python3.12/site-packages/airflow/example_dags/example_bash_decorator.py
[2025-02-19T10:29:05.503+0000] {processor.py:914} INFO - Processing file /home/airflow/.local/lib/python3.12/site-packages/airflow/example_dags/example_bash_decorator.py for tasks to queue
[2025-02-19T10:29:05.505+0000] {logging_mixin.py:190} INFO - [2025-02-19T10:29:05.505+0000] {dagbag.py:588} INFO - Filling up the DagBag from /home/airflow/.local/lib/python3.12/site-packages/airflow/example_dags/example_bash_decorator.py
[2025-02-19T10:29:05.520+0000] {processor.py:925} INFO - DAG(s) 'example_bash_decorator' retrieved from /home/airflow/.local/lib/python3.12/site-packages/airflow/example_dags/example_bash_decorator.py
[2025-02-19T10:29:05.548+0000] {logging_mixin.py:190} INFO - [2025-02-19T10:29:05.548+0000] {dag.py:3239} INFO - Sync 1 DAGs
[2025-02-19T10:29:05.563+0000] {logging_mixin.py:190} INFO - [2025-02-19T10:29:05.563+0000] {dag.py:4180} INFO - Setting next_dagrun for example_bash_decorator to None, run_after=None
[2025-02-19T10:29:05.582+0000] {processor.py:208} INFO - Processing /home/airflow/.local/lib/python3.12/site-packages/airflow/example_dags/example_bash_decorator.py took 0.088 seconds
[2025-02-19T10:29:36.792+0000] {processor.py:186} INFO - Started process (PID=1978) to work on /home/airflow/.local/lib/python3.12/site-packages/airflow/example_dags/example_bash_decorator.py
[2025-02-19T10:29:36.793+0000] {processor.py:914} INFO - Processing file /home/airflow/.local/lib/python3.12/site-packages/airflow/example_dags/example_bash_decorator.py for tasks to queue
[2025-02-19T10:29:36.795+0000] {logging_mixin.py:190} INFO - [2025-02-19T10:29:36.795+0000] {dagbag.py:588} INFO - Filling up the DagBag from /home/airflow/.local/lib/python3.12/site-packages/airflow/example_dags/example_bash_decorator.py
[2025-02-19T10:29:36.813+0000] {processor.py:925} INFO - DAG(s) 'example_bash_decorator' retrieved from /home/airflow/.local/lib/python3.12/site-packages/airflow/example_dags/example_bash_decorator.py
[2025-02-19T10:29:36.841+0000] {logging_mixin.py:190} INFO - [2025-02-19T10:29:36.841+0000] {dag.py:3239} INFO - Sync 1 DAGs
[2025-02-19T10:29:36.859+0000] {logging_mixin.py:190} INFO - [2025-02-19T10:29:36.859+0000] {dag.py:4180} INFO - Setting next_dagrun for example_bash_decorator to None, run_after=None
[2025-02-19T10:29:36.878+0000] {processor.py:208} INFO - Processing /home/airflow/.local/lib/python3.12/site-packages/airflow/example_dags/example_bash_decorator.py took 0.092 seconds
[2025-02-19T10:30:08.382+0000] {processor.py:186} INFO - Started process (PID=2045) to work on /home/airflow/.local/lib/python3.12/site-packages/airflow/example_dags/example_bash_decorator.py
[2025-02-19T10:30:08.384+0000] {processor.py:914} INFO - Processing file /home/airflow/.local/lib/python3.12/site-packages/airflow/example_dags/example_bash_decorator.py for tasks to queue
[2025-02-19T10:30:08.387+0000] {logging_mixin.py:190} INFO - [2025-02-19T10:30:08.387+0000] {dagbag.py:588} INFO - Filling up the DagBag from /home/airflow/.local/lib/python3.12/site-packages/airflow/example_dags/example_bash_decorator.py
[2025-02-19T10:30:08.409+0000] {processor.py:925} INFO - DAG(s) 'example_bash_decorator' retrieved from /home/airflow/.local/lib/python3.12/site-packages/airflow/example_dags/example_bash_decorator.py
[2025-02-19T10:30:08.443+0000] {logging_mixin.py:190} INFO - [2025-02-19T10:30:08.443+0000] {dag.py:3239} INFO - Sync 1 DAGs
[2025-02-19T10:30:08.464+0000] {logging_mixin.py:190} INFO - [2025-02-19T10:30:08.464+0000] {dag.py:4180} INFO - Setting next_dagrun for example_bash_decorator to None, run_after=None
[2025-02-19T10:30:08.492+0000] {processor.py:208} INFO - Processing /home/airflow/.local/lib/python3.12/site-packages/airflow/example_dags/example_bash_decorator.py took 0.118 seconds
[2025-02-19T10:30:39.489+0000] {processor.py:186} INFO - Started process (PID=2112) to work on /home/airflow/.local/lib/python3.12/site-packages/airflow/example_dags/example_bash_decorator.py
[2025-02-19T10:30:39.490+0000] {processor.py:914} INFO - Processing file /home/airflow/.local/lib/python3.12/site-packages/airflow/example_dags/example_bash_decorator.py for tasks to queue
[2025-02-19T10:30:39.492+0000] {logging_mixin.py:190} INFO - [2025-02-19T10:30:39.492+0000] {dagbag.py:588} INFO - Filling up the DagBag from /home/airflow/.local/lib/python3.12/site-packages/airflow/example_dags/example_bash_decorator.py
[2025-02-19T10:30:39.512+0000] {processor.py:925} INFO - DAG(s) 'example_bash_decorator' retrieved from /home/airflow/.local/lib/python3.12/site-packages/airflow/example_dags/example_bash_decorator.py
[2025-02-19T10:30:39.542+0000] {logging_mixin.py:190} INFO - [2025-02-19T10:30:39.542+0000] {dag.py:3239} INFO - Sync 1 DAGs
[2025-02-19T10:30:39.558+0000] {logging_mixin.py:190} INFO - [2025-02-19T10:30:39.558+0000] {dag.py:4180} INFO - Setting next_dagrun for example_bash_decorator to None, run_after=None
[2025-02-19T10:30:39.581+0000] {processor.py:208} INFO - Processing /home/airflow/.local/lib/python3.12/site-packages/airflow/example_dags/example_bash_decorator.py took 0.098 seconds
[2025-02-19T10:31:10.584+0000] {processor.py:186} INFO - Started process (PID=2178) to work on /home/airflow/.local/lib/python3.12/site-packages/airflow/example_dags/example_bash_decorator.py
[2025-02-19T10:31:10.585+0000] {processor.py:914} INFO - Processing file /home/airflow/.local/lib/python3.12/site-packages/airflow/example_dags/example_bash_decorator.py for tasks to queue
[2025-02-19T10:31:10.587+0000] {logging_mixin.py:190} INFO - [2025-02-19T10:31:10.587+0000] {dagbag.py:588} INFO - Filling up the DagBag from /home/airflow/.local/lib/python3.12/site-packages/airflow/example_dags/example_bash_decorator.py
[2025-02-19T10:31:10.601+0000] {processor.py:925} INFO - DAG(s) 'example_bash_decorator' retrieved from /home/airflow/.local/lib/python3.12/site-packages/airflow/example_dags/example_bash_decorator.py
[2025-02-19T10:31:10.624+0000] {logging_mixin.py:190} INFO - [2025-02-19T10:31:10.624+0000] {dag.py:3239} INFO - Sync 1 DAGs
[2025-02-19T10:31:10.637+0000] {logging_mixin.py:190} INFO - [2025-02-19T10:31:10.637+0000] {dag.py:4180} INFO - Setting next_dagrun for example_bash_decorator to None, run_after=None
[2025-02-19T10:31:10.657+0000] {processor.py:208} INFO - Processing /home/airflow/.local/lib/python3.12/site-packages/airflow/example_dags/example_bash_decorator.py took 0.079 seconds
[2025-02-19T10:31:41.972+0000] {processor.py:186} INFO - Started process (PID=2253) to work on /home/airflow/.local/lib/python3.12/site-packages/airflow/example_dags/example_bash_decorator.py
[2025-02-19T10:31:41.973+0000] {processor.py:914} INFO - Processing file /home/airflow/.local/lib/python3.12/site-packages/airflow/example_dags/example_bash_decorator.py for tasks to queue
[2025-02-19T10:31:41.976+0000] {logging_mixin.py:190} INFO - [2025-02-19T10:31:41.975+0000] {dagbag.py:588} INFO - Filling up the DagBag from /home/airflow/.local/lib/python3.12/site-packages/airflow/example_dags/example_bash_decorator.py
[2025-02-19T10:31:41.995+0000] {processor.py:925} INFO - DAG(s) 'example_bash_decorator' retrieved from /home/airflow/.local/lib/python3.12/site-packages/airflow/example_dags/example_bash_decorator.py
[2025-02-19T10:31:42.025+0000] {logging_mixin.py:190} INFO - [2025-02-19T10:31:42.025+0000] {dag.py:3239} INFO - Sync 1 DAGs
[2025-02-19T10:31:42.047+0000] {logging_mixin.py:190} INFO - [2025-02-19T10:31:42.047+0000] {dag.py:4180} INFO - Setting next_dagrun for example_bash_decorator to None, run_after=None
[2025-02-19T10:31:42.079+0000] {processor.py:208} INFO - Processing /home/airflow/.local/lib/python3.12/site-packages/airflow/example_dags/example_bash_decorator.py took 0.115 seconds
[2025-02-19T10:32:13.455+0000] {processor.py:186} INFO - Started process (PID=2321) to work on /home/airflow/.local/lib/python3.12/site-packages/airflow/example_dags/example_bash_decorator.py
[2025-02-19T10:32:13.457+0000] {processor.py:914} INFO - Processing file /home/airflow/.local/lib/python3.12/site-packages/airflow/example_dags/example_bash_decorator.py for tasks to queue
[2025-02-19T10:32:13.459+0000] {logging_mixin.py:190} INFO - [2025-02-19T10:32:13.459+0000] {dagbag.py:588} INFO - Filling up the DagBag from /home/airflow/.local/lib/python3.12/site-packages/airflow/example_dags/example_bash_decorator.py
[2025-02-19T10:32:13.478+0000] {processor.py:925} INFO - DAG(s) 'example_bash_decorator' retrieved from /home/airflow/.local/lib/python3.12/site-packages/airflow/example_dags/example_bash_decorator.py
[2025-02-19T10:32:13.514+0000] {logging_mixin.py:190} INFO - [2025-02-19T10:32:13.513+0000] {dag.py:3239} INFO - Sync 1 DAGs
[2025-02-19T10:32:13.530+0000] {logging_mixin.py:190} INFO - [2025-02-19T10:32:13.530+0000] {dag.py:4180} INFO - Setting next_dagrun for example_bash_decorator to None, run_after=None
[2025-02-19T10:32:13.557+0000] {processor.py:208} INFO - Processing /home/airflow/.local/lib/python3.12/site-packages/airflow/example_dags/example_bash_decorator.py took 0.108 seconds
[2025-02-19T10:32:45.066+0000] {processor.py:186} INFO - Started process (PID=2389) to work on /home/airflow/.local/lib/python3.12/site-packages/airflow/example_dags/example_bash_decorator.py
[2025-02-19T10:32:45.067+0000] {processor.py:914} INFO - Processing file /home/airflow/.local/lib/python3.12/site-packages/airflow/example_dags/example_bash_decorator.py for tasks to queue
[2025-02-19T10:32:45.069+0000] {logging_mixin.py:190} INFO - [2025-02-19T10:32:45.069+0000] {dagbag.py:588} INFO - Filling up the DagBag from /home/airflow/.local/lib/python3.12/site-packages/airflow/example_dags/example_bash_decorator.py
[2025-02-19T10:32:45.084+0000] {processor.py:925} INFO - DAG(s) 'example_bash_decorator' retrieved from /home/airflow/.local/lib/python3.12/site-packages/airflow/example_dags/example_bash_decorator.py
[2025-02-19T10:32:45.112+0000] {logging_mixin.py:190} INFO - [2025-02-19T10:32:45.112+0000] {dag.py:3239} INFO - Sync 1 DAGs
[2025-02-19T10:32:45.128+0000] {logging_mixin.py:190} INFO - [2025-02-19T10:32:45.128+0000] {dag.py:4180} INFO - Setting next_dagrun for example_bash_decorator to None, run_after=None
[2025-02-19T10:32:45.352+0000] {processor.py:208} INFO - Processing /home/airflow/.local/lib/python3.12/site-packages/airflow/example_dags/example_bash_decorator.py took 0.295 seconds
[2025-02-19T10:33:15.416+0000] {processor.py:186} INFO - Started process (PID=2458) to work on /home/airflow/.local/lib/python3.12/site-packages/airflow/example_dags/example_bash_decorator.py
[2025-02-19T10:33:15.417+0000] {processor.py:914} INFO - Processing file /home/airflow/.local/lib/python3.12/site-packages/airflow/example_dags/example_bash_decorator.py for tasks to queue
[2025-02-19T10:33:15.420+0000] {logging_mixin.py:190} INFO - [2025-02-19T10:33:15.419+0000] {dagbag.py:588} INFO - Filling up the DagBag from /home/airflow/.local/lib/python3.12/site-packages/airflow/example_dags/example_bash_decorator.py
[2025-02-19T10:33:15.436+0000] {processor.py:925} INFO - DAG(s) 'example_bash_decorator' retrieved from /home/airflow/.local/lib/python3.12/site-packages/airflow/example_dags/example_bash_decorator.py
[2025-02-19T10:33:15.462+0000] {logging_mixin.py:190} INFO - [2025-02-19T10:33:15.461+0000] {dag.py:3239} INFO - Sync 1 DAGs
[2025-02-19T10:33:15.476+0000] {logging_mixin.py:190} INFO - [2025-02-19T10:33:15.476+0000] {dag.py:4180} INFO - Setting next_dagrun for example_bash_decorator to None, run_after=None
[2025-02-19T10:33:15.498+0000] {processor.py:208} INFO - Processing /home/airflow/.local/lib/python3.12/site-packages/airflow/example_dags/example_bash_decorator.py took 0.087 seconds
[2025-02-19T10:33:46.394+0000] {processor.py:186} INFO - Started process (PID=2525) to work on /home/airflow/.local/lib/python3.12/site-packages/airflow/example_dags/example_bash_decorator.py
[2025-02-19T10:33:46.395+0000] {processor.py:914} INFO - Processing file /home/airflow/.local/lib/python3.12/site-packages/airflow/example_dags/example_bash_decorator.py for tasks to queue
[2025-02-19T10:33:46.397+0000] {logging_mixin.py:190} INFO - [2025-02-19T10:33:46.396+0000] {dagbag.py:588} INFO - Filling up the DagBag from /home/airflow/.local/lib/python3.12/site-packages/airflow/example_dags/example_bash_decorator.py
[2025-02-19T10:33:46.412+0000] {processor.py:925} INFO - DAG(s) 'example_bash_decorator' retrieved from /home/airflow/.local/lib/python3.12/site-packages/airflow/example_dags/example_bash_decorator.py
[2025-02-19T10:33:46.435+0000] {logging_mixin.py:190} INFO - [2025-02-19T10:33:46.434+0000] {dag.py:3239} INFO - Sync 1 DAGs
[2025-02-19T10:33:46.449+0000] {logging_mixin.py:190} INFO - [2025-02-19T10:33:46.449+0000] {dag.py:4180} INFO - Setting next_dagrun for example_bash_decorator to None, run_after=None
[2025-02-19T10:33:46.467+0000] {processor.py:208} INFO - Processing /home/airflow/.local/lib/python3.12/site-packages/airflow/example_dags/example_bash_decorator.py took 0.078 seconds
[2025-02-19T10:34:18.150+0000] {processor.py:186} INFO - Started process (PID=2592) to work on /home/airflow/.local/lib/python3.12/site-packages/airflow/example_dags/example_bash_decorator.py
[2025-02-19T10:34:18.151+0000] {processor.py:914} INFO - Processing file /home/airflow/.local/lib/python3.12/site-packages/airflow/example_dags/example_bash_decorator.py for tasks to queue
[2025-02-19T10:34:18.153+0000] {logging_mixin.py:190} INFO - [2025-02-19T10:34:18.152+0000] {dagbag.py:588} INFO - Filling up the DagBag from /home/airflow/.local/lib/python3.12/site-packages/airflow/example_dags/example_bash_decorator.py
[2025-02-19T10:34:18.339+0000] {processor.py:925} INFO - DAG(s) 'example_bash_decorator' retrieved from /home/airflow/.local/lib/python3.12/site-packages/airflow/example_dags/example_bash_decorator.py
[2025-02-19T10:34:18.356+0000] {logging_mixin.py:190} INFO - [2025-02-19T10:34:18.356+0000] {dag.py:3239} INFO - Sync 1 DAGs
[2025-02-19T10:34:18.365+0000] {logging_mixin.py:190} INFO - [2025-02-19T10:34:18.365+0000] {dag.py:4180} INFO - Setting next_dagrun for example_bash_decorator to None, run_after=None
[2025-02-19T10:34:18.379+0000] {processor.py:208} INFO - Processing /home/airflow/.local/lib/python3.12/site-packages/airflow/example_dags/example_bash_decorator.py took 0.234 seconds
[2025-02-19T10:34:48.950+0000] {processor.py:186} INFO - Started process (PID=2660) to work on /home/airflow/.local/lib/python3.12/site-packages/airflow/example_dags/example_bash_decorator.py
[2025-02-19T10:34:48.951+0000] {processor.py:914} INFO - Processing file /home/airflow/.local/lib/python3.12/site-packages/airflow/example_dags/example_bash_decorator.py for tasks to queue
[2025-02-19T10:34:48.953+0000] {logging_mixin.py:190} INFO - [2025-02-19T10:34:48.953+0000] {dagbag.py:588} INFO - Filling up the DagBag from /home/airflow/.local/lib/python3.12/site-packages/airflow/example_dags/example_bash_decorator.py
[2025-02-19T10:34:48.967+0000] {processor.py:925} INFO - DAG(s) 'example_bash_decorator' retrieved from /home/airflow/.local/lib/python3.12/site-packages/airflow/example_dags/example_bash_decorator.py
[2025-02-19T10:34:48.991+0000] {logging_mixin.py:190} INFO - [2025-02-19T10:34:48.991+0000] {dag.py:3239} INFO - Sync 1 DAGs
[2025-02-19T10:34:49.004+0000] {logging_mixin.py:190} INFO - [2025-02-19T10:34:49.004+0000] {dag.py:4180} INFO - Setting next_dagrun for example_bash_decorator to None, run_after=None
[2025-02-19T10:34:49.022+0000] {processor.py:208} INFO - Processing /home/airflow/.local/lib/python3.12/site-packages/airflow/example_dags/example_bash_decorator.py took 0.077 seconds
[2025-02-19T10:35:19.521+0000] {processor.py:186} INFO - Started process (PID=2727) to work on /home/airflow/.local/lib/python3.12/site-packages/airflow/example_dags/example_bash_decorator.py
[2025-02-19T10:35:19.522+0000] {processor.py:914} INFO - Processing file /home/airflow/.local/lib/python3.12/site-packages/airflow/example_dags/example_bash_decorator.py for tasks to queue
[2025-02-19T10:35:19.524+0000] {logging_mixin.py:190} INFO - [2025-02-19T10:35:19.524+0000] {dagbag.py:588} INFO - Filling up the DagBag from /home/airflow/.local/lib/python3.12/site-packages/airflow/example_dags/example_bash_decorator.py
[2025-02-19T10:35:19.540+0000] {processor.py:925} INFO - DAG(s) 'example_bash_decorator' retrieved from /home/airflow/.local/lib/python3.12/site-packages/airflow/example_dags/example_bash_decorator.py
[2025-02-19T10:35:19.570+0000] {logging_mixin.py:190} INFO - [2025-02-19T10:35:19.570+0000] {dag.py:3239} INFO - Sync 1 DAGs
[2025-02-19T10:35:19.586+0000] {logging_mixin.py:190} INFO - [2025-02-19T10:35:19.586+0000] {dag.py:4180} INFO - Setting next_dagrun for example_bash_decorator to None, run_after=None
[2025-02-19T10:35:19.604+0000] {processor.py:208} INFO - Processing /home/airflow/.local/lib/python3.12/site-packages/airflow/example_dags/example_bash_decorator.py took 0.091 seconds
[2025-02-19T10:35:50.342+0000] {processor.py:186} INFO - Started process (PID=2794) to work on /home/airflow/.local/lib/python3.12/site-packages/airflow/example_dags/example_bash_decorator.py
[2025-02-19T10:35:50.343+0000] {processor.py:914} INFO - Processing file /home/airflow/.local/lib/python3.12/site-packages/airflow/example_dags/example_bash_decorator.py for tasks to queue
[2025-02-19T10:35:50.346+0000] {logging_mixin.py:190} INFO - [2025-02-19T10:35:50.346+0000] {dagbag.py:588} INFO - Filling up the DagBag from /home/airflow/.local/lib/python3.12/site-packages/airflow/example_dags/example_bash_decorator.py
[2025-02-19T10:35:50.362+0000] {processor.py:925} INFO - DAG(s) 'example_bash_decorator' retrieved from /home/airflow/.local/lib/python3.12/site-packages/airflow/example_dags/example_bash_decorator.py
[2025-02-19T10:35:50.389+0000] {logging_mixin.py:190} INFO - [2025-02-19T10:35:50.389+0000] {dag.py:3239} INFO - Sync 1 DAGs
[2025-02-19T10:35:50.407+0000] {logging_mixin.py:190} INFO - [2025-02-19T10:35:50.406+0000] {dag.py:4180} INFO - Setting next_dagrun for example_bash_decorator to None, run_after=None
[2025-02-19T10:35:50.428+0000] {processor.py:208} INFO - Processing /home/airflow/.local/lib/python3.12/site-packages/airflow/example_dags/example_bash_decorator.py took 0.092 seconds
[2025-02-19T10:36:21.359+0000] {processor.py:186} INFO - Started process (PID=2860) to work on /home/airflow/.local/lib/python3.12/site-packages/airflow/example_dags/example_bash_decorator.py
[2025-02-19T10:36:21.360+0000] {processor.py:914} INFO - Processing file /home/airflow/.local/lib/python3.12/site-packages/airflow/example_dags/example_bash_decorator.py for tasks to queue
[2025-02-19T10:36:21.364+0000] {logging_mixin.py:190} INFO - [2025-02-19T10:36:21.363+0000] {dagbag.py:588} INFO - Filling up the DagBag from /home/airflow/.local/lib/python3.12/site-packages/airflow/example_dags/example_bash_decorator.py
[2025-02-19T10:36:21.388+0000] {processor.py:925} INFO - DAG(s) 'example_bash_decorator' retrieved from /home/airflow/.local/lib/python3.12/site-packages/airflow/example_dags/example_bash_decorator.py
[2025-02-19T10:36:21.434+0000] {logging_mixin.py:190} INFO - [2025-02-19T10:36:21.434+0000] {dag.py:3239} INFO - Sync 1 DAGs
[2025-02-19T10:36:21.456+0000] {logging_mixin.py:190} INFO - [2025-02-19T10:36:21.455+0000] {dag.py:4180} INFO - Setting next_dagrun for example_bash_decorator to None, run_after=None
[2025-02-19T10:36:21.486+0000] {processor.py:208} INFO - Processing /home/airflow/.local/lib/python3.12/site-packages/airflow/example_dags/example_bash_decorator.py took 0.136 seconds
[2025-02-19T10:36:51.886+0000] {processor.py:186} INFO - Started process (PID=2927) to work on /home/airflow/.local/lib/python3.12/site-packages/airflow/example_dags/example_bash_decorator.py
[2025-02-19T10:36:51.887+0000] {processor.py:914} INFO - Processing file /home/airflow/.local/lib/python3.12/site-packages/airflow/example_dags/example_bash_decorator.py for tasks to queue
[2025-02-19T10:36:51.889+0000] {logging_mixin.py:190} INFO - [2025-02-19T10:36:51.889+0000] {dagbag.py:588} INFO - Filling up the DagBag from /home/airflow/.local/lib/python3.12/site-packages/airflow/example_dags/example_bash_decorator.py
[2025-02-19T10:36:51.903+0000] {processor.py:925} INFO - DAG(s) 'example_bash_decorator' retrieved from /home/airflow/.local/lib/python3.12/site-packages/airflow/example_dags/example_bash_decorator.py
[2025-02-19T10:36:51.925+0000] {logging_mixin.py:190} INFO - [2025-02-19T10:36:51.925+0000] {dag.py:3239} INFO - Sync 1 DAGs
[2025-02-19T10:36:51.939+0000] {logging_mixin.py:190} INFO - [2025-02-19T10:36:51.938+0000] {dag.py:4180} INFO - Setting next_dagrun for example_bash_decorator to None, run_after=None
[2025-02-19T10:36:51.959+0000] {processor.py:208} INFO - Processing /home/airflow/.local/lib/python3.12/site-packages/airflow/example_dags/example_bash_decorator.py took 0.078 seconds
[2025-02-19T10:37:22.927+0000] {processor.py:186} INFO - Started process (PID=2993) to work on /home/airflow/.local/lib/python3.12/site-packages/airflow/example_dags/example_bash_decorator.py
[2025-02-19T10:37:22.928+0000] {processor.py:914} INFO - Processing file /home/airflow/.local/lib/python3.12/site-packages/airflow/example_dags/example_bash_decorator.py for tasks to queue
[2025-02-19T10:37:22.931+0000] {logging_mixin.py:190} INFO - [2025-02-19T10:37:22.930+0000] {dagbag.py:588} INFO - Filling up the DagBag from /home/airflow/.local/lib/python3.12/site-packages/airflow/example_dags/example_bash_decorator.py
[2025-02-19T10:37:22.949+0000] {processor.py:925} INFO - DAG(s) 'example_bash_decorator' retrieved from /home/airflow/.local/lib/python3.12/site-packages/airflow/example_dags/example_bash_decorator.py
[2025-02-19T10:37:22.981+0000] {logging_mixin.py:190} INFO - [2025-02-19T10:37:22.980+0000] {dag.py:3239} INFO - Sync 1 DAGs
[2025-02-19T10:37:22.998+0000] {logging_mixin.py:190} INFO - [2025-02-19T10:37:22.997+0000] {dag.py:4180} INFO - Setting next_dagrun for example_bash_decorator to None, run_after=None
[2025-02-19T10:37:23.019+0000] {processor.py:208} INFO - Processing /home/airflow/.local/lib/python3.12/site-packages/airflow/example_dags/example_bash_decorator.py took 0.099 seconds
