[2025-02-19T10:11:47.902+0000] {processor.py:186} INFO - Started process (PID=121) to work on /home/airflow/.local/lib/python3.12/site-packages/airflow/example_dags/example_display_name.py
[2025-02-19T10:11:47.903+0000] {processor.py:914} INFO - Processing file /home/airflow/.local/lib/python3.12/site-packages/airflow/example_dags/example_display_name.py for tasks to queue
[2025-02-19T10:11:47.906+0000] {logging_mixin.py:190} INFO - [2025-02-19T10:11:47.906+0000] {dagbag.py:588} INFO - Filling up the DagBag from /home/airflow/.local/lib/python3.12/site-packages/airflow/example_dags/example_display_name.py
[2025-02-19T10:11:47.919+0000] {processor.py:925} INFO - DAG(s) 'example_display_name' retrieved from /home/airflow/.local/lib/python3.12/site-packages/airflow/example_dags/example_display_name.py
[2025-02-19T10:11:47.950+0000] {logging_mixin.py:190} INFO - [2025-02-19T10:11:47.950+0000] {dag.py:3239} INFO - Sync 1 DAGs
[2025-02-19T10:11:47.976+0000] {logging_mixin.py:190} INFO - [2025-02-19T10:11:47.975+0000] {dag.py:4180} INFO - Setting next_dagrun for example_display_name to None, run_after=None
[2025-02-19T10:11:48.004+0000] {processor.py:208} INFO - Processing /home/airflow/.local/lib/python3.12/site-packages/airflow/example_dags/example_display_name.py took 0.111 seconds
[2025-02-19T10:12:19.466+0000] {processor.py:186} INFO - Started process (PID=187) to work on /home/airflow/.local/lib/python3.12/site-packages/airflow/example_dags/example_display_name.py
[2025-02-19T10:12:19.467+0000] {processor.py:914} INFO - Processing file /home/airflow/.local/lib/python3.12/site-packages/airflow/example_dags/example_display_name.py for tasks to queue
[2025-02-19T10:12:19.469+0000] {logging_mixin.py:190} INFO - [2025-02-19T10:12:19.468+0000] {dagbag.py:588} INFO - Filling up the DagBag from /home/airflow/.local/lib/python3.12/site-packages/airflow/example_dags/example_display_name.py
[2025-02-19T10:12:19.477+0000] {processor.py:925} INFO - DAG(s) 'example_display_name' retrieved from /home/airflow/.local/lib/python3.12/site-packages/airflow/example_dags/example_display_name.py
[2025-02-19T10:12:19.496+0000] {logging_mixin.py:190} INFO - [2025-02-19T10:12:19.496+0000] {dag.py:3239} INFO - Sync 1 DAGs
[2025-02-19T10:12:19.509+0000] {logging_mixin.py:190} INFO - [2025-02-19T10:12:19.509+0000] {dag.py:4180} INFO - Setting next_dagrun for example_display_name to None, run_after=None
[2025-02-19T10:12:19.528+0000] {processor.py:208} INFO - Processing /home/airflow/.local/lib/python3.12/site-packages/airflow/example_dags/example_display_name.py took 0.068 seconds
[2025-02-19T10:12:50.403+0000] {processor.py:186} INFO - Started process (PID=253) to work on /home/airflow/.local/lib/python3.12/site-packages/airflow/example_dags/example_display_name.py
[2025-02-19T10:12:50.405+0000] {processor.py:914} INFO - Processing file /home/airflow/.local/lib/python3.12/site-packages/airflow/example_dags/example_display_name.py for tasks to queue
[2025-02-19T10:12:50.407+0000] {logging_mixin.py:190} INFO - [2025-02-19T10:12:50.407+0000] {dagbag.py:588} INFO - Filling up the DagBag from /home/airflow/.local/lib/python3.12/site-packages/airflow/example_dags/example_display_name.py
[2025-02-19T10:12:50.416+0000] {processor.py:925} INFO - DAG(s) 'example_display_name' retrieved from /home/airflow/.local/lib/python3.12/site-packages/airflow/example_dags/example_display_name.py
[2025-02-19T10:12:50.436+0000] {logging_mixin.py:190} INFO - [2025-02-19T10:12:50.435+0000] {dag.py:3239} INFO - Sync 1 DAGs
[2025-02-19T10:12:50.449+0000] {logging_mixin.py:190} INFO - [2025-02-19T10:12:50.448+0000] {dag.py:4180} INFO - Setting next_dagrun for example_display_name to None, run_after=None
[2025-02-19T10:12:50.467+0000] {processor.py:208} INFO - Processing /home/airflow/.local/lib/python3.12/site-packages/airflow/example_dags/example_display_name.py took 0.071 seconds
[2025-02-19T10:13:21.961+0000] {processor.py:186} INFO - Started process (PID=320) to work on /home/airflow/.local/lib/python3.12/site-packages/airflow/example_dags/example_display_name.py
[2025-02-19T10:13:21.962+0000] {processor.py:914} INFO - Processing file /home/airflow/.local/lib/python3.12/site-packages/airflow/example_dags/example_display_name.py for tasks to queue
[2025-02-19T10:13:21.965+0000] {logging_mixin.py:190} INFO - [2025-02-19T10:13:21.965+0000] {dagbag.py:588} INFO - Filling up the DagBag from /home/airflow/.local/lib/python3.12/site-packages/airflow/example_dags/example_display_name.py
[2025-02-19T10:13:21.979+0000] {processor.py:925} INFO - DAG(s) 'example_display_name' retrieved from /home/airflow/.local/lib/python3.12/site-packages/airflow/example_dags/example_display_name.py
[2025-02-19T10:13:22.008+0000] {logging_mixin.py:190} INFO - [2025-02-19T10:13:22.008+0000] {dag.py:3239} INFO - Sync 1 DAGs
[2025-02-19T10:13:22.029+0000] {logging_mixin.py:190} INFO - [2025-02-19T10:13:22.028+0000] {dag.py:4180} INFO - Setting next_dagrun for example_display_name to None, run_after=None
[2025-02-19T10:13:22.058+0000] {processor.py:208} INFO - Processing /home/airflow/.local/lib/python3.12/site-packages/airflow/example_dags/example_display_name.py took 0.104 seconds
[2025-02-19T10:13:58.027+0000] {processor.py:186} INFO - Started process (PID=388) to work on /home/airflow/.local/lib/python3.12/site-packages/airflow/example_dags/example_display_name.py
[2025-02-19T10:13:58.029+0000] {processor.py:914} INFO - Processing file /home/airflow/.local/lib/python3.12/site-packages/airflow/example_dags/example_display_name.py for tasks to queue
[2025-02-19T10:13:58.033+0000] {logging_mixin.py:190} INFO - [2025-02-19T10:13:58.032+0000] {dagbag.py:588} INFO - Filling up the DagBag from /home/airflow/.local/lib/python3.12/site-packages/airflow/example_dags/example_display_name.py
[2025-02-19T10:13:58.044+0000] {processor.py:925} INFO - DAG(s) 'example_display_name' retrieved from /home/airflow/.local/lib/python3.12/site-packages/airflow/example_dags/example_display_name.py
[2025-02-19T10:13:58.076+0000] {logging_mixin.py:190} INFO - [2025-02-19T10:13:58.076+0000] {dag.py:3239} INFO - Sync 1 DAGs
[2025-02-19T10:13:58.093+0000] {logging_mixin.py:190} INFO - [2025-02-19T10:13:58.092+0000] {dag.py:4180} INFO - Setting next_dagrun for example_display_name to None, run_after=None
[2025-02-19T10:13:58.114+0000] {processor.py:208} INFO - Processing /home/airflow/.local/lib/python3.12/site-packages/airflow/example_dags/example_display_name.py took 0.094 seconds
[2025-02-19T10:15:06.229+0000] {processor.py:186} INFO - Started process (PID=112) to work on /home/airflow/.local/lib/python3.12/site-packages/airflow/example_dags/example_display_name.py
[2025-02-19T10:15:06.230+0000] {processor.py:914} INFO - Processing file /home/airflow/.local/lib/python3.12/site-packages/airflow/example_dags/example_display_name.py for tasks to queue
[2025-02-19T10:15:06.232+0000] {logging_mixin.py:190} INFO - [2025-02-19T10:15:06.231+0000] {dagbag.py:588} INFO - Filling up the DagBag from /home/airflow/.local/lib/python3.12/site-packages/airflow/example_dags/example_display_name.py
[2025-02-19T10:15:06.240+0000] {processor.py:925} INFO - DAG(s) 'example_display_name' retrieved from /home/airflow/.local/lib/python3.12/site-packages/airflow/example_dags/example_display_name.py
[2025-02-19T10:15:06.263+0000] {logging_mixin.py:190} INFO - [2025-02-19T10:15:06.263+0000] {dag.py:3239} INFO - Sync 1 DAGs
[2025-02-19T10:15:06.282+0000] {logging_mixin.py:190} INFO - [2025-02-19T10:15:06.281+0000] {dag.py:4180} INFO - Setting next_dagrun for example_display_name to None, run_after=None
[2025-02-19T10:15:06.303+0000] {processor.py:208} INFO - Processing /home/airflow/.local/lib/python3.12/site-packages/airflow/example_dags/example_display_name.py took 0.080 seconds
[2025-02-19T10:15:36.775+0000] {processor.py:186} INFO - Started process (PID=178) to work on /home/airflow/.local/lib/python3.12/site-packages/airflow/example_dags/example_display_name.py
[2025-02-19T10:15:36.776+0000] {processor.py:914} INFO - Processing file /home/airflow/.local/lib/python3.12/site-packages/airflow/example_dags/example_display_name.py for tasks to queue
[2025-02-19T10:15:36.779+0000] {logging_mixin.py:190} INFO - [2025-02-19T10:15:36.778+0000] {dagbag.py:588} INFO - Filling up the DagBag from /home/airflow/.local/lib/python3.12/site-packages/airflow/example_dags/example_display_name.py
[2025-02-19T10:15:36.789+0000] {processor.py:925} INFO - DAG(s) 'example_display_name' retrieved from /home/airflow/.local/lib/python3.12/site-packages/airflow/example_dags/example_display_name.py
[2025-02-19T10:15:36.811+0000] {logging_mixin.py:190} INFO - [2025-02-19T10:15:36.811+0000] {dag.py:3239} INFO - Sync 1 DAGs
[2025-02-19T10:15:36.828+0000] {logging_mixin.py:190} INFO - [2025-02-19T10:15:36.828+0000] {dag.py:4180} INFO - Setting next_dagrun for example_display_name to None, run_after=None
[2025-02-19T10:15:36.854+0000] {processor.py:208} INFO - Processing /home/airflow/.local/lib/python3.12/site-packages/airflow/example_dags/example_display_name.py took 0.085 seconds
[2025-02-19T10:16:08.196+0000] {processor.py:186} INFO - Started process (PID=246) to work on /home/airflow/.local/lib/python3.12/site-packages/airflow/example_dags/example_display_name.py
[2025-02-19T10:16:08.197+0000] {processor.py:914} INFO - Processing file /home/airflow/.local/lib/python3.12/site-packages/airflow/example_dags/example_display_name.py for tasks to queue
[2025-02-19T10:16:08.199+0000] {logging_mixin.py:190} INFO - [2025-02-19T10:16:08.199+0000] {dagbag.py:588} INFO - Filling up the DagBag from /home/airflow/.local/lib/python3.12/site-packages/airflow/example_dags/example_display_name.py
[2025-02-19T10:16:08.207+0000] {processor.py:925} INFO - DAG(s) 'example_display_name' retrieved from /home/airflow/.local/lib/python3.12/site-packages/airflow/example_dags/example_display_name.py
[2025-02-19T10:16:08.226+0000] {logging_mixin.py:190} INFO - [2025-02-19T10:16:08.226+0000] {dag.py:3239} INFO - Sync 1 DAGs
[2025-02-19T10:16:08.240+0000] {logging_mixin.py:190} INFO - [2025-02-19T10:16:08.240+0000] {dag.py:4180} INFO - Setting next_dagrun for example_display_name to None, run_after=None
[2025-02-19T10:16:08.261+0000] {processor.py:208} INFO - Processing /home/airflow/.local/lib/python3.12/site-packages/airflow/example_dags/example_display_name.py took 0.071 seconds
[2025-02-19T10:16:38.918+0000] {processor.py:186} INFO - Started process (PID=312) to work on /home/airflow/.local/lib/python3.12/site-packages/airflow/example_dags/example_display_name.py
[2025-02-19T10:16:38.919+0000] {processor.py:914} INFO - Processing file /home/airflow/.local/lib/python3.12/site-packages/airflow/example_dags/example_display_name.py for tasks to queue
[2025-02-19T10:16:38.921+0000] {logging_mixin.py:190} INFO - [2025-02-19T10:16:38.921+0000] {dagbag.py:588} INFO - Filling up the DagBag from /home/airflow/.local/lib/python3.12/site-packages/airflow/example_dags/example_display_name.py
[2025-02-19T10:16:38.928+0000] {processor.py:925} INFO - DAG(s) 'example_display_name' retrieved from /home/airflow/.local/lib/python3.12/site-packages/airflow/example_dags/example_display_name.py
[2025-02-19T10:16:38.946+0000] {logging_mixin.py:190} INFO - [2025-02-19T10:16:38.946+0000] {dag.py:3239} INFO - Sync 1 DAGs
[2025-02-19T10:16:38.960+0000] {logging_mixin.py:190} INFO - [2025-02-19T10:16:38.959+0000] {dag.py:4180} INFO - Setting next_dagrun for example_display_name to None, run_after=None
[2025-02-19T10:16:38.978+0000] {processor.py:208} INFO - Processing /home/airflow/.local/lib/python3.12/site-packages/airflow/example_dags/example_display_name.py took 0.066 seconds
[2025-02-19T10:17:09.609+0000] {processor.py:186} INFO - Started process (PID=379) to work on /home/airflow/.local/lib/python3.12/site-packages/airflow/example_dags/example_display_name.py
[2025-02-19T10:17:09.611+0000] {processor.py:914} INFO - Processing file /home/airflow/.local/lib/python3.12/site-packages/airflow/example_dags/example_display_name.py for tasks to queue
[2025-02-19T10:17:09.615+0000] {logging_mixin.py:190} INFO - [2025-02-19T10:17:09.614+0000] {dagbag.py:588} INFO - Filling up the DagBag from /home/airflow/.local/lib/python3.12/site-packages/airflow/example_dags/example_display_name.py
[2025-02-19T10:17:09.625+0000] {processor.py:925} INFO - DAG(s) 'example_display_name' retrieved from /home/airflow/.local/lib/python3.12/site-packages/airflow/example_dags/example_display_name.py
[2025-02-19T10:17:09.653+0000] {logging_mixin.py:190} INFO - [2025-02-19T10:17:09.653+0000] {dag.py:3239} INFO - Sync 1 DAGs
[2025-02-19T10:17:09.673+0000] {logging_mixin.py:190} INFO - [2025-02-19T10:17:09.673+0000] {dag.py:4180} INFO - Setting next_dagrun for example_display_name to None, run_after=None
[2025-02-19T10:17:09.702+0000] {processor.py:208} INFO - Processing /home/airflow/.local/lib/python3.12/site-packages/airflow/example_dags/example_display_name.py took 0.100 seconds
[2025-02-19T10:17:40.643+0000] {processor.py:186} INFO - Started process (PID=446) to work on /home/airflow/.local/lib/python3.12/site-packages/airflow/example_dags/example_display_name.py
[2025-02-19T10:17:40.644+0000] {processor.py:914} INFO - Processing file /home/airflow/.local/lib/python3.12/site-packages/airflow/example_dags/example_display_name.py for tasks to queue
[2025-02-19T10:17:40.646+0000] {logging_mixin.py:190} INFO - [2025-02-19T10:17:40.646+0000] {dagbag.py:588} INFO - Filling up the DagBag from /home/airflow/.local/lib/python3.12/site-packages/airflow/example_dags/example_display_name.py
[2025-02-19T10:17:40.653+0000] {processor.py:925} INFO - DAG(s) 'example_display_name' retrieved from /home/airflow/.local/lib/python3.12/site-packages/airflow/example_dags/example_display_name.py
[2025-02-19T10:17:40.673+0000] {logging_mixin.py:190} INFO - [2025-02-19T10:17:40.673+0000] {dag.py:3239} INFO - Sync 1 DAGs
[2025-02-19T10:17:40.687+0000] {logging_mixin.py:190} INFO - [2025-02-19T10:17:40.687+0000] {dag.py:4180} INFO - Setting next_dagrun for example_display_name to None, run_after=None
[2025-02-19T10:17:40.706+0000] {processor.py:208} INFO - Processing /home/airflow/.local/lib/python3.12/site-packages/airflow/example_dags/example_display_name.py took 0.069 seconds
[2025-02-19T10:18:11.229+0000] {processor.py:186} INFO - Started process (PID=513) to work on /home/airflow/.local/lib/python3.12/site-packages/airflow/example_dags/example_display_name.py
[2025-02-19T10:18:11.230+0000] {processor.py:914} INFO - Processing file /home/airflow/.local/lib/python3.12/site-packages/airflow/example_dags/example_display_name.py for tasks to queue
[2025-02-19T10:18:11.232+0000] {logging_mixin.py:190} INFO - [2025-02-19T10:18:11.232+0000] {dagbag.py:588} INFO - Filling up the DagBag from /home/airflow/.local/lib/python3.12/site-packages/airflow/example_dags/example_display_name.py
[2025-02-19T10:18:11.240+0000] {processor.py:925} INFO - DAG(s) 'example_display_name' retrieved from /home/airflow/.local/lib/python3.12/site-packages/airflow/example_dags/example_display_name.py
[2025-02-19T10:18:11.257+0000] {logging_mixin.py:190} INFO - [2025-02-19T10:18:11.257+0000] {dag.py:3239} INFO - Sync 1 DAGs
[2025-02-19T10:18:11.272+0000] {logging_mixin.py:190} INFO - [2025-02-19T10:18:11.271+0000] {dag.py:4180} INFO - Setting next_dagrun for example_display_name to None, run_after=None
[2025-02-19T10:18:11.290+0000] {processor.py:208} INFO - Processing /home/airflow/.local/lib/python3.12/site-packages/airflow/example_dags/example_display_name.py took 0.067 seconds
[2025-02-19T10:18:42.577+0000] {processor.py:186} INFO - Started process (PID=580) to work on /home/airflow/.local/lib/python3.12/site-packages/airflow/example_dags/example_display_name.py
[2025-02-19T10:18:42.578+0000] {processor.py:914} INFO - Processing file /home/airflow/.local/lib/python3.12/site-packages/airflow/example_dags/example_display_name.py for tasks to queue
[2025-02-19T10:18:42.582+0000] {logging_mixin.py:190} INFO - [2025-02-19T10:18:42.581+0000] {dagbag.py:588} INFO - Filling up the DagBag from /home/airflow/.local/lib/python3.12/site-packages/airflow/example_dags/example_display_name.py
[2025-02-19T10:18:42.594+0000] {processor.py:925} INFO - DAG(s) 'example_display_name' retrieved from /home/airflow/.local/lib/python3.12/site-packages/airflow/example_dags/example_display_name.py
[2025-02-19T10:18:42.621+0000] {logging_mixin.py:190} INFO - [2025-02-19T10:18:42.621+0000] {dag.py:3239} INFO - Sync 1 DAGs
[2025-02-19T10:18:42.640+0000] {logging_mixin.py:190} INFO - [2025-02-19T10:18:42.640+0000] {dag.py:4180} INFO - Setting next_dagrun for example_display_name to None, run_after=None
[2025-02-19T10:18:42.666+0000] {processor.py:208} INFO - Processing /home/airflow/.local/lib/python3.12/site-packages/airflow/example_dags/example_display_name.py took 0.097 seconds
[2025-02-19T10:19:14.093+0000] {processor.py:186} INFO - Started process (PID=647) to work on /home/airflow/.local/lib/python3.12/site-packages/airflow/example_dags/example_display_name.py
[2025-02-19T10:19:14.094+0000] {processor.py:914} INFO - Processing file /home/airflow/.local/lib/python3.12/site-packages/airflow/example_dags/example_display_name.py for tasks to queue
[2025-02-19T10:19:14.097+0000] {logging_mixin.py:190} INFO - [2025-02-19T10:19:14.097+0000] {dagbag.py:588} INFO - Filling up the DagBag from /home/airflow/.local/lib/python3.12/site-packages/airflow/example_dags/example_display_name.py
[2025-02-19T10:19:14.108+0000] {processor.py:925} INFO - DAG(s) 'example_display_name' retrieved from /home/airflow/.local/lib/python3.12/site-packages/airflow/example_dags/example_display_name.py
[2025-02-19T10:19:14.139+0000] {logging_mixin.py:190} INFO - [2025-02-19T10:19:14.139+0000] {dag.py:3239} INFO - Sync 1 DAGs
[2025-02-19T10:19:14.159+0000] {logging_mixin.py:190} INFO - [2025-02-19T10:19:14.159+0000] {dag.py:4180} INFO - Setting next_dagrun for example_display_name to None, run_after=None
[2025-02-19T10:19:14.187+0000] {processor.py:208} INFO - Processing /home/airflow/.local/lib/python3.12/site-packages/airflow/example_dags/example_display_name.py took 0.103 seconds
[2025-02-19T10:19:44.771+0000] {processor.py:186} INFO - Started process (PID=714) to work on /home/airflow/.local/lib/python3.12/site-packages/airflow/example_dags/example_display_name.py
[2025-02-19T10:19:44.772+0000] {processor.py:914} INFO - Processing file /home/airflow/.local/lib/python3.12/site-packages/airflow/example_dags/example_display_name.py for tasks to queue
[2025-02-19T10:19:44.774+0000] {logging_mixin.py:190} INFO - [2025-02-19T10:19:44.774+0000] {dagbag.py:588} INFO - Filling up the DagBag from /home/airflow/.local/lib/python3.12/site-packages/airflow/example_dags/example_display_name.py
[2025-02-19T10:19:44.784+0000] {processor.py:925} INFO - DAG(s) 'example_display_name' retrieved from /home/airflow/.local/lib/python3.12/site-packages/airflow/example_dags/example_display_name.py
[2025-02-19T10:19:44.810+0000] {logging_mixin.py:190} INFO - [2025-02-19T10:19:44.810+0000] {dag.py:3239} INFO - Sync 1 DAGs
[2025-02-19T10:19:44.826+0000] {logging_mixin.py:190} INFO - [2025-02-19T10:19:44.826+0000] {dag.py:4180} INFO - Setting next_dagrun for example_display_name to None, run_after=None
[2025-02-19T10:19:44.857+0000] {processor.py:208} INFO - Processing /home/airflow/.local/lib/python3.12/site-packages/airflow/example_dags/example_display_name.py took 0.096 seconds
[2025-02-19T10:20:15.929+0000] {processor.py:186} INFO - Started process (PID=781) to work on /home/airflow/.local/lib/python3.12/site-packages/airflow/example_dags/example_display_name.py
[2025-02-19T10:20:15.930+0000] {processor.py:914} INFO - Processing file /home/airflow/.local/lib/python3.12/site-packages/airflow/example_dags/example_display_name.py for tasks to queue
[2025-02-19T10:20:15.932+0000] {logging_mixin.py:190} INFO - [2025-02-19T10:20:15.932+0000] {dagbag.py:588} INFO - Filling up the DagBag from /home/airflow/.local/lib/python3.12/site-packages/airflow/example_dags/example_display_name.py
[2025-02-19T10:20:15.939+0000] {processor.py:925} INFO - DAG(s) 'example_display_name' retrieved from /home/airflow/.local/lib/python3.12/site-packages/airflow/example_dags/example_display_name.py
[2025-02-19T10:20:15.961+0000] {logging_mixin.py:190} INFO - [2025-02-19T10:20:15.961+0000] {dag.py:3239} INFO - Sync 1 DAGs
[2025-02-19T10:20:15.976+0000] {logging_mixin.py:190} INFO - [2025-02-19T10:20:15.975+0000] {dag.py:4180} INFO - Setting next_dagrun for example_display_name to None, run_after=None
[2025-02-19T10:20:15.994+0000] {processor.py:208} INFO - Processing /home/airflow/.local/lib/python3.12/site-packages/airflow/example_dags/example_display_name.py took 0.071 seconds
[2025-02-19T10:20:46.465+0000] {processor.py:186} INFO - Started process (PID=848) to work on /home/airflow/.local/lib/python3.12/site-packages/airflow/example_dags/example_display_name.py
[2025-02-19T10:20:46.466+0000] {processor.py:914} INFO - Processing file /home/airflow/.local/lib/python3.12/site-packages/airflow/example_dags/example_display_name.py for tasks to queue
[2025-02-19T10:20:46.468+0000] {logging_mixin.py:190} INFO - [2025-02-19T10:20:46.467+0000] {dagbag.py:588} INFO - Filling up the DagBag from /home/airflow/.local/lib/python3.12/site-packages/airflow/example_dags/example_display_name.py
[2025-02-19T10:20:46.475+0000] {processor.py:925} INFO - DAG(s) 'example_display_name' retrieved from /home/airflow/.local/lib/python3.12/site-packages/airflow/example_dags/example_display_name.py
[2025-02-19T10:20:46.493+0000] {logging_mixin.py:190} INFO - [2025-02-19T10:20:46.493+0000] {dag.py:3239} INFO - Sync 1 DAGs
[2025-02-19T10:20:46.505+0000] {logging_mixin.py:190} INFO - [2025-02-19T10:20:46.504+0000] {dag.py:4180} INFO - Setting next_dagrun for example_display_name to None, run_after=None
[2025-02-19T10:20:46.520+0000] {processor.py:208} INFO - Processing /home/airflow/.local/lib/python3.12/site-packages/airflow/example_dags/example_display_name.py took 0.061 seconds
[2025-02-19T10:21:17.903+0000] {processor.py:186} INFO - Started process (PID=914) to work on /home/airflow/.local/lib/python3.12/site-packages/airflow/example_dags/example_display_name.py
[2025-02-19T10:21:17.904+0000] {processor.py:914} INFO - Processing file /home/airflow/.local/lib/python3.12/site-packages/airflow/example_dags/example_display_name.py for tasks to queue
[2025-02-19T10:21:17.906+0000] {logging_mixin.py:190} INFO - [2025-02-19T10:21:17.905+0000] {dagbag.py:588} INFO - Filling up the DagBag from /home/airflow/.local/lib/python3.12/site-packages/airflow/example_dags/example_display_name.py
[2025-02-19T10:21:17.914+0000] {processor.py:925} INFO - DAG(s) 'example_display_name' retrieved from /home/airflow/.local/lib/python3.12/site-packages/airflow/example_dags/example_display_name.py
[2025-02-19T10:21:17.934+0000] {logging_mixin.py:190} INFO - [2025-02-19T10:21:17.933+0000] {dag.py:3239} INFO - Sync 1 DAGs
[2025-02-19T10:21:17.948+0000] {logging_mixin.py:190} INFO - [2025-02-19T10:21:17.948+0000] {dag.py:4180} INFO - Setting next_dagrun for example_display_name to None, run_after=None
[2025-02-19T10:21:17.966+0000] {processor.py:208} INFO - Processing /home/airflow/.local/lib/python3.12/site-packages/airflow/example_dags/example_display_name.py took 0.068 seconds
[2025-02-19T10:21:49.162+0000] {processor.py:186} INFO - Started process (PID=981) to work on /home/airflow/.local/lib/python3.12/site-packages/airflow/example_dags/example_display_name.py
[2025-02-19T10:21:49.164+0000] {processor.py:914} INFO - Processing file /home/airflow/.local/lib/python3.12/site-packages/airflow/example_dags/example_display_name.py for tasks to queue
[2025-02-19T10:21:49.166+0000] {logging_mixin.py:190} INFO - [2025-02-19T10:21:49.166+0000] {dagbag.py:588} INFO - Filling up the DagBag from /home/airflow/.local/lib/python3.12/site-packages/airflow/example_dags/example_display_name.py
[2025-02-19T10:21:49.179+0000] {processor.py:925} INFO - DAG(s) 'example_display_name' retrieved from /home/airflow/.local/lib/python3.12/site-packages/airflow/example_dags/example_display_name.py
[2025-02-19T10:21:49.204+0000] {logging_mixin.py:190} INFO - [2025-02-19T10:21:49.204+0000] {dag.py:3239} INFO - Sync 1 DAGs
[2025-02-19T10:21:49.223+0000] {logging_mixin.py:190} INFO - [2025-02-19T10:21:49.222+0000] {dag.py:4180} INFO - Setting next_dagrun for example_display_name to None, run_after=None
[2025-02-19T10:21:49.247+0000] {processor.py:208} INFO - Processing /home/airflow/.local/lib/python3.12/site-packages/airflow/example_dags/example_display_name.py took 0.091 seconds
[2025-02-19T10:22:20.501+0000] {processor.py:186} INFO - Started process (PID=1048) to work on /home/airflow/.local/lib/python3.12/site-packages/airflow/example_dags/example_display_name.py
[2025-02-19T10:22:20.503+0000] {processor.py:914} INFO - Processing file /home/airflow/.local/lib/python3.12/site-packages/airflow/example_dags/example_display_name.py for tasks to queue
[2025-02-19T10:22:20.507+0000] {logging_mixin.py:190} INFO - [2025-02-19T10:22:20.506+0000] {dagbag.py:588} INFO - Filling up the DagBag from /home/airflow/.local/lib/python3.12/site-packages/airflow/example_dags/example_display_name.py
[2025-02-19T10:22:20.519+0000] {processor.py:925} INFO - DAG(s) 'example_display_name' retrieved from /home/airflow/.local/lib/python3.12/site-packages/airflow/example_dags/example_display_name.py
[2025-02-19T10:22:20.543+0000] {logging_mixin.py:190} INFO - [2025-02-19T10:22:20.543+0000] {dag.py:3239} INFO - Sync 1 DAGs
[2025-02-19T10:22:20.559+0000] {logging_mixin.py:190} INFO - [2025-02-19T10:22:20.559+0000] {dag.py:4180} INFO - Setting next_dagrun for example_display_name to None, run_after=None
[2025-02-19T10:22:20.586+0000] {processor.py:208} INFO - Processing /home/airflow/.local/lib/python3.12/site-packages/airflow/example_dags/example_display_name.py took 0.093 seconds
[2025-02-19T10:22:51.837+0000] {processor.py:186} INFO - Started process (PID=1114) to work on /home/airflow/.local/lib/python3.12/site-packages/airflow/example_dags/example_display_name.py
[2025-02-19T10:22:51.839+0000] {processor.py:914} INFO - Processing file /home/airflow/.local/lib/python3.12/site-packages/airflow/example_dags/example_display_name.py for tasks to queue
[2025-02-19T10:22:51.844+0000] {logging_mixin.py:190} INFO - [2025-02-19T10:22:51.843+0000] {dagbag.py:588} INFO - Filling up the DagBag from /home/airflow/.local/lib/python3.12/site-packages/airflow/example_dags/example_display_name.py
[2025-02-19T10:22:51.856+0000] {processor.py:925} INFO - DAG(s) 'example_display_name' retrieved from /home/airflow/.local/lib/python3.12/site-packages/airflow/example_dags/example_display_name.py
[2025-02-19T10:22:51.886+0000] {logging_mixin.py:190} INFO - [2025-02-19T10:22:51.886+0000] {dag.py:3239} INFO - Sync 1 DAGs
[2025-02-19T10:22:51.908+0000] {logging_mixin.py:190} INFO - [2025-02-19T10:22:51.907+0000] {dag.py:4180} INFO - Setting next_dagrun for example_display_name to None, run_after=None
[2025-02-19T10:22:51.941+0000] {processor.py:208} INFO - Processing /home/airflow/.local/lib/python3.12/site-packages/airflow/example_dags/example_display_name.py took 0.112 seconds
[2025-02-19T10:23:22.215+0000] {processor.py:186} INFO - Started process (PID=1181) to work on /home/airflow/.local/lib/python3.12/site-packages/airflow/example_dags/example_display_name.py
[2025-02-19T10:23:22.216+0000] {processor.py:914} INFO - Processing file /home/airflow/.local/lib/python3.12/site-packages/airflow/example_dags/example_display_name.py for tasks to queue
[2025-02-19T10:23:22.218+0000] {logging_mixin.py:190} INFO - [2025-02-19T10:23:22.218+0000] {dagbag.py:588} INFO - Filling up the DagBag from /home/airflow/.local/lib/python3.12/site-packages/airflow/example_dags/example_display_name.py
[2025-02-19T10:23:22.226+0000] {processor.py:925} INFO - DAG(s) 'example_display_name' retrieved from /home/airflow/.local/lib/python3.12/site-packages/airflow/example_dags/example_display_name.py
[2025-02-19T10:23:22.249+0000] {logging_mixin.py:190} INFO - [2025-02-19T10:23:22.249+0000] {dag.py:3239} INFO - Sync 1 DAGs
[2025-02-19T10:23:22.264+0000] {logging_mixin.py:190} INFO - [2025-02-19T10:23:22.264+0000] {dag.py:4180} INFO - Setting next_dagrun for example_display_name to None, run_after=None
[2025-02-19T10:23:22.280+0000] {processor.py:208} INFO - Processing /home/airflow/.local/lib/python3.12/site-packages/airflow/example_dags/example_display_name.py took 0.071 seconds
[2025-02-19T10:23:53.547+0000] {processor.py:186} INFO - Started process (PID=1248) to work on /home/airflow/.local/lib/python3.12/site-packages/airflow/example_dags/example_display_name.py
[2025-02-19T10:23:53.548+0000] {processor.py:914} INFO - Processing file /home/airflow/.local/lib/python3.12/site-packages/airflow/example_dags/example_display_name.py for tasks to queue
[2025-02-19T10:23:53.550+0000] {logging_mixin.py:190} INFO - [2025-02-19T10:23:53.550+0000] {dagbag.py:588} INFO - Filling up the DagBag from /home/airflow/.local/lib/python3.12/site-packages/airflow/example_dags/example_display_name.py
[2025-02-19T10:23:53.557+0000] {processor.py:925} INFO - DAG(s) 'example_display_name' retrieved from /home/airflow/.local/lib/python3.12/site-packages/airflow/example_dags/example_display_name.py
[2025-02-19T10:23:53.577+0000] {logging_mixin.py:190} INFO - [2025-02-19T10:23:53.576+0000] {dag.py:3239} INFO - Sync 1 DAGs
[2025-02-19T10:23:53.591+0000] {logging_mixin.py:190} INFO - [2025-02-19T10:23:53.591+0000] {dag.py:4180} INFO - Setting next_dagrun for example_display_name to None, run_after=None
[2025-02-19T10:23:53.608+0000] {processor.py:208} INFO - Processing /home/airflow/.local/lib/python3.12/site-packages/airflow/example_dags/example_display_name.py took 0.067 seconds
[2025-02-19T10:24:24.719+0000] {processor.py:186} INFO - Started process (PID=1315) to work on /home/airflow/.local/lib/python3.12/site-packages/airflow/example_dags/example_display_name.py
[2025-02-19T10:24:24.720+0000] {processor.py:914} INFO - Processing file /home/airflow/.local/lib/python3.12/site-packages/airflow/example_dags/example_display_name.py for tasks to queue
[2025-02-19T10:24:24.723+0000] {logging_mixin.py:190} INFO - [2025-02-19T10:24:24.723+0000] {dagbag.py:588} INFO - Filling up the DagBag from /home/airflow/.local/lib/python3.12/site-packages/airflow/example_dags/example_display_name.py
[2025-02-19T10:24:24.732+0000] {processor.py:925} INFO - DAG(s) 'example_display_name' retrieved from /home/airflow/.local/lib/python3.12/site-packages/airflow/example_dags/example_display_name.py
[2025-02-19T10:24:24.750+0000] {logging_mixin.py:190} INFO - [2025-02-19T10:24:24.750+0000] {dag.py:3239} INFO - Sync 1 DAGs
[2025-02-19T10:24:24.762+0000] {logging_mixin.py:190} INFO - [2025-02-19T10:24:24.761+0000] {dag.py:4180} INFO - Setting next_dagrun for example_display_name to None, run_after=None
[2025-02-19T10:24:24.779+0000] {processor.py:208} INFO - Processing /home/airflow/.local/lib/python3.12/site-packages/airflow/example_dags/example_display_name.py took 0.067 seconds
[2025-02-19T10:24:55.346+0000] {processor.py:186} INFO - Started process (PID=1382) to work on /home/airflow/.local/lib/python3.12/site-packages/airflow/example_dags/example_display_name.py
[2025-02-19T10:24:55.347+0000] {processor.py:914} INFO - Processing file /home/airflow/.local/lib/python3.12/site-packages/airflow/example_dags/example_display_name.py for tasks to queue
[2025-02-19T10:24:55.349+0000] {logging_mixin.py:190} INFO - [2025-02-19T10:24:55.349+0000] {dagbag.py:588} INFO - Filling up the DagBag from /home/airflow/.local/lib/python3.12/site-packages/airflow/example_dags/example_display_name.py
[2025-02-19T10:24:55.358+0000] {processor.py:925} INFO - DAG(s) 'example_display_name' retrieved from /home/airflow/.local/lib/python3.12/site-packages/airflow/example_dags/example_display_name.py
[2025-02-19T10:24:55.376+0000] {logging_mixin.py:190} INFO - [2025-02-19T10:24:55.376+0000] {dag.py:3239} INFO - Sync 1 DAGs
[2025-02-19T10:24:55.388+0000] {logging_mixin.py:190} INFO - [2025-02-19T10:24:55.387+0000] {dag.py:4180} INFO - Setting next_dagrun for example_display_name to None, run_after=None
[2025-02-19T10:24:55.405+0000] {processor.py:208} INFO - Processing /home/airflow/.local/lib/python3.12/site-packages/airflow/example_dags/example_display_name.py took 0.065 seconds
[2025-02-19T10:25:27.057+0000] {processor.py:186} INFO - Started process (PID=1448) to work on /home/airflow/.local/lib/python3.12/site-packages/airflow/example_dags/example_display_name.py
[2025-02-19T10:25:27.058+0000] {processor.py:914} INFO - Processing file /home/airflow/.local/lib/python3.12/site-packages/airflow/example_dags/example_display_name.py for tasks to queue
[2025-02-19T10:25:27.061+0000] {logging_mixin.py:190} INFO - [2025-02-19T10:25:27.061+0000] {dagbag.py:588} INFO - Filling up the DagBag from /home/airflow/.local/lib/python3.12/site-packages/airflow/example_dags/example_display_name.py
[2025-02-19T10:25:27.072+0000] {processor.py:925} INFO - DAG(s) 'example_display_name' retrieved from /home/airflow/.local/lib/python3.12/site-packages/airflow/example_dags/example_display_name.py
[2025-02-19T10:25:27.101+0000] {logging_mixin.py:190} INFO - [2025-02-19T10:25:27.100+0000] {dag.py:3239} INFO - Sync 1 DAGs
[2025-02-19T10:25:27.120+0000] {logging_mixin.py:190} INFO - [2025-02-19T10:25:27.119+0000] {dag.py:4180} INFO - Setting next_dagrun for example_display_name to None, run_after=None
[2025-02-19T10:25:27.146+0000] {processor.py:208} INFO - Processing /home/airflow/.local/lib/python3.12/site-packages/airflow/example_dags/example_display_name.py took 0.098 seconds
[2025-02-19T10:25:57.904+0000] {processor.py:186} INFO - Started process (PID=1515) to work on /home/airflow/.local/lib/python3.12/site-packages/airflow/example_dags/example_display_name.py
[2025-02-19T10:25:57.905+0000] {processor.py:914} INFO - Processing file /home/airflow/.local/lib/python3.12/site-packages/airflow/example_dags/example_display_name.py for tasks to queue
[2025-02-19T10:25:57.907+0000] {logging_mixin.py:190} INFO - [2025-02-19T10:25:57.907+0000] {dagbag.py:588} INFO - Filling up the DagBag from /home/airflow/.local/lib/python3.12/site-packages/airflow/example_dags/example_display_name.py
[2025-02-19T10:25:57.916+0000] {processor.py:925} INFO - DAG(s) 'example_display_name' retrieved from /home/airflow/.local/lib/python3.12/site-packages/airflow/example_dags/example_display_name.py
[2025-02-19T10:25:57.938+0000] {logging_mixin.py:190} INFO - [2025-02-19T10:25:57.937+0000] {dag.py:3239} INFO - Sync 1 DAGs
[2025-02-19T10:25:57.953+0000] {logging_mixin.py:190} INFO - [2025-02-19T10:25:57.953+0000] {dag.py:4180} INFO - Setting next_dagrun for example_display_name to None, run_after=None
[2025-02-19T10:25:57.975+0000] {processor.py:208} INFO - Processing /home/airflow/.local/lib/python3.12/site-packages/airflow/example_dags/example_display_name.py took 0.077 seconds
[2025-02-19T10:26:29.422+0000] {processor.py:186} INFO - Started process (PID=1582) to work on /home/airflow/.local/lib/python3.12/site-packages/airflow/example_dags/example_display_name.py
[2025-02-19T10:26:29.424+0000] {processor.py:914} INFO - Processing file /home/airflow/.local/lib/python3.12/site-packages/airflow/example_dags/example_display_name.py for tasks to queue
[2025-02-19T10:26:29.427+0000] {logging_mixin.py:190} INFO - [2025-02-19T10:26:29.427+0000] {dagbag.py:588} INFO - Filling up the DagBag from /home/airflow/.local/lib/python3.12/site-packages/airflow/example_dags/example_display_name.py
[2025-02-19T10:26:29.435+0000] {processor.py:925} INFO - DAG(s) 'example_display_name' retrieved from /home/airflow/.local/lib/python3.12/site-packages/airflow/example_dags/example_display_name.py
[2025-02-19T10:26:29.456+0000] {logging_mixin.py:190} INFO - [2025-02-19T10:26:29.456+0000] {dag.py:3239} INFO - Sync 1 DAGs
[2025-02-19T10:26:29.471+0000] {logging_mixin.py:190} INFO - [2025-02-19T10:26:29.471+0000] {dag.py:4180} INFO - Setting next_dagrun for example_display_name to None, run_after=None
[2025-02-19T10:26:29.493+0000] {processor.py:208} INFO - Processing /home/airflow/.local/lib/python3.12/site-packages/airflow/example_dags/example_display_name.py took 0.078 seconds
[2025-02-19T10:27:00.945+0000] {processor.py:186} INFO - Started process (PID=1649) to work on /home/airflow/.local/lib/python3.12/site-packages/airflow/example_dags/example_display_name.py
[2025-02-19T10:27:00.946+0000] {processor.py:914} INFO - Processing file /home/airflow/.local/lib/python3.12/site-packages/airflow/example_dags/example_display_name.py for tasks to queue
[2025-02-19T10:27:00.948+0000] {logging_mixin.py:190} INFO - [2025-02-19T10:27:00.948+0000] {dagbag.py:588} INFO - Filling up the DagBag from /home/airflow/.local/lib/python3.12/site-packages/airflow/example_dags/example_display_name.py
[2025-02-19T10:27:00.957+0000] {processor.py:925} INFO - DAG(s) 'example_display_name' retrieved from /home/airflow/.local/lib/python3.12/site-packages/airflow/example_dags/example_display_name.py
[2025-02-19T10:27:00.982+0000] {logging_mixin.py:190} INFO - [2025-02-19T10:27:00.982+0000] {dag.py:3239} INFO - Sync 1 DAGs
[2025-02-19T10:27:00.998+0000] {logging_mixin.py:190} INFO - [2025-02-19T10:27:00.997+0000] {dag.py:4180} INFO - Setting next_dagrun for example_display_name to None, run_after=None
[2025-02-19T10:27:01.021+0000] {processor.py:208} INFO - Processing /home/airflow/.local/lib/python3.12/site-packages/airflow/example_dags/example_display_name.py took 0.085 seconds
[2025-02-19T10:27:32.675+0000] {processor.py:186} INFO - Started process (PID=1716) to work on /home/airflow/.local/lib/python3.12/site-packages/airflow/example_dags/example_display_name.py
[2025-02-19T10:27:32.676+0000] {processor.py:914} INFO - Processing file /home/airflow/.local/lib/python3.12/site-packages/airflow/example_dags/example_display_name.py for tasks to queue
[2025-02-19T10:27:32.679+0000] {logging_mixin.py:190} INFO - [2025-02-19T10:27:32.678+0000] {dagbag.py:588} INFO - Filling up the DagBag from /home/airflow/.local/lib/python3.12/site-packages/airflow/example_dags/example_display_name.py
[2025-02-19T10:27:32.687+0000] {processor.py:925} INFO - DAG(s) 'example_display_name' retrieved from /home/airflow/.local/lib/python3.12/site-packages/airflow/example_dags/example_display_name.py
[2025-02-19T10:27:32.707+0000] {logging_mixin.py:190} INFO - [2025-02-19T10:27:32.707+0000] {dag.py:3239} INFO - Sync 1 DAGs
[2025-02-19T10:27:32.721+0000] {logging_mixin.py:190} INFO - [2025-02-19T10:27:32.721+0000] {dag.py:4180} INFO - Setting next_dagrun for example_display_name to None, run_after=None
[2025-02-19T10:27:32.740+0000] {processor.py:208} INFO - Processing /home/airflow/.local/lib/python3.12/site-packages/airflow/example_dags/example_display_name.py took 0.072 seconds
[2025-02-19T10:28:03.747+0000] {processor.py:186} INFO - Started process (PID=1783) to work on /home/airflow/.local/lib/python3.12/site-packages/airflow/example_dags/example_display_name.py
[2025-02-19T10:28:03.748+0000] {processor.py:914} INFO - Processing file /home/airflow/.local/lib/python3.12/site-packages/airflow/example_dags/example_display_name.py for tasks to queue
[2025-02-19T10:28:03.751+0000] {logging_mixin.py:190} INFO - [2025-02-19T10:28:03.751+0000] {dagbag.py:588} INFO - Filling up the DagBag from /home/airflow/.local/lib/python3.12/site-packages/airflow/example_dags/example_display_name.py
[2025-02-19T10:28:03.762+0000] {processor.py:925} INFO - DAG(s) 'example_display_name' retrieved from /home/airflow/.local/lib/python3.12/site-packages/airflow/example_dags/example_display_name.py
[2025-02-19T10:28:03.786+0000] {logging_mixin.py:190} INFO - [2025-02-19T10:28:03.785+0000] {dag.py:3239} INFO - Sync 1 DAGs
[2025-02-19T10:28:03.803+0000] {logging_mixin.py:190} INFO - [2025-02-19T10:28:03.803+0000] {dag.py:4180} INFO - Setting next_dagrun for example_display_name to None, run_after=None
[2025-02-19T10:28:03.823+0000] {processor.py:208} INFO - Processing /home/airflow/.local/lib/python3.12/site-packages/airflow/example_dags/example_display_name.py took 0.083 seconds
[2025-02-19T10:28:34.935+0000] {processor.py:186} INFO - Started process (PID=1850) to work on /home/airflow/.local/lib/python3.12/site-packages/airflow/example_dags/example_display_name.py
[2025-02-19T10:28:34.936+0000] {processor.py:914} INFO - Processing file /home/airflow/.local/lib/python3.12/site-packages/airflow/example_dags/example_display_name.py for tasks to queue
[2025-02-19T10:28:34.937+0000] {logging_mixin.py:190} INFO - [2025-02-19T10:28:34.937+0000] {dagbag.py:588} INFO - Filling up the DagBag from /home/airflow/.local/lib/python3.12/site-packages/airflow/example_dags/example_display_name.py
[2025-02-19T10:28:34.944+0000] {processor.py:925} INFO - DAG(s) 'example_display_name' retrieved from /home/airflow/.local/lib/python3.12/site-packages/airflow/example_dags/example_display_name.py
[2025-02-19T10:28:34.962+0000] {logging_mixin.py:190} INFO - [2025-02-19T10:28:34.962+0000] {dag.py:3239} INFO - Sync 1 DAGs
[2025-02-19T10:28:34.977+0000] {logging_mixin.py:190} INFO - [2025-02-19T10:28:34.977+0000] {dag.py:4180} INFO - Setting next_dagrun for example_display_name to None, run_after=None
[2025-02-19T10:28:34.993+0000] {processor.py:208} INFO - Processing /home/airflow/.local/lib/python3.12/site-packages/airflow/example_dags/example_display_name.py took 0.065 seconds
[2025-02-19T10:29:06.236+0000] {processor.py:186} INFO - Started process (PID=1917) to work on /home/airflow/.local/lib/python3.12/site-packages/airflow/example_dags/example_display_name.py
[2025-02-19T10:29:06.236+0000] {processor.py:914} INFO - Processing file /home/airflow/.local/lib/python3.12/site-packages/airflow/example_dags/example_display_name.py for tasks to queue
[2025-02-19T10:29:06.238+0000] {logging_mixin.py:190} INFO - [2025-02-19T10:29:06.238+0000] {dagbag.py:588} INFO - Filling up the DagBag from /home/airflow/.local/lib/python3.12/site-packages/airflow/example_dags/example_display_name.py
[2025-02-19T10:29:06.246+0000] {processor.py:925} INFO - DAG(s) 'example_display_name' retrieved from /home/airflow/.local/lib/python3.12/site-packages/airflow/example_dags/example_display_name.py
[2025-02-19T10:29:06.265+0000] {logging_mixin.py:190} INFO - [2025-02-19T10:29:06.264+0000] {dag.py:3239} INFO - Sync 1 DAGs
[2025-02-19T10:29:06.280+0000] {logging_mixin.py:190} INFO - [2025-02-19T10:29:06.279+0000] {dag.py:4180} INFO - Setting next_dagrun for example_display_name to None, run_after=None
[2025-02-19T10:29:06.300+0000] {processor.py:208} INFO - Processing /home/airflow/.local/lib/python3.12/site-packages/airflow/example_dags/example_display_name.py took 0.071 seconds
[2025-02-19T10:29:37.538+0000] {processor.py:186} INFO - Started process (PID=1989) to work on /home/airflow/.local/lib/python3.12/site-packages/airflow/example_dags/example_display_name.py
[2025-02-19T10:29:37.539+0000] {processor.py:914} INFO - Processing file /home/airflow/.local/lib/python3.12/site-packages/airflow/example_dags/example_display_name.py for tasks to queue
[2025-02-19T10:29:37.542+0000] {logging_mixin.py:190} INFO - [2025-02-19T10:29:37.541+0000] {dagbag.py:588} INFO - Filling up the DagBag from /home/airflow/.local/lib/python3.12/site-packages/airflow/example_dags/example_display_name.py
[2025-02-19T10:29:37.549+0000] {processor.py:925} INFO - DAG(s) 'example_display_name' retrieved from /home/airflow/.local/lib/python3.12/site-packages/airflow/example_dags/example_display_name.py
[2025-02-19T10:29:37.574+0000] {logging_mixin.py:190} INFO - [2025-02-19T10:29:37.573+0000] {dag.py:3239} INFO - Sync 1 DAGs
[2025-02-19T10:29:37.590+0000] {logging_mixin.py:190} INFO - [2025-02-19T10:29:37.590+0000] {dag.py:4180} INFO - Setting next_dagrun for example_display_name to None, run_after=None
[2025-02-19T10:29:37.613+0000] {processor.py:208} INFO - Processing /home/airflow/.local/lib/python3.12/site-packages/airflow/example_dags/example_display_name.py took 0.080 seconds
[2025-02-19T10:30:09.651+0000] {processor.py:186} INFO - Started process (PID=2057) to work on /home/airflow/.local/lib/python3.12/site-packages/airflow/example_dags/example_display_name.py
[2025-02-19T10:30:09.652+0000] {processor.py:914} INFO - Processing file /home/airflow/.local/lib/python3.12/site-packages/airflow/example_dags/example_display_name.py for tasks to queue
[2025-02-19T10:30:09.655+0000] {logging_mixin.py:190} INFO - [2025-02-19T10:30:09.655+0000] {dagbag.py:588} INFO - Filling up the DagBag from /home/airflow/.local/lib/python3.12/site-packages/airflow/example_dags/example_display_name.py
[2025-02-19T10:30:09.669+0000] {processor.py:925} INFO - DAG(s) 'example_display_name' retrieved from /home/airflow/.local/lib/python3.12/site-packages/airflow/example_dags/example_display_name.py
[2025-02-19T10:30:09.699+0000] {logging_mixin.py:190} INFO - [2025-02-19T10:30:09.699+0000] {dag.py:3239} INFO - Sync 1 DAGs
[2025-02-19T10:30:09.719+0000] {logging_mixin.py:190} INFO - [2025-02-19T10:30:09.719+0000] {dag.py:4180} INFO - Setting next_dagrun for example_display_name to None, run_after=None
[2025-02-19T10:30:09.741+0000] {processor.py:208} INFO - Processing /home/airflow/.local/lib/python3.12/site-packages/airflow/example_dags/example_display_name.py took 0.102 seconds
[2025-02-19T10:30:40.604+0000] {processor.py:186} INFO - Started process (PID=2123) to work on /home/airflow/.local/lib/python3.12/site-packages/airflow/example_dags/example_display_name.py
[2025-02-19T10:30:40.605+0000] {processor.py:914} INFO - Processing file /home/airflow/.local/lib/python3.12/site-packages/airflow/example_dags/example_display_name.py for tasks to queue
[2025-02-19T10:30:40.608+0000] {logging_mixin.py:190} INFO - [2025-02-19T10:30:40.607+0000] {dagbag.py:588} INFO - Filling up the DagBag from /home/airflow/.local/lib/python3.12/site-packages/airflow/example_dags/example_display_name.py
[2025-02-19T10:30:40.620+0000] {processor.py:925} INFO - DAG(s) 'example_display_name' retrieved from /home/airflow/.local/lib/python3.12/site-packages/airflow/example_dags/example_display_name.py
[2025-02-19T10:30:40.653+0000] {logging_mixin.py:190} INFO - [2025-02-19T10:30:40.652+0000] {dag.py:3239} INFO - Sync 1 DAGs
[2025-02-19T10:30:40.680+0000] {logging_mixin.py:190} INFO - [2025-02-19T10:30:40.680+0000] {dag.py:4180} INFO - Setting next_dagrun for example_display_name to None, run_after=None
[2025-02-19T10:30:40.716+0000] {processor.py:208} INFO - Processing /home/airflow/.local/lib/python3.12/site-packages/airflow/example_dags/example_display_name.py took 0.118 seconds
[2025-02-19T10:31:11.523+0000] {processor.py:186} INFO - Started process (PID=2190) to work on /home/airflow/.local/lib/python3.12/site-packages/airflow/example_dags/example_display_name.py
[2025-02-19T10:31:11.524+0000] {processor.py:914} INFO - Processing file /home/airflow/.local/lib/python3.12/site-packages/airflow/example_dags/example_display_name.py for tasks to queue
[2025-02-19T10:31:11.528+0000] {logging_mixin.py:190} INFO - [2025-02-19T10:31:11.527+0000] {dagbag.py:588} INFO - Filling up the DagBag from /home/airflow/.local/lib/python3.12/site-packages/airflow/example_dags/example_display_name.py
[2025-02-19T10:31:11.538+0000] {processor.py:925} INFO - DAG(s) 'example_display_name' retrieved from /home/airflow/.local/lib/python3.12/site-packages/airflow/example_dags/example_display_name.py
[2025-02-19T10:31:11.563+0000] {logging_mixin.py:190} INFO - [2025-02-19T10:31:11.563+0000] {dag.py:3239} INFO - Sync 1 DAGs
[2025-02-19T10:31:11.579+0000] {logging_mixin.py:190} INFO - [2025-02-19T10:31:11.579+0000] {dag.py:4180} INFO - Setting next_dagrun for example_display_name to None, run_after=None
[2025-02-19T10:31:11.600+0000] {processor.py:208} INFO - Processing /home/airflow/.local/lib/python3.12/site-packages/airflow/example_dags/example_display_name.py took 0.083 seconds
[2025-02-19T10:31:43.030+0000] {processor.py:186} INFO - Started process (PID=2263) to work on /home/airflow/.local/lib/python3.12/site-packages/airflow/example_dags/example_display_name.py
[2025-02-19T10:31:43.031+0000] {processor.py:914} INFO - Processing file /home/airflow/.local/lib/python3.12/site-packages/airflow/example_dags/example_display_name.py for tasks to queue
[2025-02-19T10:31:43.035+0000] {logging_mixin.py:190} INFO - [2025-02-19T10:31:43.034+0000] {dagbag.py:588} INFO - Filling up the DagBag from /home/airflow/.local/lib/python3.12/site-packages/airflow/example_dags/example_display_name.py
[2025-02-19T10:31:43.049+0000] {processor.py:925} INFO - DAG(s) 'example_display_name' retrieved from /home/airflow/.local/lib/python3.12/site-packages/airflow/example_dags/example_display_name.py
[2025-02-19T10:31:43.080+0000] {logging_mixin.py:190} INFO - [2025-02-19T10:31:43.079+0000] {dag.py:3239} INFO - Sync 1 DAGs
[2025-02-19T10:31:43.103+0000] {logging_mixin.py:190} INFO - [2025-02-19T10:31:43.102+0000] {dag.py:4180} INFO - Setting next_dagrun for example_display_name to None, run_after=None
[2025-02-19T10:31:43.126+0000] {processor.py:208} INFO - Processing /home/airflow/.local/lib/python3.12/site-packages/airflow/example_dags/example_display_name.py took 0.106 seconds
[2025-02-19T10:32:14.375+0000] {processor.py:186} INFO - Started process (PID=2332) to work on /home/airflow/.local/lib/python3.12/site-packages/airflow/example_dags/example_display_name.py
[2025-02-19T10:32:14.377+0000] {processor.py:914} INFO - Processing file /home/airflow/.local/lib/python3.12/site-packages/airflow/example_dags/example_display_name.py for tasks to queue
[2025-02-19T10:32:14.380+0000] {logging_mixin.py:190} INFO - [2025-02-19T10:32:14.379+0000] {dagbag.py:588} INFO - Filling up the DagBag from /home/airflow/.local/lib/python3.12/site-packages/airflow/example_dags/example_display_name.py
[2025-02-19T10:32:14.387+0000] {processor.py:925} INFO - DAG(s) 'example_display_name' retrieved from /home/airflow/.local/lib/python3.12/site-packages/airflow/example_dags/example_display_name.py
[2025-02-19T10:32:14.407+0000] {logging_mixin.py:190} INFO - [2025-02-19T10:32:14.407+0000] {dag.py:3239} INFO - Sync 1 DAGs
[2025-02-19T10:32:14.424+0000] {logging_mixin.py:190} INFO - [2025-02-19T10:32:14.424+0000] {dag.py:4180} INFO - Setting next_dagrun for example_display_name to None, run_after=None
[2025-02-19T10:32:14.444+0000] {processor.py:208} INFO - Processing /home/airflow/.local/lib/python3.12/site-packages/airflow/example_dags/example_display_name.py took 0.075 seconds
[2025-02-19T10:32:46.905+0000] {processor.py:186} INFO - Started process (PID=2400) to work on /home/airflow/.local/lib/python3.12/site-packages/airflow/example_dags/example_display_name.py
[2025-02-19T10:32:46.905+0000] {processor.py:914} INFO - Processing file /home/airflow/.local/lib/python3.12/site-packages/airflow/example_dags/example_display_name.py for tasks to queue
[2025-02-19T10:32:46.907+0000] {logging_mixin.py:190} INFO - [2025-02-19T10:32:46.907+0000] {dagbag.py:588} INFO - Filling up the DagBag from /home/airflow/.local/lib/python3.12/site-packages/airflow/example_dags/example_display_name.py
[2025-02-19T10:32:46.916+0000] {processor.py:925} INFO - DAG(s) 'example_display_name' retrieved from /home/airflow/.local/lib/python3.12/site-packages/airflow/example_dags/example_display_name.py
[2025-02-19T10:32:46.937+0000] {logging_mixin.py:190} INFO - [2025-02-19T10:32:46.937+0000] {dag.py:3239} INFO - Sync 1 DAGs
[2025-02-19T10:32:46.951+0000] {logging_mixin.py:190} INFO - [2025-02-19T10:32:46.950+0000] {dag.py:4180} INFO - Setting next_dagrun for example_display_name to None, run_after=None
[2025-02-19T10:32:47.142+0000] {processor.py:208} INFO - Processing /home/airflow/.local/lib/python3.12/site-packages/airflow/example_dags/example_display_name.py took 0.243 seconds
[2025-02-19T10:33:17.284+0000] {processor.py:186} INFO - Started process (PID=2469) to work on /home/airflow/.local/lib/python3.12/site-packages/airflow/example_dags/example_display_name.py
[2025-02-19T10:33:17.285+0000] {processor.py:914} INFO - Processing file /home/airflow/.local/lib/python3.12/site-packages/airflow/example_dags/example_display_name.py for tasks to queue
[2025-02-19T10:33:17.289+0000] {logging_mixin.py:190} INFO - [2025-02-19T10:33:17.288+0000] {dagbag.py:588} INFO - Filling up the DagBag from /home/airflow/.local/lib/python3.12/site-packages/airflow/example_dags/example_display_name.py
[2025-02-19T10:33:17.298+0000] {processor.py:925} INFO - DAG(s) 'example_display_name' retrieved from /home/airflow/.local/lib/python3.12/site-packages/airflow/example_dags/example_display_name.py
[2025-02-19T10:33:17.318+0000] {logging_mixin.py:190} INFO - [2025-02-19T10:33:17.318+0000] {dag.py:3239} INFO - Sync 1 DAGs
[2025-02-19T10:33:17.337+0000] {logging_mixin.py:190} INFO - [2025-02-19T10:33:17.336+0000] {dag.py:4180} INFO - Setting next_dagrun for example_display_name to None, run_after=None
[2025-02-19T10:33:17.359+0000] {processor.py:208} INFO - Processing /home/airflow/.local/lib/python3.12/site-packages/airflow/example_dags/example_display_name.py took 0.081 seconds
[2025-02-19T10:33:48.083+0000] {processor.py:186} INFO - Started process (PID=2535) to work on /home/airflow/.local/lib/python3.12/site-packages/airflow/example_dags/example_display_name.py
[2025-02-19T10:33:48.084+0000] {processor.py:914} INFO - Processing file /home/airflow/.local/lib/python3.12/site-packages/airflow/example_dags/example_display_name.py for tasks to queue
[2025-02-19T10:33:48.087+0000] {logging_mixin.py:190} INFO - [2025-02-19T10:33:48.086+0000] {dagbag.py:588} INFO - Filling up the DagBag from /home/airflow/.local/lib/python3.12/site-packages/airflow/example_dags/example_display_name.py
[2025-02-19T10:33:48.096+0000] {processor.py:925} INFO - DAG(s) 'example_display_name' retrieved from /home/airflow/.local/lib/python3.12/site-packages/airflow/example_dags/example_display_name.py
[2025-02-19T10:33:48.114+0000] {logging_mixin.py:190} INFO - [2025-02-19T10:33:48.114+0000] {dag.py:3239} INFO - Sync 1 DAGs
[2025-02-19T10:33:48.127+0000] {logging_mixin.py:190} INFO - [2025-02-19T10:33:48.127+0000] {dag.py:4180} INFO - Setting next_dagrun for example_display_name to None, run_after=None
[2025-02-19T10:33:48.144+0000] {processor.py:208} INFO - Processing /home/airflow/.local/lib/python3.12/site-packages/airflow/example_dags/example_display_name.py took 0.067 seconds
[2025-02-19T10:34:20.093+0000] {processor.py:186} INFO - Started process (PID=2603) to work on /home/airflow/.local/lib/python3.12/site-packages/airflow/example_dags/example_display_name.py
[2025-02-19T10:34:20.094+0000] {processor.py:914} INFO - Processing file /home/airflow/.local/lib/python3.12/site-packages/airflow/example_dags/example_display_name.py for tasks to queue
[2025-02-19T10:34:20.096+0000] {logging_mixin.py:190} INFO - [2025-02-19T10:34:20.096+0000] {dagbag.py:588} INFO - Filling up the DagBag from /home/airflow/.local/lib/python3.12/site-packages/airflow/example_dags/example_display_name.py
[2025-02-19T10:34:20.278+0000] {processor.py:925} INFO - DAG(s) 'example_display_name' retrieved from /home/airflow/.local/lib/python3.12/site-packages/airflow/example_dags/example_display_name.py
[2025-02-19T10:34:20.293+0000] {logging_mixin.py:190} INFO - [2025-02-19T10:34:20.292+0000] {dag.py:3239} INFO - Sync 1 DAGs
[2025-02-19T10:34:20.304+0000] {logging_mixin.py:190} INFO - [2025-02-19T10:34:20.304+0000] {dag.py:4180} INFO - Setting next_dagrun for example_display_name to None, run_after=None
[2025-02-19T10:34:20.327+0000] {processor.py:208} INFO - Processing /home/airflow/.local/lib/python3.12/site-packages/airflow/example_dags/example_display_name.py took 0.239 seconds
[2025-02-19T10:34:50.585+0000] {processor.py:186} INFO - Started process (PID=2670) to work on /home/airflow/.local/lib/python3.12/site-packages/airflow/example_dags/example_display_name.py
[2025-02-19T10:34:50.586+0000] {processor.py:914} INFO - Processing file /home/airflow/.local/lib/python3.12/site-packages/airflow/example_dags/example_display_name.py for tasks to queue
[2025-02-19T10:34:50.589+0000] {logging_mixin.py:190} INFO - [2025-02-19T10:34:50.588+0000] {dagbag.py:588} INFO - Filling up the DagBag from /home/airflow/.local/lib/python3.12/site-packages/airflow/example_dags/example_display_name.py
[2025-02-19T10:34:50.597+0000] {processor.py:925} INFO - DAG(s) 'example_display_name' retrieved from /home/airflow/.local/lib/python3.12/site-packages/airflow/example_dags/example_display_name.py
[2025-02-19T10:34:50.616+0000] {logging_mixin.py:190} INFO - [2025-02-19T10:34:50.616+0000] {dag.py:3239} INFO - Sync 1 DAGs
[2025-02-19T10:34:50.631+0000] {logging_mixin.py:190} INFO - [2025-02-19T10:34:50.631+0000] {dag.py:4180} INFO - Setting next_dagrun for example_display_name to None, run_after=None
[2025-02-19T10:34:50.649+0000] {processor.py:208} INFO - Processing /home/airflow/.local/lib/python3.12/site-packages/airflow/example_dags/example_display_name.py took 0.070 seconds
[2025-02-19T10:35:21.151+0000] {processor.py:186} INFO - Started process (PID=2737) to work on /home/airflow/.local/lib/python3.12/site-packages/airflow/example_dags/example_display_name.py
[2025-02-19T10:35:21.152+0000] {processor.py:914} INFO - Processing file /home/airflow/.local/lib/python3.12/site-packages/airflow/example_dags/example_display_name.py for tasks to queue
[2025-02-19T10:35:21.154+0000] {logging_mixin.py:190} INFO - [2025-02-19T10:35:21.154+0000] {dagbag.py:588} INFO - Filling up the DagBag from /home/airflow/.local/lib/python3.12/site-packages/airflow/example_dags/example_display_name.py
[2025-02-19T10:35:21.162+0000] {processor.py:925} INFO - DAG(s) 'example_display_name' retrieved from /home/airflow/.local/lib/python3.12/site-packages/airflow/example_dags/example_display_name.py
[2025-02-19T10:35:21.180+0000] {logging_mixin.py:190} INFO - [2025-02-19T10:35:21.180+0000] {dag.py:3239} INFO - Sync 1 DAGs
[2025-02-19T10:35:21.194+0000] {logging_mixin.py:190} INFO - [2025-02-19T10:35:21.194+0000] {dag.py:4180} INFO - Setting next_dagrun for example_display_name to None, run_after=None
[2025-02-19T10:35:21.211+0000] {processor.py:208} INFO - Processing /home/airflow/.local/lib/python3.12/site-packages/airflow/example_dags/example_display_name.py took 0.066 seconds
[2025-02-19T10:35:52.034+0000] {processor.py:186} INFO - Started process (PID=2804) to work on /home/airflow/.local/lib/python3.12/site-packages/airflow/example_dags/example_display_name.py
[2025-02-19T10:35:52.035+0000] {processor.py:914} INFO - Processing file /home/airflow/.local/lib/python3.12/site-packages/airflow/example_dags/example_display_name.py for tasks to queue
[2025-02-19T10:35:52.037+0000] {logging_mixin.py:190} INFO - [2025-02-19T10:35:52.036+0000] {dagbag.py:588} INFO - Filling up the DagBag from /home/airflow/.local/lib/python3.12/site-packages/airflow/example_dags/example_display_name.py
[2025-02-19T10:35:52.045+0000] {processor.py:925} INFO - DAG(s) 'example_display_name' retrieved from /home/airflow/.local/lib/python3.12/site-packages/airflow/example_dags/example_display_name.py
[2025-02-19T10:35:52.064+0000] {logging_mixin.py:190} INFO - [2025-02-19T10:35:52.064+0000] {dag.py:3239} INFO - Sync 1 DAGs
[2025-02-19T10:35:52.076+0000] {logging_mixin.py:190} INFO - [2025-02-19T10:35:52.076+0000] {dag.py:4180} INFO - Setting next_dagrun for example_display_name to None, run_after=None
[2025-02-19T10:35:52.092+0000] {processor.py:208} INFO - Processing /home/airflow/.local/lib/python3.12/site-packages/airflow/example_dags/example_display_name.py took 0.064 seconds
[2025-02-19T10:36:22.310+0000] {processor.py:186} INFO - Started process (PID=2871) to work on /home/airflow/.local/lib/python3.12/site-packages/airflow/example_dags/example_display_name.py
[2025-02-19T10:36:22.311+0000] {processor.py:914} INFO - Processing file /home/airflow/.local/lib/python3.12/site-packages/airflow/example_dags/example_display_name.py for tasks to queue
[2025-02-19T10:36:22.314+0000] {logging_mixin.py:190} INFO - [2025-02-19T10:36:22.314+0000] {dagbag.py:588} INFO - Filling up the DagBag from /home/airflow/.local/lib/python3.12/site-packages/airflow/example_dags/example_display_name.py
[2025-02-19T10:36:22.324+0000] {processor.py:925} INFO - DAG(s) 'example_display_name' retrieved from /home/airflow/.local/lib/python3.12/site-packages/airflow/example_dags/example_display_name.py
[2025-02-19T10:36:22.351+0000] {logging_mixin.py:190} INFO - [2025-02-19T10:36:22.351+0000] {dag.py:3239} INFO - Sync 1 DAGs
[2025-02-19T10:36:22.371+0000] {logging_mixin.py:190} INFO - [2025-02-19T10:36:22.371+0000] {dag.py:4180} INFO - Setting next_dagrun for example_display_name to None, run_after=None
[2025-02-19T10:36:22.398+0000] {processor.py:208} INFO - Processing /home/airflow/.local/lib/python3.12/site-packages/airflow/example_dags/example_display_name.py took 0.094 seconds
[2025-02-19T10:36:52.594+0000] {processor.py:186} INFO - Started process (PID=2938) to work on /home/airflow/.local/lib/python3.12/site-packages/airflow/example_dags/example_display_name.py
[2025-02-19T10:36:52.595+0000] {processor.py:914} INFO - Processing file /home/airflow/.local/lib/python3.12/site-packages/airflow/example_dags/example_display_name.py for tasks to queue
[2025-02-19T10:36:52.598+0000] {logging_mixin.py:190} INFO - [2025-02-19T10:36:52.597+0000] {dagbag.py:588} INFO - Filling up the DagBag from /home/airflow/.local/lib/python3.12/site-packages/airflow/example_dags/example_display_name.py
[2025-02-19T10:36:52.608+0000] {processor.py:925} INFO - DAG(s) 'example_display_name' retrieved from /home/airflow/.local/lib/python3.12/site-packages/airflow/example_dags/example_display_name.py
[2025-02-19T10:36:52.632+0000] {logging_mixin.py:190} INFO - [2025-02-19T10:36:52.631+0000] {dag.py:3239} INFO - Sync 1 DAGs
[2025-02-19T10:36:52.648+0000] {logging_mixin.py:190} INFO - [2025-02-19T10:36:52.648+0000] {dag.py:4180} INFO - Setting next_dagrun for example_display_name to None, run_after=None
[2025-02-19T10:36:52.670+0000] {processor.py:208} INFO - Processing /home/airflow/.local/lib/python3.12/site-packages/airflow/example_dags/example_display_name.py took 0.082 seconds
[2025-02-19T10:37:23.683+0000] {processor.py:186} INFO - Started process (PID=3004) to work on /home/airflow/.local/lib/python3.12/site-packages/airflow/example_dags/example_display_name.py
[2025-02-19T10:37:23.684+0000] {processor.py:914} INFO - Processing file /home/airflow/.local/lib/python3.12/site-packages/airflow/example_dags/example_display_name.py for tasks to queue
[2025-02-19T10:37:23.688+0000] {logging_mixin.py:190} INFO - [2025-02-19T10:37:23.687+0000] {dagbag.py:588} INFO - Filling up the DagBag from /home/airflow/.local/lib/python3.12/site-packages/airflow/example_dags/example_display_name.py
[2025-02-19T10:37:23.699+0000] {processor.py:925} INFO - DAG(s) 'example_display_name' retrieved from /home/airflow/.local/lib/python3.12/site-packages/airflow/example_dags/example_display_name.py
[2025-02-19T10:37:23.723+0000] {logging_mixin.py:190} INFO - [2025-02-19T10:37:23.723+0000] {dag.py:3239} INFO - Sync 1 DAGs
[2025-02-19T10:37:23.742+0000] {logging_mixin.py:190} INFO - [2025-02-19T10:37:23.741+0000] {dag.py:4180} INFO - Setting next_dagrun for example_display_name to None, run_after=None
[2025-02-19T10:37:23.762+0000] {processor.py:208} INFO - Processing /home/airflow/.local/lib/python3.12/site-packages/airflow/example_dags/example_display_name.py took 0.088 seconds
