[2025-02-19T10:11:46.064+0000] {processor.py:186} INFO - Started process (PID=106) to work on /home/airflow/.local/lib/python3.12/site-packages/airflow/example_dags/example_python_decorator.py
[2025-02-19T10:11:46.066+0000] {processor.py:914} INFO - Processing file /home/airflow/.local/lib/python3.12/site-packages/airflow/example_dags/example_python_decorator.py for tasks to queue
[2025-02-19T10:11:46.069+0000] {logging_mixin.py:190} INFO - [2025-02-19T10:11:46.069+0000] {dagbag.py:588} INFO - Filling up the DagBag from /home/airflow/.local/lib/python3.12/site-packages/airflow/example_dags/example_python_decorator.py
[2025-02-19T10:11:46.095+0000] {processor.py:925} INFO - DAG(s) 'example_python_decorator' retrieved from /home/airflow/.local/lib/python3.12/site-packages/airflow/example_dags/example_python_decorator.py
[2025-02-19T10:11:46.291+0000] {logging_mixin.py:190} INFO - [2025-02-19T10:11:46.291+0000] {dag.py:3239} INFO - Sync 1 DAGs
[2025-02-19T10:11:46.311+0000] {logging_mixin.py:190} INFO - [2025-02-19T10:11:46.311+0000] {dag.py:4180} INFO - Setting next_dagrun for example_python_decorator to None, run_after=None
[2025-02-19T10:11:46.351+0000] {processor.py:208} INFO - Processing /home/airflow/.local/lib/python3.12/site-packages/airflow/example_dags/example_python_decorator.py took 0.296 seconds
[2025-02-19T10:12:17.822+0000] {processor.py:186} INFO - Started process (PID=172) to work on /home/airflow/.local/lib/python3.12/site-packages/airflow/example_dags/example_python_decorator.py
[2025-02-19T10:12:17.824+0000] {processor.py:914} INFO - Processing file /home/airflow/.local/lib/python3.12/site-packages/airflow/example_dags/example_python_decorator.py for tasks to queue
[2025-02-19T10:12:17.828+0000] {logging_mixin.py:190} INFO - [2025-02-19T10:12:17.827+0000] {dagbag.py:588} INFO - Filling up the DagBag from /home/airflow/.local/lib/python3.12/site-packages/airflow/example_dags/example_python_decorator.py
[2025-02-19T10:12:17.858+0000] {processor.py:925} INFO - DAG(s) 'example_python_decorator' retrieved from /home/airflow/.local/lib/python3.12/site-packages/airflow/example_dags/example_python_decorator.py
[2025-02-19T10:12:17.897+0000] {logging_mixin.py:190} INFO - [2025-02-19T10:12:17.896+0000] {dag.py:3239} INFO - Sync 1 DAGs
[2025-02-19T10:12:17.922+0000] {logging_mixin.py:190} INFO - [2025-02-19T10:12:17.921+0000] {dag.py:4180} INFO - Setting next_dagrun for example_python_decorator to None, run_after=None
[2025-02-19T10:12:17.957+0000] {processor.py:208} INFO - Processing /home/airflow/.local/lib/python3.12/site-packages/airflow/example_dags/example_python_decorator.py took 0.144 seconds
[2025-02-19T10:12:49.134+0000] {processor.py:186} INFO - Started process (PID=239) to work on /home/airflow/.local/lib/python3.12/site-packages/airflow/example_dags/example_python_decorator.py
[2025-02-19T10:12:49.135+0000] {processor.py:914} INFO - Processing file /home/airflow/.local/lib/python3.12/site-packages/airflow/example_dags/example_python_decorator.py for tasks to queue
[2025-02-19T10:12:49.139+0000] {logging_mixin.py:190} INFO - [2025-02-19T10:12:49.138+0000] {dagbag.py:588} INFO - Filling up the DagBag from /home/airflow/.local/lib/python3.12/site-packages/airflow/example_dags/example_python_decorator.py
[2025-02-19T10:12:49.161+0000] {processor.py:925} INFO - DAG(s) 'example_python_decorator' retrieved from /home/airflow/.local/lib/python3.12/site-packages/airflow/example_dags/example_python_decorator.py
[2025-02-19T10:12:49.192+0000] {logging_mixin.py:190} INFO - [2025-02-19T10:12:49.192+0000] {dag.py:3239} INFO - Sync 1 DAGs
[2025-02-19T10:12:49.216+0000] {logging_mixin.py:190} INFO - [2025-02-19T10:12:49.216+0000] {dag.py:4180} INFO - Setting next_dagrun for example_python_decorator to None, run_after=None
[2025-02-19T10:12:49.245+0000] {processor.py:208} INFO - Processing /home/airflow/.local/lib/python3.12/site-packages/airflow/example_dags/example_python_decorator.py took 0.120 seconds
[2025-02-19T10:13:20.619+0000] {processor.py:186} INFO - Started process (PID=306) to work on /home/airflow/.local/lib/python3.12/site-packages/airflow/example_dags/example_python_decorator.py
[2025-02-19T10:13:20.620+0000] {processor.py:914} INFO - Processing file /home/airflow/.local/lib/python3.12/site-packages/airflow/example_dags/example_python_decorator.py for tasks to queue
[2025-02-19T10:13:20.622+0000] {logging_mixin.py:190} INFO - [2025-02-19T10:13:20.622+0000] {dagbag.py:588} INFO - Filling up the DagBag from /home/airflow/.local/lib/python3.12/site-packages/airflow/example_dags/example_python_decorator.py
[2025-02-19T10:13:20.644+0000] {processor.py:925} INFO - DAG(s) 'example_python_decorator' retrieved from /home/airflow/.local/lib/python3.12/site-packages/airflow/example_dags/example_python_decorator.py
[2025-02-19T10:13:20.673+0000] {logging_mixin.py:190} INFO - [2025-02-19T10:13:20.673+0000] {dag.py:3239} INFO - Sync 1 DAGs
[2025-02-19T10:13:20.693+0000] {logging_mixin.py:190} INFO - [2025-02-19T10:13:20.692+0000] {dag.py:4180} INFO - Setting next_dagrun for example_python_decorator to None, run_after=None
[2025-02-19T10:13:20.714+0000] {processor.py:208} INFO - Processing /home/airflow/.local/lib/python3.12/site-packages/airflow/example_dags/example_python_decorator.py took 0.102 seconds
[2025-02-19T10:13:56.765+0000] {processor.py:186} INFO - Started process (PID=373) to work on /home/airflow/.local/lib/python3.12/site-packages/airflow/example_dags/example_python_decorator.py
[2025-02-19T10:13:56.766+0000] {processor.py:914} INFO - Processing file /home/airflow/.local/lib/python3.12/site-packages/airflow/example_dags/example_python_decorator.py for tasks to queue
[2025-02-19T10:13:56.769+0000] {logging_mixin.py:190} INFO - [2025-02-19T10:13:56.768+0000] {dagbag.py:588} INFO - Filling up the DagBag from /home/airflow/.local/lib/python3.12/site-packages/airflow/example_dags/example_python_decorator.py
[2025-02-19T10:13:56.790+0000] {processor.py:925} INFO - DAG(s) 'example_python_decorator' retrieved from /home/airflow/.local/lib/python3.12/site-packages/airflow/example_dags/example_python_decorator.py
[2025-02-19T10:13:56.824+0000] {logging_mixin.py:190} INFO - [2025-02-19T10:13:56.823+0000] {dag.py:3239} INFO - Sync 1 DAGs
[2025-02-19T10:13:56.850+0000] {logging_mixin.py:190} INFO - [2025-02-19T10:13:56.850+0000] {dag.py:4180} INFO - Setting next_dagrun for example_python_decorator to None, run_after=None
[2025-02-19T10:13:56.889+0000] {processor.py:208} INFO - Processing /home/airflow/.local/lib/python3.12/site-packages/airflow/example_dags/example_python_decorator.py took 0.132 seconds
[2025-02-19T10:15:04.866+0000] {processor.py:186} INFO - Started process (PID=97) to work on /home/airflow/.local/lib/python3.12/site-packages/airflow/example_dags/example_python_decorator.py
[2025-02-19T10:15:04.867+0000] {processor.py:914} INFO - Processing file /home/airflow/.local/lib/python3.12/site-packages/airflow/example_dags/example_python_decorator.py for tasks to queue
[2025-02-19T10:15:04.870+0000] {logging_mixin.py:190} INFO - [2025-02-19T10:15:04.869+0000] {dagbag.py:588} INFO - Filling up the DagBag from /home/airflow/.local/lib/python3.12/site-packages/airflow/example_dags/example_python_decorator.py
[2025-02-19T10:15:04.884+0000] {processor.py:925} INFO - DAG(s) 'example_python_decorator' retrieved from /home/airflow/.local/lib/python3.12/site-packages/airflow/example_dags/example_python_decorator.py
[2025-02-19T10:15:05.024+0000] {logging_mixin.py:190} INFO - [2025-02-19T10:15:05.024+0000] {dag.py:3239} INFO - Sync 1 DAGs
[2025-02-19T10:15:05.035+0000] {logging_mixin.py:190} INFO - [2025-02-19T10:15:05.035+0000] {dag.py:4180} INFO - Setting next_dagrun for example_python_decorator to None, run_after=None
[2025-02-19T10:15:05.055+0000] {processor.py:208} INFO - Processing /home/airflow/.local/lib/python3.12/site-packages/airflow/example_dags/example_python_decorator.py took 0.195 seconds
[2025-02-19T10:15:35.725+0000] {processor.py:186} INFO - Started process (PID=164) to work on /home/airflow/.local/lib/python3.12/site-packages/airflow/example_dags/example_python_decorator.py
[2025-02-19T10:15:35.726+0000] {processor.py:914} INFO - Processing file /home/airflow/.local/lib/python3.12/site-packages/airflow/example_dags/example_python_decorator.py for tasks to queue
[2025-02-19T10:15:35.730+0000] {logging_mixin.py:190} INFO - [2025-02-19T10:15:35.729+0000] {dagbag.py:588} INFO - Filling up the DagBag from /home/airflow/.local/lib/python3.12/site-packages/airflow/example_dags/example_python_decorator.py
[2025-02-19T10:15:35.751+0000] {processor.py:925} INFO - DAG(s) 'example_python_decorator' retrieved from /home/airflow/.local/lib/python3.12/site-packages/airflow/example_dags/example_python_decorator.py
[2025-02-19T10:15:35.783+0000] {logging_mixin.py:190} INFO - [2025-02-19T10:15:35.783+0000] {dag.py:3239} INFO - Sync 1 DAGs
[2025-02-19T10:15:35.802+0000] {logging_mixin.py:190} INFO - [2025-02-19T10:15:35.801+0000] {dag.py:4180} INFO - Setting next_dagrun for example_python_decorator to None, run_after=None
[2025-02-19T10:15:35.825+0000] {processor.py:208} INFO - Processing /home/airflow/.local/lib/python3.12/site-packages/airflow/example_dags/example_python_decorator.py took 0.107 seconds
[2025-02-19T10:16:07.071+0000] {processor.py:186} INFO - Started process (PID=231) to work on /home/airflow/.local/lib/python3.12/site-packages/airflow/example_dags/example_python_decorator.py
[2025-02-19T10:16:07.072+0000] {processor.py:914} INFO - Processing file /home/airflow/.local/lib/python3.12/site-packages/airflow/example_dags/example_python_decorator.py for tasks to queue
[2025-02-19T10:16:07.075+0000] {logging_mixin.py:190} INFO - [2025-02-19T10:16:07.074+0000] {dagbag.py:588} INFO - Filling up the DagBag from /home/airflow/.local/lib/python3.12/site-packages/airflow/example_dags/example_python_decorator.py
[2025-02-19T10:16:07.088+0000] {processor.py:925} INFO - DAG(s) 'example_python_decorator' retrieved from /home/airflow/.local/lib/python3.12/site-packages/airflow/example_dags/example_python_decorator.py
[2025-02-19T10:16:07.111+0000] {logging_mixin.py:190} INFO - [2025-02-19T10:16:07.110+0000] {dag.py:3239} INFO - Sync 1 DAGs
[2025-02-19T10:16:07.126+0000] {logging_mixin.py:190} INFO - [2025-02-19T10:16:07.126+0000] {dag.py:4180} INFO - Setting next_dagrun for example_python_decorator to None, run_after=None
[2025-02-19T10:16:07.145+0000] {processor.py:208} INFO - Processing /home/airflow/.local/lib/python3.12/site-packages/airflow/example_dags/example_python_decorator.py took 0.080 seconds
[2025-02-19T10:16:37.855+0000] {processor.py:186} INFO - Started process (PID=298) to work on /home/airflow/.local/lib/python3.12/site-packages/airflow/example_dags/example_python_decorator.py
[2025-02-19T10:16:37.856+0000] {processor.py:914} INFO - Processing file /home/airflow/.local/lib/python3.12/site-packages/airflow/example_dags/example_python_decorator.py for tasks to queue
[2025-02-19T10:16:37.858+0000] {logging_mixin.py:190} INFO - [2025-02-19T10:16:37.858+0000] {dagbag.py:588} INFO - Filling up the DagBag from /home/airflow/.local/lib/python3.12/site-packages/airflow/example_dags/example_python_decorator.py
[2025-02-19T10:16:37.874+0000] {processor.py:925} INFO - DAG(s) 'example_python_decorator' retrieved from /home/airflow/.local/lib/python3.12/site-packages/airflow/example_dags/example_python_decorator.py
[2025-02-19T10:16:37.896+0000] {logging_mixin.py:190} INFO - [2025-02-19T10:16:37.896+0000] {dag.py:3239} INFO - Sync 1 DAGs
[2025-02-19T10:16:37.909+0000] {logging_mixin.py:190} INFO - [2025-02-19T10:16:37.909+0000] {dag.py:4180} INFO - Setting next_dagrun for example_python_decorator to None, run_after=None
[2025-02-19T10:16:37.929+0000] {processor.py:208} INFO - Processing /home/airflow/.local/lib/python3.12/site-packages/airflow/example_dags/example_python_decorator.py took 0.081 seconds
[2025-02-19T10:17:08.590+0000] {processor.py:186} INFO - Started process (PID=365) to work on /home/airflow/.local/lib/python3.12/site-packages/airflow/example_dags/example_python_decorator.py
[2025-02-19T10:17:08.592+0000] {processor.py:914} INFO - Processing file /home/airflow/.local/lib/python3.12/site-packages/airflow/example_dags/example_python_decorator.py for tasks to queue
[2025-02-19T10:17:08.594+0000] {logging_mixin.py:190} INFO - [2025-02-19T10:17:08.594+0000] {dagbag.py:588} INFO - Filling up the DagBag from /home/airflow/.local/lib/python3.12/site-packages/airflow/example_dags/example_python_decorator.py
[2025-02-19T10:17:08.613+0000] {processor.py:925} INFO - DAG(s) 'example_python_decorator' retrieved from /home/airflow/.local/lib/python3.12/site-packages/airflow/example_dags/example_python_decorator.py
[2025-02-19T10:17:08.642+0000] {logging_mixin.py:190} INFO - [2025-02-19T10:17:08.641+0000] {dag.py:3239} INFO - Sync 1 DAGs
[2025-02-19T10:17:08.660+0000] {logging_mixin.py:190} INFO - [2025-02-19T10:17:08.659+0000] {dag.py:4180} INFO - Setting next_dagrun for example_python_decorator to None, run_after=None
[2025-02-19T10:17:08.682+0000] {processor.py:208} INFO - Processing /home/airflow/.local/lib/python3.12/site-packages/airflow/example_dags/example_python_decorator.py took 0.098 seconds
[2025-02-19T10:17:39.408+0000] {processor.py:186} INFO - Started process (PID=432) to work on /home/airflow/.local/lib/python3.12/site-packages/airflow/example_dags/example_python_decorator.py
[2025-02-19T10:17:39.409+0000] {processor.py:914} INFO - Processing file /home/airflow/.local/lib/python3.12/site-packages/airflow/example_dags/example_python_decorator.py for tasks to queue
[2025-02-19T10:17:39.411+0000] {logging_mixin.py:190} INFO - [2025-02-19T10:17:39.410+0000] {dagbag.py:588} INFO - Filling up the DagBag from /home/airflow/.local/lib/python3.12/site-packages/airflow/example_dags/example_python_decorator.py
[2025-02-19T10:17:39.426+0000] {processor.py:925} INFO - DAG(s) 'example_python_decorator' retrieved from /home/airflow/.local/lib/python3.12/site-packages/airflow/example_dags/example_python_decorator.py
[2025-02-19T10:17:39.450+0000] {logging_mixin.py:190} INFO - [2025-02-19T10:17:39.449+0000] {dag.py:3239} INFO - Sync 1 DAGs
[2025-02-19T10:17:39.463+0000] {logging_mixin.py:190} INFO - [2025-02-19T10:17:39.463+0000] {dag.py:4180} INFO - Setting next_dagrun for example_python_decorator to None, run_after=None
[2025-02-19T10:17:39.481+0000] {processor.py:208} INFO - Processing /home/airflow/.local/lib/python3.12/site-packages/airflow/example_dags/example_python_decorator.py took 0.080 seconds
[2025-02-19T10:18:10.097+0000] {processor.py:186} INFO - Started process (PID=499) to work on /home/airflow/.local/lib/python3.12/site-packages/airflow/example_dags/example_python_decorator.py
[2025-02-19T10:18:10.098+0000] {processor.py:914} INFO - Processing file /home/airflow/.local/lib/python3.12/site-packages/airflow/example_dags/example_python_decorator.py for tasks to queue
[2025-02-19T10:18:10.100+0000] {logging_mixin.py:190} INFO - [2025-02-19T10:18:10.100+0000] {dagbag.py:588} INFO - Filling up the DagBag from /home/airflow/.local/lib/python3.12/site-packages/airflow/example_dags/example_python_decorator.py
[2025-02-19T10:18:10.113+0000] {processor.py:925} INFO - DAG(s) 'example_python_decorator' retrieved from /home/airflow/.local/lib/python3.12/site-packages/airflow/example_dags/example_python_decorator.py
[2025-02-19T10:18:10.137+0000] {logging_mixin.py:190} INFO - [2025-02-19T10:18:10.137+0000] {dag.py:3239} INFO - Sync 1 DAGs
[2025-02-19T10:18:10.151+0000] {logging_mixin.py:190} INFO - [2025-02-19T10:18:10.151+0000] {dag.py:4180} INFO - Setting next_dagrun for example_python_decorator to None, run_after=None
[2025-02-19T10:18:10.172+0000] {processor.py:208} INFO - Processing /home/airflow/.local/lib/python3.12/site-packages/airflow/example_dags/example_python_decorator.py took 0.080 seconds
[2025-02-19T10:18:41.529+0000] {processor.py:186} INFO - Started process (PID=566) to work on /home/airflow/.local/lib/python3.12/site-packages/airflow/example_dags/example_python_decorator.py
[2025-02-19T10:18:41.531+0000] {processor.py:914} INFO - Processing file /home/airflow/.local/lib/python3.12/site-packages/airflow/example_dags/example_python_decorator.py for tasks to queue
[2025-02-19T10:18:41.534+0000] {logging_mixin.py:190} INFO - [2025-02-19T10:18:41.533+0000] {dagbag.py:588} INFO - Filling up the DagBag from /home/airflow/.local/lib/python3.12/site-packages/airflow/example_dags/example_python_decorator.py
[2025-02-19T10:18:41.553+0000] {processor.py:925} INFO - DAG(s) 'example_python_decorator' retrieved from /home/airflow/.local/lib/python3.12/site-packages/airflow/example_dags/example_python_decorator.py
[2025-02-19T10:18:41.578+0000] {logging_mixin.py:190} INFO - [2025-02-19T10:18:41.578+0000] {dag.py:3239} INFO - Sync 1 DAGs
[2025-02-19T10:18:41.598+0000] {logging_mixin.py:190} INFO - [2025-02-19T10:18:41.598+0000] {dag.py:4180} INFO - Setting next_dagrun for example_python_decorator to None, run_after=None
[2025-02-19T10:18:41.622+0000] {processor.py:208} INFO - Processing /home/airflow/.local/lib/python3.12/site-packages/airflow/example_dags/example_python_decorator.py took 0.100 seconds
[2025-02-19T10:19:12.821+0000] {processor.py:186} INFO - Started process (PID=633) to work on /home/airflow/.local/lib/python3.12/site-packages/airflow/example_dags/example_python_decorator.py
[2025-02-19T10:19:12.822+0000] {processor.py:914} INFO - Processing file /home/airflow/.local/lib/python3.12/site-packages/airflow/example_dags/example_python_decorator.py for tasks to queue
[2025-02-19T10:19:12.825+0000] {logging_mixin.py:190} INFO - [2025-02-19T10:19:12.825+0000] {dagbag.py:588} INFO - Filling up the DagBag from /home/airflow/.local/lib/python3.12/site-packages/airflow/example_dags/example_python_decorator.py
[2025-02-19T10:19:12.851+0000] {processor.py:925} INFO - DAG(s) 'example_python_decorator' retrieved from /home/airflow/.local/lib/python3.12/site-packages/airflow/example_dags/example_python_decorator.py
[2025-02-19T10:19:12.897+0000] {logging_mixin.py:190} INFO - [2025-02-19T10:19:12.897+0000] {dag.py:3239} INFO - Sync 1 DAGs
[2025-02-19T10:19:12.915+0000] {logging_mixin.py:190} INFO - [2025-02-19T10:19:12.915+0000] {dag.py:4180} INFO - Setting next_dagrun for example_python_decorator to None, run_after=None
[2025-02-19T10:19:12.940+0000] {processor.py:208} INFO - Processing /home/airflow/.local/lib/python3.12/site-packages/airflow/example_dags/example_python_decorator.py took 0.130 seconds
[2025-02-19T10:19:43.629+0000] {processor.py:186} INFO - Started process (PID=700) to work on /home/airflow/.local/lib/python3.12/site-packages/airflow/example_dags/example_python_decorator.py
[2025-02-19T10:19:43.630+0000] {processor.py:914} INFO - Processing file /home/airflow/.local/lib/python3.12/site-packages/airflow/example_dags/example_python_decorator.py for tasks to queue
[2025-02-19T10:19:43.635+0000] {logging_mixin.py:190} INFO - [2025-02-19T10:19:43.634+0000] {dagbag.py:588} INFO - Filling up the DagBag from /home/airflow/.local/lib/python3.12/site-packages/airflow/example_dags/example_python_decorator.py
[2025-02-19T10:19:43.659+0000] {processor.py:925} INFO - DAG(s) 'example_python_decorator' retrieved from /home/airflow/.local/lib/python3.12/site-packages/airflow/example_dags/example_python_decorator.py
[2025-02-19T10:19:43.694+0000] {logging_mixin.py:190} INFO - [2025-02-19T10:19:43.693+0000] {dag.py:3239} INFO - Sync 1 DAGs
[2025-02-19T10:19:43.713+0000] {logging_mixin.py:190} INFO - [2025-02-19T10:19:43.713+0000] {dag.py:4180} INFO - Setting next_dagrun for example_python_decorator to None, run_after=None
[2025-02-19T10:19:43.735+0000] {processor.py:208} INFO - Processing /home/airflow/.local/lib/python3.12/site-packages/airflow/example_dags/example_python_decorator.py took 0.116 seconds
[2025-02-19T10:20:14.971+0000] {processor.py:186} INFO - Started process (PID=767) to work on /home/airflow/.local/lib/python3.12/site-packages/airflow/example_dags/example_python_decorator.py
[2025-02-19T10:20:14.972+0000] {processor.py:914} INFO - Processing file /home/airflow/.local/lib/python3.12/site-packages/airflow/example_dags/example_python_decorator.py for tasks to queue
[2025-02-19T10:20:14.974+0000] {logging_mixin.py:190} INFO - [2025-02-19T10:20:14.974+0000] {dagbag.py:588} INFO - Filling up the DagBag from /home/airflow/.local/lib/python3.12/site-packages/airflow/example_dags/example_python_decorator.py
[2025-02-19T10:20:14.990+0000] {processor.py:925} INFO - DAG(s) 'example_python_decorator' retrieved from /home/airflow/.local/lib/python3.12/site-packages/airflow/example_dags/example_python_decorator.py
[2025-02-19T10:20:15.011+0000] {logging_mixin.py:190} INFO - [2025-02-19T10:20:15.011+0000] {dag.py:3239} INFO - Sync 1 DAGs
[2025-02-19T10:20:15.029+0000] {logging_mixin.py:190} INFO - [2025-02-19T10:20:15.028+0000] {dag.py:4180} INFO - Setting next_dagrun for example_python_decorator to None, run_after=None
[2025-02-19T10:20:15.061+0000] {processor.py:208} INFO - Processing /home/airflow/.local/lib/python3.12/site-packages/airflow/example_dags/example_python_decorator.py took 0.097 seconds
[2025-02-19T10:20:45.683+0000] {processor.py:186} INFO - Started process (PID=834) to work on /home/airflow/.local/lib/python3.12/site-packages/airflow/example_dags/example_python_decorator.py
[2025-02-19T10:20:45.684+0000] {processor.py:914} INFO - Processing file /home/airflow/.local/lib/python3.12/site-packages/airflow/example_dags/example_python_decorator.py for tasks to queue
[2025-02-19T10:20:45.686+0000] {logging_mixin.py:190} INFO - [2025-02-19T10:20:45.685+0000] {dagbag.py:588} INFO - Filling up the DagBag from /home/airflow/.local/lib/python3.12/site-packages/airflow/example_dags/example_python_decorator.py
[2025-02-19T10:20:45.701+0000] {processor.py:925} INFO - DAG(s) 'example_python_decorator' retrieved from /home/airflow/.local/lib/python3.12/site-packages/airflow/example_dags/example_python_decorator.py
[2025-02-19T10:20:45.723+0000] {logging_mixin.py:190} INFO - [2025-02-19T10:20:45.723+0000] {dag.py:3239} INFO - Sync 1 DAGs
[2025-02-19T10:20:45.736+0000] {logging_mixin.py:190} INFO - [2025-02-19T10:20:45.736+0000] {dag.py:4180} INFO - Setting next_dagrun for example_python_decorator to None, run_after=None
[2025-02-19T10:20:45.752+0000] {processor.py:208} INFO - Processing /home/airflow/.local/lib/python3.12/site-packages/airflow/example_dags/example_python_decorator.py took 0.075 seconds
[2025-02-19T10:21:16.916+0000] {processor.py:186} INFO - Started process (PID=900) to work on /home/airflow/.local/lib/python3.12/site-packages/airflow/example_dags/example_python_decorator.py
[2025-02-19T10:21:16.917+0000] {processor.py:914} INFO - Processing file /home/airflow/.local/lib/python3.12/site-packages/airflow/example_dags/example_python_decorator.py for tasks to queue
[2025-02-19T10:21:16.919+0000] {logging_mixin.py:190} INFO - [2025-02-19T10:21:16.919+0000] {dagbag.py:588} INFO - Filling up the DagBag from /home/airflow/.local/lib/python3.12/site-packages/airflow/example_dags/example_python_decorator.py
[2025-02-19T10:21:16.936+0000] {processor.py:925} INFO - DAG(s) 'example_python_decorator' retrieved from /home/airflow/.local/lib/python3.12/site-packages/airflow/example_dags/example_python_decorator.py
[2025-02-19T10:21:16.957+0000] {logging_mixin.py:190} INFO - [2025-02-19T10:21:16.957+0000] {dag.py:3239} INFO - Sync 1 DAGs
[2025-02-19T10:21:16.971+0000] {logging_mixin.py:190} INFO - [2025-02-19T10:21:16.970+0000] {dag.py:4180} INFO - Setting next_dagrun for example_python_decorator to None, run_after=None
[2025-02-19T10:21:16.989+0000] {processor.py:208} INFO - Processing /home/airflow/.local/lib/python3.12/site-packages/airflow/example_dags/example_python_decorator.py took 0.077 seconds
[2025-02-19T10:21:48.043+0000] {processor.py:186} INFO - Started process (PID=967) to work on /home/airflow/.local/lib/python3.12/site-packages/airflow/example_dags/example_python_decorator.py
[2025-02-19T10:21:48.044+0000] {processor.py:914} INFO - Processing file /home/airflow/.local/lib/python3.12/site-packages/airflow/example_dags/example_python_decorator.py for tasks to queue
[2025-02-19T10:21:48.047+0000] {logging_mixin.py:190} INFO - [2025-02-19T10:21:48.047+0000] {dagbag.py:588} INFO - Filling up the DagBag from /home/airflow/.local/lib/python3.12/site-packages/airflow/example_dags/example_python_decorator.py
[2025-02-19T10:21:48.073+0000] {processor.py:925} INFO - DAG(s) 'example_python_decorator' retrieved from /home/airflow/.local/lib/python3.12/site-packages/airflow/example_dags/example_python_decorator.py
[2025-02-19T10:21:48.102+0000] {logging_mixin.py:190} INFO - [2025-02-19T10:21:48.101+0000] {dag.py:3239} INFO - Sync 1 DAGs
[2025-02-19T10:21:48.122+0000] {logging_mixin.py:190} INFO - [2025-02-19T10:21:48.122+0000] {dag.py:4180} INFO - Setting next_dagrun for example_python_decorator to None, run_after=None
[2025-02-19T10:21:48.147+0000] {processor.py:208} INFO - Processing /home/airflow/.local/lib/python3.12/site-packages/airflow/example_dags/example_python_decorator.py took 0.113 seconds
[2025-02-19T10:22:19.195+0000] {processor.py:186} INFO - Started process (PID=1034) to work on /home/airflow/.local/lib/python3.12/site-packages/airflow/example_dags/example_python_decorator.py
[2025-02-19T10:22:19.197+0000] {processor.py:914} INFO - Processing file /home/airflow/.local/lib/python3.12/site-packages/airflow/example_dags/example_python_decorator.py for tasks to queue
[2025-02-19T10:22:19.200+0000] {logging_mixin.py:190} INFO - [2025-02-19T10:22:19.200+0000] {dagbag.py:588} INFO - Filling up the DagBag from /home/airflow/.local/lib/python3.12/site-packages/airflow/example_dags/example_python_decorator.py
[2025-02-19T10:22:19.223+0000] {processor.py:925} INFO - DAG(s) 'example_python_decorator' retrieved from /home/airflow/.local/lib/python3.12/site-packages/airflow/example_dags/example_python_decorator.py
[2025-02-19T10:22:19.262+0000] {logging_mixin.py:190} INFO - [2025-02-19T10:22:19.261+0000] {dag.py:3239} INFO - Sync 1 DAGs
[2025-02-19T10:22:19.284+0000] {logging_mixin.py:190} INFO - [2025-02-19T10:22:19.284+0000] {dag.py:4180} INFO - Setting next_dagrun for example_python_decorator to None, run_after=None
[2025-02-19T10:22:19.318+0000] {processor.py:208} INFO - Processing /home/airflow/.local/lib/python3.12/site-packages/airflow/example_dags/example_python_decorator.py took 0.134 seconds
[2025-02-19T10:22:50.507+0000] {processor.py:186} INFO - Started process (PID=1100) to work on /home/airflow/.local/lib/python3.12/site-packages/airflow/example_dags/example_python_decorator.py
[2025-02-19T10:22:50.509+0000] {processor.py:914} INFO - Processing file /home/airflow/.local/lib/python3.12/site-packages/airflow/example_dags/example_python_decorator.py for tasks to queue
[2025-02-19T10:22:50.512+0000] {logging_mixin.py:190} INFO - [2025-02-19T10:22:50.511+0000] {dagbag.py:588} INFO - Filling up the DagBag from /home/airflow/.local/lib/python3.12/site-packages/airflow/example_dags/example_python_decorator.py
[2025-02-19T10:22:50.539+0000] {processor.py:925} INFO - DAG(s) 'example_python_decorator' retrieved from /home/airflow/.local/lib/python3.12/site-packages/airflow/example_dags/example_python_decorator.py
[2025-02-19T10:22:50.572+0000] {logging_mixin.py:190} INFO - [2025-02-19T10:22:50.572+0000] {dag.py:3239} INFO - Sync 1 DAGs
[2025-02-19T10:22:50.592+0000] {logging_mixin.py:190} INFO - [2025-02-19T10:22:50.592+0000] {dag.py:4180} INFO - Setting next_dagrun for example_python_decorator to None, run_after=None
[2025-02-19T10:22:50.623+0000] {processor.py:208} INFO - Processing /home/airflow/.local/lib/python3.12/site-packages/airflow/example_dags/example_python_decorator.py took 0.123 seconds
[2025-02-19T10:23:21.440+0000] {processor.py:186} INFO - Started process (PID=1167) to work on /home/airflow/.local/lib/python3.12/site-packages/airflow/example_dags/example_python_decorator.py
[2025-02-19T10:23:21.441+0000] {processor.py:914} INFO - Processing file /home/airflow/.local/lib/python3.12/site-packages/airflow/example_dags/example_python_decorator.py for tasks to queue
[2025-02-19T10:23:21.443+0000] {logging_mixin.py:190} INFO - [2025-02-19T10:23:21.442+0000] {dagbag.py:588} INFO - Filling up the DagBag from /home/airflow/.local/lib/python3.12/site-packages/airflow/example_dags/example_python_decorator.py
[2025-02-19T10:23:21.456+0000] {processor.py:925} INFO - DAG(s) 'example_python_decorator' retrieved from /home/airflow/.local/lib/python3.12/site-packages/airflow/example_dags/example_python_decorator.py
[2025-02-19T10:23:21.476+0000] {logging_mixin.py:190} INFO - [2025-02-19T10:23:21.476+0000] {dag.py:3239} INFO - Sync 1 DAGs
[2025-02-19T10:23:21.488+0000] {logging_mixin.py:190} INFO - [2025-02-19T10:23:21.488+0000] {dag.py:4180} INFO - Setting next_dagrun for example_python_decorator to None, run_after=None
[2025-02-19T10:23:21.507+0000] {processor.py:208} INFO - Processing /home/airflow/.local/lib/python3.12/site-packages/airflow/example_dags/example_python_decorator.py took 0.072 seconds
[2025-02-19T10:23:52.793+0000] {processor.py:186} INFO - Started process (PID=1234) to work on /home/airflow/.local/lib/python3.12/site-packages/airflow/example_dags/example_python_decorator.py
[2025-02-19T10:23:52.794+0000] {processor.py:914} INFO - Processing file /home/airflow/.local/lib/python3.12/site-packages/airflow/example_dags/example_python_decorator.py for tasks to queue
[2025-02-19T10:23:52.797+0000] {logging_mixin.py:190} INFO - [2025-02-19T10:23:52.796+0000] {dagbag.py:588} INFO - Filling up the DagBag from /home/airflow/.local/lib/python3.12/site-packages/airflow/example_dags/example_python_decorator.py
[2025-02-19T10:23:52.810+0000] {processor.py:925} INFO - DAG(s) 'example_python_decorator' retrieved from /home/airflow/.local/lib/python3.12/site-packages/airflow/example_dags/example_python_decorator.py
[2025-02-19T10:23:52.832+0000] {logging_mixin.py:190} INFO - [2025-02-19T10:23:52.832+0000] {dag.py:3239} INFO - Sync 1 DAGs
[2025-02-19T10:23:52.848+0000] {logging_mixin.py:190} INFO - [2025-02-19T10:23:52.848+0000] {dag.py:4180} INFO - Setting next_dagrun for example_python_decorator to None, run_after=None
[2025-02-19T10:23:52.865+0000] {processor.py:208} INFO - Processing /home/airflow/.local/lib/python3.12/site-packages/airflow/example_dags/example_python_decorator.py took 0.078 seconds
[2025-02-19T10:24:23.937+0000] {processor.py:186} INFO - Started process (PID=1301) to work on /home/airflow/.local/lib/python3.12/site-packages/airflow/example_dags/example_python_decorator.py
[2025-02-19T10:24:23.938+0000] {processor.py:914} INFO - Processing file /home/airflow/.local/lib/python3.12/site-packages/airflow/example_dags/example_python_decorator.py for tasks to queue
[2025-02-19T10:24:23.940+0000] {logging_mixin.py:190} INFO - [2025-02-19T10:24:23.940+0000] {dagbag.py:588} INFO - Filling up the DagBag from /home/airflow/.local/lib/python3.12/site-packages/airflow/example_dags/example_python_decorator.py
[2025-02-19T10:24:23.953+0000] {processor.py:925} INFO - DAG(s) 'example_python_decorator' retrieved from /home/airflow/.local/lib/python3.12/site-packages/airflow/example_dags/example_python_decorator.py
[2025-02-19T10:24:23.978+0000] {logging_mixin.py:190} INFO - [2025-02-19T10:24:23.978+0000] {dag.py:3239} INFO - Sync 1 DAGs
[2025-02-19T10:24:23.991+0000] {logging_mixin.py:190} INFO - [2025-02-19T10:24:23.990+0000] {dag.py:4180} INFO - Setting next_dagrun for example_python_decorator to None, run_after=None
[2025-02-19T10:24:24.007+0000] {processor.py:208} INFO - Processing /home/airflow/.local/lib/python3.12/site-packages/airflow/example_dags/example_python_decorator.py took 0.075 seconds
[2025-02-19T10:24:54.560+0000] {processor.py:186} INFO - Started process (PID=1368) to work on /home/airflow/.local/lib/python3.12/site-packages/airflow/example_dags/example_python_decorator.py
[2025-02-19T10:24:54.561+0000] {processor.py:914} INFO - Processing file /home/airflow/.local/lib/python3.12/site-packages/airflow/example_dags/example_python_decorator.py for tasks to queue
[2025-02-19T10:24:54.563+0000] {logging_mixin.py:190} INFO - [2025-02-19T10:24:54.563+0000] {dagbag.py:588} INFO - Filling up the DagBag from /home/airflow/.local/lib/python3.12/site-packages/airflow/example_dags/example_python_decorator.py
[2025-02-19T10:24:54.577+0000] {processor.py:925} INFO - DAG(s) 'example_python_decorator' retrieved from /home/airflow/.local/lib/python3.12/site-packages/airflow/example_dags/example_python_decorator.py
[2025-02-19T10:24:54.598+0000] {logging_mixin.py:190} INFO - [2025-02-19T10:24:54.597+0000] {dag.py:3239} INFO - Sync 1 DAGs
[2025-02-19T10:24:54.611+0000] {logging_mixin.py:190} INFO - [2025-02-19T10:24:54.610+0000] {dag.py:4180} INFO - Setting next_dagrun for example_python_decorator to None, run_after=None
[2025-02-19T10:24:54.627+0000] {processor.py:208} INFO - Processing /home/airflow/.local/lib/python3.12/site-packages/airflow/example_dags/example_python_decorator.py took 0.072 seconds
[2025-02-19T10:25:26.061+0000] {processor.py:186} INFO - Started process (PID=1434) to work on /home/airflow/.local/lib/python3.12/site-packages/airflow/example_dags/example_python_decorator.py
[2025-02-19T10:25:26.063+0000] {processor.py:914} INFO - Processing file /home/airflow/.local/lib/python3.12/site-packages/airflow/example_dags/example_python_decorator.py for tasks to queue
[2025-02-19T10:25:26.067+0000] {logging_mixin.py:190} INFO - [2025-02-19T10:25:26.066+0000] {dagbag.py:588} INFO - Filling up the DagBag from /home/airflow/.local/lib/python3.12/site-packages/airflow/example_dags/example_python_decorator.py
[2025-02-19T10:25:26.083+0000] {processor.py:925} INFO - DAG(s) 'example_python_decorator' retrieved from /home/airflow/.local/lib/python3.12/site-packages/airflow/example_dags/example_python_decorator.py
[2025-02-19T10:25:26.111+0000] {logging_mixin.py:190} INFO - [2025-02-19T10:25:26.110+0000] {dag.py:3239} INFO - Sync 1 DAGs
[2025-02-19T10:25:26.130+0000] {logging_mixin.py:190} INFO - [2025-02-19T10:25:26.129+0000] {dag.py:4180} INFO - Setting next_dagrun for example_python_decorator to None, run_after=None
[2025-02-19T10:25:26.154+0000] {processor.py:208} INFO - Processing /home/airflow/.local/lib/python3.12/site-packages/airflow/example_dags/example_python_decorator.py took 0.099 seconds
[2025-02-19T10:25:56.920+0000] {processor.py:186} INFO - Started process (PID=1501) to work on /home/airflow/.local/lib/python3.12/site-packages/airflow/example_dags/example_python_decorator.py
[2025-02-19T10:25:56.921+0000] {processor.py:914} INFO - Processing file /home/airflow/.local/lib/python3.12/site-packages/airflow/example_dags/example_python_decorator.py for tasks to queue
[2025-02-19T10:25:56.923+0000] {logging_mixin.py:190} INFO - [2025-02-19T10:25:56.923+0000] {dagbag.py:588} INFO - Filling up the DagBag from /home/airflow/.local/lib/python3.12/site-packages/airflow/example_dags/example_python_decorator.py
[2025-02-19T10:25:56.941+0000] {processor.py:925} INFO - DAG(s) 'example_python_decorator' retrieved from /home/airflow/.local/lib/python3.12/site-packages/airflow/example_dags/example_python_decorator.py
[2025-02-19T10:25:56.966+0000] {logging_mixin.py:190} INFO - [2025-02-19T10:25:56.965+0000] {dag.py:3239} INFO - Sync 1 DAGs
[2025-02-19T10:25:56.982+0000] {logging_mixin.py:190} INFO - [2025-02-19T10:25:56.982+0000] {dag.py:4180} INFO - Setting next_dagrun for example_python_decorator to None, run_after=None
[2025-02-19T10:25:57.000+0000] {processor.py:208} INFO - Processing /home/airflow/.local/lib/python3.12/site-packages/airflow/example_dags/example_python_decorator.py took 0.086 seconds
[2025-02-19T10:26:28.493+0000] {processor.py:186} INFO - Started process (PID=1568) to work on /home/airflow/.local/lib/python3.12/site-packages/airflow/example_dags/example_python_decorator.py
[2025-02-19T10:26:28.494+0000] {processor.py:914} INFO - Processing file /home/airflow/.local/lib/python3.12/site-packages/airflow/example_dags/example_python_decorator.py for tasks to queue
[2025-02-19T10:26:28.496+0000] {logging_mixin.py:190} INFO - [2025-02-19T10:26:28.495+0000] {dagbag.py:588} INFO - Filling up the DagBag from /home/airflow/.local/lib/python3.12/site-packages/airflow/example_dags/example_python_decorator.py
[2025-02-19T10:26:28.512+0000] {processor.py:925} INFO - DAG(s) 'example_python_decorator' retrieved from /home/airflow/.local/lib/python3.12/site-packages/airflow/example_dags/example_python_decorator.py
[2025-02-19T10:26:28.535+0000] {logging_mixin.py:190} INFO - [2025-02-19T10:26:28.535+0000] {dag.py:3239} INFO - Sync 1 DAGs
[2025-02-19T10:26:28.550+0000] {logging_mixin.py:190} INFO - [2025-02-19T10:26:28.550+0000] {dag.py:4180} INFO - Setting next_dagrun for example_python_decorator to None, run_after=None
[2025-02-19T10:26:28.567+0000] {processor.py:208} INFO - Processing /home/airflow/.local/lib/python3.12/site-packages/airflow/example_dags/example_python_decorator.py took 0.081 seconds
[2025-02-19T10:26:59.995+0000] {processor.py:186} INFO - Started process (PID=1635) to work on /home/airflow/.local/lib/python3.12/site-packages/airflow/example_dags/example_python_decorator.py
[2025-02-19T10:26:59.996+0000] {processor.py:914} INFO - Processing file /home/airflow/.local/lib/python3.12/site-packages/airflow/example_dags/example_python_decorator.py for tasks to queue
[2025-02-19T10:26:59.999+0000] {logging_mixin.py:190} INFO - [2025-02-19T10:26:59.998+0000] {dagbag.py:588} INFO - Filling up the DagBag from /home/airflow/.local/lib/python3.12/site-packages/airflow/example_dags/example_python_decorator.py
[2025-02-19T10:27:00.016+0000] {processor.py:925} INFO - DAG(s) 'example_python_decorator' retrieved from /home/airflow/.local/lib/python3.12/site-packages/airflow/example_dags/example_python_decorator.py
[2025-02-19T10:27:00.042+0000] {logging_mixin.py:190} INFO - [2025-02-19T10:27:00.042+0000] {dag.py:3239} INFO - Sync 1 DAGs
[2025-02-19T10:27:00.059+0000] {logging_mixin.py:190} INFO - [2025-02-19T10:27:00.059+0000] {dag.py:4180} INFO - Setting next_dagrun for example_python_decorator to None, run_after=None
[2025-02-19T10:27:00.083+0000] {processor.py:208} INFO - Processing /home/airflow/.local/lib/python3.12/site-packages/airflow/example_dags/example_python_decorator.py took 0.094 seconds
[2025-02-19T10:27:31.399+0000] {processor.py:186} INFO - Started process (PID=1702) to work on /home/airflow/.local/lib/python3.12/site-packages/airflow/example_dags/example_python_decorator.py
[2025-02-19T10:27:31.400+0000] {processor.py:914} INFO - Processing file /home/airflow/.local/lib/python3.12/site-packages/airflow/example_dags/example_python_decorator.py for tasks to queue
[2025-02-19T10:27:31.402+0000] {logging_mixin.py:190} INFO - [2025-02-19T10:27:31.401+0000] {dagbag.py:588} INFO - Filling up the DagBag from /home/airflow/.local/lib/python3.12/site-packages/airflow/example_dags/example_python_decorator.py
[2025-02-19T10:27:31.414+0000] {processor.py:925} INFO - DAG(s) 'example_python_decorator' retrieved from /home/airflow/.local/lib/python3.12/site-packages/airflow/example_dags/example_python_decorator.py
[2025-02-19T10:27:31.439+0000] {logging_mixin.py:190} INFO - [2025-02-19T10:27:31.438+0000] {dag.py:3239} INFO - Sync 1 DAGs
[2025-02-19T10:27:31.453+0000] {logging_mixin.py:190} INFO - [2025-02-19T10:27:31.453+0000] {dag.py:4180} INFO - Setting next_dagrun for example_python_decorator to None, run_after=None
[2025-02-19T10:27:31.474+0000] {processor.py:208} INFO - Processing /home/airflow/.local/lib/python3.12/site-packages/airflow/example_dags/example_python_decorator.py took 0.080 seconds
[2025-02-19T10:28:02.693+0000] {processor.py:186} INFO - Started process (PID=1769) to work on /home/airflow/.local/lib/python3.12/site-packages/airflow/example_dags/example_python_decorator.py
[2025-02-19T10:28:02.694+0000] {processor.py:914} INFO - Processing file /home/airflow/.local/lib/python3.12/site-packages/airflow/example_dags/example_python_decorator.py for tasks to queue
[2025-02-19T10:28:02.696+0000] {logging_mixin.py:190} INFO - [2025-02-19T10:28:02.696+0000] {dagbag.py:588} INFO - Filling up the DagBag from /home/airflow/.local/lib/python3.12/site-packages/airflow/example_dags/example_python_decorator.py
[2025-02-19T10:28:02.713+0000] {processor.py:925} INFO - DAG(s) 'example_python_decorator' retrieved from /home/airflow/.local/lib/python3.12/site-packages/airflow/example_dags/example_python_decorator.py
[2025-02-19T10:28:02.738+0000] {logging_mixin.py:190} INFO - [2025-02-19T10:28:02.737+0000] {dag.py:3239} INFO - Sync 1 DAGs
[2025-02-19T10:28:02.763+0000] {logging_mixin.py:190} INFO - [2025-02-19T10:28:02.763+0000] {dag.py:4180} INFO - Setting next_dagrun for example_python_decorator to None, run_after=None
[2025-02-19T10:28:02.789+0000] {processor.py:208} INFO - Processing /home/airflow/.local/lib/python3.12/site-packages/airflow/example_dags/example_python_decorator.py took 0.102 seconds
[2025-02-19T10:28:33.930+0000] {processor.py:186} INFO - Started process (PID=1836) to work on /home/airflow/.local/lib/python3.12/site-packages/airflow/example_dags/example_python_decorator.py
[2025-02-19T10:28:33.931+0000] {processor.py:914} INFO - Processing file /home/airflow/.local/lib/python3.12/site-packages/airflow/example_dags/example_python_decorator.py for tasks to queue
[2025-02-19T10:28:33.933+0000] {logging_mixin.py:190} INFO - [2025-02-19T10:28:33.933+0000] {dagbag.py:588} INFO - Filling up the DagBag from /home/airflow/.local/lib/python3.12/site-packages/airflow/example_dags/example_python_decorator.py
[2025-02-19T10:28:33.950+0000] {processor.py:925} INFO - DAG(s) 'example_python_decorator' retrieved from /home/airflow/.local/lib/python3.12/site-packages/airflow/example_dags/example_python_decorator.py
[2025-02-19T10:28:33.971+0000] {logging_mixin.py:190} INFO - [2025-02-19T10:28:33.970+0000] {dag.py:3239} INFO - Sync 1 DAGs
[2025-02-19T10:28:33.987+0000] {logging_mixin.py:190} INFO - [2025-02-19T10:28:33.986+0000] {dag.py:4180} INFO - Setting next_dagrun for example_python_decorator to None, run_after=None
[2025-02-19T10:28:34.007+0000] {processor.py:208} INFO - Processing /home/airflow/.local/lib/python3.12/site-packages/airflow/example_dags/example_python_decorator.py took 0.083 seconds
[2025-02-19T10:29:05.335+0000] {processor.py:186} INFO - Started process (PID=1903) to work on /home/airflow/.local/lib/python3.12/site-packages/airflow/example_dags/example_python_decorator.py
[2025-02-19T10:29:05.336+0000] {processor.py:914} INFO - Processing file /home/airflow/.local/lib/python3.12/site-packages/airflow/example_dags/example_python_decorator.py for tasks to queue
[2025-02-19T10:29:05.338+0000] {logging_mixin.py:190} INFO - [2025-02-19T10:29:05.338+0000] {dagbag.py:588} INFO - Filling up the DagBag from /home/airflow/.local/lib/python3.12/site-packages/airflow/example_dags/example_python_decorator.py
[2025-02-19T10:29:05.354+0000] {processor.py:925} INFO - DAG(s) 'example_python_decorator' retrieved from /home/airflow/.local/lib/python3.12/site-packages/airflow/example_dags/example_python_decorator.py
[2025-02-19T10:29:05.377+0000] {logging_mixin.py:190} INFO - [2025-02-19T10:29:05.377+0000] {dag.py:3239} INFO - Sync 1 DAGs
[2025-02-19T10:29:05.392+0000] {logging_mixin.py:190} INFO - [2025-02-19T10:29:05.391+0000] {dag.py:4180} INFO - Setting next_dagrun for example_python_decorator to None, run_after=None
[2025-02-19T10:29:05.410+0000] {processor.py:208} INFO - Processing /home/airflow/.local/lib/python3.12/site-packages/airflow/example_dags/example_python_decorator.py took 0.081 seconds
[2025-02-19T10:29:36.613+0000] {processor.py:186} INFO - Started process (PID=1975) to work on /home/airflow/.local/lib/python3.12/site-packages/airflow/example_dags/example_python_decorator.py
[2025-02-19T10:29:36.614+0000] {processor.py:914} INFO - Processing file /home/airflow/.local/lib/python3.12/site-packages/airflow/example_dags/example_python_decorator.py for tasks to queue
[2025-02-19T10:29:36.616+0000] {logging_mixin.py:190} INFO - [2025-02-19T10:29:36.616+0000] {dagbag.py:588} INFO - Filling up the DagBag from /home/airflow/.local/lib/python3.12/site-packages/airflow/example_dags/example_python_decorator.py
[2025-02-19T10:29:36.632+0000] {processor.py:925} INFO - DAG(s) 'example_python_decorator' retrieved from /home/airflow/.local/lib/python3.12/site-packages/airflow/example_dags/example_python_decorator.py
[2025-02-19T10:29:36.655+0000] {logging_mixin.py:190} INFO - [2025-02-19T10:29:36.655+0000] {dag.py:3239} INFO - Sync 1 DAGs
[2025-02-19T10:29:36.670+0000] {logging_mixin.py:190} INFO - [2025-02-19T10:29:36.670+0000] {dag.py:4180} INFO - Setting next_dagrun for example_python_decorator to None, run_after=None
[2025-02-19T10:29:36.689+0000] {processor.py:208} INFO - Processing /home/airflow/.local/lib/python3.12/site-packages/airflow/example_dags/example_python_decorator.py took 0.082 seconds
[2025-02-19T10:30:08.118+0000] {processor.py:186} INFO - Started process (PID=2042) to work on /home/airflow/.local/lib/python3.12/site-packages/airflow/example_dags/example_python_decorator.py
[2025-02-19T10:30:08.119+0000] {processor.py:914} INFO - Processing file /home/airflow/.local/lib/python3.12/site-packages/airflow/example_dags/example_python_decorator.py for tasks to queue
[2025-02-19T10:30:08.122+0000] {logging_mixin.py:190} INFO - [2025-02-19T10:30:08.122+0000] {dagbag.py:588} INFO - Filling up the DagBag from /home/airflow/.local/lib/python3.12/site-packages/airflow/example_dags/example_python_decorator.py
[2025-02-19T10:30:08.151+0000] {processor.py:925} INFO - DAG(s) 'example_python_decorator' retrieved from /home/airflow/.local/lib/python3.12/site-packages/airflow/example_dags/example_python_decorator.py
[2025-02-19T10:30:08.194+0000] {logging_mixin.py:190} INFO - [2025-02-19T10:30:08.193+0000] {dag.py:3239} INFO - Sync 1 DAGs
[2025-02-19T10:30:08.212+0000] {logging_mixin.py:190} INFO - [2025-02-19T10:30:08.211+0000] {dag.py:4180} INFO - Setting next_dagrun for example_python_decorator to None, run_after=None
[2025-02-19T10:30:08.238+0000] {processor.py:208} INFO - Processing /home/airflow/.local/lib/python3.12/site-packages/airflow/example_dags/example_python_decorator.py took 0.130 seconds
[2025-02-19T10:30:39.238+0000] {processor.py:186} INFO - Started process (PID=2108) to work on /home/airflow/.local/lib/python3.12/site-packages/airflow/example_dags/example_python_decorator.py
[2025-02-19T10:30:39.239+0000] {processor.py:914} INFO - Processing file /home/airflow/.local/lib/python3.12/site-packages/airflow/example_dags/example_python_decorator.py for tasks to queue
[2025-02-19T10:30:39.242+0000] {logging_mixin.py:190} INFO - [2025-02-19T10:30:39.241+0000] {dagbag.py:588} INFO - Filling up the DagBag from /home/airflow/.local/lib/python3.12/site-packages/airflow/example_dags/example_python_decorator.py
[2025-02-19T10:30:39.261+0000] {processor.py:925} INFO - DAG(s) 'example_python_decorator' retrieved from /home/airflow/.local/lib/python3.12/site-packages/airflow/example_dags/example_python_decorator.py
[2025-02-19T10:30:39.287+0000] {logging_mixin.py:190} INFO - [2025-02-19T10:30:39.286+0000] {dag.py:3239} INFO - Sync 1 DAGs
[2025-02-19T10:30:39.304+0000] {logging_mixin.py:190} INFO - [2025-02-19T10:30:39.303+0000] {dag.py:4180} INFO - Setting next_dagrun for example_python_decorator to None, run_after=None
[2025-02-19T10:30:39.325+0000] {processor.py:208} INFO - Processing /home/airflow/.local/lib/python3.12/site-packages/airflow/example_dags/example_python_decorator.py took 0.096 seconds
[2025-02-19T10:31:10.389+0000] {processor.py:186} INFO - Started process (PID=2175) to work on /home/airflow/.local/lib/python3.12/site-packages/airflow/example_dags/example_python_decorator.py
[2025-02-19T10:31:10.391+0000] {processor.py:914} INFO - Processing file /home/airflow/.local/lib/python3.12/site-packages/airflow/example_dags/example_python_decorator.py for tasks to queue
[2025-02-19T10:31:10.395+0000] {logging_mixin.py:190} INFO - [2025-02-19T10:31:10.394+0000] {dagbag.py:588} INFO - Filling up the DagBag from /home/airflow/.local/lib/python3.12/site-packages/airflow/example_dags/example_python_decorator.py
[2025-02-19T10:31:10.412+0000] {processor.py:925} INFO - DAG(s) 'example_python_decorator' retrieved from /home/airflow/.local/lib/python3.12/site-packages/airflow/example_dags/example_python_decorator.py
[2025-02-19T10:31:10.437+0000] {logging_mixin.py:190} INFO - [2025-02-19T10:31:10.437+0000] {dag.py:3239} INFO - Sync 1 DAGs
[2025-02-19T10:31:10.451+0000] {logging_mixin.py:190} INFO - [2025-02-19T10:31:10.451+0000] {dag.py:4180} INFO - Setting next_dagrun for example_python_decorator to None, run_after=None
[2025-02-19T10:31:10.473+0000] {processor.py:208} INFO - Processing /home/airflow/.local/lib/python3.12/site-packages/airflow/example_dags/example_python_decorator.py took 0.090 seconds
[2025-02-19T10:31:41.635+0000] {processor.py:186} INFO - Started process (PID=2249) to work on /home/airflow/.local/lib/python3.12/site-packages/airflow/example_dags/example_python_decorator.py
[2025-02-19T10:31:41.636+0000] {processor.py:914} INFO - Processing file /home/airflow/.local/lib/python3.12/site-packages/airflow/example_dags/example_python_decorator.py for tasks to queue
[2025-02-19T10:31:41.640+0000] {logging_mixin.py:190} INFO - [2025-02-19T10:31:41.639+0000] {dagbag.py:588} INFO - Filling up the DagBag from /home/airflow/.local/lib/python3.12/site-packages/airflow/example_dags/example_python_decorator.py
[2025-02-19T10:31:41.663+0000] {processor.py:925} INFO - DAG(s) 'example_python_decorator' retrieved from /home/airflow/.local/lib/python3.12/site-packages/airflow/example_dags/example_python_decorator.py
[2025-02-19T10:31:41.697+0000] {logging_mixin.py:190} INFO - [2025-02-19T10:31:41.696+0000] {dag.py:3239} INFO - Sync 1 DAGs
[2025-02-19T10:31:41.716+0000] {logging_mixin.py:190} INFO - [2025-02-19T10:31:41.715+0000] {dag.py:4180} INFO - Setting next_dagrun for example_python_decorator to None, run_after=None
[2025-02-19T10:31:41.743+0000] {processor.py:208} INFO - Processing /home/airflow/.local/lib/python3.12/site-packages/airflow/example_dags/example_python_decorator.py took 0.115 seconds
[2025-02-19T10:32:13.261+0000] {processor.py:186} INFO - Started process (PID=2318) to work on /home/airflow/.local/lib/python3.12/site-packages/airflow/example_dags/example_python_decorator.py
[2025-02-19T10:32:13.263+0000] {processor.py:914} INFO - Processing file /home/airflow/.local/lib/python3.12/site-packages/airflow/example_dags/example_python_decorator.py for tasks to queue
[2025-02-19T10:32:13.265+0000] {logging_mixin.py:190} INFO - [2025-02-19T10:32:13.265+0000] {dagbag.py:588} INFO - Filling up the DagBag from /home/airflow/.local/lib/python3.12/site-packages/airflow/example_dags/example_python_decorator.py
[2025-02-19T10:32:13.278+0000] {processor.py:925} INFO - DAG(s) 'example_python_decorator' retrieved from /home/airflow/.local/lib/python3.12/site-packages/airflow/example_dags/example_python_decorator.py
[2025-02-19T10:32:13.304+0000] {logging_mixin.py:190} INFO - [2025-02-19T10:32:13.304+0000] {dag.py:3239} INFO - Sync 1 DAGs
[2025-02-19T10:32:13.318+0000] {logging_mixin.py:190} INFO - [2025-02-19T10:32:13.318+0000] {dag.py:4180} INFO - Setting next_dagrun for example_python_decorator to None, run_after=None
[2025-02-19T10:32:13.337+0000] {processor.py:208} INFO - Processing /home/airflow/.local/lib/python3.12/site-packages/airflow/example_dags/example_python_decorator.py took 0.082 seconds
[2025-02-19T10:32:44.619+0000] {processor.py:186} INFO - Started process (PID=2386) to work on /home/airflow/.local/lib/python3.12/site-packages/airflow/example_dags/example_python_decorator.py
[2025-02-19T10:32:44.620+0000] {processor.py:914} INFO - Processing file /home/airflow/.local/lib/python3.12/site-packages/airflow/example_dags/example_python_decorator.py for tasks to queue
[2025-02-19T10:32:44.622+0000] {logging_mixin.py:190} INFO - [2025-02-19T10:32:44.622+0000] {dagbag.py:588} INFO - Filling up the DagBag from /home/airflow/.local/lib/python3.12/site-packages/airflow/example_dags/example_python_decorator.py
[2025-02-19T10:32:44.638+0000] {processor.py:925} INFO - DAG(s) 'example_python_decorator' retrieved from /home/airflow/.local/lib/python3.12/site-packages/airflow/example_dags/example_python_decorator.py
[2025-02-19T10:32:44.659+0000] {logging_mixin.py:190} INFO - [2025-02-19T10:32:44.659+0000] {dag.py:3239} INFO - Sync 1 DAGs
[2025-02-19T10:32:44.675+0000] {logging_mixin.py:190} INFO - [2025-02-19T10:32:44.674+0000] {dag.py:4180} INFO - Setting next_dagrun for example_python_decorator to None, run_after=None
[2025-02-19T10:32:44.888+0000] {processor.py:208} INFO - Processing /home/airflow/.local/lib/python3.12/site-packages/airflow/example_dags/example_python_decorator.py took 0.274 seconds
[2025-02-19T10:33:15.119+0000] {processor.py:186} INFO - Started process (PID=2455) to work on /home/airflow/.local/lib/python3.12/site-packages/airflow/example_dags/example_python_decorator.py
[2025-02-19T10:33:15.120+0000] {processor.py:914} INFO - Processing file /home/airflow/.local/lib/python3.12/site-packages/airflow/example_dags/example_python_decorator.py for tasks to queue
[2025-02-19T10:33:15.123+0000] {logging_mixin.py:190} INFO - [2025-02-19T10:33:15.122+0000] {dagbag.py:588} INFO - Filling up the DagBag from /home/airflow/.local/lib/python3.12/site-packages/airflow/example_dags/example_python_decorator.py
[2025-02-19T10:33:15.140+0000] {processor.py:925} INFO - DAG(s) 'example_python_decorator' retrieved from /home/airflow/.local/lib/python3.12/site-packages/airflow/example_dags/example_python_decorator.py
[2025-02-19T10:33:15.162+0000] {logging_mixin.py:190} INFO - [2025-02-19T10:33:15.162+0000] {dag.py:3239} INFO - Sync 1 DAGs
[2025-02-19T10:33:15.177+0000] {logging_mixin.py:190} INFO - [2025-02-19T10:33:15.177+0000] {dag.py:4180} INFO - Setting next_dagrun for example_python_decorator to None, run_after=None
[2025-02-19T10:33:15.197+0000] {processor.py:208} INFO - Processing /home/airflow/.local/lib/python3.12/site-packages/airflow/example_dags/example_python_decorator.py took 0.085 seconds
[2025-02-19T10:33:46.218+0000] {processor.py:186} INFO - Started process (PID=2522) to work on /home/airflow/.local/lib/python3.12/site-packages/airflow/example_dags/example_python_decorator.py
[2025-02-19T10:33:46.220+0000] {processor.py:914} INFO - Processing file /home/airflow/.local/lib/python3.12/site-packages/airflow/example_dags/example_python_decorator.py for tasks to queue
[2025-02-19T10:33:46.222+0000] {logging_mixin.py:190} INFO - [2025-02-19T10:33:46.222+0000] {dagbag.py:588} INFO - Filling up the DagBag from /home/airflow/.local/lib/python3.12/site-packages/airflow/example_dags/example_python_decorator.py
[2025-02-19T10:33:46.240+0000] {processor.py:925} INFO - DAG(s) 'example_python_decorator' retrieved from /home/airflow/.local/lib/python3.12/site-packages/airflow/example_dags/example_python_decorator.py
[2025-02-19T10:33:46.265+0000] {logging_mixin.py:190} INFO - [2025-02-19T10:33:46.265+0000] {dag.py:3239} INFO - Sync 1 DAGs
[2025-02-19T10:33:46.277+0000] {logging_mixin.py:190} INFO - [2025-02-19T10:33:46.277+0000] {dag.py:4180} INFO - Setting next_dagrun for example_python_decorator to None, run_after=None
[2025-02-19T10:33:46.294+0000] {processor.py:208} INFO - Processing /home/airflow/.local/lib/python3.12/site-packages/airflow/example_dags/example_python_decorator.py took 0.084 seconds
[2025-02-19T10:34:17.840+0000] {processor.py:186} INFO - Started process (PID=2589) to work on /home/airflow/.local/lib/python3.12/site-packages/airflow/example_dags/example_python_decorator.py
[2025-02-19T10:34:17.841+0000] {processor.py:914} INFO - Processing file /home/airflow/.local/lib/python3.12/site-packages/airflow/example_dags/example_python_decorator.py for tasks to queue
[2025-02-19T10:34:17.844+0000] {logging_mixin.py:190} INFO - [2025-02-19T10:34:17.843+0000] {dagbag.py:588} INFO - Filling up the DagBag from /home/airflow/.local/lib/python3.12/site-packages/airflow/example_dags/example_python_decorator.py
[2025-02-19T10:34:18.033+0000] {processor.py:925} INFO - DAG(s) 'example_python_decorator' retrieved from /home/airflow/.local/lib/python3.12/site-packages/airflow/example_dags/example_python_decorator.py
[2025-02-19T10:34:18.051+0000] {logging_mixin.py:190} INFO - [2025-02-19T10:34:18.051+0000] {dag.py:3239} INFO - Sync 1 DAGs
[2025-02-19T10:34:18.061+0000] {logging_mixin.py:190} INFO - [2025-02-19T10:34:18.061+0000] {dag.py:4180} INFO - Setting next_dagrun for example_python_decorator to None, run_after=None
[2025-02-19T10:34:18.084+0000] {processor.py:208} INFO - Processing /home/airflow/.local/lib/python3.12/site-packages/airflow/example_dags/example_python_decorator.py took 0.248 seconds
[2025-02-19T10:34:48.721+0000] {processor.py:186} INFO - Started process (PID=2656) to work on /home/airflow/.local/lib/python3.12/site-packages/airflow/example_dags/example_python_decorator.py
[2025-02-19T10:34:48.722+0000] {processor.py:914} INFO - Processing file /home/airflow/.local/lib/python3.12/site-packages/airflow/example_dags/example_python_decorator.py for tasks to queue
[2025-02-19T10:34:48.724+0000] {logging_mixin.py:190} INFO - [2025-02-19T10:34:48.724+0000] {dagbag.py:588} INFO - Filling up the DagBag from /home/airflow/.local/lib/python3.12/site-packages/airflow/example_dags/example_python_decorator.py
[2025-02-19T10:34:48.738+0000] {processor.py:925} INFO - DAG(s) 'example_python_decorator' retrieved from /home/airflow/.local/lib/python3.12/site-packages/airflow/example_dags/example_python_decorator.py
[2025-02-19T10:34:48.759+0000] {logging_mixin.py:190} INFO - [2025-02-19T10:34:48.759+0000] {dag.py:3239} INFO - Sync 1 DAGs
[2025-02-19T10:34:48.773+0000] {logging_mixin.py:190} INFO - [2025-02-19T10:34:48.772+0000] {dag.py:4180} INFO - Setting next_dagrun for example_python_decorator to None, run_after=None
[2025-02-19T10:34:48.792+0000] {processor.py:208} INFO - Processing /home/airflow/.local/lib/python3.12/site-packages/airflow/example_dags/example_python_decorator.py took 0.076 seconds
[2025-02-19T10:35:19.288+0000] {processor.py:186} INFO - Started process (PID=2723) to work on /home/airflow/.local/lib/python3.12/site-packages/airflow/example_dags/example_python_decorator.py
[2025-02-19T10:35:19.289+0000] {processor.py:914} INFO - Processing file /home/airflow/.local/lib/python3.12/site-packages/airflow/example_dags/example_python_decorator.py for tasks to queue
[2025-02-19T10:35:19.292+0000] {logging_mixin.py:190} INFO - [2025-02-19T10:35:19.291+0000] {dagbag.py:588} INFO - Filling up the DagBag from /home/airflow/.local/lib/python3.12/site-packages/airflow/example_dags/example_python_decorator.py
[2025-02-19T10:35:19.305+0000] {processor.py:925} INFO - DAG(s) 'example_python_decorator' retrieved from /home/airflow/.local/lib/python3.12/site-packages/airflow/example_dags/example_python_decorator.py
[2025-02-19T10:35:19.327+0000] {logging_mixin.py:190} INFO - [2025-02-19T10:35:19.327+0000] {dag.py:3239} INFO - Sync 1 DAGs
[2025-02-19T10:35:19.340+0000] {logging_mixin.py:190} INFO - [2025-02-19T10:35:19.340+0000] {dag.py:4180} INFO - Setting next_dagrun for example_python_decorator to None, run_after=None
[2025-02-19T10:35:19.358+0000] {processor.py:208} INFO - Processing /home/airflow/.local/lib/python3.12/site-packages/airflow/example_dags/example_python_decorator.py took 0.075 seconds
[2025-02-19T10:35:50.031+0000] {processor.py:186} INFO - Started process (PID=2790) to work on /home/airflow/.local/lib/python3.12/site-packages/airflow/example_dags/example_python_decorator.py
[2025-02-19T10:35:50.033+0000] {processor.py:914} INFO - Processing file /home/airflow/.local/lib/python3.12/site-packages/airflow/example_dags/example_python_decorator.py for tasks to queue
[2025-02-19T10:35:50.036+0000] {logging_mixin.py:190} INFO - [2025-02-19T10:35:50.035+0000] {dagbag.py:588} INFO - Filling up the DagBag from /home/airflow/.local/lib/python3.12/site-packages/airflow/example_dags/example_python_decorator.py
[2025-02-19T10:35:50.057+0000] {processor.py:925} INFO - DAG(s) 'example_python_decorator' retrieved from /home/airflow/.local/lib/python3.12/site-packages/airflow/example_dags/example_python_decorator.py
[2025-02-19T10:35:50.092+0000] {logging_mixin.py:190} INFO - [2025-02-19T10:35:50.092+0000] {dag.py:3239} INFO - Sync 1 DAGs
[2025-02-19T10:35:50.115+0000] {logging_mixin.py:190} INFO - [2025-02-19T10:35:50.114+0000] {dag.py:4180} INFO - Setting next_dagrun for example_python_decorator to None, run_after=None
[2025-02-19T10:35:50.139+0000] {processor.py:208} INFO - Processing /home/airflow/.local/lib/python3.12/site-packages/airflow/example_dags/example_python_decorator.py took 0.116 seconds
[2025-02-19T10:36:21.097+0000] {processor.py:186} INFO - Started process (PID=2857) to work on /home/airflow/.local/lib/python3.12/site-packages/airflow/example_dags/example_python_decorator.py
[2025-02-19T10:36:21.098+0000] {processor.py:914} INFO - Processing file /home/airflow/.local/lib/python3.12/site-packages/airflow/example_dags/example_python_decorator.py for tasks to queue
[2025-02-19T10:36:21.101+0000] {logging_mixin.py:190} INFO - [2025-02-19T10:36:21.100+0000] {dagbag.py:588} INFO - Filling up the DagBag from /home/airflow/.local/lib/python3.12/site-packages/airflow/example_dags/example_python_decorator.py
[2025-02-19T10:36:21.123+0000] {processor.py:925} INFO - DAG(s) 'example_python_decorator' retrieved from /home/airflow/.local/lib/python3.12/site-packages/airflow/example_dags/example_python_decorator.py
[2025-02-19T10:36:21.154+0000] {logging_mixin.py:190} INFO - [2025-02-19T10:36:21.153+0000] {dag.py:3239} INFO - Sync 1 DAGs
[2025-02-19T10:36:21.170+0000] {logging_mixin.py:190} INFO - [2025-02-19T10:36:21.170+0000] {dag.py:4180} INFO - Setting next_dagrun for example_python_decorator to None, run_after=None
[2025-02-19T10:36:21.196+0000] {processor.py:208} INFO - Processing /home/airflow/.local/lib/python3.12/site-packages/airflow/example_dags/example_python_decorator.py took 0.109 seconds
[2025-02-19T10:36:51.696+0000] {processor.py:186} INFO - Started process (PID=2924) to work on /home/airflow/.local/lib/python3.12/site-packages/airflow/example_dags/example_python_decorator.py
[2025-02-19T10:36:51.697+0000] {processor.py:914} INFO - Processing file /home/airflow/.local/lib/python3.12/site-packages/airflow/example_dags/example_python_decorator.py for tasks to queue
[2025-02-19T10:36:51.699+0000] {logging_mixin.py:190} INFO - [2025-02-19T10:36:51.699+0000] {dagbag.py:588} INFO - Filling up the DagBag from /home/airflow/.local/lib/python3.12/site-packages/airflow/example_dags/example_python_decorator.py
[2025-02-19T10:36:51.715+0000] {processor.py:925} INFO - DAG(s) 'example_python_decorator' retrieved from /home/airflow/.local/lib/python3.12/site-packages/airflow/example_dags/example_python_decorator.py
[2025-02-19T10:36:51.739+0000] {logging_mixin.py:190} INFO - [2025-02-19T10:36:51.738+0000] {dag.py:3239} INFO - Sync 1 DAGs
[2025-02-19T10:36:51.753+0000] {logging_mixin.py:190} INFO - [2025-02-19T10:36:51.753+0000] {dag.py:4180} INFO - Setting next_dagrun for example_python_decorator to None, run_after=None
[2025-02-19T10:36:51.773+0000] {processor.py:208} INFO - Processing /home/airflow/.local/lib/python3.12/site-packages/airflow/example_dags/example_python_decorator.py took 0.082 seconds
[2025-02-19T10:37:22.737+0000] {processor.py:186} INFO - Started process (PID=2990) to work on /home/airflow/.local/lib/python3.12/site-packages/airflow/example_dags/example_python_decorator.py
[2025-02-19T10:37:22.738+0000] {processor.py:914} INFO - Processing file /home/airflow/.local/lib/python3.12/site-packages/airflow/example_dags/example_python_decorator.py for tasks to queue
[2025-02-19T10:37:22.741+0000] {logging_mixin.py:190} INFO - [2025-02-19T10:37:22.740+0000] {dagbag.py:588} INFO - Filling up the DagBag from /home/airflow/.local/lib/python3.12/site-packages/airflow/example_dags/example_python_decorator.py
[2025-02-19T10:37:22.758+0000] {processor.py:925} INFO - DAG(s) 'example_python_decorator' retrieved from /home/airflow/.local/lib/python3.12/site-packages/airflow/example_dags/example_python_decorator.py
[2025-02-19T10:37:22.780+0000] {logging_mixin.py:190} INFO - [2025-02-19T10:37:22.780+0000] {dag.py:3239} INFO - Sync 1 DAGs
[2025-02-19T10:37:22.795+0000] {logging_mixin.py:190} INFO - [2025-02-19T10:37:22.795+0000] {dag.py:4180} INFO - Setting next_dagrun for example_python_decorator to None, run_after=None
[2025-02-19T10:37:22.813+0000] {processor.py:208} INFO - Processing /home/airflow/.local/lib/python3.12/site-packages/airflow/example_dags/example_python_decorator.py took 0.082 seconds
