[2025-02-19T10:11:46.553+0000] {processor.py:186} INFO - Started process (PID=109) to work on /home/airflow/.local/lib/python3.12/site-packages/airflow/example_dags/example_dag_decorator.py
[2025-02-19T10:11:46.554+0000] {processor.py:914} INFO - Processing file /home/airflow/.local/lib/python3.12/site-packages/airflow/example_dags/example_dag_decorator.py for tasks to queue
[2025-02-19T10:11:46.558+0000] {logging_mixin.py:190} INFO - [2025-02-19T10:11:46.557+0000] {dagbag.py:588} INFO - Filling up the DagBag from /home/airflow/.local/lib/python3.12/site-packages/airflow/example_dags/example_dag_decorator.py
[2025-02-19T10:11:46.577+0000] {processor.py:925} INFO - DAG(s) 'example_dag_decorator' retrieved from /home/airflow/.local/lib/python3.12/site-packages/airflow/example_dags/example_dag_decorator.py
[2025-02-19T10:11:46.750+0000] {logging_mixin.py:190} INFO - [2025-02-19T10:11:46.750+0000] {dag.py:3239} INFO - Sync 1 DAGs
[2025-02-19T10:11:46.770+0000] {logging_mixin.py:190} INFO - [2025-02-19T10:11:46.770+0000] {dag.py:4180} INFO - Setting next_dagrun for example_dag_decorator to None, run_after=None
[2025-02-19T10:11:46.796+0000] {processor.py:208} INFO - Processing /home/airflow/.local/lib/python3.12/site-packages/airflow/example_dags/example_dag_decorator.py took 0.251 seconds
[2025-02-19T10:12:18.142+0000] {processor.py:186} INFO - Started process (PID=175) to work on /home/airflow/.local/lib/python3.12/site-packages/airflow/example_dags/example_dag_decorator.py
[2025-02-19T10:12:18.143+0000] {processor.py:914} INFO - Processing file /home/airflow/.local/lib/python3.12/site-packages/airflow/example_dags/example_dag_decorator.py for tasks to queue
[2025-02-19T10:12:18.146+0000] {logging_mixin.py:190} INFO - [2025-02-19T10:12:18.146+0000] {dagbag.py:588} INFO - Filling up the DagBag from /home/airflow/.local/lib/python3.12/site-packages/airflow/example_dags/example_dag_decorator.py
[2025-02-19T10:12:18.166+0000] {processor.py:925} INFO - DAG(s) 'example_dag_decorator' retrieved from /home/airflow/.local/lib/python3.12/site-packages/airflow/example_dags/example_dag_decorator.py
[2025-02-19T10:12:18.408+0000] {logging_mixin.py:190} INFO - [2025-02-19T10:12:18.408+0000] {dag.py:3239} INFO - Sync 1 DAGs
[2025-02-19T10:12:18.424+0000] {logging_mixin.py:190} INFO - [2025-02-19T10:12:18.424+0000] {dag.py:4180} INFO - Setting next_dagrun for example_dag_decorator to None, run_after=None
[2025-02-19T10:12:18.450+0000] {processor.py:208} INFO - Processing /home/airflow/.local/lib/python3.12/site-packages/airflow/example_dags/example_dag_decorator.py took 0.317 seconds
[2025-02-19T10:12:49.390+0000] {processor.py:186} INFO - Started process (PID=242) to work on /home/airflow/.local/lib/python3.12/site-packages/airflow/example_dags/example_dag_decorator.py
[2025-02-19T10:12:49.392+0000] {processor.py:914} INFO - Processing file /home/airflow/.local/lib/python3.12/site-packages/airflow/example_dags/example_dag_decorator.py for tasks to queue
[2025-02-19T10:12:49.395+0000] {logging_mixin.py:190} INFO - [2025-02-19T10:12:49.394+0000] {dagbag.py:588} INFO - Filling up the DagBag from /home/airflow/.local/lib/python3.12/site-packages/airflow/example_dags/example_dag_decorator.py
[2025-02-19T10:12:49.416+0000] {processor.py:925} INFO - DAG(s) 'example_dag_decorator' retrieved from /home/airflow/.local/lib/python3.12/site-packages/airflow/example_dags/example_dag_decorator.py
[2025-02-19T10:12:49.647+0000] {logging_mixin.py:190} INFO - [2025-02-19T10:12:49.646+0000] {dag.py:3239} INFO - Sync 1 DAGs
[2025-02-19T10:12:49.667+0000] {logging_mixin.py:190} INFO - [2025-02-19T10:12:49.666+0000] {dag.py:4180} INFO - Setting next_dagrun for example_dag_decorator to None, run_after=None
[2025-02-19T10:12:49.693+0000] {processor.py:208} INFO - Processing /home/airflow/.local/lib/python3.12/site-packages/airflow/example_dags/example_dag_decorator.py took 0.312 seconds
[2025-02-19T10:13:20.885+0000] {processor.py:186} INFO - Started process (PID=309) to work on /home/airflow/.local/lib/python3.12/site-packages/airflow/example_dags/example_dag_decorator.py
[2025-02-19T10:13:20.886+0000] {processor.py:914} INFO - Processing file /home/airflow/.local/lib/python3.12/site-packages/airflow/example_dags/example_dag_decorator.py for tasks to queue
[2025-02-19T10:13:20.889+0000] {logging_mixin.py:190} INFO - [2025-02-19T10:13:20.889+0000] {dagbag.py:588} INFO - Filling up the DagBag from /home/airflow/.local/lib/python3.12/site-packages/airflow/example_dags/example_dag_decorator.py
[2025-02-19T10:13:20.907+0000] {processor.py:925} INFO - DAG(s) 'example_dag_decorator' retrieved from /home/airflow/.local/lib/python3.12/site-packages/airflow/example_dags/example_dag_decorator.py
[2025-02-19T10:13:21.133+0000] {logging_mixin.py:190} INFO - [2025-02-19T10:13:21.133+0000] {dag.py:3239} INFO - Sync 1 DAGs
[2025-02-19T10:13:21.149+0000] {logging_mixin.py:190} INFO - [2025-02-19T10:13:21.149+0000] {dag.py:4180} INFO - Setting next_dagrun for example_dag_decorator to None, run_after=None
[2025-02-19T10:13:21.176+0000] {processor.py:208} INFO - Processing /home/airflow/.local/lib/python3.12/site-packages/airflow/example_dags/example_dag_decorator.py took 0.300 seconds
[2025-02-19T10:13:56.998+0000] {processor.py:186} INFO - Started process (PID=376) to work on /home/airflow/.local/lib/python3.12/site-packages/airflow/example_dags/example_dag_decorator.py
[2025-02-19T10:13:56.999+0000] {processor.py:914} INFO - Processing file /home/airflow/.local/lib/python3.12/site-packages/airflow/example_dags/example_dag_decorator.py for tasks to queue
[2025-02-19T10:13:57.003+0000] {logging_mixin.py:190} INFO - [2025-02-19T10:13:57.003+0000] {dagbag.py:588} INFO - Filling up the DagBag from /home/airflow/.local/lib/python3.12/site-packages/airflow/example_dags/example_dag_decorator.py
[2025-02-19T10:13:57.024+0000] {processor.py:925} INFO - DAG(s) 'example_dag_decorator' retrieved from /home/airflow/.local/lib/python3.12/site-packages/airflow/example_dags/example_dag_decorator.py
[2025-02-19T10:13:57.264+0000] {logging_mixin.py:190} INFO - [2025-02-19T10:13:57.264+0000] {dag.py:3239} INFO - Sync 1 DAGs
[2025-02-19T10:13:57.278+0000] {logging_mixin.py:190} INFO - [2025-02-19T10:13:57.278+0000] {dag.py:4180} INFO - Setting next_dagrun for example_dag_decorator to None, run_after=None
[2025-02-19T10:13:57.305+0000] {processor.py:208} INFO - Processing /home/airflow/.local/lib/python3.12/site-packages/airflow/example_dags/example_dag_decorator.py took 0.317 seconds
[2025-02-19T10:15:05.221+0000] {processor.py:186} INFO - Started process (PID=100) to work on /home/airflow/.local/lib/python3.12/site-packages/airflow/example_dags/example_dag_decorator.py
[2025-02-19T10:15:05.222+0000] {processor.py:914} INFO - Processing file /home/airflow/.local/lib/python3.12/site-packages/airflow/example_dags/example_dag_decorator.py for tasks to queue
[2025-02-19T10:15:05.225+0000] {logging_mixin.py:190} INFO - [2025-02-19T10:15:05.225+0000] {dagbag.py:588} INFO - Filling up the DagBag from /home/airflow/.local/lib/python3.12/site-packages/airflow/example_dags/example_dag_decorator.py
[2025-02-19T10:15:05.241+0000] {processor.py:925} INFO - DAG(s) 'example_dag_decorator' retrieved from /home/airflow/.local/lib/python3.12/site-packages/airflow/example_dags/example_dag_decorator.py
[2025-02-19T10:15:05.382+0000] {logging_mixin.py:190} INFO - [2025-02-19T10:15:05.381+0000] {dag.py:3239} INFO - Sync 1 DAGs
[2025-02-19T10:15:05.394+0000] {logging_mixin.py:190} INFO - [2025-02-19T10:15:05.393+0000] {dag.py:4180} INFO - Setting next_dagrun for example_dag_decorator to None, run_after=None
[2025-02-19T10:15:05.414+0000] {processor.py:208} INFO - Processing /home/airflow/.local/lib/python3.12/site-packages/airflow/example_dags/example_dag_decorator.py took 0.200 seconds
[2025-02-19T10:15:35.996+0000] {processor.py:186} INFO - Started process (PID=167) to work on /home/airflow/.local/lib/python3.12/site-packages/airflow/example_dags/example_dag_decorator.py
[2025-02-19T10:15:35.997+0000] {processor.py:914} INFO - Processing file /home/airflow/.local/lib/python3.12/site-packages/airflow/example_dags/example_dag_decorator.py for tasks to queue
[2025-02-19T10:15:36.000+0000] {logging_mixin.py:190} INFO - [2025-02-19T10:15:36.000+0000] {dagbag.py:588} INFO - Filling up the DagBag from /home/airflow/.local/lib/python3.12/site-packages/airflow/example_dags/example_dag_decorator.py
[2025-02-19T10:15:36.017+0000] {processor.py:925} INFO - DAG(s) 'example_dag_decorator' retrieved from /home/airflow/.local/lib/python3.12/site-packages/airflow/example_dags/example_dag_decorator.py
[2025-02-19T10:15:36.171+0000] {logging_mixin.py:190} INFO - [2025-02-19T10:15:36.170+0000] {dag.py:3239} INFO - Sync 1 DAGs
[2025-02-19T10:15:36.185+0000] {logging_mixin.py:190} INFO - [2025-02-19T10:15:36.185+0000] {dag.py:4180} INFO - Setting next_dagrun for example_dag_decorator to None, run_after=None
[2025-02-19T10:15:36.209+0000] {processor.py:208} INFO - Processing /home/airflow/.local/lib/python3.12/site-packages/airflow/example_dags/example_dag_decorator.py took 0.221 seconds
[2025-02-19T10:16:07.275+0000] {processor.py:186} INFO - Started process (PID=234) to work on /home/airflow/.local/lib/python3.12/site-packages/airflow/example_dags/example_dag_decorator.py
[2025-02-19T10:16:07.276+0000] {processor.py:914} INFO - Processing file /home/airflow/.local/lib/python3.12/site-packages/airflow/example_dags/example_dag_decorator.py for tasks to queue
[2025-02-19T10:16:07.279+0000] {logging_mixin.py:190} INFO - [2025-02-19T10:16:07.278+0000] {dagbag.py:588} INFO - Filling up the DagBag from /home/airflow/.local/lib/python3.12/site-packages/airflow/example_dags/example_dag_decorator.py
[2025-02-19T10:16:07.289+0000] {processor.py:925} INFO - DAG(s) 'example_dag_decorator' retrieved from /home/airflow/.local/lib/python3.12/site-packages/airflow/example_dags/example_dag_decorator.py
[2025-02-19T10:16:07.408+0000] {logging_mixin.py:190} INFO - [2025-02-19T10:16:07.408+0000] {dag.py:3239} INFO - Sync 1 DAGs
[2025-02-19T10:16:07.418+0000] {logging_mixin.py:190} INFO - [2025-02-19T10:16:07.418+0000] {dag.py:4180} INFO - Setting next_dagrun for example_dag_decorator to None, run_after=None
[2025-02-19T10:16:07.450+0000] {processor.py:208} INFO - Processing /home/airflow/.local/lib/python3.12/site-packages/airflow/example_dags/example_dag_decorator.py took 0.180 seconds
[2025-02-19T10:16:38.089+0000] {processor.py:186} INFO - Started process (PID=301) to work on /home/airflow/.local/lib/python3.12/site-packages/airflow/example_dags/example_dag_decorator.py
[2025-02-19T10:16:38.090+0000] {processor.py:914} INFO - Processing file /home/airflow/.local/lib/python3.12/site-packages/airflow/example_dags/example_dag_decorator.py for tasks to queue
[2025-02-19T10:16:38.092+0000] {logging_mixin.py:190} INFO - [2025-02-19T10:16:38.092+0000] {dagbag.py:588} INFO - Filling up the DagBag from /home/airflow/.local/lib/python3.12/site-packages/airflow/example_dags/example_dag_decorator.py
[2025-02-19T10:16:38.104+0000] {processor.py:925} INFO - DAG(s) 'example_dag_decorator' retrieved from /home/airflow/.local/lib/python3.12/site-packages/airflow/example_dags/example_dag_decorator.py
[2025-02-19T10:16:38.230+0000] {logging_mixin.py:190} INFO - [2025-02-19T10:16:38.230+0000] {dag.py:3239} INFO - Sync 1 DAGs
[2025-02-19T10:16:38.241+0000] {logging_mixin.py:190} INFO - [2025-02-19T10:16:38.241+0000] {dag.py:4180} INFO - Setting next_dagrun for example_dag_decorator to None, run_after=None
[2025-02-19T10:16:38.259+0000] {processor.py:208} INFO - Processing /home/airflow/.local/lib/python3.12/site-packages/airflow/example_dags/example_dag_decorator.py took 0.175 seconds
[2025-02-19T10:17:08.841+0000] {processor.py:186} INFO - Started process (PID=368) to work on /home/airflow/.local/lib/python3.12/site-packages/airflow/example_dags/example_dag_decorator.py
[2025-02-19T10:17:08.842+0000] {processor.py:914} INFO - Processing file /home/airflow/.local/lib/python3.12/site-packages/airflow/example_dags/example_dag_decorator.py for tasks to queue
[2025-02-19T10:17:08.846+0000] {logging_mixin.py:190} INFO - [2025-02-19T10:17:08.845+0000] {dagbag.py:588} INFO - Filling up the DagBag from /home/airflow/.local/lib/python3.12/site-packages/airflow/example_dags/example_dag_decorator.py
[2025-02-19T10:17:08.860+0000] {processor.py:925} INFO - DAG(s) 'example_dag_decorator' retrieved from /home/airflow/.local/lib/python3.12/site-packages/airflow/example_dags/example_dag_decorator.py
[2025-02-19T10:17:09.024+0000] {logging_mixin.py:190} INFO - [2025-02-19T10:17:09.024+0000] {dag.py:3239} INFO - Sync 1 DAGs
[2025-02-19T10:17:09.041+0000] {logging_mixin.py:190} INFO - [2025-02-19T10:17:09.040+0000] {dag.py:4180} INFO - Setting next_dagrun for example_dag_decorator to None, run_after=None
[2025-02-19T10:17:09.062+0000] {processor.py:208} INFO - Processing /home/airflow/.local/lib/python3.12/site-packages/airflow/example_dags/example_dag_decorator.py took 0.228 seconds
[2025-02-19T10:17:39.743+0000] {processor.py:186} INFO - Started process (PID=435) to work on /home/airflow/.local/lib/python3.12/site-packages/airflow/example_dags/example_dag_decorator.py
[2025-02-19T10:17:39.744+0000] {processor.py:914} INFO - Processing file /home/airflow/.local/lib/python3.12/site-packages/airflow/example_dags/example_dag_decorator.py for tasks to queue
[2025-02-19T10:17:39.746+0000] {logging_mixin.py:190} INFO - [2025-02-19T10:17:39.745+0000] {dagbag.py:588} INFO - Filling up the DagBag from /home/airflow/.local/lib/python3.12/site-packages/airflow/example_dags/example_dag_decorator.py
[2025-02-19T10:17:39.757+0000] {processor.py:925} INFO - DAG(s) 'example_dag_decorator' retrieved from /home/airflow/.local/lib/python3.12/site-packages/airflow/example_dags/example_dag_decorator.py
[2025-02-19T10:17:39.871+0000] {logging_mixin.py:190} INFO - [2025-02-19T10:17:39.870+0000] {dag.py:3239} INFO - Sync 1 DAGs
[2025-02-19T10:17:39.882+0000] {logging_mixin.py:190} INFO - [2025-02-19T10:17:39.881+0000] {dag.py:4180} INFO - Setting next_dagrun for example_dag_decorator to None, run_after=None
[2025-02-19T10:17:39.899+0000] {processor.py:208} INFO - Processing /home/airflow/.local/lib/python3.12/site-packages/airflow/example_dags/example_dag_decorator.py took 0.161 seconds
[2025-02-19T10:18:10.444+0000] {processor.py:186} INFO - Started process (PID=502) to work on /home/airflow/.local/lib/python3.12/site-packages/airflow/example_dags/example_dag_decorator.py
[2025-02-19T10:18:10.445+0000] {processor.py:914} INFO - Processing file /home/airflow/.local/lib/python3.12/site-packages/airflow/example_dags/example_dag_decorator.py for tasks to queue
[2025-02-19T10:18:10.447+0000] {logging_mixin.py:190} INFO - [2025-02-19T10:18:10.447+0000] {dagbag.py:588} INFO - Filling up the DagBag from /home/airflow/.local/lib/python3.12/site-packages/airflow/example_dags/example_dag_decorator.py
[2025-02-19T10:18:10.459+0000] {processor.py:925} INFO - DAG(s) 'example_dag_decorator' retrieved from /home/airflow/.local/lib/python3.12/site-packages/airflow/example_dags/example_dag_decorator.py
[2025-02-19T10:18:10.592+0000] {logging_mixin.py:190} INFO - [2025-02-19T10:18:10.592+0000] {dag.py:3239} INFO - Sync 1 DAGs
[2025-02-19T10:18:10.607+0000] {logging_mixin.py:190} INFO - [2025-02-19T10:18:10.606+0000] {dag.py:4180} INFO - Setting next_dagrun for example_dag_decorator to None, run_after=None
[2025-02-19T10:18:10.627+0000] {processor.py:208} INFO - Processing /home/airflow/.local/lib/python3.12/site-packages/airflow/example_dags/example_dag_decorator.py took 0.188 seconds
[2025-02-19T10:18:41.775+0000] {processor.py:186} INFO - Started process (PID=569) to work on /home/airflow/.local/lib/python3.12/site-packages/airflow/example_dags/example_dag_decorator.py
[2025-02-19T10:18:41.776+0000] {processor.py:914} INFO - Processing file /home/airflow/.local/lib/python3.12/site-packages/airflow/example_dags/example_dag_decorator.py for tasks to queue
[2025-02-19T10:18:41.779+0000] {logging_mixin.py:190} INFO - [2025-02-19T10:18:41.779+0000] {dagbag.py:588} INFO - Filling up the DagBag from /home/airflow/.local/lib/python3.12/site-packages/airflow/example_dags/example_dag_decorator.py
[2025-02-19T10:18:41.795+0000] {processor.py:925} INFO - DAG(s) 'example_dag_decorator' retrieved from /home/airflow/.local/lib/python3.12/site-packages/airflow/example_dags/example_dag_decorator.py
[2025-02-19T10:18:41.953+0000] {logging_mixin.py:190} INFO - [2025-02-19T10:18:41.953+0000] {dag.py:3239} INFO - Sync 1 DAGs
[2025-02-19T10:18:41.966+0000] {logging_mixin.py:190} INFO - [2025-02-19T10:18:41.965+0000] {dag.py:4180} INFO - Setting next_dagrun for example_dag_decorator to None, run_after=None
[2025-02-19T10:18:41.987+0000] {processor.py:208} INFO - Processing /home/airflow/.local/lib/python3.12/site-packages/airflow/example_dags/example_dag_decorator.py took 0.219 seconds
[2025-02-19T10:19:13.078+0000] {processor.py:186} INFO - Started process (PID=636) to work on /home/airflow/.local/lib/python3.12/site-packages/airflow/example_dags/example_dag_decorator.py
[2025-02-19T10:19:13.080+0000] {processor.py:914} INFO - Processing file /home/airflow/.local/lib/python3.12/site-packages/airflow/example_dags/example_dag_decorator.py for tasks to queue
[2025-02-19T10:19:13.082+0000] {logging_mixin.py:190} INFO - [2025-02-19T10:19:13.082+0000] {dagbag.py:588} INFO - Filling up the DagBag from /home/airflow/.local/lib/python3.12/site-packages/airflow/example_dags/example_dag_decorator.py
[2025-02-19T10:19:13.105+0000] {processor.py:925} INFO - DAG(s) 'example_dag_decorator' retrieved from /home/airflow/.local/lib/python3.12/site-packages/airflow/example_dags/example_dag_decorator.py
[2025-02-19T10:19:13.337+0000] {logging_mixin.py:190} INFO - [2025-02-19T10:19:13.337+0000] {dag.py:3239} INFO - Sync 1 DAGs
[2025-02-19T10:19:13.355+0000] {logging_mixin.py:190} INFO - [2025-02-19T10:19:13.355+0000] {dag.py:4180} INFO - Setting next_dagrun for example_dag_decorator to None, run_after=None
[2025-02-19T10:19:13.387+0000] {processor.py:208} INFO - Processing /home/airflow/.local/lib/python3.12/site-packages/airflow/example_dags/example_dag_decorator.py took 0.317 seconds
[2025-02-19T10:19:43.892+0000] {processor.py:186} INFO - Started process (PID=703) to work on /home/airflow/.local/lib/python3.12/site-packages/airflow/example_dags/example_dag_decorator.py
[2025-02-19T10:19:43.894+0000] {processor.py:914} INFO - Processing file /home/airflow/.local/lib/python3.12/site-packages/airflow/example_dags/example_dag_decorator.py for tasks to queue
[2025-02-19T10:19:43.898+0000] {logging_mixin.py:190} INFO - [2025-02-19T10:19:43.897+0000] {dagbag.py:588} INFO - Filling up the DagBag from /home/airflow/.local/lib/python3.12/site-packages/airflow/example_dags/example_dag_decorator.py
[2025-02-19T10:19:43.913+0000] {processor.py:925} INFO - DAG(s) 'example_dag_decorator' retrieved from /home/airflow/.local/lib/python3.12/site-packages/airflow/example_dags/example_dag_decorator.py
[2025-02-19T10:19:44.097+0000] {logging_mixin.py:190} INFO - [2025-02-19T10:19:44.097+0000] {dag.py:3239} INFO - Sync 1 DAGs
[2025-02-19T10:19:44.110+0000] {logging_mixin.py:190} INFO - [2025-02-19T10:19:44.110+0000] {dag.py:4180} INFO - Setting next_dagrun for example_dag_decorator to None, run_after=None
[2025-02-19T10:19:44.133+0000] {processor.py:208} INFO - Processing /home/airflow/.local/lib/python3.12/site-packages/airflow/example_dags/example_dag_decorator.py took 0.248 seconds
[2025-02-19T10:20:15.181+0000] {processor.py:186} INFO - Started process (PID=770) to work on /home/airflow/.local/lib/python3.12/site-packages/airflow/example_dags/example_dag_decorator.py
[2025-02-19T10:20:15.182+0000] {processor.py:914} INFO - Processing file /home/airflow/.local/lib/python3.12/site-packages/airflow/example_dags/example_dag_decorator.py for tasks to queue
[2025-02-19T10:20:15.184+0000] {logging_mixin.py:190} INFO - [2025-02-19T10:20:15.184+0000] {dagbag.py:588} INFO - Filling up the DagBag from /home/airflow/.local/lib/python3.12/site-packages/airflow/example_dags/example_dag_decorator.py
[2025-02-19T10:20:15.197+0000] {processor.py:925} INFO - DAG(s) 'example_dag_decorator' retrieved from /home/airflow/.local/lib/python3.12/site-packages/airflow/example_dags/example_dag_decorator.py
[2025-02-19T10:20:15.323+0000] {logging_mixin.py:190} INFO - [2025-02-19T10:20:15.323+0000] {dag.py:3239} INFO - Sync 1 DAGs
[2025-02-19T10:20:15.339+0000] {logging_mixin.py:190} INFO - [2025-02-19T10:20:15.338+0000] {dag.py:4180} INFO - Setting next_dagrun for example_dag_decorator to None, run_after=None
[2025-02-19T10:20:15.357+0000] {processor.py:208} INFO - Processing /home/airflow/.local/lib/python3.12/site-packages/airflow/example_dags/example_dag_decorator.py took 0.183 seconds
[2025-02-19T10:20:45.851+0000] {processor.py:186} INFO - Started process (PID=837) to work on /home/airflow/.local/lib/python3.12/site-packages/airflow/example_dags/example_dag_decorator.py
[2025-02-19T10:20:45.852+0000] {processor.py:914} INFO - Processing file /home/airflow/.local/lib/python3.12/site-packages/airflow/example_dags/example_dag_decorator.py for tasks to queue
[2025-02-19T10:20:45.854+0000] {logging_mixin.py:190} INFO - [2025-02-19T10:20:45.853+0000] {dagbag.py:588} INFO - Filling up the DagBag from /home/airflow/.local/lib/python3.12/site-packages/airflow/example_dags/example_dag_decorator.py
[2025-02-19T10:20:45.865+0000] {processor.py:925} INFO - DAG(s) 'example_dag_decorator' retrieved from /home/airflow/.local/lib/python3.12/site-packages/airflow/example_dags/example_dag_decorator.py
[2025-02-19T10:20:46.001+0000] {logging_mixin.py:190} INFO - [2025-02-19T10:20:46.001+0000] {dag.py:3239} INFO - Sync 1 DAGs
[2025-02-19T10:20:46.012+0000] {logging_mixin.py:190} INFO - [2025-02-19T10:20:46.011+0000] {dag.py:4180} INFO - Setting next_dagrun for example_dag_decorator to None, run_after=None
[2025-02-19T10:20:46.029+0000] {processor.py:208} INFO - Processing /home/airflow/.local/lib/python3.12/site-packages/airflow/example_dags/example_dag_decorator.py took 0.184 seconds
[2025-02-19T10:21:17.123+0000] {processor.py:186} INFO - Started process (PID=903) to work on /home/airflow/.local/lib/python3.12/site-packages/airflow/example_dags/example_dag_decorator.py
[2025-02-19T10:21:17.124+0000] {processor.py:914} INFO - Processing file /home/airflow/.local/lib/python3.12/site-packages/airflow/example_dags/example_dag_decorator.py for tasks to queue
[2025-02-19T10:21:17.126+0000] {logging_mixin.py:190} INFO - [2025-02-19T10:21:17.126+0000] {dagbag.py:588} INFO - Filling up the DagBag from /home/airflow/.local/lib/python3.12/site-packages/airflow/example_dags/example_dag_decorator.py
[2025-02-19T10:21:17.137+0000] {processor.py:925} INFO - DAG(s) 'example_dag_decorator' retrieved from /home/airflow/.local/lib/python3.12/site-packages/airflow/example_dags/example_dag_decorator.py
[2025-02-19T10:21:17.247+0000] {logging_mixin.py:190} INFO - [2025-02-19T10:21:17.246+0000] {dag.py:3239} INFO - Sync 1 DAGs
[2025-02-19T10:21:17.257+0000] {logging_mixin.py:190} INFO - [2025-02-19T10:21:17.257+0000] {dag.py:4180} INFO - Setting next_dagrun for example_dag_decorator to None, run_after=None
[2025-02-19T10:21:17.275+0000] {processor.py:208} INFO - Processing /home/airflow/.local/lib/python3.12/site-packages/airflow/example_dags/example_dag_decorator.py took 0.157 seconds
[2025-02-19T10:21:48.272+0000] {processor.py:186} INFO - Started process (PID=970) to work on /home/airflow/.local/lib/python3.12/site-packages/airflow/example_dags/example_dag_decorator.py
[2025-02-19T10:21:48.273+0000] {processor.py:914} INFO - Processing file /home/airflow/.local/lib/python3.12/site-packages/airflow/example_dags/example_dag_decorator.py for tasks to queue
[2025-02-19T10:21:48.276+0000] {logging_mixin.py:190} INFO - [2025-02-19T10:21:48.276+0000] {dagbag.py:588} INFO - Filling up the DagBag from /home/airflow/.local/lib/python3.12/site-packages/airflow/example_dags/example_dag_decorator.py
[2025-02-19T10:21:48.295+0000] {processor.py:925} INFO - DAG(s) 'example_dag_decorator' retrieved from /home/airflow/.local/lib/python3.12/site-packages/airflow/example_dags/example_dag_decorator.py
[2025-02-19T10:21:48.473+0000] {logging_mixin.py:190} INFO - [2025-02-19T10:21:48.472+0000] {dag.py:3239} INFO - Sync 1 DAGs
[2025-02-19T10:21:48.491+0000] {logging_mixin.py:190} INFO - [2025-02-19T10:21:48.490+0000] {dag.py:4180} INFO - Setting next_dagrun for example_dag_decorator to None, run_after=None
[2025-02-19T10:21:48.518+0000] {processor.py:208} INFO - Processing /home/airflow/.local/lib/python3.12/site-packages/airflow/example_dags/example_dag_decorator.py took 0.255 seconds
[2025-02-19T10:22:19.552+0000] {processor.py:186} INFO - Started process (PID=1037) to work on /home/airflow/.local/lib/python3.12/site-packages/airflow/example_dags/example_dag_decorator.py
[2025-02-19T10:22:19.553+0000] {processor.py:914} INFO - Processing file /home/airflow/.local/lib/python3.12/site-packages/airflow/example_dags/example_dag_decorator.py for tasks to queue
[2025-02-19T10:22:19.558+0000] {logging_mixin.py:190} INFO - [2025-02-19T10:22:19.557+0000] {dagbag.py:588} INFO - Filling up the DagBag from /home/airflow/.local/lib/python3.12/site-packages/airflow/example_dags/example_dag_decorator.py
[2025-02-19T10:22:19.585+0000] {processor.py:925} INFO - DAG(s) 'example_dag_decorator' retrieved from /home/airflow/.local/lib/python3.12/site-packages/airflow/example_dags/example_dag_decorator.py
[2025-02-19T10:22:19.792+0000] {logging_mixin.py:190} INFO - [2025-02-19T10:22:19.792+0000] {dag.py:3239} INFO - Sync 1 DAGs
[2025-02-19T10:22:19.809+0000] {logging_mixin.py:190} INFO - [2025-02-19T10:22:19.809+0000] {dag.py:4180} INFO - Setting next_dagrun for example_dag_decorator to None, run_after=None
[2025-02-19T10:22:19.830+0000] {processor.py:208} INFO - Processing /home/airflow/.local/lib/python3.12/site-packages/airflow/example_dags/example_dag_decorator.py took 0.289 seconds
[2025-02-19T10:22:50.805+0000] {processor.py:186} INFO - Started process (PID=1103) to work on /home/airflow/.local/lib/python3.12/site-packages/airflow/example_dags/example_dag_decorator.py
[2025-02-19T10:22:50.806+0000] {processor.py:914} INFO - Processing file /home/airflow/.local/lib/python3.12/site-packages/airflow/example_dags/example_dag_decorator.py for tasks to queue
[2025-02-19T10:22:50.809+0000] {logging_mixin.py:190} INFO - [2025-02-19T10:22:50.809+0000] {dagbag.py:588} INFO - Filling up the DagBag from /home/airflow/.local/lib/python3.12/site-packages/airflow/example_dags/example_dag_decorator.py
[2025-02-19T10:22:50.832+0000] {processor.py:925} INFO - DAG(s) 'example_dag_decorator' retrieved from /home/airflow/.local/lib/python3.12/site-packages/airflow/example_dags/example_dag_decorator.py
[2025-02-19T10:22:51.058+0000] {logging_mixin.py:190} INFO - [2025-02-19T10:22:51.058+0000] {dag.py:3239} INFO - Sync 1 DAGs
[2025-02-19T10:22:51.075+0000] {logging_mixin.py:190} INFO - [2025-02-19T10:22:51.075+0000] {dag.py:4180} INFO - Setting next_dagrun for example_dag_decorator to None, run_after=None
[2025-02-19T10:22:51.107+0000] {processor.py:208} INFO - Processing /home/airflow/.local/lib/python3.12/site-packages/airflow/example_dags/example_dag_decorator.py took 0.311 seconds
[2025-02-19T10:23:21.609+0000] {processor.py:186} INFO - Started process (PID=1170) to work on /home/airflow/.local/lib/python3.12/site-packages/airflow/example_dags/example_dag_decorator.py
[2025-02-19T10:23:21.610+0000] {processor.py:914} INFO - Processing file /home/airflow/.local/lib/python3.12/site-packages/airflow/example_dags/example_dag_decorator.py for tasks to queue
[2025-02-19T10:23:21.612+0000] {logging_mixin.py:190} INFO - [2025-02-19T10:23:21.612+0000] {dagbag.py:588} INFO - Filling up the DagBag from /home/airflow/.local/lib/python3.12/site-packages/airflow/example_dags/example_dag_decorator.py
[2025-02-19T10:23:21.624+0000] {processor.py:925} INFO - DAG(s) 'example_dag_decorator' retrieved from /home/airflow/.local/lib/python3.12/site-packages/airflow/example_dags/example_dag_decorator.py
[2025-02-19T10:23:21.644+0000] {logging_mixin.py:190} INFO - [2025-02-19T10:23:21.644+0000] {dag.py:3239} INFO - Sync 1 DAGs
[2025-02-19T10:23:21.657+0000] {logging_mixin.py:190} INFO - [2025-02-19T10:23:21.657+0000] {dag.py:4180} INFO - Setting next_dagrun for example_dag_decorator to None, run_after=None
[2025-02-19T10:23:21.681+0000] {processor.py:208} INFO - Processing /home/airflow/.local/lib/python3.12/site-packages/airflow/example_dags/example_dag_decorator.py took 0.077 seconds
[2025-02-19T10:23:52.957+0000] {processor.py:186} INFO - Started process (PID=1237) to work on /home/airflow/.local/lib/python3.12/site-packages/airflow/example_dags/example_dag_decorator.py
[2025-02-19T10:23:52.958+0000] {processor.py:914} INFO - Processing file /home/airflow/.local/lib/python3.12/site-packages/airflow/example_dags/example_dag_decorator.py for tasks to queue
[2025-02-19T10:23:52.960+0000] {logging_mixin.py:190} INFO - [2025-02-19T10:23:52.960+0000] {dagbag.py:588} INFO - Filling up the DagBag from /home/airflow/.local/lib/python3.12/site-packages/airflow/example_dags/example_dag_decorator.py
[2025-02-19T10:23:52.972+0000] {processor.py:925} INFO - DAG(s) 'example_dag_decorator' retrieved from /home/airflow/.local/lib/python3.12/site-packages/airflow/example_dags/example_dag_decorator.py
[2025-02-19T10:23:53.084+0000] {logging_mixin.py:190} INFO - [2025-02-19T10:23:53.084+0000] {dag.py:3239} INFO - Sync 1 DAGs
[2025-02-19T10:23:53.094+0000] {logging_mixin.py:190} INFO - [2025-02-19T10:23:53.094+0000] {dag.py:4180} INFO - Setting next_dagrun for example_dag_decorator to None, run_after=None
[2025-02-19T10:23:53.111+0000] {processor.py:208} INFO - Processing /home/airflow/.local/lib/python3.12/site-packages/airflow/example_dags/example_dag_decorator.py took 0.160 seconds
[2025-02-19T10:24:24.102+0000] {processor.py:186} INFO - Started process (PID=1304) to work on /home/airflow/.local/lib/python3.12/site-packages/airflow/example_dags/example_dag_decorator.py
[2025-02-19T10:24:24.103+0000] {processor.py:914} INFO - Processing file /home/airflow/.local/lib/python3.12/site-packages/airflow/example_dags/example_dag_decorator.py for tasks to queue
[2025-02-19T10:24:24.105+0000] {logging_mixin.py:190} INFO - [2025-02-19T10:24:24.105+0000] {dagbag.py:588} INFO - Filling up the DagBag from /home/airflow/.local/lib/python3.12/site-packages/airflow/example_dags/example_dag_decorator.py
[2025-02-19T10:24:24.116+0000] {processor.py:925} INFO - DAG(s) 'example_dag_decorator' retrieved from /home/airflow/.local/lib/python3.12/site-packages/airflow/example_dags/example_dag_decorator.py
[2025-02-19T10:24:24.241+0000] {logging_mixin.py:190} INFO - [2025-02-19T10:24:24.241+0000] {dag.py:3239} INFO - Sync 1 DAGs
[2025-02-19T10:24:24.252+0000] {logging_mixin.py:190} INFO - [2025-02-19T10:24:24.252+0000] {dag.py:4180} INFO - Setting next_dagrun for example_dag_decorator to None, run_after=None
[2025-02-19T10:24:24.272+0000] {processor.py:208} INFO - Processing /home/airflow/.local/lib/python3.12/site-packages/airflow/example_dags/example_dag_decorator.py took 0.175 seconds
[2025-02-19T10:24:54.709+0000] {processor.py:186} INFO - Started process (PID=1371) to work on /home/airflow/.local/lib/python3.12/site-packages/airflow/example_dags/example_dag_decorator.py
[2025-02-19T10:24:54.710+0000] {processor.py:914} INFO - Processing file /home/airflow/.local/lib/python3.12/site-packages/airflow/example_dags/example_dag_decorator.py for tasks to queue
[2025-02-19T10:24:54.712+0000] {logging_mixin.py:190} INFO - [2025-02-19T10:24:54.711+0000] {dagbag.py:588} INFO - Filling up the DagBag from /home/airflow/.local/lib/python3.12/site-packages/airflow/example_dags/example_dag_decorator.py
[2025-02-19T10:24:54.723+0000] {processor.py:925} INFO - DAG(s) 'example_dag_decorator' retrieved from /home/airflow/.local/lib/python3.12/site-packages/airflow/example_dags/example_dag_decorator.py
[2025-02-19T10:24:54.842+0000] {logging_mixin.py:190} INFO - [2025-02-19T10:24:54.842+0000] {dag.py:3239} INFO - Sync 1 DAGs
[2025-02-19T10:24:54.854+0000] {logging_mixin.py:190} INFO - [2025-02-19T10:24:54.854+0000] {dag.py:4180} INFO - Setting next_dagrun for example_dag_decorator to None, run_after=None
[2025-02-19T10:24:54.872+0000] {processor.py:208} INFO - Processing /home/airflow/.local/lib/python3.12/site-packages/airflow/example_dags/example_dag_decorator.py took 0.169 seconds
[2025-02-19T10:25:26.256+0000] {processor.py:186} INFO - Started process (PID=1437) to work on /home/airflow/.local/lib/python3.12/site-packages/airflow/example_dags/example_dag_decorator.py
[2025-02-19T10:25:26.257+0000] {processor.py:914} INFO - Processing file /home/airflow/.local/lib/python3.12/site-packages/airflow/example_dags/example_dag_decorator.py for tasks to queue
[2025-02-19T10:25:26.259+0000] {logging_mixin.py:190} INFO - [2025-02-19T10:25:26.259+0000] {dagbag.py:588} INFO - Filling up the DagBag from /home/airflow/.local/lib/python3.12/site-packages/airflow/example_dags/example_dag_decorator.py
[2025-02-19T10:25:26.275+0000] {processor.py:925} INFO - DAG(s) 'example_dag_decorator' retrieved from /home/airflow/.local/lib/python3.12/site-packages/airflow/example_dags/example_dag_decorator.py
[2025-02-19T10:25:26.451+0000] {logging_mixin.py:190} INFO - [2025-02-19T10:25:26.451+0000] {dag.py:3239} INFO - Sync 1 DAGs
[2025-02-19T10:25:26.466+0000] {logging_mixin.py:190} INFO - [2025-02-19T10:25:26.466+0000] {dag.py:4180} INFO - Setting next_dagrun for example_dag_decorator to None, run_after=None
[2025-02-19T10:25:26.491+0000] {processor.py:208} INFO - Processing /home/airflow/.local/lib/python3.12/site-packages/airflow/example_dags/example_dag_decorator.py took 0.241 seconds
[2025-02-19T10:25:57.115+0000] {processor.py:186} INFO - Started process (PID=1504) to work on /home/airflow/.local/lib/python3.12/site-packages/airflow/example_dags/example_dag_decorator.py
[2025-02-19T10:25:57.116+0000] {processor.py:914} INFO - Processing file /home/airflow/.local/lib/python3.12/site-packages/airflow/example_dags/example_dag_decorator.py for tasks to queue
[2025-02-19T10:25:57.119+0000] {logging_mixin.py:190} INFO - [2025-02-19T10:25:57.118+0000] {dagbag.py:588} INFO - Filling up the DagBag from /home/airflow/.local/lib/python3.12/site-packages/airflow/example_dags/example_dag_decorator.py
[2025-02-19T10:25:57.135+0000] {processor.py:925} INFO - DAG(s) 'example_dag_decorator' retrieved from /home/airflow/.local/lib/python3.12/site-packages/airflow/example_dags/example_dag_decorator.py
[2025-02-19T10:25:57.307+0000] {logging_mixin.py:190} INFO - [2025-02-19T10:25:57.307+0000] {dag.py:3239} INFO - Sync 1 DAGs
[2025-02-19T10:25:57.322+0000] {logging_mixin.py:190} INFO - [2025-02-19T10:25:57.322+0000] {dag.py:4180} INFO - Setting next_dagrun for example_dag_decorator to None, run_after=None
[2025-02-19T10:25:57.342+0000] {processor.py:208} INFO - Processing /home/airflow/.local/lib/python3.12/site-packages/airflow/example_dags/example_dag_decorator.py took 0.237 seconds
[2025-02-19T10:26:28.672+0000] {processor.py:186} INFO - Started process (PID=1571) to work on /home/airflow/.local/lib/python3.12/site-packages/airflow/example_dags/example_dag_decorator.py
[2025-02-19T10:26:28.673+0000] {processor.py:914} INFO - Processing file /home/airflow/.local/lib/python3.12/site-packages/airflow/example_dags/example_dag_decorator.py for tasks to queue
[2025-02-19T10:26:28.677+0000] {logging_mixin.py:190} INFO - [2025-02-19T10:26:28.676+0000] {dagbag.py:588} INFO - Filling up the DagBag from /home/airflow/.local/lib/python3.12/site-packages/airflow/example_dags/example_dag_decorator.py
[2025-02-19T10:26:28.690+0000] {processor.py:925} INFO - DAG(s) 'example_dag_decorator' retrieved from /home/airflow/.local/lib/python3.12/site-packages/airflow/example_dags/example_dag_decorator.py
[2025-02-19T10:26:28.837+0000] {logging_mixin.py:190} INFO - [2025-02-19T10:26:28.837+0000] {dag.py:3239} INFO - Sync 1 DAGs
[2025-02-19T10:26:28.851+0000] {logging_mixin.py:190} INFO - [2025-02-19T10:26:28.850+0000] {dag.py:4180} INFO - Setting next_dagrun for example_dag_decorator to None, run_after=None
[2025-02-19T10:26:28.877+0000] {processor.py:208} INFO - Processing /home/airflow/.local/lib/python3.12/site-packages/airflow/example_dags/example_dag_decorator.py took 0.210 seconds
[2025-02-19T10:27:00.196+0000] {processor.py:186} INFO - Started process (PID=1638) to work on /home/airflow/.local/lib/python3.12/site-packages/airflow/example_dags/example_dag_decorator.py
[2025-02-19T10:27:00.197+0000] {processor.py:914} INFO - Processing file /home/airflow/.local/lib/python3.12/site-packages/airflow/example_dags/example_dag_decorator.py for tasks to queue
[2025-02-19T10:27:00.200+0000] {logging_mixin.py:190} INFO - [2025-02-19T10:27:00.200+0000] {dagbag.py:588} INFO - Filling up the DagBag from /home/airflow/.local/lib/python3.12/site-packages/airflow/example_dags/example_dag_decorator.py
[2025-02-19T10:27:00.214+0000] {processor.py:925} INFO - DAG(s) 'example_dag_decorator' retrieved from /home/airflow/.local/lib/python3.12/site-packages/airflow/example_dags/example_dag_decorator.py
[2025-02-19T10:27:00.344+0000] {logging_mixin.py:190} INFO - [2025-02-19T10:27:00.343+0000] {dag.py:3239} INFO - Sync 1 DAGs
[2025-02-19T10:27:00.359+0000] {logging_mixin.py:190} INFO - [2025-02-19T10:27:00.358+0000] {dag.py:4180} INFO - Setting next_dagrun for example_dag_decorator to None, run_after=None
[2025-02-19T10:27:00.378+0000] {processor.py:208} INFO - Processing /home/airflow/.local/lib/python3.12/site-packages/airflow/example_dags/example_dag_decorator.py took 0.188 seconds
[2025-02-19T10:27:31.637+0000] {processor.py:186} INFO - Started process (PID=1705) to work on /home/airflow/.local/lib/python3.12/site-packages/airflow/example_dags/example_dag_decorator.py
[2025-02-19T10:27:31.638+0000] {processor.py:914} INFO - Processing file /home/airflow/.local/lib/python3.12/site-packages/airflow/example_dags/example_dag_decorator.py for tasks to queue
[2025-02-19T10:27:31.641+0000] {logging_mixin.py:190} INFO - [2025-02-19T10:27:31.640+0000] {dagbag.py:588} INFO - Filling up the DagBag from /home/airflow/.local/lib/python3.12/site-packages/airflow/example_dags/example_dag_decorator.py
[2025-02-19T10:27:31.654+0000] {processor.py:925} INFO - DAG(s) 'example_dag_decorator' retrieved from /home/airflow/.local/lib/python3.12/site-packages/airflow/example_dags/example_dag_decorator.py
[2025-02-19T10:27:31.788+0000] {logging_mixin.py:190} INFO - [2025-02-19T10:27:31.787+0000] {dag.py:3239} INFO - Sync 1 DAGs
[2025-02-19T10:27:31.957+0000] {logging_mixin.py:190} INFO - [2025-02-19T10:27:31.957+0000] {dag.py:4180} INFO - Setting next_dagrun for example_dag_decorator to None, run_after=None
[2025-02-19T10:27:31.974+0000] {processor.py:208} INFO - Processing /home/airflow/.local/lib/python3.12/site-packages/airflow/example_dags/example_dag_decorator.py took 0.342 seconds
[2025-02-19T10:28:02.887+0000] {processor.py:186} INFO - Started process (PID=1772) to work on /home/airflow/.local/lib/python3.12/site-packages/airflow/example_dags/example_dag_decorator.py
[2025-02-19T10:28:02.888+0000] {processor.py:914} INFO - Processing file /home/airflow/.local/lib/python3.12/site-packages/airflow/example_dags/example_dag_decorator.py for tasks to queue
[2025-02-19T10:28:02.890+0000] {logging_mixin.py:190} INFO - [2025-02-19T10:28:02.890+0000] {dagbag.py:588} INFO - Filling up the DagBag from /home/airflow/.local/lib/python3.12/site-packages/airflow/example_dags/example_dag_decorator.py
[2025-02-19T10:28:02.901+0000] {processor.py:925} INFO - DAG(s) 'example_dag_decorator' retrieved from /home/airflow/.local/lib/python3.12/site-packages/airflow/example_dags/example_dag_decorator.py
[2025-02-19T10:28:03.035+0000] {logging_mixin.py:190} INFO - [2025-02-19T10:28:03.035+0000] {dag.py:3239} INFO - Sync 1 DAGs
[2025-02-19T10:28:03.048+0000] {logging_mixin.py:190} INFO - [2025-02-19T10:28:03.047+0000] {dag.py:4180} INFO - Setting next_dagrun for example_dag_decorator to None, run_after=None
[2025-02-19T10:28:03.267+0000] {processor.py:208} INFO - Processing /home/airflow/.local/lib/python3.12/site-packages/airflow/example_dags/example_dag_decorator.py took 0.387 seconds
[2025-02-19T10:28:34.223+0000] {processor.py:186} INFO - Started process (PID=1841) to work on /home/airflow/.local/lib/python3.12/site-packages/airflow/example_dags/example_dag_decorator.py
[2025-02-19T10:28:34.224+0000] {processor.py:914} INFO - Processing file /home/airflow/.local/lib/python3.12/site-packages/airflow/example_dags/example_dag_decorator.py for tasks to queue
[2025-02-19T10:28:34.227+0000] {logging_mixin.py:190} INFO - [2025-02-19T10:28:34.226+0000] {dagbag.py:588} INFO - Filling up the DagBag from /home/airflow/.local/lib/python3.12/site-packages/airflow/example_dags/example_dag_decorator.py
[2025-02-19T10:28:34.241+0000] {processor.py:925} INFO - DAG(s) 'example_dag_decorator' retrieved from /home/airflow/.local/lib/python3.12/site-packages/airflow/example_dags/example_dag_decorator.py
[2025-02-19T10:28:34.366+0000] {logging_mixin.py:190} INFO - [2025-02-19T10:28:34.366+0000] {dag.py:3239} INFO - Sync 1 DAGs
[2025-02-19T10:28:34.380+0000] {logging_mixin.py:190} INFO - [2025-02-19T10:28:34.380+0000] {dag.py:4180} INFO - Setting next_dagrun for example_dag_decorator to None, run_after=None
[2025-02-19T10:28:34.578+0000] {processor.py:208} INFO - Processing /home/airflow/.local/lib/python3.12/site-packages/airflow/example_dags/example_dag_decorator.py took 0.359 seconds
[2025-02-19T10:29:05.802+0000] {processor.py:186} INFO - Started process (PID=1911) to work on /home/airflow/.local/lib/python3.12/site-packages/airflow/example_dags/example_dag_decorator.py
[2025-02-19T10:29:05.803+0000] {processor.py:914} INFO - Processing file /home/airflow/.local/lib/python3.12/site-packages/airflow/example_dags/example_dag_decorator.py for tasks to queue
[2025-02-19T10:29:05.806+0000] {logging_mixin.py:190} INFO - [2025-02-19T10:29:05.805+0000] {dagbag.py:588} INFO - Filling up the DagBag from /home/airflow/.local/lib/python3.12/site-packages/airflow/example_dags/example_dag_decorator.py
[2025-02-19T10:29:05.818+0000] {processor.py:925} INFO - DAG(s) 'example_dag_decorator' retrieved from /home/airflow/.local/lib/python3.12/site-packages/airflow/example_dags/example_dag_decorator.py
[2025-02-19T10:29:05.961+0000] {logging_mixin.py:190} INFO - [2025-02-19T10:29:05.961+0000] {dag.py:3239} INFO - Sync 1 DAGs
[2025-02-19T10:29:05.973+0000] {logging_mixin.py:190} INFO - [2025-02-19T10:29:05.973+0000] {dag.py:4180} INFO - Setting next_dagrun for example_dag_decorator to None, run_after=None
[2025-02-19T10:29:05.998+0000] {processor.py:208} INFO - Processing /home/airflow/.local/lib/python3.12/site-packages/airflow/example_dags/example_dag_decorator.py took 0.201 seconds
[2025-02-19T10:29:37.082+0000] {processor.py:186} INFO - Started process (PID=1983) to work on /home/airflow/.local/lib/python3.12/site-packages/airflow/example_dags/example_dag_decorator.py
[2025-02-19T10:29:37.083+0000] {processor.py:914} INFO - Processing file /home/airflow/.local/lib/python3.12/site-packages/airflow/example_dags/example_dag_decorator.py for tasks to queue
[2025-02-19T10:29:37.085+0000] {logging_mixin.py:190} INFO - [2025-02-19T10:29:37.084+0000] {dagbag.py:588} INFO - Filling up the DagBag from /home/airflow/.local/lib/python3.12/site-packages/airflow/example_dags/example_dag_decorator.py
[2025-02-19T10:29:37.099+0000] {processor.py:925} INFO - DAG(s) 'example_dag_decorator' retrieved from /home/airflow/.local/lib/python3.12/site-packages/airflow/example_dags/example_dag_decorator.py
[2025-02-19T10:29:37.268+0000] {logging_mixin.py:190} INFO - [2025-02-19T10:29:37.268+0000] {dag.py:3239} INFO - Sync 1 DAGs
[2025-02-19T10:29:37.283+0000] {logging_mixin.py:190} INFO - [2025-02-19T10:29:37.283+0000] {dag.py:4180} INFO - Setting next_dagrun for example_dag_decorator to None, run_after=None
[2025-02-19T10:29:37.303+0000] {processor.py:208} INFO - Processing /home/airflow/.local/lib/python3.12/site-packages/airflow/example_dags/example_dag_decorator.py took 0.228 seconds
[2025-02-19T10:30:08.741+0000] {processor.py:186} INFO - Started process (PID=2049) to work on /home/airflow/.local/lib/python3.12/site-packages/airflow/example_dags/example_dag_decorator.py
[2025-02-19T10:30:08.742+0000] {processor.py:914} INFO - Processing file /home/airflow/.local/lib/python3.12/site-packages/airflow/example_dags/example_dag_decorator.py for tasks to queue
[2025-02-19T10:30:08.745+0000] {logging_mixin.py:190} INFO - [2025-02-19T10:30:08.745+0000] {dagbag.py:588} INFO - Filling up the DagBag from /home/airflow/.local/lib/python3.12/site-packages/airflow/example_dags/example_dag_decorator.py
[2025-02-19T10:30:08.766+0000] {processor.py:925} INFO - DAG(s) 'example_dag_decorator' retrieved from /home/airflow/.local/lib/python3.12/site-packages/airflow/example_dags/example_dag_decorator.py
[2025-02-19T10:30:09.029+0000] {logging_mixin.py:190} INFO - [2025-02-19T10:30:09.028+0000] {dag.py:3239} INFO - Sync 1 DAGs
[2025-02-19T10:30:09.047+0000] {logging_mixin.py:190} INFO - [2025-02-19T10:30:09.047+0000] {dag.py:4180} INFO - Setting next_dagrun for example_dag_decorator to None, run_after=None
[2025-02-19T10:30:09.076+0000] {processor.py:208} INFO - Processing /home/airflow/.local/lib/python3.12/site-packages/airflow/example_dags/example_dag_decorator.py took 0.345 seconds
[2025-02-19T10:30:39.425+0000] {processor.py:186} INFO - Started process (PID=2111) to work on /home/airflow/.local/lib/python3.12/site-packages/airflow/example_dags/example_dag_decorator.py
[2025-02-19T10:30:39.427+0000] {processor.py:914} INFO - Processing file /home/airflow/.local/lib/python3.12/site-packages/airflow/example_dags/example_dag_decorator.py for tasks to queue
[2025-02-19T10:30:39.430+0000] {logging_mixin.py:190} INFO - [2025-02-19T10:30:39.430+0000] {dagbag.py:588} INFO - Filling up the DagBag from /home/airflow/.local/lib/python3.12/site-packages/airflow/example_dags/example_dag_decorator.py
[2025-02-19T10:30:39.442+0000] {processor.py:925} INFO - DAG(s) 'example_dag_decorator' retrieved from /home/airflow/.local/lib/python3.12/site-packages/airflow/example_dags/example_dag_decorator.py
[2025-02-19T10:30:39.808+0000] {logging_mixin.py:190} INFO - [2025-02-19T10:30:39.808+0000] {dag.py:3239} INFO - Sync 1 DAGs
[2025-02-19T10:30:39.824+0000] {logging_mixin.py:190} INFO - [2025-02-19T10:30:39.824+0000] {dag.py:4180} INFO - Setting next_dagrun for example_dag_decorator to None, run_after=None
[2025-02-19T10:30:39.856+0000] {processor.py:208} INFO - Processing /home/airflow/.local/lib/python3.12/site-packages/airflow/example_dags/example_dag_decorator.py took 0.436 seconds
[2025-02-19T10:31:10.628+0000] {processor.py:186} INFO - Started process (PID=2179) to work on /home/airflow/.local/lib/python3.12/site-packages/airflow/example_dags/example_dag_decorator.py
[2025-02-19T10:31:10.628+0000] {processor.py:914} INFO - Processing file /home/airflow/.local/lib/python3.12/site-packages/airflow/example_dags/example_dag_decorator.py for tasks to queue
[2025-02-19T10:31:10.631+0000] {logging_mixin.py:190} INFO - [2025-02-19T10:31:10.630+0000] {dagbag.py:588} INFO - Filling up the DagBag from /home/airflow/.local/lib/python3.12/site-packages/airflow/example_dags/example_dag_decorator.py
[2025-02-19T10:31:10.645+0000] {processor.py:925} INFO - DAG(s) 'example_dag_decorator' retrieved from /home/airflow/.local/lib/python3.12/site-packages/airflow/example_dags/example_dag_decorator.py
[2025-02-19T10:31:11.048+0000] {logging_mixin.py:190} INFO - [2025-02-19T10:31:11.047+0000] {dag.py:3239} INFO - Sync 1 DAGs
[2025-02-19T10:31:11.061+0000] {logging_mixin.py:190} INFO - [2025-02-19T10:31:11.061+0000] {dag.py:4180} INFO - Setting next_dagrun for example_dag_decorator to None, run_after=None
[2025-02-19T10:31:11.086+0000] {processor.py:208} INFO - Processing /home/airflow/.local/lib/python3.12/site-packages/airflow/example_dags/example_dag_decorator.py took 0.464 seconds
[2025-02-19T10:31:41.908+0000] {processor.py:186} INFO - Started process (PID=2252) to work on /home/airflow/.local/lib/python3.12/site-packages/airflow/example_dags/example_dag_decorator.py
[2025-02-19T10:31:41.909+0000] {processor.py:914} INFO - Processing file /home/airflow/.local/lib/python3.12/site-packages/airflow/example_dags/example_dag_decorator.py for tasks to queue
[2025-02-19T10:31:41.912+0000] {logging_mixin.py:190} INFO - [2025-02-19T10:31:41.912+0000] {dagbag.py:588} INFO - Filling up the DagBag from /home/airflow/.local/lib/python3.12/site-packages/airflow/example_dags/example_dag_decorator.py
[2025-02-19T10:31:41.932+0000] {processor.py:925} INFO - DAG(s) 'example_dag_decorator' retrieved from /home/airflow/.local/lib/python3.12/site-packages/airflow/example_dags/example_dag_decorator.py
[2025-02-19T10:31:42.449+0000] {logging_mixin.py:190} INFO - [2025-02-19T10:31:42.449+0000] {dag.py:3239} INFO - Sync 1 DAGs
[2025-02-19T10:31:42.460+0000] {logging_mixin.py:190} INFO - [2025-02-19T10:31:42.459+0000] {dag.py:4180} INFO - Setting next_dagrun for example_dag_decorator to None, run_after=None
[2025-02-19T10:31:42.487+0000] {processor.py:208} INFO - Processing /home/airflow/.local/lib/python3.12/site-packages/airflow/example_dags/example_dag_decorator.py took 0.590 seconds
[2025-02-19T10:32:13.609+0000] {processor.py:186} INFO - Started process (PID=2323) to work on /home/airflow/.local/lib/python3.12/site-packages/airflow/example_dags/example_dag_decorator.py
[2025-02-19T10:32:13.611+0000] {processor.py:914} INFO - Processing file /home/airflow/.local/lib/python3.12/site-packages/airflow/example_dags/example_dag_decorator.py for tasks to queue
[2025-02-19T10:32:13.614+0000] {logging_mixin.py:190} INFO - [2025-02-19T10:32:13.613+0000] {dagbag.py:588} INFO - Filling up the DagBag from /home/airflow/.local/lib/python3.12/site-packages/airflow/example_dags/example_dag_decorator.py
[2025-02-19T10:32:13.630+0000] {processor.py:925} INFO - DAG(s) 'example_dag_decorator' retrieved from /home/airflow/.local/lib/python3.12/site-packages/airflow/example_dags/example_dag_decorator.py
[2025-02-19T10:32:13.838+0000] {logging_mixin.py:190} INFO - [2025-02-19T10:32:13.838+0000] {dag.py:3239} INFO - Sync 1 DAGs
[2025-02-19T10:32:14.064+0000] {logging_mixin.py:190} INFO - [2025-02-19T10:32:14.064+0000] {dag.py:4180} INFO - Setting next_dagrun for example_dag_decorator to None, run_after=None
[2025-02-19T10:32:14.088+0000] {processor.py:208} INFO - Processing /home/airflow/.local/lib/python3.12/site-packages/airflow/example_dags/example_dag_decorator.py took 0.487 seconds
[2025-02-19T10:32:45.297+0000] {processor.py:186} INFO - Started process (PID=2390) to work on /home/airflow/.local/lib/python3.12/site-packages/airflow/example_dags/example_dag_decorator.py
[2025-02-19T10:32:45.298+0000] {processor.py:914} INFO - Processing file /home/airflow/.local/lib/python3.12/site-packages/airflow/example_dags/example_dag_decorator.py for tasks to queue
[2025-02-19T10:32:45.300+0000] {logging_mixin.py:190} INFO - [2025-02-19T10:32:45.300+0000] {dagbag.py:588} INFO - Filling up the DagBag from /home/airflow/.local/lib/python3.12/site-packages/airflow/example_dags/example_dag_decorator.py
[2025-02-19T10:32:45.316+0000] {processor.py:925} INFO - DAG(s) 'example_dag_decorator' retrieved from /home/airflow/.local/lib/python3.12/site-packages/airflow/example_dags/example_dag_decorator.py
[2025-02-19T10:32:45.713+0000] {logging_mixin.py:190} INFO - [2025-02-19T10:32:45.713+0000] {dag.py:3239} INFO - Sync 1 DAGs
[2025-02-19T10:32:45.725+0000] {logging_mixin.py:190} INFO - [2025-02-19T10:32:45.725+0000] {dag.py:4180} INFO - Setting next_dagrun for example_dag_decorator to None, run_after=None
[2025-02-19T10:32:45.746+0000] {processor.py:208} INFO - Processing /home/airflow/.local/lib/python3.12/site-packages/airflow/example_dags/example_dag_decorator.py took 0.456 seconds
[2025-02-19T10:33:16.429+0000] {processor.py:186} INFO - Started process (PID=2459) to work on /home/airflow/.local/lib/python3.12/site-packages/airflow/example_dags/example_dag_decorator.py
[2025-02-19T10:33:16.430+0000] {processor.py:914} INFO - Processing file /home/airflow/.local/lib/python3.12/site-packages/airflow/example_dags/example_dag_decorator.py for tasks to queue
[2025-02-19T10:33:16.432+0000] {logging_mixin.py:190} INFO - [2025-02-19T10:33:16.432+0000] {dagbag.py:588} INFO - Filling up the DagBag from /home/airflow/.local/lib/python3.12/site-packages/airflow/example_dags/example_dag_decorator.py
[2025-02-19T10:33:16.445+0000] {processor.py:925} INFO - DAG(s) 'example_dag_decorator' retrieved from /home/airflow/.local/lib/python3.12/site-packages/airflow/example_dags/example_dag_decorator.py
[2025-02-19T10:33:16.759+0000] {logging_mixin.py:190} INFO - [2025-02-19T10:33:16.758+0000] {dag.py:3239} INFO - Sync 1 DAGs
[2025-02-19T10:33:16.773+0000] {logging_mixin.py:190} INFO - [2025-02-19T10:33:16.772+0000] {dag.py:4180} INFO - Setting next_dagrun for example_dag_decorator to None, run_after=None
[2025-02-19T10:33:16.800+0000] {processor.py:208} INFO - Processing /home/airflow/.local/lib/python3.12/site-packages/airflow/example_dags/example_dag_decorator.py took 0.376 seconds
[2025-02-19T10:33:47.457+0000] {processor.py:186} INFO - Started process (PID=2526) to work on /home/airflow/.local/lib/python3.12/site-packages/airflow/example_dags/example_dag_decorator.py
[2025-02-19T10:33:47.458+0000] {processor.py:914} INFO - Processing file /home/airflow/.local/lib/python3.12/site-packages/airflow/example_dags/example_dag_decorator.py for tasks to queue
[2025-02-19T10:33:47.460+0000] {logging_mixin.py:190} INFO - [2025-02-19T10:33:47.460+0000] {dagbag.py:588} INFO - Filling up the DagBag from /home/airflow/.local/lib/python3.12/site-packages/airflow/example_dags/example_dag_decorator.py
[2025-02-19T10:33:47.472+0000] {processor.py:925} INFO - DAG(s) 'example_dag_decorator' retrieved from /home/airflow/.local/lib/python3.12/site-packages/airflow/example_dags/example_dag_decorator.py
[2025-02-19T10:33:47.800+0000] {logging_mixin.py:190} INFO - [2025-02-19T10:33:47.800+0000] {dag.py:3239} INFO - Sync 1 DAGs
[2025-02-19T10:33:47.810+0000] {logging_mixin.py:190} INFO - [2025-02-19T10:33:47.810+0000] {dag.py:4180} INFO - Setting next_dagrun for example_dag_decorator to None, run_after=None
[2025-02-19T10:33:47.826+0000] {processor.py:208} INFO - Processing /home/airflow/.local/lib/python3.12/site-packages/airflow/example_dags/example_dag_decorator.py took 0.375 seconds
[2025-02-19T10:34:18.407+0000] {processor.py:186} INFO - Started process (PID=2593) to work on /home/airflow/.local/lib/python3.12/site-packages/airflow/example_dags/example_dag_decorator.py
[2025-02-19T10:34:18.408+0000] {processor.py:914} INFO - Processing file /home/airflow/.local/lib/python3.12/site-packages/airflow/example_dags/example_dag_decorator.py for tasks to queue
[2025-02-19T10:34:18.410+0000] {logging_mixin.py:190} INFO - [2025-02-19T10:34:18.410+0000] {dagbag.py:588} INFO - Filling up the DagBag from /home/airflow/.local/lib/python3.12/site-packages/airflow/example_dags/example_dag_decorator.py
[2025-02-19T10:34:18.420+0000] {processor.py:925} INFO - DAG(s) 'example_dag_decorator' retrieved from /home/airflow/.local/lib/python3.12/site-packages/airflow/example_dags/example_dag_decorator.py
[2025-02-19T10:34:18.679+0000] {logging_mixin.py:190} INFO - [2025-02-19T10:34:18.678+0000] {dag.py:3239} INFO - Sync 1 DAGs
[2025-02-19T10:34:18.689+0000] {logging_mixin.py:190} INFO - [2025-02-19T10:34:18.689+0000] {dag.py:4180} INFO - Setting next_dagrun for example_dag_decorator to None, run_after=None
[2025-02-19T10:34:18.713+0000] {processor.py:208} INFO - Processing /home/airflow/.local/lib/python3.12/site-packages/airflow/example_dags/example_dag_decorator.py took 0.310 seconds
[2025-02-19T10:34:48.892+0000] {processor.py:186} INFO - Started process (PID=2659) to work on /home/airflow/.local/lib/python3.12/site-packages/airflow/example_dags/example_dag_decorator.py
[2025-02-19T10:34:48.892+0000] {processor.py:914} INFO - Processing file /home/airflow/.local/lib/python3.12/site-packages/airflow/example_dags/example_dag_decorator.py for tasks to queue
[2025-02-19T10:34:48.894+0000] {logging_mixin.py:190} INFO - [2025-02-19T10:34:48.894+0000] {dagbag.py:588} INFO - Filling up the DagBag from /home/airflow/.local/lib/python3.12/site-packages/airflow/example_dags/example_dag_decorator.py
[2025-02-19T10:34:48.905+0000] {processor.py:925} INFO - DAG(s) 'example_dag_decorator' retrieved from /home/airflow/.local/lib/python3.12/site-packages/airflow/example_dags/example_dag_decorator.py
[2025-02-19T10:34:49.028+0000] {logging_mixin.py:190} INFO - [2025-02-19T10:34:49.028+0000] {dag.py:3239} INFO - Sync 1 DAGs
[2025-02-19T10:34:49.040+0000] {logging_mixin.py:190} INFO - [2025-02-19T10:34:49.039+0000] {dag.py:4180} INFO - Setting next_dagrun for example_dag_decorator to None, run_after=None
[2025-02-19T10:34:49.059+0000] {processor.py:208} INFO - Processing /home/airflow/.local/lib/python3.12/site-packages/airflow/example_dags/example_dag_decorator.py took 0.172 seconds
[2025-02-19T10:35:19.450+0000] {processor.py:186} INFO - Started process (PID=2726) to work on /home/airflow/.local/lib/python3.12/site-packages/airflow/example_dags/example_dag_decorator.py
[2025-02-19T10:35:19.451+0000] {processor.py:914} INFO - Processing file /home/airflow/.local/lib/python3.12/site-packages/airflow/example_dags/example_dag_decorator.py for tasks to queue
[2025-02-19T10:35:19.453+0000] {logging_mixin.py:190} INFO - [2025-02-19T10:35:19.453+0000] {dagbag.py:588} INFO - Filling up the DagBag from /home/airflow/.local/lib/python3.12/site-packages/airflow/example_dags/example_dag_decorator.py
[2025-02-19T10:35:19.465+0000] {processor.py:925} INFO - DAG(s) 'example_dag_decorator' retrieved from /home/airflow/.local/lib/python3.12/site-packages/airflow/example_dags/example_dag_decorator.py
[2025-02-19T10:35:19.601+0000] {logging_mixin.py:190} INFO - [2025-02-19T10:35:19.601+0000] {dag.py:3239} INFO - Sync 1 DAGs
[2025-02-19T10:35:19.613+0000] {logging_mixin.py:190} INFO - [2025-02-19T10:35:19.613+0000] {dag.py:4180} INFO - Setting next_dagrun for example_dag_decorator to None, run_after=None
[2025-02-19T10:35:19.632+0000] {processor.py:208} INFO - Processing /home/airflow/.local/lib/python3.12/site-packages/airflow/example_dags/example_dag_decorator.py took 0.187 seconds
[2025-02-19T10:35:50.262+0000] {processor.py:186} INFO - Started process (PID=2793) to work on /home/airflow/.local/lib/python3.12/site-packages/airflow/example_dags/example_dag_decorator.py
[2025-02-19T10:35:50.263+0000] {processor.py:914} INFO - Processing file /home/airflow/.local/lib/python3.12/site-packages/airflow/example_dags/example_dag_decorator.py for tasks to queue
[2025-02-19T10:35:50.266+0000] {logging_mixin.py:190} INFO - [2025-02-19T10:35:50.266+0000] {dagbag.py:588} INFO - Filling up the DagBag from /home/airflow/.local/lib/python3.12/site-packages/airflow/example_dags/example_dag_decorator.py
[2025-02-19T10:35:50.281+0000] {processor.py:925} INFO - DAG(s) 'example_dag_decorator' retrieved from /home/airflow/.local/lib/python3.12/site-packages/airflow/example_dags/example_dag_decorator.py
[2025-02-19T10:35:50.430+0000] {logging_mixin.py:190} INFO - [2025-02-19T10:35:50.430+0000] {dag.py:3239} INFO - Sync 1 DAGs
[2025-02-19T10:35:50.448+0000] {logging_mixin.py:190} INFO - [2025-02-19T10:35:50.447+0000] {dag.py:4180} INFO - Setting next_dagrun for example_dag_decorator to None, run_after=None
[2025-02-19T10:35:50.469+0000] {processor.py:208} INFO - Processing /home/airflow/.local/lib/python3.12/site-packages/airflow/example_dags/example_dag_decorator.py took 0.215 seconds
[2025-02-19T10:36:21.455+0000] {processor.py:186} INFO - Started process (PID=2861) to work on /home/airflow/.local/lib/python3.12/site-packages/airflow/example_dags/example_dag_decorator.py
[2025-02-19T10:36:21.456+0000] {processor.py:914} INFO - Processing file /home/airflow/.local/lib/python3.12/site-packages/airflow/example_dags/example_dag_decorator.py for tasks to queue
[2025-02-19T10:36:21.460+0000] {logging_mixin.py:190} INFO - [2025-02-19T10:36:21.459+0000] {dagbag.py:588} INFO - Filling up the DagBag from /home/airflow/.local/lib/python3.12/site-packages/airflow/example_dags/example_dag_decorator.py
[2025-02-19T10:36:21.480+0000] {processor.py:925} INFO - DAG(s) 'example_dag_decorator' retrieved from /home/airflow/.local/lib/python3.12/site-packages/airflow/example_dags/example_dag_decorator.py
[2025-02-19T10:36:21.701+0000] {logging_mixin.py:190} INFO - [2025-02-19T10:36:21.701+0000] {dag.py:3239} INFO - Sync 1 DAGs
[2025-02-19T10:36:21.719+0000] {logging_mixin.py:190} INFO - [2025-02-19T10:36:21.718+0000] {dag.py:4180} INFO - Setting next_dagrun for example_dag_decorator to None, run_after=None
[2025-02-19T10:36:21.744+0000] {processor.py:208} INFO - Processing /home/airflow/.local/lib/python3.12/site-packages/airflow/example_dags/example_dag_decorator.py took 0.299 seconds
[2025-02-19T10:36:51.932+0000] {processor.py:186} INFO - Started process (PID=2928) to work on /home/airflow/.local/lib/python3.12/site-packages/airflow/example_dags/example_dag_decorator.py
[2025-02-19T10:36:51.933+0000] {processor.py:914} INFO - Processing file /home/airflow/.local/lib/python3.12/site-packages/airflow/example_dags/example_dag_decorator.py for tasks to queue
[2025-02-19T10:36:51.935+0000] {logging_mixin.py:190} INFO - [2025-02-19T10:36:51.935+0000] {dagbag.py:588} INFO - Filling up the DagBag from /home/airflow/.local/lib/python3.12/site-packages/airflow/example_dags/example_dag_decorator.py
[2025-02-19T10:36:51.948+0000] {processor.py:925} INFO - DAG(s) 'example_dag_decorator' retrieved from /home/airflow/.local/lib/python3.12/site-packages/airflow/example_dags/example_dag_decorator.py
[2025-02-19T10:36:52.121+0000] {logging_mixin.py:190} INFO - [2025-02-19T10:36:52.121+0000] {dag.py:3239} INFO - Sync 1 DAGs
[2025-02-19T10:36:52.131+0000] {logging_mixin.py:190} INFO - [2025-02-19T10:36:52.131+0000] {dag.py:4180} INFO - Setting next_dagrun for example_dag_decorator to None, run_after=None
[2025-02-19T10:36:52.148+0000] {processor.py:208} INFO - Processing /home/airflow/.local/lib/python3.12/site-packages/airflow/example_dags/example_dag_decorator.py took 0.222 seconds
[2025-02-19T10:37:22.994+0000] {processor.py:186} INFO - Started process (PID=2994) to work on /home/airflow/.local/lib/python3.12/site-packages/airflow/example_dags/example_dag_decorator.py
[2025-02-19T10:37:22.996+0000] {processor.py:914} INFO - Processing file /home/airflow/.local/lib/python3.12/site-packages/airflow/example_dags/example_dag_decorator.py for tasks to queue
[2025-02-19T10:37:22.998+0000] {logging_mixin.py:190} INFO - [2025-02-19T10:37:22.998+0000] {dagbag.py:588} INFO - Filling up the DagBag from /home/airflow/.local/lib/python3.12/site-packages/airflow/example_dags/example_dag_decorator.py
[2025-02-19T10:37:23.014+0000] {processor.py:925} INFO - DAG(s) 'example_dag_decorator' retrieved from /home/airflow/.local/lib/python3.12/site-packages/airflow/example_dags/example_dag_decorator.py
[2025-02-19T10:37:23.183+0000] {logging_mixin.py:190} INFO - [2025-02-19T10:37:23.183+0000] {dag.py:3239} INFO - Sync 1 DAGs
[2025-02-19T10:37:23.201+0000] {logging_mixin.py:190} INFO - [2025-02-19T10:37:23.200+0000] {dag.py:4180} INFO - Setting next_dagrun for example_dag_decorator to None, run_after=None
[2025-02-19T10:37:23.227+0000] {processor.py:208} INFO - Processing /home/airflow/.local/lib/python3.12/site-packages/airflow/example_dags/example_dag_decorator.py took 0.241 seconds
